CRITICAL - 2023-08-04 04:50:54 --> You should provide a barcode string.
in FCPATH\vendor\picqer\php-barcode-generator\src\Types\TypeCode128.php on line 136.
 1 FCPATH\vendor\picqer\php-barcode-generator\src\BarcodeGenerator.php(103): Picqer\Barcode\Types\TypeCode128->getBarcodeData('C:\\xampp\\htdocs\\SpriteGenix_app')
 2 FCPATH\vendor\picqer\php-barcode-generator\src\BarcodeGeneratorPNG.php(54): Picqer\Barcode\BarcodeGenerator->getBarcodeData('C:\\xampp\\htdocs\\SpriteGenix_app', 'C128')
 3 APPPATH\Controllers\Generate_barcode.php(81): Picqer\Barcode\BarcodeGeneratorPNG->getBarcode('C:\\xampp\\htdocs\\SpriteGenix_app', 'C128')
 4 SYSTEMPATH\CodeIgniter.php(934): App\Controllers\Generate_barcode->index()
 5 SYSTEMPATH\CodeIgniter.php(499): CodeIgniter\CodeIgniter->runController(Object(App\Controllers\Generate_barcode))
 6 SYSTEMPATH\CodeIgniter.php(368): CodeIgniter\CodeIgniter->handleRequest(null, Object(Config\Cache), false)
 7 FCPATH\index.php(67): CodeIgniter\CodeIgniter->run()
CRITICAL - 2023-08-04 04:51:15 --> You should provide a barcode string.
in FCPATH\vendor\picqer\php-barcode-generator\src\Types\TypeCode128.php on line 136.
 1 FCPATH\vendor\picqer\php-barcode-generator\src\BarcodeGenerator.php(103): Picqer\Barcode\Types\TypeCode128->getBarcodeData('C:\\xampp\\htdocs\\SpriteGenix_app')
 2 FCPATH\vendor\picqer\php-barcode-generator\src\BarcodeGeneratorPNG.php(54): Picqer\Barcode\BarcodeGenerator->getBarcodeData('C:\\xampp\\htdocs\\SpriteGenix_app', 'C128')
 3 APPPATH\Controllers\Generate_barcode.php(81): Picqer\Barcode\BarcodeGeneratorPNG->getBarcode('C:\\xampp\\htdocs\\SpriteGenix_app', 'C128')
 4 SYSTEMPATH\CodeIgniter.php(934): App\Controllers\Generate_barcode->index()
 5 SYSTEMPATH\CodeIgniter.php(499): CodeIgniter\CodeIgniter->runController(Object(App\Controllers\Generate_barcode))
 6 SYSTEMPATH\CodeIgniter.php(368): CodeIgniter\CodeIgniter->handleRequest(null, Object(Config\Cache), false)
 7 FCPATH\index.php(67): CodeIgniter\CodeIgniter->run()
CRITICAL - 2023-08-04 04:51:35 --> You should provide a barcode string.
in FCPATH\vendor\picqer\php-barcode-generator\src\Types\TypeCode128.php on line 136.
 1 FCPATH\vendor\picqer\php-barcode-generator\src\BarcodeGenerator.php(103): Picqer\Barcode\Types\TypeCode128->getBarcodeData('C:\\xampp\\htdocs\\SpriteGenix_app')
 2 FCPATH\vendor\picqer\php-barcode-generator\src\BarcodeGeneratorPNG.php(54): Picqer\Barcode\BarcodeGenerator->getBarcodeData('C:\\xampp\\htdocs\\SpriteGenix_app', 'C128')
 3 APPPATH\Controllers\Generate_barcode.php(81): Picqer\Barcode\BarcodeGeneratorPNG->getBarcode('C:\\xampp\\htdocs\\SpriteGenix_app', 'C128')
 4 SYSTEMPATH\CodeIgniter.php(934): App\Controllers\Generate_barcode->index()
 5 SYSTEMPATH\CodeIgniter.php(499): CodeIgniter\CodeIgniter->runController(Object(App\Controllers\Generate_barcode))
 6 SYSTEMPATH\CodeIgniter.php(368): CodeIgniter\CodeIgniter->handleRequest(null, Object(Config\Cache), false)
 7 FCPATH\index.php(67): CodeIgniter\CodeIgniter->run()
CRITICAL - 2023-08-04 04:51:42 --> You should provide a barcode string.
in FCPATH\vendor\picqer\php-barcode-generator\src\Types\TypeCode128.php on line 136.
 1 FCPATH\vendor\picqer\php-barcode-generator\src\BarcodeGenerator.php(103): Picqer\Barcode\Types\TypeCode128->getBarcodeData('C:\\xampp\\htdocs\\SpriteGenix_app')
 2 FCPATH\vendor\picqer\php-barcode-generator\src\BarcodeGeneratorPNG.php(54): Picqer\Barcode\BarcodeGenerator->getBarcodeData('C:\\xampp\\htdocs\\SpriteGenix_app', 'C128')
 3 APPPATH\Controllers\Generate_barcode.php(81): Picqer\Barcode\BarcodeGeneratorPNG->getBarcode('C:\\xampp\\htdocs\\SpriteGenix_app', 'C128')
 4 SYSTEMPATH\CodeIgniter.php(934): App\Controllers\Generate_barcode->index()
 5 SYSTEMPATH\CodeIgniter.php(499): CodeIgniter\CodeIgniter->runController(Object(App\Controllers\Generate_barcode))
 6 SYSTEMPATH\CodeIgniter.php(368): CodeIgniter\CodeIgniter->handleRequest(null, Object(Config\Cache), false)
 7 FCPATH\index.php(67): CodeIgniter\CodeIgniter->run()
CRITICAL - 2023-08-04 04:53:50 --> You should provide a barcode string.
in FCPATH\vendor\picqer\php-barcode-generator\src\Types\TypeCode128.php on line 136.
 1 FCPATH\vendor\picqer\php-barcode-generator\src\BarcodeGenerator.php(103): Picqer\Barcode\Types\TypeCode128->getBarcodeData('C:\\xampp\\htdocs\\SpriteGenix_app')
 2 FCPATH\vendor\picqer\php-barcode-generator\src\BarcodeGeneratorPNG.php(54): Picqer\Barcode\BarcodeGenerator->getBarcodeData('C:\\xampp\\htdocs\\SpriteGenix_app', 'C128')
 3 APPPATH\Controllers\Generate_barcode.php(81): Picqer\Barcode\BarcodeGeneratorPNG->getBarcode('C:\\xampp\\htdocs\\SpriteGenix_app', 'C128')
 4 SYSTEMPATH\CodeIgniter.php(934): App\Controllers\Generate_barcode->index()
 5 SYSTEMPATH\CodeIgniter.php(499): CodeIgniter\CodeIgniter->runController(Object(App\Controllers\Generate_barcode))
 6 SYSTEMPATH\CodeIgniter.php(368): CodeIgniter\CodeIgniter->handleRequest(null, Object(Config\Cache), false)
 7 FCPATH\index.php(67): CodeIgniter\CodeIgniter->run()
CRITICAL - 2023-08-04 05:04:53 --> You should provide a barcode string.
in FCPATH\vendor\picqer\php-barcode-generator\src\Types\TypeCode128.php on line 136.
 1 FCPATH\vendor\picqer\php-barcode-generator\src\BarcodeGenerator.php(103): Picqer\Barcode\Types\TypeCode128->getBarcodeData('C:\\xampp\\htdocs\\SpriteGenix_app')
 2 FCPATH\vendor\picqer\php-barcode-generator\src\BarcodeGeneratorPNG.php(54): Picqer\Barcode\BarcodeGenerator->getBarcodeData('C:\\xampp\\htdocs\\SpriteGenix_app', 'C128')
 3 APPPATH\Controllers\Generate_barcode.php(81): Picqer\Barcode\BarcodeGeneratorPNG->getBarcode('C:\\xampp\\htdocs\\SpriteGenix_app', 'C128')
 4 SYSTEMPATH\CodeIgniter.php(934): App\Controllers\Generate_barcode->index()
 5 SYSTEMPATH\CodeIgniter.php(499): CodeIgniter\CodeIgniter->runController(Object(App\Controllers\Generate_barcode))
 6 SYSTEMPATH\CodeIgniter.php(368): CodeIgniter\CodeIgniter->handleRequest(null, Object(Config\Cache), false)
 7 FCPATH\index.php(67): CodeIgniter\CodeIgniter->run()
CRITICAL - 2023-08-04 05:13:49 --> You should provide a barcode string.
in FCPATH\vendor\picqer\php-barcode-generator\src\Types\TypeCode128.php on line 136.
 1 FCPATH\vendor\picqer\php-barcode-generator\src\BarcodeGenerator.php(103): Picqer\Barcode\Types\TypeCode128->getBarcodeData('C:\\xampp\\htdocs\\SpriteGenix_app')
 2 FCPATH\vendor\picqer\php-barcode-generator\src\BarcodeGeneratorPNG.php(54): Picqer\Barcode\BarcodeGenerator->getBarcodeData('C:\\xampp\\htdocs\\SpriteGenix_app', 'C128')
 3 APPPATH\Controllers\Generate_barcode.php(81): Picqer\Barcode\BarcodeGeneratorPNG->getBarcode('C:\\xampp\\htdocs\\SpriteGenix_app', 'C128')
 4 SYSTEMPATH\CodeIgniter.php(934): App\Controllers\Generate_barcode->index()
 5 SYSTEMPATH\CodeIgniter.php(499): CodeIgniter\CodeIgniter->runController(Object(App\Controllers\Generate_barcode))
 6 SYSTEMPATH\CodeIgniter.php(368): CodeIgniter\CodeIgniter->handleRequest(null, Object(Config\Cache), false)
 7 FCPATH\index.php(67): CodeIgniter\CodeIgniter->run()
CRITICAL - 2023-08-04 05:37:53 --> Trying to access array offset on value of type null
in APPPATH\Helpers\apanel_helper.php on line 4791.
 1 APPPATH\Helpers\apanel_helper.php(4791): CodeIgniter\Debug\Exceptions->errorHandler(2, 'Trying to access array offset on value of type null', 'APPPATH\\Helpers\\apanel_helper.php', 4791)
 2 APPPATH\Controllers\Reports_selector.php(39): company('6100')
 3 SYSTEMPATH\CodeIgniter.php(934): App\Controllers\Reports_selector->index()
 4 SYSTEMPATH\CodeIgniter.php(499): CodeIgniter\CodeIgniter->runController(Object(App\Controllers\Reports_selector))
 5 SYSTEMPATH\CodeIgniter.php(368): CodeIgniter\CodeIgniter->handleRequest(null, Object(Config\Cache), false)
 6 FCPATH\index.php(67): CodeIgniter\CodeIgniter->run()
CRITICAL - 2023-08-04 05:45:41 --> You should provide a barcode string.
in FCPATH\vendor\picqer\php-barcode-generator\src\Types\TypeCode128.php on line 136.
 1 FCPATH\vendor\picqer\php-barcode-generator\src\BarcodeGenerator.php(103): Picqer\Barcode\Types\TypeCode128->getBarcodeData('C:\\xampp\\htdocs\\SpriteGenix_app')
 2 FCPATH\vendor\picqer\php-barcode-generator\src\BarcodeGeneratorPNG.php(54): Picqer\Barcode\BarcodeGenerator->getBarcodeData('C:\\xampp\\htdocs\\SpriteGenix_app', 'C128')
 3 APPPATH\Controllers\Generate_barcode.php(81): Picqer\Barcode\BarcodeGeneratorPNG->getBarcode('C:\\xampp\\htdocs\\SpriteGenix_app', 'C128')
 4 SYSTEMPATH\CodeIgniter.php(934): App\Controllers\Generate_barcode->index()
 5 SYSTEMPATH\CodeIgniter.php(499): CodeIgniter\CodeIgniter->runController(Object(App\Controllers\Generate_barcode))
 6 SYSTEMPATH\CodeIgniter.php(368): CodeIgniter\CodeIgniter->handleRequest(null, Object(Config\Cache), false)
 7 FCPATH\index.php(67): CodeIgniter\CodeIgniter->run()
CRITICAL - 2023-08-04 07:15:15 --> You should provide a barcode string.
in FCPATH\vendor\picqer\php-barcode-generator\src\Types\TypeCode128.php on line 136.
 1 FCPATH\vendor\picqer\php-barcode-generator\src\BarcodeGenerator.php(103): Picqer\Barcode\Types\TypeCode128->getBarcodeData('C:\\xampp\\htdocs\\SpriteGenix_app')
 2 FCPATH\vendor\picqer\php-barcode-generator\src\BarcodeGeneratorPNG.php(54): Picqer\Barcode\BarcodeGenerator->getBarcodeData('C:\\xampp\\htdocs\\SpriteGenix_app', 'C128')
 3 APPPATH\Controllers\Generate_barcode.php(81): Picqer\Barcode\BarcodeGeneratorPNG->getBarcode('C:\\xampp\\htdocs\\SpriteGenix_app', 'C128')
 4 SYSTEMPATH\CodeIgniter.php(934): App\Controllers\Generate_barcode->index()
 5 SYSTEMPATH\CodeIgniter.php(499): CodeIgniter\CodeIgniter->runController(Object(App\Controllers\Generate_barcode))
 6 SYSTEMPATH\CodeIgniter.php(368): CodeIgniter\CodeIgniter->handleRequest(null, Object(Config\Cache), false)
 7 FCPATH\index.php(67): CodeIgniter\CodeIgniter->run()
CRITICAL - 2023-08-04 07:19:14 --> You should provide a barcode string.
in FCPATH\vendor\picqer\php-barcode-generator\src\Types\TypeCode128.php on line 136.
 1 FCPATH\vendor\picqer\php-barcode-generator\src\BarcodeGenerator.php(103): Picqer\Barcode\Types\TypeCode128->getBarcodeData('C:\\xampp\\htdocs\\SpriteGenix_app')
 2 FCPATH\vendor\picqer\php-barcode-generator\src\BarcodeGeneratorPNG.php(54): Picqer\Barcode\BarcodeGenerator->getBarcodeData('C:\\xampp\\htdocs\\SpriteGenix_app', 'C128')
 3 APPPATH\Controllers\Generate_barcode.php(81): Picqer\Barcode\BarcodeGeneratorPNG->getBarcode('C:\\xampp\\htdocs\\SpriteGenix_app', 'C128')
 4 SYSTEMPATH\CodeIgniter.php(934): App\Controllers\Generate_barcode->index()
 5 SYSTEMPATH\CodeIgniter.php(499): CodeIgniter\CodeIgniter->runController(Object(App\Controllers\Generate_barcode))
 6 SYSTEMPATH\CodeIgniter.php(368): CodeIgniter\CodeIgniter->handleRequest(null, Object(Config\Cache), false)
 7 FCPATH\index.php(67): CodeIgniter\CodeIgniter->run()
CRITICAL - 2023-08-04 07:19:46 --> You should provide a barcode string.
in FCPATH\vendor\picqer\php-barcode-generator\src\Types\TypeCode128.php on line 136.
 1 FCPATH\vendor\picqer\php-barcode-generator\src\BarcodeGenerator.php(103): Picqer\Barcode\Types\TypeCode128->getBarcodeData('C:\\xampp\\htdocs\\SpriteGenix_app')
 2 FCPATH\vendor\picqer\php-barcode-generator\src\BarcodeGeneratorPNG.php(54): Picqer\Barcode\BarcodeGenerator->getBarcodeData('C:\\xampp\\htdocs\\SpriteGenix_app', 'C128')
 3 APPPATH\Controllers\Generate_barcode.php(81): Picqer\Barcode\BarcodeGeneratorPNG->getBarcode('C:\\xampp\\htdocs\\SpriteGenix_app', 'C128')
 4 SYSTEMPATH\CodeIgniter.php(934): App\Controllers\Generate_barcode->index()
 5 SYSTEMPATH\CodeIgniter.php(499): CodeIgniter\CodeIgniter->runController(Object(App\Controllers\Generate_barcode))
 6 SYSTEMPATH\CodeIgniter.php(368): CodeIgniter\CodeIgniter->handleRequest(null, Object(Config\Cache), false)
 7 FCPATH\index.php(67): CodeIgniter\CodeIgniter->run()
CRITICAL - 2023-08-04 07:19:57 --> You should provide a barcode string.
in FCPATH\vendor\picqer\php-barcode-generator\src\Types\TypeCode128.php on line 136.
 1 FCPATH\vendor\picqer\php-barcode-generator\src\BarcodeGenerator.php(103): Picqer\Barcode\Types\TypeCode128->getBarcodeData('C:\\xampp\\htdocs\\SpriteGenix_app')
 2 FCPATH\vendor\picqer\php-barcode-generator\src\BarcodeGeneratorPNG.php(54): Picqer\Barcode\BarcodeGenerator->getBarcodeData('C:\\xampp\\htdocs\\SpriteGenix_app', 'C128')
 3 APPPATH\Controllers\Generate_barcode.php(81): Picqer\Barcode\BarcodeGeneratorPNG->getBarcode('C:\\xampp\\htdocs\\SpriteGenix_app', 'C128')
 4 SYSTEMPATH\CodeIgniter.php(934): App\Controllers\Generate_barcode->index()
 5 SYSTEMPATH\CodeIgniter.php(499): CodeIgniter\CodeIgniter->runController(Object(App\Controllers\Generate_barcode))
 6 SYSTEMPATH\CodeIgniter.php(368): CodeIgniter\CodeIgniter->handleRequest(null, Object(Config\Cache), false)
 7 FCPATH\index.php(67): CodeIgniter\CodeIgniter->run()
CRITICAL - 2023-08-04 07:30:19 --> You should provide a barcode string.
in FCPATH\vendor\picqer\php-barcode-generator\src\Types\TypeCode128.php on line 136.
 1 FCPATH\vendor\picqer\php-barcode-generator\src\BarcodeGenerator.php(103): Picqer\Barcode\Types\TypeCode128->getBarcodeData('C:\\xampp\\htdocs\\SpriteGenix_app')
 2 FCPATH\vendor\picqer\php-barcode-generator\src\BarcodeGeneratorPNG.php(54): Picqer\Barcode\BarcodeGenerator->getBarcodeData('C:\\xampp\\htdocs\\SpriteGenix_app', 'C128')
 3 APPPATH\Controllers\Generate_barcode.php(81): Picqer\Barcode\BarcodeGeneratorPNG->getBarcode('C:\\xampp\\htdocs\\SpriteGenix_app', 'C128')
 4 SYSTEMPATH\CodeIgniter.php(934): App\Controllers\Generate_barcode->index()
 5 SYSTEMPATH\CodeIgniter.php(499): CodeIgniter\CodeIgniter->runController(Object(App\Controllers\Generate_barcode))
 6 SYSTEMPATH\CodeIgniter.php(368): CodeIgniter\CodeIgniter->handleRequest(null, Object(Config\Cache), false)
 7 FCPATH\index.php(67): CodeIgniter\CodeIgniter->run()
CRITICAL - 2023-08-04 08:46:35 --> Trying to access array offset on value of type null
in APPPATH\Controllers\Invoices.php on line 408.
 1 APPPATH\Controllers\Invoices.php(408): CodeIgniter\Debug\Exceptions->errorHandler(2, 'Trying to access array offset on value of type null', 'APPPATH\\Controllers\\Invoices.php', 408)
 2 SYSTEMPATH\CodeIgniter.php(934): App\Controllers\Invoices->get_invoice_pdf('BoxDzn2', 'view')
 3 SYSTEMPATH\CodeIgniter.php(499): CodeIgniter\CodeIgniter->runController(Object(App\Controllers\Invoices))
 4 SYSTEMPATH\CodeIgniter.php(368): CodeIgniter\CodeIgniter->handleRequest(null, Object(Config\Cache), false)
 5 FCPATH\index.php(67): CodeIgniter\CodeIgniter->run()
CRITICAL - 2023-08-04 08:47:18 --> Trying to access array offset on value of type null
in APPPATH\Controllers\Invoices.php on line 408.
 1 APPPATH\Controllers\Invoices.php(408): CodeIgniter\Debug\Exceptions->errorHandler(2, 'Trying to access array offset on value of type null', 'APPPATH\\Controllers\\Invoices.php', 408)
 2 SYSTEMPATH\CodeIgniter.php(934): App\Controllers\Invoices->get_invoice_pdf('BoxBox2', 'view')
 3 SYSTEMPATH\CodeIgniter.php(499): CodeIgniter\CodeIgniter->runController(Object(App\Controllers\Invoices))
 4 SYSTEMPATH\CodeIgniter.php(368): CodeIgniter\CodeIgniter->handleRequest(null, Object(Config\Cache), false)
 5 FCPATH\index.php(67): CodeIgniter\CodeIgniter->run()
CRITICAL - 2023-08-04 08:48:00 --> Trying to access array offset on value of type null
in APPPATH\Controllers\Invoices.php on line 408.
 1 APPPATH\Controllers\Invoices.php(408): CodeIgniter\Debug\Exceptions->errorHandler(2, 'Trying to access array offset on value of type null', 'APPPATH\\Controllers\\Invoices.php', 408)
 2 SYSTEMPATH\CodeIgniter.php(934): App\Controllers\Invoices->get_invoice_pdf('BoxDzn2', 'view')
 3 SYSTEMPATH\CodeIgniter.php(499): CodeIgniter\CodeIgniter->runController(Object(App\Controllers\Invoices))
 4 SYSTEMPATH\CodeIgniter.php(368): CodeIgniter\CodeIgniter->handleRequest(null, Object(Config\Cache), false)
 5 FCPATH\index.php(67): CodeIgniter\CodeIgniter->run()
CRITICAL - 2023-08-04 08:48:08 --> Trying to access array offset on value of type null
in APPPATH\Controllers\Invoices.php on line 408.
 1 APPPATH\Controllers\Invoices.php(408): CodeIgniter\Debug\Exceptions->errorHandler(2, 'Trying to access array offset on value of type null', 'APPPATH\\Controllers\\Invoices.php', 408)
 2 SYSTEMPATH\CodeIgniter.php(934): App\Controllers\Invoices->get_invoice_pdf('BoxBox2', 'view')
 3 SYSTEMPATH\CodeIgniter.php(499): CodeIgniter\CodeIgniter->runController(Object(App\Controllers\Invoices))
 4 SYSTEMPATH\CodeIgniter.php(368): CodeIgniter\CodeIgniter->handleRequest(null, Object(Config\Cache), false)
 5 FCPATH\index.php(67): CodeIgniter\CodeIgniter->run()
CRITICAL - 2023-08-04 08:50:53 --> Trying to access array offset on value of type null
in APPPATH\Controllers\Invoices.php on line 408.
 1 APPPATH\Controllers\Invoices.php(408): CodeIgniter\Debug\Exceptions->errorHandler(2, 'Trying to access array offset on value of type null', 'APPPATH\\Controllers\\Invoices.php', 408)
 2 SYSTEMPATH\CodeIgniter.php(934): App\Controllers\Invoices->get_invoice_pdf('BoxDzn2', 'view')
 3 SYSTEMPATH\CodeIgniter.php(499): CodeIgniter\CodeIgniter->runController(Object(App\Controllers\Invoices))
 4 SYSTEMPATH\CodeIgniter.php(368): CodeIgniter\CodeIgniter->handleRequest(null, Object(Config\Cache), false)
 5 FCPATH\index.php(67): CodeIgniter\CodeIgniter->run()
CRITICAL - 2023-08-04 09:03:09 --> Trying to access array offset on value of type null
in APPPATH\Controllers\Invoices.php on line 408.
 1 APPPATH\Controllers\Invoices.php(408): CodeIgniter\Debug\Exceptions->errorHandler(2, 'Trying to access array offset on value of type null', 'APPPATH\\Controllers\\Invoices.php', 408)
 2 SYSTEMPATH\CodeIgniter.php(934): App\Controllers\Invoices->get_invoice_pdf('DznBag2', 'view')
 3 SYSTEMPATH\CodeIgniter.php(499): CodeIgniter\CodeIgniter->runController(Object(App\Controllers\Invoices))
 4 SYSTEMPATH\CodeIgniter.php(368): CodeIgniter\CodeIgniter->handleRequest(null, Object(Config\Cache), false)
 5 FCPATH\index.php(67): CodeIgniter\CodeIgniter->run()
CRITICAL - 2023-08-04 09:07:31 --> Trying to access array offset on value of type null
in APPPATH\Controllers\Invoices.php on line 408.
 1 APPPATH\Controllers\Invoices.php(408): CodeIgniter\Debug\Exceptions->errorHandler(2, 'Trying to access array offset on value of type null', 'APPPATH\\Controllers\\Invoices.php', 408)
 2 SYSTEMPATH\CodeIgniter.php(934): App\Controllers\Invoices->get_invoice_pdf('DznBag2', 'view')
 3 SYSTEMPATH\CodeIgniter.php(499): CodeIgniter\CodeIgniter->runController(Object(App\Controllers\Invoices))
 4 SYSTEMPATH\CodeIgniter.php(368): CodeIgniter\CodeIgniter->handleRequest(null, Object(Config\Cache), false)
 5 FCPATH\index.php(67): CodeIgniter\CodeIgniter->run()
CRITICAL - 2023-08-04 09:08:38 --> Trying to access array offset on value of type null
in APPPATH\Controllers\Invoices.php on line 408.
 1 APPPATH\Controllers\Invoices.php(408): CodeIgniter\Debug\Exceptions->errorHandler(2, 'Trying to access array offset on value of type null', 'APPPATH\\Controllers\\Invoices.php', 408)
 2 SYSTEMPATH\CodeIgniter.php(934): App\Controllers\Invoices->get_invoice_pdf('DznBag2', 'view')
 3 SYSTEMPATH\CodeIgniter.php(499): CodeIgniter\CodeIgniter->runController(Object(App\Controllers\Invoices))
 4 SYSTEMPATH\CodeIgniter.php(368): CodeIgniter\CodeIgniter->handleRequest(null, Object(Config\Cache), false)
 5 FCPATH\index.php(67): CodeIgniter\CodeIgniter->run()
CRITICAL - 2023-08-04 09:28:37 --> You should provide a barcode string.
in FCPATH\vendor\picqer\php-barcode-generator\src\Types\TypeCode128.php on line 136.
 1 FCPATH\vendor\picqer\php-barcode-generator\src\BarcodeGenerator.php(103): Picqer\Barcode\Types\TypeCode128->getBarcodeData('C:\\xampp\\htdocs\\SpriteGenix_app')
 2 FCPATH\vendor\picqer\php-barcode-generator\src\BarcodeGeneratorPNG.php(54): Picqer\Barcode\BarcodeGenerator->getBarcodeData('C:\\xampp\\htdocs\\SpriteGenix_app', 'C128')
 3 APPPATH\Controllers\Generate_barcode.php(81): Picqer\Barcode\BarcodeGeneratorPNG->getBarcode('C:\\xampp\\htdocs\\SpriteGenix_app', 'C128')
 4 SYSTEMPATH\CodeIgniter.php(934): App\Controllers\Generate_barcode->index()
 5 SYSTEMPATH\CodeIgniter.php(499): CodeIgniter\CodeIgniter->runController(Object(App\Controllers\Generate_barcode))
 6 SYSTEMPATH\CodeIgniter.php(368): CodeIgniter\CodeIgniter->handleRequest(null, Object(Config\Cache), false)
 7 FCPATH\index.php(67): CodeIgniter\CodeIgniter->run()
CRITICAL - 2023-08-04 09:30:35 --> You should provide a barcode string.
in FCPATH\vendor\picqer\php-barcode-generator\src\Types\TypeCode128.php on line 136.
 1 FCPATH\vendor\picqer\php-barcode-generator\src\BarcodeGenerator.php(103): Picqer\Barcode\Types\TypeCode128->getBarcodeData('C:\\xampp\\htdocs\\SpriteGenix_app')
 2 FCPATH\vendor\picqer\php-barcode-generator\src\BarcodeGeneratorPNG.php(54): Picqer\Barcode\BarcodeGenerator->getBarcodeData('C:\\xampp\\htdocs\\SpriteGenix_app', 'C128')
 3 APPPATH\Controllers\Generate_barcode.php(81): Picqer\Barcode\BarcodeGeneratorPNG->getBarcode('C:\\xampp\\htdocs\\SpriteGenix_app', 'C128')
 4 SYSTEMPATH\CodeIgniter.php(934): App\Controllers\Generate_barcode->index()
 5 SYSTEMPATH\CodeIgniter.php(499): CodeIgniter\CodeIgniter->runController(Object(App\Controllers\Generate_barcode))
 6 SYSTEMPATH\CodeIgniter.php(368): CodeIgniter\CodeIgniter->handleRequest(null, Object(Config\Cache), false)
 7 FCPATH\index.php(67): CodeIgniter\CodeIgniter->run()
CRITICAL - 2023-08-04 09:35:48 --> You should provide a barcode string.
in FCPATH\vendor\picqer\php-barcode-generator\src\Types\TypeCode128.php on line 136.
 1 FCPATH\vendor\picqer\php-barcode-generator\src\BarcodeGenerator.php(103): Picqer\Barcode\Types\TypeCode128->getBarcodeData('C:\\xampp\\htdocs\\SpriteGenix_app')
 2 FCPATH\vendor\picqer\php-barcode-generator\src\BarcodeGeneratorPNG.php(54): Picqer\Barcode\BarcodeGenerator->getBarcodeData('C:\\xampp\\htdocs\\SpriteGenix_app', 'C128')
 3 APPPATH\Controllers\Generate_barcode.php(81): Picqer\Barcode\BarcodeGeneratorPNG->getBarcode('C:\\xampp\\htdocs\\SpriteGenix_app', 'C128')
 4 SYSTEMPATH\CodeIgniter.php(934): App\Controllers\Generate_barcode->index()
 5 SYSTEMPATH\CodeIgniter.php(499): CodeIgniter\CodeIgniter->runController(Object(App\Controllers\Generate_barcode))
 6 SYSTEMPATH\CodeIgniter.php(368): CodeIgniter\CodeIgniter->handleRequest(null, Object(Config\Cache), false)
 7 FCPATH\index.php(67): CodeIgniter\CodeIgniter->run()
CRITICAL - 2023-08-04 09:44:40 --> Undefined variable $company
in APPPATH\Controllers\Sales.php on line 765.
 1 APPPATH\Controllers\Sales.php(765): CodeIgniter\Debug\Exceptions->errorHandler(2, 'Undefined variable $company', 'APPPATH\\Controllers\\Sales.php', 765)
 2 SYSTEMPATH\CodeIgniter.php(934): App\Controllers\Sales->update_invoice('3')
 3 SYSTEMPATH\CodeIgniter.php(499): CodeIgniter\CodeIgniter->runController(Object(App\Controllers\Sales))
 4 SYSTEMPATH\CodeIgniter.php(368): CodeIgniter\CodeIgniter->handleRequest(null, Object(Config\Cache), false)
 5 FCPATH\index.php(67): CodeIgniter\CodeIgniter->run()
CRITICAL - 2023-08-04 09:45:37 --> You should provide a barcode string.
in FCPATH\vendor\picqer\php-barcode-generator\src\Types\TypeCode128.php on line 136.
 1 FCPATH\vendor\picqer\php-barcode-generator\src\BarcodeGenerator.php(103): Picqer\Barcode\Types\TypeCode128->getBarcodeData('C:\\xampp\\htdocs\\SpriteGenix_app')
 2 FCPATH\vendor\picqer\php-barcode-generator\src\BarcodeGeneratorPNG.php(54): Picqer\Barcode\BarcodeGenerator->getBarcodeData('C:\\xampp\\htdocs\\SpriteGenix_app', 'C128')
 3 APPPATH\Controllers\Generate_barcode.php(81): Picqer\Barcode\BarcodeGeneratorPNG->getBarcode('C:\\xampp\\htdocs\\SpriteGenix_app', 'C128')
 4 SYSTEMPATH\CodeIgniter.php(934): App\Controllers\Generate_barcode->index()
 5 SYSTEMPATH\CodeIgniter.php(499): CodeIgniter\CodeIgniter->runController(Object(App\Controllers\Generate_barcode))
 6 SYSTEMPATH\CodeIgniter.php(368): CodeIgniter\CodeIgniter->handleRequest(null, Object(Config\Cache), false)
 7 FCPATH\index.php(67): CodeIgniter\CodeIgniter->run()
CRITICAL - 2023-08-04 09:45:40 --> You should provide a barcode string.
in FCPATH\vendor\picqer\php-barcode-generator\src\Types\TypeCode128.php on line 136.
 1 FCPATH\vendor\picqer\php-barcode-generator\src\BarcodeGenerator.php(103): Picqer\Barcode\Types\TypeCode128->getBarcodeData('C:\\xampp\\htdocs\\SpriteGenix_app')
 2 FCPATH\vendor\picqer\php-barcode-generator\src\BarcodeGeneratorPNG.php(54): Picqer\Barcode\BarcodeGenerator->getBarcodeData('C:\\xampp\\htdocs\\SpriteGenix_app', 'C128')
 3 APPPATH\Controllers\Generate_barcode.php(81): Picqer\Barcode\BarcodeGeneratorPNG->getBarcode('C:\\xampp\\htdocs\\SpriteGenix_app', 'C128')
 4 SYSTEMPATH\CodeIgniter.php(934): App\Controllers\Generate_barcode->index()
 5 SYSTEMPATH\CodeIgniter.php(499): CodeIgniter\CodeIgniter->runController(Object(App\Controllers\Generate_barcode))
 6 SYSTEMPATH\CodeIgniter.php(368): CodeIgniter\CodeIgniter->handleRequest(null, Object(Config\Cache), false)
 7 FCPATH\index.php(67): CodeIgniter\CodeIgniter->run()
CRITICAL - 2023-08-04 09:46:00 --> Undefined variable $company
in APPPATH\Controllers\Sales.php on line 765.
 1 APPPATH\Controllers\Sales.php(765): CodeIgniter\Debug\Exceptions->errorHandler(2, 'Undefined variable $company', 'APPPATH\\Controllers\\Sales.php', 765)
 2 SYSTEMPATH\CodeIgniter.php(934): App\Controllers\Sales->update_invoice('3')
 3 SYSTEMPATH\CodeIgniter.php(499): CodeIgniter\CodeIgniter->runController(Object(App\Controllers\Sales))
 4 SYSTEMPATH\CodeIgniter.php(368): CodeIgniter\CodeIgniter->handleRequest(null, Object(Config\Cache), false)
 5 FCPATH\index.php(67): CodeIgniter\CodeIgniter->run()
CRITICAL - 2023-08-04 09:47:24 --> You should provide a barcode string.
in FCPATH\vendor\picqer\php-barcode-generator\src\Types\TypeCode128.php on line 136.
 1 FCPATH\vendor\picqer\php-barcode-generator\src\BarcodeGenerator.php(103): Picqer\Barcode\Types\TypeCode128->getBarcodeData('C:\\xampp\\htdocs\\SpriteGenix_app')
 2 FCPATH\vendor\picqer\php-barcode-generator\src\BarcodeGeneratorPNG.php(54): Picqer\Barcode\BarcodeGenerator->getBarcodeData('C:\\xampp\\htdocs\\SpriteGenix_app', 'C128')
 3 APPPATH\Controllers\Generate_barcode.php(81): Picqer\Barcode\BarcodeGeneratorPNG->getBarcode('C:\\xampp\\htdocs\\SpriteGenix_app', 'C128')
 4 SYSTEMPATH\CodeIgniter.php(934): App\Controllers\Generate_barcode->index()
 5 SYSTEMPATH\CodeIgniter.php(499): CodeIgniter\CodeIgniter->runController(Object(App\Controllers\Generate_barcode))
 6 SYSTEMPATH\CodeIgniter.php(368): CodeIgniter\CodeIgniter->handleRequest(null, Object(Config\Cache), false)
 7 FCPATH\index.php(67): CodeIgniter\CodeIgniter->run()
CRITICAL - 2023-08-04 09:47:26 --> You should provide a barcode string.
in FCPATH\vendor\picqer\php-barcode-generator\src\Types\TypeCode128.php on line 136.
 1 FCPATH\vendor\picqer\php-barcode-generator\src\BarcodeGenerator.php(103): Picqer\Barcode\Types\TypeCode128->getBarcodeData('C:\\xampp\\htdocs\\SpriteGenix_app')
 2 FCPATH\vendor\picqer\php-barcode-generator\src\BarcodeGeneratorPNG.php(54): Picqer\Barcode\BarcodeGenerator->getBarcodeData('C:\\xampp\\htdocs\\SpriteGenix_app', 'C128')
 3 APPPATH\Controllers\Generate_barcode.php(81): Picqer\Barcode\BarcodeGeneratorPNG->getBarcode('C:\\xampp\\htdocs\\SpriteGenix_app', 'C128')
 4 SYSTEMPATH\CodeIgniter.php(934): App\Controllers\Generate_barcode->index()
 5 SYSTEMPATH\CodeIgniter.php(499): CodeIgniter\CodeIgniter->runController(Object(App\Controllers\Generate_barcode))
 6 SYSTEMPATH\CodeIgniter.php(368): CodeIgniter\CodeIgniter->handleRequest(null, Object(Config\Cache), false)
 7 FCPATH\index.php(67): CodeIgniter\CodeIgniter->run()
CRITICAL - 2023-08-04 09:47:40 --> You should provide a barcode string.
in FCPATH\vendor\picqer\php-barcode-generator\src\Types\TypeCode128.php on line 136.
 1 FCPATH\vendor\picqer\php-barcode-generator\src\BarcodeGenerator.php(103): Picqer\Barcode\Types\TypeCode128->getBarcodeData('C:\\xampp\\htdocs\\SpriteGenix_app')
 2 FCPATH\vendor\picqer\php-barcode-generator\src\BarcodeGeneratorPNG.php(54): Picqer\Barcode\BarcodeGenerator->getBarcodeData('C:\\xampp\\htdocs\\SpriteGenix_app', 'C128')
 3 APPPATH\Controllers\Generate_barcode.php(81): Picqer\Barcode\BarcodeGeneratorPNG->getBarcode('C:\\xampp\\htdocs\\SpriteGenix_app', 'C128')
 4 SYSTEMPATH\CodeIgniter.php(934): App\Controllers\Generate_barcode->index()
 5 SYSTEMPATH\CodeIgniter.php(499): CodeIgniter\CodeIgniter->runController(Object(App\Controllers\Generate_barcode))
 6 SYSTEMPATH\CodeIgniter.php(368): CodeIgniter\CodeIgniter->handleRequest(null, Object(Config\Cache), false)
 7 FCPATH\index.php(67): CodeIgniter\CodeIgniter->run()
CRITICAL - 2023-08-04 09:47:56 --> You should provide a barcode string.
in FCPATH\vendor\picqer\php-barcode-generator\src\Types\TypeCode128.php on line 136.
 1 FCPATH\vendor\picqer\php-barcode-generator\src\BarcodeGenerator.php(103): Picqer\Barcode\Types\TypeCode128->getBarcodeData('C:\\xampp\\htdocs\\SpriteGenix_app')
 2 FCPATH\vendor\picqer\php-barcode-generator\src\BarcodeGeneratorPNG.php(54): Picqer\Barcode\BarcodeGenerator->getBarcodeData('C:\\xampp\\htdocs\\SpriteGenix_app', 'C128')
 3 APPPATH\Controllers\Generate_barcode.php(81): Picqer\Barcode\BarcodeGeneratorPNG->getBarcode('C:\\xampp\\htdocs\\SpriteGenix_app', 'C128')
 4 SYSTEMPATH\CodeIgniter.php(934): App\Controllers\Generate_barcode->index()
 5 SYSTEMPATH\CodeIgniter.php(499): CodeIgniter\CodeIgniter->runController(Object(App\Controllers\Generate_barcode))
 6 SYSTEMPATH\CodeIgniter.php(368): CodeIgniter\CodeIgniter->handleRequest(null, Object(Config\Cache), false)
 7 FCPATH\index.php(67): CodeIgniter\CodeIgniter->run()
CRITICAL - 2023-08-04 09:48:08 --> You should provide a barcode string.
in FCPATH\vendor\picqer\php-barcode-generator\src\Types\TypeCode128.php on line 136.
 1 FCPATH\vendor\picqer\php-barcode-generator\src\BarcodeGenerator.php(103): Picqer\Barcode\Types\TypeCode128->getBarcodeData('C:\\xampp\\htdocs\\SpriteGenix_app')
 2 FCPATH\vendor\picqer\php-barcode-generator\src\BarcodeGeneratorPNG.php(54): Picqer\Barcode\BarcodeGenerator->getBarcodeData('C:\\xampp\\htdocs\\SpriteGenix_app', 'C128')
 3 APPPATH\Controllers\Generate_barcode.php(81): Picqer\Barcode\BarcodeGeneratorPNG->getBarcode('C:\\xampp\\htdocs\\SpriteGenix_app', 'C128')
 4 SYSTEMPATH\CodeIgniter.php(934): App\Controllers\Generate_barcode->index()
 5 SYSTEMPATH\CodeIgniter.php(499): CodeIgniter\CodeIgniter->runController(Object(App\Controllers\Generate_barcode))
 6 SYSTEMPATH\CodeIgniter.php(368): CodeIgniter\CodeIgniter->handleRequest(null, Object(Config\Cache), false)
 7 FCPATH\index.php(67): CodeIgniter\CodeIgniter->run()
CRITICAL - 2023-08-04 09:48:15 --> You should provide a barcode string.
in FCPATH\vendor\picqer\php-barcode-generator\src\Types\TypeCode128.php on line 136.
 1 FCPATH\vendor\picqer\php-barcode-generator\src\BarcodeGenerator.php(103): Picqer\Barcode\Types\TypeCode128->getBarcodeData('C:\\xampp\\htdocs\\SpriteGenix_app')
 2 FCPATH\vendor\picqer\php-barcode-generator\src\BarcodeGeneratorPNG.php(54): Picqer\Barcode\BarcodeGenerator->getBarcodeData('C:\\xampp\\htdocs\\SpriteGenix_app', 'C128')
 3 APPPATH\Controllers\Generate_barcode.php(81): Picqer\Barcode\BarcodeGeneratorPNG->getBarcode('C:\\xampp\\htdocs\\SpriteGenix_app', 'C128')
 4 SYSTEMPATH\CodeIgniter.php(934): App\Controllers\Generate_barcode->index()
 5 SYSTEMPATH\CodeIgniter.php(499): CodeIgniter\CodeIgniter->runController(Object(App\Controllers\Generate_barcode))
 6 SYSTEMPATH\CodeIgniter.php(368): CodeIgniter\CodeIgniter->handleRequest(null, Object(Config\Cache), false)
 7 FCPATH\index.php(67): CodeIgniter\CodeIgniter->run()
CRITICAL - 2023-08-04 09:48:27 --> You should provide a barcode string.
in FCPATH\vendor\picqer\php-barcode-generator\src\Types\TypeCode128.php on line 136.
 1 FCPATH\vendor\picqer\php-barcode-generator\src\BarcodeGenerator.php(103): Picqer\Barcode\Types\TypeCode128->getBarcodeData('C:\\xampp\\htdocs\\SpriteGenix_app')
 2 FCPATH\vendor\picqer\php-barcode-generator\src\BarcodeGeneratorPNG.php(54): Picqer\Barcode\BarcodeGenerator->getBarcodeData('C:\\xampp\\htdocs\\SpriteGenix_app', 'C128')
 3 APPPATH\Controllers\Generate_barcode.php(81): Picqer\Barcode\BarcodeGeneratorPNG->getBarcode('C:\\xampp\\htdocs\\SpriteGenix_app', 'C128')
 4 SYSTEMPATH\CodeIgniter.php(934): App\Controllers\Generate_barcode->index()
 5 SYSTEMPATH\CodeIgniter.php(499): CodeIgniter\CodeIgniter->runController(Object(App\Controllers\Generate_barcode))
 6 SYSTEMPATH\CodeIgniter.php(368): CodeIgniter\CodeIgniter->handleRequest(null, Object(Config\Cache), false)
 7 FCPATH\index.php(67): CodeIgniter\CodeIgniter->run()
CRITICAL - 2023-08-04 09:48:31 --> You should provide a barcode string.
in FCPATH\vendor\picqer\php-barcode-generator\src\Types\TypeCode128.php on line 136.
 1 FCPATH\vendor\picqer\php-barcode-generator\src\BarcodeGenerator.php(103): Picqer\Barcode\Types\TypeCode128->getBarcodeData('C:\\xampp\\htdocs\\SpriteGenix_app')
 2 FCPATH\vendor\picqer\php-barcode-generator\src\BarcodeGeneratorPNG.php(54): Picqer\Barcode\BarcodeGenerator->getBarcodeData('C:\\xampp\\htdocs\\SpriteGenix_app', 'C128')
 3 APPPATH\Controllers\Generate_barcode.php(81): Picqer\Barcode\BarcodeGeneratorPNG->getBarcode('C:\\xampp\\htdocs\\SpriteGenix_app', 'C128')
 4 SYSTEMPATH\CodeIgniter.php(934): App\Controllers\Generate_barcode->index()
 5 SYSTEMPATH\CodeIgniter.php(499): CodeIgniter\CodeIgniter->runController(Object(App\Controllers\Generate_barcode))
 6 SYSTEMPATH\CodeIgniter.php(368): CodeIgniter\CodeIgniter->handleRequest(null, Object(Config\Cache), false)
 7 FCPATH\index.php(67): CodeIgniter\CodeIgniter->run()
CRITICAL - 2023-08-04 09:48:44 --> You should provide a barcode string.
in FCPATH\vendor\picqer\php-barcode-generator\src\Types\TypeCode128.php on line 136.
 1 FCPATH\vendor\picqer\php-barcode-generator\src\BarcodeGenerator.php(103): Picqer\Barcode\Types\TypeCode128->getBarcodeData('C:\\xampp\\htdocs\\SpriteGenix_app')
 2 FCPATH\vendor\picqer\php-barcode-generator\src\BarcodeGeneratorPNG.php(54): Picqer\Barcode\BarcodeGenerator->getBarcodeData('C:\\xampp\\htdocs\\SpriteGenix_app', 'C128')
 3 APPPATH\Controllers\Generate_barcode.php(81): Picqer\Barcode\BarcodeGeneratorPNG->getBarcode('C:\\xampp\\htdocs\\SpriteGenix_app', 'C128')
 4 SYSTEMPATH\CodeIgniter.php(934): App\Controllers\Generate_barcode->index()
 5 SYSTEMPATH\CodeIgniter.php(499): CodeIgniter\CodeIgniter->runController(Object(App\Controllers\Generate_barcode))
 6 SYSTEMPATH\CodeIgniter.php(368): CodeIgniter\CodeIgniter->handleRequest(null, Object(Config\Cache), false)
 7 FCPATH\index.php(67): CodeIgniter\CodeIgniter->run()
CRITICAL - 2023-08-04 09:48:56 --> You should provide a barcode string.
in FCPATH\vendor\picqer\php-barcode-generator\src\Types\TypeCode128.php on line 136.
 1 FCPATH\vendor\picqer\php-barcode-generator\src\BarcodeGenerator.php(103): Picqer\Barcode\Types\TypeCode128->getBarcodeData('C:\\xampp\\htdocs\\SpriteGenix_app')
 2 FCPATH\vendor\picqer\php-barcode-generator\src\BarcodeGeneratorPNG.php(54): Picqer\Barcode\BarcodeGenerator->getBarcodeData('C:\\xampp\\htdocs\\SpriteGenix_app', 'C128')
 3 APPPATH\Controllers\Generate_barcode.php(81): Picqer\Barcode\BarcodeGeneratorPNG->getBarcode('C:\\xampp\\htdocs\\SpriteGenix_app', 'C128')
 4 SYSTEMPATH\CodeIgniter.php(934): App\Controllers\Generate_barcode->index()
 5 SYSTEMPATH\CodeIgniter.php(499): CodeIgniter\CodeIgniter->runController(Object(App\Controllers\Generate_barcode))
 6 SYSTEMPATH\CodeIgniter.php(368): CodeIgniter\CodeIgniter->handleRequest(null, Object(Config\Cache), false)
 7 FCPATH\index.php(67): CodeIgniter\CodeIgniter->run()
CRITICAL - 2023-08-04 09:49:00 --> You should provide a barcode string.
in FCPATH\vendor\picqer\php-barcode-generator\src\Types\TypeCode128.php on line 136.
 1 FCPATH\vendor\picqer\php-barcode-generator\src\BarcodeGenerator.php(103): Picqer\Barcode\Types\TypeCode128->getBarcodeData('C:\\xampp\\htdocs\\SpriteGenix_app')
 2 FCPATH\vendor\picqer\php-barcode-generator\src\BarcodeGeneratorPNG.php(54): Picqer\Barcode\BarcodeGenerator->getBarcodeData('C:\\xampp\\htdocs\\SpriteGenix_app', 'C128')
 3 APPPATH\Controllers\Generate_barcode.php(81): Picqer\Barcode\BarcodeGeneratorPNG->getBarcode('C:\\xampp\\htdocs\\SpriteGenix_app', 'C128')
 4 SYSTEMPATH\CodeIgniter.php(934): App\Controllers\Generate_barcode->index()
 5 SYSTEMPATH\CodeIgniter.php(499): CodeIgniter\CodeIgniter->runController(Object(App\Controllers\Generate_barcode))
 6 SYSTEMPATH\CodeIgniter.php(368): CodeIgniter\CodeIgniter->handleRequest(null, Object(Config\Cache), false)
 7 FCPATH\index.php(67): CodeIgniter\CodeIgniter->run()
CRITICAL - 2023-08-04 09:49:03 --> You should provide a barcode string.
in FCPATH\vendor\picqer\php-barcode-generator\src\Types\TypeCode128.php on line 136.
 1 FCPATH\vendor\picqer\php-barcode-generator\src\BarcodeGenerator.php(103): Picqer\Barcode\Types\TypeCode128->getBarcodeData('C:\\xampp\\htdocs\\SpriteGenix_app')
 2 FCPATH\vendor\picqer\php-barcode-generator\src\BarcodeGeneratorPNG.php(54): Picqer\Barcode\BarcodeGenerator->getBarcodeData('C:\\xampp\\htdocs\\SpriteGenix_app', 'C128')
 3 APPPATH\Controllers\Generate_barcode.php(81): Picqer\Barcode\BarcodeGeneratorPNG->getBarcode('C:\\xampp\\htdocs\\SpriteGenix_app', 'C128')
 4 SYSTEMPATH\CodeIgniter.php(934): App\Controllers\Generate_barcode->index()
 5 SYSTEMPATH\CodeIgniter.php(499): CodeIgniter\CodeIgniter->runController(Object(App\Controllers\Generate_barcode))
 6 SYSTEMPATH\CodeIgniter.php(368): CodeIgniter\CodeIgniter->handleRequest(null, Object(Config\Cache), false)
 7 FCPATH\index.php(67): CodeIgniter\CodeIgniter->run()
CRITICAL - 2023-08-04 09:49:20 --> You should provide a barcode string.
in FCPATH\vendor\picqer\php-barcode-generator\src\Types\TypeCode128.php on line 136.
 1 FCPATH\vendor\picqer\php-barcode-generator\src\BarcodeGenerator.php(103): Picqer\Barcode\Types\TypeCode128->getBarcodeData('C:\\xampp\\htdocs\\SpriteGenix_app')
 2 FCPATH\vendor\picqer\php-barcode-generator\src\BarcodeGeneratorPNG.php(54): Picqer\Barcode\BarcodeGenerator->getBarcodeData('C:\\xampp\\htdocs\\SpriteGenix_app', 'C128')
 3 APPPATH\Controllers\Generate_barcode.php(81): Picqer\Barcode\BarcodeGeneratorPNG->getBarcode('C:\\xampp\\htdocs\\SpriteGenix_app', 'C128')
 4 SYSTEMPATH\CodeIgniter.php(934): App\Controllers\Generate_barcode->index()
 5 SYSTEMPATH\CodeIgniter.php(499): CodeIgniter\CodeIgniter->runController(Object(App\Controllers\Generate_barcode))
 6 SYSTEMPATH\CodeIgniter.php(368): CodeIgniter\CodeIgniter->handleRequest(null, Object(Config\Cache), false)
 7 FCPATH\index.php(67): CodeIgniter\CodeIgniter->run()
CRITICAL - 2023-08-04 09:49:23 --> You should provide a barcode string.
in FCPATH\vendor\picqer\php-barcode-generator\src\Types\TypeCode128.php on line 136.
 1 FCPATH\vendor\picqer\php-barcode-generator\src\BarcodeGenerator.php(103): Picqer\Barcode\Types\TypeCode128->getBarcodeData('C:\\xampp\\htdocs\\SpriteGenix_app')
 2 FCPATH\vendor\picqer\php-barcode-generator\src\BarcodeGeneratorPNG.php(54): Picqer\Barcode\BarcodeGenerator->getBarcodeData('C:\\xampp\\htdocs\\SpriteGenix_app', 'C128')
 3 APPPATH\Controllers\Generate_barcode.php(81): Picqer\Barcode\BarcodeGeneratorPNG->getBarcode('C:\\xampp\\htdocs\\SpriteGenix_app', 'C128')
 4 SYSTEMPATH\CodeIgniter.php(934): App\Controllers\Generate_barcode->index()
 5 SYSTEMPATH\CodeIgniter.php(499): CodeIgniter\CodeIgniter->runController(Object(App\Controllers\Generate_barcode))
 6 SYSTEMPATH\CodeIgniter.php(368): CodeIgniter\CodeIgniter->handleRequest(null, Object(Config\Cache), false)
 7 FCPATH\index.php(67): CodeIgniter\CodeIgniter->run()
CRITICAL - 2023-08-04 09:49:29 --> You should provide a barcode string.
in FCPATH\vendor\picqer\php-barcode-generator\src\Types\TypeCode128.php on line 136.
 1 FCPATH\vendor\picqer\php-barcode-generator\src\BarcodeGenerator.php(103): Picqer\Barcode\Types\TypeCode128->getBarcodeData('C:\\xampp\\htdocs\\SpriteGenix_app')
 2 FCPATH\vendor\picqer\php-barcode-generator\src\BarcodeGeneratorPNG.php(54): Picqer\Barcode\BarcodeGenerator->getBarcodeData('C:\\xampp\\htdocs\\SpriteGenix_app', 'C128')
 3 APPPATH\Controllers\Generate_barcode.php(81): Picqer\Barcode\BarcodeGeneratorPNG->getBarcode('C:\\xampp\\htdocs\\SpriteGenix_app', 'C128')
 4 SYSTEMPATH\CodeIgniter.php(934): App\Controllers\Generate_barcode->index()
 5 SYSTEMPATH\CodeIgniter.php(499): CodeIgniter\CodeIgniter->runController(Object(App\Controllers\Generate_barcode))
 6 SYSTEMPATH\CodeIgniter.php(368): CodeIgniter\CodeIgniter->handleRequest(null, Object(Config\Cache), false)
 7 FCPATH\index.php(67): CodeIgniter\CodeIgniter->run()
CRITICAL - 2023-08-04 09:49:47 --> You should provide a barcode string.
in FCPATH\vendor\picqer\php-barcode-generator\src\Types\TypeCode128.php on line 136.
 1 FCPATH\vendor\picqer\php-barcode-generator\src\BarcodeGenerator.php(103): Picqer\Barcode\Types\TypeCode128->getBarcodeData('C:\\xampp\\htdocs\\SpriteGenix_app')
 2 FCPATH\vendor\picqer\php-barcode-generator\src\BarcodeGeneratorPNG.php(54): Picqer\Barcode\BarcodeGenerator->getBarcodeData('C:\\xampp\\htdocs\\SpriteGenix_app', 'C128')
 3 APPPATH\Controllers\Generate_barcode.php(81): Picqer\Barcode\BarcodeGeneratorPNG->getBarcode('C:\\xampp\\htdocs\\SpriteGenix_app', 'C128')
 4 SYSTEMPATH\CodeIgniter.php(934): App\Controllers\Generate_barcode->index()
 5 SYSTEMPATH\CodeIgniter.php(499): CodeIgniter\CodeIgniter->runController(Object(App\Controllers\Generate_barcode))
 6 SYSTEMPATH\CodeIgniter.php(368): CodeIgniter\CodeIgniter->handleRequest(null, Object(Config\Cache), false)
 7 FCPATH\index.php(67): CodeIgniter\CodeIgniter->run()
CRITICAL - 2023-08-04 09:49:54 --> You should provide a barcode string.
in FCPATH\vendor\picqer\php-barcode-generator\src\Types\TypeCode128.php on line 136.
 1 FCPATH\vendor\picqer\php-barcode-generator\src\BarcodeGenerator.php(103): Picqer\Barcode\Types\TypeCode128->getBarcodeData('C:\\xampp\\htdocs\\SpriteGenix_app')
 2 FCPATH\vendor\picqer\php-barcode-generator\src\BarcodeGeneratorPNG.php(54): Picqer\Barcode\BarcodeGenerator->getBarcodeData('C:\\xampp\\htdocs\\SpriteGenix_app', 'C128')
 3 APPPATH\Controllers\Generate_barcode.php(81): Picqer\Barcode\BarcodeGeneratorPNG->getBarcode('C:\\xampp\\htdocs\\SpriteGenix_app', 'C128')
 4 SYSTEMPATH\CodeIgniter.php(934): App\Controllers\Generate_barcode->index()
 5 SYSTEMPATH\CodeIgniter.php(499): CodeIgniter\CodeIgniter->runController(Object(App\Controllers\Generate_barcode))
 6 SYSTEMPATH\CodeIgniter.php(368): CodeIgniter\CodeIgniter->handleRequest(null, Object(Config\Cache), false)
 7 FCPATH\index.php(67): CodeIgniter\CodeIgniter->run()
CRITICAL - 2023-08-04 09:49:57 --> You should provide a barcode string.
in FCPATH\vendor\picqer\php-barcode-generator\src\Types\TypeCode128.php on line 136.
 1 FCPATH\vendor\picqer\php-barcode-generator\src\BarcodeGenerator.php(103): Picqer\Barcode\Types\TypeCode128->getBarcodeData('C:\\xampp\\htdocs\\SpriteGenix_app')
 2 FCPATH\vendor\picqer\php-barcode-generator\src\BarcodeGeneratorPNG.php(54): Picqer\Barcode\BarcodeGenerator->getBarcodeData('C:\\xampp\\htdocs\\SpriteGenix_app', 'C128')
 3 APPPATH\Controllers\Generate_barcode.php(81): Picqer\Barcode\BarcodeGeneratorPNG->getBarcode('C:\\xampp\\htdocs\\SpriteGenix_app', 'C128')
 4 SYSTEMPATH\CodeIgniter.php(934): App\Controllers\Generate_barcode->index()
 5 SYSTEMPATH\CodeIgniter.php(499): CodeIgniter\CodeIgniter->runController(Object(App\Controllers\Generate_barcode))
 6 SYSTEMPATH\CodeIgniter.php(368): CodeIgniter\CodeIgniter->handleRequest(null, Object(Config\Cache), false)
 7 FCPATH\index.php(67): CodeIgniter\CodeIgniter->run()
CRITICAL - 2023-08-04 09:51:45 --> You should provide a barcode string.
in FCPATH\vendor\picqer\php-barcode-generator\src\Types\TypeCode128.php on line 136.
 1 FCPATH\vendor\picqer\php-barcode-generator\src\BarcodeGenerator.php(103): Picqer\Barcode\Types\TypeCode128->getBarcodeData('C:\\xampp\\htdocs\\SpriteGenix_app')
 2 FCPATH\vendor\picqer\php-barcode-generator\src\BarcodeGeneratorPNG.php(54): Picqer\Barcode\BarcodeGenerator->getBarcodeData('C:\\xampp\\htdocs\\SpriteGenix_app', 'C128')
 3 APPPATH\Controllers\Generate_barcode.php(81): Picqer\Barcode\BarcodeGeneratorPNG->getBarcode('C:\\xampp\\htdocs\\SpriteGenix_app', 'C128')
 4 SYSTEMPATH\CodeIgniter.php(934): App\Controllers\Generate_barcode->index()
 5 SYSTEMPATH\CodeIgniter.php(499): CodeIgniter\CodeIgniter->runController(Object(App\Controllers\Generate_barcode))
 6 SYSTEMPATH\CodeIgniter.php(368): CodeIgniter\CodeIgniter->handleRequest(null, Object(Config\Cache), false)
 7 FCPATH\index.php(67): CodeIgniter\CodeIgniter->run()
CRITICAL - 2023-08-04 09:52:03 --> You should provide a barcode string.
in FCPATH\vendor\picqer\php-barcode-generator\src\Types\TypeCode128.php on line 136.
 1 FCPATH\vendor\picqer\php-barcode-generator\src\BarcodeGenerator.php(103): Picqer\Barcode\Types\TypeCode128->getBarcodeData('C:\\xampp\\htdocs\\SpriteGenix_app')
 2 FCPATH\vendor\picqer\php-barcode-generator\src\BarcodeGeneratorPNG.php(54): Picqer\Barcode\BarcodeGenerator->getBarcodeData('C:\\xampp\\htdocs\\SpriteGenix_app', 'C128')
 3 APPPATH\Controllers\Generate_barcode.php(81): Picqer\Barcode\BarcodeGeneratorPNG->getBarcode('C:\\xampp\\htdocs\\SpriteGenix_app', 'C128')
 4 SYSTEMPATH\CodeIgniter.php(934): App\Controllers\Generate_barcode->index()
 5 SYSTEMPATH\CodeIgniter.php(499): CodeIgniter\CodeIgniter->runController(Object(App\Controllers\Generate_barcode))
 6 SYSTEMPATH\CodeIgniter.php(368): CodeIgniter\CodeIgniter->handleRequest(null, Object(Config\Cache), false)
 7 FCPATH\index.php(67): CodeIgniter\CodeIgniter->run()
CRITICAL - 2023-08-04 09:52:07 --> You should provide a barcode string.
in FCPATH\vendor\picqer\php-barcode-generator\src\Types\TypeCode128.php on line 136.
 1 FCPATH\vendor\picqer\php-barcode-generator\src\BarcodeGenerator.php(103): Picqer\Barcode\Types\TypeCode128->getBarcodeData('C:\\xampp\\htdocs\\SpriteGenix_app')
 2 FCPATH\vendor\picqer\php-barcode-generator\src\BarcodeGeneratorPNG.php(54): Picqer\Barcode\BarcodeGenerator->getBarcodeData('C:\\xampp\\htdocs\\SpriteGenix_app', 'C128')
 3 APPPATH\Controllers\Generate_barcode.php(81): Picqer\Barcode\BarcodeGeneratorPNG->getBarcode('C:\\xampp\\htdocs\\SpriteGenix_app', 'C128')
 4 SYSTEMPATH\CodeIgniter.php(934): App\Controllers\Generate_barcode->index()
 5 SYSTEMPATH\CodeIgniter.php(499): CodeIgniter\CodeIgniter->runController(Object(App\Controllers\Generate_barcode))
 6 SYSTEMPATH\CodeIgniter.php(368): CodeIgniter\CodeIgniter->handleRequest(null, Object(Config\Cache), false)
 7 FCPATH\index.php(67): CodeIgniter\CodeIgniter->run()
CRITICAL - 2023-08-04 09:52:20 --> You should provide a barcode string.
in FCPATH\vendor\picqer\php-barcode-generator\src\Types\TypeCode128.php on line 136.
 1 FCPATH\vendor\picqer\php-barcode-generator\src\BarcodeGenerator.php(103): Picqer\Barcode\Types\TypeCode128->getBarcodeData('C:\\xampp\\htdocs\\SpriteGenix_app')
 2 FCPATH\vendor\picqer\php-barcode-generator\src\BarcodeGeneratorPNG.php(54): Picqer\Barcode\BarcodeGenerator->getBarcodeData('C:\\xampp\\htdocs\\SpriteGenix_app', 'C128')
 3 APPPATH\Controllers\Generate_barcode.php(81): Picqer\Barcode\BarcodeGeneratorPNG->getBarcode('C:\\xampp\\htdocs\\SpriteGenix_app', 'C128')
 4 SYSTEMPATH\CodeIgniter.php(934): App\Controllers\Generate_barcode->index()
 5 SYSTEMPATH\CodeIgniter.php(499): CodeIgniter\CodeIgniter->runController(Object(App\Controllers\Generate_barcode))
 6 SYSTEMPATH\CodeIgniter.php(368): CodeIgniter\CodeIgniter->handleRequest(null, Object(Config\Cache), false)
 7 FCPATH\index.php(67): CodeIgniter\CodeIgniter->run()
CRITICAL - 2023-08-04 09:52:23 --> You should provide a barcode string.
in FCPATH\vendor\picqer\php-barcode-generator\src\Types\TypeCode128.php on line 136.
 1 FCPATH\vendor\picqer\php-barcode-generator\src\BarcodeGenerator.php(103): Picqer\Barcode\Types\TypeCode128->getBarcodeData('C:\\xampp\\htdocs\\SpriteGenix_app')
 2 FCPATH\vendor\picqer\php-barcode-generator\src\BarcodeGeneratorPNG.php(54): Picqer\Barcode\BarcodeGenerator->getBarcodeData('C:\\xampp\\htdocs\\SpriteGenix_app', 'C128')
 3 APPPATH\Controllers\Generate_barcode.php(81): Picqer\Barcode\BarcodeGeneratorPNG->getBarcode('C:\\xampp\\htdocs\\SpriteGenix_app', 'C128')
 4 SYSTEMPATH\CodeIgniter.php(934): App\Controllers\Generate_barcode->index()
 5 SYSTEMPATH\CodeIgniter.php(499): CodeIgniter\CodeIgniter->runController(Object(App\Controllers\Generate_barcode))
 6 SYSTEMPATH\CodeIgniter.php(368): CodeIgniter\CodeIgniter->handleRequest(null, Object(Config\Cache), false)
 7 FCPATH\index.php(67): CodeIgniter\CodeIgniter->run()
CRITICAL - 2023-08-04 09:52:26 --> You should provide a barcode string.
in FCPATH\vendor\picqer\php-barcode-generator\src\Types\TypeCode128.php on line 136.
 1 FCPATH\vendor\picqer\php-barcode-generator\src\BarcodeGenerator.php(103): Picqer\Barcode\Types\TypeCode128->getBarcodeData('C:\\xampp\\htdocs\\SpriteGenix_app')
 2 FCPATH\vendor\picqer\php-barcode-generator\src\BarcodeGeneratorPNG.php(54): Picqer\Barcode\BarcodeGenerator->getBarcodeData('C:\\xampp\\htdocs\\SpriteGenix_app', 'C128')
 3 APPPATH\Controllers\Generate_barcode.php(81): Picqer\Barcode\BarcodeGeneratorPNG->getBarcode('C:\\xampp\\htdocs\\SpriteGenix_app', 'C128')
 4 SYSTEMPATH\CodeIgniter.php(934): App\Controllers\Generate_barcode->index()
 5 SYSTEMPATH\CodeIgniter.php(499): CodeIgniter\CodeIgniter->runController(Object(App\Controllers\Generate_barcode))
 6 SYSTEMPATH\CodeIgniter.php(368): CodeIgniter\CodeIgniter->handleRequest(null, Object(Config\Cache), false)
 7 FCPATH\index.php(67): CodeIgniter\CodeIgniter->run()
CRITICAL - 2023-08-04 09:52:34 --> You should provide a barcode string.
in FCPATH\vendor\picqer\php-barcode-generator\src\Types\TypeCode128.php on line 136.
 1 FCPATH\vendor\picqer\php-barcode-generator\src\BarcodeGenerator.php(103): Picqer\Barcode\Types\TypeCode128->getBarcodeData('C:\\xampp\\htdocs\\SpriteGenix_app')
 2 FCPATH\vendor\picqer\php-barcode-generator\src\BarcodeGeneratorPNG.php(54): Picqer\Barcode\BarcodeGenerator->getBarcodeData('C:\\xampp\\htdocs\\SpriteGenix_app', 'C128')
 3 APPPATH\Controllers\Generate_barcode.php(81): Picqer\Barcode\BarcodeGeneratorPNG->getBarcode('C:\\xampp\\htdocs\\SpriteGenix_app', 'C128')
 4 SYSTEMPATH\CodeIgniter.php(934): App\Controllers\Generate_barcode->index()
 5 SYSTEMPATH\CodeIgniter.php(499): CodeIgniter\CodeIgniter->runController(Object(App\Controllers\Generate_barcode))
 6 SYSTEMPATH\CodeIgniter.php(368): CodeIgniter\CodeIgniter->handleRequest(null, Object(Config\Cache), false)
 7 FCPATH\index.php(67): CodeIgniter\CodeIgniter->run()
CRITICAL - 2023-08-04 09:52:37 --> You should provide a barcode string.
in FCPATH\vendor\picqer\php-barcode-generator\src\Types\TypeCode128.php on line 136.
 1 FCPATH\vendor\picqer\php-barcode-generator\src\BarcodeGenerator.php(103): Picqer\Barcode\Types\TypeCode128->getBarcodeData('C:\\xampp\\htdocs\\SpriteGenix_app')
 2 FCPATH\vendor\picqer\php-barcode-generator\src\BarcodeGeneratorPNG.php(54): Picqer\Barcode\BarcodeGenerator->getBarcodeData('C:\\xampp\\htdocs\\SpriteGenix_app', 'C128')
 3 APPPATH\Controllers\Generate_barcode.php(81): Picqer\Barcode\BarcodeGeneratorPNG->getBarcode('C:\\xampp\\htdocs\\SpriteGenix_app', 'C128')
 4 SYSTEMPATH\CodeIgniter.php(934): App\Controllers\Generate_barcode->index()
 5 SYSTEMPATH\CodeIgniter.php(499): CodeIgniter\CodeIgniter->runController(Object(App\Controllers\Generate_barcode))
 6 SYSTEMPATH\CodeIgniter.php(368): CodeIgniter\CodeIgniter->handleRequest(null, Object(Config\Cache), false)
 7 FCPATH\index.php(67): CodeIgniter\CodeIgniter->run()
CRITICAL - 2023-08-04 09:53:13 --> You should provide a barcode string.
in FCPATH\vendor\picqer\php-barcode-generator\src\Types\TypeCode128.php on line 136.
 1 FCPATH\vendor\picqer\php-barcode-generator\src\BarcodeGenerator.php(103): Picqer\Barcode\Types\TypeCode128->getBarcodeData('C:\\xampp\\htdocs\\SpriteGenix_app')
 2 FCPATH\vendor\picqer\php-barcode-generator\src\BarcodeGeneratorPNG.php(54): Picqer\Barcode\BarcodeGenerator->getBarcodeData('C:\\xampp\\htdocs\\SpriteGenix_app', 'C128')
 3 APPPATH\Controllers\Generate_barcode.php(81): Picqer\Barcode\BarcodeGeneratorPNG->getBarcode('C:\\xampp\\htdocs\\SpriteGenix_app', 'C128')
 4 SYSTEMPATH\CodeIgniter.php(934): App\Controllers\Generate_barcode->index()
 5 SYSTEMPATH\CodeIgniter.php(499): CodeIgniter\CodeIgniter->runController(Object(App\Controllers\Generate_barcode))
 6 SYSTEMPATH\CodeIgniter.php(368): CodeIgniter\CodeIgniter->handleRequest(null, Object(Config\Cache), false)
 7 FCPATH\index.php(67): CodeIgniter\CodeIgniter->run()
CRITICAL - 2023-08-04 09:53:15 --> You should provide a barcode string.
in FCPATH\vendor\picqer\php-barcode-generator\src\Types\TypeCode128.php on line 136.
 1 FCPATH\vendor\picqer\php-barcode-generator\src\BarcodeGenerator.php(103): Picqer\Barcode\Types\TypeCode128->getBarcodeData('C:\\xampp\\htdocs\\SpriteGenix_app')
 2 FCPATH\vendor\picqer\php-barcode-generator\src\BarcodeGeneratorPNG.php(54): Picqer\Barcode\BarcodeGenerator->getBarcodeData('C:\\xampp\\htdocs\\SpriteGenix_app', 'C128')
 3 APPPATH\Controllers\Generate_barcode.php(81): Picqer\Barcode\BarcodeGeneratorPNG->getBarcode('C:\\xampp\\htdocs\\SpriteGenix_app', 'C128')
 4 SYSTEMPATH\CodeIgniter.php(934): App\Controllers\Generate_barcode->index()
 5 SYSTEMPATH\CodeIgniter.php(499): CodeIgniter\CodeIgniter->runController(Object(App\Controllers\Generate_barcode))
 6 SYSTEMPATH\CodeIgniter.php(368): CodeIgniter\CodeIgniter->handleRequest(null, Object(Config\Cache), false)
 7 FCPATH\index.php(67): CodeIgniter\CodeIgniter->run()
CRITICAL - 2023-08-04 09:53:52 --> You should provide a barcode string.
in FCPATH\vendor\picqer\php-barcode-generator\src\Types\TypeCode128.php on line 136.
 1 FCPATH\vendor\picqer\php-barcode-generator\src\BarcodeGenerator.php(103): Picqer\Barcode\Types\TypeCode128->getBarcodeData('C:\\xampp\\htdocs\\SpriteGenix_app')
 2 FCPATH\vendor\picqer\php-barcode-generator\src\BarcodeGeneratorPNG.php(54): Picqer\Barcode\BarcodeGenerator->getBarcodeData('C:\\xampp\\htdocs\\SpriteGenix_app', 'C128')
 3 APPPATH\Controllers\Generate_barcode.php(81): Picqer\Barcode\BarcodeGeneratorPNG->getBarcode('C:\\xampp\\htdocs\\SpriteGenix_app', 'C128')
 4 SYSTEMPATH\CodeIgniter.php(934): App\Controllers\Generate_barcode->index()
 5 SYSTEMPATH\CodeIgniter.php(499): CodeIgniter\CodeIgniter->runController(Object(App\Controllers\Generate_barcode))
 6 SYSTEMPATH\CodeIgniter.php(368): CodeIgniter\CodeIgniter->handleRequest(null, Object(Config\Cache), false)
 7 FCPATH\index.php(67): CodeIgniter\CodeIgniter->run()
CRITICAL - 2023-08-04 09:54:05 --> You should provide a barcode string.
in FCPATH\vendor\picqer\php-barcode-generator\src\Types\TypeCode128.php on line 136.
 1 FCPATH\vendor\picqer\php-barcode-generator\src\BarcodeGenerator.php(103): Picqer\Barcode\Types\TypeCode128->getBarcodeData('C:\\xampp\\htdocs\\SpriteGenix_app')
 2 FCPATH\vendor\picqer\php-barcode-generator\src\BarcodeGeneratorPNG.php(54): Picqer\Barcode\BarcodeGenerator->getBarcodeData('C:\\xampp\\htdocs\\SpriteGenix_app', 'C128')
 3 APPPATH\Controllers\Generate_barcode.php(81): Picqer\Barcode\BarcodeGeneratorPNG->getBarcode('C:\\xampp\\htdocs\\SpriteGenix_app', 'C128')
 4 SYSTEMPATH\CodeIgniter.php(934): App\Controllers\Generate_barcode->index()
 5 SYSTEMPATH\CodeIgniter.php(499): CodeIgniter\CodeIgniter->runController(Object(App\Controllers\Generate_barcode))
 6 SYSTEMPATH\CodeIgniter.php(368): CodeIgniter\CodeIgniter->handleRequest(null, Object(Config\Cache), false)
 7 FCPATH\index.php(67): CodeIgniter\CodeIgniter->run()
CRITICAL - 2023-08-04 09:54:08 --> You should provide a barcode string.
in FCPATH\vendor\picqer\php-barcode-generator\src\Types\TypeCode128.php on line 136.
 1 FCPATH\vendor\picqer\php-barcode-generator\src\BarcodeGenerator.php(103): Picqer\Barcode\Types\TypeCode128->getBarcodeData('C:\\xampp\\htdocs\\SpriteGenix_app')
 2 FCPATH\vendor\picqer\php-barcode-generator\src\BarcodeGeneratorPNG.php(54): Picqer\Barcode\BarcodeGenerator->getBarcodeData('C:\\xampp\\htdocs\\SpriteGenix_app', 'C128')
 3 APPPATH\Controllers\Generate_barcode.php(81): Picqer\Barcode\BarcodeGeneratorPNG->getBarcode('C:\\xampp\\htdocs\\SpriteGenix_app', 'C128')
 4 SYSTEMPATH\CodeIgniter.php(934): App\Controllers\Generate_barcode->index()
 5 SYSTEMPATH\CodeIgniter.php(499): CodeIgniter\CodeIgniter->runController(Object(App\Controllers\Generate_barcode))
 6 SYSTEMPATH\CodeIgniter.php(368): CodeIgniter\CodeIgniter->handleRequest(null, Object(Config\Cache), false)
 7 FCPATH\index.php(67): CodeIgniter\CodeIgniter->run()
CRITICAL - 2023-08-04 09:54:30 --> You should provide a barcode string.
in FCPATH\vendor\picqer\php-barcode-generator\src\Types\TypeCode128.php on line 136.
 1 FCPATH\vendor\picqer\php-barcode-generator\src\BarcodeGenerator.php(103): Picqer\Barcode\Types\TypeCode128->getBarcodeData('C:\\xampp\\htdocs\\SpriteGenix_app')
 2 FCPATH\vendor\picqer\php-barcode-generator\src\BarcodeGeneratorPNG.php(54): Picqer\Barcode\BarcodeGenerator->getBarcodeData('C:\\xampp\\htdocs\\SpriteGenix_app', 'C128')
 3 APPPATH\Controllers\Generate_barcode.php(81): Picqer\Barcode\BarcodeGeneratorPNG->getBarcode('C:\\xampp\\htdocs\\SpriteGenix_app', 'C128')
 4 SYSTEMPATH\CodeIgniter.php(934): App\Controllers\Generate_barcode->index()
 5 SYSTEMPATH\CodeIgniter.php(499): CodeIgniter\CodeIgniter->runController(Object(App\Controllers\Generate_barcode))
 6 SYSTEMPATH\CodeIgniter.php(368): CodeIgniter\CodeIgniter->handleRequest(null, Object(Config\Cache), false)
 7 FCPATH\index.php(67): CodeIgniter\CodeIgniter->run()
CRITICAL - 2023-08-04 09:54:48 --> You should provide a barcode string.
in FCPATH\vendor\picqer\php-barcode-generator\src\Types\TypeCode128.php on line 136.
 1 FCPATH\vendor\picqer\php-barcode-generator\src\BarcodeGenerator.php(103): Picqer\Barcode\Types\TypeCode128->getBarcodeData('C:\\xampp\\htdocs\\SpriteGenix_app')
 2 FCPATH\vendor\picqer\php-barcode-generator\src\BarcodeGeneratorPNG.php(54): Picqer\Barcode\BarcodeGenerator->getBarcodeData('C:\\xampp\\htdocs\\SpriteGenix_app', 'C128')
 3 APPPATH\Controllers\Generate_barcode.php(81): Picqer\Barcode\BarcodeGeneratorPNG->getBarcode('C:\\xampp\\htdocs\\SpriteGenix_app', 'C128')
 4 SYSTEMPATH\CodeIgniter.php(934): App\Controllers\Generate_barcode->index()
 5 SYSTEMPATH\CodeIgniter.php(499): CodeIgniter\CodeIgniter->runController(Object(App\Controllers\Generate_barcode))
 6 SYSTEMPATH\CodeIgniter.php(368): CodeIgniter\CodeIgniter->handleRequest(null, Object(Config\Cache), false)
 7 FCPATH\index.php(67): CodeIgniter\CodeIgniter->run()
CRITICAL - 2023-08-04 09:54:51 --> You should provide a barcode string.
in FCPATH\vendor\picqer\php-barcode-generator\src\Types\TypeCode128.php on line 136.
 1 FCPATH\vendor\picqer\php-barcode-generator\src\BarcodeGenerator.php(103): Picqer\Barcode\Types\TypeCode128->getBarcodeData('C:\\xampp\\htdocs\\SpriteGenix_app')
 2 FCPATH\vendor\picqer\php-barcode-generator\src\BarcodeGeneratorPNG.php(54): Picqer\Barcode\BarcodeGenerator->getBarcodeData('C:\\xampp\\htdocs\\SpriteGenix_app', 'C128')
 3 APPPATH\Controllers\Generate_barcode.php(81): Picqer\Barcode\BarcodeGeneratorPNG->getBarcode('C:\\xampp\\htdocs\\SpriteGenix_app', 'C128')
 4 SYSTEMPATH\CodeIgniter.php(934): App\Controllers\Generate_barcode->index()
 5 SYSTEMPATH\CodeIgniter.php(499): CodeIgniter\CodeIgniter->runController(Object(App\Controllers\Generate_barcode))
 6 SYSTEMPATH\CodeIgniter.php(368): CodeIgniter\CodeIgniter->handleRequest(null, Object(Config\Cache), false)
 7 FCPATH\index.php(67): CodeIgniter\CodeIgniter->run()
CRITICAL - 2023-08-04 09:54:54 --> You should provide a barcode string.
in FCPATH\vendor\picqer\php-barcode-generator\src\Types\TypeCode128.php on line 136.
 1 FCPATH\vendor\picqer\php-barcode-generator\src\BarcodeGenerator.php(103): Picqer\Barcode\Types\TypeCode128->getBarcodeData('C:\\xampp\\htdocs\\SpriteGenix_app')
 2 FCPATH\vendor\picqer\php-barcode-generator\src\BarcodeGeneratorPNG.php(54): Picqer\Barcode\BarcodeGenerator->getBarcodeData('C:\\xampp\\htdocs\\SpriteGenix_app', 'C128')
 3 APPPATH\Controllers\Generate_barcode.php(81): Picqer\Barcode\BarcodeGeneratorPNG->getBarcode('C:\\xampp\\htdocs\\SpriteGenix_app', 'C128')
 4 SYSTEMPATH\CodeIgniter.php(934): App\Controllers\Generate_barcode->index()
 5 SYSTEMPATH\CodeIgniter.php(499): CodeIgniter\CodeIgniter->runController(Object(App\Controllers\Generate_barcode))
 6 SYSTEMPATH\CodeIgniter.php(368): CodeIgniter\CodeIgniter->handleRequest(null, Object(Config\Cache), false)
 7 FCPATH\index.php(67): CodeIgniter\CodeIgniter->run()
CRITICAL - 2023-08-04 09:54:59 --> You should provide a barcode string.
in FCPATH\vendor\picqer\php-barcode-generator\src\Types\TypeCode128.php on line 136.
 1 FCPATH\vendor\picqer\php-barcode-generator\src\BarcodeGenerator.php(103): Picqer\Barcode\Types\TypeCode128->getBarcodeData('C:\\xampp\\htdocs\\SpriteGenix_app')
 2 FCPATH\vendor\picqer\php-barcode-generator\src\BarcodeGeneratorPNG.php(54): Picqer\Barcode\BarcodeGenerator->getBarcodeData('C:\\xampp\\htdocs\\SpriteGenix_app', 'C128')
 3 APPPATH\Controllers\Generate_barcode.php(81): Picqer\Barcode\BarcodeGeneratorPNG->getBarcode('C:\\xampp\\htdocs\\SpriteGenix_app', 'C128')
 4 SYSTEMPATH\CodeIgniter.php(934): App\Controllers\Generate_barcode->index()
 5 SYSTEMPATH\CodeIgniter.php(499): CodeIgniter\CodeIgniter->runController(Object(App\Controllers\Generate_barcode))
 6 SYSTEMPATH\CodeIgniter.php(368): CodeIgniter\CodeIgniter->handleRequest(null, Object(Config\Cache), false)
 7 FCPATH\index.php(67): CodeIgniter\CodeIgniter->run()
CRITICAL - 2023-08-04 09:55:20 --> You should provide a barcode string.
in FCPATH\vendor\picqer\php-barcode-generator\src\Types\TypeCode128.php on line 136.
 1 FCPATH\vendor\picqer\php-barcode-generator\src\BarcodeGenerator.php(103): Picqer\Barcode\Types\TypeCode128->getBarcodeData('C:\\xampp\\htdocs\\SpriteGenix_app')
 2 FCPATH\vendor\picqer\php-barcode-generator\src\BarcodeGeneratorPNG.php(54): Picqer\Barcode\BarcodeGenerator->getBarcodeData('C:\\xampp\\htdocs\\SpriteGenix_app', 'C128')
 3 APPPATH\Controllers\Generate_barcode.php(81): Picqer\Barcode\BarcodeGeneratorPNG->getBarcode('C:\\xampp\\htdocs\\SpriteGenix_app', 'C128')
 4 SYSTEMPATH\CodeIgniter.php(934): App\Controllers\Generate_barcode->index()
 5 SYSTEMPATH\CodeIgniter.php(499): CodeIgniter\CodeIgniter->runController(Object(App\Controllers\Generate_barcode))
 6 SYSTEMPATH\CodeIgniter.php(368): CodeIgniter\CodeIgniter->handleRequest(null, Object(Config\Cache), false)
 7 FCPATH\index.php(67): CodeIgniter\CodeIgniter->run()
CRITICAL - 2023-08-04 09:55:30 --> You should provide a barcode string.
in FCPATH\vendor\picqer\php-barcode-generator\src\Types\TypeCode128.php on line 136.
 1 FCPATH\vendor\picqer\php-barcode-generator\src\BarcodeGenerator.php(103): Picqer\Barcode\Types\TypeCode128->getBarcodeData('C:\\xampp\\htdocs\\SpriteGenix_app')
 2 FCPATH\vendor\picqer\php-barcode-generator\src\BarcodeGeneratorPNG.php(54): Picqer\Barcode\BarcodeGenerator->getBarcodeData('C:\\xampp\\htdocs\\SpriteGenix_app', 'C128')
 3 APPPATH\Controllers\Generate_barcode.php(81): Picqer\Barcode\BarcodeGeneratorPNG->getBarcode('C:\\xampp\\htdocs\\SpriteGenix_app', 'C128')
 4 SYSTEMPATH\CodeIgniter.php(934): App\Controllers\Generate_barcode->index()
 5 SYSTEMPATH\CodeIgniter.php(499): CodeIgniter\CodeIgniter->runController(Object(App\Controllers\Generate_barcode))
 6 SYSTEMPATH\CodeIgniter.php(368): CodeIgniter\CodeIgniter->handleRequest(null, Object(Config\Cache), false)
 7 FCPATH\index.php(67): CodeIgniter\CodeIgniter->run()
CRITICAL - 2023-08-04 09:55:40 --> You should provide a barcode string.
in FCPATH\vendor\picqer\php-barcode-generator\src\Types\TypeCode128.php on line 136.
 1 FCPATH\vendor\picqer\php-barcode-generator\src\BarcodeGenerator.php(103): Picqer\Barcode\Types\TypeCode128->getBarcodeData('C:\\xampp\\htdocs\\SpriteGenix_app')
 2 FCPATH\vendor\picqer\php-barcode-generator\src\BarcodeGeneratorPNG.php(54): Picqer\Barcode\BarcodeGenerator->getBarcodeData('C:\\xampp\\htdocs\\SpriteGenix_app', 'C128')
 3 APPPATH\Controllers\Generate_barcode.php(81): Picqer\Barcode\BarcodeGeneratorPNG->getBarcode('C:\\xampp\\htdocs\\SpriteGenix_app', 'C128')
 4 SYSTEMPATH\CodeIgniter.php(934): App\Controllers\Generate_barcode->index()
 5 SYSTEMPATH\CodeIgniter.php(499): CodeIgniter\CodeIgniter->runController(Object(App\Controllers\Generate_barcode))
 6 SYSTEMPATH\CodeIgniter.php(368): CodeIgniter\CodeIgniter->handleRequest(null, Object(Config\Cache), false)
 7 FCPATH\index.php(67): CodeIgniter\CodeIgniter->run()
CRITICAL - 2023-08-04 09:55:43 --> You should provide a barcode string.
in FCPATH\vendor\picqer\php-barcode-generator\src\Types\TypeCode128.php on line 136.
 1 FCPATH\vendor\picqer\php-barcode-generator\src\BarcodeGenerator.php(103): Picqer\Barcode\Types\TypeCode128->getBarcodeData('C:\\xampp\\htdocs\\SpriteGenix_app')
 2 FCPATH\vendor\picqer\php-barcode-generator\src\BarcodeGeneratorPNG.php(54): Picqer\Barcode\BarcodeGenerator->getBarcodeData('C:\\xampp\\htdocs\\SpriteGenix_app', 'C128')
 3 APPPATH\Controllers\Generate_barcode.php(81): Picqer\Barcode\BarcodeGeneratorPNG->getBarcode('C:\\xampp\\htdocs\\SpriteGenix_app', 'C128')
 4 SYSTEMPATH\CodeIgniter.php(934): App\Controllers\Generate_barcode->index()
 5 SYSTEMPATH\CodeIgniter.php(499): CodeIgniter\CodeIgniter->runController(Object(App\Controllers\Generate_barcode))
 6 SYSTEMPATH\CodeIgniter.php(368): CodeIgniter\CodeIgniter->handleRequest(null, Object(Config\Cache), false)
 7 FCPATH\index.php(67): CodeIgniter\CodeIgniter->run()
CRITICAL - 2023-08-04 09:56:23 --> You should provide a barcode string.
in FCPATH\vendor\picqer\php-barcode-generator\src\Types\TypeCode128.php on line 136.
 1 FCPATH\vendor\picqer\php-barcode-generator\src\BarcodeGenerator.php(103): Picqer\Barcode\Types\TypeCode128->getBarcodeData('C:\\xampp\\htdocs\\SpriteGenix_app')
 2 FCPATH\vendor\picqer\php-barcode-generator\src\BarcodeGeneratorPNG.php(54): Picqer\Barcode\BarcodeGenerator->getBarcodeData('C:\\xampp\\htdocs\\SpriteGenix_app', 'C128')
 3 APPPATH\Controllers\Generate_barcode.php(81): Picqer\Barcode\BarcodeGeneratorPNG->getBarcode('C:\\xampp\\htdocs\\SpriteGenix_app', 'C128')
 4 SYSTEMPATH\CodeIgniter.php(934): App\Controllers\Generate_barcode->index()
 5 SYSTEMPATH\CodeIgniter.php(499): CodeIgniter\CodeIgniter->runController(Object(App\Controllers\Generate_barcode))
 6 SYSTEMPATH\CodeIgniter.php(368): CodeIgniter\CodeIgniter->handleRequest(null, Object(Config\Cache), false)
 7 FCPATH\index.php(67): CodeIgniter\CodeIgniter->run()
CRITICAL - 2023-08-04 09:56:37 --> You should provide a barcode string.
in FCPATH\vendor\picqer\php-barcode-generator\src\Types\TypeCode128.php on line 136.
 1 FCPATH\vendor\picqer\php-barcode-generator\src\BarcodeGenerator.php(103): Picqer\Barcode\Types\TypeCode128->getBarcodeData('C:\\xampp\\htdocs\\SpriteGenix_app')
 2 FCPATH\vendor\picqer\php-barcode-generator\src\BarcodeGeneratorPNG.php(54): Picqer\Barcode\BarcodeGenerator->getBarcodeData('C:\\xampp\\htdocs\\SpriteGenix_app', 'C128')
 3 APPPATH\Controllers\Generate_barcode.php(81): Picqer\Barcode\BarcodeGeneratorPNG->getBarcode('C:\\xampp\\htdocs\\SpriteGenix_app', 'C128')
 4 SYSTEMPATH\CodeIgniter.php(934): App\Controllers\Generate_barcode->index()
 5 SYSTEMPATH\CodeIgniter.php(499): CodeIgniter\CodeIgniter->runController(Object(App\Controllers\Generate_barcode))
 6 SYSTEMPATH\CodeIgniter.php(368): CodeIgniter\CodeIgniter->handleRequest(null, Object(Config\Cache), false)
 7 FCPATH\index.php(67): CodeIgniter\CodeIgniter->run()
CRITICAL - 2023-08-04 09:56:55 --> You should provide a barcode string.
in FCPATH\vendor\picqer\php-barcode-generator\src\Types\TypeCode128.php on line 136.
 1 FCPATH\vendor\picqer\php-barcode-generator\src\BarcodeGenerator.php(103): Picqer\Barcode\Types\TypeCode128->getBarcodeData('C:\\xampp\\htdocs\\SpriteGenix_app')
 2 FCPATH\vendor\picqer\php-barcode-generator\src\BarcodeGeneratorPNG.php(54): Picqer\Barcode\BarcodeGenerator->getBarcodeData('C:\\xampp\\htdocs\\SpriteGenix_app', 'C128')
 3 APPPATH\Controllers\Generate_barcode.php(81): Picqer\Barcode\BarcodeGeneratorPNG->getBarcode('C:\\xampp\\htdocs\\SpriteGenix_app', 'C128')
 4 SYSTEMPATH\CodeIgniter.php(934): App\Controllers\Generate_barcode->index()
 5 SYSTEMPATH\CodeIgniter.php(499): CodeIgniter\CodeIgniter->runController(Object(App\Controllers\Generate_barcode))
 6 SYSTEMPATH\CodeIgniter.php(368): CodeIgniter\CodeIgniter->handleRequest(null, Object(Config\Cache), false)
 7 FCPATH\index.php(67): CodeIgniter\CodeIgniter->run()
CRITICAL - 2023-08-04 09:57:35 --> You should provide a barcode string.
in FCPATH\vendor\picqer\php-barcode-generator\src\Types\TypeCode128.php on line 136.
 1 FCPATH\vendor\picqer\php-barcode-generator\src\BarcodeGenerator.php(103): Picqer\Barcode\Types\TypeCode128->getBarcodeData('C:\\xampp\\htdocs\\SpriteGenix_app')
 2 FCPATH\vendor\picqer\php-barcode-generator\src\BarcodeGeneratorPNG.php(54): Picqer\Barcode\BarcodeGenerator->getBarcodeData('C:\\xampp\\htdocs\\SpriteGenix_app', 'C128')
 3 APPPATH\Controllers\Generate_barcode.php(81): Picqer\Barcode\BarcodeGeneratorPNG->getBarcode('C:\\xampp\\htdocs\\SpriteGenix_app', 'C128')
 4 SYSTEMPATH\CodeIgniter.php(934): App\Controllers\Generate_barcode->index()
 5 SYSTEMPATH\CodeIgniter.php(499): CodeIgniter\CodeIgniter->runController(Object(App\Controllers\Generate_barcode))
 6 SYSTEMPATH\CodeIgniter.php(368): CodeIgniter\CodeIgniter->handleRequest(null, Object(Config\Cache), false)
 7 FCPATH\index.php(67): CodeIgniter\CodeIgniter->run()
CRITICAL - 2023-08-04 10:26:04 --> You should provide a barcode string.
in FCPATH\vendor\picqer\php-barcode-generator\src\Types\TypeCode128.php on line 136.
 1 FCPATH\vendor\picqer\php-barcode-generator\src\BarcodeGenerator.php(103): Picqer\Barcode\Types\TypeCode128->getBarcodeData('C:\\xampp\\htdocs\\SpriteGenix_app')
 2 FCPATH\vendor\picqer\php-barcode-generator\src\BarcodeGeneratorPNG.php(54): Picqer\Barcode\BarcodeGenerator->getBarcodeData('C:\\xampp\\htdocs\\SpriteGenix_app', 'C128')
 3 APPPATH\Controllers\Generate_barcode.php(81): Picqer\Barcode\BarcodeGeneratorPNG->getBarcode('C:\\xampp\\htdocs\\SpriteGenix_app', 'C128')
 4 SYSTEMPATH\CodeIgniter.php(934): App\Controllers\Generate_barcode->index()
 5 SYSTEMPATH\CodeIgniter.php(499): CodeIgniter\CodeIgniter->runController(Object(App\Controllers\Generate_barcode))
 6 SYSTEMPATH\CodeIgniter.php(368): CodeIgniter\CodeIgniter->handleRequest(null, Object(Config\Cache), false)
 7 FCPATH\index.php(67): CodeIgniter\CodeIgniter->run()
CRITICAL - 2023-08-04 10:26:12 --> You should provide a barcode string.
in FCPATH\vendor\picqer\php-barcode-generator\src\Types\TypeCode128.php on line 136.
 1 FCPATH\vendor\picqer\php-barcode-generator\src\BarcodeGenerator.php(103): Picqer\Barcode\Types\TypeCode128->getBarcodeData('C:\\xampp\\htdocs\\SpriteGenix_app')
 2 FCPATH\vendor\picqer\php-barcode-generator\src\BarcodeGeneratorPNG.php(54): Picqer\Barcode\BarcodeGenerator->getBarcodeData('C:\\xampp\\htdocs\\SpriteGenix_app', 'C128')
 3 APPPATH\Controllers\Generate_barcode.php(81): Picqer\Barcode\BarcodeGeneratorPNG->getBarcode('C:\\xampp\\htdocs\\SpriteGenix_app', 'C128')
 4 SYSTEMPATH\CodeIgniter.php(934): App\Controllers\Generate_barcode->index()
 5 SYSTEMPATH\CodeIgniter.php(499): CodeIgniter\CodeIgniter->runController(Object(App\Controllers\Generate_barcode))
 6 SYSTEMPATH\CodeIgniter.php(368): CodeIgniter\CodeIgniter->handleRequest(null, Object(Config\Cache), false)
 7 FCPATH\index.php(67): CodeIgniter\CodeIgniter->run()
CRITICAL - 2023-08-04 10:31:08 --> You should provide a barcode string.
in FCPATH\vendor\picqer\php-barcode-generator\src\Types\TypeCode128.php on line 136.
 1 FCPATH\vendor\picqer\php-barcode-generator\src\BarcodeGenerator.php(103): Picqer\Barcode\Types\TypeCode128->getBarcodeData('C:\\xampp\\htdocs\\SpriteGenix_app')
 2 FCPATH\vendor\picqer\php-barcode-generator\src\BarcodeGeneratorPNG.php(54): Picqer\Barcode\BarcodeGenerator->getBarcodeData('C:\\xampp\\htdocs\\SpriteGenix_app', 'C128')
 3 APPPATH\Controllers\Generate_barcode.php(81): Picqer\Barcode\BarcodeGeneratorPNG->getBarcode('C:\\xampp\\htdocs\\SpriteGenix_app', 'C128')
 4 SYSTEMPATH\CodeIgniter.php(934): App\Controllers\Generate_barcode->index()
 5 SYSTEMPATH\CodeIgniter.php(499): CodeIgniter\CodeIgniter->runController(Object(App\Controllers\Generate_barcode))
 6 SYSTEMPATH\CodeIgniter.php(368): CodeIgniter\CodeIgniter->handleRequest(null, Object(Config\Cache), false)
 7 FCPATH\index.php(67): CodeIgniter\CodeIgniter->run()
