CRITICAL - 2023-04-03 08:28:00 --> foreach() argument must be of type array|object, string given
in APPPATH\Controllers\Payroll.php on line 606.
 1 APPPATH\Controllers\Payroll.php(606): CodeIgniter\Debug\Exceptions->errorHandler(2, 'foreach() argument must be of type array|object, string given', 'APPPATH\\Controllers\\Payroll.php', 606)
 2 SYSTEMPATH\CodeIgniter.php(934): App\Controllers\Payroll->save_field_order()
 3 SYSTEMPATH\CodeIgniter.php(499): CodeIgniter\CodeIgniter->runController(Object(App\Controllers\Payroll))
 4 SYSTEMPATH\CodeIgniter.php(368): CodeIgniter\CodeIgniter->handleRequest(null, Object(Config\Cache), false)
 5 FCPATH\index.php(67): CodeIgniter\CodeIgniter->run()
CRITICAL - 2023-04-03 08:28:58 --> strip_tags(): Argument #1 ($string) must be of type string, array given
in APPPATH\Controllers\Payroll.php on line 603.
 1 APPPATH\Controllers\Payroll.php(603): strip_tags([...])
 2 SYSTEMPATH\CodeIgniter.php(934): App\Controllers\Payroll->save_field_order()
 3 SYSTEMPATH\CodeIgniter.php(499): CodeIgniter\CodeIgniter->runController(Object(App\Controllers\Payroll))
 4 SYSTEMPATH\CodeIgniter.php(368): CodeIgniter\CodeIgniter->handleRequest(null, Object(Config\Cache), false)
 5 FCPATH\index.php(67): CodeIgniter\CodeIgniter->run()
CRITICAL - 2023-04-03 08:30:11 --> strip_tags(): Argument #1 ($string) must be of type string, array given
in APPPATH\Controllers\Payroll.php on line 603.
 1 APPPATH\Controllers\Payroll.php(603): strip_tags([...])
 2 SYSTEMPATH\CodeIgniter.php(934): App\Controllers\Payroll->save_field_order()
 3 SYSTEMPATH\CodeIgniter.php(499): CodeIgniter\CodeIgniter->runController(Object(App\Controllers\Payroll))
 4 SYSTEMPATH\CodeIgniter.php(368): CodeIgniter\CodeIgniter->handleRequest(null, Object(Config\Cache), false)
 5 FCPATH\index.php(67): CodeIgniter\CodeIgniter->run()
CRITICAL - 2023-04-03 08:30:23 --> strip_tags(): Argument #1 ($string) must be of type string, array given
in APPPATH\Controllers\Payroll.php on line 603.
 1 APPPATH\Controllers\Payroll.php(603): strip_tags([...])
 2 SYSTEMPATH\CodeIgniter.php(934): App\Controllers\Payroll->save_field_order()
 3 SYSTEMPATH\CodeIgniter.php(499): CodeIgniter\CodeIgniter->runController(Object(App\Controllers\Payroll))
 4 SYSTEMPATH\CodeIgniter.php(368): CodeIgniter\CodeIgniter->handleRequest(null, Object(Config\Cache), false)
 5 FCPATH\index.php(67): CodeIgniter\CodeIgniter->run()
CRITICAL - 2023-04-03 08:31:23 --> There is no data to update.
in SYSTEMPATH\BaseModel.php on line 924.
 1 SYSTEMPATH\BaseModel.php(924): CodeIgniter\Database\Exceptions\DataException::forEmptyDataset('update')
 2 SYSTEMPATH\Model.php(756): CodeIgniter\BaseModel->update([...], [])
 3 APPPATH\Controllers\Payroll.php(609): CodeIgniter\Model->update('C:\\xampp\\htdocs\\SpriteGenix_app', [...])
 4 SYSTEMPATH\CodeIgniter.php(934): App\Controllers\Payroll->save_field_order()
 5 SYSTEMPATH\CodeIgniter.php(499): CodeIgniter\CodeIgniter->runController(Object(App\Controllers\Payroll))
 6 SYSTEMPATH\CodeIgniter.php(368): CodeIgniter\CodeIgniter->handleRequest(null, Object(Config\Cache), false)
 7 FCPATH\index.php(67): CodeIgniter\CodeIgniter->run()
CRITICAL - 2023-04-03 08:31:25 --> There is no data to update.
in SYSTEMPATH\BaseModel.php on line 924.
 1 SYSTEMPATH\BaseModel.php(924): CodeIgniter\Database\Exceptions\DataException::forEmptyDataset('update')
 2 SYSTEMPATH\Model.php(756): CodeIgniter\BaseModel->update([...], [])
 3 APPPATH\Controllers\Payroll.php(609): CodeIgniter\Model->update('C:\\xampp\\htdocs\\SpriteGenix_app', [...])
 4 SYSTEMPATH\CodeIgniter.php(934): App\Controllers\Payroll->save_field_order()
 5 SYSTEMPATH\CodeIgniter.php(499): CodeIgniter\CodeIgniter->runController(Object(App\Controllers\Payroll))
 6 SYSTEMPATH\CodeIgniter.php(368): CodeIgniter\CodeIgniter->handleRequest(null, Object(Config\Cache), false)
 7 FCPATH\index.php(67): CodeIgniter\CodeIgniter->run()
CRITICAL - 2023-04-03 08:38:49 --> strip_tags(): Argument #1 ($string) must be of type string, array given
in APPPATH\Controllers\Payroll.php on line 603.
 1 APPPATH\Controllers\Payroll.php(603): strip_tags([...])
 2 SYSTEMPATH\CodeIgniter.php(934): App\Controllers\Payroll->save_field_order()
 3 SYSTEMPATH\CodeIgniter.php(499): CodeIgniter\CodeIgniter->runController(Object(App\Controllers\Payroll))
 4 SYSTEMPATH\CodeIgniter.php(368): CodeIgniter\CodeIgniter->handleRequest(null, Object(Config\Cache), false)
 5 FCPATH\index.php(67): CodeIgniter\CodeIgniter->run()
CRITICAL - 2023-04-03 08:38:50 --> strip_tags(): Argument #1 ($string) must be of type string, array given
in APPPATH\Controllers\Payroll.php on line 603.
 1 APPPATH\Controllers\Payroll.php(603): strip_tags([...])
 2 SYSTEMPATH\CodeIgniter.php(934): App\Controllers\Payroll->save_field_order()
 3 SYSTEMPATH\CodeIgniter.php(499): CodeIgniter\CodeIgniter->runController(Object(App\Controllers\Payroll))
 4 SYSTEMPATH\CodeIgniter.php(368): CodeIgniter\CodeIgniter->handleRequest(null, Object(Config\Cache), false)
 5 FCPATH\index.php(67): CodeIgniter\CodeIgniter->run()
CRITICAL - 2023-04-03 08:39:15 --> strip_tags(): Argument #1 ($string) must be of type string, array given
in APPPATH\Controllers\Payroll.php on line 603.
 1 APPPATH\Controllers\Payroll.php(603): strip_tags([...])
 2 SYSTEMPATH\CodeIgniter.php(934): App\Controllers\Payroll->save_field_order()
 3 SYSTEMPATH\CodeIgniter.php(499): CodeIgniter\CodeIgniter->runController(Object(App\Controllers\Payroll))
 4 SYSTEMPATH\CodeIgniter.php(368): CodeIgniter\CodeIgniter->handleRequest(null, Object(Config\Cache), false)
 5 FCPATH\index.php(67): CodeIgniter\CodeIgniter->run()
CRITICAL - 2023-04-03 08:40:49 --> strip_tags(): Argument #1 ($string) must be of type string, array given
in APPPATH\Controllers\Payroll.php on line 603.
 1 APPPATH\Controllers\Payroll.php(603): strip_tags([...])
 2 SYSTEMPATH\CodeIgniter.php(934): App\Controllers\Payroll->save_field_order()
 3 SYSTEMPATH\CodeIgniter.php(499): CodeIgniter\CodeIgniter->runController(Object(App\Controllers\Payroll))
 4 SYSTEMPATH\CodeIgniter.php(368): CodeIgniter\CodeIgniter->handleRequest(null, Object(Config\Cache), false)
 5 FCPATH\index.php(67): CodeIgniter\CodeIgniter->run()
CRITICAL - 2023-04-03 08:42:45 --> strip_tags(): Argument #1 ($string) must be of type string, array given
in APPPATH\Controllers\Payroll.php on line 603.
 1 APPPATH\Controllers\Payroll.php(603): strip_tags([...])
 2 SYSTEMPATH\CodeIgniter.php(934): App\Controllers\Payroll->save_field_order()
 3 SYSTEMPATH\CodeIgniter.php(499): CodeIgniter\CodeIgniter->runController(Object(App\Controllers\Payroll))
 4 SYSTEMPATH\CodeIgniter.php(368): CodeIgniter\CodeIgniter->handleRequest(null, Object(Config\Cache), false)
 5 FCPATH\index.php(67): CodeIgniter\CodeIgniter->run()
CRITICAL - 2023-04-03 08:43:00 --> strip_tags(): Argument #1 ($string) must be of type string, array given
in APPPATH\Controllers\Payroll.php on line 603.
 1 APPPATH\Controllers\Payroll.php(603): strip_tags([...])
 2 SYSTEMPATH\CodeIgniter.php(934): App\Controllers\Payroll->save_field_order()
 3 SYSTEMPATH\CodeIgniter.php(499): CodeIgniter\CodeIgniter->runController(Object(App\Controllers\Payroll))
 4 SYSTEMPATH\CodeIgniter.php(368): CodeIgniter\CodeIgniter->handleRequest(null, Object(Config\Cache), false)
 5 FCPATH\index.php(67): CodeIgniter\CodeIgniter->run()
CRITICAL - 2023-04-03 08:56:11 --> strip_tags(): Argument #1 ($string) must be of type string, array given
in APPPATH\Controllers\Payroll.php on line 603.
 1 APPPATH\Controllers\Payroll.php(603): strip_tags([...])
 2 SYSTEMPATH\CodeIgniter.php(934): App\Controllers\Payroll->save_field_order()
 3 SYSTEMPATH\CodeIgniter.php(499): CodeIgniter\CodeIgniter->runController(Object(App\Controllers\Payroll))
 4 SYSTEMPATH\CodeIgniter.php(368): CodeIgniter\CodeIgniter->handleRequest(null, Object(Config\Cache), false)
 5 FCPATH\index.php(67): CodeIgniter\CodeIgniter->run()
CRITICAL - 2023-04-03 08:56:31 --> strip_tags(): Argument #1 ($string) must be of type string, array given
in APPPATH\Controllers\Payroll.php on line 603.
 1 APPPATH\Controllers\Payroll.php(603): strip_tags([...])
 2 SYSTEMPATH\CodeIgniter.php(934): App\Controllers\Payroll->save_field_order()
 3 SYSTEMPATH\CodeIgniter.php(499): CodeIgniter\CodeIgniter->runController(Object(App\Controllers\Payroll))
 4 SYSTEMPATH\CodeIgniter.php(368): CodeIgniter\CodeIgniter->handleRequest(null, Object(Config\Cache), false)
 5 FCPATH\index.php(67): CodeIgniter\CodeIgniter->run()
CRITICAL - 2023-04-03 08:57:50 --> strip_tags(): Argument #1 ($string) must be of type string, array given
in APPPATH\Controllers\Payroll.php on line 603.
 1 APPPATH\Controllers\Payroll.php(603): strip_tags([...])
 2 SYSTEMPATH\CodeIgniter.php(934): App\Controllers\Payroll->save_field_order()
 3 SYSTEMPATH\CodeIgniter.php(499): CodeIgniter\CodeIgniter->runController(Object(App\Controllers\Payroll))
 4 SYSTEMPATH\CodeIgniter.php(368): CodeIgniter\CodeIgniter->handleRequest(null, Object(Config\Cache), false)
 5 FCPATH\index.php(67): CodeIgniter\CodeIgniter->run()
CRITICAL - 2023-04-03 08:57:52 --> strip_tags(): Argument #1 ($string) must be of type string, array given
in APPPATH\Controllers\Payroll.php on line 603.
 1 APPPATH\Controllers\Payroll.php(603): strip_tags([...])
 2 SYSTEMPATH\CodeIgniter.php(934): App\Controllers\Payroll->save_field_order()
 3 SYSTEMPATH\CodeIgniter.php(499): CodeIgniter\CodeIgniter->runController(Object(App\Controllers\Payroll))
 4 SYSTEMPATH\CodeIgniter.php(368): CodeIgniter\CodeIgniter->handleRequest(null, Object(Config\Cache), false)
 5 FCPATH\index.php(67): CodeIgniter\CodeIgniter->run()
CRITICAL - 2023-04-03 09:01:25 --> strip_tags(): Argument #1 ($string) must be of type string, array given
in APPPATH\Controllers\Payroll.php on line 603.
 1 APPPATH\Controllers\Payroll.php(603): strip_tags([...])
 2 SYSTEMPATH\CodeIgniter.php(934): App\Controllers\Payroll->save_field_order()
 3 SYSTEMPATH\CodeIgniter.php(499): CodeIgniter\CodeIgniter->runController(Object(App\Controllers\Payroll))
 4 SYSTEMPATH\CodeIgniter.php(368): CodeIgniter\CodeIgniter->handleRequest(null, Object(Config\Cache), false)
 5 FCPATH\index.php(67): CodeIgniter\CodeIgniter->run()
CRITICAL - 2023-04-03 09:01:26 --> strip_tags(): Argument #1 ($string) must be of type string, array given
in APPPATH\Controllers\Payroll.php on line 603.
 1 APPPATH\Controllers\Payroll.php(603): strip_tags([...])
 2 SYSTEMPATH\CodeIgniter.php(934): App\Controllers\Payroll->save_field_order()
 3 SYSTEMPATH\CodeIgniter.php(499): CodeIgniter\CodeIgniter->runController(Object(App\Controllers\Payroll))
 4 SYSTEMPATH\CodeIgniter.php(368): CodeIgniter\CodeIgniter->handleRequest(null, Object(Config\Cache), false)
 5 FCPATH\index.php(67): CodeIgniter\CodeIgniter->run()
CRITICAL - 2023-04-03 09:06:47 --> strip_tags(): Argument #1 ($string) must be of type string, array given
in APPPATH\Controllers\Payroll.php on line 603.
 1 APPPATH\Controllers\Payroll.php(603): strip_tags([...])
 2 SYSTEMPATH\CodeIgniter.php(934): App\Controllers\Payroll->save_field_order()
 3 SYSTEMPATH\CodeIgniter.php(499): CodeIgniter\CodeIgniter->runController(Object(App\Controllers\Payroll))
 4 SYSTEMPATH\CodeIgniter.php(368): CodeIgniter\CodeIgniter->handleRequest(null, Object(Config\Cache), false)
 5 FCPATH\index.php(67): CodeIgniter\CodeIgniter->run()
CRITICAL - 2023-04-03 09:06:51 --> strip_tags(): Argument #1 ($string) must be of type string, array given
in APPPATH\Controllers\Payroll.php on line 603.
 1 APPPATH\Controllers\Payroll.php(603): strip_tags([...])
 2 SYSTEMPATH\CodeIgniter.php(934): App\Controllers\Payroll->save_field_order()
 3 SYSTEMPATH\CodeIgniter.php(499): CodeIgniter\CodeIgniter->runController(Object(App\Controllers\Payroll))
 4 SYSTEMPATH\CodeIgniter.php(368): CodeIgniter\CodeIgniter->handleRequest(null, Object(Config\Cache), false)
 5 FCPATH\index.php(67): CodeIgniter\CodeIgniter->run()
CRITICAL - 2023-04-03 09:06:57 --> strip_tags(): Argument #1 ($string) must be of type string, array given
in APPPATH\Controllers\Payroll.php on line 603.
 1 APPPATH\Controllers\Payroll.php(603): strip_tags([...])
 2 SYSTEMPATH\CodeIgniter.php(934): App\Controllers\Payroll->save_field_order()
 3 SYSTEMPATH\CodeIgniter.php(499): CodeIgniter\CodeIgniter->runController(Object(App\Controllers\Payroll))
 4 SYSTEMPATH\CodeIgniter.php(368): CodeIgniter\CodeIgniter->handleRequest(null, Object(Config\Cache), false)
 5 FCPATH\index.php(67): CodeIgniter\CodeIgniter->run()
CRITICAL - 2023-04-03 09:07:39 --> strip_tags(): Argument #1 ($string) must be of type string, array given
in APPPATH\Controllers\Payroll.php on line 603.
 1 APPPATH\Controllers\Payroll.php(603): strip_tags([...])
 2 SYSTEMPATH\CodeIgniter.php(934): App\Controllers\Payroll->save_field_order()
 3 SYSTEMPATH\CodeIgniter.php(499): CodeIgniter\CodeIgniter->runController(Object(App\Controllers\Payroll))
 4 SYSTEMPATH\CodeIgniter.php(368): CodeIgniter\CodeIgniter->handleRequest(null, Object(Config\Cache), false)
 5 FCPATH\index.php(67): CodeIgniter\CodeIgniter->run()
CRITICAL - 2023-04-03 09:08:46 --> strip_tags(): Argument #1 ($string) must be of type string, array given
in APPPATH\Controllers\Payroll.php on line 603.
 1 APPPATH\Controllers\Payroll.php(603): strip_tags([...])
 2 SYSTEMPATH\CodeIgniter.php(934): App\Controllers\Payroll->save_field_order()
 3 SYSTEMPATH\CodeIgniter.php(499): CodeIgniter\CodeIgniter->runController(Object(App\Controllers\Payroll))
 4 SYSTEMPATH\CodeIgniter.php(368): CodeIgniter\CodeIgniter->handleRequest(null, Object(Config\Cache), false)
 5 FCPATH\index.php(67): CodeIgniter\CodeIgniter->run()
CRITICAL - 2023-04-03 09:32:30 --> strip_tags(): Argument #1 ($string) must be of type string, array given
in APPPATH\Controllers\Payroll.php on line 603.
 1 APPPATH\Controllers\Payroll.php(603): strip_tags([...])
 2 SYSTEMPATH\CodeIgniter.php(934): App\Controllers\Payroll->save_field_order()
 3 SYSTEMPATH\CodeIgniter.php(499): CodeIgniter\CodeIgniter->runController(Object(App\Controllers\Payroll))
 4 SYSTEMPATH\CodeIgniter.php(368): CodeIgniter\CodeIgniter->handleRequest(null, Object(Config\Cache), false)
 5 FCPATH\index.php(67): CodeIgniter\CodeIgniter->run()
CRITICAL - 2023-04-03 09:32:37 --> strip_tags(): Argument #1 ($string) must be of type string, array given
in APPPATH\Controllers\Payroll.php on line 603.
 1 APPPATH\Controllers\Payroll.php(603): strip_tags([...])
 2 SYSTEMPATH\CodeIgniter.php(934): App\Controllers\Payroll->save_field_order()
 3 SYSTEMPATH\CodeIgniter.php(499): CodeIgniter\CodeIgniter->runController(Object(App\Controllers\Payroll))
 4 SYSTEMPATH\CodeIgniter.php(368): CodeIgniter\CodeIgniter->handleRequest(null, Object(Config\Cache), false)
 5 FCPATH\index.php(67): CodeIgniter\CodeIgniter->run()
CRITICAL - 2023-04-03 09:32:39 --> strip_tags(): Argument #1 ($string) must be of type string, array given
in APPPATH\Controllers\Payroll.php on line 603.
 1 APPPATH\Controllers\Payroll.php(603): strip_tags([...])
 2 SYSTEMPATH\CodeIgniter.php(934): App\Controllers\Payroll->save_field_order()
 3 SYSTEMPATH\CodeIgniter.php(499): CodeIgniter\CodeIgniter->runController(Object(App\Controllers\Payroll))
 4 SYSTEMPATH\CodeIgniter.php(368): CodeIgniter\CodeIgniter->handleRequest(null, Object(Config\Cache), false)
 5 FCPATH\index.php(67): CodeIgniter\CodeIgniter->run()
CRITICAL - 2023-04-03 09:32:40 --> strip_tags(): Argument #1 ($string) must be of type string, array given
in APPPATH\Controllers\Payroll.php on line 603.
 1 APPPATH\Controllers\Payroll.php(603): strip_tags([...])
 2 SYSTEMPATH\CodeIgniter.php(934): App\Controllers\Payroll->save_field_order()
 3 SYSTEMPATH\CodeIgniter.php(499): CodeIgniter\CodeIgniter->runController(Object(App\Controllers\Payroll))
 4 SYSTEMPATH\CodeIgniter.php(368): CodeIgniter\CodeIgniter->handleRequest(null, Object(Config\Cache), false)
 5 FCPATH\index.php(67): CodeIgniter\CodeIgniter->run()
CRITICAL - 2023-04-03 09:32:49 --> strip_tags(): Argument #1 ($string) must be of type string, array given
in APPPATH\Controllers\Payroll.php on line 603.
 1 APPPATH\Controllers\Payroll.php(603): strip_tags([...])
 2 SYSTEMPATH\CodeIgniter.php(934): App\Controllers\Payroll->save_field_order()
 3 SYSTEMPATH\CodeIgniter.php(499): CodeIgniter\CodeIgniter->runController(Object(App\Controllers\Payroll))
 4 SYSTEMPATH\CodeIgniter.php(368): CodeIgniter\CodeIgniter->handleRequest(null, Object(Config\Cache), false)
 5 FCPATH\index.php(67): CodeIgniter\CodeIgniter->run()
CRITICAL - 2023-04-03 09:33:43 --> There is no data to update.
in SYSTEMPATH\BaseModel.php on line 924.
 1 SYSTEMPATH\BaseModel.php(924): CodeIgniter\Database\Exceptions\DataException::forEmptyDataset('update')
 2 SYSTEMPATH\Model.php(756): CodeIgniter\BaseModel->update([...], [])
 3 APPPATH\Controllers\Payroll.php(610): CodeIgniter\Model->update('4', [...])
 4 SYSTEMPATH\CodeIgniter.php(934): App\Controllers\Payroll->save_field_order()
 5 SYSTEMPATH\CodeIgniter.php(499): CodeIgniter\CodeIgniter->runController(Object(App\Controllers\Payroll))
 6 SYSTEMPATH\CodeIgniter.php(368): CodeIgniter\CodeIgniter->handleRequest(null, Object(Config\Cache), false)
 7 FCPATH\index.php(67): CodeIgniter\CodeIgniter->run()
CRITICAL - 2023-04-03 09:33:59 --> There is no data to update.
in SYSTEMPATH\BaseModel.php on line 924.
 1 SYSTEMPATH\BaseModel.php(924): CodeIgniter\Database\Exceptions\DataException::forEmptyDataset('update')
 2 SYSTEMPATH\Model.php(756): CodeIgniter\BaseModel->update([...], [])
 3 APPPATH\Controllers\Payroll.php(610): CodeIgniter\Model->update('4', [...])
 4 SYSTEMPATH\CodeIgniter.php(934): App\Controllers\Payroll->save_field_order()
 5 SYSTEMPATH\CodeIgniter.php(499): CodeIgniter\CodeIgniter->runController(Object(App\Controllers\Payroll))
 6 SYSTEMPATH\CodeIgniter.php(368): CodeIgniter\CodeIgniter->handleRequest(null, Object(Config\Cache), false)
 7 FCPATH\index.php(67): CodeIgniter\CodeIgniter->run()
CRITICAL - 2023-04-03 09:35:36 --> There is no data to update.
in SYSTEMPATH\BaseModel.php on line 924.
 1 SYSTEMPATH\BaseModel.php(924): CodeIgniter\Database\Exceptions\DataException::forEmptyDataset('update')
 2 SYSTEMPATH\Model.php(756): CodeIgniter\BaseModel->update([...], [])
 3 APPPATH\Controllers\Payroll.php(611): CodeIgniter\Model->update('3', [...])
 4 SYSTEMPATH\CodeIgniter.php(934): App\Controllers\Payroll->save_field_order()
 5 SYSTEMPATH\CodeIgniter.php(499): CodeIgniter\CodeIgniter->runController(Object(App\Controllers\Payroll))
 6 SYSTEMPATH\CodeIgniter.php(368): CodeIgniter\CodeIgniter->handleRequest(null, Object(Config\Cache), false)
 7 FCPATH\index.php(67): CodeIgniter\CodeIgniter->run()
CRITICAL - 2023-04-03 09:35:38 --> There is no data to update.
in SYSTEMPATH\BaseModel.php on line 924.
 1 SYSTEMPATH\BaseModel.php(924): CodeIgniter\Database\Exceptions\DataException::forEmptyDataset('update')
 2 SYSTEMPATH\Model.php(756): CodeIgniter\BaseModel->update([...], [])
 3 APPPATH\Controllers\Payroll.php(611): CodeIgniter\Model->update('3', [...])
 4 SYSTEMPATH\CodeIgniter.php(934): App\Controllers\Payroll->save_field_order()
 5 SYSTEMPATH\CodeIgniter.php(499): CodeIgniter\CodeIgniter->runController(Object(App\Controllers\Payroll))
 6 SYSTEMPATH\CodeIgniter.php(368): CodeIgniter\CodeIgniter->handleRequest(null, Object(Config\Cache), false)
 7 FCPATH\index.php(67): CodeIgniter\CodeIgniter->run()
CRITICAL - 2023-04-03 09:36:36 --> There is no data to update.
in SYSTEMPATH\BaseModel.php on line 924.
 1 SYSTEMPATH\BaseModel.php(924): CodeIgniter\Database\Exceptions\DataException::forEmptyDataset('update')
 2 SYSTEMPATH\Model.php(756): CodeIgniter\BaseModel->update([...], [])
 3 APPPATH\Controllers\Payroll.php(611): CodeIgniter\Model->update('3', [...])
 4 SYSTEMPATH\CodeIgniter.php(934): App\Controllers\Payroll->save_field_order()
 5 SYSTEMPATH\CodeIgniter.php(499): CodeIgniter\CodeIgniter->runController(Object(App\Controllers\Payroll))
 6 SYSTEMPATH\CodeIgniter.php(368): CodeIgniter\CodeIgniter->handleRequest(null, Object(Config\Cache), false)
 7 FCPATH\index.php(67): CodeIgniter\CodeIgniter->run()
CRITICAL - 2023-04-03 09:37:38 --> There is no data to update.
in SYSTEMPATH\BaseModel.php on line 924.
 1 SYSTEMPATH\BaseModel.php(924): CodeIgniter\Database\Exceptions\DataException::forEmptyDataset('update')
 2 SYSTEMPATH\Model.php(756): CodeIgniter\BaseModel->update([...], [])
 3 APPPATH\Controllers\Payroll.php(611): CodeIgniter\Model->update('4', [...])
 4 SYSTEMPATH\CodeIgniter.php(934): App\Controllers\Payroll->save_field_order()
 5 SYSTEMPATH\CodeIgniter.php(499): CodeIgniter\CodeIgniter->runController(Object(App\Controllers\Payroll))
 6 SYSTEMPATH\CodeIgniter.php(368): CodeIgniter\CodeIgniter->handleRequest(null, Object(Config\Cache), false)
 7 FCPATH\index.php(67): CodeIgniter\CodeIgniter->run()
CRITICAL - 2023-04-03 09:37:41 --> There is no data to update.
in SYSTEMPATH\BaseModel.php on line 924.
 1 SYSTEMPATH\BaseModel.php(924): CodeIgniter\Database\Exceptions\DataException::forEmptyDataset('update')
 2 SYSTEMPATH\Model.php(756): CodeIgniter\BaseModel->update([...], [])
 3 APPPATH\Controllers\Payroll.php(611): CodeIgniter\Model->update('4', [...])
 4 SYSTEMPATH\CodeIgniter.php(934): App\Controllers\Payroll->save_field_order()
 5 SYSTEMPATH\CodeIgniter.php(499): CodeIgniter\CodeIgniter->runController(Object(App\Controllers\Payroll))
 6 SYSTEMPATH\CodeIgniter.php(368): CodeIgniter\CodeIgniter->handleRequest(null, Object(Config\Cache), false)
 7 FCPATH\index.php(67): CodeIgniter\CodeIgniter->run()
CRITICAL - 2023-04-03 09:37:56 --> There is no data to update.
in SYSTEMPATH\BaseModel.php on line 924.
 1 SYSTEMPATH\BaseModel.php(924): CodeIgniter\Database\Exceptions\DataException::forEmptyDataset('update')
 2 SYSTEMPATH\Model.php(756): CodeIgniter\BaseModel->update([...], [])
 3 APPPATH\Controllers\Payroll.php(611): CodeIgniter\Model->update('6', [...])
 4 SYSTEMPATH\CodeIgniter.php(934): App\Controllers\Payroll->save_field_order()
 5 SYSTEMPATH\CodeIgniter.php(499): CodeIgniter\CodeIgniter->runController(Object(App\Controllers\Payroll))
 6 SYSTEMPATH\CodeIgniter.php(368): CodeIgniter\CodeIgniter->handleRequest(null, Object(Config\Cache), false)
 7 FCPATH\index.php(67): CodeIgniter\CodeIgniter->run()
CRITICAL - 2023-04-03 09:38:04 --> There is no data to update.
in SYSTEMPATH\BaseModel.php on line 924.
 1 SYSTEMPATH\BaseModel.php(924): CodeIgniter\Database\Exceptions\DataException::forEmptyDataset('update')
 2 SYSTEMPATH\Model.php(756): CodeIgniter\BaseModel->update([...], [])
 3 APPPATH\Controllers\Payroll.php(611): CodeIgniter\Model->update('6', [...])
 4 SYSTEMPATH\CodeIgniter.php(934): App\Controllers\Payroll->save_field_order()
 5 SYSTEMPATH\CodeIgniter.php(499): CodeIgniter\CodeIgniter->runController(Object(App\Controllers\Payroll))
 6 SYSTEMPATH\CodeIgniter.php(368): CodeIgniter\CodeIgniter->handleRequest(null, Object(Config\Cache), false)
 7 FCPATH\index.php(67): CodeIgniter\CodeIgniter->run()
CRITICAL - 2023-04-03 09:39:09 --> There is no data to update.
in SYSTEMPATH\BaseModel.php on line 924.
 1 SYSTEMPATH\BaseModel.php(924): CodeIgniter\Database\Exceptions\DataException::forEmptyDataset('update')
 2 SYSTEMPATH\Model.php(756): CodeIgniter\BaseModel->update([...], [])
 3 APPPATH\Controllers\Payroll.php(613): CodeIgniter\Model->update('6', [...])
 4 SYSTEMPATH\CodeIgniter.php(934): App\Controllers\Payroll->save_field_order()
 5 SYSTEMPATH\CodeIgniter.php(499): CodeIgniter\CodeIgniter->runController(Object(App\Controllers\Payroll))
 6 SYSTEMPATH\CodeIgniter.php(368): CodeIgniter\CodeIgniter->handleRequest(null, Object(Config\Cache), false)
 7 FCPATH\index.php(67): CodeIgniter\CodeIgniter->run()
CRITICAL - 2023-04-03 09:46:08 --> There is no data to update.
in SYSTEMPATH\BaseModel.php on line 924.
 1 SYSTEMPATH\BaseModel.php(924): CodeIgniter\Database\Exceptions\DataException::forEmptyDataset('update')
 2 SYSTEMPATH\Model.php(756): CodeIgniter\BaseModel->update([...], [])
 3 APPPATH\Controllers\Payroll.php(613): CodeIgniter\Model->update('6', [...])
 4 SYSTEMPATH\CodeIgniter.php(934): App\Controllers\Payroll->save_field_order()
 5 SYSTEMPATH\CodeIgniter.php(499): CodeIgniter\CodeIgniter->runController(Object(App\Controllers\Payroll))
 6 SYSTEMPATH\CodeIgniter.php(368): CodeIgniter\CodeIgniter->handleRequest(null, Object(Config\Cache), false)
 7 FCPATH\index.php(67): CodeIgniter\CodeIgniter->run()
CRITICAL - 2023-04-03 09:46:18 --> There is no data to update.
in SYSTEMPATH\BaseModel.php on line 924.
 1 SYSTEMPATH\BaseModel.php(924): CodeIgniter\Database\Exceptions\DataException::forEmptyDataset('update')
 2 SYSTEMPATH\Model.php(756): CodeIgniter\BaseModel->update([...], [])
 3 APPPATH\Controllers\Payroll.php(613): CodeIgniter\Model->update(8, [...])
 4 SYSTEMPATH\CodeIgniter.php(934): App\Controllers\Payroll->save_field_order()
 5 SYSTEMPATH\CodeIgniter.php(499): CodeIgniter\CodeIgniter->runController(Object(App\Controllers\Payroll))
 6 SYSTEMPATH\CodeIgniter.php(368): CodeIgniter\CodeIgniter->handleRequest(null, Object(Config\Cache), false)
 7 FCPATH\index.php(67): CodeIgniter\CodeIgniter->run()
CRITICAL - 2023-04-03 09:46:29 --> There is no data to update.
in SYSTEMPATH\BaseModel.php on line 924.
 1 SYSTEMPATH\BaseModel.php(924): CodeIgniter\Database\Exceptions\DataException::forEmptyDataset('update')
 2 SYSTEMPATH\Model.php(756): CodeIgniter\BaseModel->update([...], [])
 3 APPPATH\Controllers\Payroll.php(613): CodeIgniter\Model->update(8, [...])
 4 SYSTEMPATH\CodeIgniter.php(934): App\Controllers\Payroll->save_field_order()
 5 SYSTEMPATH\CodeIgniter.php(499): CodeIgniter\CodeIgniter->runController(Object(App\Controllers\Payroll))
 6 SYSTEMPATH\CodeIgniter.php(368): CodeIgniter\CodeIgniter->handleRequest(null, Object(Config\Cache), false)
 7 FCPATH\index.php(67): CodeIgniter\CodeIgniter->run()
