CRITICAL - 2023-03-09 04:01:05 --> Invalid file: "footer.php"
in SYSTEMPATH\Exceptions\FrameworkException.php on line 33.
 1 SYSTEMPATH\View\View.php(201): CodeIgniter\Exceptions\FrameworkException::forInvalidFile('footer.php')
 2 SYSTEMPATH\Common.php(1184): CodeIgniter\View\View->render('footer', [], true)
 3 APPPATH\Controllers\Submenu.php(11): view('footer')
 4 SYSTEMPATH\CodeIgniter.php(934): App\Controllers\Submenu->index()
 5 SYSTEMPATH\CodeIgniter.php(499): CodeIgniter\CodeIgniter->runController(Object(App\Controllers\Submenu))
 6 SYSTEMPATH\CodeIgniter.php(368): CodeIgniter\CodeIgniter->handleRequest(null, Object(Config\Cache), false)
 7 FCPATH\index.php(67): CodeIgniter\CodeIgniter->run()
CRITICAL - 2023-03-09 04:01:25 --> Invalid file: "footer.php"
in SYSTEMPATH\Exceptions\FrameworkException.php on line 33.
 1 SYSTEMPATH\View\View.php(201): CodeIgniter\Exceptions\FrameworkException::forInvalidFile('footer.php')
 2 SYSTEMPATH\Common.php(1184): CodeIgniter\View\View->render('footer', [], true)
 3 APPPATH\Controllers\Submenu.php(11): view('footer')
 4 SYSTEMPATH\CodeIgniter.php(934): App\Controllers\Submenu->index()
 5 SYSTEMPATH\CodeIgniter.php(499): CodeIgniter\CodeIgniter->runController(Object(App\Controllers\Submenu))
 6 SYSTEMPATH\CodeIgniter.php(368): CodeIgniter\CodeIgniter->handleRequest(null, Object(Config\Cache), false)
 7 FCPATH\index.php(67): CodeIgniter\CodeIgniter->run()
CRITICAL - 2023-03-09 04:15:29 --> Invalid file: "sub_menu/sub_menu.php"
in SYSTEMPATH\Exceptions\FrameworkException.php on line 33.
 1 SYSTEMPATH\View\View.php(201): CodeIgniter\Exceptions\FrameworkException::forInvalidFile('sub_menu/sub_menu.php')
 2 SYSTEMPATH\Common.php(1184): CodeIgniter\View\View->render('sub_menu/sub_menu', [], true)
 3 APPPATH\Controllers\Submenu.php(10): view('sub_menu/sub_menu')
 4 SYSTEMPATH\CodeIgniter.php(934): App\Controllers\Submenu->index()
 5 SYSTEMPATH\CodeIgniter.php(499): CodeIgniter\CodeIgniter->runController(Object(App\Controllers\Submenu))
 6 SYSTEMPATH\CodeIgniter.php(368): CodeIgniter\CodeIgniter->handleRequest(null, Object(Config\Cache), false)
 7 FCPATH\index.php(67): CodeIgniter\CodeIgniter->run()
CRITICAL - 2023-03-09 04:16:04 --> Invalid file: "sub_menu/sub_menu.php"
in SYSTEMPATH\Exceptions\FrameworkException.php on line 33.
 1 SYSTEMPATH\View\View.php(201): CodeIgniter\Exceptions\FrameworkException::forInvalidFile('sub_menu/sub_menu.php')
 2 SYSTEMPATH\Common.php(1184): CodeIgniter\View\View->render('sub_menu/sub_menu', [], true)
 3 APPPATH\Controllers\Submenu.php(10): view('sub_menu/sub_menu')
 4 SYSTEMPATH\CodeIgniter.php(934): App\Controllers\Submenu->index()
 5 SYSTEMPATH\CodeIgniter.php(499): CodeIgniter\CodeIgniter->runController(Object(App\Controllers\Submenu))
 6 SYSTEMPATH\CodeIgniter.php(368): CodeIgniter\CodeIgniter->handleRequest(null, Object(Config\Cache), false)
 7 FCPATH\index.php(67): CodeIgniter\CodeIgniter->run()
CRITICAL - 2023-03-09 04:16:05 --> Invalid file: "sub_menu/sub_menu.php"
in SYSTEMPATH\Exceptions\FrameworkException.php on line 33.
 1 SYSTEMPATH\View\View.php(201): CodeIgniter\Exceptions\FrameworkException::forInvalidFile('sub_menu/sub_menu.php')
 2 SYSTEMPATH\Common.php(1184): CodeIgniter\View\View->render('sub_menu/sub_menu', [], true)
 3 APPPATH\Controllers\Submenu.php(10): view('sub_menu/sub_menu')
 4 SYSTEMPATH\CodeIgniter.php(934): App\Controllers\Submenu->index()
 5 SYSTEMPATH\CodeIgniter.php(499): CodeIgniter\CodeIgniter->runController(Object(App\Controllers\Submenu))
 6 SYSTEMPATH\CodeIgniter.php(368): CodeIgniter\CodeIgniter->handleRequest(null, Object(Config\Cache), false)
 7 FCPATH\index.php(67): CodeIgniter\CodeIgniter->run()
CRITICAL - 2023-03-09 04:16:17 --> Invalid file: "submenu/sub_footer.php"
in SYSTEMPATH\Exceptions\FrameworkException.php on line 33.
 1 SYSTEMPATH\View\View.php(201): CodeIgniter\Exceptions\FrameworkException::forInvalidFile('submenu/sub_footer.php')
 2 SYSTEMPATH\Common.php(1184): CodeIgniter\View\View->render('submenu/sub_footer', [], true)
 3 APPPATH\Controllers\Submenu.php(12): view('submenu/sub_footer')
 4 SYSTEMPATH\CodeIgniter.php(934): App\Controllers\Submenu->index()
 5 SYSTEMPATH\CodeIgniter.php(499): CodeIgniter\CodeIgniter->runController(Object(App\Controllers\Submenu))
 6 SYSTEMPATH\CodeIgniter.php(368): CodeIgniter\CodeIgniter->handleRequest(null, Object(Config\Cache), false)
 7 FCPATH\index.php(67): CodeIgniter\CodeIgniter->run()
CRITICAL - 2023-03-09 04:19:49 --> Call to undefined function sn2()
in APPPATH\Views\header.php on line 30.
 1 SYSTEMPATH\View\View.php(213): include()
 2 SYSTEMPATH\View\View.php(216): CodeIgniter\View\View->CodeIgniter\View\{closure}()
 3 SYSTEMPATH\Common.php(1184): CodeIgniter\View\View->render('header', [], true)
 4 APPPATH\Controllers\Submenu.php(9): view('header')
 5 SYSTEMPATH\CodeIgniter.php(934): App\Controllers\Submenu->index()
 6 SYSTEMPATH\CodeIgniter.php(499): CodeIgniter\CodeIgniter->runController(Object(App\Controllers\Submenu))
 7 SYSTEMPATH\CodeIgniter.php(368): CodeIgniter\CodeIgniter->handleRequest(null, Object(Config\Cache), false)
 8 FCPATH\index.php(67): CodeIgniter\CodeIgniter->run()
CRITICAL - 2023-03-09 05:32:30 --> "validateUser" is not a valid rule.
in SYSTEMPATH\Validation\Validation.php on line 320.
 1 SYSTEMPATH\Validation\Validation.php(320): CodeIgniter\Validation\Exceptions\ValidationException::forRuleNotFound('validateUser')
 2 SYSTEMPATH\Validation\Validation.php(170): CodeIgniter\Validation\Validation->processRules('password', 'password', '@#Qwertyui', [...], [...])
 3 SYSTEMPATH\Controller.php(140): CodeIgniter\Validation\Validation->run()
 4 APPPATH\Controllers\Users.php(37): CodeIgniter\Controller->validate([...], [...])
 5 SYSTEMPATH\CodeIgniter.php(934): App\Controllers\Users->login()
 6 SYSTEMPATH\CodeIgniter.php(499): CodeIgniter\CodeIgniter->runController(Object(App\Controllers\Users))
 7 SYSTEMPATH\CodeIgniter.php(368): CodeIgniter\CodeIgniter->handleRequest(null, Object(Config\Cache), false)
 8 FCPATH\index.php(67): CodeIgniter\CodeIgniter->run()
ERROR - 2023-03-09 05:33:06 --> Error connecting to the database: mysqli_sql_exception: Access denied for user ''@'localhost' (using password: NO) in C:\xampp\htdocs\SpriteGenix_app\system\Database\MySQLi\Connection.php:174
Stack trace:
#0 C:\xampp\htdocs\SpriteGenix_app\system\Database\MySQLi\Connection.php(174): mysqli->real_connect('localhost', '', '', '', 3306, '', 0)
#1 C:\xampp\htdocs\SpriteGenix_app\system\Database\BaseConnection.php(391): CodeIgniter\Database\MySQLi\Connection->connect(false)
#2 C:\xampp\htdocs\SpriteGenix_app\system\Database\BaseConnection.php(573): CodeIgniter\Database\BaseConnection->initialize()
#3 C:\xampp\htdocs\SpriteGenix_app\system\Database\BaseBuilder.php(1616): CodeIgniter\Database\BaseConnection->query('SELECT *\nFROM `...', Array, false)
#4 C:\xampp\htdocs\SpriteGenix_app\system\Model.php(268): CodeIgniter\Database\BaseBuilder->get()
#5 C:\xampp\htdocs\SpriteGenix_app\system\BaseModel.php(656): CodeIgniter\Model->doFirst()
#6 C:\xampp\htdocs\SpriteGenix_app\app\Validation\UserRules.php(11): CodeIgniter\BaseModel->first()
#7 C:\xampp\htdocs\SpriteGenix_app\system\Validation\Validation.php(312): App\Validation\UserRules->validateUser('@#Qwertyui', 'email,password', Array, NULL, 'password')
#8 C:\xampp\htdocs\SpriteGenix_app\system\Validation\Validation.php(170): CodeIgniter\Validation\Validation->processRules('password', 'password', '@#Qwertyui', Array, Array)
#9 C:\xampp\htdocs\SpriteGenix_app\system\Controller.php(140): CodeIgniter\Validation\Validation->run()
#10 C:\xampp\htdocs\SpriteGenix_app\app\Controllers\Users.php(37): CodeIgniter\Controller->validate(Array, Array)
#11 C:\xampp\htdocs\SpriteGenix_app\system\CodeIgniter.php(934): App\Controllers\Users->login()
#12 C:\xampp\htdocs\SpriteGenix_app\system\CodeIgniter.php(499): CodeIgniter\CodeIgniter->runController(Object(App\Controllers\Users))
#13 C:\xampp\htdocs\SpriteGenix_app\system\CodeIgniter.php(368): CodeIgniter\CodeIgniter->handleRequest(NULL, Object(Config\Cache), false)
#14 C:\xampp\htdocs\SpriteGenix_app\index.php(67): CodeIgniter\CodeIgniter->run()
#15 {main}

Next CodeIgniter\Database\Exceptions\DatabaseException: Access denied for user ''@'localhost' (using password: NO) in C:\xampp\htdocs\SpriteGenix_app\system\Database\MySQLi\Connection.php:218
Stack trace:
#0 C:\xampp\htdocs\SpriteGenix_app\system\Database\BaseConnection.php(391): CodeIgniter\Database\MySQLi\Connection->connect(false)
#1 C:\xampp\htdocs\SpriteGenix_app\system\Database\BaseConnection.php(573): CodeIgniter\Database\BaseConnection->initialize()
#2 C:\xampp\htdocs\SpriteGenix_app\system\Database\BaseBuilder.php(1616): CodeIgniter\Database\BaseConnection->query('SELECT *\nFROM `...', Array, false)
#3 C:\xampp\htdocs\SpriteGenix_app\system\Model.php(268): CodeIgniter\Database\BaseBuilder->get()
#4 C:\xampp\htdocs\SpriteGenix_app\system\BaseModel.php(656): CodeIgniter\Model->doFirst()
#5 C:\xampp\htdocs\SpriteGenix_app\app\Validation\UserRules.php(11): CodeIgniter\BaseModel->first()
#6 C:\xampp\htdocs\SpriteGenix_app\system\Validation\Validation.php(312): App\Validation\UserRules->validateUser('@#Qwertyui', 'email,password', Array, NULL, 'password')
#7 C:\xampp\htdocs\SpriteGenix_app\system\Validation\Validation.php(170): CodeIgniter\Validation\Validation->processRules('password', 'password', '@#Qwertyui', Array, Array)
#8 C:\xampp\htdocs\SpriteGenix_app\system\Controller.php(140): CodeIgniter\Validation\Validation->run()
#9 C:\xampp\htdocs\SpriteGenix_app\app\Controllers\Users.php(37): CodeIgniter\Controller->validate(Array, Array)
#10 C:\xampp\htdocs\SpriteGenix_app\system\CodeIgniter.php(934): App\Controllers\Users->login()
#11 C:\xampp\htdocs\SpriteGenix_app\system\CodeIgniter.php(499): CodeIgniter\CodeIgniter->runController(Object(App\Controllers\Users))
#12 C:\xampp\htdocs\SpriteGenix_app\system\CodeIgniter.php(368): CodeIgniter\CodeIgniter->handleRequest(NULL, Object(Config\Cache), false)
#13 C:\xampp\htdocs\SpriteGenix_app\index.php(67): CodeIgniter\CodeIgniter->run()
#14 {main}
CRITICAL - 2023-03-09 05:33:06 --> Unable to connect to the database.
Main connection [MySQLi]: Access denied for user ''@'localhost' (using password: NO)
in SYSTEMPATH\Database\BaseConnection.php on line 427.
 1 SYSTEMPATH\Database\BaseConnection.php(573): CodeIgniter\Database\BaseConnection->initialize()
 2 SYSTEMPATH\Database\BaseBuilder.php(1616): CodeIgniter\Database\BaseConnection->query('SELECT *
FROM `customers`
WHERE `email` = :email:
 LIMIT 1', [...], false)
 3 SYSTEMPATH\Model.php(268): CodeIgniter\Database\BaseBuilder->get()
 4 SYSTEMPATH\BaseModel.php(656): CodeIgniter\Model->doFirst()
 5 APPPATH\Validation\UserRules.php(11): CodeIgniter\BaseModel->first()
 6 SYSTEMPATH\Validation\Validation.php(312): App\Validation\UserRules->validateUser('@#Qwertyui', 'email,password', [...], null, 'password')
 7 SYSTEMPATH\Validation\Validation.php(170): CodeIgniter\Validation\Validation->processRules('password', 'password', '@#Qwertyui', [...], [...])
 8 SYSTEMPATH\Controller.php(140): CodeIgniter\Validation\Validation->run()
 9 APPPATH\Controllers\Users.php(37): CodeIgniter\Controller->validate([...], [...])
10 SYSTEMPATH\CodeIgniter.php(934): App\Controllers\Users->login()
11 SYSTEMPATH\CodeIgniter.php(499): CodeIgniter\CodeIgniter->runController(Object(App\Controllers\Users))
12 SYSTEMPATH\CodeIgniter.php(368): CodeIgniter\CodeIgniter->handleRequest(null, Object(Config\Cache), false)
13 FCPATH\index.php(67): CodeIgniter\CodeIgniter->run()
CRITICAL - 2023-03-09 05:35:04 --> Invalid file: "dashboard.php"
in SYSTEMPATH\Exceptions\FrameworkException.php on line 33.
 1 SYSTEMPATH\View\View.php(201): CodeIgniter\Exceptions\FrameworkException::forInvalidFile('dashboard.php')
 2 SYSTEMPATH\Common.php(1184): CodeIgniter\View\View->render('dashboard', [], true)
 3 APPPATH\Controllers\Home.php(132): view('dashboard', [...])
 4 SYSTEMPATH\CodeIgniter.php(934): App\Controllers\Home->index()
 5 SYSTEMPATH\CodeIgniter.php(499): CodeIgniter\CodeIgniter->runController(Object(App\Controllers\Home))
 6 SYSTEMPATH\CodeIgniter.php(368): CodeIgniter\CodeIgniter->handleRequest(null, Object(Config\Cache), false)
 7 FCPATH\index.php(67): CodeIgniter\CodeIgniter->run()
CRITICAL - 2023-03-09 05:43:12 --> Invalid file: "dashboard.php"
in SYSTEMPATH\Exceptions\FrameworkException.php on line 33.
 1 SYSTEMPATH\View\View.php(201): CodeIgniter\Exceptions\FrameworkException::forInvalidFile('dashboard.php')
 2 SYSTEMPATH\Common.php(1184): CodeIgniter\View\View->render('dashboard', [], true)
 3 APPPATH\Controllers\Home.php(132): view('dashboard', [...])
 4 SYSTEMPATH\CodeIgniter.php(934): App\Controllers\Home->index()
 5 SYSTEMPATH\CodeIgniter.php(499): CodeIgniter\CodeIgniter->runController(Object(App\Controllers\Home))
 6 SYSTEMPATH\CodeIgniter.php(368): CodeIgniter\CodeIgniter->handleRequest(null, Object(Config\Cache), false)
 7 FCPATH\index.php(67): CodeIgniter\CodeIgniter->run()
CRITICAL - 2023-03-09 08:27:49 --> Invalid file: "notifications/notifications.php"
in SYSTEMPATH\Exceptions\FrameworkException.php on line 33.
 1 SYSTEMPATH\View\View.php(201): CodeIgniter\Exceptions\FrameworkException::forInvalidFile('notifications/notifications.php')
 2 SYSTEMPATH\Common.php(1184): CodeIgniter\View\View->render('notifications/notifications', [], true)
 3 APPPATH\Controllers\Notifications.php(73): view('notifications/notifications')
 4 SYSTEMPATH\CodeIgniter.php(934): App\Controllers\Notifications->index()
 5 SYSTEMPATH\CodeIgniter.php(499): CodeIgniter\CodeIgniter->runController(Object(App\Controllers\Notifications))
 6 SYSTEMPATH\CodeIgniter.php(368): CodeIgniter\CodeIgniter->handleRequest(null, Object(Config\Cache), false)
 7 FCPATH\index.php(67): CodeIgniter\CodeIgniter->run()
CRITICAL - 2023-03-09 08:29:58 --> Invalid file: "notifications/notifications.php"
in SYSTEMPATH\Exceptions\FrameworkException.php on line 33.
 1 SYSTEMPATH\View\View.php(201): CodeIgniter\Exceptions\FrameworkException::forInvalidFile('notifications/notifications.php')
 2 SYSTEMPATH\Common.php(1184): CodeIgniter\View\View->render('notifications/notifications', [], true)
 3 APPPATH\Controllers\Notifications.php(73): view('notifications/notifications')
 4 SYSTEMPATH\CodeIgniter.php(934): App\Controllers\Notifications->index()
 5 SYSTEMPATH\CodeIgniter.php(499): CodeIgniter\CodeIgniter->runController(Object(App\Controllers\Notifications))
 6 SYSTEMPATH\CodeIgniter.php(368): CodeIgniter\CodeIgniter->handleRequest(null, Object(Config\Cache), false)
 7 FCPATH\index.php(67): CodeIgniter\CodeIgniter->run()
CRITICAL - 2023-03-09 08:36:59 --> Array to string conversion
in APPPATH\Views\notifications\notifications.php on line 85.
 1 [internal function]: CodeIgniter\Debug\Exceptions->errorHandler(2, 'Array to string conversion', 'APPPATH\\Views\\notifications\\notifications.php', 85)
 2 APPPATH\Views\notifications\notifications.php(85): str_replace([...], 'C:\\xampp\\htdocs\\SpriteGenix_app', 'Reference no <b>8654</b> on critical')
 3 SYSTEMPATH\View\View.php(213): include('APPPATH\\Views\\notifications\\notifications.php')
 4 SYSTEMPATH\View\View.php(216): CodeIgniter\View\View->CodeIgniter\View\{closure}()
 5 SYSTEMPATH\Common.php(1184): CodeIgniter\View\View->render('notifications/notifications', [], true)
 6 APPPATH\Controllers\Notifications.php(74): view('notifications/notifications')
 7 SYSTEMPATH\CodeIgniter.php(934): App\Controllers\Notifications->index()
 8 SYSTEMPATH\CodeIgniter.php(499): CodeIgniter\CodeIgniter->runController(Object(App\Controllers\Notifications))
 9 SYSTEMPATH\CodeIgniter.php(368): CodeIgniter\CodeIgniter->handleRequest(null, Object(Config\Cache), false)
10 FCPATH\index.php(67): CodeIgniter\CodeIgniter->run()
CRITICAL - 2023-03-09 08:37:15 --> str_replace() expects at least 3 arguments, 2 given
in APPPATH\Views\notifications\notifications.php on line 85.
 1 APPPATH\Views\notifications\notifications.php(85): str_replace([...], 'Reference no <b>8654</b> on critical')
 2 SYSTEMPATH\View\View.php(213): include('APPPATH\\Views\\notifications\\notifications.php')
 3 SYSTEMPATH\View\View.php(216): CodeIgniter\View\View->CodeIgniter\View\{closure}()
 4 SYSTEMPATH\Common.php(1184): CodeIgniter\View\View->render('notifications/notifications', [], true)
 5 APPPATH\Controllers\Notifications.php(74): view('notifications/notifications')
 6 SYSTEMPATH\CodeIgniter.php(934): App\Controllers\Notifications->index()
 7 SYSTEMPATH\CodeIgniter.php(499): CodeIgniter\CodeIgniter->runController(Object(App\Controllers\Notifications))
 8 SYSTEMPATH\CodeIgniter.php(368): CodeIgniter\CodeIgniter->handleRequest(null, Object(Config\Cache), false)
 9 FCPATH\index.php(67): CodeIgniter\CodeIgniter->run()
CRITICAL - 2023-03-09 10:54:24 --> Invalid file: "customers/customers.php"
in SYSTEMPATH\Exceptions\FrameworkException.php on line 33.
 1 SYSTEMPATH\View\View.php(201): CodeIgniter\Exceptions\FrameworkException::forInvalidFile('customers/customers.php')
 2 SYSTEMPATH\Common.php(1184): CodeIgniter\View\View->render('customers/customers', [], true)
 3 APPPATH\Controllers\Customers.php(345): view('customers/customers')
 4 SYSTEMPATH\CodeIgniter.php(934): App\Controllers\Customers->index()
 5 SYSTEMPATH\CodeIgniter.php(499): CodeIgniter\CodeIgniter->runController(Object(App\Controllers\Customers))
 6 SYSTEMPATH\CodeIgniter.php(368): CodeIgniter\CodeIgniter->handleRequest(null, Object(Config\Cache), false)
 7 FCPATH\index.php(67): CodeIgniter\CodeIgniter->run()
CRITICAL - 2023-03-09 11:12:32 --> Invalid file: "layout/sub_footer.php"
in SYSTEMPATH\Exceptions\FrameworkException.php on line 33.
 1 SYSTEMPATH\View\View.php(201): CodeIgniter\Exceptions\FrameworkException::forInvalidFile('layout/sub_footer.php')
 2 SYSTEMPATH\Common.php(1184): CodeIgniter\View\View->render('layout/sub_footer', [], true)
 3 APPPATH\Controllers\Customers.php(346): view('layout/sub_footer')
 4 SYSTEMPATH\CodeIgniter.php(934): App\Controllers\Customers->index()
 5 SYSTEMPATH\CodeIgniter.php(499): CodeIgniter\CodeIgniter->runController(Object(App\Controllers\Customers))
 6 SYSTEMPATH\CodeIgniter.php(368): CodeIgniter\CodeIgniter->handleRequest(null, Object(Config\Cache), false)
 7 FCPATH\index.php(67): CodeIgniter\CodeIgniter->run()
