CRITICAL - 2023-03-30 06:59:21 --> Invalid file: "fees/fees_challan_pdf.php"
in SYSTEMPATH\Exceptions\FrameworkException.php on line 33.
 1 SYSTEMPATH\View\View.php(201): CodeIgniter\Exceptions\FrameworkException::forInvalidFile('fees/fees_challan_pdf.php')
 2 SYSTEMPATH\Common.php(1184): CodeIgniter\View\View->render('fees/fees_challan_pdf', [], true)
 3 APPPATH\Controllers\Fees_and_payments.php(1697): view('fees/fees_challan_pdf', [...])
 4 SYSTEMPATH\CodeIgniter.php(934): App\Controllers\Fees_and_payments->pdf_fees_challan('170', '2732')
 5 SYSTEMPATH\CodeIgniter.php(499): CodeIgniter\CodeIgniter->runController(Object(App\Controllers\Fees_and_payments))
 6 SYSTEMPATH\CodeIgniter.php(368): CodeIgniter\CodeIgniter->handleRequest(null, Object(Config\Cache), false)
 7 FCPATH\index.php(67): CodeIgniter\CodeIgniter->run()
CRITICAL - 2023-03-30 06:59:34 --> Invalid file: "fees/fees_challan_pdf.php"
in SYSTEMPATH\Exceptions\FrameworkException.php on line 33.
 1 SYSTEMPATH\View\View.php(201): CodeIgniter\Exceptions\FrameworkException::forInvalidFile('fees/fees_challan_pdf.php')
 2 SYSTEMPATH\Common.php(1184): CodeIgniter\View\View->render('fees/fees_challan_pdf', [], true)
 3 APPPATH\Controllers\Fees_and_payments.php(1697): view('fees/fees_challan_pdf', [...])
 4 SYSTEMPATH\CodeIgniter.php(934): App\Controllers\Fees_and_payments->pdf_fees_challan('170', '2732')
 5 SYSTEMPATH\CodeIgniter.php(499): CodeIgniter\CodeIgniter->runController(Object(App\Controllers\Fees_and_payments))
 6 SYSTEMPATH\CodeIgniter.php(368): CodeIgniter\CodeIgniter->handleRequest(null, Object(Config\Cache), false)
 7 FCPATH\index.php(67): CodeIgniter\CodeIgniter->run()
CRITICAL - 2023-03-30 07:12:53 --> Invalid file: "fees/fees_challan_pdf.php"
in SYSTEMPATH\Exceptions\FrameworkException.php on line 33.
 1 SYSTEMPATH\View\View.php(201): CodeIgniter\Exceptions\FrameworkException::forInvalidFile('fees/fees_challan_pdf.php')
 2 SYSTEMPATH\Common.php(1184): CodeIgniter\View\View->render('fees/fees_challan_pdf', [], true)
 3 APPPATH\Controllers\Fees_and_payments.php(1697): view('fees/fees_challan_pdf', [...])
 4 SYSTEMPATH\CodeIgniter.php(934): App\Controllers\Fees_and_payments->pdf_fees_challan('170', '2732')
 5 SYSTEMPATH\CodeIgniter.php(499): CodeIgniter\CodeIgniter->runController(Object(App\Controllers\Fees_and_payments))
 6 SYSTEMPATH\CodeIgniter.php(368): CodeIgniter\CodeIgniter->handleRequest(null, Object(Config\Cache), false)
 7 FCPATH\index.php(67): CodeIgniter\CodeIgniter->run()
CRITICAL - 2023-03-30 07:13:00 --> Invalid file: "fees/fees_challan_pdf.php"
in SYSTEMPATH\Exceptions\FrameworkException.php on line 33.
 1 SYSTEMPATH\View\View.php(201): CodeIgniter\Exceptions\FrameworkException::forInvalidFile('fees/fees_challan_pdf.php')
 2 SYSTEMPATH\Common.php(1184): CodeIgniter\View\View->render('fees/fees_challan_pdf', [], true)
 3 APPPATH\Controllers\Fees_and_payments.php(1697): view('fees/fees_challan_pdf', [...])
 4 SYSTEMPATH\CodeIgniter.php(934): App\Controllers\Fees_and_payments->pdf_fees_challan('170', '2732')
 5 SYSTEMPATH\CodeIgniter.php(499): CodeIgniter\CodeIgniter->runController(Object(App\Controllers\Fees_and_payments))
 6 SYSTEMPATH\CodeIgniter.php(368): CodeIgniter\CodeIgniter->handleRequest(null, Object(Config\Cache), false)
 7 FCPATH\index.php(67): CodeIgniter\CodeIgniter->run()
CRITICAL - 2023-03-30 07:18:33 --> Undefined variable $myid
in APPPATH\Controllers\Fees_and_payments.php on line 1671.
 1 APPPATH\Controllers\Fees_and_payments.php(1671): CodeIgniter\Debug\Exceptions->errorHandler(2, 'Undefined variable $myid', 'APPPATH\\Controllers\\Fees_and_payments.php', 1671)
 2 SYSTEMPATH\CodeIgniter.php(934): App\Controllers\Fees_and_payments->pdf_fees_challan('170', '2732')
 3 SYSTEMPATH\CodeIgniter.php(499): CodeIgniter\CodeIgniter->runController(Object(App\Controllers\Fees_and_payments))
 4 SYSTEMPATH\CodeIgniter.php(368): CodeIgniter\CodeIgniter->handleRequest(null, Object(Config\Cache), false)
 5 FCPATH\index.php(67): CodeIgniter\CodeIgniter->run()
CRITICAL - 2023-03-30 07:19:33 --> Undefined variable $myid
in APPPATH\Controllers\Fees_and_payments.php on line 1671.
 1 APPPATH\Controllers\Fees_and_payments.php(1671): CodeIgniter\Debug\Exceptions->errorHandler(2, 'Undefined variable $myid', 'APPPATH\\Controllers\\Fees_and_payments.php', 1671)
 2 SYSTEMPATH\CodeIgniter.php(934): App\Controllers\Fees_and_payments->pdf_fees_challan('170', '2732')
 3 SYSTEMPATH\CodeIgniter.php(499): CodeIgniter\CodeIgniter->runController(Object(App\Controllers\Fees_and_payments))
 4 SYSTEMPATH\CodeIgniter.php(368): CodeIgniter\CodeIgniter->handleRequest(null, Object(Config\Cache), false)
 5 FCPATH\index.php(67): CodeIgniter\CodeIgniter->run()
CRITICAL - 2023-03-30 07:19:42 --> Undefined variable $usaerdata
in APPPATH\Controllers\Fees_and_payments.php on line 1687.
 1 APPPATH\Controllers\Fees_and_payments.php(1687): CodeIgniter\Debug\Exceptions->errorHandler(2, 'Undefined variable $usaerdata', 'APPPATH\\Controllers\\Fees_and_payments.php', 1687)
 2 SYSTEMPATH\CodeIgniter.php(934): App\Controllers\Fees_and_payments->pdf_fees_challan('170', '2732')
 3 SYSTEMPATH\CodeIgniter.php(499): CodeIgniter\CodeIgniter->runController(Object(App\Controllers\Fees_and_payments))
 4 SYSTEMPATH\CodeIgniter.php(368): CodeIgniter\CodeIgniter->handleRequest(null, Object(Config\Cache), false)
 5 FCPATH\index.php(67): CodeIgniter\CodeIgniter->run()
CRITICAL - 2023-03-30 07:19:58 --> Undefined variable $user
in APPPATH\Views\fees\challan_design.php on line 36.
 1 APPPATH\Views\fees\challan_design.php(36): CodeIgniter\Debug\Exceptions->errorHandler(2, 'Undefined variable $user', 'APPPATH\\Views\\fees\\challan_design.php', 36)
 2 SYSTEMPATH\View\View.php(213): include('APPPATH\\Views\\fees\\challan_design.php')
 3 SYSTEMPATH\View\View.php(216): CodeIgniter\View\View->CodeIgniter\View\{closure}()
 4 SYSTEMPATH\Common.php(1184): CodeIgniter\View\View->render('fees/challan_design', [], true)
 5 APPPATH\Controllers\Fees_and_payments.php(1694): view('fees/challan_design', [...])
 6 SYSTEMPATH\CodeIgniter.php(934): App\Controllers\Fees_and_payments->pdf_fees_challan('170', '2732')
 7 SYSTEMPATH\CodeIgniter.php(499): CodeIgniter\CodeIgniter->runController(Object(App\Controllers\Fees_and_payments))
 8 SYSTEMPATH\CodeIgniter.php(368): CodeIgniter\CodeIgniter->handleRequest(null, Object(Config\Cache), false)
 9 FCPATH\index.php(67): CodeIgniter\CodeIgniter->run()
CRITICAL - 2023-03-30 07:21:08 --> Undefined variable $ft
in APPPATH\Views\fees\challan_design.php on line 66.
 1 APPPATH\Views\fees\challan_design.php(66): CodeIgniter\Debug\Exceptions->errorHandler(2, 'Undefined variable $ft', 'APPPATH\\Views\\fees\\challan_design.php', 66)
 2 SYSTEMPATH\View\View.php(213): include('APPPATH\\Views\\fees\\challan_design.php')
 3 SYSTEMPATH\View\View.php(216): CodeIgniter\View\View->CodeIgniter\View\{closure}()
 4 SYSTEMPATH\Common.php(1184): CodeIgniter\View\View->render('fees/challan_design', [], true)
 5 APPPATH\Controllers\Fees_and_payments.php(1694): view('fees/challan_design', [...])
 6 SYSTEMPATH\CodeIgniter.php(934): App\Controllers\Fees_and_payments->pdf_fees_challan('170', '2732')
 7 SYSTEMPATH\CodeIgniter.php(499): CodeIgniter\CodeIgniter->runController(Object(App\Controllers\Fees_and_payments))
 8 SYSTEMPATH\CodeIgniter.php(368): CodeIgniter\CodeIgniter->handleRequest(null, Object(Config\Cache), false)
 9 FCPATH\index.php(67): CodeIgniter\CodeIgniter->run()
ERROR - 2023-03-30 10:03:17 --> mysqli_sql_exception: Unknown column 'discount' in 'where clause' in C:\xampp\htdocs\SpriteGenix_app\system\Database\MySQLi\Connection.php:295
Stack trace:
#0 C:\xampp\htdocs\SpriteGenix_app\system\Database\MySQLi\Connection.php(295): mysqli->query('SELECT `invoice...', 0)
#1 C:\xampp\htdocs\SpriteGenix_app\system\Database\BaseConnection.php(691): CodeIgniter\Database\MySQLi\Connection->execute('SELECT `invoice...')
#2 C:\xampp\htdocs\SpriteGenix_app\system\Database\BaseConnection.php(605): CodeIgniter\Database\BaseConnection->simpleQuery('SELECT `invoice...')
#3 C:\xampp\htdocs\SpriteGenix_app\system\Database\BaseBuilder.php(1616): CodeIgniter\Database\BaseConnection->query('SELECT `invoice...', Array, false)
#4 C:\xampp\htdocs\SpriteGenix_app\system\Model.php(241): CodeIgniter\Database\BaseBuilder->get()
#5 C:\xampp\htdocs\SpriteGenix_app\system\BaseModel.php(618): CodeIgniter\Model->doFindAll(0, 0)
#6 C:\xampp\htdocs\SpriteGenix_app\app\Controllers\Reports.php(398): CodeIgniter\BaseModel->findAll()
#7 C:\xampp\htdocs\SpriteGenix_app\system\CodeIgniter.php(934): App\Controllers\Reports->discount_reports()
#8 C:\xampp\htdocs\SpriteGenix_app\system\CodeIgniter.php(499): CodeIgniter\CodeIgniter->runController(Object(App\Controllers\Reports))
#9 C:\xampp\htdocs\SpriteGenix_app\system\CodeIgniter.php(368): CodeIgniter\CodeIgniter->handleRequest(NULL, Object(Config\Cache), false)
#10 C:\xampp\htdocs\SpriteGenix_app\index.php(67): CodeIgniter\CodeIgniter->run()
#11 {main}
CRITICAL - 2023-03-30 10:03:17 --> Unknown column 'discount' in 'where clause'
in SYSTEMPATH\Database\BaseConnection.php on line 645.
 1 SYSTEMPATH\Database\BaseBuilder.php(1616): CodeIgniter\Database\BaseConnection->query('SELECT `invoice_id`, `bill_type`, `datetime`
FROM `payments`
WHERE `discount` > :discount:
AND date(datetime) = :date(datetime):
AND `company_id` = :company_id:
AND   (
`bill_type` = :bill_type:
OR `bill_type` = :bill_type.1:
OR `bill_type` = :bill_type.2:
OR `bill_type` = :bill_type.3:
 )
AND `financial_year` = :financial_year:
AND `deleted` = :deleted:
GROUP BY `invoice_id`
ORDER BY `id` DESC', [...], false)
 2 SYSTEMPATH\Model.php(241): CodeIgniter\Database\BaseBuilder->get()
 3 SYSTEMPATH\BaseModel.php(618): CodeIgniter\Model->doFindAll(0, 0)
 4 APPPATH\Controllers\Reports.php(398): CodeIgniter\BaseModel->findAll()
 5 SYSTEMPATH\CodeIgniter.php(934): App\Controllers\Reports->discount_reports()
 6 SYSTEMPATH\CodeIgniter.php(499): CodeIgniter\CodeIgniter->runController(Object(App\Controllers\Reports))
 7 SYSTEMPATH\CodeIgniter.php(368): CodeIgniter\CodeIgniter->handleRequest(null, Object(Config\Cache), false)
 8 FCPATH\index.php(67): CodeIgniter\CodeIgniter->run()
CRITICAL - 2023-03-30 10:14:02 --> Undefined array key "discount"
in APPPATH\Views\reports\discount_report.php on line 154.
 1 APPPATH\Views\reports\discount_report.php(154): CodeIgniter\Debug\Exceptions->errorHandler(2, 'Undefined array key "discount"', 'APPPATH\\Views\\reports\\discount_report.php', 154)
 2 SYSTEMPATH\View\View.php(213): include('APPPATH\\Views\\reports\\discount_report.php')
 3 SYSTEMPATH\View\View.php(216): CodeIgniter\View\View->CodeIgniter\View\{closure}()
 4 SYSTEMPATH\Common.php(1184): CodeIgniter\View\View->render('reports/discount_report', [], true)
 5 APPPATH\Controllers\Reports.php(409): view('reports/discount_report', [...])
 6 SYSTEMPATH\CodeIgniter.php(934): App\Controllers\Reports->discount_reports()
 7 SYSTEMPATH\CodeIgniter.php(499): CodeIgniter\CodeIgniter->runController(Object(App\Controllers\Reports))
 8 SYSTEMPATH\CodeIgniter.php(368): CodeIgniter\CodeIgniter->handleRequest(null, Object(Config\Cache), false)
 9 FCPATH\index.php(67): CodeIgniter\CodeIgniter->run()
CRITICAL - 2023-03-30 10:16:48 --> Undefined array key "discount"
in APPPATH\Views\reports\discount_report.php on line 154.
 1 APPPATH\Views\reports\discount_report.php(154): CodeIgniter\Debug\Exceptions->errorHandler(2, 'Undefined array key "discount"', 'APPPATH\\Views\\reports\\discount_report.php', 154)
 2 SYSTEMPATH\View\View.php(213): include('APPPATH\\Views\\reports\\discount_report.php')
 3 SYSTEMPATH\View\View.php(216): CodeIgniter\View\View->CodeIgniter\View\{closure}()
 4 SYSTEMPATH\Common.php(1184): CodeIgniter\View\View->render('reports/discount_report', [], true)
 5 APPPATH\Controllers\Reports.php(409): view('reports/discount_report', [...])
 6 SYSTEMPATH\CodeIgniter.php(934): App\Controllers\Reports->discount_reports()
 7 SYSTEMPATH\CodeIgniter.php(499): CodeIgniter\CodeIgniter->runController(Object(App\Controllers\Reports))
 8 SYSTEMPATH\CodeIgniter.php(368): CodeIgniter\CodeIgniter->handleRequest(null, Object(Config\Cache), false)
 9 FCPATH\index.php(67): CodeIgniter\CodeIgniter->run()
CRITICAL - 2023-03-30 10:16:51 --> Undefined array key "discount"
in APPPATH\Views\reports\discount_report.php on line 154.
 1 APPPATH\Views\reports\discount_report.php(154): CodeIgniter\Debug\Exceptions->errorHandler(2, 'Undefined array key "discount"', 'APPPATH\\Views\\reports\\discount_report.php', 154)
 2 SYSTEMPATH\View\View.php(213): include('APPPATH\\Views\\reports\\discount_report.php')
 3 SYSTEMPATH\View\View.php(216): CodeIgniter\View\View->CodeIgniter\View\{closure}()
 4 SYSTEMPATH\Common.php(1184): CodeIgniter\View\View->render('reports/discount_report', [], true)
 5 APPPATH\Controllers\Reports.php(409): view('reports/discount_report', [...])
 6 SYSTEMPATH\CodeIgniter.php(934): App\Controllers\Reports->discount_reports()
 7 SYSTEMPATH\CodeIgniter.php(499): CodeIgniter\CodeIgniter->runController(Object(App\Controllers\Reports))
 8 SYSTEMPATH\CodeIgniter.php(368): CodeIgniter\CodeIgniter->handleRequest(null, Object(Config\Cache), false)
 9 FCPATH\index.php(67): CodeIgniter\CodeIgniter->run()
