CRITICAL - 2023-05-17 03:48:28 --> Undefined variable $pudata
in APPPATH\Controllers\Manufacture.php on line 440.
 1 APPPATH\Controllers\Manufacture.php(440): CodeIgniter\Debug\Exceptions->errorHandler(2, 'Undefined variable $pudata', 'APPPATH\\Controllers\\Manufacture.php', 440)
 2 SYSTEMPATH\CodeIgniter.php(934): App\Controllers\Manufacture->save_manufacture()
 3 SYSTEMPATH\CodeIgniter.php(499): CodeIgniter\CodeIgniter->runController(Object(App\Controllers\Manufacture))
 4 SYSTEMPATH\CodeIgniter.php(368): CodeIgniter\CodeIgniter->handleRequest(null, Object(Config\Cache), false)
 5 FCPATH\index.php(67): CodeIgniter\CodeIgniter->run()
ERROR - 2023-05-17 04:16:14 --> mysqli_sql_exception: Unknown column 'edit_efected' in 'field list' in C:\xampp\htdocs\SpriteGenix_app\system\Database\MySQLi\Connection.php:295
Stack trace:
#0 C:\xampp\htdocs\SpriteGenix_app\system\Database\MySQLi\Connection.php(295): mysqli->query('INSERT INTO `in...', 0)
#1 C:\xampp\htdocs\SpriteGenix_app\system\Database\BaseConnection.php(691): CodeIgniter\Database\MySQLi\Connection->execute('INSERT INTO `in...')
#2 C:\xampp\htdocs\SpriteGenix_app\system\Database\BaseConnection.php(605): CodeIgniter\Database\BaseConnection->simpleQuery('INSERT INTO `in...')
#3 C:\xampp\htdocs\SpriteGenix_app\system\Database\BaseBuilder.php(2309): CodeIgniter\Database\BaseConnection->query('INSERT INTO `in...', Array, false)
#4 C:\xampp\htdocs\SpriteGenix_app\system\Model.php(330): CodeIgniter\Database\BaseBuilder->insert()
#5 C:\xampp\htdocs\SpriteGenix_app\system\BaseModel.php(782): CodeIgniter\Model->doInsert(Array)
#6 C:\xampp\htdocs\SpriteGenix_app\system\Model.php(730): CodeIgniter\BaseModel->insert(Array, false)
#7 C:\xampp\htdocs\SpriteGenix_app\system\BaseModel.php(692): CodeIgniter\Model->insert(Array, false)
#8 C:\xampp\htdocs\SpriteGenix_app\app\Controllers\Manufacture.php(433): CodeIgniter\BaseModel->save(Array)
#9 C:\xampp\htdocs\SpriteGenix_app\system\CodeIgniter.php(934): App\Controllers\Manufacture->save_manufacture()
#10 C:\xampp\htdocs\SpriteGenix_app\system\CodeIgniter.php(499): CodeIgniter\CodeIgniter->runController(Object(App\Controllers\Manufacture))
#11 C:\xampp\htdocs\SpriteGenix_app\system\CodeIgniter.php(368): CodeIgniter\CodeIgniter->handleRequest(NULL, Object(Config\Cache), false)
#12 C:\xampp\htdocs\SpriteGenix_app\index.php(67): CodeIgniter\CodeIgniter->run()
#13 {main}
CRITICAL - 2023-05-17 04:16:14 --> Unknown column 'edit_efected' in 'field list'
in SYSTEMPATH\Database\BaseConnection.php on line 645.
 1 SYSTEMPATH\Database\BaseBuilder.php(2309): CodeIgniter\Database\BaseConnection->query('INSERT INTO `invoices` (`company_id`, `financial_year`, `product_id`, `manufactured_date`, `manufactured_quantity`, `manufactured_in_unit`, `manufactured_unit`, `manufactured_sub_unit`, `manufactured_unit_rate`, `total_cost`, `total_additional_cost`, `type`, `effected`, `edit_efected`, `deleted`, `additional_cost_payment_type`, `total_manufactured_cost`, `old_manufactured_quantity`, `old_total_manufactured_cost`, `product_name`) VALUES (:company_id:, :financial_year:, :product_id:, :manufactured_date:, :manufactured_quantity:, :manufactured_in_unit:, :manufactured_unit:, :manufactured_sub_unit:, :manufactured_unit_rate:, :total_cost:, :total_additional_cost:, :type:, :effected:, :edit_efected:, :deleted:, :additional_cost_payment_type:, :total_manufactured_cost:, :old_manufactured_quantity:, :old_total_manufactured_cost:, :product_name:)', [...], false)
 2 SYSTEMPATH\Model.php(330): CodeIgniter\Database\BaseBuilder->insert()
 3 SYSTEMPATH\BaseModel.php(782): CodeIgniter\Model->doInsert([...])
 4 SYSTEMPATH\Model.php(730): CodeIgniter\BaseModel->insert([...], false)
 5 SYSTEMPATH\BaseModel.php(692): CodeIgniter\Model->insert([...], false)
 6 APPPATH\Controllers\Manufacture.php(433): CodeIgniter\BaseModel->save([...])
 7 SYSTEMPATH\CodeIgniter.php(934): App\Controllers\Manufacture->save_manufacture()
 8 SYSTEMPATH\CodeIgniter.php(499): CodeIgniter\CodeIgniter->runController(Object(App\Controllers\Manufacture))
 9 SYSTEMPATH\CodeIgniter.php(368): CodeIgniter\CodeIgniter->handleRequest(null, Object(Config\Cache), false)
10 FCPATH\index.php(67): CodeIgniter\CodeIgniter->run()
ERROR - 2023-05-17 04:16:26 --> mysqli_sql_exception: Unknown column 'edit_efected' in 'field list' in C:\xampp\htdocs\SpriteGenix_app\system\Database\MySQLi\Connection.php:295
Stack trace:
#0 C:\xampp\htdocs\SpriteGenix_app\system\Database\MySQLi\Connection.php(295): mysqli->query('INSERT INTO `in...', 0)
#1 C:\xampp\htdocs\SpriteGenix_app\system\Database\BaseConnection.php(691): CodeIgniter\Database\MySQLi\Connection->execute('INSERT INTO `in...')
#2 C:\xampp\htdocs\SpriteGenix_app\system\Database\BaseConnection.php(605): CodeIgniter\Database\BaseConnection->simpleQuery('INSERT INTO `in...')
#3 C:\xampp\htdocs\SpriteGenix_app\system\Database\BaseBuilder.php(2309): CodeIgniter\Database\BaseConnection->query('INSERT INTO `in...', Array, false)
#4 C:\xampp\htdocs\SpriteGenix_app\system\Model.php(330): CodeIgniter\Database\BaseBuilder->insert()
#5 C:\xampp\htdocs\SpriteGenix_app\system\BaseModel.php(782): CodeIgniter\Model->doInsert(Array)
#6 C:\xampp\htdocs\SpriteGenix_app\system\Model.php(730): CodeIgniter\BaseModel->insert(Array, false)
#7 C:\xampp\htdocs\SpriteGenix_app\system\BaseModel.php(692): CodeIgniter\Model->insert(Array, false)
#8 C:\xampp\htdocs\SpriteGenix_app\app\Controllers\Manufacture.php(433): CodeIgniter\BaseModel->save(Array)
#9 C:\xampp\htdocs\SpriteGenix_app\system\CodeIgniter.php(934): App\Controllers\Manufacture->save_manufacture()
#10 C:\xampp\htdocs\SpriteGenix_app\system\CodeIgniter.php(499): CodeIgniter\CodeIgniter->runController(Object(App\Controllers\Manufacture))
#11 C:\xampp\htdocs\SpriteGenix_app\system\CodeIgniter.php(368): CodeIgniter\CodeIgniter->handleRequest(NULL, Object(Config\Cache), false)
#12 C:\xampp\htdocs\SpriteGenix_app\index.php(67): CodeIgniter\CodeIgniter->run()
#13 {main}
CRITICAL - 2023-05-17 04:16:26 --> Unknown column 'edit_efected' in 'field list'
in SYSTEMPATH\Database\BaseConnection.php on line 645.
 1 SYSTEMPATH\Database\BaseBuilder.php(2309): CodeIgniter\Database\BaseConnection->query('INSERT INTO `invoices` (`company_id`, `financial_year`, `product_id`, `manufactured_date`, `manufactured_quantity`, `manufactured_in_unit`, `manufactured_unit`, `manufactured_sub_unit`, `manufactured_unit_rate`, `total_cost`, `total_additional_cost`, `type`, `effected`, `edit_efected`, `deleted`, `additional_cost_payment_type`, `total_manufactured_cost`, `old_manufactured_quantity`, `old_total_manufactured_cost`, `product_name`) VALUES (:company_id:, :financial_year:, :product_id:, :manufactured_date:, :manufactured_quantity:, :manufactured_in_unit:, :manufactured_unit:, :manufactured_sub_unit:, :manufactured_unit_rate:, :total_cost:, :total_additional_cost:, :type:, :effected:, :edit_efected:, :deleted:, :additional_cost_payment_type:, :total_manufactured_cost:, :old_manufactured_quantity:, :old_total_manufactured_cost:, :product_name:)', [...], false)
 2 SYSTEMPATH\Model.php(330): CodeIgniter\Database\BaseBuilder->insert()
 3 SYSTEMPATH\BaseModel.php(782): CodeIgniter\Model->doInsert([...])
 4 SYSTEMPATH\Model.php(730): CodeIgniter\BaseModel->insert([...], false)
 5 SYSTEMPATH\BaseModel.php(692): CodeIgniter\Model->insert([...], false)
 6 APPPATH\Controllers\Manufacture.php(433): CodeIgniter\BaseModel->save([...])
 7 SYSTEMPATH\CodeIgniter.php(934): App\Controllers\Manufacture->save_manufacture()
 8 SYSTEMPATH\CodeIgniter.php(499): CodeIgniter\CodeIgniter->runController(Object(App\Controllers\Manufacture))
 9 SYSTEMPATH\CodeIgniter.php(368): CodeIgniter\CodeIgniter->handleRequest(null, Object(Config\Cache), false)
10 FCPATH\index.php(67): CodeIgniter\CodeIgniter->run()
ERROR - 2023-05-17 04:20:19 --> mysqli_sql_exception: Unknown column 'edit_efected' in 'field list' in C:\xampp\htdocs\SpriteGenix_app\system\Database\MySQLi\Connection.php:295
Stack trace:
#0 C:\xampp\htdocs\SpriteGenix_app\system\Database\MySQLi\Connection.php(295): mysqli->query('INSERT INTO `in...', 0)
#1 C:\xampp\htdocs\SpriteGenix_app\system\Database\BaseConnection.php(691): CodeIgniter\Database\MySQLi\Connection->execute('INSERT INTO `in...')
#2 C:\xampp\htdocs\SpriteGenix_app\system\Database\BaseConnection.php(605): CodeIgniter\Database\BaseConnection->simpleQuery('INSERT INTO `in...')
#3 C:\xampp\htdocs\SpriteGenix_app\system\Database\BaseBuilder.php(2309): CodeIgniter\Database\BaseConnection->query('INSERT INTO `in...', Array, false)
#4 C:\xampp\htdocs\SpriteGenix_app\system\Model.php(330): CodeIgniter\Database\BaseBuilder->insert()
#5 C:\xampp\htdocs\SpriteGenix_app\system\BaseModel.php(782): CodeIgniter\Model->doInsert(Array)
#6 C:\xampp\htdocs\SpriteGenix_app\system\Model.php(730): CodeIgniter\BaseModel->insert(Array, false)
#7 C:\xampp\htdocs\SpriteGenix_app\system\BaseModel.php(692): CodeIgniter\Model->insert(Array, false)
#8 C:\xampp\htdocs\SpriteGenix_app\app\Controllers\Manufacture.php(428): CodeIgniter\BaseModel->save(Array)
#9 C:\xampp\htdocs\SpriteGenix_app\system\CodeIgniter.php(934): App\Controllers\Manufacture->save_manufacture()
#10 C:\xampp\htdocs\SpriteGenix_app\system\CodeIgniter.php(499): CodeIgniter\CodeIgniter->runController(Object(App\Controllers\Manufacture))
#11 C:\xampp\htdocs\SpriteGenix_app\system\CodeIgniter.php(368): CodeIgniter\CodeIgniter->handleRequest(NULL, Object(Config\Cache), false)
#12 C:\xampp\htdocs\SpriteGenix_app\index.php(67): CodeIgniter\CodeIgniter->run()
#13 {main}
CRITICAL - 2023-05-17 04:20:19 --> Unknown column 'edit_efected' in 'field list'
in SYSTEMPATH\Database\BaseConnection.php on line 645.
 1 SYSTEMPATH\Database\BaseBuilder.php(2309): CodeIgniter\Database\BaseConnection->query('INSERT INTO `invoices` (`company_id`, `financial_year`, `product_id`, `manufactured_date`, `manufactured_quantity`, `manufactured_in_unit`, `manufactured_unit`, `manufactured_sub_unit`, `manufactured_unit_rate`, `total_cost`, `total_additional_cost`, `type`, `effected`, `edit_efected`, `deleted`, `product_name`) VALUES (:company_id:, :financial_year:, :product_id:, :manufactured_date:, :manufactured_quantity:, :manufactured_in_unit:, :manufactured_unit:, :manufactured_sub_unit:, :manufactured_unit_rate:, :total_cost:, :total_additional_cost:, :type:, :effected:, :edit_efected:, :deleted:, :product_name:)', [...], false)
 2 SYSTEMPATH\Model.php(330): CodeIgniter\Database\BaseBuilder->insert()
 3 SYSTEMPATH\BaseModel.php(782): CodeIgniter\Model->doInsert([...])
 4 SYSTEMPATH\Model.php(730): CodeIgniter\BaseModel->insert([...], false)
 5 SYSTEMPATH\BaseModel.php(692): CodeIgniter\Model->insert([...], false)
 6 APPPATH\Controllers\Manufacture.php(428): CodeIgniter\BaseModel->save([...])
 7 SYSTEMPATH\CodeIgniter.php(934): App\Controllers\Manufacture->save_manufacture()
 8 SYSTEMPATH\CodeIgniter.php(499): CodeIgniter\CodeIgniter->runController(Object(App\Controllers\Manufacture))
 9 SYSTEMPATH\CodeIgniter.php(368): CodeIgniter\CodeIgniter->handleRequest(null, Object(Config\Cache), false)
10 FCPATH\index.php(67): CodeIgniter\CodeIgniter->run()
CRITICAL - 2023-05-17 05:10:39 --> syntax error, unexpected single-quoted string "price", expecting "]"
in APPPATH\Controllers\Manufacture.php on line 526.
 1 SYSTEMPATH\Autoloader\Autoloader.php(289): CodeIgniter\Autoloader\Autoloader->includeFile('APPPATH\\Controllers\\Manufacture.php')
 2 SYSTEMPATH\Autoloader\Autoloader.php(267): CodeIgniter\Autoloader\Autoloader->loadInNamespace('App\\Controllers\\Manufacture')
 3 [internal function]: CodeIgniter\Autoloader\Autoloader->loadClass('App\\Controllers\\Manufacture')
 4 SYSTEMPATH\CodeIgniter.php(892): class_exists('\\App\\Controllers\\Manufacture', true)
 5 SYSTEMPATH\CodeIgniter.php(486): CodeIgniter\CodeIgniter->startController()
 6 SYSTEMPATH\CodeIgniter.php(368): CodeIgniter\CodeIgniter->handleRequest(null, Object(Config\Cache), false)
 7 FCPATH\index.php(67): CodeIgniter\CodeIgniter->run()
CRITICAL - 2023-05-17 06:34:58 --> Undefined variable $del
in APPPATH\Controllers\Manufacture.php on line 1209.
 1 APPPATH\Controllers\Manufacture.php(1209): CodeIgniter\Debug\Exceptions->errorHandler(2, 'Undefined variable $del', 'APPPATH\\Controllers\\Manufacture.php', 1209)
 2 SYSTEMPATH\CodeIgniter.php(934): App\Controllers\Manufacture->delete('37')
 3 SYSTEMPATH\CodeIgniter.php(499): CodeIgniter\CodeIgniter->runController(Object(App\Controllers\Manufacture))
 4 SYSTEMPATH\CodeIgniter.php(368): CodeIgniter\CodeIgniter->handleRequest(null, Object(Config\Cache), false)
 5 FCPATH\index.php(67): CodeIgniter\CodeIgniter->run()
CRITICAL - 2023-05-17 06:39:15 --> syntax error, unexpected token ";", expecting "]"
in APPPATH\Controllers\Manufacture.php on line 1265.
 1 SYSTEMPATH\Autoloader\Autoloader.php(289): CodeIgniter\Autoloader\Autoloader->includeFile('APPPATH\\Controllers\\Manufacture.php')
 2 SYSTEMPATH\Autoloader\Autoloader.php(267): CodeIgniter\Autoloader\Autoloader->loadInNamespace('App\\Controllers\\Manufacture')
 3 [internal function]: CodeIgniter\Autoloader\Autoloader->loadClass('App\\Controllers\\Manufacture')
 4 SYSTEMPATH\CodeIgniter.php(892): class_exists('\\App\\Controllers\\Manufacture', true)
 5 SYSTEMPATH\CodeIgniter.php(486): CodeIgniter\CodeIgniter->startController()
 6 SYSTEMPATH\CodeIgniter.php(368): CodeIgniter\CodeIgniter->handleRequest(null, Object(Config\Cache), false)
 7 FCPATH\index.php(67): CodeIgniter\CodeIgniter->run()
CRITICAL - 2023-05-17 08:21:19 --> require_once(application/libraries/stripe-php/init.php): Failed to open stream: No such file or directory
in APPPATH\Controllers\Testing.php on line 91.
 1 APPPATH\Controllers\Testing.php(91): CodeIgniter\Debug\Exceptions->errorHandler(2, 'require_once(application/libraries/stripe-php/init.php): Failed to open stream: No such file or directory', 'APPPATH\\Controllers\\Testing.php', 91)
 2 APPPATH\Controllers\Testing.php(91): require_once()
 3 SYSTEMPATH\CodeIgniter.php(934): App\Controllers\Testing->payment()
 4 SYSTEMPATH\CodeIgniter.php(499): CodeIgniter\CodeIgniter->runController(Object(App\Controllers\Testing))
 5 SYSTEMPATH\CodeIgniter.php(368): CodeIgniter\CodeIgniter->handleRequest(null, Object(Config\Cache), false)
 6 FCPATH\index.php(67): CodeIgniter\CodeIgniter->run()
CRITICAL - 2023-05-17 09:03:08 --> Unsupported operand types: string / string
in APPPATH\Controllers\Manufacture.php on line 472.
 1 SYSTEMPATH\CodeIgniter.php(934): App\Controllers\Manufacture->save_manufacture()
 2 SYSTEMPATH\CodeIgniter.php(499): CodeIgniter\CodeIgniter->runController(Object(App\Controllers\Manufacture))
 3 SYSTEMPATH\CodeIgniter.php(368): CodeIgniter\CodeIgniter->handleRequest(null, Object(Config\Cache), false)
 4 FCPATH\index.php(67): CodeIgniter\CodeIgniter->run()
CRITICAL - 2023-05-17 09:04:09 --> Undefined variable $pppp
in APPPATH\Controllers\Manufacture.php on line 473.
 1 APPPATH\Controllers\Manufacture.php(473): CodeIgniter\Debug\Exceptions->errorHandler(2, 'Undefined variable $pppp', 'APPPATH\\Controllers\\Manufacture.php', 473)
 2 SYSTEMPATH\CodeIgniter.php(934): App\Controllers\Manufacture->save_manufacture()
 3 SYSTEMPATH\CodeIgniter.php(499): CodeIgniter\CodeIgniter->runController(Object(App\Controllers\Manufacture))
 4 SYSTEMPATH\CodeIgniter.php(368): CodeIgniter\CodeIgniter->handleRequest(null, Object(Config\Cache), false)
 5 FCPATH\index.php(67): CodeIgniter\CodeIgniter->run()
CRITICAL - 2023-05-17 09:04:33 --> Unsupported operand types: string / string
in APPPATH\Controllers\Manufacture.php on line 472.
 1 SYSTEMPATH\CodeIgniter.php(934): App\Controllers\Manufacture->save_manufacture()
 2 SYSTEMPATH\CodeIgniter.php(499): CodeIgniter\CodeIgniter->runController(Object(App\Controllers\Manufacture))
 3 SYSTEMPATH\CodeIgniter.php(368): CodeIgniter\CodeIgniter->handleRequest(null, Object(Config\Cache), false)
 4 FCPATH\index.php(67): CodeIgniter\CodeIgniter->run()
CRITICAL - 2023-05-17 09:12:43 --> Unsupported operand types: string / string
in APPPATH\Controllers\Manufacture.php on line 473.
 1 SYSTEMPATH\CodeIgniter.php(934): App\Controllers\Manufacture->save_manufacture()
 2 SYSTEMPATH\CodeIgniter.php(499): CodeIgniter\CodeIgniter->runController(Object(App\Controllers\Manufacture))
 3 SYSTEMPATH\CodeIgniter.php(368): CodeIgniter\CodeIgniter->handleRequest(null, Object(Config\Cache), false)
 4 FCPATH\index.php(67): CodeIgniter\CodeIgniter->run()
CRITICAL - 2023-05-17 09:13:42 --> Unsupported operand types: string * string
in APPPATH\Controllers\Manufacture.php on line 474.
 1 SYSTEMPATH\CodeIgniter.php(934): App\Controllers\Manufacture->save_manufacture()
 2 SYSTEMPATH\CodeIgniter.php(499): CodeIgniter\CodeIgniter->runController(Object(App\Controllers\Manufacture))
 3 SYSTEMPATH\CodeIgniter.php(368): CodeIgniter\CodeIgniter->handleRequest(null, Object(Config\Cache), false)
 4 FCPATH\index.php(67): CodeIgniter\CodeIgniter->run()
CRITICAL - 2023-05-17 09:17:35 --> Trying to access array offset on value of type null
in APPPATH\Controllers\Invoices.php on line 185.
 1 APPPATH\Controllers\Invoices.php(185): CodeIgniter\Debug\Exceptions->errorHandler(2, 'Trying to access array offset on value of type null', 'APPPATH\\Controllers\\Invoices.php', 185)
 2 SYSTEMPATH\CodeIgniter.php(934): App\Controllers\Invoices->details('53')
 3 SYSTEMPATH\CodeIgniter.php(499): CodeIgniter\CodeIgniter->runController(Object(App\Controllers\Invoices))
 4 SYSTEMPATH\CodeIgniter.php(368): CodeIgniter\CodeIgniter->handleRequest(null, Object(Config\Cache), false)
 5 FCPATH\index.php(67): CodeIgniter\CodeIgniter->run()
CRITICAL - 2023-05-17 09:33:38 --> Unsupported operand types: string / string
in APPPATH\Controllers\Manufacture.php on line 770.
 1 SYSTEMPATH\CodeIgniter.php(934): App\Controllers\Manufacture->update_manufacture('5')
 2 SYSTEMPATH\CodeIgniter.php(499): CodeIgniter\CodeIgniter->runController(Object(App\Controllers\Manufacture))
 3 SYSTEMPATH\CodeIgniter.php(368): CodeIgniter\CodeIgniter->handleRequest(null, Object(Config\Cache), false)
 4 FCPATH\index.php(67): CodeIgniter\CodeIgniter->run()
CRITICAL - 2023-05-17 09:33:54 --> Unsupported operand types: string / string
in APPPATH\Controllers\Manufacture.php on line 770.
 1 SYSTEMPATH\CodeIgniter.php(934): App\Controllers\Manufacture->update_manufacture('5')
 2 SYSTEMPATH\CodeIgniter.php(499): CodeIgniter\CodeIgniter->runController(Object(App\Controllers\Manufacture))
 3 SYSTEMPATH\CodeIgniter.php(368): CodeIgniter\CodeIgniter->handleRequest(null, Object(Config\Cache), false)
 4 FCPATH\index.php(67): CodeIgniter\CodeIgniter->run()
CRITICAL - 2023-05-17 09:40:05 --> Undefined variable $p_conversion_rate
in APPPATH\Controllers\Manufacture.php on line 448.
 1 APPPATH\Controllers\Manufacture.php(448): CodeIgniter\Debug\Exceptions->errorHandler(2, 'Undefined variable $p_conversion_rate', 'APPPATH\\Controllers\\Manufacture.php', 448)
 2 SYSTEMPATH\CodeIgniter.php(934): App\Controllers\Manufacture->save_manufacture()
 3 SYSTEMPATH\CodeIgniter.php(499): CodeIgniter\CodeIgniter->runController(Object(App\Controllers\Manufacture))
 4 SYSTEMPATH\CodeIgniter.php(368): CodeIgniter\CodeIgniter->handleRequest(null, Object(Config\Cache), false)
 5 FCPATH\index.php(67): CodeIgniter\CodeIgniter->run()
CRITICAL - 2023-05-17 12:03:07 --> syntax error, unexpected identifier "ITHNE"
in APPPATH\Controllers\Manufacture.php on line 779.
 1 SYSTEMPATH\Autoloader\Autoloader.php(289): CodeIgniter\Autoloader\Autoloader->includeFile('APPPATH\\Controllers\\Manufacture.php')
 2 SYSTEMPATH\Autoloader\Autoloader.php(267): CodeIgniter\Autoloader\Autoloader->loadInNamespace('App\\Controllers\\Manufacture')
 3 [internal function]: CodeIgniter\Autoloader\Autoloader->loadClass('App\\Controllers\\Manufacture')
 4 SYSTEMPATH\CodeIgniter.php(892): class_exists('\\App\\Controllers\\Manufacture', true)
 5 SYSTEMPATH\CodeIgniter.php(486): CodeIgniter\CodeIgniter->startController()
 6 SYSTEMPATH\CodeIgniter.php(368): CodeIgniter\CodeIgniter->handleRequest(null, Object(Config\Cache), false)
 7 FCPATH\index.php(67): CodeIgniter\CodeIgniter->run()
