CRITICAL - 2023-06-13 04:31:23 --> Undefined variable $social_medias
in APPPATH\Views\website_management\social_media.php on line 89.
 1 APPPATH\Views\website_management\social_media.php(89): CodeIgniter\Debug\Exceptions->errorHandler(2, 'Undefined variable $social_medias', 'APPPATH\\Views\\website_management\\social_media.php', 89)
 2 SYSTEMPATH\View\View.php(213): include('APPPATH\\Views\\website_management\\social_media.php')
 3 SYSTEMPATH\View\View.php(216): CodeIgniter\View\View->CodeIgniter\View\{closure}()
 4 SYSTEMPATH\Common.php(1184): CodeIgniter\View\View->render('website_management/social_media', [], true)
 5 APPPATH\Controllers\Website_management.php(133): view('website_management/social_media', [...])
 6 SYSTEMPATH\CodeIgniter.php(934): App\Controllers\Website_management->social_media()
 7 SYSTEMPATH\CodeIgniter.php(499): CodeIgniter\CodeIgniter->runController(Object(App\Controllers\Website_management))
 8 SYSTEMPATH\CodeIgniter.php(368): CodeIgniter\CodeIgniter->handleRequest(null, Object(Config\Cache), false)
 9 FCPATH\index.php(67): CodeIgniter\CodeIgniter->run()
CRITICAL - 2023-06-13 04:33:07 --> syntax error, unexpected token "->", expecting identifier or variable or "{" or "$"
in APPPATH\Controllers\Website_management.php on line 124.
 1 SYSTEMPATH\Autoloader\Autoloader.php(289): CodeIgniter\Autoloader\Autoloader->includeFile('APPPATH\\Controllers\\Website_management.php')
 2 SYSTEMPATH\Autoloader\Autoloader.php(267): CodeIgniter\Autoloader\Autoloader->loadInNamespace('App\\Controllers\\Website_management')
 3 [internal function]: CodeIgniter\Autoloader\Autoloader->loadClass('App\\Controllers\\Website_management')
 4 SYSTEMPATH\CodeIgniter.php(892): class_exists('\\App\\Controllers\\Website_management', true)
 5 SYSTEMPATH\CodeIgniter.php(486): CodeIgniter\CodeIgniter->startController()
 6 SYSTEMPATH\CodeIgniter.php(368): CodeIgniter\CodeIgniter->handleRequest(null, Object(Config\Cache), false)
 7 FCPATH\index.php(67): CodeIgniter\CodeIgniter->run()
CRITICAL - 2023-06-13 04:33:18 --> Class "App\Controllers\SocialMediaModel" not found
in APPPATH\Controllers\Website_management.php on line 114.
 1 SYSTEMPATH\CodeIgniter.php(934): App\Controllers\Website_management->social_media()
 2 SYSTEMPATH\CodeIgniter.php(499): CodeIgniter\CodeIgniter->runController(Object(App\Controllers\Website_management))
 3 SYSTEMPATH\CodeIgniter.php(368): CodeIgniter\CodeIgniter->handleRequest(null, Object(Config\Cache), false)
 4 FCPATH\index.php(67): CodeIgniter\CodeIgniter->run()
CRITICAL - 2023-06-13 04:33:30 --> Undefined variable $enquiries
in APPPATH\Controllers\Website_management.php on line 130.
 1 APPPATH\Controllers\Website_management.php(130): CodeIgniter\Debug\Exceptions->errorHandler(2, 'Undefined variable $enquiries', 'APPPATH\\Controllers\\Website_management.php', 130)
 2 SYSTEMPATH\CodeIgniter.php(934): App\Controllers\Website_management->social_media()
 3 SYSTEMPATH\CodeIgniter.php(499): CodeIgniter\CodeIgniter->runController(Object(App\Controllers\Website_management))
 4 SYSTEMPATH\CodeIgniter.php(368): CodeIgniter\CodeIgniter->handleRequest(null, Object(Config\Cache), false)
 5 FCPATH\index.php(67): CodeIgniter\CodeIgniter->run()
CRITICAL - 2023-06-13 04:36:34 --> The action you requested is not allowed.
in SYSTEMPATH\Security\Security.php on line 306.
 1 SYSTEMPATH\Security\Security.php(306): CodeIgniter\Security\Exceptions\SecurityException::forDisallowedAction()
 2 SYSTEMPATH\Filters\CSRF.php(55): CodeIgniter\Security\Security->verify(Object(CodeIgniter\HTTP\IncomingRequest))
 3 SYSTEMPATH\Filters\Filters.php(173): CodeIgniter\Filters\CSRF->before(Object(CodeIgniter\HTTP\IncomingRequest), null)
 4 SYSTEMPATH\CodeIgniter.php(473): CodeIgniter\Filters\Filters->run('website_management/social_media', 'before')
 5 SYSTEMPATH\CodeIgniter.php(368): CodeIgniter\CodeIgniter->handleRequest(null, Object(Config\Cache), false)
 6 FCPATH\index.php(67): CodeIgniter\CodeIgniter->run()
CRITICAL - 2023-06-13 04:36:39 --> The action you requested is not allowed.
in SYSTEMPATH\Security\Security.php on line 306.
 1 SYSTEMPATH\Security\Security.php(306): CodeIgniter\Security\Exceptions\SecurityException::forDisallowedAction()
 2 SYSTEMPATH\Filters\CSRF.php(55): CodeIgniter\Security\Security->verify(Object(CodeIgniter\HTTP\IncomingRequest))
 3 SYSTEMPATH\Filters\Filters.php(173): CodeIgniter\Filters\CSRF->before(Object(CodeIgniter\HTTP\IncomingRequest), null)
 4 SYSTEMPATH\CodeIgniter.php(473): CodeIgniter\Filters\Filters->run('website_management/social_media', 'before')
 5 SYSTEMPATH\CodeIgniter.php(368): CodeIgniter\CodeIgniter->handleRequest(null, Object(Config\Cache), false)
 6 FCPATH\index.php(67): CodeIgniter\CodeIgniter->run()
CRITICAL - 2023-06-13 04:36:44 --> The action you requested is not allowed.
in SYSTEMPATH\Security\Security.php on line 306.
 1 SYSTEMPATH\Security\Security.php(306): CodeIgniter\Security\Exceptions\SecurityException::forDisallowedAction()
 2 SYSTEMPATH\Filters\CSRF.php(55): CodeIgniter\Security\Security->verify(Object(CodeIgniter\HTTP\IncomingRequest))
 3 SYSTEMPATH\Filters\Filters.php(173): CodeIgniter\Filters\CSRF->before(Object(CodeIgniter\HTTP\IncomingRequest), null)
 4 SYSTEMPATH\CodeIgniter.php(473): CodeIgniter\Filters\Filters->run('website_management/social_media', 'before')
 5 SYSTEMPATH\CodeIgniter.php(368): CodeIgniter\CodeIgniter->handleRequest(null, Object(Config\Cache), false)
 6 FCPATH\index.php(67): CodeIgniter\CodeIgniter->run()
CRITICAL - 2023-06-13 04:37:15 --> The action you requested is not allowed.
in SYSTEMPATH\Security\Security.php on line 306.
 1 SYSTEMPATH\Security\Security.php(306): CodeIgniter\Security\Exceptions\SecurityException::forDisallowedAction()
 2 SYSTEMPATH\Filters\CSRF.php(55): CodeIgniter\Security\Security->verify(Object(CodeIgniter\HTTP\IncomingRequest))
 3 SYSTEMPATH\Filters\Filters.php(173): CodeIgniter\Filters\CSRF->before(Object(CodeIgniter\HTTP\IncomingRequest), null)
 4 SYSTEMPATH\CodeIgniter.php(473): CodeIgniter\Filters\Filters->run('website_management/social_media', 'before')
 5 SYSTEMPATH\CodeIgniter.php(368): CodeIgniter\CodeIgniter->handleRequest(null, Object(Config\Cache), false)
 6 FCPATH\index.php(67): CodeIgniter\CodeIgniter->run()
CRITICAL - 2023-06-13 04:37:27 --> Call to a member function save() on array
in APPPATH\Controllers\Website_management.php on line 158.
 1 SYSTEMPATH\CodeIgniter.php(934): App\Controllers\Website_management->social_media()
 2 SYSTEMPATH\CodeIgniter.php(499): CodeIgniter\CodeIgniter->runController(Object(App\Controllers\Website_management))
 3 SYSTEMPATH\CodeIgniter.php(368): CodeIgniter\CodeIgniter->handleRequest(null, Object(Config\Cache), false)
 4 FCPATH\index.php(67): CodeIgniter\CodeIgniter->run()
CRITICAL - 2023-06-13 06:23:42 --> Undefined variable $enquiries
in APPPATH\Views\website_management\social_media.php on line 107.
 1 APPPATH\Views\website_management\social_media.php(107): CodeIgniter\Debug\Exceptions->errorHandler(2, 'Undefined variable $enquiries', 'APPPATH\\Views\\website_management\\social_media.php', 107)
 2 SYSTEMPATH\View\View.php(213): include('APPPATH\\Views\\website_management\\social_media.php')
 3 SYSTEMPATH\View\View.php(216): CodeIgniter\View\View->CodeIgniter\View\{closure}()
 4 SYSTEMPATH\Common.php(1184): CodeIgniter\View\View->render('website_management/social_media', [], true)
 5 APPPATH\Controllers\Website_management.php(134): view('website_management/social_media', [...])
 6 SYSTEMPATH\CodeIgniter.php(934): App\Controllers\Website_management->social_media()
 7 SYSTEMPATH\CodeIgniter.php(499): CodeIgniter\CodeIgniter->runController(Object(App\Controllers\Website_management))
 8 SYSTEMPATH\CodeIgniter.php(368): CodeIgniter\CodeIgniter->handleRequest(null, Object(Config\Cache), false)
 9 FCPATH\index.php(67): CodeIgniter\CodeIgniter->run()
CRITICAL - 2023-06-13 06:59:15 --> Undefined variable $sm
in APPPATH\Views\website_management\social_media.php on line 89.
 1 APPPATH\Views\website_management\social_media.php(89): CodeIgniter\Debug\Exceptions->errorHandler(2, 'Undefined variable $sm', 'APPPATH\\Views\\website_management\\social_media.php', 89)
 2 SYSTEMPATH\View\View.php(213): include('APPPATH\\Views\\website_management\\social_media.php')
 3 SYSTEMPATH\View\View.php(216): CodeIgniter\View\View->CodeIgniter\View\{closure}()
 4 SYSTEMPATH\Common.php(1184): CodeIgniter\View\View->render('website_management/social_media', [], true)
 5 APPPATH\Controllers\Website_management.php(134): view('website_management/social_media', [...])
 6 SYSTEMPATH\CodeIgniter.php(934): App\Controllers\Website_management->social_media()
 7 SYSTEMPATH\CodeIgniter.php(499): CodeIgniter\CodeIgniter->runController(Object(App\Controllers\Website_management))
 8 SYSTEMPATH\CodeIgniter.php(368): CodeIgniter\CodeIgniter->handleRequest(null, Object(Config\Cache), false)
 9 FCPATH\index.php(67): CodeIgniter\CodeIgniter->run()
CRITICAL - 2023-06-13 07:01:03 --> Updates are not allowed unless they contain a "where" or "like" clause.
in SYSTEMPATH\Model.php on line 391.
 1 SYSTEMPATH\BaseModel.php(943): CodeIgniter\Model->doUpdate(null, [...])
 2 SYSTEMPATH\Model.php(756): CodeIgniter\BaseModel->update(null, [...])
 3 APPPATH\Controllers\Website_management.php(190): CodeIgniter\Model->update(null, [...])
 4 SYSTEMPATH\CodeIgniter.php(934): App\Controllers\Website_management->editsoc()
 5 SYSTEMPATH\CodeIgniter.php(499): CodeIgniter\CodeIgniter->runController(Object(App\Controllers\Website_management))
 6 SYSTEMPATH\CodeIgniter.php(368): CodeIgniter\CodeIgniter->handleRequest(null, Object(Config\Cache), false)
 7 FCPATH\index.php(67): CodeIgniter\CodeIgniter->run()
CRITICAL - 2023-06-13 08:55:08 --> Class "App\Controllers\WebsiteSettings" not found
in APPPATH\Controllers\Website_management.php on line 219.
 1 SYSTEMPATH\CodeIgniter.php(934): App\Controllers\Website_management->email_integration()
 2 SYSTEMPATH\CodeIgniter.php(499): CodeIgniter\CodeIgniter->runController(Object(App\Controllers\Website_management))
 3 SYSTEMPATH\CodeIgniter.php(368): CodeIgniter\CodeIgniter->handleRequest(null, Object(Config\Cache), false)
 4 FCPATH\index.php(67): CodeIgniter\CodeIgniter->run()
CRITICAL - 2023-06-13 08:56:39 --> Class "App\Controllers\WebsiteSettings" not found
in APPPATH\Controllers\Website_management.php on line 219.
 1 SYSTEMPATH\CodeIgniter.php(934): App\Controllers\Website_management->email_integration()
 2 SYSTEMPATH\CodeIgniter.php(499): CodeIgniter\CodeIgniter->runController(Object(App\Controllers\Website_management))
 3 SYSTEMPATH\CodeIgniter.php(368): CodeIgniter\CodeIgniter->handleRequest(null, Object(Config\Cache), false)
 4 FCPATH\index.php(67): CodeIgniter\CodeIgniter->run()
CRITICAL - 2023-06-13 08:57:21 --> Class "App\Controllers\CompanySettings2" not found
in APPPATH\Controllers\Website_management.php on line 219.
 1 SYSTEMPATH\CodeIgniter.php(934): App\Controllers\Website_management->email_integration()
 2 SYSTEMPATH\CodeIgniter.php(499): CodeIgniter\CodeIgniter->runController(Object(App\Controllers\Website_management))
 3 SYSTEMPATH\CodeIgniter.php(368): CodeIgniter\CodeIgniter->handleRequest(null, Object(Config\Cache), false)
 4 FCPATH\index.php(67): CodeIgniter\CodeIgniter->run()
CRITICAL - 2023-06-13 08:57:35 --> Undefined array key "currency"
in APPPATH\Views\website_management\email_integration.php on line 50.
 1 APPPATH\Views\website_management\email_integration.php(50): CodeIgniter\Debug\Exceptions->errorHandler(2, 'Undefined array key "currency"', 'APPPATH\\Views\\website_management\\email_integration.php', 50)
 2 SYSTEMPATH\View\View.php(213): include('APPPATH\\Views\\website_management\\email_integration.php')
 3 SYSTEMPATH\View\View.php(216): CodeIgniter\View\View->CodeIgniter\View\{closure}()
 4 SYSTEMPATH\Common.php(1184): CodeIgniter\View\View->render('website_management/email_integration', [], true)
 5 APPPATH\Controllers\Website_management.php(249): view('website_management/email_integration', [...])
 6 SYSTEMPATH\CodeIgniter.php(934): App\Controllers\Website_management->email_integration()
 7 SYSTEMPATH\CodeIgniter.php(499): CodeIgniter\CodeIgniter->runController(Object(App\Controllers\Website_management))
 8 SYSTEMPATH\CodeIgniter.php(368): CodeIgniter\CodeIgniter->handleRequest(null, Object(Config\Cache), false)
 9 FCPATH\index.php(67): CodeIgniter\CodeIgniter->run()
CRITICAL - 2023-06-13 09:14:53 --> Class "App\Controllers\CompanySettings" not found
in APPPATH\Controllers\Website_management.php on line 219.
 1 SYSTEMPATH\CodeIgniter.php(934): App\Controllers\Website_management->email_integration()
 2 SYSTEMPATH\CodeIgniter.php(499): CodeIgniter\CodeIgniter->runController(Object(App\Controllers\Website_management))
 3 SYSTEMPATH\CodeIgniter.php(368): CodeIgniter\CodeIgniter->handleRequest(null, Object(Config\Cache), false)
 4 FCPATH\index.php(67): CodeIgniter\CodeIgniter->run()
CRITICAL - 2023-06-13 09:21:47 --> Undefined array key "sms_sender"
in APPPATH\Views\website_management\api_details.php on line 48.
 1 APPPATH\Views\website_management\api_details.php(48): CodeIgniter\Debug\Exceptions->errorHandler(2, 'Undefined array key "sms_sender"', 'APPPATH\\Views\\website_management\\api_details.php', 48)
 2 SYSTEMPATH\View\View.php(213): include('APPPATH\\Views\\website_management\\api_details.php')
 3 SYSTEMPATH\View\View.php(216): CodeIgniter\View\View->CodeIgniter\View\{closure}()
 4 SYSTEMPATH\Common.php(1184): CodeIgniter\View\View->render('website_management/api_details', [], true)
 5 APPPATH\Controllers\Website_management.php(341): view('website_management/api_details', [...])
 6 SYSTEMPATH\CodeIgniter.php(934): App\Controllers\Website_management->api_details()
 7 SYSTEMPATH\CodeIgniter.php(499): CodeIgniter\CodeIgniter->runController(Object(App\Controllers\Website_management))
 8 SYSTEMPATH\CodeIgniter.php(368): CodeIgniter\CodeIgniter->handleRequest(null, Object(Config\Cache), false)
 9 FCPATH\index.php(67): CodeIgniter\CodeIgniter->run()
CRITICAL - 2023-06-13 09:22:26 --> Undefined array key "sms_sender"
in APPPATH\Views\website_management\api_details.php on line 48.
 1 APPPATH\Views\website_management\api_details.php(48): CodeIgniter\Debug\Exceptions->errorHandler(2, 'Undefined array key "sms_sender"', 'APPPATH\\Views\\website_management\\api_details.php', 48)
 2 SYSTEMPATH\View\View.php(213): include('APPPATH\\Views\\website_management\\api_details.php')
 3 SYSTEMPATH\View\View.php(216): CodeIgniter\View\View->CodeIgniter\View\{closure}()
 4 SYSTEMPATH\Common.php(1184): CodeIgniter\View\View->render('website_management/api_details', [], true)
 5 APPPATH\Controllers\Website_management.php(341): view('website_management/api_details', [...])
 6 SYSTEMPATH\CodeIgniter.php(934): App\Controllers\Website_management->api_details()
 7 SYSTEMPATH\CodeIgniter.php(499): CodeIgniter\CodeIgniter->runController(Object(App\Controllers\Website_management))
 8 SYSTEMPATH\CodeIgniter.php(368): CodeIgniter\CodeIgniter->handleRequest(null, Object(Config\Cache), false)
 9 FCPATH\index.php(67): CodeIgniter\CodeIgniter->run()
CRITICAL - 2023-06-13 10:14:58 --> Undefined variable $branches
in APPPATH\Views\website_management\posts.php on line 193.
 1 APPPATH\Views\website_management\posts.php(193): CodeIgniter\Debug\Exceptions->errorHandler(2, 'Undefined variable $branches', 'APPPATH\\Views\\website_management\\posts.php', 193)
 2 SYSTEMPATH\View\View.php(213): include('APPPATH\\Views\\website_management\\posts.php')
 3 SYSTEMPATH\View\View.php(216): CodeIgniter\View\View->CodeIgniter\View\{closure}()
 4 SYSTEMPATH\Common.php(1184): CodeIgniter\View\View->render('website_management/posts', [], true)
 5 APPPATH\Controllers\Website_management.php(413): view('website_management/posts', [...])
 6 SYSTEMPATH\CodeIgniter.php(934): App\Controllers\Website_management->posts()
 7 SYSTEMPATH\CodeIgniter.php(499): CodeIgniter\CodeIgniter->runController(Object(App\Controllers\Website_management))
 8 SYSTEMPATH\CodeIgniter.php(368): CodeIgniter\CodeIgniter->handleRequest(null, Object(Config\Cache), false)
 9 FCPATH\index.php(67): CodeIgniter\CodeIgniter->run()
CRITICAL - 2023-06-13 10:16:21 --> Undefined variable $ProductsModel
in APPPATH\Controllers\Website_management.php on line 404.
 1 APPPATH\Controllers\Website_management.php(404): CodeIgniter\Debug\Exceptions->errorHandler(2, 'Undefined variable $ProductsModel', 'APPPATH\\Controllers\\Website_management.php', 404)
 2 SYSTEMPATH\CodeIgniter.php(934): App\Controllers\Website_management->posts()
 3 SYSTEMPATH\CodeIgniter.php(499): CodeIgniter\CodeIgniter->runController(Object(App\Controllers\Website_management))
 4 SYSTEMPATH\CodeIgniter.php(368): CodeIgniter\CodeIgniter->handleRequest(null, Object(Config\Cache), false)
 5 FCPATH\index.php(67): CodeIgniter\CodeIgniter->run()
CRITICAL - 2023-06-13 10:16:51 --> Undefined variable $results_per_page
in APPPATH\Controllers\Website_management.php on line 405.
 1 APPPATH\Controllers\Website_management.php(405): CodeIgniter\Debug\Exceptions->errorHandler(2, 'Undefined variable $results_per_page', 'APPPATH\\Controllers\\Website_management.php', 405)
 2 SYSTEMPATH\CodeIgniter.php(934): App\Controllers\Website_management->posts()
 3 SYSTEMPATH\CodeIgniter.php(499): CodeIgniter\CodeIgniter->runController(Object(App\Controllers\Website_management))
 4 SYSTEMPATH\CodeIgniter.php(368): CodeIgniter\CodeIgniter->handleRequest(null, Object(Config\Cache), false)
 5 FCPATH\index.php(67): CodeIgniter\CodeIgniter->run()
CRITICAL - 2023-06-13 10:17:04 --> Undefined variable $branches
in APPPATH\Views\website_management\posts.php on line 193.
 1 APPPATH\Views\website_management\posts.php(193): CodeIgniter\Debug\Exceptions->errorHandler(2, 'Undefined variable $branches', 'APPPATH\\Views\\website_management\\posts.php', 193)
 2 SYSTEMPATH\View\View.php(213): include('APPPATH\\Views\\website_management\\posts.php')
 3 SYSTEMPATH\View\View.php(216): CodeIgniter\View\View->CodeIgniter\View\{closure}()
 4 SYSTEMPATH\Common.php(1184): CodeIgniter\View\View->render('website_management/posts', [], true)
 5 APPPATH\Controllers\Website_management.php(416): view('website_management/posts', [...])
 6 SYSTEMPATH\CodeIgniter.php(934): App\Controllers\Website_management->posts()
 7 SYSTEMPATH\CodeIgniter.php(499): CodeIgniter\CodeIgniter->runController(Object(App\Controllers\Website_management))
 8 SYSTEMPATH\CodeIgniter.php(368): CodeIgniter\CodeIgniter->handleRequest(null, Object(Config\Cache), false)
 9 FCPATH\index.php(67): CodeIgniter\CodeIgniter->run()
CRITICAL - 2023-06-13 10:17:22 --> Undefined variable $product_data
in APPPATH\Views\website_management\posts.php on line 198.
 1 APPPATH\Views\website_management\posts.php(198): CodeIgniter\Debug\Exceptions->errorHandler(2, 'Undefined variable $product_data', 'APPPATH\\Views\\website_management\\posts.php', 198)
 2 SYSTEMPATH\View\View.php(213): include('APPPATH\\Views\\website_management\\posts.php')
 3 SYSTEMPATH\View\View.php(216): CodeIgniter\View\View->CodeIgniter\View\{closure}()
 4 SYSTEMPATH\Common.php(1184): CodeIgniter\View\View->render('website_management/posts', [], true)
 5 APPPATH\Controllers\Website_management.php(416): view('website_management/posts', [...])
 6 SYSTEMPATH\CodeIgniter.php(934): App\Controllers\Website_management->posts()
 7 SYSTEMPATH\CodeIgniter.php(499): CodeIgniter\CodeIgniter->runController(Object(App\Controllers\Website_management))
 8 SYSTEMPATH\CodeIgniter.php(368): CodeIgniter\CodeIgniter->handleRequest(null, Object(Config\Cache), false)
 9 FCPATH\index.php(67): CodeIgniter\CodeIgniter->run()
ERROR - 2023-06-13 11:25:06 --> mysqli_sql_exception: Unknown column 'company_id' in 'where clause' in C:\xampp\htdocs\SpriteGenix_app\system\Database\MySQLi\Connection.php:295
Stack trace:
#0 C:\xampp\htdocs\SpriteGenix_app\system\Database\MySQLi\Connection.php(295): mysqli->query('SELECT COUNT(*)...', 0)
#1 C:\xampp\htdocs\SpriteGenix_app\system\Database\BaseConnection.php(691): CodeIgniter\Database\MySQLi\Connection->execute('SELECT COUNT(*)...')
#2 C:\xampp\htdocs\SpriteGenix_app\system\Database\BaseConnection.php(605): CodeIgniter\Database\BaseConnection->simpleQuery('SELECT COUNT(*)...')
#3 C:\xampp\htdocs\SpriteGenix_app\system\Database\BaseBuilder.php(1700): CodeIgniter\Database\BaseConnection->query('SELECT COUNT(*)...', Array, false)
#4 C:\xampp\htdocs\SpriteGenix_app\system\Model.php(606): CodeIgniter\Database\BaseBuilder->countAllResults(false)
#5 C:\xampp\htdocs\SpriteGenix_app\system\BaseModel.php(1188): CodeIgniter\Model->countAllResults(false)
#6 C:\xampp\htdocs\SpriteGenix_app\app\Controllers\Website_management.php(405): CodeIgniter\BaseModel->paginate(5)
#7 C:\xampp\htdocs\SpriteGenix_app\system\CodeIgniter.php(934): App\Controllers\Website_management->posts()
#8 C:\xampp\htdocs\SpriteGenix_app\system\CodeIgniter.php(499): CodeIgniter\CodeIgniter->runController(Object(App\Controllers\Website_management))
#9 C:\xampp\htdocs\SpriteGenix_app\system\CodeIgniter.php(368): CodeIgniter\CodeIgniter->handleRequest(NULL, Object(Config\Cache), false)
#10 C:\xampp\htdocs\SpriteGenix_app\index.php(67): CodeIgniter\CodeIgniter->run()
#11 {main}
CRITICAL - 2023-06-13 11:25:06 --> Unknown column 'company_id' in 'where clause'
in SYSTEMPATH\Database\BaseConnection.php on line 645.
 1 SYSTEMPATH\Database\BaseBuilder.php(1700): CodeIgniter\Database\BaseConnection->query('SELECT COUNT(*) AS `numrows`
FROM `posts`
WHERE `company_id` = :company_id:
AND `product_type` != :product_type:
AND `deleted` = :deleted:', [...], false)
 2 SYSTEMPATH\Model.php(606): CodeIgniter\Database\BaseBuilder->countAllResults(false)
 3 SYSTEMPATH\BaseModel.php(1188): CodeIgniter\Model->countAllResults(false)
 4 APPPATH\Controllers\Website_management.php(405): CodeIgniter\BaseModel->paginate(5)
 5 SYSTEMPATH\CodeIgniter.php(934): App\Controllers\Website_management->posts()
 6 SYSTEMPATH\CodeIgniter.php(499): CodeIgniter\CodeIgniter->runController(Object(App\Controllers\Website_management))
 7 SYSTEMPATH\CodeIgniter.php(368): CodeIgniter\CodeIgniter->handleRequest(null, Object(Config\Cache), false)
 8 FCPATH\index.php(67): CodeIgniter\CodeIgniter->run()
ERROR - 2023-06-13 11:25:45 --> mysqli_sql_exception: Unknown column 'deleted' in 'where clause' in C:\xampp\htdocs\SpriteGenix_app\system\Database\MySQLi\Connection.php:295
Stack trace:
#0 C:\xampp\htdocs\SpriteGenix_app\system\Database\MySQLi\Connection.php(295): mysqli->query('SELECT COUNT(*)...', 0)
#1 C:\xampp\htdocs\SpriteGenix_app\system\Database\BaseConnection.php(691): CodeIgniter\Database\MySQLi\Connection->execute('SELECT COUNT(*)...')
#2 C:\xampp\htdocs\SpriteGenix_app\system\Database\BaseConnection.php(605): CodeIgniter\Database\BaseConnection->simpleQuery('SELECT COUNT(*)...')
#3 C:\xampp\htdocs\SpriteGenix_app\system\Database\BaseBuilder.php(1700): CodeIgniter\Database\BaseConnection->query('SELECT COUNT(*)...', Array, false)
#4 C:\xampp\htdocs\SpriteGenix_app\system\Model.php(606): CodeIgniter\Database\BaseBuilder->countAllResults(false)
#5 C:\xampp\htdocs\SpriteGenix_app\system\BaseModel.php(1188): CodeIgniter\Model->countAllResults(false)
#6 C:\xampp\htdocs\SpriteGenix_app\app\Controllers\Website_management.php(405): CodeIgniter\BaseModel->paginate(5)
#7 C:\xampp\htdocs\SpriteGenix_app\system\CodeIgniter.php(934): App\Controllers\Website_management->posts()
#8 C:\xampp\htdocs\SpriteGenix_app\system\CodeIgniter.php(499): CodeIgniter\CodeIgniter->runController(Object(App\Controllers\Website_management))
#9 C:\xampp\htdocs\SpriteGenix_app\system\CodeIgniter.php(368): CodeIgniter\CodeIgniter->handleRequest(NULL, Object(Config\Cache), false)
#10 C:\xampp\htdocs\SpriteGenix_app\index.php(67): CodeIgniter\CodeIgniter->run()
#11 {main}
CRITICAL - 2023-06-13 11:25:45 --> Unknown column 'deleted' in 'where clause'
in SYSTEMPATH\Database\BaseConnection.php on line 645.
 1 SYSTEMPATH\Database\BaseBuilder.php(1700): CodeIgniter\Database\BaseConnection->query('SELECT COUNT(*) AS `numrows`
FROM `posts`
WHERE `deleted` = :deleted:', [...], false)
 2 SYSTEMPATH\Model.php(606): CodeIgniter\Database\BaseBuilder->countAllResults(false)
 3 SYSTEMPATH\BaseModel.php(1188): CodeIgniter\Model->countAllResults(false)
 4 APPPATH\Controllers\Website_management.php(405): CodeIgniter\BaseModel->paginate(5)
 5 SYSTEMPATH\CodeIgniter.php(934): App\Controllers\Website_management->posts()
 6 SYSTEMPATH\CodeIgniter.php(499): CodeIgniter\CodeIgniter->runController(Object(App\Controllers\Website_management))
 7 SYSTEMPATH\CodeIgniter.php(368): CodeIgniter\CodeIgniter->handleRequest(null, Object(Config\Cache), false)
 8 FCPATH\index.php(67): CodeIgniter\CodeIgniter->run()
CRITICAL - 2023-06-13 11:26:03 --> Undefined array key "pro_img"
in APPPATH\Views\website_management\posts.php on line 144.
 1 APPPATH\Views\website_management\posts.php(144): CodeIgniter\Debug\Exceptions->errorHandler(2, 'Undefined array key "pro_img"', 'APPPATH\\Views\\website_management\\posts.php', 144)
 2 SYSTEMPATH\View\View.php(213): include('APPPATH\\Views\\website_management\\posts.php')
 3 SYSTEMPATH\View\View.php(216): CodeIgniter\View\View->CodeIgniter\View\{closure}()
 4 SYSTEMPATH\Common.php(1184): CodeIgniter\View\View->render('website_management/posts', [], true)
 5 APPPATH\Controllers\Website_management.php(416): view('website_management/posts', [...])
 6 SYSTEMPATH\CodeIgniter.php(934): App\Controllers\Website_management->posts()
 7 SYSTEMPATH\CodeIgniter.php(499): CodeIgniter\CodeIgniter->runController(Object(App\Controllers\Website_management))
 8 SYSTEMPATH\CodeIgniter.php(368): CodeIgniter\CodeIgniter->handleRequest(null, Object(Config\Cache), false)
 9 FCPATH\index.php(67): CodeIgniter\CodeIgniter->run()
CRITICAL - 2023-06-13 11:28:37 --> Undefined array key "product_name"
in APPPATH\Views\website_management\posts.php on line 158.
 1 APPPATH\Views\website_management\posts.php(158): CodeIgniter\Debug\Exceptions->errorHandler(2, 'Undefined array key "product_name"', 'APPPATH\\Views\\website_management\\posts.php', 158)
 2 SYSTEMPATH\View\View.php(213): include('APPPATH\\Views\\website_management\\posts.php')
 3 SYSTEMPATH\View\View.php(216): CodeIgniter\View\View->CodeIgniter\View\{closure}()
 4 SYSTEMPATH\Common.php(1184): CodeIgniter\View\View->render('website_management/posts', [], true)
 5 APPPATH\Controllers\Website_management.php(416): view('website_management/posts', [...])
 6 SYSTEMPATH\CodeIgniter.php(934): App\Controllers\Website_management->posts()
 7 SYSTEMPATH\CodeIgniter.php(499): CodeIgniter\CodeIgniter->runController(Object(App\Controllers\Website_management))
 8 SYSTEMPATH\CodeIgniter.php(368): CodeIgniter\CodeIgniter->handleRequest(null, Object(Config\Cache), false)
 9 FCPATH\index.php(67): CodeIgniter\CodeIgniter->run()
CRITICAL - 2023-06-13 11:29:22 --> Undefined array key "product_method"
in APPPATH\Views\website_management\posts.php on line 166.
 1 APPPATH\Views\website_management\posts.php(166): CodeIgniter\Debug\Exceptions->errorHandler(2, 'Undefined array key "product_method"', 'APPPATH\\Views\\website_management\\posts.php', 166)
 2 SYSTEMPATH\View\View.php(213): include('APPPATH\\Views\\website_management\\posts.php')
 3 SYSTEMPATH\View\View.php(216): CodeIgniter\View\View->CodeIgniter\View\{closure}()
 4 SYSTEMPATH\Common.php(1184): CodeIgniter\View\View->render('website_management/posts', [], true)
 5 APPPATH\Controllers\Website_management.php(416): view('website_management/posts', [...])
 6 SYSTEMPATH\CodeIgniter.php(934): App\Controllers\Website_management->posts()
 7 SYSTEMPATH\CodeIgniter.php(499): CodeIgniter\CodeIgniter->runController(Object(App\Controllers\Website_management))
 8 SYSTEMPATH\CodeIgniter.php(368): CodeIgniter\CodeIgniter->handleRequest(null, Object(Config\Cache), false)
 9 FCPATH\index.php(67): CodeIgniter\CodeIgniter->run()
CRITICAL - 2023-06-13 11:29:50 --> Undefined array key "is_manufactured"
in APPPATH\Views\website_management\posts.php on line 180.
 1 APPPATH\Views\website_management\posts.php(180): CodeIgniter\Debug\Exceptions->errorHandler(2, 'Undefined array key "is_manufactured"', 'APPPATH\\Views\\website_management\\posts.php', 180)
 2 SYSTEMPATH\View\View.php(213): include('APPPATH\\Views\\website_management\\posts.php')
 3 SYSTEMPATH\View\View.php(216): CodeIgniter\View\View->CodeIgniter\View\{closure}()
 4 SYSTEMPATH\Common.php(1184): CodeIgniter\View\View->render('website_management/posts', [], true)
 5 APPPATH\Controllers\Website_management.php(416): view('website_management/posts', [...])
 6 SYSTEMPATH\CodeIgniter.php(934): App\Controllers\Website_management->posts()
 7 SYSTEMPATH\CodeIgniter.php(499): CodeIgniter\CodeIgniter->runController(Object(App\Controllers\Website_management))
 8 SYSTEMPATH\CodeIgniter.php(368): CodeIgniter\CodeIgniter->handleRequest(null, Object(Config\Cache), false)
 9 FCPATH\index.php(67): CodeIgniter\CodeIgniter->run()
CRITICAL - 2023-06-13 11:30:13 --> Undefined array key "product_method"
in APPPATH\Views\website_management\posts.php on line 195.
 1 APPPATH\Views\website_management\posts.php(195): CodeIgniter\Debug\Exceptions->errorHandler(2, 'Undefined array key "product_method"', 'APPPATH\\Views\\website_management\\posts.php', 195)
 2 SYSTEMPATH\View\View.php(213): include('APPPATH\\Views\\website_management\\posts.php')
 3 SYSTEMPATH\View\View.php(216): CodeIgniter\View\View->CodeIgniter\View\{closure}()
 4 SYSTEMPATH\Common.php(1184): CodeIgniter\View\View->render('website_management/posts', [], true)
 5 APPPATH\Controllers\Website_management.php(416): view('website_management/posts', [...])
 6 SYSTEMPATH\CodeIgniter.php(934): App\Controllers\Website_management->posts()
 7 SYSTEMPATH\CodeIgniter.php(499): CodeIgniter\CodeIgniter->runController(Object(App\Controllers\Website_management))
 8 SYSTEMPATH\CodeIgniter.php(368): CodeIgniter\CodeIgniter->handleRequest(null, Object(Config\Cache), false)
 9 FCPATH\index.php(67): CodeIgniter\CodeIgniter->run()
CRITICAL - 2023-06-13 11:31:45 --> Undefined array key "product_method"
in APPPATH\Views\website_management\posts.php on line 199.
 1 APPPATH\Views\website_management\posts.php(199): CodeIgniter\Debug\Exceptions->errorHandler(2, 'Undefined array key "product_method"', 'APPPATH\\Views\\website_management\\posts.php', 199)
 2 SYSTEMPATH\View\View.php(213): include('APPPATH\\Views\\website_management\\posts.php')
 3 SYSTEMPATH\View\View.php(216): CodeIgniter\View\View->CodeIgniter\View\{closure}()
 4 SYSTEMPATH\Common.php(1184): CodeIgniter\View\View->render('website_management/posts', [], true)
 5 APPPATH\Controllers\Website_management.php(416): view('website_management/posts', [...])
 6 SYSTEMPATH\CodeIgniter.php(934): App\Controllers\Website_management->posts()
 7 SYSTEMPATH\CodeIgniter.php(499): CodeIgniter\CodeIgniter->runController(Object(App\Controllers\Website_management))
 8 SYSTEMPATH\CodeIgniter.php(368): CodeIgniter\CodeIgniter->handleRequest(null, Object(Config\Cache), false)
 9 FCPATH\index.php(67): CodeIgniter\CodeIgniter->run()
CRITICAL - 2023-06-13 11:40:10 --> Call to undefined function cat_name()
in APPPATH\Views\website_management\posts.php on line 166.
 1 SYSTEMPATH\View\View.php(213): include()
 2 SYSTEMPATH\View\View.php(216): CodeIgniter\View\View->CodeIgniter\View\{closure}()
 3 SYSTEMPATH\Common.php(1184): CodeIgniter\View\View->render('website_management/posts', [], true)
 4 APPPATH\Controllers\Website_management.php(416): view('website_management/posts', [...])
 5 SYSTEMPATH\CodeIgniter.php(934): App\Controllers\Website_management->posts()
 6 SYSTEMPATH\CodeIgniter.php(499): CodeIgniter\CodeIgniter->runController(Object(App\Controllers\Website_management))
 7 SYSTEMPATH\CodeIgniter.php(368): CodeIgniter\CodeIgniter->handleRequest(null, Object(Config\Cache), false)
 8 FCPATH\index.php(67): CodeIgniter\CodeIgniter->run()
