ERROR - 2023-06-15 04:52:12 --> mysqli_sql_exception: Column 'category' cannot be null in C:\xampp\htdocs\SpriteGenix_app\system\Database\MySQLi\Connection.php:295
Stack trace:
#0 C:\xampp\htdocs\SpriteGenix_app\system\Database\MySQLi\Connection.php(295): mysqli->query('INSERT INTO `po...', 0)
#1 C:\xampp\htdocs\SpriteGenix_app\system\Database\BaseConnection.php(691): CodeIgniter\Database\MySQLi\Connection->execute('INSERT INTO `po...')
#2 C:\xampp\htdocs\SpriteGenix_app\system\Database\BaseConnection.php(605): CodeIgniter\Database\BaseConnection->simpleQuery('INSERT INTO `po...')
#3 C:\xampp\htdocs\SpriteGenix_app\system\Database\BaseBuilder.php(2309): CodeIgniter\Database\BaseConnection->query('INSERT INTO `po...', Array, false)
#4 C:\xampp\htdocs\SpriteGenix_app\system\Model.php(330): CodeIgniter\Database\BaseBuilder->insert()
#5 C:\xampp\htdocs\SpriteGenix_app\system\BaseModel.php(782): CodeIgniter\Model->doInsert(Array)
#6 C:\xampp\htdocs\SpriteGenix_app\system\Model.php(730): CodeIgniter\BaseModel->insert(Array, false)
#7 C:\xampp\htdocs\SpriteGenix_app\system\BaseModel.php(692): CodeIgniter\Model->insert(Array, false)
#8 C:\xampp\htdocs\SpriteGenix_app\app\Controllers\Website_management.php(386): CodeIgniter\BaseModel->save(Array)
#9 C:\xampp\htdocs\SpriteGenix_app\system\CodeIgniter.php(934): App\Controllers\Website_management->add_post()
#10 C:\xampp\htdocs\SpriteGenix_app\system\CodeIgniter.php(499): CodeIgniter\CodeIgniter->runController(Object(App\Controllers\Website_management))
#11 C:\xampp\htdocs\SpriteGenix_app\system\CodeIgniter.php(368): CodeIgniter\CodeIgniter->handleRequest(NULL, Object(Config\Cache), false)
#12 C:\xampp\htdocs\SpriteGenix_app\index.php(67): CodeIgniter\CodeIgniter->run()
#13 {main}
CRITICAL - 2023-06-15 04:52:12 --> Column 'category' cannot be null
in SYSTEMPATH\Database\BaseConnection.php on line 645.
 1 SYSTEMPATH\Database\BaseBuilder.php(2309): CodeIgniter\Database\BaseConnection->query('INSERT INTO `posts` (`title`, `post_type`, `category`, `short_description`, `description`, `meta_keyword`, `meta_description`, `featured`, `file_type`, `alt`, `status`, `slug`, `datetime`) VALUES (:title:, :post_type:, :category:, :short_description:, :description:, :meta_keyword:, :meta_description:, :featured:, :file_type:, :alt:, :status:, :slug:, :datetime:)', [...], false)
 2 SYSTEMPATH\Model.php(330): CodeIgniter\Database\BaseBuilder->insert()
 3 SYSTEMPATH\BaseModel.php(782): CodeIgniter\Model->doInsert([...])
 4 SYSTEMPATH\Model.php(730): CodeIgniter\BaseModel->insert([...], false)
 5 SYSTEMPATH\BaseModel.php(692): CodeIgniter\Model->insert([...], false)
 6 APPPATH\Controllers\Website_management.php(386): CodeIgniter\BaseModel->save([...])
 7 SYSTEMPATH\CodeIgniter.php(934): App\Controllers\Website_management->add_post()
 8 SYSTEMPATH\CodeIgniter.php(499): CodeIgniter\CodeIgniter->runController(Object(App\Controllers\Website_management))
 9 SYSTEMPATH\CodeIgniter.php(368): CodeIgniter\CodeIgniter->handleRequest(null, Object(Config\Cache), false)
10 FCPATH\index.php(67): CodeIgniter\CodeIgniter->run()
CRITICAL - 2023-06-15 06:10:25 --> Undefined array key "father"
in APPPATH\Helpers\school_helper.php on line 1250.
 1 APPPATH\Helpers\school_helper.php(1250): CodeIgniter\Debug\Exceptions->errorHandler(2, 'Undefined array key "father"', 'APPPATH\\Helpers\\school_helper.php', 1250)
 2 APPPATH\Views\student_master\students.php(350): get_student_data('1', '3913', 'father')
 3 SYSTEMPATH\View\View.php(213): include('APPPATH\\Views\\student_master\\students.php')
 4 SYSTEMPATH\View\View.php(216): CodeIgniter\View\View->CodeIgniter\View\{closure}()
 5 SYSTEMPATH\Common.php(1184): CodeIgniter\View\View->render('student_master/students', [], true)
 6 APPPATH\Controllers\Student_master.php(66): view('student_master/students')
 7 SYSTEMPATH\CodeIgniter.php(934): App\Controllers\Student_master->index()
 8 SYSTEMPATH\CodeIgniter.php(499): CodeIgniter\CodeIgniter->runController(Object(App\Controllers\Student_master))
 9 SYSTEMPATH\CodeIgniter.php(368): CodeIgniter\CodeIgniter->handleRequest(null, Object(Config\Cache), false)
10 FCPATH\index.php(67): CodeIgniter\CodeIgniter->run()
CRITICAL - 2023-06-15 06:12:16 --> Undefined array key "address"
in APPPATH\Helpers\school_helper.php on line 1250.
 1 APPPATH\Helpers\school_helper.php(1250): CodeIgniter\Debug\Exceptions->errorHandler(2, 'Undefined array key "address"', 'APPPATH\\Helpers\\school_helper.php', 1250)
 2 APPPATH\Views\student_master\students.php(358): get_student_data('1', '3913', 'address')
 3 SYSTEMPATH\View\View.php(213): include('APPPATH\\Views\\student_master\\students.php')
 4 SYSTEMPATH\View\View.php(216): CodeIgniter\View\View->CodeIgniter\View\{closure}()
 5 SYSTEMPATH\Common.php(1184): CodeIgniter\View\View->render('student_master/students', [], true)
 6 APPPATH\Controllers\Student_master.php(66): view('student_master/students')
 7 SYSTEMPATH\CodeIgniter.php(934): App\Controllers\Student_master->index()
 8 SYSTEMPATH\CodeIgniter.php(499): CodeIgniter\CodeIgniter->runController(Object(App\Controllers\Student_master))
 9 SYSTEMPATH\CodeIgniter.php(368): CodeIgniter\CodeIgniter->handleRequest(null, Object(Config\Cache), false)
10 FCPATH\index.php(67): CodeIgniter\CodeIgniter->run()
CRITICAL - 2023-06-15 11:11:43 --> Invalid file: "website_management/post_categories.php"
in SYSTEMPATH\Exceptions\FrameworkException.php on line 33.
 1 SYSTEMPATH\View\View.php(201): CodeIgniter\Exceptions\FrameworkException::forInvalidFile('website_management/post_categories.php')
 2 SYSTEMPATH\Common.php(1184): CodeIgniter\View\View->render('website_management/post_categories', [], true)
 3 APPPATH\Controllers\Website_management.php(343): view('website_management/post_categories', [...])
 4 SYSTEMPATH\CodeIgniter.php(934): App\Controllers\Website_management->post_categories()
 5 SYSTEMPATH\CodeIgniter.php(499): CodeIgniter\CodeIgniter->runController(Object(App\Controllers\Website_management))
 6 SYSTEMPATH\CodeIgniter.php(368): CodeIgniter\CodeIgniter->handleRequest(null, Object(Config\Cache), false)
 7 FCPATH\index.php(67): CodeIgniter\CodeIgniter->run()
CRITICAL - 2023-06-15 11:12:21 --> Undefined variable $social_medias
in APPPATH\Views\website_management\post_categories.php on line 144.
 1 APPPATH\Views\website_management\post_categories.php(144): CodeIgniter\Debug\Exceptions->errorHandler(2, 'Undefined variable $social_medias', 'APPPATH\\Views\\website_management\\post_categories.php', 144)
 2 SYSTEMPATH\View\View.php(213): include('APPPATH\\Views\\website_management\\post_categories.php')
 3 SYSTEMPATH\View\View.php(216): CodeIgniter\View\View->CodeIgniter\View\{closure}()
 4 SYSTEMPATH\Common.php(1184): CodeIgniter\View\View->render('website_management/post_categories', [], true)
 5 APPPATH\Controllers\Website_management.php(343): view('website_management/post_categories', [...])
 6 SYSTEMPATH\CodeIgniter.php(934): App\Controllers\Website_management->post_categories()
 7 SYSTEMPATH\CodeIgniter.php(499): CodeIgniter\CodeIgniter->runController(Object(App\Controllers\Website_management))
 8 SYSTEMPATH\CodeIgniter.php(368): CodeIgniter\CodeIgniter->handleRequest(null, Object(Config\Cache), false)
 9 FCPATH\index.php(67): CodeIgniter\CodeIgniter->run()
CRITICAL - 2023-06-15 11:13:09 --> Undefined variable $social_medias
in APPPATH\Views\website_management\post_categories.php on line 148.
 1 APPPATH\Views\website_management\post_categories.php(148): CodeIgniter\Debug\Exceptions->errorHandler(2, 'Undefined variable $social_medias', 'APPPATH\\Views\\website_management\\post_categories.php', 148)
 2 SYSTEMPATH\View\View.php(213): include('APPPATH\\Views\\website_management\\post_categories.php')
 3 SYSTEMPATH\View\View.php(216): CodeIgniter\View\View->CodeIgniter\View\{closure}()
 4 SYSTEMPATH\Common.php(1184): CodeIgniter\View\View->render('website_management/post_categories', [], true)
 5 APPPATH\Controllers\Website_management.php(343): view('website_management/post_categories', [...])
 6 SYSTEMPATH\CodeIgniter.php(934): App\Controllers\Website_management->post_categories()
 7 SYSTEMPATH\CodeIgniter.php(499): CodeIgniter\CodeIgniter->runController(Object(App\Controllers\Website_management))
 8 SYSTEMPATH\CodeIgniter.php(368): CodeIgniter\CodeIgniter->handleRequest(null, Object(Config\Cache), false)
 9 FCPATH\index.php(67): CodeIgniter\CodeIgniter->run()
CRITICAL - 2023-06-15 11:13:45 --> Undefined variable $social_medias
in APPPATH\Views\website_management\post_categories.php on line 148.
 1 APPPATH\Views\website_management\post_categories.php(148): CodeIgniter\Debug\Exceptions->errorHandler(2, 'Undefined variable $social_medias', 'APPPATH\\Views\\website_management\\post_categories.php', 148)
 2 SYSTEMPATH\View\View.php(213): include('APPPATH\\Views\\website_management\\post_categories.php')
 3 SYSTEMPATH\View\View.php(216): CodeIgniter\View\View->CodeIgniter\View\{closure}()
 4 SYSTEMPATH\Common.php(1184): CodeIgniter\View\View->render('website_management/post_categories', [], true)
 5 APPPATH\Controllers\Website_management.php(343): view('website_management/post_categories', [...])
 6 SYSTEMPATH\CodeIgniter.php(934): App\Controllers\Website_management->post_categories()
 7 SYSTEMPATH\CodeIgniter.php(499): CodeIgniter\CodeIgniter->runController(Object(App\Controllers\Website_management))
 8 SYSTEMPATH\CodeIgniter.php(368): CodeIgniter\CodeIgniter->handleRequest(null, Object(Config\Cache), false)
 9 FCPATH\index.php(67): CodeIgniter\CodeIgniter->run()
CRITICAL - 2023-06-15 11:14:45 --> Class "App\Controllers\PostCategoryModel" not found
in APPPATH\Controllers\Website_management.php on line 332.
 1 SYSTEMPATH\CodeIgniter.php(934): App\Controllers\Website_management->post_categories()
 2 SYSTEMPATH\CodeIgniter.php(499): CodeIgniter\CodeIgniter->runController(Object(App\Controllers\Website_management))
 3 SYSTEMPATH\CodeIgniter.php(368): CodeIgniter\CodeIgniter->handleRequest(null, Object(Config\Cache), false)
 4 FCPATH\index.php(67): CodeIgniter\CodeIgniter->run()
CRITICAL - 2023-06-15 11:15:03 --> Undefined variable $social_medias
in APPPATH\Views\website_management\post_categories.php on line 148.
 1 APPPATH\Views\website_management\post_categories.php(148): CodeIgniter\Debug\Exceptions->errorHandler(2, 'Undefined variable $social_medias', 'APPPATH\\Views\\website_management\\post_categories.php', 148)
 2 SYSTEMPATH\View\View.php(213): include('APPPATH\\Views\\website_management\\post_categories.php')
 3 SYSTEMPATH\View\View.php(216): CodeIgniter\View\View->CodeIgniter\View\{closure}()
 4 SYSTEMPATH\Common.php(1184): CodeIgniter\View\View->render('website_management/post_categories', [], true)
 5 APPPATH\Controllers\Website_management.php(346): view('website_management/post_categories', [...])
 6 SYSTEMPATH\CodeIgniter.php(934): App\Controllers\Website_management->post_categories()
 7 SYSTEMPATH\CodeIgniter.php(499): CodeIgniter\CodeIgniter->runController(Object(App\Controllers\Website_management))
 8 SYSTEMPATH\CodeIgniter.php(368): CodeIgniter\CodeIgniter->handleRequest(null, Object(Config\Cache), false)
 9 FCPATH\index.php(67): CodeIgniter\CodeIgniter->run()
CRITICAL - 2023-06-15 11:18:06 --> Undefined variable $sm
in APPPATH\Views\website_management\post_categories.php on line 148.
 1 APPPATH\Views\website_management\post_categories.php(148): CodeIgniter\Debug\Exceptions->errorHandler(2, 'Undefined variable $sm', 'APPPATH\\Views\\website_management\\post_categories.php', 148)
 2 SYSTEMPATH\View\View.php(213): include('APPPATH\\Views\\website_management\\post_categories.php')
 3 SYSTEMPATH\View\View.php(216): CodeIgniter\View\View->CodeIgniter\View\{closure}()
 4 SYSTEMPATH\Common.php(1184): CodeIgniter\View\View->render('website_management/post_categories', [], true)
 5 APPPATH\Controllers\Website_management.php(346): view('website_management/post_categories', [...])
 6 SYSTEMPATH\CodeIgniter.php(934): App\Controllers\Website_management->post_categories()
 7 SYSTEMPATH\CodeIgniter.php(499): CodeIgniter\CodeIgniter->runController(Object(App\Controllers\Website_management))
 8 SYSTEMPATH\CodeIgniter.php(368): CodeIgniter\CodeIgniter->handleRequest(null, Object(Config\Cache), false)
 9 FCPATH\index.php(67): CodeIgniter\CodeIgniter->run()
CRITICAL - 2023-06-15 11:19:54 --> Undefined array key "name"
in APPPATH\Views\website_management\post_categories.php on line 184.
 1 APPPATH\Views\website_management\post_categories.php(184): CodeIgniter\Debug\Exceptions->errorHandler(2, 'Undefined array key "name"', 'APPPATH\\Views\\website_management\\post_categories.php', 184)
 2 SYSTEMPATH\View\View.php(213): include('APPPATH\\Views\\website_management\\post_categories.php')
 3 SYSTEMPATH\View\View.php(216): CodeIgniter\View\View->CodeIgniter\View\{closure}()
 4 SYSTEMPATH\Common.php(1184): CodeIgniter\View\View->render('website_management/post_categories', [], true)
 5 APPPATH\Controllers\Website_management.php(346): view('website_management/post_categories', [...])
 6 SYSTEMPATH\CodeIgniter.php(934): App\Controllers\Website_management->post_categories()
 7 SYSTEMPATH\CodeIgniter.php(499): CodeIgniter\CodeIgniter->runController(Object(App\Controllers\Website_management))
 8 SYSTEMPATH\CodeIgniter.php(368): CodeIgniter\CodeIgniter->handleRequest(null, Object(Config\Cache), false)
 9 FCPATH\index.php(67): CodeIgniter\CodeIgniter->run()
CRITICAL - 2023-06-15 11:25:52 --> Undefined variable $catmodel
in APPPATH\Controllers\Website_management.php on line 353.
 1 APPPATH\Controllers\Website_management.php(353): CodeIgniter\Debug\Exceptions->errorHandler(2, 'Undefined variable $catmodel', 'APPPATH\\Controllers\\Website_management.php', 353)
 2 SYSTEMPATH\CodeIgniter.php(934): App\Controllers\Website_management->post_categories()
 3 SYSTEMPATH\CodeIgniter.php(499): CodeIgniter\CodeIgniter->runController(Object(App\Controllers\Website_management))
 4 SYSTEMPATH\CodeIgniter.php(368): CodeIgniter\CodeIgniter->handleRequest(null, Object(Config\Cache), false)
 5 FCPATH\index.php(67): CodeIgniter\CodeIgniter->run()
CRITICAL - 2023-06-15 11:25:56 --> Undefined variable $catmodel
in APPPATH\Controllers\Website_management.php on line 353.
 1 APPPATH\Controllers\Website_management.php(353): CodeIgniter\Debug\Exceptions->errorHandler(2, 'Undefined variable $catmodel', 'APPPATH\\Controllers\\Website_management.php', 353)
 2 SYSTEMPATH\CodeIgniter.php(934): App\Controllers\Website_management->post_categories()
 3 SYSTEMPATH\CodeIgniter.php(499): CodeIgniter\CodeIgniter->runController(Object(App\Controllers\Website_management))
 4 SYSTEMPATH\CodeIgniter.php(368): CodeIgniter\CodeIgniter->handleRequest(null, Object(Config\Cache), false)
 5 FCPATH\index.php(67): CodeIgniter\CodeIgniter->run()
CRITICAL - 2023-06-15 11:26:06 --> Undefined variable $catmodel
in APPPATH\Controllers\Website_management.php on line 353.
 1 APPPATH\Controllers\Website_management.php(353): CodeIgniter\Debug\Exceptions->errorHandler(2, 'Undefined variable $catmodel', 'APPPATH\\Controllers\\Website_management.php', 353)
 2 SYSTEMPATH\CodeIgniter.php(934): App\Controllers\Website_management->post_categories()
 3 SYSTEMPATH\CodeIgniter.php(499): CodeIgniter\CodeIgniter->runController(Object(App\Controllers\Website_management))
 4 SYSTEMPATH\CodeIgniter.php(368): CodeIgniter\CodeIgniter->handleRequest(null, Object(Config\Cache), false)
 5 FCPATH\index.php(67): CodeIgniter\CodeIgniter->run()
CRITICAL - 2023-06-15 11:27:22 --> Undefined variable $catmodel
in APPPATH\Controllers\Website_management.php on line 353.
 1 APPPATH\Controllers\Website_management.php(353): CodeIgniter\Debug\Exceptions->errorHandler(2, 'Undefined variable $catmodel', 'APPPATH\\Controllers\\Website_management.php', 353)
 2 SYSTEMPATH\CodeIgniter.php(934): App\Controllers\Website_management->post_categories()
 3 SYSTEMPATH\CodeIgniter.php(499): CodeIgniter\CodeIgniter->runController(Object(App\Controllers\Website_management))
 4 SYSTEMPATH\CodeIgniter.php(368): CodeIgniter\CodeIgniter->handleRequest(null, Object(Config\Cache), false)
 5 FCPATH\index.php(67): CodeIgniter\CodeIgniter->run()
CRITICAL - 2023-06-15 11:27:26 --> Undefined variable $catmodel
in APPPATH\Controllers\Website_management.php on line 353.
 1 APPPATH\Controllers\Website_management.php(353): CodeIgniter\Debug\Exceptions->errorHandler(2, 'Undefined variable $catmodel', 'APPPATH\\Controllers\\Website_management.php', 353)
 2 SYSTEMPATH\CodeIgniter.php(934): App\Controllers\Website_management->post_categories()
 3 SYSTEMPATH\CodeIgniter.php(499): CodeIgniter\CodeIgniter->runController(Object(App\Controllers\Website_management))
 4 SYSTEMPATH\CodeIgniter.php(368): CodeIgniter\CodeIgniter->handleRequest(null, Object(Config\Cache), false)
 5 FCPATH\index.php(67): CodeIgniter\CodeIgniter->run()
CRITICAL - 2023-06-15 11:28:34 --> Undefined variable $catmodel
in APPPATH\Controllers\Website_management.php on line 353.
 1 APPPATH\Controllers\Website_management.php(353): CodeIgniter\Debug\Exceptions->errorHandler(2, 'Undefined variable $catmodel', 'APPPATH\\Controllers\\Website_management.php', 353)
 2 SYSTEMPATH\CodeIgniter.php(934): App\Controllers\Website_management->post_categories()
 3 SYSTEMPATH\CodeIgniter.php(499): CodeIgniter\CodeIgniter->runController(Object(App\Controllers\Website_management))
 4 SYSTEMPATH\CodeIgniter.php(368): CodeIgniter\CodeIgniter->handleRequest(null, Object(Config\Cache), false)
 5 FCPATH\index.php(67): CodeIgniter\CodeIgniter->run()
CRITICAL - 2023-06-15 11:29:23 --> Undefined variable $catmodel
in APPPATH\Controllers\Website_management.php on line 353.
 1 APPPATH\Controllers\Website_management.php(353): CodeIgniter\Debug\Exceptions->errorHandler(2, 'Undefined variable $catmodel', 'APPPATH\\Controllers\\Website_management.php', 353)
 2 SYSTEMPATH\CodeIgniter.php(934): App\Controllers\Website_management->post_categories()
 3 SYSTEMPATH\CodeIgniter.php(499): CodeIgniter\CodeIgniter->runController(Object(App\Controllers\Website_management))
 4 SYSTEMPATH\CodeIgniter.php(368): CodeIgniter\CodeIgniter->handleRequest(null, Object(Config\Cache), false)
 5 FCPATH\index.php(67): CodeIgniter\CodeIgniter->run()
CRITICAL - 2023-06-15 11:29:26 --> Undefined variable $catmodel
in APPPATH\Controllers\Website_management.php on line 353.
 1 APPPATH\Controllers\Website_management.php(353): CodeIgniter\Debug\Exceptions->errorHandler(2, 'Undefined variable $catmodel', 'APPPATH\\Controllers\\Website_management.php', 353)
 2 SYSTEMPATH\CodeIgniter.php(934): App\Controllers\Website_management->post_categories()
 3 SYSTEMPATH\CodeIgniter.php(499): CodeIgniter\CodeIgniter->runController(Object(App\Controllers\Website_management))
 4 SYSTEMPATH\CodeIgniter.php(368): CodeIgniter\CodeIgniter->handleRequest(null, Object(Config\Cache), false)
 5 FCPATH\index.php(67): CodeIgniter\CodeIgniter->run()
CRITICAL - 2023-06-15 11:29:40 --> Undefined variable $catmodel
in APPPATH\Controllers\Website_management.php on line 353.
 1 APPPATH\Controllers\Website_management.php(353): CodeIgniter\Debug\Exceptions->errorHandler(2, 'Undefined variable $catmodel', 'APPPATH\\Controllers\\Website_management.php', 353)
 2 SYSTEMPATH\CodeIgniter.php(934): App\Controllers\Website_management->post_categories()
 3 SYSTEMPATH\CodeIgniter.php(499): CodeIgniter\CodeIgniter->runController(Object(App\Controllers\Website_management))
 4 SYSTEMPATH\CodeIgniter.php(368): CodeIgniter\CodeIgniter->handleRequest(null, Object(Config\Cache), false)
 5 FCPATH\index.php(67): CodeIgniter\CodeIgniter->run()
CRITICAL - 2023-06-15 11:35:39 --> Cannot redeclare App\Controllers\Website_management::editsoc()
in APPPATH\Controllers\Website_management.php on line 379.
 1 [internal function]: CodeIgniter\Debug\Exceptions->shutdownHandler()
CRITICAL - 2023-06-15 11:39:29 --> Undefined variable $find
in APPPATH\Controllers\Website_management.php on line 352.
 1 APPPATH\Controllers\Website_management.php(352): CodeIgniter\Debug\Exceptions->errorHandler(2, 'Undefined variable $find', 'APPPATH\\Controllers\\Website_management.php', 352)
 2 SYSTEMPATH\CodeIgniter.php(934): App\Controllers\Website_management->post_categories()
 3 SYSTEMPATH\CodeIgniter.php(499): CodeIgniter\CodeIgniter->runController(Object(App\Controllers\Website_management))
 4 SYSTEMPATH\CodeIgniter.php(368): CodeIgniter\CodeIgniter->handleRequest(null, Object(Config\Cache), false)
 5 FCPATH\index.php(67): CodeIgniter\CodeIgniter->run()
