CRITICAL - 2023-05-02 10:34:19 --> syntax error, unexpected token "endforeach"
in APPPATH\Views\payroll\create_payroll.php on line 230.
 1 SYSTEMPATH\View\View.php(216): CodeIgniter\View\View->CodeIgniter\View\{closure}()
 2 SYSTEMPATH\Common.php(1184): CodeIgniter\View\View->render('payroll/create_payroll', [], true)
 3 APPPATH\Controllers\Payroll.php(204): view('payroll/create_payroll')
 4 SYSTEMPATH\CodeIgniter.php(934): App\Controllers\Payroll->create_payroll()
 5 SYSTEMPATH\CodeIgniter.php(499): CodeIgniter\CodeIgniter->runController(Object(App\Controllers\Payroll))
 6 SYSTEMPATH\CodeIgniter.php(368): CodeIgniter\CodeIgniter->handleRequest(null, Object(Config\Cache), false)
 7 FCPATH\index.php(67): CodeIgniter\CodeIgniter->run()
CRITICAL - 2023-05-02 10:35:56 --> Undefined variable $calculated_amount
in APPPATH\Views\payroll\create_payroll.php on line 195.
 1 APPPATH\Views\payroll\create_payroll.php(195): CodeIgniter\Debug\Exceptions->errorHandler(2, 'Undefined variable $calculated_amount', 'APPPATH\\Views\\payroll\\create_payroll.php', 195)
 2 SYSTEMPATH\View\View.php(213): include('APPPATH\\Views\\payroll\\create_payroll.php')
 3 SYSTEMPATH\View\View.php(216): CodeIgniter\View\View->CodeIgniter\View\{closure}()
 4 SYSTEMPATH\Common.php(1184): CodeIgniter\View\View->render('payroll/create_payroll', [], true)
 5 APPPATH\Controllers\Payroll.php(204): view('payroll/create_payroll')
 6 SYSTEMPATH\CodeIgniter.php(934): App\Controllers\Payroll->create_payroll()
 7 SYSTEMPATH\CodeIgniter.php(499): CodeIgniter\CodeIgniter->runController(Object(App\Controllers\Payroll))
 8 SYSTEMPATH\CodeIgniter.php(368): CodeIgniter\CodeIgniter->handleRequest(null, Object(Config\Cache), false)
 9 FCPATH\index.php(67): CodeIgniter\CodeIgniter->run()
