CRITICAL - 2023-06-09 03:19:35 --> Cannot use object of type stdClass as array
in APPPATH\Controllers\Hr_manage.php on line 279.
 1 SYSTEMPATH\CodeIgniter.php(934): App\Controllers\Hr_manage->push_attendance()
 2 SYSTEMPATH\CodeIgniter.php(499): CodeIgniter\CodeIgniter->runController(Object(App\Controllers\Hr_manage))
 3 SYSTEMPATH\CodeIgniter.php(368): CodeIgniter\CodeIgniter->handleRequest(null, Object(Config\Cache), false)
 4 FCPATH\index.php(67): CodeIgniter\CodeIgniter->run()
CRITICAL - 2023-06-09 03:24:57 --> Cannot use object of type stdClass as array
in APPPATH\Controllers\Hr_manage.php on line 279.
 1 SYSTEMPATH\CodeIgniter.php(934): App\Controllers\Hr_manage->push_attendance()
 2 SYSTEMPATH\CodeIgniter.php(499): CodeIgniter\CodeIgniter->runController(Object(App\Controllers\Hr_manage))
 3 SYSTEMPATH\CodeIgniter.php(368): CodeIgniter\CodeIgniter->handleRequest(null, Object(Config\Cache), false)
 4 FCPATH\index.php(67): CodeIgniter\CodeIgniter->run()
CRITICAL - 2023-06-09 03:28:46 --> Trying to access array offset on value of type int
in APPPATH\Controllers\Hr_manage.php on line 280.
 1 APPPATH\Controllers\Hr_manage.php(280): CodeIgniter\Debug\Exceptions->errorHandler(2, 'Trying to access array offset on value of type int', 'APPPATH\\Controllers\\Hr_manage.php', 280)
 2 SYSTEMPATH\CodeIgniter.php(934): App\Controllers\Hr_manage->push_attendance()
 3 SYSTEMPATH\CodeIgniter.php(499): CodeIgniter\CodeIgniter->runController(Object(App\Controllers\Hr_manage))
 4 SYSTEMPATH\CodeIgniter.php(368): CodeIgniter\CodeIgniter->handleRequest(null, Object(Config\Cache), false)
 5 FCPATH\index.php(67): CodeIgniter\CodeIgniter->run()
CRITICAL - 2023-06-09 03:30:06 --> Trying to access array offset on value of type int
in APPPATH\Controllers\Hr_manage.php on line 280.
 1 APPPATH\Controllers\Hr_manage.php(280): CodeIgniter\Debug\Exceptions->errorHandler(2, 'Trying to access array offset on value of type int', 'APPPATH\\Controllers\\Hr_manage.php', 280)
 2 SYSTEMPATH\CodeIgniter.php(934): App\Controllers\Hr_manage->push_attendance()
 3 SYSTEMPATH\CodeIgniter.php(499): CodeIgniter\CodeIgniter->runController(Object(App\Controllers\Hr_manage))
 4 SYSTEMPATH\CodeIgniter.php(368): CodeIgniter\CodeIgniter->handleRequest(null, Object(Config\Cache), false)
 5 FCPATH\index.php(67): CodeIgniter\CodeIgniter->run()
CRITICAL - 2023-06-09 03:52:32 --> Trying to access array offset on value of type null
in APPPATH\Helpers\apanel_helper.php on line 4310.
 1 APPPATH\Helpers\apanel_helper.php(4310): CodeIgniter\Debug\Exceptions->errorHandler(2, 'Trying to access array offset on value of type null', 'APPPATH\\Helpers\\apanel_helper.php', 4310)
 2 APPPATH\Controllers\Hr_manage.php(294): user_data_by_code('100', 'id')
 3 SYSTEMPATH\CodeIgniter.php(934): App\Controllers\Hr_manage->push_attendance()
 4 SYSTEMPATH\CodeIgniter.php(499): CodeIgniter\CodeIgniter->runController(Object(App\Controllers\Hr_manage))
 5 SYSTEMPATH\CodeIgniter.php(368): CodeIgniter\CodeIgniter->handleRequest(null, Object(Config\Cache), false)
 6 FCPATH\index.php(67): CodeIgniter\CodeIgniter->run()
CRITICAL - 2023-06-09 03:53:37 --> Trying to access array offset on value of type null
in APPPATH\Helpers\apanel_helper.php on line 4310.
 1 APPPATH\Helpers\apanel_helper.php(4310): CodeIgniter\Debug\Exceptions->errorHandler(2, 'Trying to access array offset on value of type null', 'APPPATH\\Helpers\\apanel_helper.php', 4310)
 2 APPPATH\Controllers\Hr_manage.php(294): user_data_by_code('100', 'id')
 3 SYSTEMPATH\CodeIgniter.php(934): App\Controllers\Hr_manage->push_attendance()
 4 SYSTEMPATH\CodeIgniter.php(499): CodeIgniter\CodeIgniter->runController(Object(App\Controllers\Hr_manage))
 5 SYSTEMPATH\CodeIgniter.php(368): CodeIgniter\CodeIgniter->handleRequest(null, Object(Config\Cache), false)
 6 FCPATH\index.php(67): CodeIgniter\CodeIgniter->run()
CRITICAL - 2023-06-09 03:55:44 --> Undefined variable $fn
in APPPATH\Helpers\apanel_helper.php on line 4310.
 1 APPPATH\Helpers\apanel_helper.php(4310): CodeIgniter\Debug\Exceptions->errorHandler(2, 'Undefined variable $fn', 'APPPATH\\Helpers\\apanel_helper.php', 4310)
 2 APPPATH\Controllers\Hr_manage.php(294): user_data_by_code('100', 'id')
 3 SYSTEMPATH\CodeIgniter.php(934): App\Controllers\Hr_manage->push_attendance()
 4 SYSTEMPATH\CodeIgniter.php(499): CodeIgniter\CodeIgniter->runController(Object(App\Controllers\Hr_manage))
 5 SYSTEMPATH\CodeIgniter.php(368): CodeIgniter\CodeIgniter->handleRequest(null, Object(Config\Cache), false)
 6 FCPATH\index.php(67): CodeIgniter\CodeIgniter->run()
CRITICAL - 2023-06-09 04:07:42 --> Class "App\Controllers\DateTime" not found
in APPPATH\Controllers\Hr_manage.php on line 290.
 1 SYSTEMPATH\CodeIgniter.php(934): App\Controllers\Hr_manage->push_attendance()
 2 SYSTEMPATH\CodeIgniter.php(499): CodeIgniter\CodeIgniter->runController(Object(App\Controllers\Hr_manage))
 3 SYSTEMPATH\CodeIgniter.php(368): CodeIgniter\CodeIgniter->handleRequest(null, Object(Config\Cache), false)
 4 FCPATH\index.php(67): CodeIgniter\CodeIgniter->run()
CRITICAL - 2023-06-09 07:23:59 --> Undefined variable $emp
in APPPATH\Views\hr_manage\attendance.php on line 89.
 1 APPPATH\Views\hr_manage\attendance.php(89): CodeIgniter\Debug\Exceptions->errorHandler(2, 'Undefined variable $emp', 'APPPATH\\Views\\hr_manage\\attendance.php', 89)
 2 SYSTEMPATH\View\View.php(213): include('APPPATH\\Views\\hr_manage\\attendance.php')
 3 SYSTEMPATH\View\View.php(216): CodeIgniter\View\View->CodeIgniter\View\{closure}()
 4 SYSTEMPATH\Common.php(1184): CodeIgniter\View\View->render('hr_manage/attendance', [], true)
 5 APPPATH\Controllers\Hr_manage.php(109): view('hr_manage/attendance')
 6 SYSTEMPATH\CodeIgniter.php(934): App\Controllers\Hr_manage->attendance()
 7 SYSTEMPATH\CodeIgniter.php(499): CodeIgniter\CodeIgniter->runController(Object(App\Controllers\Hr_manage))
 8 SYSTEMPATH\CodeIgniter.php(368): CodeIgniter\CodeIgniter->handleRequest(null, Object(Config\Cache), false)
 9 FCPATH\index.php(67): CodeIgniter\CodeIgniter->run()
CRITICAL - 2023-06-09 10:20:32 --> Undefined array key "."
in APPPATH\Helpers\apanel_helper.php on line 3378.
 1 APPPATH\Helpers\apanel_helper.php(3378): CodeIgniter\Debug\Exceptions->errorHandler(2, 'Undefined array key "."', 'APPPATH\\Helpers\\apanel_helper.php', 3378)
 2 APPPATH\Views\hr_manage\attendance.php(168): amount_in_words(97.98)
 3 SYSTEMPATH\View\View.php(213): include('APPPATH\\Views\\hr_manage\\attendance.php')
 4 SYSTEMPATH\View\View.php(216): CodeIgniter\View\View->CodeIgniter\View\{closure}()
 5 SYSTEMPATH\Common.php(1184): CodeIgniter\View\View->render('hr_manage/attendance', [], true)
 6 APPPATH\Controllers\Hr_manage.php(109): view('hr_manage/attendance')
 7 SYSTEMPATH\CodeIgniter.php(934): App\Controllers\Hr_manage->attendance()
 8 SYSTEMPATH\CodeIgniter.php(499): CodeIgniter\CodeIgniter->runController(Object(App\Controllers\Hr_manage))
 9 SYSTEMPATH\CodeIgniter.php(368): CodeIgniter\CodeIgniter->handleRequest(null, Object(Config\Cache), false)
10 FCPATH\index.php(67): CodeIgniter\CodeIgniter->run()
CRITICAL - 2023-06-09 10:20:47 --> Undefined array key "."
in APPPATH\Helpers\apanel_helper.php on line 3378.
 1 APPPATH\Helpers\apanel_helper.php(3378): CodeIgniter\Debug\Exceptions->errorHandler(2, 'Undefined array key "."', 'APPPATH\\Helpers\\apanel_helper.php', 3378)
 2 APPPATH\Views\hr_manage\attendance.php(168): amount_in_words('97.98')
 3 SYSTEMPATH\View\View.php(213): include('APPPATH\\Views\\hr_manage\\attendance.php')
 4 SYSTEMPATH\View\View.php(216): CodeIgniter\View\View->CodeIgniter\View\{closure}()
 5 SYSTEMPATH\Common.php(1184): CodeIgniter\View\View->render('hr_manage/attendance', [], true)
 6 APPPATH\Controllers\Hr_manage.php(109): view('hr_manage/attendance')
 7 SYSTEMPATH\CodeIgniter.php(934): App\Controllers\Hr_manage->attendance()
 8 SYSTEMPATH\CodeIgniter.php(499): CodeIgniter\CodeIgniter->runController(Object(App\Controllers\Hr_manage))
 9 SYSTEMPATH\CodeIgniter.php(368): CodeIgniter\CodeIgniter->handleRequest(null, Object(Config\Cache), false)
10 FCPATH\index.php(67): CodeIgniter\CodeIgniter->run()
CRITICAL - 2023-06-09 10:20:53 --> Undefined array key ","
in APPPATH\Helpers\apanel_helper.php on line 3378.
 1 APPPATH\Helpers\apanel_helper.php(3378): CodeIgniter\Debug\Exceptions->errorHandler(2, 'Undefined array key ","', 'APPPATH\\Helpers\\apanel_helper.php', 3378)
 2 APPPATH\Views\hr_manage\attendance.php(168): amount_in_words('97,98')
 3 SYSTEMPATH\View\View.php(213): include('APPPATH\\Views\\hr_manage\\attendance.php')
 4 SYSTEMPATH\View\View.php(216): CodeIgniter\View\View->CodeIgniter\View\{closure}()
 5 SYSTEMPATH\Common.php(1184): CodeIgniter\View\View->render('hr_manage/attendance', [], true)
 6 APPPATH\Controllers\Hr_manage.php(109): view('hr_manage/attendance')
 7 SYSTEMPATH\CodeIgniter.php(934): App\Controllers\Hr_manage->attendance()
 8 SYSTEMPATH\CodeIgniter.php(499): CodeIgniter\CodeIgniter->runController(Object(App\Controllers\Hr_manage))
 9 SYSTEMPATH\CodeIgniter.php(368): CodeIgniter\CodeIgniter->handleRequest(null, Object(Config\Cache), false)
10 FCPATH\index.php(67): CodeIgniter\CodeIgniter->run()
