CRITICAL - 2023-06-05 03:39:54 --> syntax error, unexpected token "=>", expecting "]"
in APPPATH\Controllers\Payroll.php on line 652.
 1 SYSTEMPATH\Autoloader\Autoloader.php(289): CodeIgniter\Autoloader\Autoloader->includeFile('APPPATH\\Controllers\\Payroll.php')
 2 SYSTEMPATH\Autoloader\Autoloader.php(267): CodeIgniter\Autoloader\Autoloader->loadInNamespace('App\\Controllers\\Payroll')
 3 [internal function]: CodeIgniter\Autoloader\Autoloader->loadClass('App\\Controllers\\Payroll')
 4 SYSTEMPATH\CodeIgniter.php(892): class_exists('\\App\\Controllers\\Payroll', true)
 5 SYSTEMPATH\CodeIgniter.php(486): CodeIgniter\CodeIgniter->startController()
 6 SYSTEMPATH\CodeIgniter.php(368): CodeIgniter\CodeIgniter->handleRequest(null, Object(Config\Cache), false)
 7 FCPATH\index.php(67): CodeIgniter\CodeIgniter->run()
CRITICAL - 2023-06-05 03:56:19 --> syntax error, unexpected token "endforeach", expecting "elseif" or "else" or "endif"
in APPPATH\Views\payroll\settings.php on line 220.
 1 SYSTEMPATH\View\View.php(216): CodeIgniter\View\View->CodeIgniter\View\{closure}()
 2 SYSTEMPATH\Common.php(1184): CodeIgniter\View\View->render('payroll/settings', [], true)
 3 APPPATH\Controllers\Payroll.php(564): view('payroll/settings')
 4 SYSTEMPATH\CodeIgniter.php(934): App\Controllers\Payroll->settings()
 5 SYSTEMPATH\CodeIgniter.php(499): CodeIgniter\CodeIgniter->runController(Object(App\Controllers\Payroll))
 6 SYSTEMPATH\CodeIgniter.php(368): CodeIgniter\CodeIgniter->handleRequest(null, Object(Config\Cache), false)
 7 FCPATH\index.php(67): CodeIgniter\CodeIgniter->run()
CRITICAL - 2023-06-05 04:12:04 --> Undefined array key "amount_type"
in APPPATH\Views\payroll\edit.php on line 267.
 1 APPPATH\Views\payroll\edit.php(267): CodeIgniter\Debug\Exceptions->errorHandler(2, 'Undefined array key "amount_type"', 'APPPATH\\Views\\payroll\\edit.php', 267)
 2 SYSTEMPATH\View\View.php(213): include('APPPATH\\Views\\payroll\\edit.php')
 3 SYSTEMPATH\View\View.php(216): CodeIgniter\View\View->CodeIgniter\View\{closure}()
 4 SYSTEMPATH\Common.php(1184): CodeIgniter\View\View->render('payroll/edit', [], true)
 5 APPPATH\Controllers\Payroll.php(335): view('payroll/edit')
 6 SYSTEMPATH\CodeIgniter.php(934): App\Controllers\Payroll->edit('14')
 7 SYSTEMPATH\CodeIgniter.php(499): CodeIgniter\CodeIgniter->runController(Object(App\Controllers\Payroll))
 8 SYSTEMPATH\CodeIgniter.php(368): CodeIgniter\CodeIgniter->handleRequest(null, Object(Config\Cache), false)
 9 FCPATH\index.php(67): CodeIgniter\CodeIgniter->run()
CRITICAL - 2023-06-05 04:32:46 --> Undefined variable $erqry
in APPPATH\Views\payroll\view_salary_slip.php on line 57.
 1 APPPATH\Views\payroll\view_salary_slip.php(57): CodeIgniter\Debug\Exceptions->errorHandler(2, 'Undefined variable $erqry', 'APPPATH\\Views\\payroll\\view_salary_slip.php', 57)
 2 SYSTEMPATH\View\View.php(213): include('APPPATH\\Views\\payroll\\view_salary_slip.php')
 3 SYSTEMPATH\View\View.php(216): CodeIgniter\View\View->CodeIgniter\View\{closure}()
 4 SYSTEMPATH\Common.php(1184): CodeIgniter\View\View->render('payroll/view_salary_slip', [], true)
 5 APPPATH\Controllers\Payroll.php(875): view('payroll/view_salary_slip', [...])
 6 SYSTEMPATH\CodeIgniter.php(934): App\Controllers\Payroll->view_salary_slip('1')
 7 SYSTEMPATH\CodeIgniter.php(499): CodeIgniter\CodeIgniter->runController(Object(App\Controllers\Payroll))
 8 SYSTEMPATH\CodeIgniter.php(368): CodeIgniter\CodeIgniter->handleRequest(null, Object(Config\Cache), false)
 9 FCPATH\index.php(67): CodeIgniter\CodeIgniter->run()
CRITICAL - 2023-06-05 04:44:48 --> Call to undefined function get_grouphead_data()
in APPPATH\Views\payroll\templates\salary_slip_design.php on line 94.
 1 SYSTEMPATH\View\View.php(213): include()
 2 SYSTEMPATH\View\View.php(216): CodeIgniter\View\View->CodeIgniter\View\{closure}()
 3 SYSTEMPATH\Common.php(1184): CodeIgniter\View\View->render('payroll/templates/salary_slip_design', [], true)
 4 APPPATH\Controllers\Payroll.php(1040): view('payroll/templates/salary_slip_design', [...])
 5 SYSTEMPATH\CodeIgniter.php(934): App\Controllers\Payroll->get_salary_slip('3', 'view')
 6 SYSTEMPATH\CodeIgniter.php(499): CodeIgniter\CodeIgniter->runController(Object(App\Controllers\Payroll))
 7 SYSTEMPATH\CodeIgniter.php(368): CodeIgniter\CodeIgniter->handleRequest(null, Object(Config\Cache), false)
 8 FCPATH\index.php(67): CodeIgniter\CodeIgniter->run()
CRITICAL - 2023-06-05 04:49:47 --> Undefined array key "type"
in APPPATH\Views\payroll\templates\salary_slip_design.php on line 94.
 1 APPPATH\Views\payroll\templates\salary_slip_design.php(94): CodeIgniter\Debug\Exceptions->errorHandler(2, 'Undefined array key "type"', 'APPPATH\\Views\\payroll\\templates\\salary_slip_design.php', 94)
 2 SYSTEMPATH\View\View.php(213): include('APPPATH\\Views\\payroll\\templates\\salary_slip_design.php')
 3 SYSTEMPATH\View\View.php(216): CodeIgniter\View\View->CodeIgniter\View\{closure}()
 4 SYSTEMPATH\Common.php(1184): CodeIgniter\View\View->render('payroll/templates/salary_slip_design', [], true)
 5 APPPATH\Controllers\Payroll.php(1040): view('payroll/templates/salary_slip_design', [...])
 6 SYSTEMPATH\CodeIgniter.php(934): App\Controllers\Payroll->get_salary_slip('3', 'view')
 7 SYSTEMPATH\CodeIgniter.php(499): CodeIgniter\CodeIgniter->runController(Object(App\Controllers\Payroll))
 8 SYSTEMPATH\CodeIgniter.php(368): CodeIgniter\CodeIgniter->handleRequest(null, Object(Config\Cache), false)
 9 FCPATH\index.php(67): CodeIgniter\CodeIgniter->run()
CRITICAL - 2023-06-05 04:58:39 --> Undefined array key "net_salary"
in APPPATH\Views\payroll\templates\salary_slip_design.php on line 179.
 1 APPPATH\Views\payroll\templates\salary_slip_design.php(179): CodeIgniter\Debug\Exceptions->errorHandler(2, 'Undefined array key "net_salary"', 'APPPATH\\Views\\payroll\\templates\\salary_slip_design.php', 179)
 2 SYSTEMPATH\View\View.php(213): include('APPPATH\\Views\\payroll\\templates\\salary_slip_design.php')
 3 SYSTEMPATH\View\View.php(216): CodeIgniter\View\View->CodeIgniter\View\{closure}()
 4 SYSTEMPATH\Common.php(1184): CodeIgniter\View\View->render('payroll/templates/salary_slip_design', [], true)
 5 APPPATH\Controllers\Payroll.php(1042): view('payroll/templates/salary_slip_design', [...])
 6 SYSTEMPATH\CodeIgniter.php(934): App\Controllers\Payroll->get_salary_slip('3', 'view')
 7 SYSTEMPATH\CodeIgniter.php(499): CodeIgniter\CodeIgniter->runController(Object(App\Controllers\Payroll))
 8 SYSTEMPATH\CodeIgniter.php(368): CodeIgniter\CodeIgniter->handleRequest(null, Object(Config\Cache), false)
 9 FCPATH\index.php(67): CodeIgniter\CodeIgniter->run()
CRITICAL - 2023-06-05 05:33:12 --> Undefined variable $total_HR
in APPPATH\Views\payroll\edit.php on line 337.
 1 APPPATH\Views\payroll\edit.php(337): CodeIgniter\Debug\Exceptions->errorHandler(2, 'Undefined variable $total_HR', 'APPPATH\\Views\\payroll\\edit.php', 337)
 2 SYSTEMPATH\View\View.php(213): include('APPPATH\\Views\\payroll\\edit.php')
 3 SYSTEMPATH\View\View.php(216): CodeIgniter\View\View->CodeIgniter\View\{closure}()
 4 SYSTEMPATH\Common.php(1184): CodeIgniter\View\View->render('payroll/edit', [], true)
 5 APPPATH\Controllers\Payroll.php(337): view('payroll/edit')
 6 SYSTEMPATH\CodeIgniter.php(934): App\Controllers\Payroll->edit('3')
 7 SYSTEMPATH\CodeIgniter.php(499): CodeIgniter\CodeIgniter->runController(Object(App\Controllers\Payroll))
 8 SYSTEMPATH\CodeIgniter.php(368): CodeIgniter\CodeIgniter->handleRequest(null, Object(Config\Cache), false)
 9 FCPATH\index.php(67): CodeIgniter\CodeIgniter->run()
CRITICAL - 2023-06-05 05:34:16 --> Undefined variable $total_HR
in APPPATH\Views\payroll\edit.php on line 337.
 1 APPPATH\Views\payroll\edit.php(337): CodeIgniter\Debug\Exceptions->errorHandler(2, 'Undefined variable $total_HR', 'APPPATH\\Views\\payroll\\edit.php', 337)
 2 SYSTEMPATH\View\View.php(213): include('APPPATH\\Views\\payroll\\edit.php')
 3 SYSTEMPATH\View\View.php(216): CodeIgniter\View\View->CodeIgniter\View\{closure}()
 4 SYSTEMPATH\Common.php(1184): CodeIgniter\View\View->render('payroll/edit', [], true)
 5 APPPATH\Controllers\Payroll.php(337): view('payroll/edit')
 6 SYSTEMPATH\CodeIgniter.php(934): App\Controllers\Payroll->edit('3')
 7 SYSTEMPATH\CodeIgniter.php(499): CodeIgniter\CodeIgniter->runController(Object(App\Controllers\Payroll))
 8 SYSTEMPATH\CodeIgniter.php(368): CodeIgniter\CodeIgniter->handleRequest(null, Object(Config\Cache), false)
 9 FCPATH\index.php(67): CodeIgniter\CodeIgniter->run()
CRITICAL - 2023-06-05 06:36:09 --> syntax error, unexpected token "as", expecting ")"
in APPPATH\Controllers\Payroll.php on line 1083.
 1 SYSTEMPATH\Autoloader\Autoloader.php(289): CodeIgniter\Autoloader\Autoloader->includeFile('APPPATH\\Controllers\\Payroll.php')
 2 SYSTEMPATH\Autoloader\Autoloader.php(267): CodeIgniter\Autoloader\Autoloader->loadInNamespace('App\\Controllers\\Payroll')
 3 [internal function]: CodeIgniter\Autoloader\Autoloader->loadClass('App\\Controllers\\Payroll')
 4 SYSTEMPATH\CodeIgniter.php(892): class_exists('\\App\\Controllers\\Payroll', true)
 5 SYSTEMPATH\CodeIgniter.php(486): CodeIgniter\CodeIgniter->startController()
 6 SYSTEMPATH\CodeIgniter.php(368): CodeIgniter\CodeIgniter->handleRequest(null, Object(Config\Cache), false)
 7 FCPATH\index.php(67): CodeIgniter\CodeIgniter->run()
CRITICAL - 2023-06-05 06:36:43 --> Class "App\Controllers\ManualPayrollFieldValues" not found
in APPPATH\Controllers\Payroll.php on line 1067.
 1 SYSTEMPATH\CodeIgniter.php(934): App\Controllers\Payroll->save_manual_payroll_field_values()
 2 SYSTEMPATH\CodeIgniter.php(499): CodeIgniter\CodeIgniter->runController(Object(App\Controllers\Payroll))
 3 SYSTEMPATH\CodeIgniter.php(368): CodeIgniter\CodeIgniter->handleRequest(null, Object(Config\Cache), false)
 4 FCPATH\index.php(67): CodeIgniter\CodeIgniter->run()
CRITICAL - 2023-06-05 06:37:17 --> Class "App\Controllers\ManualPayrollFieldValues" not found
in APPPATH\Controllers\Payroll.php on line 1067.
 1 SYSTEMPATH\CodeIgniter.php(934): App\Controllers\Payroll->save_manual_payroll_field_values()
 2 SYSTEMPATH\CodeIgniter.php(499): CodeIgniter\CodeIgniter->runController(Object(App\Controllers\Payroll))
 3 SYSTEMPATH\CodeIgniter.php(368): CodeIgniter\CodeIgniter->handleRequest(null, Object(Config\Cache), false)
 4 FCPATH\index.php(67): CodeIgniter\CodeIgniter->run()
CRITICAL - 2023-06-05 06:39:28 --> strip_tags(): Argument #1 ($string) must be of type string, array given
in APPPATH\Controllers\Payroll.php on line 1089.
 1 APPPATH\Controllers\Payroll.php(1089): strip_tags([...])
 2 SYSTEMPATH\CodeIgniter.php(934): App\Controllers\Payroll->save_manual_payroll_field_values()
 3 SYSTEMPATH\CodeIgniter.php(499): CodeIgniter\CodeIgniter->runController(Object(App\Controllers\Payroll))
 4 SYSTEMPATH\CodeIgniter.php(368): CodeIgniter\CodeIgniter->handleRequest(null, Object(Config\Cache), false)
 5 FCPATH\index.php(67): CodeIgniter\CodeIgniter->run()
