CRITICAL - 2023-04-04 11:44:21 --> Undefined array key "product_name"
in APPPATH\Models\ProductsModel.php on line 18.
 1 APPPATH\Models\ProductsModel.php(18): CodeIgniter\Debug\Exceptions->errorHandler(2, 'Undefined array key "product_name"', 'APPPATH\\Models\\ProductsModel.php', 18)
 2 SYSTEMPATH\BaseModel.php(1562): App\Models\ProductsModel->beforeUpdate([...])
 3 SYSTEMPATH\BaseModel.php(937): CodeIgniter\BaseModel->trigger('beforeUpdate', [...])
 4 SYSTEMPATH\Model.php(756): CodeIgniter\BaseModel->update([...], [...])
 5 APPPATH\Controllers\Accounting_library.php(121): CodeIgniter\Model->update('1', [...])
 6 SYSTEMPATH\CodeIgniter.php(934): App\Controllers\Accounting_library->index()
 7 SYSTEMPATH\CodeIgniter.php(499): CodeIgniter\CodeIgniter->runController(Object(App\Controllers\Accounting_library))
 8 SYSTEMPATH\CodeIgniter.php(368): CodeIgniter\CodeIgniter->handleRequest(null, Object(Config\Cache), false)
 9 FCPATH\index.php(67): CodeIgniter\CodeIgniter->run()
CRITICAL - 2023-04-04 11:44:23 --> Undefined array key "product_name"
in APPPATH\Models\ProductsModel.php on line 18.
 1 APPPATH\Models\ProductsModel.php(18): CodeIgniter\Debug\Exceptions->errorHandler(2, 'Undefined array key "product_name"', 'APPPATH\\Models\\ProductsModel.php', 18)
 2 SYSTEMPATH\BaseModel.php(1562): App\Models\ProductsModel->beforeUpdate([...])
 3 SYSTEMPATH\BaseModel.php(937): CodeIgniter\BaseModel->trigger('beforeUpdate', [...])
 4 SYSTEMPATH\Model.php(756): CodeIgniter\BaseModel->update([...], [...])
 5 APPPATH\Controllers\Accounting_library.php(168): CodeIgniter\Model->update('1', [...])
 6 SYSTEMPATH\CodeIgniter.php(934): App\Controllers\Accounting_library->index()
 7 SYSTEMPATH\CodeIgniter.php(499): CodeIgniter\CodeIgniter->runController(Object(App\Controllers\Accounting_library))
 8 SYSTEMPATH\CodeIgniter.php(368): CodeIgniter\CodeIgniter->handleRequest(null, Object(Config\Cache), false)
 9 FCPATH\index.php(67): CodeIgniter\CodeIgniter->run()
CRITICAL - 2023-04-04 11:46:45 --> Undefined array key "category_name"
in APPPATH\Models\ProductsModel.php on line 13.
 1 APPPATH\Models\ProductsModel.php(13): CodeIgniter\Debug\Exceptions->errorHandler(2, 'Undefined array key "category_name"', 'APPPATH\\Models\\ProductsModel.php', 13)
 2 SYSTEMPATH\BaseModel.php(1562): App\Models\ProductsModel->beforeInsert([...])
 3 SYSTEMPATH\BaseModel.php(779): CodeIgniter\BaseModel->trigger('beforeInsert', [...])
 4 SYSTEMPATH\Model.php(730): CodeIgniter\BaseModel->insert([...], false)
 5 SYSTEMPATH\BaseModel.php(692): CodeIgniter\Model->insert([...], false)
 6 APPPATH\Controllers\Import_and_export.php(582): CodeIgniter\BaseModel->save([...])
 7 SYSTEMPATH\CodeIgniter.php(934): App\Controllers\Import_and_export->save()
 8 SYSTEMPATH\CodeIgniter.php(499): CodeIgniter\CodeIgniter->runController(Object(App\Controllers\Import_and_export))
 9 SYSTEMPATH\CodeIgniter.php(368): CodeIgniter\CodeIgniter->handleRequest(null, Object(Config\Cache), false)
10 FCPATH\index.php(67): CodeIgniter\CodeIgniter->run()
CRITICAL - 2023-04-04 11:49:57 --> Undefined array key "product_name"
in APPPATH\Models\ProductsModel.php on line 18.
 1 APPPATH\Models\ProductsModel.php(18): CodeIgniter\Debug\Exceptions->errorHandler(2, 'Undefined array key "product_name"', 'APPPATH\\Models\\ProductsModel.php', 18)
 2 SYSTEMPATH\BaseModel.php(1562): App\Models\ProductsModel->beforeUpdate([...])
 3 SYSTEMPATH\BaseModel.php(937): CodeIgniter\BaseModel->trigger('beforeUpdate', [...])
 4 SYSTEMPATH\Model.php(756): CodeIgniter\BaseModel->update([...], [...])
 5 APPPATH\Controllers\Accounting_library.php(168): CodeIgniter\Model->update('1', [...])
 6 SYSTEMPATH\CodeIgniter.php(934): App\Controllers\Accounting_library->index()
 7 SYSTEMPATH\CodeIgniter.php(499): CodeIgniter\CodeIgniter->runController(Object(App\Controllers\Accounting_library))
 8 SYSTEMPATH\CodeIgniter.php(368): CodeIgniter\CodeIgniter->handleRequest(null, Object(Config\Cache), false)
 9 FCPATH\index.php(67): CodeIgniter\CodeIgniter->run()
CRITICAL - 2023-04-04 11:50:00 --> Undefined array key "product_name"
in APPPATH\Models\ProductsModel.php on line 18.
 1 APPPATH\Models\ProductsModel.php(18): CodeIgniter\Debug\Exceptions->errorHandler(2, 'Undefined array key "product_name"', 'APPPATH\\Models\\ProductsModel.php', 18)
 2 SYSTEMPATH\BaseModel.php(1562): App\Models\ProductsModel->beforeUpdate([...])
 3 SYSTEMPATH\BaseModel.php(937): CodeIgniter\BaseModel->trigger('beforeUpdate', [...])
 4 SYSTEMPATH\Model.php(756): CodeIgniter\BaseModel->update([...], [...])
 5 APPPATH\Controllers\Accounting_library.php(168): CodeIgniter\Model->update('1', [...])
 6 SYSTEMPATH\CodeIgniter.php(934): App\Controllers\Accounting_library->index()
 7 SYSTEMPATH\CodeIgniter.php(499): CodeIgniter\CodeIgniter->runController(Object(App\Controllers\Accounting_library))
 8 SYSTEMPATH\CodeIgniter.php(368): CodeIgniter\CodeIgniter->handleRequest(null, Object(Config\Cache), false)
 9 FCPATH\index.php(67): CodeIgniter\CodeIgniter->run()
CRITICAL - 2023-04-04 11:53:41 --> Undefined array key "product_name"
in APPPATH\Models\ProductsModel.php on line 18.
 1 APPPATH\Models\ProductsModel.php(18): CodeIgniter\Debug\Exceptions->errorHandler(2, 'Undefined array key "product_name"', 'APPPATH\\Models\\ProductsModel.php', 18)
 2 SYSTEMPATH\BaseModel.php(1562): App\Models\ProductsModel->beforeUpdate([...])
 3 SYSTEMPATH\BaseModel.php(937): CodeIgniter\BaseModel->trigger('beforeUpdate', [...])
 4 SYSTEMPATH\Model.php(756): CodeIgniter\BaseModel->update([...], [...])
 5 APPPATH\Controllers\Accounting_library.php(168): CodeIgniter\Model->update('1', [...])
 6 SYSTEMPATH\CodeIgniter.php(934): App\Controllers\Accounting_library->index()
 7 SYSTEMPATH\CodeIgniter.php(499): CodeIgniter\CodeIgniter->runController(Object(App\Controllers\Accounting_library))
 8 SYSTEMPATH\CodeIgniter.php(368): CodeIgniter\CodeIgniter->handleRequest(null, Object(Config\Cache), false)
 9 FCPATH\index.php(67): CodeIgniter\CodeIgniter->run()
CRITICAL - 2023-04-04 11:53:43 --> Undefined array key "product_name"
in APPPATH\Models\ProductsModel.php on line 18.
 1 APPPATH\Models\ProductsModel.php(18): CodeIgniter\Debug\Exceptions->errorHandler(2, 'Undefined array key "product_name"', 'APPPATH\\Models\\ProductsModel.php', 18)
 2 SYSTEMPATH\BaseModel.php(1562): App\Models\ProductsModel->beforeUpdate([...])
 3 SYSTEMPATH\BaseModel.php(937): CodeIgniter\BaseModel->trigger('beforeUpdate', [...])
 4 SYSTEMPATH\Model.php(756): CodeIgniter\BaseModel->update([...], [...])
 5 APPPATH\Controllers\Accounting_library.php(168): CodeIgniter\Model->update('1', [...])
 6 SYSTEMPATH\CodeIgniter.php(934): App\Controllers\Accounting_library->index()
 7 SYSTEMPATH\CodeIgniter.php(499): CodeIgniter\CodeIgniter->runController(Object(App\Controllers\Accounting_library))
 8 SYSTEMPATH\CodeIgniter.php(368): CodeIgniter\CodeIgniter->handleRequest(null, Object(Config\Cache), false)
 9 FCPATH\index.php(67): CodeIgniter\CodeIgniter->run()
CRITICAL - 2023-04-04 11:53:47 --> Undefined array key "product_name"
in APPPATH\Models\ProductsModel.php on line 18.
 1 APPPATH\Models\ProductsModel.php(18): CodeIgniter\Debug\Exceptions->errorHandler(2, 'Undefined array key "product_name"', 'APPPATH\\Models\\ProductsModel.php', 18)
 2 SYSTEMPATH\BaseModel.php(1562): App\Models\ProductsModel->beforeUpdate([...])
 3 SYSTEMPATH\BaseModel.php(937): CodeIgniter\BaseModel->trigger('beforeUpdate', [...])
 4 SYSTEMPATH\Model.php(756): CodeIgniter\BaseModel->update([...], [...])
 5 APPPATH\Controllers\Accounting_library.php(168): CodeIgniter\Model->update('1', [...])
 6 SYSTEMPATH\CodeIgniter.php(934): App\Controllers\Accounting_library->index()
 7 SYSTEMPATH\CodeIgniter.php(499): CodeIgniter\CodeIgniter->runController(Object(App\Controllers\Accounting_library))
 8 SYSTEMPATH\CodeIgniter.php(368): CodeIgniter\CodeIgniter->handleRequest(null, Object(Config\Cache), false)
 9 FCPATH\index.php(67): CodeIgniter\CodeIgniter->run()
CRITICAL - 2023-04-04 11:53:53 --> Undefined array key "product_name"
in APPPATH\Models\ProductsModel.php on line 18.
 1 APPPATH\Models\ProductsModel.php(18): CodeIgniter\Debug\Exceptions->errorHandler(2, 'Undefined array key "product_name"', 'APPPATH\\Models\\ProductsModel.php', 18)
 2 SYSTEMPATH\BaseModel.php(1562): App\Models\ProductsModel->beforeUpdate([...])
 3 SYSTEMPATH\BaseModel.php(937): CodeIgniter\BaseModel->trigger('beforeUpdate', [...])
 4 SYSTEMPATH\Model.php(756): CodeIgniter\BaseModel->update([...], [...])
 5 APPPATH\Controllers\Accounting_library.php(168): CodeIgniter\Model->update('1', [...])
 6 SYSTEMPATH\CodeIgniter.php(934): App\Controllers\Accounting_library->index()
 7 SYSTEMPATH\CodeIgniter.php(499): CodeIgniter\CodeIgniter->runController(Object(App\Controllers\Accounting_library))
 8 SYSTEMPATH\CodeIgniter.php(368): CodeIgniter\CodeIgniter->handleRequest(null, Object(Config\Cache), false)
 9 FCPATH\index.php(67): CodeIgniter\CodeIgniter->run()
