CRITICAL - 2023-04-20 03:46:04 --> Undefined array key "type"
in APPPATH\Models\PaymentsModel.php on line 21.
 1 APPPATH\Models\PaymentsModel.php(21): CodeIgniter\Debug\Exceptions->errorHandler(2, 'Undefined array key "type"', 'APPPATH\\Models\\PaymentsModel.php', 21)
 2 SYSTEMPATH\BaseModel.php(1562): App\Models\PaymentsModel->beforeUpdate([...])
 3 SYSTEMPATH\BaseModel.php(937): CodeIgniter\BaseModel->trigger('beforeUpdate', [...])
 4 SYSTEMPATH\Model.php(756): CodeIgniter\BaseModel->update([...], [...])
 5 APPPATH\Controllers\Accounting_library.php(870): CodeIgniter\Model->update('5', [...])
 6 SYSTEMPATH\CodeIgniter.php(934): App\Controllers\Accounting_library->index()
 7 SYSTEMPATH\CodeIgniter.php(499): CodeIgniter\CodeIgniter->runController(Object(App\Controllers\Accounting_library))
 8 SYSTEMPATH\CodeIgniter.php(368): CodeIgniter\CodeIgniter->handleRequest(null, Object(Config\Cache), false)
 9 FCPATH\index.php(67): CodeIgniter\CodeIgniter->run()
CRITICAL - 2023-04-20 03:46:05 --> Undefined array key "type"
in APPPATH\Models\PaymentsModel.php on line 21.
 1 APPPATH\Models\PaymentsModel.php(21): CodeIgniter\Debug\Exceptions->errorHandler(2, 'Undefined array key "type"', 'APPPATH\\Models\\PaymentsModel.php', 21)
 2 SYSTEMPATH\BaseModel.php(1562): App\Models\PaymentsModel->beforeUpdate([...])
 3 SYSTEMPATH\BaseModel.php(937): CodeIgniter\BaseModel->trigger('beforeUpdate', [...])
 4 SYSTEMPATH\Model.php(756): CodeIgniter\BaseModel->update([...], [...])
 5 APPPATH\Controllers\Accounting_library.php(870): CodeIgniter\Model->update('5', [...])
 6 SYSTEMPATH\CodeIgniter.php(934): App\Controllers\Accounting_library->index()
 7 SYSTEMPATH\CodeIgniter.php(499): CodeIgniter\CodeIgniter->runController(Object(App\Controllers\Accounting_library))
 8 SYSTEMPATH\CodeIgniter.php(368): CodeIgniter\CodeIgniter->handleRequest(null, Object(Config\Cache), false)
 9 FCPATH\index.php(67): CodeIgniter\CodeIgniter->run()
CRITICAL - 2023-04-20 03:46:10 --> Undefined array key "type"
in APPPATH\Models\PaymentsModel.php on line 21.
 1 APPPATH\Models\PaymentsModel.php(21): CodeIgniter\Debug\Exceptions->errorHandler(2, 'Undefined array key "type"', 'APPPATH\\Models\\PaymentsModel.php', 21)
 2 SYSTEMPATH\BaseModel.php(1562): App\Models\PaymentsModel->beforeUpdate([...])
 3 SYSTEMPATH\BaseModel.php(937): CodeIgniter\BaseModel->trigger('beforeUpdate', [...])
 4 SYSTEMPATH\Model.php(756): CodeIgniter\BaseModel->update([...], [...])
 5 APPPATH\Controllers\Accounting_library.php(870): CodeIgniter\Model->update('5', [...])
 6 SYSTEMPATH\CodeIgniter.php(934): App\Controllers\Accounting_library->index()
 7 SYSTEMPATH\CodeIgniter.php(499): CodeIgniter\CodeIgniter->runController(Object(App\Controllers\Accounting_library))
 8 SYSTEMPATH\CodeIgniter.php(368): CodeIgniter\CodeIgniter->handleRequest(null, Object(Config\Cache), false)
 9 FCPATH\index.php(67): CodeIgniter\CodeIgniter->run()
CRITICAL - 2023-04-20 03:46:25 --> Undefined array key "type"
in APPPATH\Models\PaymentsModel.php on line 21.
 1 APPPATH\Models\PaymentsModel.php(21): CodeIgniter\Debug\Exceptions->errorHandler(2, 'Undefined array key "type"', 'APPPATH\\Models\\PaymentsModel.php', 21)
 2 SYSTEMPATH\BaseModel.php(1562): App\Models\PaymentsModel->beforeUpdate([...])
 3 SYSTEMPATH\BaseModel.php(937): CodeIgniter\BaseModel->trigger('beforeUpdate', [...])
 4 SYSTEMPATH\Model.php(756): CodeIgniter\BaseModel->update([...], [...])
 5 APPPATH\Controllers\Accounting_library.php(870): CodeIgniter\Model->update('5', [...])
 6 SYSTEMPATH\CodeIgniter.php(934): App\Controllers\Accounting_library->index()
 7 SYSTEMPATH\CodeIgniter.php(499): CodeIgniter\CodeIgniter->runController(Object(App\Controllers\Accounting_library))
 8 SYSTEMPATH\CodeIgniter.php(368): CodeIgniter\CodeIgniter->handleRequest(null, Object(Config\Cache), false)
 9 FCPATH\index.php(67): CodeIgniter\CodeIgniter->run()
CRITICAL - 2023-04-20 03:46:34 --> Undefined array key "type"
in APPPATH\Models\PaymentsModel.php on line 21.
 1 APPPATH\Models\PaymentsModel.php(21): CodeIgniter\Debug\Exceptions->errorHandler(2, 'Undefined array key "type"', 'APPPATH\\Models\\PaymentsModel.php', 21)
 2 SYSTEMPATH\BaseModel.php(1562): App\Models\PaymentsModel->beforeUpdate([...])
 3 SYSTEMPATH\BaseModel.php(937): CodeIgniter\BaseModel->trigger('beforeUpdate', [...])
 4 SYSTEMPATH\Model.php(756): CodeIgniter\BaseModel->update([...], [...])
 5 APPPATH\Controllers\Accounting_library.php(870): CodeIgniter\Model->update('5', [...])
 6 SYSTEMPATH\CodeIgniter.php(934): App\Controllers\Accounting_library->index()
 7 SYSTEMPATH\CodeIgniter.php(499): CodeIgniter\CodeIgniter->runController(Object(App\Controllers\Accounting_library))
 8 SYSTEMPATH\CodeIgniter.php(368): CodeIgniter\CodeIgniter->handleRequest(null, Object(Config\Cache), false)
 9 FCPATH\index.php(67): CodeIgniter\CodeIgniter->run()
CRITICAL - 2023-04-20 03:46:37 --> Undefined array key "type"
in APPPATH\Models\PaymentsModel.php on line 21.
 1 APPPATH\Models\PaymentsModel.php(21): CodeIgniter\Debug\Exceptions->errorHandler(2, 'Undefined array key "type"', 'APPPATH\\Models\\PaymentsModel.php', 21)
 2 SYSTEMPATH\BaseModel.php(1562): App\Models\PaymentsModel->beforeUpdate([...])
 3 SYSTEMPATH\BaseModel.php(937): CodeIgniter\BaseModel->trigger('beforeUpdate', [...])
 4 SYSTEMPATH\Model.php(756): CodeIgniter\BaseModel->update([...], [...])
 5 APPPATH\Controllers\Accounting_library.php(870): CodeIgniter\Model->update('5', [...])
 6 SYSTEMPATH\CodeIgniter.php(934): App\Controllers\Accounting_library->index()
 7 SYSTEMPATH\CodeIgniter.php(499): CodeIgniter\CodeIgniter->runController(Object(App\Controllers\Accounting_library))
 8 SYSTEMPATH\CodeIgniter.php(368): CodeIgniter\CodeIgniter->handleRequest(null, Object(Config\Cache), false)
 9 FCPATH\index.php(67): CodeIgniter\CodeIgniter->run()
CRITICAL - 2023-04-20 03:46:39 --> Undefined array key "type"
in APPPATH\Models\PaymentsModel.php on line 21.
 1 APPPATH\Models\PaymentsModel.php(21): CodeIgniter\Debug\Exceptions->errorHandler(2, 'Undefined array key "type"', 'APPPATH\\Models\\PaymentsModel.php', 21)
 2 SYSTEMPATH\BaseModel.php(1562): App\Models\PaymentsModel->beforeUpdate([...])
 3 SYSTEMPATH\BaseModel.php(937): CodeIgniter\BaseModel->trigger('beforeUpdate', [...])
 4 SYSTEMPATH\Model.php(756): CodeIgniter\BaseModel->update([...], [...])
 5 APPPATH\Controllers\Accounting_library.php(870): CodeIgniter\Model->update('5', [...])
 6 SYSTEMPATH\CodeIgniter.php(934): App\Controllers\Accounting_library->index()
 7 SYSTEMPATH\CodeIgniter.php(499): CodeIgniter\CodeIgniter->runController(Object(App\Controllers\Accounting_library))
 8 SYSTEMPATH\CodeIgniter.php(368): CodeIgniter\CodeIgniter->handleRequest(null, Object(Config\Cache), false)
 9 FCPATH\index.php(67): CodeIgniter\CodeIgniter->run()
CRITICAL - 2023-04-20 04:40:58 --> Undefined array key "type"
in APPPATH\Models\PaymentsModel.php on line 21.
 1 APPPATH\Models\PaymentsModel.php(21): CodeIgniter\Debug\Exceptions->errorHandler(2, 'Undefined array key "type"', 'APPPATH\\Models\\PaymentsModel.php', 21)
 2 SYSTEMPATH\BaseModel.php(1562): App\Models\PaymentsModel->beforeUpdate([...])
 3 SYSTEMPATH\BaseModel.php(937): CodeIgniter\BaseModel->trigger('beforeUpdate', [...])
 4 SYSTEMPATH\Model.php(756): CodeIgniter\BaseModel->update([...], [...])
 5 APPPATH\Controllers\Accounting_library.php(870): CodeIgniter\Model->update('5', [...])
 6 SYSTEMPATH\CodeIgniter.php(934): App\Controllers\Accounting_library->index()
 7 SYSTEMPATH\CodeIgniter.php(499): CodeIgniter\CodeIgniter->runController(Object(App\Controllers\Accounting_library))
 8 SYSTEMPATH\CodeIgniter.php(368): CodeIgniter\CodeIgniter->handleRequest(null, Object(Config\Cache), false)
 9 FCPATH\index.php(67): CodeIgniter\CodeIgniter->run()
CRITICAL - 2023-04-20 04:41:05 --> Undefined array key "type"
in APPPATH\Models\PaymentsModel.php on line 21.
 1 APPPATH\Models\PaymentsModel.php(21): CodeIgniter\Debug\Exceptions->errorHandler(2, 'Undefined array key "type"', 'APPPATH\\Models\\PaymentsModel.php', 21)
 2 SYSTEMPATH\BaseModel.php(1562): App\Models\PaymentsModel->beforeUpdate([...])
 3 SYSTEMPATH\BaseModel.php(937): CodeIgniter\BaseModel->trigger('beforeUpdate', [...])
 4 SYSTEMPATH\Model.php(756): CodeIgniter\BaseModel->update([...], [...])
 5 APPPATH\Controllers\Accounting_library.php(870): CodeIgniter\Model->update('5', [...])
 6 SYSTEMPATH\CodeIgniter.php(934): App\Controllers\Accounting_library->index()
 7 SYSTEMPATH\CodeIgniter.php(499): CodeIgniter\CodeIgniter->runController(Object(App\Controllers\Accounting_library))
 8 SYSTEMPATH\CodeIgniter.php(368): CodeIgniter\CodeIgniter->handleRequest(null, Object(Config\Cache), false)
 9 FCPATH\index.php(67): CodeIgniter\CodeIgniter->run()
CRITICAL - 2023-04-20 06:04:47 --> Undefined array key "type"
in APPPATH\Models\PaymentsModel.php on line 21.
 1 APPPATH\Models\PaymentsModel.php(21): CodeIgniter\Debug\Exceptions->errorHandler(2, 'Undefined array key "type"', 'APPPATH\\Models\\PaymentsModel.php', 21)
 2 SYSTEMPATH\BaseModel.php(1562): App\Models\PaymentsModel->beforeUpdate([...])
 3 SYSTEMPATH\BaseModel.php(937): CodeIgniter\BaseModel->trigger('beforeUpdate', [...])
 4 SYSTEMPATH\Model.php(756): CodeIgniter\BaseModel->update([...], [...])
 5 APPPATH\Controllers\Accounting_library.php(870): CodeIgniter\Model->update('5', [...])
 6 SYSTEMPATH\CodeIgniter.php(934): App\Controllers\Accounting_library->index()
 7 SYSTEMPATH\CodeIgniter.php(499): CodeIgniter\CodeIgniter->runController(Object(App\Controllers\Accounting_library))
 8 SYSTEMPATH\CodeIgniter.php(368): CodeIgniter\CodeIgniter->handleRequest(null, Object(Config\Cache), false)
 9 FCPATH\index.php(67): CodeIgniter\CodeIgniter->run()
CRITICAL - 2023-04-20 06:04:54 --> Undefined array key "type"
in APPPATH\Models\PaymentsModel.php on line 21.
 1 APPPATH\Models\PaymentsModel.php(21): CodeIgniter\Debug\Exceptions->errorHandler(2, 'Undefined array key "type"', 'APPPATH\\Models\\PaymentsModel.php', 21)
 2 SYSTEMPATH\BaseModel.php(1562): App\Models\PaymentsModel->beforeUpdate([...])
 3 SYSTEMPATH\BaseModel.php(937): CodeIgniter\BaseModel->trigger('beforeUpdate', [...])
 4 SYSTEMPATH\Model.php(756): CodeIgniter\BaseModel->update([...], [...])
 5 APPPATH\Controllers\Accounting_library.php(870): CodeIgniter\Model->update('5', [...])
 6 SYSTEMPATH\CodeIgniter.php(934): App\Controllers\Accounting_library->index()
 7 SYSTEMPATH\CodeIgniter.php(499): CodeIgniter\CodeIgniter->runController(Object(App\Controllers\Accounting_library))
 8 SYSTEMPATH\CodeIgniter.php(368): CodeIgniter\CodeIgniter->handleRequest(null, Object(Config\Cache), false)
 9 FCPATH\index.php(67): CodeIgniter\CodeIgniter->run()
CRITICAL - 2023-04-20 06:11:09 --> Undefined array key "type"
in APPPATH\Models\PaymentsModel.php on line 21.
 1 APPPATH\Models\PaymentsModel.php(21): CodeIgniter\Debug\Exceptions->errorHandler(2, 'Undefined array key "type"', 'APPPATH\\Models\\PaymentsModel.php', 21)
 2 SYSTEMPATH\BaseModel.php(1562): App\Models\PaymentsModel->beforeUpdate([...])
 3 SYSTEMPATH\BaseModel.php(937): CodeIgniter\BaseModel->trigger('beforeUpdate', [...])
 4 SYSTEMPATH\Model.php(756): CodeIgniter\BaseModel->update([...], [...])
 5 APPPATH\Controllers\Accounting_library.php(870): CodeIgniter\Model->update('5', [...])
 6 SYSTEMPATH\CodeIgniter.php(934): App\Controllers\Accounting_library->index()
 7 SYSTEMPATH\CodeIgniter.php(499): CodeIgniter\CodeIgniter->runController(Object(App\Controllers\Accounting_library))
 8 SYSTEMPATH\CodeIgniter.php(368): CodeIgniter\CodeIgniter->handleRequest(null, Object(Config\Cache), false)
 9 FCPATH\index.php(67): CodeIgniter\CodeIgniter->run()
CRITICAL - 2023-04-20 06:20:42 --> Invalid file: "reports/expenses_report.php"
in SYSTEMPATH\Exceptions\FrameworkException.php on line 33.
 1 SYSTEMPATH\View\View.php(201): CodeIgniter\Exceptions\FrameworkException::forInvalidFile('reports/expenses_report.php')
 2 SYSTEMPATH\Common.php(1184): CodeIgniter\View\View->render('reports/expenses_report', [], true)
 3 APPPATH\Controllers\Reports.php(429): view('reports/expenses_report', [...])
 4 SYSTEMPATH\CodeIgniter.php(934): App\Controllers\Reports->expense_report()
 5 SYSTEMPATH\CodeIgniter.php(499): CodeIgniter\CodeIgniter->runController(Object(App\Controllers\Reports))
 6 SYSTEMPATH\CodeIgniter.php(368): CodeIgniter\CodeIgniter->handleRequest(null, Object(Config\Cache), false)
 7 FCPATH\index.php(67): CodeIgniter\CodeIgniter->run()
CRITICAL - 2023-04-20 06:21:03 --> Undefined array key "type"
in APPPATH\Models\PaymentsModel.php on line 21.
 1 APPPATH\Models\PaymentsModel.php(21): CodeIgniter\Debug\Exceptions->errorHandler(2, 'Undefined array key "type"', 'APPPATH\\Models\\PaymentsModel.php', 21)
 2 SYSTEMPATH\BaseModel.php(1562): App\Models\PaymentsModel->beforeUpdate([...])
 3 SYSTEMPATH\BaseModel.php(937): CodeIgniter\BaseModel->trigger('beforeUpdate', [...])
 4 SYSTEMPATH\Model.php(756): CodeIgniter\BaseModel->update([...], [...])
 5 APPPATH\Controllers\Accounting_library.php(870): CodeIgniter\Model->update('5', [...])
 6 SYSTEMPATH\CodeIgniter.php(934): App\Controllers\Accounting_library->index()
 7 SYSTEMPATH\CodeIgniter.php(499): CodeIgniter\CodeIgniter->runController(Object(App\Controllers\Accounting_library))
 8 SYSTEMPATH\CodeIgniter.php(368): CodeIgniter\CodeIgniter->handleRequest(null, Object(Config\Cache), false)
 9 FCPATH\index.php(67): CodeIgniter\CodeIgniter->run()
CRITICAL - 2023-04-20 06:21:37 --> Undefined array key "type"
in APPPATH\Models\PaymentsModel.php on line 21.
 1 APPPATH\Models\PaymentsModel.php(21): CodeIgniter\Debug\Exceptions->errorHandler(2, 'Undefined array key "type"', 'APPPATH\\Models\\PaymentsModel.php', 21)
 2 SYSTEMPATH\BaseModel.php(1562): App\Models\PaymentsModel->beforeUpdate([...])
 3 SYSTEMPATH\BaseModel.php(937): CodeIgniter\BaseModel->trigger('beforeUpdate', [...])
 4 SYSTEMPATH\Model.php(756): CodeIgniter\BaseModel->update([...], [...])
 5 APPPATH\Controllers\Accounting_library.php(870): CodeIgniter\Model->update('5', [...])
 6 SYSTEMPATH\CodeIgniter.php(934): App\Controllers\Accounting_library->index()
 7 SYSTEMPATH\CodeIgniter.php(499): CodeIgniter\CodeIgniter->runController(Object(App\Controllers\Accounting_library))
 8 SYSTEMPATH\CodeIgniter.php(368): CodeIgniter\CodeIgniter->handleRequest(null, Object(Config\Cache), false)
 9 FCPATH\index.php(67): CodeIgniter\CodeIgniter->run()
CRITICAL - 2023-04-20 06:21:44 --> Undefined array key "type"
in APPPATH\Models\PaymentsModel.php on line 21.
 1 APPPATH\Models\PaymentsModel.php(21): CodeIgniter\Debug\Exceptions->errorHandler(2, 'Undefined array key "type"', 'APPPATH\\Models\\PaymentsModel.php', 21)
 2 SYSTEMPATH\BaseModel.php(1562): App\Models\PaymentsModel->beforeUpdate([...])
 3 SYSTEMPATH\BaseModel.php(937): CodeIgniter\BaseModel->trigger('beforeUpdate', [...])
 4 SYSTEMPATH\Model.php(756): CodeIgniter\BaseModel->update([...], [...])
 5 APPPATH\Controllers\Accounting_library.php(870): CodeIgniter\Model->update('5', [...])
 6 SYSTEMPATH\CodeIgniter.php(934): App\Controllers\Accounting_library->index()
 7 SYSTEMPATH\CodeIgniter.php(499): CodeIgniter\CodeIgniter->runController(Object(App\Controllers\Accounting_library))
 8 SYSTEMPATH\CodeIgniter.php(368): CodeIgniter\CodeIgniter->handleRequest(null, Object(Config\Cache), false)
 9 FCPATH\index.php(67): CodeIgniter\CodeIgniter->run()
CRITICAL - 2023-04-20 06:21:48 --> Undefined array key "type"
in APPPATH\Models\PaymentsModel.php on line 21.
 1 APPPATH\Models\PaymentsModel.php(21): CodeIgniter\Debug\Exceptions->errorHandler(2, 'Undefined array key "type"', 'APPPATH\\Models\\PaymentsModel.php', 21)
 2 SYSTEMPATH\BaseModel.php(1562): App\Models\PaymentsModel->beforeUpdate([...])
 3 SYSTEMPATH\BaseModel.php(937): CodeIgniter\BaseModel->trigger('beforeUpdate', [...])
 4 SYSTEMPATH\Model.php(756): CodeIgniter\BaseModel->update([...], [...])
 5 APPPATH\Controllers\Accounting_library.php(870): CodeIgniter\Model->update('5', [...])
 6 SYSTEMPATH\CodeIgniter.php(934): App\Controllers\Accounting_library->index()
 7 SYSTEMPATH\CodeIgniter.php(499): CodeIgniter\CodeIgniter->runController(Object(App\Controllers\Accounting_library))
 8 SYSTEMPATH\CodeIgniter.php(368): CodeIgniter\CodeIgniter->handleRequest(null, Object(Config\Cache), false)
 9 FCPATH\index.php(67): CodeIgniter\CodeIgniter->run()
CRITICAL - 2023-04-20 06:21:57 --> Undefined array key "type"
in APPPATH\Models\PaymentsModel.php on line 21.
 1 APPPATH\Models\PaymentsModel.php(21): CodeIgniter\Debug\Exceptions->errorHandler(2, 'Undefined array key "type"', 'APPPATH\\Models\\PaymentsModel.php', 21)
 2 SYSTEMPATH\BaseModel.php(1562): App\Models\PaymentsModel->beforeUpdate([...])
 3 SYSTEMPATH\BaseModel.php(937): CodeIgniter\BaseModel->trigger('beforeUpdate', [...])
 4 SYSTEMPATH\Model.php(756): CodeIgniter\BaseModel->update([...], [...])
 5 APPPATH\Controllers\Accounting_library.php(870): CodeIgniter\Model->update('5', [...])
 6 SYSTEMPATH\CodeIgniter.php(934): App\Controllers\Accounting_library->index()
 7 SYSTEMPATH\CodeIgniter.php(499): CodeIgniter\CodeIgniter->runController(Object(App\Controllers\Accounting_library))
 8 SYSTEMPATH\CodeIgniter.php(368): CodeIgniter\CodeIgniter->handleRequest(null, Object(Config\Cache), false)
 9 FCPATH\index.php(67): CodeIgniter\CodeIgniter->run()
CRITICAL - 2023-04-20 06:22:10 --> Undefined array key "type"
in APPPATH\Models\PaymentsModel.php on line 21.
 1 APPPATH\Models\PaymentsModel.php(21): CodeIgniter\Debug\Exceptions->errorHandler(2, 'Undefined array key "type"', 'APPPATH\\Models\\PaymentsModel.php', 21)
 2 SYSTEMPATH\BaseModel.php(1562): App\Models\PaymentsModel->beforeUpdate([...])
 3 SYSTEMPATH\BaseModel.php(937): CodeIgniter\BaseModel->trigger('beforeUpdate', [...])
 4 SYSTEMPATH\Model.php(756): CodeIgniter\BaseModel->update([...], [...])
 5 APPPATH\Controllers\Accounting_library.php(870): CodeIgniter\Model->update('5', [...])
 6 SYSTEMPATH\CodeIgniter.php(934): App\Controllers\Accounting_library->index()
 7 SYSTEMPATH\CodeIgniter.php(499): CodeIgniter\CodeIgniter->runController(Object(App\Controllers\Accounting_library))
 8 SYSTEMPATH\CodeIgniter.php(368): CodeIgniter\CodeIgniter->handleRequest(null, Object(Config\Cache), false)
 9 FCPATH\index.php(67): CodeIgniter\CodeIgniter->run()
CRITICAL - 2023-04-20 06:22:44 --> Undefined array key "type"
in APPPATH\Models\PaymentsModel.php on line 21.
 1 APPPATH\Models\PaymentsModel.php(21): CodeIgniter\Debug\Exceptions->errorHandler(2, 'Undefined array key "type"', 'APPPATH\\Models\\PaymentsModel.php', 21)
 2 SYSTEMPATH\BaseModel.php(1562): App\Models\PaymentsModel->beforeUpdate([...])
 3 SYSTEMPATH\BaseModel.php(937): CodeIgniter\BaseModel->trigger('beforeUpdate', [...])
 4 SYSTEMPATH\Model.php(756): CodeIgniter\BaseModel->update([...], [...])
 5 APPPATH\Controllers\Accounting_library.php(870): CodeIgniter\Model->update('5', [...])
 6 SYSTEMPATH\CodeIgniter.php(934): App\Controllers\Accounting_library->index()
 7 SYSTEMPATH\CodeIgniter.php(499): CodeIgniter\CodeIgniter->runController(Object(App\Controllers\Accounting_library))
 8 SYSTEMPATH\CodeIgniter.php(368): CodeIgniter\CodeIgniter->handleRequest(null, Object(Config\Cache), false)
 9 FCPATH\index.php(67): CodeIgniter\CodeIgniter->run()
CRITICAL - 2023-04-20 06:23:23 --> Trying to access array offset on value of type null
in APPPATH\Helpers\apanel_helper.php on line 3908.
 1 APPPATH\Helpers\apanel_helper.php(3908): CodeIgniter\Debug\Exceptions->errorHandler(2, 'Trying to access array offset on value of type null', 'APPPATH\\Helpers\\apanel_helper.php', 3908)
 2 APPPATH\Views\reports\expenses_report.php(141): invoice_data('0', 'customer')
 3 SYSTEMPATH\View\View.php(213): include('APPPATH\\Views\\reports\\expenses_report.php')
 4 SYSTEMPATH\View\View.php(216): CodeIgniter\View\View->CodeIgniter\View\{closure}()
 5 SYSTEMPATH\Common.php(1184): CodeIgniter\View\View->render('reports/expenses_report', [], true)
 6 APPPATH\Controllers\Reports.php(429): view('reports/expenses_report', [...])
 7 SYSTEMPATH\CodeIgniter.php(934): App\Controllers\Reports->expense_report()
 8 SYSTEMPATH\CodeIgniter.php(499): CodeIgniter\CodeIgniter->runController(Object(App\Controllers\Reports))
 9 SYSTEMPATH\CodeIgniter.php(368): CodeIgniter\CodeIgniter->handleRequest(null, Object(Config\Cache), false)
10 FCPATH\index.php(67): CodeIgniter\CodeIgniter->run()
CRITICAL - 2023-04-20 06:26:09 --> Undefined array key "type"
in APPPATH\Models\PaymentsModel.php on line 21.
 1 APPPATH\Models\PaymentsModel.php(21): CodeIgniter\Debug\Exceptions->errorHandler(2, 'Undefined array key "type"', 'APPPATH\\Models\\PaymentsModel.php', 21)
 2 SYSTEMPATH\BaseModel.php(1562): App\Models\PaymentsModel->beforeUpdate([...])
 3 SYSTEMPATH\BaseModel.php(937): CodeIgniter\BaseModel->trigger('beforeUpdate', [...])
 4 SYSTEMPATH\Model.php(756): CodeIgniter\BaseModel->update([...], [...])
 5 APPPATH\Controllers\Accounting_library.php(870): CodeIgniter\Model->update('5', [...])
 6 SYSTEMPATH\CodeIgniter.php(934): App\Controllers\Accounting_library->index()
 7 SYSTEMPATH\CodeIgniter.php(499): CodeIgniter\CodeIgniter->runController(Object(App\Controllers\Accounting_library))
 8 SYSTEMPATH\CodeIgniter.php(368): CodeIgniter\CodeIgniter->handleRequest(null, Object(Config\Cache), false)
 9 FCPATH\index.php(67): CodeIgniter\CodeIgniter->run()
CRITICAL - 2023-04-20 06:27:25 --> Undefined array key "type"
in APPPATH\Models\PaymentsModel.php on line 21.
 1 APPPATH\Models\PaymentsModel.php(21): CodeIgniter\Debug\Exceptions->errorHandler(2, 'Undefined array key "type"', 'APPPATH\\Models\\PaymentsModel.php', 21)
 2 SYSTEMPATH\BaseModel.php(1562): App\Models\PaymentsModel->beforeUpdate([...])
 3 SYSTEMPATH\BaseModel.php(937): CodeIgniter\BaseModel->trigger('beforeUpdate', [...])
 4 SYSTEMPATH\Model.php(756): CodeIgniter\BaseModel->update([...], [...])
 5 APPPATH\Controllers\Accounting_library.php(870): CodeIgniter\Model->update('5', [...])
 6 SYSTEMPATH\CodeIgniter.php(934): App\Controllers\Accounting_library->index()
 7 SYSTEMPATH\CodeIgniter.php(499): CodeIgniter\CodeIgniter->runController(Object(App\Controllers\Accounting_library))
 8 SYSTEMPATH\CodeIgniter.php(368): CodeIgniter\CodeIgniter->handleRequest(null, Object(Config\Cache), false)
 9 FCPATH\index.php(67): CodeIgniter\CodeIgniter->run()
CRITICAL - 2023-04-20 06:27:46 --> Undefined array key "type"
in APPPATH\Models\PaymentsModel.php on line 21.
 1 APPPATH\Models\PaymentsModel.php(21): CodeIgniter\Debug\Exceptions->errorHandler(2, 'Undefined array key "type"', 'APPPATH\\Models\\PaymentsModel.php', 21)
 2 SYSTEMPATH\BaseModel.php(1562): App\Models\PaymentsModel->beforeUpdate([...])
 3 SYSTEMPATH\BaseModel.php(937): CodeIgniter\BaseModel->trigger('beforeUpdate', [...])
 4 SYSTEMPATH\Model.php(756): CodeIgniter\BaseModel->update([...], [...])
 5 APPPATH\Controllers\Accounting_library.php(870): CodeIgniter\Model->update('5', [...])
 6 SYSTEMPATH\CodeIgniter.php(934): App\Controllers\Accounting_library->index()
 7 SYSTEMPATH\CodeIgniter.php(499): CodeIgniter\CodeIgniter->runController(Object(App\Controllers\Accounting_library))
 8 SYSTEMPATH\CodeIgniter.php(368): CodeIgniter\CodeIgniter->handleRequest(null, Object(Config\Cache), false)
 9 FCPATH\index.php(67): CodeIgniter\CodeIgniter->run()
CRITICAL - 2023-04-20 06:27:59 --> Undefined array key "type"
in APPPATH\Models\PaymentsModel.php on line 21.
 1 APPPATH\Models\PaymentsModel.php(21): CodeIgniter\Debug\Exceptions->errorHandler(2, 'Undefined array key "type"', 'APPPATH\\Models\\PaymentsModel.php', 21)
 2 SYSTEMPATH\BaseModel.php(1562): App\Models\PaymentsModel->beforeUpdate([...])
 3 SYSTEMPATH\BaseModel.php(937): CodeIgniter\BaseModel->trigger('beforeUpdate', [...])
 4 SYSTEMPATH\Model.php(756): CodeIgniter\BaseModel->update([...], [...])
 5 APPPATH\Controllers\Accounting_library.php(870): CodeIgniter\Model->update('5', [...])
 6 SYSTEMPATH\CodeIgniter.php(934): App\Controllers\Accounting_library->index()
 7 SYSTEMPATH\CodeIgniter.php(499): CodeIgniter\CodeIgniter->runController(Object(App\Controllers\Accounting_library))
 8 SYSTEMPATH\CodeIgniter.php(368): CodeIgniter\CodeIgniter->handleRequest(null, Object(Config\Cache), false)
 9 FCPATH\index.php(67): CodeIgniter\CodeIgniter->run()
CRITICAL - 2023-04-20 06:29:11 --> Undefined array key "type"
in APPPATH\Models\PaymentsModel.php on line 21.
 1 APPPATH\Models\PaymentsModel.php(21): CodeIgniter\Debug\Exceptions->errorHandler(2, 'Undefined array key "type"', 'APPPATH\\Models\\PaymentsModel.php', 21)
 2 SYSTEMPATH\BaseModel.php(1562): App\Models\PaymentsModel->beforeUpdate([...])
 3 SYSTEMPATH\BaseModel.php(937): CodeIgniter\BaseModel->trigger('beforeUpdate', [...])
 4 SYSTEMPATH\Model.php(756): CodeIgniter\BaseModel->update([...], [...])
 5 APPPATH\Controllers\Accounting_library.php(870): CodeIgniter\Model->update('5', [...])
 6 SYSTEMPATH\CodeIgniter.php(934): App\Controllers\Accounting_library->index()
 7 SYSTEMPATH\CodeIgniter.php(499): CodeIgniter\CodeIgniter->runController(Object(App\Controllers\Accounting_library))
 8 SYSTEMPATH\CodeIgniter.php(368): CodeIgniter\CodeIgniter->handleRequest(null, Object(Config\Cache), false)
 9 FCPATH\index.php(67): CodeIgniter\CodeIgniter->run()
CRITICAL - 2023-04-20 06:29:16 --> Undefined array key "type"
in APPPATH\Models\PaymentsModel.php on line 21.
 1 APPPATH\Models\PaymentsModel.php(21): CodeIgniter\Debug\Exceptions->errorHandler(2, 'Undefined array key "type"', 'APPPATH\\Models\\PaymentsModel.php', 21)
 2 SYSTEMPATH\BaseModel.php(1562): App\Models\PaymentsModel->beforeUpdate([...])
 3 SYSTEMPATH\BaseModel.php(937): CodeIgniter\BaseModel->trigger('beforeUpdate', [...])
 4 SYSTEMPATH\Model.php(756): CodeIgniter\BaseModel->update([...], [...])
 5 APPPATH\Controllers\Accounting_library.php(870): CodeIgniter\Model->update('5', [...])
 6 SYSTEMPATH\CodeIgniter.php(934): App\Controllers\Accounting_library->index()
 7 SYSTEMPATH\CodeIgniter.php(499): CodeIgniter\CodeIgniter->runController(Object(App\Controllers\Accounting_library))
 8 SYSTEMPATH\CodeIgniter.php(368): CodeIgniter\CodeIgniter->handleRequest(null, Object(Config\Cache), false)
 9 FCPATH\index.php(67): CodeIgniter\CodeIgniter->run()
CRITICAL - 2023-04-20 06:29:37 --> Undefined array key "type"
in APPPATH\Models\PaymentsModel.php on line 21.
 1 APPPATH\Models\PaymentsModel.php(21): CodeIgniter\Debug\Exceptions->errorHandler(2, 'Undefined array key "type"', 'APPPATH\\Models\\PaymentsModel.php', 21)
 2 SYSTEMPATH\BaseModel.php(1562): App\Models\PaymentsModel->beforeUpdate([...])
 3 SYSTEMPATH\BaseModel.php(937): CodeIgniter\BaseModel->trigger('beforeUpdate', [...])
 4 SYSTEMPATH\Model.php(756): CodeIgniter\BaseModel->update([...], [...])
 5 APPPATH\Controllers\Accounting_library.php(870): CodeIgniter\Model->update('5', [...])
 6 SYSTEMPATH\CodeIgniter.php(934): App\Controllers\Accounting_library->index()
 7 SYSTEMPATH\CodeIgniter.php(499): CodeIgniter\CodeIgniter->runController(Object(App\Controllers\Accounting_library))
 8 SYSTEMPATH\CodeIgniter.php(368): CodeIgniter\CodeIgniter->handleRequest(null, Object(Config\Cache), false)
 9 FCPATH\index.php(67): CodeIgniter\CodeIgniter->run()
CRITICAL - 2023-04-20 06:29:43 --> Undefined array key "type"
in APPPATH\Models\PaymentsModel.php on line 21.
 1 APPPATH\Models\PaymentsModel.php(21): CodeIgniter\Debug\Exceptions->errorHandler(2, 'Undefined array key "type"', 'APPPATH\\Models\\PaymentsModel.php', 21)
 2 SYSTEMPATH\BaseModel.php(1562): App\Models\PaymentsModel->beforeUpdate([...])
 3 SYSTEMPATH\BaseModel.php(937): CodeIgniter\BaseModel->trigger('beforeUpdate', [...])
 4 SYSTEMPATH\Model.php(756): CodeIgniter\BaseModel->update([...], [...])
 5 APPPATH\Controllers\Accounting_library.php(870): CodeIgniter\Model->update('5', [...])
 6 SYSTEMPATH\CodeIgniter.php(934): App\Controllers\Accounting_library->index()
 7 SYSTEMPATH\CodeIgniter.php(499): CodeIgniter\CodeIgniter->runController(Object(App\Controllers\Accounting_library))
 8 SYSTEMPATH\CodeIgniter.php(368): CodeIgniter\CodeIgniter->handleRequest(null, Object(Config\Cache), false)
 9 FCPATH\index.php(67): CodeIgniter\CodeIgniter->run()
CRITICAL - 2023-04-20 06:29:52 --> Undefined array key "type"
in APPPATH\Models\PaymentsModel.php on line 21.
 1 APPPATH\Models\PaymentsModel.php(21): CodeIgniter\Debug\Exceptions->errorHandler(2, 'Undefined array key "type"', 'APPPATH\\Models\\PaymentsModel.php', 21)
 2 SYSTEMPATH\BaseModel.php(1562): App\Models\PaymentsModel->beforeUpdate([...])
 3 SYSTEMPATH\BaseModel.php(937): CodeIgniter\BaseModel->trigger('beforeUpdate', [...])
 4 SYSTEMPATH\Model.php(756): CodeIgniter\BaseModel->update([...], [...])
 5 APPPATH\Controllers\Accounting_library.php(870): CodeIgniter\Model->update('5', [...])
 6 SYSTEMPATH\CodeIgniter.php(934): App\Controllers\Accounting_library->index()
 7 SYSTEMPATH\CodeIgniter.php(499): CodeIgniter\CodeIgniter->runController(Object(App\Controllers\Accounting_library))
 8 SYSTEMPATH\CodeIgniter.php(368): CodeIgniter\CodeIgniter->handleRequest(null, Object(Config\Cache), false)
 9 FCPATH\index.php(67): CodeIgniter\CodeIgniter->run()
CRITICAL - 2023-04-20 06:29:54 --> Undefined array key "type"
in APPPATH\Models\PaymentsModel.php on line 21.
 1 APPPATH\Models\PaymentsModel.php(21): CodeIgniter\Debug\Exceptions->errorHandler(2, 'Undefined array key "type"', 'APPPATH\\Models\\PaymentsModel.php', 21)
 2 SYSTEMPATH\BaseModel.php(1562): App\Models\PaymentsModel->beforeUpdate([...])
 3 SYSTEMPATH\BaseModel.php(937): CodeIgniter\BaseModel->trigger('beforeUpdate', [...])
 4 SYSTEMPATH\Model.php(756): CodeIgniter\BaseModel->update([...], [...])
 5 APPPATH\Controllers\Accounting_library.php(870): CodeIgniter\Model->update('5', [...])
 6 SYSTEMPATH\CodeIgniter.php(934): App\Controllers\Accounting_library->index()
 7 SYSTEMPATH\CodeIgniter.php(499): CodeIgniter\CodeIgniter->runController(Object(App\Controllers\Accounting_library))
 8 SYSTEMPATH\CodeIgniter.php(368): CodeIgniter\CodeIgniter->handleRequest(null, Object(Config\Cache), false)
 9 FCPATH\index.php(67): CodeIgniter\CodeIgniter->run()
CRITICAL - 2023-04-20 06:29:59 --> Undefined array key "type"
in APPPATH\Models\PaymentsModel.php on line 21.
 1 APPPATH\Models\PaymentsModel.php(21): CodeIgniter\Debug\Exceptions->errorHandler(2, 'Undefined array key "type"', 'APPPATH\\Models\\PaymentsModel.php', 21)
 2 SYSTEMPATH\BaseModel.php(1562): App\Models\PaymentsModel->beforeUpdate([...])
 3 SYSTEMPATH\BaseModel.php(937): CodeIgniter\BaseModel->trigger('beforeUpdate', [...])
 4 SYSTEMPATH\Model.php(756): CodeIgniter\BaseModel->update([...], [...])
 5 APPPATH\Controllers\Accounting_library.php(870): CodeIgniter\Model->update('5', [...])
 6 SYSTEMPATH\CodeIgniter.php(934): App\Controllers\Accounting_library->index()
 7 SYSTEMPATH\CodeIgniter.php(499): CodeIgniter\CodeIgniter->runController(Object(App\Controllers\Accounting_library))
 8 SYSTEMPATH\CodeIgniter.php(368): CodeIgniter\CodeIgniter->handleRequest(null, Object(Config\Cache), false)
 9 FCPATH\index.php(67): CodeIgniter\CodeIgniter->run()
CRITICAL - 2023-04-20 06:31:47 --> Undefined array key "type"
in APPPATH\Models\PaymentsModel.php on line 21.
 1 APPPATH\Models\PaymentsModel.php(21): CodeIgniter\Debug\Exceptions->errorHandler(2, 'Undefined array key "type"', 'APPPATH\\Models\\PaymentsModel.php', 21)
 2 SYSTEMPATH\BaseModel.php(1562): App\Models\PaymentsModel->beforeUpdate([...])
 3 SYSTEMPATH\BaseModel.php(937): CodeIgniter\BaseModel->trigger('beforeUpdate', [...])
 4 SYSTEMPATH\Model.php(756): CodeIgniter\BaseModel->update([...], [...])
 5 APPPATH\Controllers\Accounting_library.php(870): CodeIgniter\Model->update('5', [...])
 6 SYSTEMPATH\CodeIgniter.php(934): App\Controllers\Accounting_library->index()
 7 SYSTEMPATH\CodeIgniter.php(499): CodeIgniter\CodeIgniter->runController(Object(App\Controllers\Accounting_library))
 8 SYSTEMPATH\CodeIgniter.php(368): CodeIgniter\CodeIgniter->handleRequest(null, Object(Config\Cache), false)
 9 FCPATH\index.php(67): CodeIgniter\CodeIgniter->run()
CRITICAL - 2023-04-20 06:31:49 --> Undefined array key "type"
in APPPATH\Models\PaymentsModel.php on line 21.
 1 APPPATH\Models\PaymentsModel.php(21): CodeIgniter\Debug\Exceptions->errorHandler(2, 'Undefined array key "type"', 'APPPATH\\Models\\PaymentsModel.php', 21)
 2 SYSTEMPATH\BaseModel.php(1562): App\Models\PaymentsModel->beforeUpdate([...])
 3 SYSTEMPATH\BaseModel.php(937): CodeIgniter\BaseModel->trigger('beforeUpdate', [...])
 4 SYSTEMPATH\Model.php(756): CodeIgniter\BaseModel->update([...], [...])
 5 APPPATH\Controllers\Accounting_library.php(870): CodeIgniter\Model->update('5', [...])
 6 SYSTEMPATH\CodeIgniter.php(934): App\Controllers\Accounting_library->index()
 7 SYSTEMPATH\CodeIgniter.php(499): CodeIgniter\CodeIgniter->runController(Object(App\Controllers\Accounting_library))
 8 SYSTEMPATH\CodeIgniter.php(368): CodeIgniter\CodeIgniter->handleRequest(null, Object(Config\Cache), false)
 9 FCPATH\index.php(67): CodeIgniter\CodeIgniter->run()
