CRITICAL - 2023-08-11 10:16:22 --> Class "App\Controllers\DateTime" not found
in APPPATH\Controllers\Testing.php on line 70.
 1 SYSTEMPATH\CodeIgniter.php(934): App\Controllers\Testing->total_working_days()
 2 SYSTEMPATH\CodeIgniter.php(499): CodeIgniter\CodeIgniter->runController(Object(App\Controllers\Testing))
 3 SYSTEMPATH\CodeIgniter.php(368): CodeIgniter\CodeIgniter->handleRequest(null, Object(Config\Cache), false)
 4 FCPATH\index.php(67): CodeIgniter\CodeIgniter->run()
CRITICAL - 2023-08-11 10:17:17 --> Call to a member function format() on string
in APPPATH\Controllers\Testing.php on line 75.
 1 SYSTEMPATH\CodeIgniter.php(934): App\Controllers\Testing->total_working_days()
 2 SYSTEMPATH\CodeIgniter.php(499): CodeIgniter\CodeIgniter->runController(Object(App\Controllers\Testing))
 3 SYSTEMPATH\CodeIgniter.php(368): CodeIgniter\CodeIgniter->handleRequest(null, Object(Config\Cache), false)
 4 FCPATH\index.php(67): CodeIgniter\CodeIgniter->run()
CRITICAL - 2023-08-11 10:18:05 --> Class "App\Controllers\DateTime" not found
in APPPATH\Controllers\Testing.php on line 68.
 1 SYSTEMPATH\CodeIgniter.php(934): App\Controllers\Testing->total_working_days()
 2 SYSTEMPATH\CodeIgniter.php(499): CodeIgniter\CodeIgniter->runController(Object(App\Controllers\Testing))
 3 SYSTEMPATH\CodeIgniter.php(368): CodeIgniter\CodeIgniter->handleRequest(null, Object(Config\Cache), false)
 4 FCPATH\index.php(67): CodeIgniter\CodeIgniter->run()
CRITICAL - 2023-08-11 10:19:17 --> Class "App\Controllers\DateTime" not found
in APPPATH\Controllers\Testing.php on line 68.
 1 SYSTEMPATH\CodeIgniter.php(934): App\Controllers\Testing->total_working_days()
 2 SYSTEMPATH\CodeIgniter.php(499): CodeIgniter\CodeIgniter->runController(Object(App\Controllers\Testing))
 3 SYSTEMPATH\CodeIgniter.php(368): CodeIgniter\CodeIgniter->handleRequest(null, Object(Config\Cache), false)
 4 FCPATH\index.php(67): CodeIgniter\CodeIgniter->run()
CRITICAL - 2023-08-11 10:19:57 --> Class "App\Controllers\DateTime" not found
in APPPATH\Controllers\Testing.php on line 68.
 1 SYSTEMPATH\CodeIgniter.php(934): App\Controllers\Testing->total_working_days()
 2 SYSTEMPATH\CodeIgniter.php(499): CodeIgniter\CodeIgniter->runController(Object(App\Controllers\Testing))
 3 SYSTEMPATH\CodeIgniter.php(368): CodeIgniter\CodeIgniter->handleRequest(null, Object(Config\Cache), false)
 4 FCPATH\index.php(67): CodeIgniter\CodeIgniter->run()
CRITICAL - 2023-08-11 10:21:01 --> Class "App\Controllers\Date" not found
in APPPATH\Controllers\Testing.php on line 68.
 1 SYSTEMPATH\CodeIgniter.php(934): App\Controllers\Testing->total_working_days()
 2 SYSTEMPATH\CodeIgniter.php(499): CodeIgniter\CodeIgniter->runController(Object(App\Controllers\Testing))
 3 SYSTEMPATH\CodeIgniter.php(368): CodeIgniter\CodeIgniter->handleRequest(null, Object(Config\Cache), false)
 4 FCPATH\index.php(67): CodeIgniter\CodeIgniter->run()
CRITICAL - 2023-08-11 10:21:11 --> Call to a member function format() on string
in APPPATH\Controllers\Testing.php on line 76.
 1 SYSTEMPATH\CodeIgniter.php(934): App\Controllers\Testing->total_working_days()
 2 SYSTEMPATH\CodeIgniter.php(499): CodeIgniter\CodeIgniter->runController(Object(App\Controllers\Testing))
 3 SYSTEMPATH\CodeIgniter.php(368): CodeIgniter\CodeIgniter->handleRequest(null, Object(Config\Cache), false)
 4 FCPATH\index.php(67): CodeIgniter\CodeIgniter->run()
CRITICAL - 2023-08-11 10:21:36 --> Call to a member function format() on string
in APPPATH\Controllers\Testing.php on line 76.
 1 SYSTEMPATH\CodeIgniter.php(934): App\Controllers\Testing->total_working_days()
 2 SYSTEMPATH\CodeIgniter.php(499): CodeIgniter\CodeIgniter->runController(Object(App\Controllers\Testing))
 3 SYSTEMPATH\CodeIgniter.php(368): CodeIgniter\CodeIgniter->handleRequest(null, Object(Config\Cache), false)
 4 FCPATH\index.php(67): CodeIgniter\CodeIgniter->run()
CRITICAL - 2023-08-11 10:22:57 --> Call to undefined function App\Controllers\DateTime()
in APPPATH\Controllers\Testing.php on line 68.
 1 SYSTEMPATH\CodeIgniter.php(934): App\Controllers\Testing->total_working_days()
 2 SYSTEMPATH\CodeIgniter.php(499): CodeIgniter\CodeIgniter->runController(Object(App\Controllers\Testing))
 3 SYSTEMPATH\CodeIgniter.php(368): CodeIgniter\CodeIgniter->handleRequest(null, Object(Config\Cache), false)
 4 FCPATH\index.php(67): CodeIgniter\CodeIgniter->run()
CRITICAL - 2023-08-11 10:23:07 --> Call to a member function format() on string
in APPPATH\Controllers\Testing.php on line 76.
 1 SYSTEMPATH\CodeIgniter.php(934): App\Controllers\Testing->total_working_days()
 2 SYSTEMPATH\CodeIgniter.php(499): CodeIgniter\CodeIgniter->runController(Object(App\Controllers\Testing))
 3 SYSTEMPATH\CodeIgniter.php(368): CodeIgniter\CodeIgniter->handleRequest(null, Object(Config\Cache), false)
 4 FCPATH\index.php(67): CodeIgniter\CodeIgniter->run()
CRITICAL - 2023-08-11 10:24:57 --> Call to a member function format() on string
in APPPATH\Controllers\Testing.php on line 76.
 1 SYSTEMPATH\CodeIgniter.php(934): App\Controllers\Testing->total_working_days()
 2 SYSTEMPATH\CodeIgniter.php(499): CodeIgniter\CodeIgniter->runController(Object(App\Controllers\Testing))
 3 SYSTEMPATH\CodeIgniter.php(368): CodeIgniter\CodeIgniter->handleRequest(null, Object(Config\Cache), false)
 4 FCPATH\index.php(67): CodeIgniter\CodeIgniter->run()
CRITICAL - 2023-08-11 10:27:20 --> Call to a member function format() on string
in APPPATH\Controllers\Testing.php on line 76.
 1 SYSTEMPATH\CodeIgniter.php(934): App\Controllers\Testing->total_working_days()
 2 SYSTEMPATH\CodeIgniter.php(499): CodeIgniter\CodeIgniter->runController(Object(App\Controllers\Testing))
 3 SYSTEMPATH\CodeIgniter.php(368): CodeIgniter\CodeIgniter->handleRequest(null, Object(Config\Cache), false)
 4 FCPATH\index.php(67): CodeIgniter\CodeIgniter->run()
CRITICAL - 2023-08-11 10:28:41 --> Call to a member function format() on string
in APPPATH\Controllers\Testing.php on line 74.
 1 SYSTEMPATH\CodeIgniter.php(934): App\Controllers\Testing->total_working_days()
 2 SYSTEMPATH\CodeIgniter.php(499): CodeIgniter\CodeIgniter->runController(Object(App\Controllers\Testing))
 3 SYSTEMPATH\CodeIgniter.php(368): CodeIgniter\CodeIgniter->handleRequest(null, Object(Config\Cache), false)
 4 FCPATH\index.php(67): CodeIgniter\CodeIgniter->run()
CRITICAL - 2023-08-11 10:29:24 --> Call to a member function format() on string
in APPPATH\Controllers\Testing.php on line 76.
 1 SYSTEMPATH\CodeIgniter.php(934): App\Controllers\Testing->total_working_days()
 2 SYSTEMPATH\CodeIgniter.php(499): CodeIgniter\CodeIgniter->runController(Object(App\Controllers\Testing))
 3 SYSTEMPATH\CodeIgniter.php(368): CodeIgniter\CodeIgniter->handleRequest(null, Object(Config\Cache), false)
 4 FCPATH\index.php(67): CodeIgniter\CodeIgniter->run()
CRITICAL - 2023-08-11 10:29:46 --> Call to a member function format() on string
in APPPATH\Controllers\Testing.php on line 76.
 1 SYSTEMPATH\CodeIgniter.php(934): App\Controllers\Testing->total_working_days()
 2 SYSTEMPATH\CodeIgniter.php(499): CodeIgniter\CodeIgniter->runController(Object(App\Controllers\Testing))
 3 SYSTEMPATH\CodeIgniter.php(368): CodeIgniter\CodeIgniter->handleRequest(null, Object(Config\Cache), false)
 4 FCPATH\index.php(67): CodeIgniter\CodeIgniter->run()
CRITICAL - 2023-08-11 10:33:02 --> Call to a member function format() on string
in APPPATH\Controllers\Testing.php on line 76.
 1 SYSTEMPATH\CodeIgniter.php(934): App\Controllers\Testing->total_working_days()
 2 SYSTEMPATH\CodeIgniter.php(499): CodeIgniter\CodeIgniter->runController(Object(App\Controllers\Testing))
 3 SYSTEMPATH\CodeIgniter.php(368): CodeIgniter\CodeIgniter->handleRequest(null, Object(Config\Cache), false)
 4 FCPATH\index.php(67): CodeIgniter\CodeIgniter->run()
