CRITICAL - 2023-03-23 03:22:11 --> file_get_contents(): SSL: The operation completed successfully
in APPPATH\Controllers\Users.php on line 55.
 1 [internal function]: CodeIgniter\Debug\Exceptions->errorHandler(2, 'file_get_contents(): SSL: The operation completed successfully', 'APPPATH\\Controllers\\Users.php', 55)
 2 APPPATH\Controllers\Users.php(55): file_get_contents('https://www.google.com/recaptcha/api/siteverify?secret=6LcCRJsfAAAAADeslwAkl7uOXCkjPHp56ivzc_Nv&response=03AKH6MRGVCktVsdys_VKb9mDiQW55YHLnoemKkUp14f3yLX6kghb2mRSPlJHUm0F1Ps8QXNHZ0XIyKE3ZSaL4hb_hcfsdRd5SHjFMglSMobzf5UfchVIb8LSor_qu0idUcsZVykt6ItHTWZjSZcCHKQ99SnY0r2GiPmcr1o9S05XHtC2piU78arw_y77CaUEmWLYjv9IampNDELVdPpDU_HtULhnLSgJ0qJkyDm6DFqC21zYy0qZ7wc9PtB-cb1X9tuDjDtFywneOXCqOFTJgpttt3kd8i6GzeXBKeMNNHWjIavN6UP45xYLFfxr0wTgK4WVGuDfgHgtqWOYhwlejHrsByOoz3gja3Dpx0k8HTYspovWIp9Ddj9STHwDqTh7hy8O8Srsvmadd7FpWOVBXD1q10mbsiecr3Hh-xNf52ysQlkVQ47yqcJWLxJk6jhZahq4KsGD91y-NjKeN34Uz-axVE7P4oqGdcFY68ZvMYwh89Cd98vc-xrNq6NYU-Nwo3Yy8oBIgxPEIUpCbtSUzQK2Ewdmh_u3c6fSVZs6CBqbbd77AXNm_TX8&remoteip=::1')
 3 SYSTEMPATH\CodeIgniter.php(934): App\Controllers\Users->login()
 4 SYSTEMPATH\CodeIgniter.php(499): CodeIgniter\CodeIgniter->runController(Object(App\Controllers\Users))
 5 SYSTEMPATH\CodeIgniter.php(368): CodeIgniter\CodeIgniter->handleRequest(null, Object(Config\Cache), false)
 6 FCPATH\index.php(67): CodeIgniter\CodeIgniter->run()
CRITICAL - 2023-03-23 03:29:40 --> Trying to access array offset on value of type null
in APPPATH\Helpers\apanel_helper.php on line 4200.
 1 APPPATH\Helpers\apanel_helper.php(4200): CodeIgniter\Debug\Exceptions->errorHandler(2, 'Trying to access array offset on value of type null', 'APPPATH\\Helpers\\apanel_helper.php', 4200)
 2 APPPATH\Helpers\apanel_helper.php(4185): company('1')
 3 APPPATH\Controllers\Fees_and_payments.php(2285): now_time('1')
 4 SYSTEMPATH\CodeIgniter.php(934): App\Controllers\Fees_and_payments->add_installments()
 5 SYSTEMPATH\CodeIgniter.php(499): CodeIgniter\CodeIgniter->runController(Object(App\Controllers\Fees_and_payments))
 6 SYSTEMPATH\CodeIgniter.php(368): CodeIgniter\CodeIgniter->handleRequest(null, Object(Config\Cache), false)
 7 FCPATH\index.php(67): CodeIgniter\CodeIgniter->run()
CRITICAL - 2023-03-23 03:29:43 --> Trying to access array offset on value of type null
in APPPATH\Helpers\apanel_helper.php on line 4200.
 1 APPPATH\Helpers\apanel_helper.php(4200): CodeIgniter\Debug\Exceptions->errorHandler(2, 'Trying to access array offset on value of type null', 'APPPATH\\Helpers\\apanel_helper.php', 4200)
 2 APPPATH\Helpers\apanel_helper.php(4185): company('1')
 3 APPPATH\Controllers\Fees_and_payments.php(2285): now_time('1')
 4 SYSTEMPATH\CodeIgniter.php(934): App\Controllers\Fees_and_payments->add_installments()
 5 SYSTEMPATH\CodeIgniter.php(499): CodeIgniter\CodeIgniter->runController(Object(App\Controllers\Fees_and_payments))
 6 SYSTEMPATH\CodeIgniter.php(368): CodeIgniter\CodeIgniter->handleRequest(null, Object(Config\Cache), false)
 7 FCPATH\index.php(67): CodeIgniter\CodeIgniter->run()
CRITICAL - 2023-03-23 03:31:18 --> Trying to access array offset on value of type null
in APPPATH\Helpers\apanel_helper.php on line 4200.
 1 APPPATH\Helpers\apanel_helper.php(4200): CodeIgniter\Debug\Exceptions->errorHandler(2, 'Trying to access array offset on value of type null', 'APPPATH\\Helpers\\apanel_helper.php', 4200)
 2 APPPATH\Helpers\apanel_helper.php(4185): company('1')
 3 APPPATH\Controllers\Fees_and_payments.php(2285): now_time('1')
 4 SYSTEMPATH\CodeIgniter.php(934): App\Controllers\Fees_and_payments->add_installments()
 5 SYSTEMPATH\CodeIgniter.php(499): CodeIgniter\CodeIgniter->runController(Object(App\Controllers\Fees_and_payments))
 6 SYSTEMPATH\CodeIgniter.php(368): CodeIgniter\CodeIgniter->handleRequest(null, Object(Config\Cache), false)
 7 FCPATH\index.php(67): CodeIgniter\CodeIgniter->run()
CRITICAL - 2023-03-23 03:31:51 --> Trying to access array offset on value of type null
in APPPATH\Helpers\apanel_helper.php on line 4200.
 1 APPPATH\Helpers\apanel_helper.php(4200): CodeIgniter\Debug\Exceptions->errorHandler(2, 'Trying to access array offset on value of type null', 'APPPATH\\Helpers\\apanel_helper.php', 4200)
 2 APPPATH\Helpers\apanel_helper.php(4185): company('1')
 3 APPPATH\Controllers\Fees_and_payments.php(2285): now_time('1')
 4 SYSTEMPATH\CodeIgniter.php(934): App\Controllers\Fees_and_payments->add_installments()
 5 SYSTEMPATH\CodeIgniter.php(499): CodeIgniter\CodeIgniter->runController(Object(App\Controllers\Fees_and_payments))
 6 SYSTEMPATH\CodeIgniter.php(368): CodeIgniter\CodeIgniter->handleRequest(null, Object(Config\Cache), false)
 7 FCPATH\index.php(67): CodeIgniter\CodeIgniter->run()
CRITICAL - 2023-03-23 03:31:53 --> Trying to access array offset on value of type null
in APPPATH\Helpers\apanel_helper.php on line 4200.
 1 APPPATH\Helpers\apanel_helper.php(4200): CodeIgniter\Debug\Exceptions->errorHandler(2, 'Trying to access array offset on value of type null', 'APPPATH\\Helpers\\apanel_helper.php', 4200)
 2 APPPATH\Helpers\apanel_helper.php(4185): company('1')
 3 APPPATH\Controllers\Fees_and_payments.php(2285): now_time('1')
 4 SYSTEMPATH\CodeIgniter.php(934): App\Controllers\Fees_and_payments->add_installments()
 5 SYSTEMPATH\CodeIgniter.php(499): CodeIgniter\CodeIgniter->runController(Object(App\Controllers\Fees_and_payments))
 6 SYSTEMPATH\CodeIgniter.php(368): CodeIgniter\CodeIgniter->handleRequest(null, Object(Config\Cache), false)
 7 FCPATH\index.php(67): CodeIgniter\CodeIgniter->run()
CRITICAL - 2023-03-23 03:32:14 --> Call to undefined function installments_array()
in APPPATH\Views\fees\add_payment_form.php on line 160.
 1 SYSTEMPATH\View\View.php(213): include()
 2 SYSTEMPATH\View\View.php(216): CodeIgniter\View\View->CodeIgniter\View\{closure}()
 3 SYSTEMPATH\Common.php(1184): CodeIgniter\View\View->render('fees/add_payment_form', [], true)
 4 APPPATH\Controllers\Fees_and_payments.php(2372): view('fees/add_payment_form', [...])
 5 SYSTEMPATH\CodeIgniter.php(934): App\Controllers\Fees_and_payments->get_payment_form('31')
 6 SYSTEMPATH\CodeIgniter.php(499): CodeIgniter\CodeIgniter->runController(Object(App\Controllers\Fees_and_payments))
 7 SYSTEMPATH\CodeIgniter.php(368): CodeIgniter\CodeIgniter->handleRequest(null, Object(Config\Cache), false)
 8 FCPATH\index.php(67): CodeIgniter\CodeIgniter->run()
CRITICAL - 2023-03-23 03:32:37 --> Call to undefined function installments_array()
in APPPATH\Views\fees\add_payment_form.php on line 160.
 1 SYSTEMPATH\View\View.php(213): include()
 2 SYSTEMPATH\View\View.php(216): CodeIgniter\View\View->CodeIgniter\View\{closure}()
 3 SYSTEMPATH\Common.php(1184): CodeIgniter\View\View->render('fees/add_payment_form', [], true)
 4 APPPATH\Controllers\Fees_and_payments.php(2378): view('fees/add_payment_form', [...])
 5 SYSTEMPATH\CodeIgniter.php(934): App\Controllers\Fees_and_payments->get_payment_form('31')
 6 SYSTEMPATH\CodeIgniter.php(499): CodeIgniter\CodeIgniter->runController(Object(App\Controllers\Fees_and_payments))
 7 SYSTEMPATH\CodeIgniter.php(368): CodeIgniter\CodeIgniter->handleRequest(null, Object(Config\Cache), false)
 8 FCPATH\index.php(67): CodeIgniter\CodeIgniter->run()
CRITICAL - 2023-03-23 03:34:38 --> count(): Argument #1 ($value) must be of type Countable|array, null given
in APPPATH\Controllers\Fees_and_payments.php on line 2292.
 1 APPPATH\Controllers\Fees_and_payments.php(2292): count(null)
 2 SYSTEMPATH\CodeIgniter.php(934): App\Controllers\Fees_and_payments->add_installments()
 3 SYSTEMPATH\CodeIgniter.php(499): CodeIgniter\CodeIgniter->runController(Object(App\Controllers\Fees_and_payments))
 4 SYSTEMPATH\CodeIgniter.php(368): CodeIgniter\CodeIgniter->handleRequest(null, Object(Config\Cache), false)
 5 FCPATH\index.php(67): CodeIgniter\CodeIgniter->run()
CRITICAL - 2023-03-23 03:34:39 --> count(): Argument #1 ($value) must be of type Countable|array, null given
in APPPATH\Controllers\Fees_and_payments.php on line 2292.
 1 APPPATH\Controllers\Fees_and_payments.php(2292): count(null)
 2 SYSTEMPATH\CodeIgniter.php(934): App\Controllers\Fees_and_payments->add_installments()
 3 SYSTEMPATH\CodeIgniter.php(499): CodeIgniter\CodeIgniter->runController(Object(App\Controllers\Fees_and_payments))
 4 SYSTEMPATH\CodeIgniter.php(368): CodeIgniter\CodeIgniter->handleRequest(null, Object(Config\Cache), false)
 5 FCPATH\index.php(67): CodeIgniter\CodeIgniter->run()
CRITICAL - 2023-03-23 03:35:10 --> Call to undefined function installments_array()
in APPPATH\Views\fees\add_payment_form.php on line 160.
 1 SYSTEMPATH\View\View.php(213): include()
 2 SYSTEMPATH\View\View.php(216): CodeIgniter\View\View->CodeIgniter\View\{closure}()
 3 SYSTEMPATH\Common.php(1184): CodeIgniter\View\View->render('fees/add_payment_form', [], true)
 4 APPPATH\Controllers\Fees_and_payments.php(2424): view('fees/add_payment_form', [...])
 5 SYSTEMPATH\CodeIgniter.php(934): App\Controllers\Fees_and_payments->get_payment_form('31')
 6 SYSTEMPATH\CodeIgniter.php(499): CodeIgniter\CodeIgniter->runController(Object(App\Controllers\Fees_and_payments))
 7 SYSTEMPATH\CodeIgniter.php(368): CodeIgniter\CodeIgniter->handleRequest(null, Object(Config\Cache), false)
 8 FCPATH\index.php(67): CodeIgniter\CodeIgniter->run()
CRITICAL - 2023-03-23 03:35:42 --> Call to undefined function installments_array()
in APPPATH\Views\fees\add_payment_form.php on line 160.
 1 SYSTEMPATH\View\View.php(213): include()
 2 SYSTEMPATH\View\View.php(216): CodeIgniter\View\View->CodeIgniter\View\{closure}()
 3 SYSTEMPATH\Common.php(1184): CodeIgniter\View\View->render('fees/add_payment_form', [], true)
 4 APPPATH\Controllers\Fees_and_payments.php(2424): view('fees/add_payment_form', [...])
 5 SYSTEMPATH\CodeIgniter.php(934): App\Controllers\Fees_and_payments->get_payment_form('31')
 6 SYSTEMPATH\CodeIgniter.php(499): CodeIgniter\CodeIgniter->runController(Object(App\Controllers\Fees_and_payments))
 7 SYSTEMPATH\CodeIgniter.php(368): CodeIgniter\CodeIgniter->handleRequest(null, Object(Config\Cache), false)
 8 FCPATH\index.php(67): CodeIgniter\CodeIgniter->run()
CRITICAL - 2023-03-23 03:35:46 --> Call to undefined function installments_array()
in APPPATH\Views\fees\add_payment_form.php on line 160.
 1 SYSTEMPATH\View\View.php(213): include()
 2 SYSTEMPATH\View\View.php(216): CodeIgniter\View\View->CodeIgniter\View\{closure}()
 3 SYSTEMPATH\Common.php(1184): CodeIgniter\View\View->render('fees/add_payment_form', [], true)
 4 APPPATH\Controllers\Fees_and_payments.php(2424): view('fees/add_payment_form', [...])
 5 SYSTEMPATH\CodeIgniter.php(934): App\Controllers\Fees_and_payments->get_payment_form('31')
 6 SYSTEMPATH\CodeIgniter.php(499): CodeIgniter\CodeIgniter->runController(Object(App\Controllers\Fees_and_payments))
 7 SYSTEMPATH\CodeIgniter.php(368): CodeIgniter\CodeIgniter->handleRequest(null, Object(Config\Cache), false)
 8 FCPATH\index.php(67): CodeIgniter\CodeIgniter->run()
CRITICAL - 2023-03-23 03:42:50 --> Division by zero
in APPPATH\Controllers\Fees_and_payments.php on line 2274.
 1 SYSTEMPATH\CodeIgniter.php(934): App\Controllers\Fees_and_payments->add_installments()
 2 SYSTEMPATH\CodeIgniter.php(499): CodeIgniter\CodeIgniter->runController(Object(App\Controllers\Fees_and_payments))
 3 SYSTEMPATH\CodeIgniter.php(368): CodeIgniter\CodeIgniter->handleRequest(null, Object(Config\Cache), false)
 4 FCPATH\index.php(67): CodeIgniter\CodeIgniter->run()
CRITICAL - 2023-03-23 03:42:56 --> Division by zero
in APPPATH\Controllers\Fees_and_payments.php on line 2274.
 1 SYSTEMPATH\CodeIgniter.php(934): App\Controllers\Fees_and_payments->add_installments()
 2 SYSTEMPATH\CodeIgniter.php(499): CodeIgniter\CodeIgniter->runController(Object(App\Controllers\Fees_and_payments))
 3 SYSTEMPATH\CodeIgniter.php(368): CodeIgniter\CodeIgniter->handleRequest(null, Object(Config\Cache), false)
 4 FCPATH\index.php(67): CodeIgniter\CodeIgniter->run()
CRITICAL - 2023-03-23 03:43:07 --> Division by zero
in APPPATH\Controllers\Fees_and_payments.php on line 2274.
 1 SYSTEMPATH\CodeIgniter.php(934): App\Controllers\Fees_and_payments->add_installments()
 2 SYSTEMPATH\CodeIgniter.php(499): CodeIgniter\CodeIgniter->runController(Object(App\Controllers\Fees_and_payments))
 3 SYSTEMPATH\CodeIgniter.php(368): CodeIgniter\CodeIgniter->handleRequest(null, Object(Config\Cache), false)
 4 FCPATH\index.php(67): CodeIgniter\CodeIgniter->run()
CRITICAL - 2023-03-23 03:43:59 --> count(): Argument #1 ($value) must be of type Countable|array, null given
in APPPATH\Controllers\Fees_and_payments.php on line 2292.
 1 APPPATH\Controllers\Fees_and_payments.php(2292): count(null)
 2 SYSTEMPATH\CodeIgniter.php(934): App\Controllers\Fees_and_payments->add_installments()
 3 SYSTEMPATH\CodeIgniter.php(499): CodeIgniter\CodeIgniter->runController(Object(App\Controllers\Fees_and_payments))
 4 SYSTEMPATH\CodeIgniter.php(368): CodeIgniter\CodeIgniter->handleRequest(null, Object(Config\Cache), false)
 5 FCPATH\index.php(67): CodeIgniter\CodeIgniter->run()
CRITICAL - 2023-03-23 03:44:03 --> count(): Argument #1 ($value) must be of type Countable|array, null given
in APPPATH\Controllers\Fees_and_payments.php on line 2292.
 1 APPPATH\Controllers\Fees_and_payments.php(2292): count(null)
 2 SYSTEMPATH\CodeIgniter.php(934): App\Controllers\Fees_and_payments->add_installments()
 3 SYSTEMPATH\CodeIgniter.php(499): CodeIgniter\CodeIgniter->runController(Object(App\Controllers\Fees_and_payments))
 4 SYSTEMPATH\CodeIgniter.php(368): CodeIgniter\CodeIgniter->handleRequest(null, Object(Config\Cache), false)
 5 FCPATH\index.php(67): CodeIgniter\CodeIgniter->run()
CRITICAL - 2023-03-23 03:50:31 --> count(): Argument #1 ($value) must be of type Countable|array, null given
in APPPATH\Controllers\Fees_and_payments.php on line 2292.
 1 APPPATH\Controllers\Fees_and_payments.php(2292): count(null)
 2 SYSTEMPATH\CodeIgniter.php(934): App\Controllers\Fees_and_payments->add_installments()
 3 SYSTEMPATH\CodeIgniter.php(499): CodeIgniter\CodeIgniter->runController(Object(App\Controllers\Fees_and_payments))
 4 SYSTEMPATH\CodeIgniter.php(368): CodeIgniter\CodeIgniter->handleRequest(null, Object(Config\Cache), false)
 5 FCPATH\index.php(67): CodeIgniter\CodeIgniter->run()
CRITICAL - 2023-03-23 04:01:23 --> Call to undefined function App\Controllers\pstat_of_install()
in APPPATH\Controllers\Fees_and_payments.php on line 1974.
 1 SYSTEMPATH\CodeIgniter.php(934): App\Controllers\Fees_and_payments->update_pay()
 2 SYSTEMPATH\CodeIgniter.php(499): CodeIgniter\CodeIgniter->runController(Object(App\Controllers\Fees_and_payments))
 3 SYSTEMPATH\CodeIgniter.php(368): CodeIgniter\CodeIgniter->handleRequest(null, Object(Config\Cache), false)
 4 FCPATH\index.php(67): CodeIgniter\CodeIgniter->run()
CRITICAL - 2023-03-23 04:01:35 --> Call to undefined function App\Controllers\pstat_of_install()
in APPPATH\Controllers\Fees_and_payments.php on line 1974.
 1 SYSTEMPATH\CodeIgniter.php(934): App\Controllers\Fees_and_payments->update_pay()
 2 SYSTEMPATH\CodeIgniter.php(499): CodeIgniter\CodeIgniter->runController(Object(App\Controllers\Fees_and_payments))
 3 SYSTEMPATH\CodeIgniter.php(368): CodeIgniter\CodeIgniter->handleRequest(null, Object(Config\Cache), false)
 4 FCPATH\index.php(67): CodeIgniter\CodeIgniter->run()
CRITICAL - 2023-03-23 04:05:40 --> Call to undefined function App\Controllers\pstat_of_install()
in APPPATH\Controllers\Fees_and_payments.php on line 1974.
 1 SYSTEMPATH\CodeIgniter.php(934): App\Controllers\Fees_and_payments->update_pay()
 2 SYSTEMPATH\CodeIgniter.php(499): CodeIgniter\CodeIgniter->runController(Object(App\Controllers\Fees_and_payments))
 3 SYSTEMPATH\CodeIgniter.php(368): CodeIgniter\CodeIgniter->handleRequest(null, Object(Config\Cache), false)
 4 FCPATH\index.php(67): CodeIgniter\CodeIgniter->run()
CRITICAL - 2023-03-23 04:06:00 --> Call to undefined function App\Controllers\pstat_of_install()
in APPPATH\Controllers\Fees_and_payments.php on line 1974.
 1 SYSTEMPATH\CodeIgniter.php(934): App\Controllers\Fees_and_payments->update_pay()
 2 SYSTEMPATH\CodeIgniter.php(499): CodeIgniter\CodeIgniter->runController(Object(App\Controllers\Fees_and_payments))
 3 SYSTEMPATH\CodeIgniter.php(368): CodeIgniter\CodeIgniter->handleRequest(null, Object(Config\Cache), false)
 4 FCPATH\index.php(67): CodeIgniter\CodeIgniter->run()
CRITICAL - 2023-03-23 04:06:38 --> Call to undefined function App\Controllers\pstat_of_install()
in APPPATH\Controllers\Fees_and_payments.php on line 1974.
 1 SYSTEMPATH\CodeIgniter.php(934): App\Controllers\Fees_and_payments->update_pay()
 2 SYSTEMPATH\CodeIgniter.php(499): CodeIgniter\CodeIgniter->runController(Object(App\Controllers\Fees_and_payments))
 3 SYSTEMPATH\CodeIgniter.php(368): CodeIgniter\CodeIgniter->handleRequest(null, Object(Config\Cache), false)
 4 FCPATH\index.php(67): CodeIgniter\CodeIgniter->run()
CRITICAL - 2023-03-23 04:06:57 --> Call to undefined function App\Controllers\pstat_of_install()
in APPPATH\Controllers\Fees_and_payments.php on line 1974.
 1 SYSTEMPATH\CodeIgniter.php(934): App\Controllers\Fees_and_payments->update_pay()
 2 SYSTEMPATH\CodeIgniter.php(499): CodeIgniter\CodeIgniter->runController(Object(App\Controllers\Fees_and_payments))
 3 SYSTEMPATH\CodeIgniter.php(368): CodeIgniter\CodeIgniter->handleRequest(null, Object(Config\Cache), false)
 4 FCPATH\index.php(67): CodeIgniter\CodeIgniter->run()
CRITICAL - 2023-03-23 04:10:44 --> Undefined variable $l
in APPPATH\Controllers\Fees_and_payments.php on line 1986.
 1 APPPATH\Controllers\Fees_and_payments.php(1986): CodeIgniter\Debug\Exceptions->errorHandler(2, 'Undefined variable $l', 'APPPATH\\Controllers\\Fees_and_payments.php', 1986)
 2 SYSTEMPATH\CodeIgniter.php(934): App\Controllers\Fees_and_payments->update_pay()
 3 SYSTEMPATH\CodeIgniter.php(499): CodeIgniter\CodeIgniter->runController(Object(App\Controllers\Fees_and_payments))
 4 SYSTEMPATH\CodeIgniter.php(368): CodeIgniter\CodeIgniter->handleRequest(null, Object(Config\Cache), false)
 5 FCPATH\index.php(67): CodeIgniter\CodeIgniter->run()
CRITICAL - 2023-03-23 08:49:53 --> Call to undefined function App\Controllers\pstat_of_install()
in APPPATH\Controllers\Fees_and_payments.php on line 1957.
 1 SYSTEMPATH\CodeIgniter.php(934): App\Controllers\Fees_and_payments->update_pay()
 2 SYSTEMPATH\CodeIgniter.php(499): CodeIgniter\CodeIgniter->runController(Object(App\Controllers\Fees_and_payments))
 3 SYSTEMPATH\CodeIgniter.php(368): CodeIgniter\CodeIgniter->handleRequest(null, Object(Config\Cache), false)
 4 FCPATH\index.php(67): CodeIgniter\CodeIgniter->run()
CRITICAL - 2023-03-23 08:51:07 --> Call to undefined function App\Controllers\pstat_of_install()
in APPPATH\Controllers\Fees_and_payments.php on line 1957.
 1 SYSTEMPATH\CodeIgniter.php(934): App\Controllers\Fees_and_payments->update_pay()
 2 SYSTEMPATH\CodeIgniter.php(499): CodeIgniter\CodeIgniter->runController(Object(App\Controllers\Fees_and_payments))
 3 SYSTEMPATH\CodeIgniter.php(368): CodeIgniter\CodeIgniter->handleRequest(null, Object(Config\Cache), false)
 4 FCPATH\index.php(67): CodeIgniter\CodeIgniter->run()
CRITICAL - 2023-03-23 08:51:36 --> Call to undefined function App\Controllers\pstat_of_install()
in APPPATH\Controllers\Fees_and_payments.php on line 1957.
 1 SYSTEMPATH\CodeIgniter.php(934): App\Controllers\Fees_and_payments->update_pay()
 2 SYSTEMPATH\CodeIgniter.php(499): CodeIgniter\CodeIgniter->runController(Object(App\Controllers\Fees_and_payments))
 3 SYSTEMPATH\CodeIgniter.php(368): CodeIgniter\CodeIgniter->handleRequest(null, Object(Config\Cache), false)
 4 FCPATH\index.php(67): CodeIgniter\CodeIgniter->run()
CRITICAL - 2023-03-23 08:52:30 --> Call to undefined function App\Controllers\pstat_of_install()
in APPPATH\Controllers\Fees_and_payments.php on line 1957.
 1 SYSTEMPATH\CodeIgniter.php(934): App\Controllers\Fees_and_payments->update_pay()
 2 SYSTEMPATH\CodeIgniter.php(499): CodeIgniter\CodeIgniter->runController(Object(App\Controllers\Fees_and_payments))
 3 SYSTEMPATH\CodeIgniter.php(368): CodeIgniter\CodeIgniter->handleRequest(null, Object(Config\Cache), false)
 4 FCPATH\index.php(67): CodeIgniter\CodeIgniter->run()
CRITICAL - 2023-03-23 08:54:15 --> Call to undefined function App\Controllers\pstat_of_install()
in APPPATH\Controllers\Fees_and_payments.php on line 1957.
 1 SYSTEMPATH\CodeIgniter.php(934): App\Controllers\Fees_and_payments->update_pay()
 2 SYSTEMPATH\CodeIgniter.php(499): CodeIgniter\CodeIgniter->runController(Object(App\Controllers\Fees_and_payments))
 3 SYSTEMPATH\CodeIgniter.php(368): CodeIgniter\CodeIgniter->handleRequest(null, Object(Config\Cache), false)
 4 FCPATH\index.php(67): CodeIgniter\CodeIgniter->run()
CRITICAL - 2023-03-23 08:54:18 --> Call to undefined function App\Controllers\pstat_of_install()
in APPPATH\Controllers\Fees_and_payments.php on line 1957.
 1 SYSTEMPATH\CodeIgniter.php(934): App\Controllers\Fees_and_payments->update_pay()
 2 SYSTEMPATH\CodeIgniter.php(499): CodeIgniter\CodeIgniter->runController(Object(App\Controllers\Fees_and_payments))
 3 SYSTEMPATH\CodeIgniter.php(368): CodeIgniter\CodeIgniter->handleRequest(null, Object(Config\Cache), false)
 4 FCPATH\index.php(67): CodeIgniter\CodeIgniter->run()
CRITICAL - 2023-03-23 10:13:09 --> Undefined variable $ins_id
in APPPATH\Controllers\Fees_and_payments.php on line 483.
 1 APPPATH\Controllers\Fees_and_payments.php(483): CodeIgniter\Debug\Exceptions->errorHandler(2, 'Undefined variable $ins_id', 'APPPATH\\Controllers\\Fees_and_payments.php', 483)
 2 SYSTEMPATH\CodeIgniter.php(934): App\Controllers\Fees_and_payments->generate_invoices('290', '[object Object]')
 3 SYSTEMPATH\CodeIgniter.php(499): CodeIgniter\CodeIgniter->runController(Object(App\Controllers\Fees_and_payments))
 4 SYSTEMPATH\CodeIgniter.php(368): CodeIgniter\CodeIgniter->handleRequest(null, Object(Config\Cache), false)
 5 FCPATH\index.php(67): CodeIgniter\CodeIgniter->run()
CRITICAL - 2023-03-23 10:15:21 --> Undefined variable $ins_id
in APPPATH\Controllers\Fees_and_payments.php on line 483.
 1 APPPATH\Controllers\Fees_and_payments.php(483): CodeIgniter\Debug\Exceptions->errorHandler(2, 'Undefined variable $ins_id', 'APPPATH\\Controllers\\Fees_and_payments.php', 483)
 2 SYSTEMPATH\CodeIgniter.php(934): App\Controllers\Fees_and_payments->generate_invoices('290', '[object Object]')
 3 SYSTEMPATH\CodeIgniter.php(499): CodeIgniter\CodeIgniter->runController(Object(App\Controllers\Fees_and_payments))
 4 SYSTEMPATH\CodeIgniter.php(368): CodeIgniter\CodeIgniter->handleRequest(null, Object(Config\Cache), false)
 5 FCPATH\index.php(67): CodeIgniter\CodeIgniter->run()
CRITICAL - 2023-03-23 11:24:31 --> Class "App\Controllers\Classtablemodel" not found
in APPPATH\Controllers\Users.php on line 140.
 1 SYSTEMPATH\CodeIgniter.php(934): App\Controllers\Users->student_suggestions('sdsaSAs')
 2 SYSTEMPATH\CodeIgniter.php(499): CodeIgniter\CodeIgniter->runController(Object(App\Controllers\Users))
 3 SYSTEMPATH\CodeIgniter.php(368): CodeIgniter\CodeIgniter->handleRequest(null, Object(Config\Cache), false)
 4 FCPATH\index.php(67): CodeIgniter\CodeIgniter->run()
CRITICAL - 2023-03-23 11:26:09 --> Call to undefined function App\Controllers\is_organisation()
in APPPATH\Controllers\Users.php on line 165.
 1 SYSTEMPATH\CodeIgniter.php(934): App\Controllers\Users->get_unpaid_fees_of_student('2645')
 2 SYSTEMPATH\CodeIgniter.php(499): CodeIgniter\CodeIgniter->runController(Object(App\Controllers\Users))
 3 SYSTEMPATH\CodeIgniter.php(368): CodeIgniter\CodeIgniter->handleRequest(null, Object(Config\Cache), false)
 4 FCPATH\index.php(67): CodeIgniter\CodeIgniter->run()
CRITICAL - 2023-03-23 11:26:10 --> Call to undefined function App\Controllers\is_organisation()
in APPPATH\Controllers\Users.php on line 165.
 1 SYSTEMPATH\CodeIgniter.php(934): App\Controllers\Users->get_unpaid_fees_of_student('2645')
 2 SYSTEMPATH\CodeIgniter.php(499): CodeIgniter\CodeIgniter->runController(Object(App\Controllers\Users))
 3 SYSTEMPATH\CodeIgniter.php(368): CodeIgniter\CodeIgniter->handleRequest(null, Object(Config\Cache), false)
 4 FCPATH\index.php(67): CodeIgniter\CodeIgniter->run()
CRITICAL - 2023-03-23 11:26:22 --> Call to undefined function App\Controllers\is_organisation()
in APPPATH\Controllers\Users.php on line 165.
 1 SYSTEMPATH\CodeIgniter.php(934): App\Controllers\Users->get_unpaid_fees_of_student('2645')
 2 SYSTEMPATH\CodeIgniter.php(499): CodeIgniter\CodeIgniter->runController(Object(App\Controllers\Users))
 3 SYSTEMPATH\CodeIgniter.php(368): CodeIgniter\CodeIgniter->handleRequest(null, Object(Config\Cache), false)
 4 FCPATH\index.php(67): CodeIgniter\CodeIgniter->run()
CRITICAL - 2023-03-23 11:29:21 --> Call to undefined function App\Controllers\is_organisation()
in APPPATH\Controllers\Users.php on line 165.
 1 SYSTEMPATH\CodeIgniter.php(934): App\Controllers\Users->get_unpaid_fees_of_student('2645')
 2 SYSTEMPATH\CodeIgniter.php(499): CodeIgniter\CodeIgniter->runController(Object(App\Controllers\Users))
 3 SYSTEMPATH\CodeIgniter.php(368): CodeIgniter\CodeIgniter->handleRequest(null, Object(Config\Cache), false)
 4 FCPATH\index.php(67): CodeIgniter\CodeIgniter->run()
CRITICAL - 2023-03-23 11:29:26 --> Call to undefined function App\Controllers\is_organisation()
in APPPATH\Controllers\Users.php on line 165.
 1 SYSTEMPATH\CodeIgniter.php(934): App\Controllers\Users->get_unpaid_fees_of_student('2645')
 2 SYSTEMPATH\CodeIgniter.php(499): CodeIgniter\CodeIgniter->runController(Object(App\Controllers\Users))
 3 SYSTEMPATH\CodeIgniter.php(368): CodeIgniter\CodeIgniter->handleRequest(null, Object(Config\Cache), false)
 4 FCPATH\index.php(67): CodeIgniter\CodeIgniter->run()
CRITICAL - 2023-03-23 11:39:32 --> Class "App\Controllers\FeesModel" not found
in APPPATH\Controllers\Users.php on line 229.
 1 SYSTEMPATH\CodeIgniter.php(934): App\Controllers\Users->get_all_standard_fees_of_student('2645')
 2 SYSTEMPATH\CodeIgniter.php(499): CodeIgniter\CodeIgniter->runController(Object(App\Controllers\Users))
 3 SYSTEMPATH\CodeIgniter.php(368): CodeIgniter\CodeIgniter->handleRequest(null, Object(Config\Cache), false)
 4 FCPATH\index.php(67): CodeIgniter\CodeIgniter->run()
CRITICAL - 2023-03-23 11:39:33 --> Class "App\Controllers\FeesModel" not found
in APPPATH\Controllers\Users.php on line 229.
 1 SYSTEMPATH\CodeIgniter.php(934): App\Controllers\Users->get_all_standard_fees_of_student('2645')
 2 SYSTEMPATH\CodeIgniter.php(499): CodeIgniter\CodeIgniter->runController(Object(App\Controllers\Users))
 3 SYSTEMPATH\CodeIgniter.php(368): CodeIgniter\CodeIgniter->handleRequest(null, Object(Config\Cache), false)
 4 FCPATH\index.php(67): CodeIgniter\CodeIgniter->run()
CRITICAL - 2023-03-23 11:39:44 --> Class "App\Controllers\FeesModel" not found
in APPPATH\Controllers\Users.php on line 229.
 1 SYSTEMPATH\CodeIgniter.php(934): App\Controllers\Users->get_all_standard_fees_of_student('2645')
 2 SYSTEMPATH\CodeIgniter.php(499): CodeIgniter\CodeIgniter->runController(Object(App\Controllers\Users))
 3 SYSTEMPATH\CodeIgniter.php(368): CodeIgniter\CodeIgniter->handleRequest(null, Object(Config\Cache), false)
 4 FCPATH\index.php(67): CodeIgniter\CodeIgniter->run()
CRITICAL - 2023-03-23 11:39:46 --> Class "App\Controllers\FeesModel" not found
in APPPATH\Controllers\Users.php on line 229.
 1 SYSTEMPATH\CodeIgniter.php(934): App\Controllers\Users->get_all_standard_fees_of_student('2645')
 2 SYSTEMPATH\CodeIgniter.php(499): CodeIgniter\CodeIgniter->runController(Object(App\Controllers\Users))
 3 SYSTEMPATH\CodeIgniter.php(368): CodeIgniter\CodeIgniter->handleRequest(null, Object(Config\Cache), false)
 4 FCPATH\index.php(67): CodeIgniter\CodeIgniter->run()
CRITICAL - 2023-03-23 11:39:52 --> Class "App\Controllers\FeesModel" not found
in APPPATH\Controllers\Users.php on line 229.
 1 SYSTEMPATH\CodeIgniter.php(934): App\Controllers\Users->get_all_standard_fees_of_student('2645')
 2 SYSTEMPATH\CodeIgniter.php(499): CodeIgniter\CodeIgniter->runController(Object(App\Controllers\Users))
 3 SYSTEMPATH\CodeIgniter.php(368): CodeIgniter\CodeIgniter->handleRequest(null, Object(Config\Cache), false)
 4 FCPATH\index.php(67): CodeIgniter\CodeIgniter->run()
CRITICAL - 2023-03-23 11:40:08 --> Class "App\Controllers\FeesModel" not found
in APPPATH\Controllers\Users.php on line 229.
 1 SYSTEMPATH\CodeIgniter.php(934): App\Controllers\Users->get_all_standard_fees_of_student('2645')
 2 SYSTEMPATH\CodeIgniter.php(499): CodeIgniter\CodeIgniter->runController(Object(App\Controllers\Users))
 3 SYSTEMPATH\CodeIgniter.php(368): CodeIgniter\CodeIgniter->handleRequest(null, Object(Config\Cache), false)
 4 FCPATH\index.php(67): CodeIgniter\CodeIgniter->run()
CRITICAL - 2023-03-23 11:40:15 --> Class "App\Controllers\FeesModel" not found
in APPPATH\Controllers\Users.php on line 229.
 1 SYSTEMPATH\CodeIgniter.php(934): App\Controllers\Users->get_all_standard_fees_of_student('2645')
 2 SYSTEMPATH\CodeIgniter.php(499): CodeIgniter\CodeIgniter->runController(Object(App\Controllers\Users))
 3 SYSTEMPATH\CodeIgniter.php(368): CodeIgniter\CodeIgniter->handleRequest(null, Object(Config\Cache), false)
 4 FCPATH\index.php(67): CodeIgniter\CodeIgniter->run()
CRITICAL - 2023-03-23 11:44:46 --> Call to undefined function App\Controllers\get_product_data()
in APPPATH\Controllers\Fees_and_payments.php on line 455.
 1 SYSTEMPATH\CodeIgniter.php(934): App\Controllers\Fees_and_payments->generate_invoices('288', '2645')
 2 SYSTEMPATH\CodeIgniter.php(499): CodeIgniter\CodeIgniter->runController(Object(App\Controllers\Fees_and_payments))
 3 SYSTEMPATH\CodeIgniter.php(368): CodeIgniter\CodeIgniter->handleRequest(null, Object(Config\Cache), false)
 4 FCPATH\index.php(67): CodeIgniter\CodeIgniter->run()
CRITICAL - 2023-03-23 11:51:03 --> Call to undefined function App\Controllers\is_organisation()
in APPPATH\Controllers\Fees_and_payments.php on line 229.
 1 SYSTEMPATH\CodeIgniter.php(934): App\Controllers\Fees_and_payments->generate_invoices_for_transport('281', '2645', '47')
 2 SYSTEMPATH\CodeIgniter.php(499): CodeIgniter\CodeIgniter->runController(Object(App\Controllers\Fees_and_payments))
 3 SYSTEMPATH\CodeIgniter.php(368): CodeIgniter\CodeIgniter->handleRequest(null, Object(Config\Cache), false)
 4 FCPATH\index.php(67): CodeIgniter\CodeIgniter->run()
CRITICAL - 2023-03-23 11:51:29 --> Call to undefined function App\Controllers\is_organisation()
in APPPATH\Controllers\Fees_and_payments.php on line 229.
 1 SYSTEMPATH\CodeIgniter.php(934): App\Controllers\Fees_and_payments->generate_invoices_for_transport('283', '2645', '47')
 2 SYSTEMPATH\CodeIgniter.php(499): CodeIgniter\CodeIgniter->runController(Object(App\Controllers\Fees_and_payments))
 3 SYSTEMPATH\CodeIgniter.php(368): CodeIgniter\CodeIgniter->handleRequest(null, Object(Config\Cache), false)
 4 FCPATH\index.php(67): CodeIgniter\CodeIgniter->run()
CRITICAL - 2023-03-23 12:01:34 --> Call to undefined function App\Controllers\is_organisation()
in APPPATH\Controllers\Fees_and_payments.php on line 229.
 1 SYSTEMPATH\CodeIgniter.php(934): App\Controllers\Fees_and_payments->generate_invoices_for_transport('291', '2645', '47')
 2 SYSTEMPATH\CodeIgniter.php(499): CodeIgniter\CodeIgniter->runController(Object(App\Controllers\Fees_and_payments))
 3 SYSTEMPATH\CodeIgniter.php(368): CodeIgniter\CodeIgniter->handleRequest(null, Object(Config\Cache), false)
 4 FCPATH\index.php(67): CodeIgniter\CodeIgniter->run()
CRITICAL - 2023-03-23 12:03:18 --> Call to undefined function App\Controllers\get_product_data()
in APPPATH\Controllers\Fees_and_payments.php on line 307.
 1 SYSTEMPATH\CodeIgniter.php(934): App\Controllers\Fees_and_payments->generate_invoices_for_transport('291', '2645', '47')
 2 SYSTEMPATH\CodeIgniter.php(499): CodeIgniter\CodeIgniter->runController(Object(App\Controllers\Fees_and_payments))
 3 SYSTEMPATH\CodeIgniter.php(368): CodeIgniter\CodeIgniter->handleRequest(null, Object(Config\Cache), false)
 4 FCPATH\index.php(67): CodeIgniter\CodeIgniter->run()
CRITICAL - 2023-03-23 12:05:31 --> Call to undefined function App\Controllers\get_product_data()
in APPPATH\Controllers\Fees_and_payments.php on line 307.
 1 SYSTEMPATH\CodeIgniter.php(934): App\Controllers\Fees_and_payments->generate_invoices_for_transport('291', '2645', '47')
 2 SYSTEMPATH\CodeIgniter.php(499): CodeIgniter\CodeIgniter->runController(Object(App\Controllers\Fees_and_payments))
 3 SYSTEMPATH\CodeIgniter.php(368): CodeIgniter\CodeIgniter->handleRequest(null, Object(Config\Cache), false)
 4 FCPATH\index.php(67): CodeIgniter\CodeIgniter->run()
CRITICAL - 2023-03-23 12:06:19 --> Call to undefined function App\Controllers\get_product_data()
in APPPATH\Controllers\Fees_and_payments.php on line 307.
 1 SYSTEMPATH\CodeIgniter.php(934): App\Controllers\Fees_and_payments->generate_invoices_for_transport('291', '2645', '47')
 2 SYSTEMPATH\CodeIgniter.php(499): CodeIgniter\CodeIgniter->runController(Object(App\Controllers\Fees_and_payments))
 3 SYSTEMPATH\CodeIgniter.php(368): CodeIgniter\CodeIgniter->handleRequest(null, Object(Config\Cache), false)
 4 FCPATH\index.php(67): CodeIgniter\CodeIgniter->run()
CRITICAL - 2023-03-23 12:07:07 --> Call to undefined function App\Controllers\get_product_data()
in APPPATH\Controllers\Fees_and_payments.php on line 307.
 1 SYSTEMPATH\CodeIgniter.php(934): App\Controllers\Fees_and_payments->generate_invoices_for_transport('291', '2645', '47')
 2 SYSTEMPATH\CodeIgniter.php(499): CodeIgniter\CodeIgniter->runController(Object(App\Controllers\Fees_and_payments))
 3 SYSTEMPATH\CodeIgniter.php(368): CodeIgniter\CodeIgniter->handleRequest(null, Object(Config\Cache), false)
 4 FCPATH\index.php(67): CodeIgniter\CodeIgniter->run()
CRITICAL - 2023-03-23 12:32:31 --> Call to undefined function App\Controllers\get_product_data()
in APPPATH\Controllers\Fees_and_payments.php on line 307.
 1 SYSTEMPATH\CodeIgniter.php(934): App\Controllers\Fees_and_payments->generate_invoices_for_transport('291', '2645', '47')
 2 SYSTEMPATH\CodeIgniter.php(499): CodeIgniter\CodeIgniter->runController(Object(App\Controllers\Fees_and_payments))
 3 SYSTEMPATH\CodeIgniter.php(368): CodeIgniter\CodeIgniter->handleRequest(null, Object(Config\Cache), false)
 4 FCPATH\index.php(67): CodeIgniter\CodeIgniter->run()
CRITICAL - 2023-03-23 12:35:26 --> Call to undefined function App\Controllers\get_product_data()
in APPPATH\Controllers\Fees_and_payments.php on line 307.
 1 SYSTEMPATH\CodeIgniter.php(934): App\Controllers\Fees_and_payments->generate_invoices_for_transport('291', '2645', '47')
 2 SYSTEMPATH\CodeIgniter.php(499): CodeIgniter\CodeIgniter->runController(Object(App\Controllers\Fees_and_payments))
 3 SYSTEMPATH\CodeIgniter.php(368): CodeIgniter\CodeIgniter->handleRequest(null, Object(Config\Cache), false)
 4 FCPATH\index.php(67): CodeIgniter\CodeIgniter->run()
CRITICAL - 2023-03-23 12:37:16 --> Call to undefined function App\Controllers\get_product_data()
in APPPATH\Controllers\Fees_and_payments.php on line 307.
 1 SYSTEMPATH\CodeIgniter.php(934): App\Controllers\Fees_and_payments->generate_invoices_for_transport('291', '2645', '47')
 2 SYSTEMPATH\CodeIgniter.php(499): CodeIgniter\CodeIgniter->runController(Object(App\Controllers\Fees_and_payments))
 3 SYSTEMPATH\CodeIgniter.php(368): CodeIgniter\CodeIgniter->handleRequest(null, Object(Config\Cache), false)
 4 FCPATH\index.php(67): CodeIgniter\CodeIgniter->run()
CRITICAL - 2023-03-23 12:49:56 --> Call to undefined function App\Controllers\get_product_data()
in APPPATH\Controllers\Fees_and_payments.php on line 307.
 1 SYSTEMPATH\CodeIgniter.php(934): App\Controllers\Fees_and_payments->generate_invoices_for_transport('291', '2645', '47')
 2 SYSTEMPATH\CodeIgniter.php(499): CodeIgniter\CodeIgniter->runController(Object(App\Controllers\Fees_and_payments))
 3 SYSTEMPATH\CodeIgniter.php(368): CodeIgniter\CodeIgniter->handleRequest(null, Object(Config\Cache), false)
 4 FCPATH\index.php(67): CodeIgniter\CodeIgniter->run()
CRITICAL - 2023-03-23 12:51:28 --> Call to undefined function App\Controllers\get_product_data()
in APPPATH\Controllers\Fees_and_payments.php on line 307.
 1 SYSTEMPATH\CodeIgniter.php(934): App\Controllers\Fees_and_payments->generate_invoices_for_transport('291', '2645', '47')
 2 SYSTEMPATH\CodeIgniter.php(499): CodeIgniter\CodeIgniter->runController(Object(App\Controllers\Fees_and_payments))
 3 SYSTEMPATH\CodeIgniter.php(368): CodeIgniter\CodeIgniter->handleRequest(null, Object(Config\Cache), false)
 4 FCPATH\index.php(67): CodeIgniter\CodeIgniter->run()
CRITICAL - 2023-03-23 12:54:30 --> syntax error, unexpected token "public"
in APPPATH\Controllers\Fees_and_payments.php on line 235.
 1 SYSTEMPATH\Autoloader\Autoloader.php(289): CodeIgniter\Autoloader\Autoloader->includeFile('APPPATH\\Controllers\\Fees_and_payments.php')
 2 SYSTEMPATH\Autoloader\Autoloader.php(267): CodeIgniter\Autoloader\Autoloader->loadInNamespace('App\\Controllers\\Fees_and_payments')
 3 [internal function]: CodeIgniter\Autoloader\Autoloader->loadClass('App\\Controllers\\Fees_and_payments')
 4 SYSTEMPATH\CodeIgniter.php(892): class_exists('\\App\\Controllers\\Fees_and_payments', true)
 5 SYSTEMPATH\CodeIgniter.php(486): CodeIgniter\CodeIgniter->startController()
 6 SYSTEMPATH\CodeIgniter.php(368): CodeIgniter\CodeIgniter->handleRequest(null, Object(Config\Cache), false)
 7 FCPATH\index.php(67): CodeIgniter\CodeIgniter->run()
CRITICAL - 2023-03-23 12:54:40 --> syntax error, unexpected token "public"
in APPPATH\Controllers\Fees_and_payments.php on line 235.
 1 SYSTEMPATH\Autoloader\Autoloader.php(289): CodeIgniter\Autoloader\Autoloader->includeFile('APPPATH\\Controllers\\Fees_and_payments.php')
 2 SYSTEMPATH\Autoloader\Autoloader.php(267): CodeIgniter\Autoloader\Autoloader->loadInNamespace('App\\Controllers\\Fees_and_payments')
 3 [internal function]: CodeIgniter\Autoloader\Autoloader->loadClass('App\\Controllers\\Fees_and_payments')
 4 SYSTEMPATH\CodeIgniter.php(892): class_exists('\\App\\Controllers\\Fees_and_payments', true)
 5 SYSTEMPATH\CodeIgniter.php(486): CodeIgniter\CodeIgniter->startController()
 6 SYSTEMPATH\CodeIgniter.php(368): CodeIgniter\CodeIgniter->handleRequest(null, Object(Config\Cache), false)
 7 FCPATH\index.php(67): CodeIgniter\CodeIgniter->run()
CRITICAL - 2023-03-23 12:59:23 --> Undefined variable $ins_id
in APPPATH\Controllers\Fees_and_payments.php on line 252.
 1 APPPATH\Controllers\Fees_and_payments.php(252): CodeIgniter\Debug\Exceptions->errorHandler(2, 'Undefined variable $ins_id', 'APPPATH\\Controllers\\Fees_and_payments.php', 252)
 2 SYSTEMPATH\CodeIgniter.php(934): App\Controllers\Fees_and_payments->generate_invoices_for_transport('291', '2645', '47')
 3 SYSTEMPATH\CodeIgniter.php(499): CodeIgniter\CodeIgniter->runController(Object(App\Controllers\Fees_and_payments))
 4 SYSTEMPATH\CodeIgniter.php(368): CodeIgniter\CodeIgniter->handleRequest(null, Object(Config\Cache), false)
 5 FCPATH\index.php(67): CodeIgniter\CodeIgniter->run()
CRITICAL - 2023-03-23 12:59:38 --> Undefined variable $ins_id
in APPPATH\Controllers\Fees_and_payments.php on line 252.
 1 APPPATH\Controllers\Fees_and_payments.php(252): CodeIgniter\Debug\Exceptions->errorHandler(2, 'Undefined variable $ins_id', 'APPPATH\\Controllers\\Fees_and_payments.php', 252)
 2 SYSTEMPATH\CodeIgniter.php(934): App\Controllers\Fees_and_payments->generate_invoices_for_transport('291', '2645', '47')
 3 SYSTEMPATH\CodeIgniter.php(499): CodeIgniter\CodeIgniter->runController(Object(App\Controllers\Fees_and_payments))
 4 SYSTEMPATH\CodeIgniter.php(368): CodeIgniter\CodeIgniter->handleRequest(null, Object(Config\Cache), false)
 5 FCPATH\index.php(67): CodeIgniter\CodeIgniter->run()
CRITICAL - 2023-03-23 12:59:40 --> Undefined variable $ins_id
in APPPATH\Controllers\Fees_and_payments.php on line 252.
 1 APPPATH\Controllers\Fees_and_payments.php(252): CodeIgniter\Debug\Exceptions->errorHandler(2, 'Undefined variable $ins_id', 'APPPATH\\Controllers\\Fees_and_payments.php', 252)
 2 SYSTEMPATH\CodeIgniter.php(934): App\Controllers\Fees_and_payments->generate_invoices_for_transport('291', '2645', '47')
 3 SYSTEMPATH\CodeIgniter.php(499): CodeIgniter\CodeIgniter->runController(Object(App\Controllers\Fees_and_payments))
 4 SYSTEMPATH\CodeIgniter.php(368): CodeIgniter\CodeIgniter->handleRequest(null, Object(Config\Cache), false)
 5 FCPATH\index.php(67): CodeIgniter\CodeIgniter->run()
CRITICAL - 2023-03-23 13:03:32 --> syntax error, unexpected token "else", expecting "function" or "const"
in APPPATH\Controllers\Fees_and_payments.php on line 313.
 1 SYSTEMPATH\Autoloader\Autoloader.php(289): CodeIgniter\Autoloader\Autoloader->includeFile('APPPATH\\Controllers\\Fees_and_payments.php')
 2 SYSTEMPATH\Autoloader\Autoloader.php(267): CodeIgniter\Autoloader\Autoloader->loadInNamespace('App\\Controllers\\Fees_and_payments')
 3 [internal function]: CodeIgniter\Autoloader\Autoloader->loadClass('App\\Controllers\\Fees_and_payments')
 4 SYSTEMPATH\CodeIgniter.php(892): class_exists('\\App\\Controllers\\Fees_and_payments', true)
 5 SYSTEMPATH\CodeIgniter.php(486): CodeIgniter\CodeIgniter->startController()
 6 SYSTEMPATH\CodeIgniter.php(368): CodeIgniter\CodeIgniter->handleRequest(null, Object(Config\Cache), false)
 7 FCPATH\index.php(67): CodeIgniter\CodeIgniter->run()
CRITICAL - 2023-03-23 13:15:18 --> Call to undefined function App\Controllers\get_product_data()
in APPPATH\Controllers\Fees_and_payments.php on line 295.
 1 SYSTEMPATH\CodeIgniter.php(934): App\Controllers\Fees_and_payments->generate_invoices_for_transport('291', '2645', '47')
 2 SYSTEMPATH\CodeIgniter.php(499): CodeIgniter\CodeIgniter->runController(Object(App\Controllers\Fees_and_payments))
 3 SYSTEMPATH\CodeIgniter.php(368): CodeIgniter\CodeIgniter->handleRequest(null, Object(Config\Cache), false)
 4 FCPATH\index.php(67): CodeIgniter\CodeIgniter->run()
CRITICAL - 2023-03-23 13:21:26 --> Undefined array key 47
in APPPATH\Helpers\apanel_helper.php on line 4557.
 1 APPPATH\Helpers\apanel_helper.php(4557): CodeIgniter\Debug\Exceptions->errorHandler(2, 'Undefined array key 47', 'APPPATH\\Helpers\\apanel_helper.php', 4557)
 2 APPPATH\Controllers\Fees_and_payments.php(295): get_products_data('1', '47', 'product_name')
 3 SYSTEMPATH\CodeIgniter.php(934): App\Controllers\Fees_and_payments->generate_invoices_for_transport('291', '2645', '47')
 4 SYSTEMPATH\CodeIgniter.php(499): CodeIgniter\CodeIgniter->runController(Object(App\Controllers\Fees_and_payments))
 5 SYSTEMPATH\CodeIgniter.php(368): CodeIgniter\CodeIgniter->handleRequest(null, Object(Config\Cache), false)
 6 FCPATH\index.php(67): CodeIgniter\CodeIgniter->run()
