CRITICAL - 2023-07-13 04:28:43 --> Invalid file: "fees/collected_transport_report.php"
in SYSTEMPATH\Exceptions\FrameworkException.php on line 33.
 1 SYSTEMPATH\View\View.php(201): CodeIgniter\Exceptions\FrameworkException::forInvalidFile('fees/collected_transport_report.php')
 2 SYSTEMPATH\Common.php(1184): CodeIgniter\View\View->render('fees/collected_transport_report', [], true)
 3 APPPATH\Controllers\Fees_and_payments.php(3127): view('fees/collected_transport_report', [...])
 4 SYSTEMPATH\CodeIgniter.php(934): App\Controllers\Fees_and_payments->collected_transport_report()
 5 SYSTEMPATH\CodeIgniter.php(499): CodeIgniter\CodeIgniter->runController(Object(App\Controllers\Fees_and_payments))
 6 SYSTEMPATH\CodeIgniter.php(368): CodeIgniter\CodeIgniter->handleRequest(null, Object(Config\Cache), false)
 7 FCPATH\index.php(67): CodeIgniter\CodeIgniter->run()
CRITICAL - 2023-07-13 04:46:34 --> Undefined variable $all_invoices
in APPPATH\Views\fees\collected_transport_report.php on line 147.
 1 APPPATH\Views\fees\collected_transport_report.php(147): CodeIgniter\Debug\Exceptions->errorHandler(2, 'Undefined variable $all_invoices', 'APPPATH\\Views\\fees\\collected_transport_report.php', 147)
 2 SYSTEMPATH\View\View.php(213): include('APPPATH\\Views\\fees\\collected_transport_report.php')
 3 SYSTEMPATH\View\View.php(216): CodeIgniter\View\View->CodeIgniter\View\{closure}()
 4 SYSTEMPATH\Common.php(1184): CodeIgniter\View\View->render('fees/collected_transport_report', [], true)
 5 APPPATH\Controllers\Fees_and_payments.php(3119): view('fees/collected_transport_report')
 6 SYSTEMPATH\CodeIgniter.php(934): App\Controllers\Fees_and_payments->collected_transport_report()
 7 SYSTEMPATH\CodeIgniter.php(499): CodeIgniter\CodeIgniter->runController(Object(App\Controllers\Fees_and_payments))
 8 SYSTEMPATH\CodeIgniter.php(368): CodeIgniter\CodeIgniter->handleRequest(null, Object(Config\Cache), false)
 9 FCPATH\index.php(67): CodeIgniter\CodeIgniter->run()
CRITICAL - 2023-07-13 04:51:21 --> Undefined array key "fees_name"
in APPPATH\Views\fees\collected_transport_report.php on line 137.
 1 APPPATH\Views\fees\collected_transport_report.php(137): CodeIgniter\Debug\Exceptions->errorHandler(2, 'Undefined array key "fees_name"', 'APPPATH\\Views\\fees\\collected_transport_report.php', 137)
 2 SYSTEMPATH\View\View.php(213): include('APPPATH\\Views\\fees\\collected_transport_report.php')
 3 SYSTEMPATH\View\View.php(216): CodeIgniter\View\View->CodeIgniter\View\{closure}()
 4 SYSTEMPATH\Common.php(1184): CodeIgniter\View\View->render('fees/collected_transport_report', [], true)
 5 APPPATH\Controllers\Fees_and_payments.php(3119): view('fees/collected_transport_report')
 6 SYSTEMPATH\CodeIgniter.php(934): App\Controllers\Fees_and_payments->collected_transport_report()
 7 SYSTEMPATH\CodeIgniter.php(499): CodeIgniter\CodeIgniter->runController(Object(App\Controllers\Fees_and_payments))
 8 SYSTEMPATH\CodeIgniter.php(368): CodeIgniter\CodeIgniter->handleRequest(null, Object(Config\Cache), false)
 9 FCPATH\index.php(67): CodeIgniter\CodeIgniter->run()
CRITICAL - 2023-07-13 05:16:04 --> Undefined array key "fees_name"
in APPPATH\Views\fees\collected_transport_report.php on line 137.
 1 APPPATH\Views\fees\collected_transport_report.php(137): CodeIgniter\Debug\Exceptions->errorHandler(2, 'Undefined array key "fees_name"', 'APPPATH\\Views\\fees\\collected_transport_report.php', 137)
 2 SYSTEMPATH\View\View.php(213): include('APPPATH\\Views\\fees\\collected_transport_report.php')
 3 SYSTEMPATH\View\View.php(216): CodeIgniter\View\View->CodeIgniter\View\{closure}()
 4 SYSTEMPATH\Common.php(1184): CodeIgniter\View\View->render('fees/collected_transport_report', [], true)
 5 APPPATH\Controllers\Fees_and_payments.php(3117): view('fees/collected_transport_report')
 6 SYSTEMPATH\CodeIgniter.php(934): App\Controllers\Fees_and_payments->collected_transport_report()
 7 SYSTEMPATH\CodeIgniter.php(499): CodeIgniter\CodeIgniter->runController(Object(App\Controllers\Fees_and_payments))
 8 SYSTEMPATH\CodeIgniter.php(368): CodeIgniter\CodeIgniter->handleRequest(null, Object(Config\Cache), false)
 9 FCPATH\index.php(67): CodeIgniter\CodeIgniter->run()
CRITICAL - 2023-07-13 05:17:55 --> syntax error, unexpected variable "$PaymentsModel"
in APPPATH\Controllers\Fees_and_payments.php on line 3096.
 1 SYSTEMPATH\Autoloader\Autoloader.php(289): CodeIgniter\Autoloader\Autoloader->includeFile('APPPATH\\Controllers\\Fees_and_payments.php')
 2 SYSTEMPATH\Autoloader\Autoloader.php(267): CodeIgniter\Autoloader\Autoloader->loadInNamespace('App\\Controllers\\Fees_and_payments')
 3 [internal function]: CodeIgniter\Autoloader\Autoloader->loadClass('App\\Controllers\\Fees_and_payments')
 4 SYSTEMPATH\CodeIgniter.php(892): class_exists('\\App\\Controllers\\Fees_and_payments', true)
 5 SYSTEMPATH\CodeIgniter.php(486): CodeIgniter\CodeIgniter->startController()
 6 SYSTEMPATH\CodeIgniter.php(368): CodeIgniter\CodeIgniter->handleRequest(null, Object(Config\Cache), false)
 7 FCPATH\index.php(67): CodeIgniter\CodeIgniter->run()
CRITICAL - 2023-07-13 05:20:39 --> syntax error, unexpected variable "$PaymentsModel"
in APPPATH\Controllers\Fees_and_payments.php on line 3096.
 1 SYSTEMPATH\Autoloader\Autoloader.php(289): CodeIgniter\Autoloader\Autoloader->includeFile('APPPATH\\Controllers\\Fees_and_payments.php')
 2 SYSTEMPATH\Autoloader\Autoloader.php(267): CodeIgniter\Autoloader\Autoloader->loadInNamespace('App\\Controllers\\Fees_and_payments')
 3 [internal function]: CodeIgniter\Autoloader\Autoloader->loadClass('App\\Controllers\\Fees_and_payments')
 4 SYSTEMPATH\CodeIgniter.php(892): class_exists('\\App\\Controllers\\Fees_and_payments', true)
 5 SYSTEMPATH\CodeIgniter.php(486): CodeIgniter\CodeIgniter->startController()
 6 SYSTEMPATH\CodeIgniter.php(368): CodeIgniter\CodeIgniter->handleRequest(null, Object(Config\Cache), false)
 7 FCPATH\index.php(67): CodeIgniter\CodeIgniter->run()
CRITICAL - 2023-07-13 05:20:51 --> Undefined variable $PaymentsMode
in APPPATH\Controllers\Fees_and_payments.php on line 3095.
 1 APPPATH\Controllers\Fees_and_payments.php(3095): CodeIgniter\Debug\Exceptions->errorHandler(2, 'Undefined variable $PaymentsMode', 'APPPATH\\Controllers\\Fees_and_payments.php', 3095)
 2 SYSTEMPATH\CodeIgniter.php(934): App\Controllers\Fees_and_payments->collected_transport_report()
 3 SYSTEMPATH\CodeIgniter.php(499): CodeIgniter\CodeIgniter->runController(Object(App\Controllers\Fees_and_payments))
 4 SYSTEMPATH\CodeIgniter.php(368): CodeIgniter\CodeIgniter->handleRequest(null, Object(Config\Cache), false)
 5 FCPATH\index.php(67): CodeIgniter\CodeIgniter->run()
ERROR - 2023-07-13 05:21:03 --> mysqli_sql_exception: Column 'company_id' in where clause is ambiguous in C:\xampp\htdocs\SpriteGenix_app\system\Database\MySQLi\Connection.php:295
Stack trace:
#0 C:\xampp\htdocs\SpriteGenix_app\system\Database\MySQLi\Connection.php(295): mysqli->query('SELECT `payment...', 0)
#1 C:\xampp\htdocs\SpriteGenix_app\system\Database\BaseConnection.php(691): CodeIgniter\Database\MySQLi\Connection->execute('SELECT `payment...')
#2 C:\xampp\htdocs\SpriteGenix_app\system\Database\BaseConnection.php(605): CodeIgniter\Database\BaseConnection->simpleQuery('SELECT `payment...')
#3 C:\xampp\htdocs\SpriteGenix_app\system\Database\BaseBuilder.php(1616): CodeIgniter\Database\BaseConnection->query('SELECT `payment...', Array, false)
#4 C:\xampp\htdocs\SpriteGenix_app\system\Model.php(241): CodeIgniter\Database\BaseBuilder->get()
#5 C:\xampp\htdocs\SpriteGenix_app\system\BaseModel.php(618): CodeIgniter\Model->doFindAll(0, 0)
#6 C:\xampp\htdocs\SpriteGenix_app\app\Controllers\Fees_and_payments.php(3103): CodeIgniter\BaseModel->findAll()
#7 C:\xampp\htdocs\SpriteGenix_app\system\CodeIgniter.php(934): App\Controllers\Fees_and_payments->collected_transport_report()
#8 C:\xampp\htdocs\SpriteGenix_app\system\CodeIgniter.php(499): CodeIgniter\CodeIgniter->runController(Object(App\Controllers\Fees_and_payments))
#9 C:\xampp\htdocs\SpriteGenix_app\system\CodeIgniter.php(368): CodeIgniter\CodeIgniter->handleRequest(NULL, Object(Config\Cache), false)
#10 C:\xampp\htdocs\SpriteGenix_app\index.php(67): CodeIgniter\CodeIgniter->run()
#11 {main}
CRITICAL - 2023-07-13 05:21:03 --> Column 'company_id' in where clause is ambiguous
in SYSTEMPATH\Database\BaseConnection.php on line 645.
 1 SYSTEMPATH\Database\BaseBuilder.php(1616): CodeIgniter\Database\BaseConnection->query('SELECT `payments`.*, `fees_table`.`fees_name`
FROM `payments`
LEFT JOIN `fees_table` ON `fees_table`.`fees_name` = `payments`.`fees_name`
WHERE `company_id` = :company_id:
AND `financial_year` = :financial_year:
AND `bill_type` = :bill_type:
AND `fees_id` > :fees_id:
AND `deleted` = :deleted:', [...], false)
 2 SYSTEMPATH\Model.php(241): CodeIgniter\Database\BaseBuilder->get()
 3 SYSTEMPATH\BaseModel.php(618): CodeIgniter\Model->doFindAll(0, 0)
 4 APPPATH\Controllers\Fees_and_payments.php(3103): CodeIgniter\BaseModel->findAll()
 5 SYSTEMPATH\CodeIgniter.php(934): App\Controllers\Fees_and_payments->collected_transport_report()
 6 SYSTEMPATH\CodeIgniter.php(499): CodeIgniter\CodeIgniter->runController(Object(App\Controllers\Fees_and_payments))
 7 SYSTEMPATH\CodeIgniter.php(368): CodeIgniter\CodeIgniter->handleRequest(null, Object(Config\Cache), false)
 8 FCPATH\index.php(67): CodeIgniter\CodeIgniter->run()
ERROR - 2023-07-13 05:21:36 --> mysqli_sql_exception: Unknown column 'payments.fees_name' in 'on clause' in C:\xampp\htdocs\SpriteGenix_app\system\Database\MySQLi\Connection.php:295
Stack trace:
#0 C:\xampp\htdocs\SpriteGenix_app\system\Database\MySQLi\Connection.php(295): mysqli->query('SELECT `payment...', 0)
#1 C:\xampp\htdocs\SpriteGenix_app\system\Database\BaseConnection.php(691): CodeIgniter\Database\MySQLi\Connection->execute('SELECT `payment...')
#2 C:\xampp\htdocs\SpriteGenix_app\system\Database\BaseConnection.php(605): CodeIgniter\Database\BaseConnection->simpleQuery('SELECT `payment...')
#3 C:\xampp\htdocs\SpriteGenix_app\system\Database\BaseBuilder.php(1616): CodeIgniter\Database\BaseConnection->query('SELECT `payment...', Array, false)
#4 C:\xampp\htdocs\SpriteGenix_app\system\Model.php(241): CodeIgniter\Database\BaseBuilder->get()
#5 C:\xampp\htdocs\SpriteGenix_app\system\BaseModel.php(618): CodeIgniter\Model->doFindAll(0, 0)
#6 C:\xampp\htdocs\SpriteGenix_app\app\Controllers\Fees_and_payments.php(3103): CodeIgniter\BaseModel->findAll()
#7 C:\xampp\htdocs\SpriteGenix_app\system\CodeIgniter.php(934): App\Controllers\Fees_and_payments->collected_transport_report()
#8 C:\xampp\htdocs\SpriteGenix_app\system\CodeIgniter.php(499): CodeIgniter\CodeIgniter->runController(Object(App\Controllers\Fees_and_payments))
#9 C:\xampp\htdocs\SpriteGenix_app\system\CodeIgniter.php(368): CodeIgniter\CodeIgniter->handleRequest(NULL, Object(Config\Cache), false)
#10 C:\xampp\htdocs\SpriteGenix_app\index.php(67): CodeIgniter\CodeIgniter->run()
#11 {main}
CRITICAL - 2023-07-13 05:21:36 --> Unknown column 'payments.fees_name' in 'on clause'
in SYSTEMPATH\Database\BaseConnection.php on line 645.
 1 SYSTEMPATH\Database\BaseBuilder.php(1616): CodeIgniter\Database\BaseConnection->query('SELECT `payments`.*, `fees_table`.`fees_name`
FROM `payments`
LEFT JOIN `fees_table` ON `fees_table`.`fees_name` = `payments`.`fees_name`
WHERE `payments`.`company_id` = :payments.company_id:
AND `payments`.`financial_year` = :payments.financial_year:
AND `payments`.`bill_type` = :payments.bill_type:
AND `payments`.`fees_id` > :payments.fees_id:
AND `payments`.`deleted` = :payments.deleted:', [...], false)
 2 SYSTEMPATH\Model.php(241): CodeIgniter\Database\BaseBuilder->get()
 3 SYSTEMPATH\BaseModel.php(618): CodeIgniter\Model->doFindAll(0, 0)
 4 APPPATH\Controllers\Fees_and_payments.php(3103): CodeIgniter\BaseModel->findAll()
 5 SYSTEMPATH\CodeIgniter.php(934): App\Controllers\Fees_and_payments->collected_transport_report()
 6 SYSTEMPATH\CodeIgniter.php(499): CodeIgniter\CodeIgniter->runController(Object(App\Controllers\Fees_and_payments))
 7 SYSTEMPATH\CodeIgniter.php(368): CodeIgniter\CodeIgniter->handleRequest(null, Object(Config\Cache), false)
 8 FCPATH\index.php(67): CodeIgniter\CodeIgniter->run()
ERROR - 2023-07-13 05:27:13 --> mysqli_sql_exception: Column 'company_id' in where clause is ambiguous in C:\xampp\htdocs\SpriteGenix_app\system\Database\MySQLi\Connection.php:295
Stack trace:
#0 C:\xampp\htdocs\SpriteGenix_app\system\Database\MySQLi\Connection.php(295): mysqli->query('SELECT `payment...', 0)
#1 C:\xampp\htdocs\SpriteGenix_app\system\Database\BaseConnection.php(691): CodeIgniter\Database\MySQLi\Connection->execute('SELECT `payment...')
#2 C:\xampp\htdocs\SpriteGenix_app\system\Database\BaseConnection.php(605): CodeIgniter\Database\BaseConnection->simpleQuery('SELECT `payment...')
#3 C:\xampp\htdocs\SpriteGenix_app\system\Database\BaseBuilder.php(1616): CodeIgniter\Database\BaseConnection->query('SELECT `payment...', Array, false)
#4 C:\xampp\htdocs\SpriteGenix_app\system\Model.php(241): CodeIgniter\Database\BaseBuilder->get()
#5 C:\xampp\htdocs\SpriteGenix_app\system\BaseModel.php(618): CodeIgniter\Model->doFindAll(0, 0)
#6 C:\xampp\htdocs\SpriteGenix_app\app\Controllers\Fees_and_payments.php(3103): CodeIgniter\BaseModel->findAll()
#7 C:\xampp\htdocs\SpriteGenix_app\system\CodeIgniter.php(934): App\Controllers\Fees_and_payments->collected_transport_report()
#8 C:\xampp\htdocs\SpriteGenix_app\system\CodeIgniter.php(499): CodeIgniter\CodeIgniter->runController(Object(App\Controllers\Fees_and_payments))
#9 C:\xampp\htdocs\SpriteGenix_app\system\CodeIgniter.php(368): CodeIgniter\CodeIgniter->handleRequest(NULL, Object(Config\Cache), false)
#10 C:\xampp\htdocs\SpriteGenix_app\index.php(67): CodeIgniter\CodeIgniter->run()
#11 {main}
CRITICAL - 2023-07-13 05:27:13 --> Column 'company_id' in where clause is ambiguous
in SYSTEMPATH\Database\BaseConnection.php on line 645.
 1 SYSTEMPATH\Database\BaseBuilder.php(1616): CodeIgniter\Database\BaseConnection->query('SELECT `payments`.*, `fees_table`.`fees_name`, `fees_table`.`fees_type`
FROM `payments`
LEFT JOIN `fees_table` ON `fees_table`.`id` = `payments`.`fees_id`
WHERE `company_id` = :company_id:
AND `financial_year` = :financial_year:
AND `bill_type` = :bill_type:
AND `fees_id` > :fees_id:
AND `deleted` = :deleted:', [...], false)
 2 SYSTEMPATH\Model.php(241): CodeIgniter\Database\BaseBuilder->get()
 3 SYSTEMPATH\BaseModel.php(618): CodeIgniter\Model->doFindAll(0, 0)
 4 APPPATH\Controllers\Fees_and_payments.php(3103): CodeIgniter\BaseModel->findAll()
 5 SYSTEMPATH\CodeIgniter.php(934): App\Controllers\Fees_and_payments->collected_transport_report()
 6 SYSTEMPATH\CodeIgniter.php(499): CodeIgniter\CodeIgniter->runController(Object(App\Controllers\Fees_and_payments))
 7 SYSTEMPATH\CodeIgniter.php(368): CodeIgniter\CodeIgniter->handleRequest(null, Object(Config\Cache), false)
 8 FCPATH\index.php(67): CodeIgniter\CodeIgniter->run()
CRITICAL - 2023-07-13 05:34:28 --> Undefined array key "vehicle_id"
in APPPATH\Views\fees\collected_transport_report.php on line 139.
 1 APPPATH\Views\fees\collected_transport_report.php(139): CodeIgniter\Debug\Exceptions->errorHandler(2, 'Undefined array key "vehicle_id"', 'APPPATH\\Views\\fees\\collected_transport_report.php', 139)
 2 SYSTEMPATH\View\View.php(213): include('APPPATH\\Views\\fees\\collected_transport_report.php')
 3 SYSTEMPATH\View\View.php(216): CodeIgniter\View\View->CodeIgniter\View\{closure}()
 4 SYSTEMPATH\Common.php(1184): CodeIgniter\View\View->render('fees/collected_transport_report', [], true)
 5 APPPATH\Controllers\Fees_and_payments.php(3118): view('fees/collected_transport_report')
 6 SYSTEMPATH\CodeIgniter.php(934): App\Controllers\Fees_and_payments->collected_transport_report()
 7 SYSTEMPATH\CodeIgniter.php(499): CodeIgniter\CodeIgniter->runController(Object(App\Controllers\Fees_and_payments))
 8 SYSTEMPATH\CodeIgniter.php(368): CodeIgniter\CodeIgniter->handleRequest(null, Object(Config\Cache), false)
 9 FCPATH\index.php(67): CodeIgniter\CodeIgniter->run()
CRITICAL - 2023-07-13 05:37:26 --> Undefined array key "vehicle_name"
in APPPATH\Views\fees\collected_transport_report.php on line 139.
 1 APPPATH\Views\fees\collected_transport_report.php(139): CodeIgniter\Debug\Exceptions->errorHandler(2, 'Undefined array key "vehicle_name"', 'APPPATH\\Views\\fees\\collected_transport_report.php', 139)
 2 SYSTEMPATH\View\View.php(213): include('APPPATH\\Views\\fees\\collected_transport_report.php')
 3 SYSTEMPATH\View\View.php(216): CodeIgniter\View\View->CodeIgniter\View\{closure}()
 4 SYSTEMPATH\Common.php(1184): CodeIgniter\View\View->render('fees/collected_transport_report', [], true)
 5 APPPATH\Controllers\Fees_and_payments.php(3119): view('fees/collected_transport_report')
 6 SYSTEMPATH\CodeIgniter.php(934): App\Controllers\Fees_and_payments->collected_transport_report()
 7 SYSTEMPATH\CodeIgniter.php(499): CodeIgniter\CodeIgniter->runController(Object(App\Controllers\Fees_and_payments))
 8 SYSTEMPATH\CodeIgniter.php(368): CodeIgniter\CodeIgniter->handleRequest(null, Object(Config\Cache), false)
 9 FCPATH\index.php(67): CodeIgniter\CodeIgniter->run()
ERROR - 2023-07-13 05:43:36 --> mysqli_sql_exception: Column 'datetime' in where clause is ambiguous in C:\xampp\htdocs\SpriteGenix_app\system\Database\MySQLi\Connection.php:295
Stack trace:
#0 C:\xampp\htdocs\SpriteGenix_app\system\Database\MySQLi\Connection.php(295): mysqli->query('SELECT `payment...', 0)
#1 C:\xampp\htdocs\SpriteGenix_app\system\Database\BaseConnection.php(691): CodeIgniter\Database\MySQLi\Connection->execute('SELECT `payment...')
#2 C:\xampp\htdocs\SpriteGenix_app\system\Database\BaseConnection.php(605): CodeIgniter\Database\BaseConnection->simpleQuery('SELECT `payment...')
#3 C:\xampp\htdocs\SpriteGenix_app\system\Database\BaseBuilder.php(1616): CodeIgniter\Database\BaseConnection->query('SELECT `payment...', Array, false)
#4 C:\xampp\htdocs\SpriteGenix_app\system\Model.php(241): CodeIgniter\Database\BaseBuilder->get()
#5 C:\xampp\htdocs\SpriteGenix_app\system\BaseModel.php(618): CodeIgniter\Model->doFindAll(0, 0)
#6 C:\xampp\htdocs\SpriteGenix_app\app\Controllers\Fees_and_payments.php(3106): CodeIgniter\BaseModel->findAll()
#7 C:\xampp\htdocs\SpriteGenix_app\system\CodeIgniter.php(934): App\Controllers\Fees_and_payments->collected_transport_report()
#8 C:\xampp\htdocs\SpriteGenix_app\system\CodeIgniter.php(499): CodeIgniter\CodeIgniter->runController(Object(App\Controllers\Fees_and_payments))
#9 C:\xampp\htdocs\SpriteGenix_app\system\CodeIgniter.php(368): CodeIgniter\CodeIgniter->handleRequest(NULL, Object(Config\Cache), false)
#10 C:\xampp\htdocs\SpriteGenix_app\index.php(67): CodeIgniter\CodeIgniter->run()
#11 {main}
CRITICAL - 2023-07-13 05:43:36 --> Column 'datetime' in where clause is ambiguous
in SYSTEMPATH\Database\BaseConnection.php on line 645.
 1 SYSTEMPATH\Database\BaseBuilder.php(1616): CodeIgniter\Database\BaseConnection->query('SELECT `payments`.*, `fees_table`.`fees_name`, `fees_table`.`fees_type`, `invoices`.`vehicle_id`, `vehicle_details`.`vehicle_name`
FROM `payments`
LEFT JOIN `fees_table` ON `fees_table`.`id` = `payments`.`fees_id`
LEFT JOIN `invoices` ON `invoices`.`id` = `payments`.`invoice_id`
LEFT JOIN `vehicle_details` ON `vehicle_details`.`id` = `invoices`.`vehicle_id`
WHERE date(datetime) = :date(datetime):
AND `payments`.`company_id` = :payments.company_id:
AND `payments`.`financial_year` = :payments.financial_year:
AND `payments`.`bill_type` = :payments.bill_type:
AND `fees_table`.`fees_type` = :fees_table.fees_type:
AND `payments`.`fees_id` > :payments.fees_id:
AND `payments`.`deleted` = :payments.deleted:', [...], false)
 2 SYSTEMPATH\Model.php(241): CodeIgniter\Database\BaseBuilder->get()
 3 SYSTEMPATH\BaseModel.php(618): CodeIgniter\Model->doFindAll(0, 0)
 4 APPPATH\Controllers\Fees_and_payments.php(3106): CodeIgniter\BaseModel->findAll()
 5 SYSTEMPATH\CodeIgniter.php(934): App\Controllers\Fees_and_payments->collected_transport_report()
 6 SYSTEMPATH\CodeIgniter.php(499): CodeIgniter\CodeIgniter->runController(Object(App\Controllers\Fees_and_payments))
 7 SYSTEMPATH\CodeIgniter.php(368): CodeIgniter\CodeIgniter->handleRequest(null, Object(Config\Cache), false)
 8 FCPATH\index.php(67): CodeIgniter\CodeIgniter->run()
ERROR - 2023-07-13 06:41:56 --> mysqli_sql_exception: Column 'company_id' in where clause is ambiguous in C:\xampp\htdocs\SpriteGenix_app\system\Database\MySQLi\Connection.php:295
Stack trace:
#0 C:\xampp\htdocs\SpriteGenix_app\system\Database\MySQLi\Connection.php(295): mysqli->query('SELECT `payment...', 0)
#1 C:\xampp\htdocs\SpriteGenix_app\system\Database\BaseConnection.php(691): CodeIgniter\Database\MySQLi\Connection->execute('SELECT `payment...')
#2 C:\xampp\htdocs\SpriteGenix_app\system\Database\BaseConnection.php(605): CodeIgniter\Database\BaseConnection->simpleQuery('SELECT `payment...')
#3 C:\xampp\htdocs\SpriteGenix_app\system\Database\BaseBuilder.php(1616): CodeIgniter\Database\BaseConnection->query('SELECT `payment...', Array, false)
#4 C:\xampp\htdocs\SpriteGenix_app\system\Model.php(241): CodeIgniter\Database\BaseBuilder->get()
#5 C:\xampp\htdocs\SpriteGenix_app\system\BaseModel.php(618): CodeIgniter\Model->doFindAll(0, 0)
#6 C:\xampp\htdocs\SpriteGenix_app\app\Controllers\Reports.php(416): CodeIgniter\BaseModel->findAll()
#7 C:\xampp\htdocs\SpriteGenix_app\system\CodeIgniter.php(934): App\Controllers\Reports->expense_report()
#8 C:\xampp\htdocs\SpriteGenix_app\system\CodeIgniter.php(499): CodeIgniter\CodeIgniter->runController(Object(App\Controllers\Reports))
#9 C:\xampp\htdocs\SpriteGenix_app\system\CodeIgniter.php(368): CodeIgniter\CodeIgniter->handleRequest(NULL, Object(Config\Cache), false)
#10 C:\xampp\htdocs\SpriteGenix_app\index.php(67): CodeIgniter\CodeIgniter->run()
#11 {main}
CRITICAL - 2023-07-13 06:41:56 --> Column 'company_id' in where clause is ambiguous
in SYSTEMPATH\Database\BaseConnection.php on line 645.
 1 SYSTEMPATH\Database\BaseBuilder.php(1616): CodeIgniter\Database\BaseConnection->query('SELECT `payments`.*, `accounts`.`group_head`
FROM `payments`
LEFT JOIN `accounts` ON `accounts`.`id` = `payments`.`account_name`
WHERE date(datetime) BETWEEN \'2023-07-01\' AND \'2023-07-13\'
AND `company_id` = :company_id:
AND `deleted` = :deleted:
AND   (
`bill_type` = :bill_type:
OR `bill_type` = :bill_type.1:
OR `bill_type` = :bill_type.2:
OR `bill_type` = :bill_type.3:
 )', [...], false)
 2 SYSTEMPATH\Model.php(241): CodeIgniter\Database\BaseBuilder->get()
 3 SYSTEMPATH\BaseModel.php(618): CodeIgniter\Model->doFindAll(0, 0)
 4 APPPATH\Controllers\Reports.php(416): CodeIgniter\BaseModel->findAll()
 5 SYSTEMPATH\CodeIgniter.php(934): App\Controllers\Reports->expense_report()
 6 SYSTEMPATH\CodeIgniter.php(499): CodeIgniter\CodeIgniter->runController(Object(App\Controllers\Reports))
 7 SYSTEMPATH\CodeIgniter.php(368): CodeIgniter\CodeIgniter->handleRequest(null, Object(Config\Cache), false)
 8 FCPATH\index.php(67): CodeIgniter\CodeIgniter->run()
CRITICAL - 2023-07-13 07:00:04 --> Class "App\Controllers\AccountingModel" not found
in APPPATH\Controllers\Selectors.php on line 239.
 1 SYSTEMPATH\CodeIgniter.php(934): App\Controllers\Selectors->accounts('g')
 2 SYSTEMPATH\CodeIgniter.php(499): CodeIgniter\CodeIgniter->runController(Object(App\Controllers\Selectors))
 3 SYSTEMPATH\CodeIgniter.php(368): CodeIgniter\CodeIgniter->handleRequest(null, Object(Config\Cache), false)
 4 FCPATH\index.php(67): CodeIgniter\CodeIgniter->run()
CRITICAL - 2023-07-13 07:00:04 --> Class "App\Controllers\AccountingModel" not found
in APPPATH\Controllers\Selectors.php on line 239.
 1 SYSTEMPATH\CodeIgniter.php(934): App\Controllers\Selectors->accounts('gr')
 2 SYSTEMPATH\CodeIgniter.php(499): CodeIgniter\CodeIgniter->runController(Object(App\Controllers\Selectors))
 3 SYSTEMPATH\CodeIgniter.php(368): CodeIgniter\CodeIgniter->handleRequest(null, Object(Config\Cache), false)
 4 FCPATH\index.php(67): CodeIgniter\CodeIgniter->run()
CRITICAL - 2023-07-13 07:00:05 --> Class "App\Controllers\AccountingModel" not found
in APPPATH\Controllers\Selectors.php on line 239.
 1 SYSTEMPATH\CodeIgniter.php(934): App\Controllers\Selectors->accounts('gro')
 2 SYSTEMPATH\CodeIgniter.php(499): CodeIgniter\CodeIgniter->runController(Object(App\Controllers\Selectors))
 3 SYSTEMPATH\CodeIgniter.php(368): CodeIgniter\CodeIgniter->handleRequest(null, Object(Config\Cache), false)
 4 FCPATH\index.php(67): CodeIgniter\CodeIgniter->run()
CRITICAL - 2023-07-13 07:00:10 --> Class "App\Controllers\AccountingModel" not found
in APPPATH\Controllers\Selectors.php on line 239.
 1 SYSTEMPATH\CodeIgniter.php(934): App\Controllers\Selectors->accounts('gr')
 2 SYSTEMPATH\CodeIgniter.php(499): CodeIgniter\CodeIgniter->runController(Object(App\Controllers\Selectors))
 3 SYSTEMPATH\CodeIgniter.php(368): CodeIgniter\CodeIgniter->handleRequest(null, Object(Config\Cache), false)
 4 FCPATH\index.php(67): CodeIgniter\CodeIgniter->run()
CRITICAL - 2023-07-13 09:59:43 --> Undefined array key "display_name"
in APPPATH\Views\hr_manage\attendance.php on line 168.
 1 APPPATH\Views\hr_manage\attendance.php(168): CodeIgniter\Debug\Exceptions->errorHandler(2, 'Undefined array key "display_name"', 'APPPATH\\Views\\hr_manage\\attendance.php', 168)
 2 SYSTEMPATH\View\View.php(213): include('APPPATH\\Views\\hr_manage\\attendance.php')
 3 SYSTEMPATH\View\View.php(216): CodeIgniter\View\View->CodeIgniter\View\{closure}()
 4 SYSTEMPATH\Common.php(1184): CodeIgniter\View\View->render('hr_manage/attendance', [], true)
 5 APPPATH\Controllers\Hr_manage.php(116): view('hr_manage/attendance')
 6 SYSTEMPATH\CodeIgniter.php(934): App\Controllers\Hr_manage->attendance()
 7 SYSTEMPATH\CodeIgniter.php(499): CodeIgniter\CodeIgniter->runController(Object(App\Controllers\Hr_manage))
 8 SYSTEMPATH\CodeIgniter.php(368): CodeIgniter\CodeIgniter->handleRequest(null, Object(Config\Cache), false)
 9 FCPATH\index.php(67): CodeIgniter\CodeIgniter->run()
CRITICAL - 2023-07-13 10:03:45 --> syntax error, unexpected variable "$PushedAttendanceOfEmployee"
in APPPATH\Controllers\Hr_manage.php on line 105.
 1 SYSTEMPATH\Autoloader\Autoloader.php(289): CodeIgniter\Autoloader\Autoloader->includeFile('APPPATH\\Controllers\\Hr_manage.php')
 2 SYSTEMPATH\Autoloader\Autoloader.php(267): CodeIgniter\Autoloader\Autoloader->loadInNamespace('App\\Controllers\\Hr_manage')
 3 [internal function]: CodeIgniter\Autoloader\Autoloader->loadClass('App\\Controllers\\Hr_manage')
 4 SYSTEMPATH\CodeIgniter.php(892): class_exists('\\App\\Controllers\\Hr_manage', true)
 5 SYSTEMPATH\CodeIgniter.php(486): CodeIgniter\CodeIgniter->startController()
 6 SYSTEMPATH\CodeIgniter.php(368): CodeIgniter\CodeIgniter->handleRequest(null, Object(Config\Cache), false)
 7 FCPATH\index.php(67): CodeIgniter\CodeIgniter->run()
ERROR - 2023-07-13 10:03:59 --> mysqli_sql_exception: Unknown column 'pushed_attendances.account_name' in 'on clause' in C:\xampp\htdocs\SpriteGenix_app\system\Database\MySQLi\Connection.php:295
Stack trace:
#0 C:\xampp\htdocs\SpriteGenix_app\system\Database\MySQLi\Connection.php(295): mysqli->query('SELECT `pushed_...', 0)
#1 C:\xampp\htdocs\SpriteGenix_app\system\Database\BaseConnection.php(691): CodeIgniter\Database\MySQLi\Connection->execute('SELECT `pushed_...')
#2 C:\xampp\htdocs\SpriteGenix_app\system\Database\BaseConnection.php(605): CodeIgniter\Database\BaseConnection->simpleQuery('SELECT `pushed_...')
#3 C:\xampp\htdocs\SpriteGenix_app\system\Database\BaseBuilder.php(1616): CodeIgniter\Database\BaseConnection->query('SELECT `pushed_...', Array, false)
#4 C:\xampp\htdocs\SpriteGenix_app\system\Model.php(241): CodeIgniter\Database\BaseBuilder->get()
#5 C:\xampp\htdocs\SpriteGenix_app\system\BaseModel.php(618): CodeIgniter\Model->doFindAll(0, 0)
#6 C:\xampp\htdocs\SpriteGenix_app\app\Controllers\Hr_manage.php(107): CodeIgniter\BaseModel->findAll()
#7 C:\xampp\htdocs\SpriteGenix_app\system\CodeIgniter.php(934): App\Controllers\Hr_manage->attendance()
#8 C:\xampp\htdocs\SpriteGenix_app\system\CodeIgniter.php(499): CodeIgniter\CodeIgniter->runController(Object(App\Controllers\Hr_manage))
#9 C:\xampp\htdocs\SpriteGenix_app\system\CodeIgniter.php(368): CodeIgniter\CodeIgniter->handleRequest(NULL, Object(Config\Cache), false)
#10 C:\xampp\htdocs\SpriteGenix_app\index.php(67): CodeIgniter\CodeIgniter->run()
#11 {main}
CRITICAL - 2023-07-13 10:03:59 --> Unknown column 'pushed_attendances.account_name' in 'on clause'
in SYSTEMPATH\Database\BaseConnection.php on line 645.
 1 SYSTEMPATH\Database\BaseBuilder.php(1616): CodeIgniter\Database\BaseConnection->query('SELECT `pushed_attendances`.*, `customers`.`display_name`
FROM `pushed_attendances`
LEFT JOIN `customers` ON `customers`.`id` = `pushed_attendances`.`account_name`
WHERE `pushed_attendances`.`company_id` = :pushed_attendances.company_id:
AND DATE(pushed_attendances.date) = :DATE(pushed_attendances.date):
AND `pushed_attendances`.`deleted` = :pushed_attendances.deleted:
ORDER BY `pushed_attendances`.`id` DESC', [...], false)
 2 SYSTEMPATH\Model.php(241): CodeIgniter\Database\BaseBuilder->get()
 3 SYSTEMPATH\BaseModel.php(618): CodeIgniter\Model->doFindAll(0, 0)
 4 APPPATH\Controllers\Hr_manage.php(107): CodeIgniter\BaseModel->findAll()
 5 SYSTEMPATH\CodeIgniter.php(934): App\Controllers\Hr_manage->attendance()
 6 SYSTEMPATH\CodeIgniter.php(499): CodeIgniter\CodeIgniter->runController(Object(App\Controllers\Hr_manage))
 7 SYSTEMPATH\CodeIgniter.php(368): CodeIgniter\CodeIgniter->handleRequest(null, Object(Config\Cache), false)
 8 FCPATH\index.php(67): CodeIgniter\CodeIgniter->run()
ERROR - 2023-07-13 10:04:30 --> mysqli_sql_exception: Unknown column 'pushed_attendances.display_name' in 'on clause' in C:\xampp\htdocs\SpriteGenix_app\system\Database\MySQLi\Connection.php:295
Stack trace:
#0 C:\xampp\htdocs\SpriteGenix_app\system\Database\MySQLi\Connection.php(295): mysqli->query('SELECT `pushed_...', 0)
#1 C:\xampp\htdocs\SpriteGenix_app\system\Database\BaseConnection.php(691): CodeIgniter\Database\MySQLi\Connection->execute('SELECT `pushed_...')
#2 C:\xampp\htdocs\SpriteGenix_app\system\Database\BaseConnection.php(605): CodeIgniter\Database\BaseConnection->simpleQuery('SELECT `pushed_...')
#3 C:\xampp\htdocs\SpriteGenix_app\system\Database\BaseBuilder.php(1616): CodeIgniter\Database\BaseConnection->query('SELECT `pushed_...', Array, false)
#4 C:\xampp\htdocs\SpriteGenix_app\system\Model.php(241): CodeIgniter\Database\BaseBuilder->get()
#5 C:\xampp\htdocs\SpriteGenix_app\system\BaseModel.php(618): CodeIgniter\Model->doFindAll(0, 0)
#6 C:\xampp\htdocs\SpriteGenix_app\app\Controllers\Hr_manage.php(107): CodeIgniter\BaseModel->findAll()
#7 C:\xampp\htdocs\SpriteGenix_app\system\CodeIgniter.php(934): App\Controllers\Hr_manage->attendance()
#8 C:\xampp\htdocs\SpriteGenix_app\system\CodeIgniter.php(499): CodeIgniter\CodeIgniter->runController(Object(App\Controllers\Hr_manage))
#9 C:\xampp\htdocs\SpriteGenix_app\system\CodeIgniter.php(368): CodeIgniter\CodeIgniter->handleRequest(NULL, Object(Config\Cache), false)
#10 C:\xampp\htdocs\SpriteGenix_app\index.php(67): CodeIgniter\CodeIgniter->run()
#11 {main}
CRITICAL - 2023-07-13 10:04:30 --> Unknown column 'pushed_attendances.display_name' in 'on clause'
in SYSTEMPATH\Database\BaseConnection.php on line 645.
 1 SYSTEMPATH\Database\BaseBuilder.php(1616): CodeIgniter\Database\BaseConnection->query('SELECT `pushed_attendances`.*, `customers`.`display_name`
FROM `pushed_attendances`
LEFT JOIN `customers` ON `customers`.`id` = `pushed_attendances`.`display_name`
WHERE `pushed_attendances`.`company_id` = :pushed_attendances.company_id:
AND DATE(pushed_attendances.date) = :DATE(pushed_attendances.date):
AND `pushed_attendances`.`deleted` = :pushed_attendances.deleted:
ORDER BY `pushed_attendances`.`id` DESC', [...], false)
 2 SYSTEMPATH\Model.php(241): CodeIgniter\Database\BaseBuilder->get()
 3 SYSTEMPATH\BaseModel.php(618): CodeIgniter\Model->doFindAll(0, 0)
 4 APPPATH\Controllers\Hr_manage.php(107): CodeIgniter\BaseModel->findAll()
 5 SYSTEMPATH\CodeIgniter.php(934): App\Controllers\Hr_manage->attendance()
 6 SYSTEMPATH\CodeIgniter.php(499): CodeIgniter\CodeIgniter->runController(Object(App\Controllers\Hr_manage))
 7 SYSTEMPATH\CodeIgniter.php(368): CodeIgniter\CodeIgniter->handleRequest(null, Object(Config\Cache), false)
 8 FCPATH\index.php(67): CodeIgniter\CodeIgniter->run()
CRITICAL - 2023-07-13 10:23:40 --> The action you requested is not allowed.
in SYSTEMPATH\Security\Security.php on line 306.
 1 SYSTEMPATH\Security\Security.php(306): CodeIgniter\Security\Exceptions\SecurityException::forDisallowedAction()
 2 SYSTEMPATH\Filters\CSRF.php(55): CodeIgniter\Security\Security->verify(Object(CodeIgniter\HTTP\IncomingRequest))
 3 SYSTEMPATH\Filters\Filters.php(173): CodeIgniter\Filters\CSRF->before(Object(CodeIgniter\HTTP\IncomingRequest), null)
 4 SYSTEMPATH\CodeIgniter.php(473): CodeIgniter\Filters\Filters->run('hr_manage/manual_push_punch', 'before')
 5 SYSTEMPATH\CodeIgniter.php(368): CodeIgniter\CodeIgniter->handleRequest(null, Object(Config\Cache), false)
 6 FCPATH\index.php(67): CodeIgniter\CodeIgniter->run()
CRITICAL - 2023-07-13 10:23:54 --> The action you requested is not allowed.
in SYSTEMPATH\Security\Security.php on line 306.
 1 SYSTEMPATH\Security\Security.php(306): CodeIgniter\Security\Exceptions\SecurityException::forDisallowedAction()
 2 SYSTEMPATH\Filters\CSRF.php(55): CodeIgniter\Security\Security->verify(Object(CodeIgniter\HTTP\IncomingRequest))
 3 SYSTEMPATH\Filters\Filters.php(173): CodeIgniter\Filters\CSRF->before(Object(CodeIgniter\HTTP\IncomingRequest), null)
 4 SYSTEMPATH\CodeIgniter.php(473): CodeIgniter\Filters\Filters->run('hr_manage/manual_push_punch', 'before')
 5 SYSTEMPATH\CodeIgniter.php(368): CodeIgniter\CodeIgniter->handleRequest(null, Object(Config\Cache), false)
 6 FCPATH\index.php(67): CodeIgniter\CodeIgniter->run()
CRITICAL - 2023-07-13 10:24:36 --> The action you requested is not allowed.
in SYSTEMPATH\Security\Security.php on line 306.
 1 SYSTEMPATH\Security\Security.php(306): CodeIgniter\Security\Exceptions\SecurityException::forDisallowedAction()
 2 SYSTEMPATH\Filters\CSRF.php(55): CodeIgniter\Security\Security->verify(Object(CodeIgniter\HTTP\IncomingRequest))
 3 SYSTEMPATH\Filters\Filters.php(173): CodeIgniter\Filters\CSRF->before(Object(CodeIgniter\HTTP\IncomingRequest), null)
 4 SYSTEMPATH\CodeIgniter.php(473): CodeIgniter\Filters\Filters->run('hr_manage/manual_push_punch', 'before')
 5 SYSTEMPATH\CodeIgniter.php(368): CodeIgniter\CodeIgniter->handleRequest(null, Object(Config\Cache), false)
 6 FCPATH\index.php(67): CodeIgniter\CodeIgniter->run()
CRITICAL - 2023-07-13 10:24:37 --> The action you requested is not allowed.
in SYSTEMPATH\Security\Security.php on line 306.
 1 SYSTEMPATH\Security\Security.php(306): CodeIgniter\Security\Exceptions\SecurityException::forDisallowedAction()
 2 SYSTEMPATH\Filters\CSRF.php(55): CodeIgniter\Security\Security->verify(Object(CodeIgniter\HTTP\IncomingRequest))
 3 SYSTEMPATH\Filters\Filters.php(173): CodeIgniter\Filters\CSRF->before(Object(CodeIgniter\HTTP\IncomingRequest), null)
 4 SYSTEMPATH\CodeIgniter.php(473): CodeIgniter\Filters\Filters->run('hr_manage/manual_push_punch', 'before')
 5 SYSTEMPATH\CodeIgniter.php(368): CodeIgniter\CodeIgniter->handleRequest(null, Object(Config\Cache), false)
 6 FCPATH\index.php(67): CodeIgniter\CodeIgniter->run()
CRITICAL - 2023-07-13 10:24:51 --> The action you requested is not allowed.
in SYSTEMPATH\Security\Security.php on line 306.
 1 SYSTEMPATH\Security\Security.php(306): CodeIgniter\Security\Exceptions\SecurityException::forDisallowedAction()
 2 SYSTEMPATH\Filters\CSRF.php(55): CodeIgniter\Security\Security->verify(Object(CodeIgniter\HTTP\IncomingRequest))
 3 SYSTEMPATH\Filters\Filters.php(173): CodeIgniter\Filters\CSRF->before(Object(CodeIgniter\HTTP\IncomingRequest), null)
 4 SYSTEMPATH\CodeIgniter.php(473): CodeIgniter\Filters\Filters->run('hr_manage/manual_push_punch', 'before')
 5 SYSTEMPATH\CodeIgniter.php(368): CodeIgniter\CodeIgniter->handleRequest(null, Object(Config\Cache), false)
 6 FCPATH\index.php(67): CodeIgniter\CodeIgniter->run()
CRITICAL - 2023-07-13 10:24:52 --> The action you requested is not allowed.
in SYSTEMPATH\Security\Security.php on line 306.
 1 SYSTEMPATH\Security\Security.php(306): CodeIgniter\Security\Exceptions\SecurityException::forDisallowedAction()
 2 SYSTEMPATH\Filters\CSRF.php(55): CodeIgniter\Security\Security->verify(Object(CodeIgniter\HTTP\IncomingRequest))
 3 SYSTEMPATH\Filters\Filters.php(173): CodeIgniter\Filters\CSRF->before(Object(CodeIgniter\HTTP\IncomingRequest), null)
 4 SYSTEMPATH\CodeIgniter.php(473): CodeIgniter\Filters\Filters->run('hr_manage/manual_push_punch', 'before')
 5 SYSTEMPATH\CodeIgniter.php(368): CodeIgniter\CodeIgniter->handleRequest(null, Object(Config\Cache), false)
 6 FCPATH\index.php(67): CodeIgniter\CodeIgniter->run()
CRITICAL - 2023-07-13 10:24:53 --> The action you requested is not allowed.
in SYSTEMPATH\Security\Security.php on line 306.
 1 SYSTEMPATH\Security\Security.php(306): CodeIgniter\Security\Exceptions\SecurityException::forDisallowedAction()
 2 SYSTEMPATH\Filters\CSRF.php(55): CodeIgniter\Security\Security->verify(Object(CodeIgniter\HTTP\IncomingRequest))
 3 SYSTEMPATH\Filters\Filters.php(173): CodeIgniter\Filters\CSRF->before(Object(CodeIgniter\HTTP\IncomingRequest), null)
 4 SYSTEMPATH\CodeIgniter.php(473): CodeIgniter\Filters\Filters->run('hr_manage/manual_push_punch', 'before')
 5 SYSTEMPATH\CodeIgniter.php(368): CodeIgniter\CodeIgniter->handleRequest(null, Object(Config\Cache), false)
 6 FCPATH\index.php(67): CodeIgniter\CodeIgniter->run()
CRITICAL - 2023-07-13 10:39:50 --> Class "App\Controllers\DateTime" not found
in APPPATH\Controllers\Hr_manage.php on line 505.
 1 APPPATH\Controllers\Hr_manage.php(462): App\Controllers\Hr_manage->push_log_as_attendance([...])
 2 SYSTEMPATH\CodeIgniter.php(934): App\Controllers\Hr_manage->manual_push_punch()
 3 SYSTEMPATH\CodeIgniter.php(499): CodeIgniter\CodeIgniter->runController(Object(App\Controllers\Hr_manage))
 4 SYSTEMPATH\CodeIgniter.php(368): CodeIgniter\CodeIgniter->handleRequest(null, Object(Config\Cache), false)
 5 FCPATH\index.php(67): CodeIgniter\CodeIgniter->run()
CRITICAL - 2023-07-13 10:39:55 --> Class "App\Controllers\DateTime" not found
in APPPATH\Controllers\Hr_manage.php on line 505.
 1 APPPATH\Controllers\Hr_manage.php(462): App\Controllers\Hr_manage->push_log_as_attendance([...])
 2 SYSTEMPATH\CodeIgniter.php(934): App\Controllers\Hr_manage->manual_push_punch()
 3 SYSTEMPATH\CodeIgniter.php(499): CodeIgniter\CodeIgniter->runController(Object(App\Controllers\Hr_manage))
 4 SYSTEMPATH\CodeIgniter.php(368): CodeIgniter\CodeIgniter->handleRequest(null, Object(Config\Cache), false)
 5 FCPATH\index.php(67): CodeIgniter\CodeIgniter->run()
CRITICAL - 2023-07-13 10:41:04 --> Class "App\Controllers\DateTime" not found
in APPPATH\Controllers\Testing.php on line 52.
 1 SYSTEMPATH\CodeIgniter.php(934): App\Controllers\Testing->send_sms_oman()
 2 SYSTEMPATH\CodeIgniter.php(499): CodeIgniter\CodeIgniter->runController(Object(App\Controllers\Testing))
 3 SYSTEMPATH\CodeIgniter.php(368): CodeIgniter\CodeIgniter->handleRequest(null, Object(Config\Cache), false)
 4 FCPATH\index.php(67): CodeIgniter\CodeIgniter->run()
CRITICAL - 2023-07-13 10:42:44 --> Class "App\Controllers\DateTime" not found
in APPPATH\Controllers\Testing.php on line 51.
 1 SYSTEMPATH\CodeIgniter.php(934): App\Controllers\Testing->send_sms_oman()
 2 SYSTEMPATH\CodeIgniter.php(499): CodeIgniter\CodeIgniter->runController(Object(App\Controllers\Testing))
 3 SYSTEMPATH\CodeIgniter.php(368): CodeIgniter\CodeIgniter->handleRequest(null, Object(Config\Cache), false)
 4 FCPATH\index.php(67): CodeIgniter\CodeIgniter->run()
CRITICAL - 2023-07-13 10:47:06 --> Unsupported operand types: string + DateInterval
in APPPATH\Controllers\Hr_manage.php on line 507.
 1 APPPATH\Controllers\Hr_manage.php(462): App\Controllers\Hr_manage->push_log_as_attendance([...])
 2 SYSTEMPATH\CodeIgniter.php(934): App\Controllers\Hr_manage->manual_push_punch()
 3 SYSTEMPATH\CodeIgniter.php(499): CodeIgniter\CodeIgniter->runController(Object(App\Controllers\Hr_manage))
 4 SYSTEMPATH\CodeIgniter.php(368): CodeIgniter\CodeIgniter->handleRequest(null, Object(Config\Cache), false)
 5 FCPATH\index.php(67): CodeIgniter\CodeIgniter->run()
CRITICAL - 2023-07-13 10:47:07 --> Unsupported operand types: string + DateInterval
in APPPATH\Controllers\Hr_manage.php on line 507.
 1 APPPATH\Controllers\Hr_manage.php(462): App\Controllers\Hr_manage->push_log_as_attendance([...])
 2 SYSTEMPATH\CodeIgniter.php(934): App\Controllers\Hr_manage->manual_push_punch()
 3 SYSTEMPATH\CodeIgniter.php(499): CodeIgniter\CodeIgniter->runController(Object(App\Controllers\Hr_manage))
 4 SYSTEMPATH\CodeIgniter.php(368): CodeIgniter\CodeIgniter->handleRequest(null, Object(Config\Cache), false)
 5 FCPATH\index.php(67): CodeIgniter\CodeIgniter->run()
CRITICAL - 2023-07-13 10:47:24 --> Unsupported operand types: string + DateInterval
in APPPATH\Controllers\Hr_manage.php on line 507.
 1 APPPATH\Controllers\Hr_manage.php(462): App\Controllers\Hr_manage->push_log_as_attendance([...])
 2 SYSTEMPATH\CodeIgniter.php(934): App\Controllers\Hr_manage->manual_push_punch()
 3 SYSTEMPATH\CodeIgniter.php(499): CodeIgniter\CodeIgniter->runController(Object(App\Controllers\Hr_manage))
 4 SYSTEMPATH\CodeIgniter.php(368): CodeIgniter\CodeIgniter->handleRequest(null, Object(Config\Cache), false)
 5 FCPATH\index.php(67): CodeIgniter\CodeIgniter->run()
CRITICAL - 2023-07-13 10:47:54 --> Unsupported operand types: string + DateInterval
in APPPATH\Controllers\Hr_manage.php on line 507.
 1 APPPATH\Controllers\Hr_manage.php(462): App\Controllers\Hr_manage->push_log_as_attendance([...])
 2 SYSTEMPATH\CodeIgniter.php(934): App\Controllers\Hr_manage->manual_push_punch()
 3 SYSTEMPATH\CodeIgniter.php(499): CodeIgniter\CodeIgniter->runController(Object(App\Controllers\Hr_manage))
 4 SYSTEMPATH\CodeIgniter.php(368): CodeIgniter\CodeIgniter->handleRequest(null, Object(Config\Cache), false)
 5 FCPATH\index.php(67): CodeIgniter\CodeIgniter->run()
CRITICAL - 2023-07-13 10:48:13 --> Object of class DateInterval could not be converted to float
in APPPATH\Controllers\Hr_manage.php on line 507.
 1 APPPATH\Controllers\Hr_manage.php(507): CodeIgniter\Debug\Exceptions->errorHandler(2, 'Object of class DateInterval could not be converted to float', 'APPPATH\\Controllers\\Hr_manage.php', 507)
 2 APPPATH\Controllers\Hr_manage.php(462): App\Controllers\Hr_manage->push_log_as_attendance([...])
 3 SYSTEMPATH\CodeIgniter.php(934): App\Controllers\Hr_manage->manual_push_punch()
 4 SYSTEMPATH\CodeIgniter.php(499): CodeIgniter\CodeIgniter->runController(Object(App\Controllers\Hr_manage))
 5 SYSTEMPATH\CodeIgniter.php(368): CodeIgniter\CodeIgniter->handleRequest(null, Object(Config\Cache), false)
 6 FCPATH\index.php(67): CodeIgniter\CodeIgniter->run()
CRITICAL - 2023-07-13 10:48:15 --> Object of class DateInterval could not be converted to float
in APPPATH\Controllers\Hr_manage.php on line 507.
 1 APPPATH\Controllers\Hr_manage.php(507): CodeIgniter\Debug\Exceptions->errorHandler(2, 'Object of class DateInterval could not be converted to float', 'APPPATH\\Controllers\\Hr_manage.php', 507)
 2 APPPATH\Controllers\Hr_manage.php(462): App\Controllers\Hr_manage->push_log_as_attendance([...])
 3 SYSTEMPATH\CodeIgniter.php(934): App\Controllers\Hr_manage->manual_push_punch()
 4 SYSTEMPATH\CodeIgniter.php(499): CodeIgniter\CodeIgniter->runController(Object(App\Controllers\Hr_manage))
 5 SYSTEMPATH\CodeIgniter.php(368): CodeIgniter\CodeIgniter->handleRequest(null, Object(Config\Cache), false)
 6 FCPATH\index.php(67): CodeIgniter\CodeIgniter->run()
CRITICAL - 2023-07-13 10:48:26 --> Object of class DateInterval could not be converted to float
in APPPATH\Controllers\Hr_manage.php on line 507.
 1 APPPATH\Controllers\Hr_manage.php(507): CodeIgniter\Debug\Exceptions->errorHandler(2, 'Object of class DateInterval could not be converted to float', 'APPPATH\\Controllers\\Hr_manage.php', 507)
 2 APPPATH\Controllers\Hr_manage.php(462): App\Controllers\Hr_manage->push_log_as_attendance([...])
 3 SYSTEMPATH\CodeIgniter.php(934): App\Controllers\Hr_manage->manual_push_punch()
 4 SYSTEMPATH\CodeIgniter.php(499): CodeIgniter\CodeIgniter->runController(Object(App\Controllers\Hr_manage))
 5 SYSTEMPATH\CodeIgniter.php(368): CodeIgniter\CodeIgniter->handleRequest(null, Object(Config\Cache), false)
 6 FCPATH\index.php(67): CodeIgniter\CodeIgniter->run()
CRITICAL - 2023-07-13 10:49:52 --> Undefined variable $age
in APPPATH\Controllers\Hr_manage.php on line 507.
 1 APPPATH\Controllers\Hr_manage.php(507): CodeIgniter\Debug\Exceptions->errorHandler(2, 'Undefined variable $age', 'APPPATH\\Controllers\\Hr_manage.php', 507)
 2 APPPATH\Controllers\Hr_manage.php(462): App\Controllers\Hr_manage->push_log_as_attendance([...])
 3 SYSTEMPATH\CodeIgniter.php(934): App\Controllers\Hr_manage->manual_push_punch()
 4 SYSTEMPATH\CodeIgniter.php(499): CodeIgniter\CodeIgniter->runController(Object(App\Controllers\Hr_manage))
 5 SYSTEMPATH\CodeIgniter.php(368): CodeIgniter\CodeIgniter->handleRequest(null, Object(Config\Cache), false)
 6 FCPATH\index.php(67): CodeIgniter\CodeIgniter->run()
CRITICAL - 2023-07-13 10:49:54 --> Undefined variable $age
in APPPATH\Controllers\Hr_manage.php on line 507.
 1 APPPATH\Controllers\Hr_manage.php(507): CodeIgniter\Debug\Exceptions->errorHandler(2, 'Undefined variable $age', 'APPPATH\\Controllers\\Hr_manage.php', 507)
 2 APPPATH\Controllers\Hr_manage.php(462): App\Controllers\Hr_manage->push_log_as_attendance([...])
 3 SYSTEMPATH\CodeIgniter.php(934): App\Controllers\Hr_manage->manual_push_punch()
 4 SYSTEMPATH\CodeIgniter.php(499): CodeIgniter\CodeIgniter->runController(Object(App\Controllers\Hr_manage))
 5 SYSTEMPATH\CodeIgniter.php(368): CodeIgniter\CodeIgniter->handleRequest(null, Object(Config\Cache), false)
 6 FCPATH\index.php(67): CodeIgniter\CodeIgniter->run()
CRITICAL - 2023-07-13 10:50:10 --> Undefined variable $age
in APPPATH\Controllers\Hr_manage.php on line 507.
 1 APPPATH\Controllers\Hr_manage.php(507): CodeIgniter\Debug\Exceptions->errorHandler(2, 'Undefined variable $age', 'APPPATH\\Controllers\\Hr_manage.php', 507)
 2 APPPATH\Controllers\Hr_manage.php(462): App\Controllers\Hr_manage->push_log_as_attendance([...])
 3 SYSTEMPATH\CodeIgniter.php(934): App\Controllers\Hr_manage->manual_push_punch()
 4 SYSTEMPATH\CodeIgniter.php(499): CodeIgniter\CodeIgniter->runController(Object(App\Controllers\Hr_manage))
 5 SYSTEMPATH\CodeIgniter.php(368): CodeIgniter\CodeIgniter->handleRequest(null, Object(Config\Cache), false)
 6 FCPATH\index.php(67): CodeIgniter\CodeIgniter->run()
CRITICAL - 2023-07-13 10:50:11 --> Undefined variable $age
in APPPATH\Controllers\Hr_manage.php on line 507.
 1 APPPATH\Controllers\Hr_manage.php(507): CodeIgniter\Debug\Exceptions->errorHandler(2, 'Undefined variable $age', 'APPPATH\\Controllers\\Hr_manage.php', 507)
 2 APPPATH\Controllers\Hr_manage.php(462): App\Controllers\Hr_manage->push_log_as_attendance([...])
 3 SYSTEMPATH\CodeIgniter.php(934): App\Controllers\Hr_manage->manual_push_punch()
 4 SYSTEMPATH\CodeIgniter.php(499): CodeIgniter\CodeIgniter->runController(Object(App\Controllers\Hr_manage))
 5 SYSTEMPATH\CodeIgniter.php(368): CodeIgniter\CodeIgniter->handleRequest(null, Object(Config\Cache), false)
 6 FCPATH\index.php(67): CodeIgniter\CodeIgniter->run()
CRITICAL - 2023-07-13 11:30:26 --> syntax error, unexpected variable "$hours_to_half_day"
in APPPATH\Controllers\Testing.php on line 55.
 1 SYSTEMPATH\Autoloader\Autoloader.php(289): CodeIgniter\Autoloader\Autoloader->includeFile('APPPATH\\Controllers\\Testing.php')
 2 SYSTEMPATH\Autoloader\Autoloader.php(267): CodeIgniter\Autoloader\Autoloader->loadInNamespace('App\\Controllers\\Testing')
 3 [internal function]: CodeIgniter\Autoloader\Autoloader->loadClass('App\\Controllers\\Testing')
 4 SYSTEMPATH\CodeIgniter.php(892): class_exists('\\App\\Controllers\\Testing', true)
 5 SYSTEMPATH\CodeIgniter.php(486): CodeIgniter\CodeIgniter->startController()
 6 SYSTEMPATH\CodeIgniter.php(368): CodeIgniter\CodeIgniter->handleRequest(null, Object(Config\Cache), false)
 7 FCPATH\index.php(67): CodeIgniter\CodeIgniter->run()
CRITICAL - 2023-07-13 11:31:13 --> Undefined variable $day_status
in APPPATH\Controllers\Testing.php on line 63.
 1 APPPATH\Controllers\Testing.php(63): CodeIgniter\Debug\Exceptions->errorHandler(2, 'Undefined variable $day_status', 'APPPATH\\Controllers\\Testing.php', 63)
 2 SYSTEMPATH\CodeIgniter.php(934): App\Controllers\Testing->send_sms_oman()
 3 SYSTEMPATH\CodeIgniter.php(499): CodeIgniter\CodeIgniter->runController(Object(App\Controllers\Testing))
 4 SYSTEMPATH\CodeIgniter.php(368): CodeIgniter\CodeIgniter->handleRequest(null, Object(Config\Cache), false)
 5 FCPATH\index.php(67): CodeIgniter\CodeIgniter->run()
CRITICAL - 2023-07-13 11:39:22 --> Trying to access array offset on value of type null
in APPPATH\Helpers\apanel_helper.php on line 4627.
 1 APPPATH\Helpers\apanel_helper.php(4627): CodeIgniter\Debug\Exceptions->errorHandler(2, 'Trying to access array offset on value of type null', 'APPPATH\\Helpers\\apanel_helper.php', 4627)
 2 APPPATH\Controllers\Hr_manage.php(438): user_data('C:\\xampp\\htdocs\\SpriteGenix_app', 'staff_code')
 3 SYSTEMPATH\CodeIgniter.php(934): App\Controllers\Hr_manage->manual_push_punch()
 4 SYSTEMPATH\CodeIgniter.php(499): CodeIgniter\CodeIgniter->runController(Object(App\Controllers\Hr_manage))
 5 SYSTEMPATH\CodeIgniter.php(368): CodeIgniter\CodeIgniter->handleRequest(null, Object(Config\Cache), false)
 6 FCPATH\index.php(67): CodeIgniter\CodeIgniter->run()
