CRITICAL - 2023-04-06 05:20:05 --> Too few arguments to function add_payment(), 11 passed in C:\xampp\htdocs\SpriteGenix_app\app\Controllers\Invoices.php on line 1236 and at least 12 expected
in APPPATH\Helpers\apanel_helper.php on line 3477.
 1 APPPATH\Controllers\Invoices.php(1236): add_payment('21', '7', '100', '---', '3897', 'Eshwar-', 'C:\\xampp\\htdocs\\SpriteGenix_app', '2023-04-06 10:50:05', '45036', '1', 'sales')
 2 SYSTEMPATH\CodeIgniter.php(934): App\Controllers\Invoices->update_pay()
 3 SYSTEMPATH\CodeIgniter.php(499): CodeIgniter\CodeIgniter->runController(Object(App\Controllers\Invoices))
 4 SYSTEMPATH\CodeIgniter.php(368): CodeIgniter\CodeIgniter->handleRequest(null, Object(Config\Cache), false)
 5 FCPATH\index.php(67): CodeIgniter\CodeIgniter->run()
CRITICAL - 2023-04-06 05:20:19 --> Too few arguments to function add_payment(), 11 passed in C:\xampp\htdocs\SpriteGenix_app\app\Controllers\Invoices.php on line 1236 and at least 12 expected
in APPPATH\Helpers\apanel_helper.php on line 3477.
 1 APPPATH\Controllers\Invoices.php(1236): add_payment('21', '7', '100', '---', '3897', 'Eshwar-', 'C:\\xampp\\htdocs\\SpriteGenix_app', '2023-04-06 10:50:19', '24081', '1', 'sales')
 2 SYSTEMPATH\CodeIgniter.php(934): App\Controllers\Invoices->update_pay()
 3 SYSTEMPATH\CodeIgniter.php(499): CodeIgniter\CodeIgniter->runController(Object(App\Controllers\Invoices))
 4 SYSTEMPATH\CodeIgniter.php(368): CodeIgniter\CodeIgniter->handleRequest(null, Object(Config\Cache), false)
 5 FCPATH\index.php(67): CodeIgniter\CodeIgniter->run()
CRITICAL - 2023-04-06 05:20:34 --> Too few arguments to function add_payment(), 11 passed in C:\xampp\htdocs\SpriteGenix_app\app\Controllers\Invoices.php on line 1236 and at least 12 expected
in APPPATH\Helpers\apanel_helper.php on line 3477.
 1 APPPATH\Controllers\Invoices.php(1236): add_payment('21', '7', '100', '---', '3897', 'Eshwar-', 'C:\\xampp\\htdocs\\SpriteGenix_app', '2023-04-06 10:50:34', '56847', '1', 'sales')
 2 SYSTEMPATH\CodeIgniter.php(934): App\Controllers\Invoices->update_pay()
 3 SYSTEMPATH\CodeIgniter.php(499): CodeIgniter\CodeIgniter->runController(Object(App\Controllers\Invoices))
 4 SYSTEMPATH\CodeIgniter.php(368): CodeIgniter\CodeIgniter->handleRequest(null, Object(Config\Cache), false)
 5 FCPATH\index.php(67): CodeIgniter\CodeIgniter->run()
CRITICAL - 2023-04-06 05:20:50 --> Too few arguments to function add_payment(), 11 passed in C:\xampp\htdocs\SpriteGenix_app\app\Controllers\Invoices.php on line 1236 and at least 12 expected
in APPPATH\Helpers\apanel_helper.php on line 3477.
 1 APPPATH\Controllers\Invoices.php(1236): add_payment('21', '7', '4380', '---', '3897', 'Eshwar-', 'C:\\xampp\\htdocs\\SpriteGenix_app', '2023-04-06 10:50:50', '61438', '1', 'sales')
 2 SYSTEMPATH\CodeIgniter.php(934): App\Controllers\Invoices->update_pay()
 3 SYSTEMPATH\CodeIgniter.php(499): CodeIgniter\CodeIgniter->runController(Object(App\Controllers\Invoices))
 4 SYSTEMPATH\CodeIgniter.php(368): CodeIgniter\CodeIgniter->handleRequest(null, Object(Config\Cache), false)
 5 FCPATH\index.php(67): CodeIgniter\CodeIgniter->run()
CRITICAL - 2023-04-06 05:22:28 --> Trying to access array offset on value of type null
in APPPATH\Controllers\Voucher_entries.php on line 380.
 1 APPPATH\Controllers\Voucher_entries.php(380): CodeIgniter\Debug\Exceptions->errorHandler(2, 'Trying to access array offset on value of type null', 'APPPATH\\Controllers\\Voucher_entries.php', 380)
 2 SYSTEMPATH\CodeIgniter.php(934): App\Controllers\Voucher_entries->edit('0')
 3 SYSTEMPATH\CodeIgniter.php(499): CodeIgniter\CodeIgniter->runController(Object(App\Controllers\Voucher_entries))
 4 SYSTEMPATH\CodeIgniter.php(368): CodeIgniter\CodeIgniter->handleRequest(null, Object(Config\Cache), false)
 5 FCPATH\index.php(67): CodeIgniter\CodeIgniter->run()
CRITICAL - 2023-04-06 09:01:45 --> syntax error, unexpected token "="
in APPPATH\Controllers\Accounting_library.php on line 324.
 1 SYSTEMPATH\Autoloader\Autoloader.php(289): CodeIgniter\Autoloader\Autoloader->includeFile('APPPATH\\Controllers\\Accounting_library.php')
 2 SYSTEMPATH\Autoloader\Autoloader.php(267): CodeIgniter\Autoloader\Autoloader->loadInNamespace('App\\Controllers\\Accounting_library')
 3 [internal function]: CodeIgniter\Autoloader\Autoloader->loadClass('App\\Controllers\\Accounting_library')
 4 SYSTEMPATH\CodeIgniter.php(892): class_exists('\\App\\Controllers\\Accounting_library', true)
 5 SYSTEMPATH\CodeIgniter.php(486): CodeIgniter\CodeIgniter->startController()
 6 SYSTEMPATH\CodeIgniter.php(368): CodeIgniter\CodeIgniter->handleRequest(null, Object(Config\Cache), false)
 7 FCPATH\index.php(67): CodeIgniter\CodeIgniter->run()
CRITICAL - 2023-04-06 09:01:47 --> syntax error, unexpected token "="
in APPPATH\Controllers\Accounting_library.php on line 324.
 1 SYSTEMPATH\Autoloader\Autoloader.php(289): CodeIgniter\Autoloader\Autoloader->includeFile('APPPATH\\Controllers\\Accounting_library.php')
 2 SYSTEMPATH\Autoloader\Autoloader.php(267): CodeIgniter\Autoloader\Autoloader->loadInNamespace('App\\Controllers\\Accounting_library')
 3 [internal function]: CodeIgniter\Autoloader\Autoloader->loadClass('App\\Controllers\\Accounting_library')
 4 SYSTEMPATH\CodeIgniter.php(892): class_exists('\\App\\Controllers\\Accounting_library', true)
 5 SYSTEMPATH\CodeIgniter.php(486): CodeIgniter\CodeIgniter->startController()
 6 SYSTEMPATH\CodeIgniter.php(368): CodeIgniter\CodeIgniter->handleRequest(null, Object(Config\Cache), false)
 7 FCPATH\index.php(67): CodeIgniter\CodeIgniter->run()
CRITICAL - 2023-04-06 09:01:56 --> syntax error, unexpected token "="
in APPPATH\Controllers\Accounting_library.php on line 324.
 1 SYSTEMPATH\Autoloader\Autoloader.php(289): CodeIgniter\Autoloader\Autoloader->includeFile('APPPATH\\Controllers\\Accounting_library.php')
 2 SYSTEMPATH\Autoloader\Autoloader.php(267): CodeIgniter\Autoloader\Autoloader->loadInNamespace('App\\Controllers\\Accounting_library')
 3 [internal function]: CodeIgniter\Autoloader\Autoloader->loadClass('App\\Controllers\\Accounting_library')
 4 SYSTEMPATH\CodeIgniter.php(892): class_exists('\\App\\Controllers\\Accounting_library', true)
 5 SYSTEMPATH\CodeIgniter.php(486): CodeIgniter\CodeIgniter->startController()
 6 SYSTEMPATH\CodeIgniter.php(368): CodeIgniter\CodeIgniter->handleRequest(null, Object(Config\Cache), false)
 7 FCPATH\index.php(67): CodeIgniter\CodeIgniter->run()
CRITICAL - 2023-04-06 09:02:00 --> syntax error, unexpected token "="
in APPPATH\Controllers\Accounting_library.php on line 324.
 1 SYSTEMPATH\Autoloader\Autoloader.php(289): CodeIgniter\Autoloader\Autoloader->includeFile('APPPATH\\Controllers\\Accounting_library.php')
 2 SYSTEMPATH\Autoloader\Autoloader.php(267): CodeIgniter\Autoloader\Autoloader->loadInNamespace('App\\Controllers\\Accounting_library')
 3 [internal function]: CodeIgniter\Autoloader\Autoloader->loadClass('App\\Controllers\\Accounting_library')
 4 SYSTEMPATH\CodeIgniter.php(892): class_exists('\\App\\Controllers\\Accounting_library', true)
 5 SYSTEMPATH\CodeIgniter.php(486): CodeIgniter\CodeIgniter->startController()
 6 SYSTEMPATH\CodeIgniter.php(368): CodeIgniter\CodeIgniter->handleRequest(null, Object(Config\Cache), false)
 7 FCPATH\index.php(67): CodeIgniter\CodeIgniter->run()
CRITICAL - 2023-04-06 09:02:04 --> syntax error, unexpected token "="
in APPPATH\Controllers\Accounting_library.php on line 324.
 1 SYSTEMPATH\Autoloader\Autoloader.php(289): CodeIgniter\Autoloader\Autoloader->includeFile('APPPATH\\Controllers\\Accounting_library.php')
 2 SYSTEMPATH\Autoloader\Autoloader.php(267): CodeIgniter\Autoloader\Autoloader->loadInNamespace('App\\Controllers\\Accounting_library')
 3 [internal function]: CodeIgniter\Autoloader\Autoloader->loadClass('App\\Controllers\\Accounting_library')
 4 SYSTEMPATH\CodeIgniter.php(892): class_exists('\\App\\Controllers\\Accounting_library', true)
 5 SYSTEMPATH\CodeIgniter.php(486): CodeIgniter\CodeIgniter->startController()
 6 SYSTEMPATH\CodeIgniter.php(368): CodeIgniter\CodeIgniter->handleRequest(null, Object(Config\Cache), false)
 7 FCPATH\index.php(67): CodeIgniter\CodeIgniter->run()
CRITICAL - 2023-04-06 09:34:08 --> Undefined variable $product_id
in APPPATH\Controllers\Sales.php on line 678.
 1 APPPATH\Controllers\Sales.php(678): CodeIgniter\Debug\Exceptions->errorHandler(2, 'Undefined variable $product_id', 'APPPATH\\Controllers\\Sales.php', 678)
 2 SYSTEMPATH\CodeIgniter.php(934): App\Controllers\Sales->update_invoice('7')
 3 SYSTEMPATH\CodeIgniter.php(499): CodeIgniter\CodeIgniter->runController(Object(App\Controllers\Sales))
 4 SYSTEMPATH\CodeIgniter.php(368): CodeIgniter\CodeIgniter->handleRequest(null, Object(Config\Cache), false)
 5 FCPATH\index.php(67): CodeIgniter\CodeIgniter->run()
CRITICAL - 2023-04-06 10:08:48 --> Undefined variable $p_conversion_unit_rate
in APPPATH\Controllers\Sales.php on line 784.
 1 APPPATH\Controllers\Sales.php(784): CodeIgniter\Debug\Exceptions->errorHandler(2, 'Undefined variable $p_conversion_unit_rate', 'APPPATH\\Controllers\\Sales.php', 784)
 2 SYSTEMPATH\CodeIgniter.php(934): App\Controllers\Sales->update_invoice('10')
 3 SYSTEMPATH\CodeIgniter.php(499): CodeIgniter\CodeIgniter->runController(Object(App\Controllers\Sales))
 4 SYSTEMPATH\CodeIgniter.php(368): CodeIgniter\CodeIgniter->handleRequest(null, Object(Config\Cache), false)
 5 FCPATH\index.php(67): CodeIgniter\CodeIgniter->run()
