CRITICAL - 2023-03-20 03:53:53 --> Call to undefined function all_users_array()
in APPPATH\Views\hr_manage\leave_management.php on line 51.
 1 SYSTEMPATH\View\View.php(213): include()
 2 SYSTEMPATH\View\View.php(216): CodeIgniter\View\View->CodeIgniter\View\{closure}()
 3 SYSTEMPATH\Common.php(1184): CodeIgniter\View\View->render('hr_manage/leave_management', [], true)
 4 APPPATH\Controllers\Hr_manage.php(545): view('hr_manage/leave_management')
 5 SYSTEMPATH\CodeIgniter.php(934): App\Controllers\Hr_manage->leave_management()
 6 SYSTEMPATH\CodeIgniter.php(499): CodeIgniter\CodeIgniter->runController(Object(App\Controllers\Hr_manage))
 7 SYSTEMPATH\CodeIgniter.php(368): CodeIgniter\CodeIgniter->handleRequest(null, Object(Config\Cache), false)
 8 FCPATH\index.php(67): CodeIgniter\CodeIgniter->run()
CRITICAL - 2023-03-20 03:55:15 --> Call to undefined function all_users_array()
in APPPATH\Views\hr_manage\leave_management.php on line 51.
 1 SYSTEMPATH\View\View.php(213): include()
 2 SYSTEMPATH\View\View.php(216): CodeIgniter\View\View->CodeIgniter\View\{closure}()
 3 SYSTEMPATH\Common.php(1184): CodeIgniter\View\View->render('hr_manage/leave_management', [], true)
 4 APPPATH\Controllers\Hr_manage.php(545): view('hr_manage/leave_management')
 5 SYSTEMPATH\CodeIgniter.php(934): App\Controllers\Hr_manage->leave_management()
 6 SYSTEMPATH\CodeIgniter.php(499): CodeIgniter\CodeIgniter->runController(Object(App\Controllers\Hr_manage))
 7 SYSTEMPATH\CodeIgniter.php(368): CodeIgniter\CodeIgniter->handleRequest(null, Object(Config\Cache), false)
 8 FCPATH\index.php(67): CodeIgniter\CodeIgniter->run()
CRITICAL - 2023-03-20 03:57:50 --> Undefined array key "user_id"
in APPPATH\Views\hr_manage\leave_management.php on line 151.
 1 APPPATH\Views\hr_manage\leave_management.php(151): CodeIgniter\Debug\Exceptions->errorHandler(2, 'Undefined array key "user_id"', 'APPPATH\\Views\\hr_manage\\leave_management.php', 151)
 2 SYSTEMPATH\View\View.php(213): include('APPPATH\\Views\\hr_manage\\leave_management.php')
 3 SYSTEMPATH\View\View.php(216): CodeIgniter\View\View->CodeIgniter\View\{closure}()
 4 SYSTEMPATH\Common.php(1184): CodeIgniter\View\View->render('hr_manage/leave_management', [], true)
 5 APPPATH\Controllers\Hr_manage.php(545): view('hr_manage/leave_management')
 6 SYSTEMPATH\CodeIgniter.php(934): App\Controllers\Hr_manage->leave_management()
 7 SYSTEMPATH\CodeIgniter.php(499): CodeIgniter\CodeIgniter->runController(Object(App\Controllers\Hr_manage))
 8 SYSTEMPATH\CodeIgniter.php(368): CodeIgniter\CodeIgniter->handleRequest(null, Object(Config\Cache), false)
 9 FCPATH\index.php(67): CodeIgniter\CodeIgniter->run()
CRITICAL - 2023-03-20 03:59:55 --> Undefined variable $attend_date
in APPPATH\Views\hr_manage\leave_management.php on line 52.
 1 APPPATH\Views\hr_manage\leave_management.php(52): CodeIgniter\Debug\Exceptions->errorHandler(2, 'Undefined variable $attend_date', 'APPPATH\\Views\\hr_manage\\leave_management.php', 52)
 2 SYSTEMPATH\View\View.php(213): include('APPPATH\\Views\\hr_manage\\leave_management.php')
 3 SYSTEMPATH\View\View.php(216): CodeIgniter\View\View->CodeIgniter\View\{closure}()
 4 SYSTEMPATH\Common.php(1184): CodeIgniter\View\View->render('hr_manage/leave_management', [], true)
 5 APPPATH\Controllers\Hr_manage.php(545): view('hr_manage/leave_management')
 6 SYSTEMPATH\CodeIgniter.php(934): App\Controllers\Hr_manage->leave_management()
 7 SYSTEMPATH\CodeIgniter.php(499): CodeIgniter\CodeIgniter->runController(Object(App\Controllers\Hr_manage))
 8 SYSTEMPATH\CodeIgniter.php(368): CodeIgniter\CodeIgniter->handleRequest(null, Object(Config\Cache), false)
 9 FCPATH\index.php(67): CodeIgniter\CodeIgniter->run()
CRITICAL - 2023-03-20 04:20:25 --> Invalid file: "products/products.php"
in SYSTEMPATH\Exceptions\FrameworkException.php on line 33.
 1 SYSTEMPATH\View\View.php(201): CodeIgniter\Exceptions\FrameworkException::forInvalidFile('products/products.php')
 2 SYSTEMPATH\Common.php(1184): CodeIgniter\View\View->render('products/products', [], true)
 3 APPPATH\Controllers\Products.php(207): view('products/products', [...])
 4 SYSTEMPATH\CodeIgniter.php(934): App\Controllers\Products->index()
 5 SYSTEMPATH\CodeIgniter.php(499): CodeIgniter\CodeIgniter->runController(Object(App\Controllers\Products))
 6 SYSTEMPATH\CodeIgniter.php(368): CodeIgniter\CodeIgniter->handleRequest(null, Object(Config\Cache), false)
 7 FCPATH\index.php(67): CodeIgniter\CodeIgniter->run()
CRITICAL - 2023-03-20 04:22:47 --> Undefined variable $pager
in APPPATH\Views\products\products.php on line 553.
 1 APPPATH\Views\products\products.php(553): CodeIgniter\Debug\Exceptions->errorHandler(2, 'Undefined variable $pager', 'APPPATH\\Views\\products\\products.php', 553)
 2 SYSTEMPATH\View\View.php(213): include('APPPATH\\Views\\products\\products.php')
 3 SYSTEMPATH\View\View.php(216): CodeIgniter\View\View->CodeIgniter\View\{closure}()
 4 SYSTEMPATH\Common.php(1184): CodeIgniter\View\View->render('products/products', [], true)
 5 APPPATH\Controllers\Products.php(207): view('products/products', [...])
 6 SYSTEMPATH\CodeIgniter.php(934): App\Controllers\Products->index()
 7 SYSTEMPATH\CodeIgniter.php(499): CodeIgniter\CodeIgniter->runController(Object(App\Controllers\Products))
 8 SYSTEMPATH\CodeIgniter.php(368): CodeIgniter\CodeIgniter->handleRequest(null, Object(Config\Cache), false)
 9 FCPATH\index.php(67): CodeIgniter\CodeIgniter->run()
CRITICAL - 2023-03-20 04:39:25 --> Undefined variable $pager
in APPPATH\Views\products\easy_edit.php on line 156.
 1 APPPATH\Views\products\easy_edit.php(156): CodeIgniter\Debug\Exceptions->errorHandler(2, 'Undefined variable $pager', 'APPPATH\\Views\\products\\easy_edit.php', 156)
 2 SYSTEMPATH\View\View.php(213): include('APPPATH\\Views\\products\\easy_edit.php')
 3 SYSTEMPATH\View\View.php(216): CodeIgniter\View\View->CodeIgniter\View\{closure}()
 4 SYSTEMPATH\Common.php(1184): CodeIgniter\View\View->render('products/easy_edit', [], true)
 5 APPPATH\Controllers\Easy_edit.php(90): view('products/easy_edit', [...])
 6 SYSTEMPATH\CodeIgniter.php(934): App\Controllers\Easy_edit->index()
 7 SYSTEMPATH\CodeIgniter.php(499): CodeIgniter\CodeIgniter->runController(Object(App\Controllers\Easy_edit))
 8 SYSTEMPATH\CodeIgniter.php(368): CodeIgniter\CodeIgniter->handleRequest(null, Object(Config\Cache), false)
 9 FCPATH\index.php(67): CodeIgniter\CodeIgniter->run()
CRITICAL - 2023-03-20 04:39:36 --> Undefined variable $pager
in APPPATH\Views\products\easy_edit.php on line 156.
 1 APPPATH\Views\products\easy_edit.php(156): CodeIgniter\Debug\Exceptions->errorHandler(2, 'Undefined variable $pager', 'APPPATH\\Views\\products\\easy_edit.php', 156)
 2 SYSTEMPATH\View\View.php(213): include('APPPATH\\Views\\products\\easy_edit.php')
 3 SYSTEMPATH\View\View.php(216): CodeIgniter\View\View->CodeIgniter\View\{closure}()
 4 SYSTEMPATH\Common.php(1184): CodeIgniter\View\View->render('products/easy_edit', [], true)
 5 APPPATH\Controllers\Easy_edit.php(90): view('products/easy_edit', [...])
 6 SYSTEMPATH\CodeIgniter.php(934): App\Controllers\Easy_edit->index()
 7 SYSTEMPATH\CodeIgniter.php(499): CodeIgniter\CodeIgniter->runController(Object(App\Controllers\Easy_edit))
 8 SYSTEMPATH\CodeIgniter.php(368): CodeIgniter\CodeIgniter->handleRequest(null, Object(Config\Cache), false)
 9 FCPATH\index.php(67): CodeIgniter\CodeIgniter->run()
CRITICAL - 2023-03-20 05:43:39 --> Undefined array key "display_name"
in APPPATH\Views\payroll\basic_salary_table.php on line 117.
 1 APPPATH\Views\payroll\basic_salary_table.php(117): CodeIgniter\Debug\Exceptions->errorHandler(2, 'Undefined array key "display_name"', 'APPPATH\\Views\\payroll\\basic_salary_table.php', 117)
 2 SYSTEMPATH\View\View.php(213): include('APPPATH\\Views\\payroll\\basic_salary_table.php')
 3 SYSTEMPATH\View\View.php(216): CodeIgniter\View\View->CodeIgniter\View\{closure}()
 4 SYSTEMPATH\Common.php(1184): CodeIgniter\View\View->render('payroll/basic_salary_table', [], true)
 5 APPPATH\Controllers\Payroll.php(87): view('payroll/basic_salary_table')
 6 SYSTEMPATH\CodeIgniter.php(934): App\Controllers\Payroll->basic_salary()
 7 SYSTEMPATH\CodeIgniter.php(499): CodeIgniter\CodeIgniter->runController(Object(App\Controllers\Payroll))
 8 SYSTEMPATH\CodeIgniter.php(368): CodeIgniter\CodeIgniter->handleRequest(null, Object(Config\Cache), false)
 9 FCPATH\index.php(67): CodeIgniter\CodeIgniter->run()
CRITICAL - 2023-03-20 05:45:55 --> syntax error, unexpected token "<"
in APPPATH\Views\payroll\basic_salary_table.php on line 117.
 1 SYSTEMPATH\View\View.php(216): CodeIgniter\View\View->CodeIgniter\View\{closure}()
 2 SYSTEMPATH\Common.php(1184): CodeIgniter\View\View->render('payroll/basic_salary_table', [], true)
 3 APPPATH\Controllers\Payroll.php(87): view('payroll/basic_salary_table')
 4 SYSTEMPATH\CodeIgniter.php(934): App\Controllers\Payroll->basic_salary()
 5 SYSTEMPATH\CodeIgniter.php(499): CodeIgniter\CodeIgniter->runController(Object(App\Controllers\Payroll))
 6 SYSTEMPATH\CodeIgniter.php(368): CodeIgniter\CodeIgniter->handleRequest(null, Object(Config\Cache), false)
 7 FCPATH\index.php(67): CodeIgniter\CodeIgniter->run()
CRITICAL - 2023-03-20 05:46:14 --> Trying to access array offset on value of type null
in APPPATH\Helpers\apanel_helper.php on line 4185.
 1 APPPATH\Helpers\apanel_helper.php(4185): CodeIgniter\Debug\Exceptions->errorHandler(2, 'Trying to access array offset on value of type null', 'APPPATH\\Helpers\\apanel_helper.php', 4185)
 2 APPPATH\Helpers\payroll_helper.php(19): company('1')
 3 APPPATH\Views\payroll\basic_salary_table.php(132): basic_salary_employee('1', '2023-1-01')
 4 SYSTEMPATH\View\View.php(213): include('APPPATH\\Views\\payroll\\basic_salary_table.php')
 5 SYSTEMPATH\View\View.php(216): CodeIgniter\View\View->CodeIgniter\View\{closure}()
 6 SYSTEMPATH\Common.php(1184): CodeIgniter\View\View->render('payroll/basic_salary_table', [], true)
 7 APPPATH\Controllers\Payroll.php(87): view('payroll/basic_salary_table')
 8 SYSTEMPATH\CodeIgniter.php(934): App\Controllers\Payroll->basic_salary()
 9 SYSTEMPATH\CodeIgniter.php(499): CodeIgniter\CodeIgniter->runController(Object(App\Controllers\Payroll))
10 SYSTEMPATH\CodeIgniter.php(368): CodeIgniter\CodeIgniter->handleRequest(null, Object(Config\Cache), false)
11 FCPATH\index.php(67): CodeIgniter\CodeIgniter->run()
CRITICAL - 2023-03-20 05:50:05 --> Undefined variable $pager
in APPPATH\Views\payroll\basic_salary_table.php on line 117.
 1 APPPATH\Views\payroll\basic_salary_table.php(117): CodeIgniter\Debug\Exceptions->errorHandler(2, 'Undefined variable $pager', 'APPPATH\\Views\\payroll\\basic_salary_table.php', 117)
 2 SYSTEMPATH\View\View.php(213): include('APPPATH\\Views\\payroll\\basic_salary_table.php')
 3 SYSTEMPATH\View\View.php(216): CodeIgniter\View\View->CodeIgniter\View\{closure}()
 4 SYSTEMPATH\Common.php(1184): CodeIgniter\View\View->render('payroll/basic_salary_table', [], true)
 5 APPPATH\Controllers\Payroll.php(87): view('payroll/basic_salary_table')
 6 SYSTEMPATH\CodeIgniter.php(934): App\Controllers\Payroll->basic_salary()
 7 SYSTEMPATH\CodeIgniter.php(499): CodeIgniter\CodeIgniter->runController(Object(App\Controllers\Payroll))
 8 SYSTEMPATH\CodeIgniter.php(368): CodeIgniter\CodeIgniter->handleRequest(null, Object(Config\Cache), false)
 9 FCPATH\index.php(67): CodeIgniter\CodeIgniter->run()
CRITICAL - 2023-03-20 07:06:38 --> Undefined variable $attend_date
in APPPATH\Views\payroll\basic_salary_table.php on line 112.
 1 APPPATH\Views\payroll\basic_salary_table.php(112): CodeIgniter\Debug\Exceptions->errorHandler(2, 'Undefined variable $attend_date', 'APPPATH\\Views\\payroll\\basic_salary_table.php', 112)
 2 SYSTEMPATH\View\View.php(213): include('APPPATH\\Views\\payroll\\basic_salary_table.php')
 3 SYSTEMPATH\View\View.php(216): CodeIgniter\View\View->CodeIgniter\View\{closure}()
 4 SYSTEMPATH\Common.php(1184): CodeIgniter\View\View->render('payroll/basic_salary_table', [], true)
 5 APPPATH\Controllers\Payroll.php(87): view('payroll/basic_salary_table')
 6 SYSTEMPATH\CodeIgniter.php(934): App\Controllers\Payroll->basic_salary()
 7 SYSTEMPATH\CodeIgniter.php(499): CodeIgniter\CodeIgniter->runController(Object(App\Controllers\Payroll))
 8 SYSTEMPATH\CodeIgniter.php(368): CodeIgniter\CodeIgniter->handleRequest(null, Object(Config\Cache), false)
 9 FCPATH\index.php(67): CodeIgniter\CodeIgniter->run()
CRITICAL - 2023-03-20 08:26:14 --> syntax error, unexpected token "->", expecting identifier or variable or "{" or "$"
in APPPATH\Helpers\payroll_helper.php on line 19.
 1 SYSTEMPATH\Controller.php(85): helper([...])
 2 APPPATH\Controllers\BaseController.php(46): CodeIgniter\Controller->initController(Object(CodeIgniter\HTTP\IncomingRequest), Object(CodeIgniter\HTTP\Response), Object(CodeIgniter\Log\Logger))
 3 SYSTEMPATH\CodeIgniter.php(907): App\Controllers\BaseController->initController(Object(CodeIgniter\HTTP\IncomingRequest), Object(CodeIgniter\HTTP\Response), Object(CodeIgniter\Log\Logger))
 4 SYSTEMPATH\CodeIgniter.php(490): CodeIgniter\CodeIgniter->createController()
 5 SYSTEMPATH\CodeIgniter.php(368): CodeIgniter\CodeIgniter->handleRequest(null, Object(Config\Cache), false)
 6 FCPATH\index.php(67): CodeIgniter\CodeIgniter->run()
CRITICAL - 2023-03-20 08:45:50 --> Call to undefined function is_school()
in APPPATH\Views\dashboard.php on line 9.
 1 SYSTEMPATH\View\View.php(213): include()
 2 SYSTEMPATH\View\View.php(216): CodeIgniter\View\View->CodeIgniter\View\{closure}()
 3 SYSTEMPATH\Common.php(1184): CodeIgniter\View\View->render('dashboard', [], true)
 4 APPPATH\Controllers\Home.php(123): view('dashboard')
 5 SYSTEMPATH\CodeIgniter.php(934): App\Controllers\Home->index()
 6 SYSTEMPATH\CodeIgniter.php(499): CodeIgniter\CodeIgniter->runController(Object(App\Controllers\Home))
 7 SYSTEMPATH\CodeIgniter.php(368): CodeIgniter\CodeIgniter->handleRequest(null, Object(Config\Cache), false)
 8 FCPATH\index.php(67): CodeIgniter\CodeIgniter->run()
CRITICAL - 2023-03-20 08:46:30 --> Undefined array key "school"
in APPPATH\Helpers\auth_helper.php on line 114.
 1 APPPATH\Helpers\auth_helper.php(114): CodeIgniter\Debug\Exceptions->errorHandler(2, 'Undefined array key "school"', 'APPPATH\\Helpers\\auth_helper.php', 114)
 2 APPPATH\Views\dashboard.php(9): is_school('1')
 3 SYSTEMPATH\View\View.php(213): include('APPPATH\\Views\\dashboard.php')
 4 SYSTEMPATH\View\View.php(216): CodeIgniter\View\View->CodeIgniter\View\{closure}()
 5 SYSTEMPATH\Common.php(1184): CodeIgniter\View\View->render('dashboard', [], true)
 6 APPPATH\Controllers\Home.php(123): view('dashboard')
 7 SYSTEMPATH\CodeIgniter.php(934): App\Controllers\Home->index()
 8 SYSTEMPATH\CodeIgniter.php(499): CodeIgniter\CodeIgniter->runController(Object(App\Controllers\Home))
 9 SYSTEMPATH\CodeIgniter.php(368): CodeIgniter\CodeIgniter->handleRequest(null, Object(Config\Cache), false)
10 FCPATH\index.php(67): CodeIgniter\CodeIgniter->run()
CRITICAL - 2023-03-20 09:30:07 --> Undefined variable $user_data
in APPPATH\Views\payroll\create_payroll.php on line 118.
 1 APPPATH\Views\payroll\create_payroll.php(118): CodeIgniter\Debug\Exceptions->errorHandler(2, 'Undefined variable $user_data', 'APPPATH\\Views\\payroll\\create_payroll.php', 118)
 2 SYSTEMPATH\View\View.php(213): include('APPPATH\\Views\\payroll\\create_payroll.php')
 3 SYSTEMPATH\View\View.php(216): CodeIgniter\View\View->CodeIgniter\View\{closure}()
 4 SYSTEMPATH\Common.php(1184): CodeIgniter\View\View->render('payroll/create_payroll', [], true)
 5 APPPATH\Controllers\Payroll.php(184): view('payroll/create_payroll')
 6 SYSTEMPATH\CodeIgniter.php(934): App\Controllers\Payroll->create_payroll()
 7 SYSTEMPATH\CodeIgniter.php(499): CodeIgniter\CodeIgniter->runController(Object(App\Controllers\Payroll))
 8 SYSTEMPATH\CodeIgniter.php(368): CodeIgniter\CodeIgniter->handleRequest(null, Object(Config\Cache), false)
 9 FCPATH\index.php(67): CodeIgniter\CodeIgniter->run()
CRITICAL - 2023-03-20 10:56:09 --> Undefined variable $monthly_salary
in APPPATH\Views\payroll\edit.php on line 145.
 1 APPPATH\Views\payroll\edit.php(145): CodeIgniter\Debug\Exceptions->errorHandler(2, 'Undefined variable $monthly_salary', 'APPPATH\\Views\\payroll\\edit.php', 145)
 2 SYSTEMPATH\View\View.php(213): include('APPPATH\\Views\\payroll\\edit.php')
 3 SYSTEMPATH\View\View.php(216): CodeIgniter\View\View->CodeIgniter\View\{closure}()
 4 SYSTEMPATH\Common.php(1184): CodeIgniter\View\View->render('payroll/edit', [], true)
 5 APPPATH\Controllers\Payroll.php(313): view('payroll/edit')
 6 SYSTEMPATH\CodeIgniter.php(934): App\Controllers\Payroll->edit('4')
 7 SYSTEMPATH\CodeIgniter.php(499): CodeIgniter\CodeIgniter->runController(Object(App\Controllers\Payroll))
 8 SYSTEMPATH\CodeIgniter.php(368): CodeIgniter\CodeIgniter->handleRequest(null, Object(Config\Cache), false)
 9 FCPATH\index.php(67): CodeIgniter\CodeIgniter->run()
CRITICAL - 2023-03-20 11:07:15 --> Call to undefined function App\Controllers\get_payroll_data()
in APPPATH\Controllers\Payroll.php on line 420.
 1 SYSTEMPATH\CodeIgniter.php(934): App\Controllers\Payroll->edit_payroll('4')
 2 SYSTEMPATH\CodeIgniter.php(499): CodeIgniter\CodeIgniter->runController(Object(App\Controllers\Payroll))
 3 SYSTEMPATH\CodeIgniter.php(368): CodeIgniter\CodeIgniter->handleRequest(null, Object(Config\Cache), false)
 4 FCPATH\index.php(67): CodeIgniter\CodeIgniter->run()
CRITICAL - 2023-03-20 11:09:26 --> Call to undefined function App\Controllers\get_payroll_data()
in APPPATH\Controllers\Payroll.php on line 420.
 1 SYSTEMPATH\CodeIgniter.php(934): App\Controllers\Payroll->edit_payroll('4')
 2 SYSTEMPATH\CodeIgniter.php(499): CodeIgniter\CodeIgniter->runController(Object(App\Controllers\Payroll))
 3 SYSTEMPATH\CodeIgniter.php(368): CodeIgniter\CodeIgniter->handleRequest(null, Object(Config\Cache), false)
 4 FCPATH\index.php(67): CodeIgniter\CodeIgniter->run()
CRITICAL - 2023-03-20 11:09:29 --> Call to undefined function App\Controllers\get_payroll_data()
in APPPATH\Controllers\Payroll.php on line 420.
 1 SYSTEMPATH\CodeIgniter.php(934): App\Controllers\Payroll->edit_payroll('4')
 2 SYSTEMPATH\CodeIgniter.php(499): CodeIgniter\CodeIgniter->runController(Object(App\Controllers\Payroll))
 3 SYSTEMPATH\CodeIgniter.php(368): CodeIgniter\CodeIgniter->handleRequest(null, Object(Config\Cache), false)
 4 FCPATH\index.php(67): CodeIgniter\CodeIgniter->run()
