CRITICAL - 2023-04-05 03:23:05 --> Undefined array key "product_name"
in APPPATH\Models\ProductsModel.php on line 18.
 1 APPPATH\Models\ProductsModel.php(18): CodeIgniter\Debug\Exceptions->errorHandler(2, 'Undefined array key "product_name"', 'APPPATH\\Models\\ProductsModel.php', 18)
 2 SYSTEMPATH\BaseModel.php(1562): App\Models\ProductsModel->beforeUpdate([...])
 3 SYSTEMPATH\BaseModel.php(937): CodeIgniter\BaseModel->trigger('beforeUpdate', [...])
 4 SYSTEMPATH\Model.php(756): CodeIgniter\BaseModel->update([...], [...])
 5 APPPATH\Controllers\Accounting_library.php(168): CodeIgniter\Model->update('1', [...])
 6 SYSTEMPATH\CodeIgniter.php(934): App\Controllers\Accounting_library->index()
 7 SYSTEMPATH\CodeIgniter.php(499): CodeIgniter\CodeIgniter->runController(Object(App\Controllers\Accounting_library))
 8 SYSTEMPATH\CodeIgniter.php(368): CodeIgniter\CodeIgniter->handleRequest(null, Object(Config\Cache), false)
 9 FCPATH\index.php(67): CodeIgniter\CodeIgniter->run()
CRITICAL - 2023-04-05 03:23:09 --> Undefined array key "product_name"
in APPPATH\Models\ProductsModel.php on line 18.
 1 APPPATH\Models\ProductsModel.php(18): CodeIgniter\Debug\Exceptions->errorHandler(2, 'Undefined array key "product_name"', 'APPPATH\\Models\\ProductsModel.php', 18)
 2 SYSTEMPATH\BaseModel.php(1562): App\Models\ProductsModel->beforeUpdate([...])
 3 SYSTEMPATH\BaseModel.php(937): CodeIgniter\BaseModel->trigger('beforeUpdate', [...])
 4 SYSTEMPATH\Model.php(756): CodeIgniter\BaseModel->update([...], [...])
 5 APPPATH\Controllers\Accounting_library.php(168): CodeIgniter\Model->update('1', [...])
 6 SYSTEMPATH\CodeIgniter.php(934): App\Controllers\Accounting_library->index()
 7 SYSTEMPATH\CodeIgniter.php(499): CodeIgniter\CodeIgniter->runController(Object(App\Controllers\Accounting_library))
 8 SYSTEMPATH\CodeIgniter.php(368): CodeIgniter\CodeIgniter->handleRequest(null, Object(Config\Cache), false)
 9 FCPATH\index.php(67): CodeIgniter\CodeIgniter->run()
CRITICAL - 2023-04-05 03:23:14 --> Undefined array key "product_name"
in APPPATH\Models\ProductsModel.php on line 18.
 1 APPPATH\Models\ProductsModel.php(18): CodeIgniter\Debug\Exceptions->errorHandler(2, 'Undefined array key "product_name"', 'APPPATH\\Models\\ProductsModel.php', 18)
 2 SYSTEMPATH\BaseModel.php(1562): App\Models\ProductsModel->beforeUpdate([...])
 3 SYSTEMPATH\BaseModel.php(937): CodeIgniter\BaseModel->trigger('beforeUpdate', [...])
 4 SYSTEMPATH\Model.php(756): CodeIgniter\BaseModel->update([...], [...])
 5 APPPATH\Controllers\Accounting_library.php(168): CodeIgniter\Model->update('1', [...])
 6 SYSTEMPATH\CodeIgniter.php(934): App\Controllers\Accounting_library->index()
 7 SYSTEMPATH\CodeIgniter.php(499): CodeIgniter\CodeIgniter->runController(Object(App\Controllers\Accounting_library))
 8 SYSTEMPATH\CodeIgniter.php(368): CodeIgniter\CodeIgniter->handleRequest(null, Object(Config\Cache), false)
 9 FCPATH\index.php(67): CodeIgniter\CodeIgniter->run()
CRITICAL - 2023-04-05 03:26:05 --> Undefined array key "start"
in APPPATH\Controllers\Sales.php on line 1098.
 1 APPPATH\Controllers\Sales.php(1098): CodeIgniter\Debug\Exceptions->errorHandler(2, 'Undefined array key "start"', 'APPPATH\\Controllers\\Sales.php', 1098)
 2 SYSTEMPATH\CodeIgniter.php(934): App\Controllers\Sales->display_products()
 3 SYSTEMPATH\CodeIgniter.php(499): CodeIgniter\CodeIgniter->runController(Object(App\Controllers\Sales))
 4 SYSTEMPATH\CodeIgniter.php(368): CodeIgniter\CodeIgniter->handleRequest(null, Object(Config\Cache), false)
 5 FCPATH\index.php(67): CodeIgniter\CodeIgniter->run()
CRITICAL - 2023-04-05 03:26:12 --> Undefined array key "start"
in APPPATH\Controllers\Sales.php on line 1098.
 1 APPPATH\Controllers\Sales.php(1098): CodeIgniter\Debug\Exceptions->errorHandler(2, 'Undefined array key "start"', 'APPPATH\\Controllers\\Sales.php', 1098)
 2 SYSTEMPATH\CodeIgniter.php(934): App\Controllers\Sales->display_products()
 3 SYSTEMPATH\CodeIgniter.php(499): CodeIgniter\CodeIgniter->runController(Object(App\Controllers\Sales))
 4 SYSTEMPATH\CodeIgniter.php(368): CodeIgniter\CodeIgniter->handleRequest(null, Object(Config\Cache), false)
 5 FCPATH\index.php(67): CodeIgniter\CodeIgniter->run()
CRITICAL - 2023-04-05 03:28:32 --> Undefined array key "product_name"
in APPPATH\Models\ProductsModel.php on line 18.
 1 APPPATH\Models\ProductsModel.php(18): CodeIgniter\Debug\Exceptions->errorHandler(2, 'Undefined array key "product_name"', 'APPPATH\\Models\\ProductsModel.php', 18)
 2 SYSTEMPATH\BaseModel.php(1562): App\Models\ProductsModel->beforeUpdate([...])
 3 SYSTEMPATH\BaseModel.php(937): CodeIgniter\BaseModel->trigger('beforeUpdate', [...])
 4 SYSTEMPATH\Model.php(756): CodeIgniter\BaseModel->update([...], [...])
 5 APPPATH\Controllers\Accounting_library.php(168): CodeIgniter\Model->update('1', [...])
 6 SYSTEMPATH\CodeIgniter.php(934): App\Controllers\Accounting_library->index()
 7 SYSTEMPATH\CodeIgniter.php(499): CodeIgniter\CodeIgniter->runController(Object(App\Controllers\Accounting_library))
 8 SYSTEMPATH\CodeIgniter.php(368): CodeIgniter\CodeIgniter->handleRequest(null, Object(Config\Cache), false)
 9 FCPATH\index.php(67): CodeIgniter\CodeIgniter->run()
CRITICAL - 2023-04-05 03:30:33 --> Undefined array key "product_name"
in APPPATH\Models\ProductsModel.php on line 18.
 1 APPPATH\Models\ProductsModel.php(18): CodeIgniter\Debug\Exceptions->errorHandler(2, 'Undefined array key "product_name"', 'APPPATH\\Models\\ProductsModel.php', 18)
 2 SYSTEMPATH\BaseModel.php(1562): App\Models\ProductsModel->beforeUpdate([...])
 3 SYSTEMPATH\BaseModel.php(937): CodeIgniter\BaseModel->trigger('beforeUpdate', [...])
 4 SYSTEMPATH\Model.php(756): CodeIgniter\BaseModel->update([...], [...])
 5 APPPATH\Controllers\Accounting_library.php(168): CodeIgniter\Model->update('1', [...])
 6 SYSTEMPATH\CodeIgniter.php(934): App\Controllers\Accounting_library->index()
 7 SYSTEMPATH\CodeIgniter.php(499): CodeIgniter\CodeIgniter->runController(Object(App\Controllers\Accounting_library))
 8 SYSTEMPATH\CodeIgniter.php(368): CodeIgniter\CodeIgniter->handleRequest(null, Object(Config\Cache), false)
 9 FCPATH\index.php(67): CodeIgniter\CodeIgniter->run()
CRITICAL - 2023-04-05 03:30:35 --> Undefined array key "product_name"
in APPPATH\Models\ProductsModel.php on line 18.
 1 APPPATH\Models\ProductsModel.php(18): CodeIgniter\Debug\Exceptions->errorHandler(2, 'Undefined array key "product_name"', 'APPPATH\\Models\\ProductsModel.php', 18)
 2 SYSTEMPATH\BaseModel.php(1562): App\Models\ProductsModel->beforeUpdate([...])
 3 SYSTEMPATH\BaseModel.php(937): CodeIgniter\BaseModel->trigger('beforeUpdate', [...])
 4 SYSTEMPATH\Model.php(756): CodeIgniter\BaseModel->update([...], [...])
 5 APPPATH\Controllers\Accounting_library.php(168): CodeIgniter\Model->update('1', [...])
 6 SYSTEMPATH\CodeIgniter.php(934): App\Controllers\Accounting_library->index()
 7 SYSTEMPATH\CodeIgniter.php(499): CodeIgniter\CodeIgniter->runController(Object(App\Controllers\Accounting_library))
 8 SYSTEMPATH\CodeIgniter.php(368): CodeIgniter\CodeIgniter->handleRequest(null, Object(Config\Cache), false)
 9 FCPATH\index.php(67): CodeIgniter\CodeIgniter->run()
CRITICAL - 2023-04-05 03:30:35 --> Undefined array key "product_name"
in APPPATH\Models\ProductsModel.php on line 18.
 1 APPPATH\Models\ProductsModel.php(18): CodeIgniter\Debug\Exceptions->errorHandler(2, 'Undefined array key "product_name"', 'APPPATH\\Models\\ProductsModel.php', 18)
 2 SYSTEMPATH\BaseModel.php(1562): App\Models\ProductsModel->beforeUpdate([...])
 3 SYSTEMPATH\BaseModel.php(937): CodeIgniter\BaseModel->trigger('beforeUpdate', [...])
 4 SYSTEMPATH\Model.php(756): CodeIgniter\BaseModel->update([...], [...])
 5 APPPATH\Controllers\Accounting_library.php(168): CodeIgniter\Model->update('1', [...])
 6 SYSTEMPATH\CodeIgniter.php(934): App\Controllers\Accounting_library->index()
 7 SYSTEMPATH\CodeIgniter.php(499): CodeIgniter\CodeIgniter->runController(Object(App\Controllers\Accounting_library))
 8 SYSTEMPATH\CodeIgniter.php(368): CodeIgniter\CodeIgniter->handleRequest(null, Object(Config\Cache), false)
 9 FCPATH\index.php(67): CodeIgniter\CodeIgniter->run()
CRITICAL - 2023-04-05 03:30:37 --> Undefined array key "product_name"
in APPPATH\Models\ProductsModel.php on line 18.
 1 APPPATH\Models\ProductsModel.php(18): CodeIgniter\Debug\Exceptions->errorHandler(2, 'Undefined array key "product_name"', 'APPPATH\\Models\\ProductsModel.php', 18)
 2 SYSTEMPATH\BaseModel.php(1562): App\Models\ProductsModel->beforeUpdate([...])
 3 SYSTEMPATH\BaseModel.php(937): CodeIgniter\BaseModel->trigger('beforeUpdate', [...])
 4 SYSTEMPATH\Model.php(756): CodeIgniter\BaseModel->update([...], [...])
 5 APPPATH\Controllers\Accounting_library.php(168): CodeIgniter\Model->update('1', [...])
 6 SYSTEMPATH\CodeIgniter.php(934): App\Controllers\Accounting_library->index()
 7 SYSTEMPATH\CodeIgniter.php(499): CodeIgniter\CodeIgniter->runController(Object(App\Controllers\Accounting_library))
 8 SYSTEMPATH\CodeIgniter.php(368): CodeIgniter\CodeIgniter->handleRequest(null, Object(Config\Cache), false)
 9 FCPATH\index.php(67): CodeIgniter\CodeIgniter->run()
CRITICAL - 2023-04-05 03:30:42 --> Undefined array key "product_name"
in APPPATH\Models\ProductsModel.php on line 18.
 1 APPPATH\Models\ProductsModel.php(18): CodeIgniter\Debug\Exceptions->errorHandler(2, 'Undefined array key "product_name"', 'APPPATH\\Models\\ProductsModel.php', 18)
 2 SYSTEMPATH\BaseModel.php(1562): App\Models\ProductsModel->beforeUpdate([...])
 3 SYSTEMPATH\BaseModel.php(937): CodeIgniter\BaseModel->trigger('beforeUpdate', [...])
 4 SYSTEMPATH\Model.php(756): CodeIgniter\BaseModel->update([...], [...])
 5 APPPATH\Controllers\Products.php(1843): CodeIgniter\Model->update('8', [...])
 6 SYSTEMPATH\CodeIgniter.php(934): App\Controllers\Products->add_barcode()
 7 SYSTEMPATH\CodeIgniter.php(499): CodeIgniter\CodeIgniter->runController(Object(App\Controllers\Products))
 8 SYSTEMPATH\CodeIgniter.php(368): CodeIgniter\CodeIgniter->handleRequest(null, Object(Config\Cache), false)
 9 FCPATH\index.php(67): CodeIgniter\CodeIgniter->run()
CRITICAL - 2023-04-05 03:30:44 --> Undefined array key "product_name"
in APPPATH\Models\ProductsModel.php on line 18.
 1 APPPATH\Models\ProductsModel.php(18): CodeIgniter\Debug\Exceptions->errorHandler(2, 'Undefined array key "product_name"', 'APPPATH\\Models\\ProductsModel.php', 18)
 2 SYSTEMPATH\BaseModel.php(1562): App\Models\ProductsModel->beforeUpdate([...])
 3 SYSTEMPATH\BaseModel.php(937): CodeIgniter\BaseModel->trigger('beforeUpdate', [...])
 4 SYSTEMPATH\Model.php(756): CodeIgniter\BaseModel->update([...], [...])
 5 APPPATH\Controllers\Products.php(1843): CodeIgniter\Model->update('8', [...])
 6 SYSTEMPATH\CodeIgniter.php(934): App\Controllers\Products->add_barcode()
 7 SYSTEMPATH\CodeIgniter.php(499): CodeIgniter\CodeIgniter->runController(Object(App\Controllers\Products))
 8 SYSTEMPATH\CodeIgniter.php(368): CodeIgniter\CodeIgniter->handleRequest(null, Object(Config\Cache), false)
 9 FCPATH\index.php(67): CodeIgniter\CodeIgniter->run()
CRITICAL - 2023-04-05 03:31:01 --> Undefined array key "product_name"
in APPPATH\Models\ProductsModel.php on line 18.
 1 APPPATH\Models\ProductsModel.php(18): CodeIgniter\Debug\Exceptions->errorHandler(2, 'Undefined array key "product_name"', 'APPPATH\\Models\\ProductsModel.php', 18)
 2 SYSTEMPATH\BaseModel.php(1562): App\Models\ProductsModel->beforeUpdate([...])
 3 SYSTEMPATH\BaseModel.php(937): CodeIgniter\BaseModel->trigger('beforeUpdate', [...])
 4 SYSTEMPATH\Model.php(756): CodeIgniter\BaseModel->update([...], [...])
 5 APPPATH\Controllers\Products.php(1843): CodeIgniter\Model->update('8', [...])
 6 SYSTEMPATH\CodeIgniter.php(934): App\Controllers\Products->add_barcode()
 7 SYSTEMPATH\CodeIgniter.php(499): CodeIgniter\CodeIgniter->runController(Object(App\Controllers\Products))
 8 SYSTEMPATH\CodeIgniter.php(368): CodeIgniter\CodeIgniter->handleRequest(null, Object(Config\Cache), false)
 9 FCPATH\index.php(67): CodeIgniter\CodeIgniter->run()
CRITICAL - 2023-04-05 03:33:06 --> Undefined array key "product_name"
in APPPATH\Models\ProductsModel.php on line 18.
 1 APPPATH\Models\ProductsModel.php(18): CodeIgniter\Debug\Exceptions->errorHandler(2, 'Undefined array key "product_name"', 'APPPATH\\Models\\ProductsModel.php', 18)
 2 SYSTEMPATH\BaseModel.php(1562): App\Models\ProductsModel->beforeUpdate([...])
 3 SYSTEMPATH\BaseModel.php(937): CodeIgniter\BaseModel->trigger('beforeUpdate', [...])
 4 SYSTEMPATH\Model.php(756): CodeIgniter\BaseModel->update([...], [...])
 5 APPPATH\Controllers\Products.php(1843): CodeIgniter\Model->update('8', [...])
 6 SYSTEMPATH\CodeIgniter.php(934): App\Controllers\Products->add_barcode()
 7 SYSTEMPATH\CodeIgniter.php(499): CodeIgniter\CodeIgniter->runController(Object(App\Controllers\Products))
 8 SYSTEMPATH\CodeIgniter.php(368): CodeIgniter\CodeIgniter->handleRequest(null, Object(Config\Cache), false)
 9 FCPATH\index.php(67): CodeIgniter\CodeIgniter->run()
CRITICAL - 2023-04-05 03:33:22 --> Undefined array key "product_name"
in APPPATH\Models\ProductsModel.php on line 18.
 1 APPPATH\Models\ProductsModel.php(18): CodeIgniter\Debug\Exceptions->errorHandler(2, 'Undefined array key "product_name"', 'APPPATH\\Models\\ProductsModel.php', 18)
 2 SYSTEMPATH\BaseModel.php(1562): App\Models\ProductsModel->beforeUpdate([...])
 3 SYSTEMPATH\BaseModel.php(937): CodeIgniter\BaseModel->trigger('beforeUpdate', [...])
 4 SYSTEMPATH\Model.php(756): CodeIgniter\BaseModel->update([...], [...])
 5 APPPATH\Controllers\Accounting_library.php(168): CodeIgniter\Model->update('1', [...])
 6 SYSTEMPATH\CodeIgniter.php(934): App\Controllers\Accounting_library->index()
 7 SYSTEMPATH\CodeIgniter.php(499): CodeIgniter\CodeIgniter->runController(Object(App\Controllers\Accounting_library))
 8 SYSTEMPATH\CodeIgniter.php(368): CodeIgniter\CodeIgniter->handleRequest(null, Object(Config\Cache), false)
 9 FCPATH\index.php(67): CodeIgniter\CodeIgniter->run()
CRITICAL - 2023-04-05 03:33:27 --> Undefined array key "product_name"
in APPPATH\Models\ProductsModel.php on line 18.
 1 APPPATH\Models\ProductsModel.php(18): CodeIgniter\Debug\Exceptions->errorHandler(2, 'Undefined array key "product_name"', 'APPPATH\\Models\\ProductsModel.php', 18)
 2 SYSTEMPATH\BaseModel.php(1562): App\Models\ProductsModel->beforeUpdate([...])
 3 SYSTEMPATH\BaseModel.php(937): CodeIgniter\BaseModel->trigger('beforeUpdate', [...])
 4 SYSTEMPATH\Model.php(756): CodeIgniter\BaseModel->update([...], [...])
 5 APPPATH\Controllers\Products.php(1843): CodeIgniter\Model->update('8', [...])
 6 SYSTEMPATH\CodeIgniter.php(934): App\Controllers\Products->add_barcode()
 7 SYSTEMPATH\CodeIgniter.php(499): CodeIgniter\CodeIgniter->runController(Object(App\Controllers\Products))
 8 SYSTEMPATH\CodeIgniter.php(368): CodeIgniter\CodeIgniter->handleRequest(null, Object(Config\Cache), false)
 9 FCPATH\index.php(67): CodeIgniter\CodeIgniter->run()
CRITICAL - 2023-04-05 03:33:36 --> Undefined array key "product_name"
in APPPATH\Models\ProductsModel.php on line 18.
 1 APPPATH\Models\ProductsModel.php(18): CodeIgniter\Debug\Exceptions->errorHandler(2, 'Undefined array key "product_name"', 'APPPATH\\Models\\ProductsModel.php', 18)
 2 SYSTEMPATH\BaseModel.php(1562): App\Models\ProductsModel->beforeUpdate([...])
 3 SYSTEMPATH\BaseModel.php(937): CodeIgniter\BaseModel->trigger('beforeUpdate', [...])
 4 SYSTEMPATH\Model.php(756): CodeIgniter\BaseModel->update([...], [...])
 5 APPPATH\Controllers\Products.php(1843): CodeIgniter\Model->update('8', [...])
 6 SYSTEMPATH\CodeIgniter.php(934): App\Controllers\Products->add_barcode()
 7 SYSTEMPATH\CodeIgniter.php(499): CodeIgniter\CodeIgniter->runController(Object(App\Controllers\Products))
 8 SYSTEMPATH\CodeIgniter.php(368): CodeIgniter\CodeIgniter->handleRequest(null, Object(Config\Cache), false)
 9 FCPATH\index.php(67): CodeIgniter\CodeIgniter->run()
CRITICAL - 2023-04-05 03:33:42 --> Undefined array key "product_name"
in APPPATH\Models\ProductsModel.php on line 18.
 1 APPPATH\Models\ProductsModel.php(18): CodeIgniter\Debug\Exceptions->errorHandler(2, 'Undefined array key "product_name"', 'APPPATH\\Models\\ProductsModel.php', 18)
 2 SYSTEMPATH\BaseModel.php(1562): App\Models\ProductsModel->beforeUpdate([...])
 3 SYSTEMPATH\BaseModel.php(937): CodeIgniter\BaseModel->trigger('beforeUpdate', [...])
 4 SYSTEMPATH\Model.php(756): CodeIgniter\BaseModel->update([...], [...])
 5 APPPATH\Controllers\Products.php(1843): CodeIgniter\Model->update('8', [...])
 6 SYSTEMPATH\CodeIgniter.php(934): App\Controllers\Products->add_barcode()
 7 SYSTEMPATH\CodeIgniter.php(499): CodeIgniter\CodeIgniter->runController(Object(App\Controllers\Products))
 8 SYSTEMPATH\CodeIgniter.php(368): CodeIgniter\CodeIgniter->handleRequest(null, Object(Config\Cache), false)
 9 FCPATH\index.php(67): CodeIgniter\CodeIgniter->run()
CRITICAL - 2023-04-05 03:34:52 --> Trying to access array offset on value of type null
in SYSTEMPATH\BaseModel.php on line 942.
 1 SYSTEMPATH\BaseModel.php(942): CodeIgniter\Debug\Exceptions->errorHandler(2, 'Trying to access array offset on value of type null', 'SYSTEMPATH\\BaseModel.php', 942)
 2 SYSTEMPATH\Model.php(756): CodeIgniter\BaseModel->update([...], [...])
 3 APPPATH\Controllers\Products.php(1843): CodeIgniter\Model->update('8', [...])
 4 SYSTEMPATH\CodeIgniter.php(934): App\Controllers\Products->add_barcode()
 5 SYSTEMPATH\CodeIgniter.php(499): CodeIgniter\CodeIgniter->runController(Object(App\Controllers\Products))
 6 SYSTEMPATH\CodeIgniter.php(368): CodeIgniter\CodeIgniter->handleRequest(null, Object(Config\Cache), false)
 7 FCPATH\index.php(67): CodeIgniter\CodeIgniter->run()
CRITICAL - 2023-04-05 03:34:57 --> Trying to access array offset on value of type null
in SYSTEMPATH\BaseModel.php on line 942.
 1 SYSTEMPATH\BaseModel.php(942): CodeIgniter\Debug\Exceptions->errorHandler(2, 'Trying to access array offset on value of type null', 'SYSTEMPATH\\BaseModel.php', 942)
 2 SYSTEMPATH\Model.php(756): CodeIgniter\BaseModel->update([...], [...])
 3 APPPATH\Controllers\Accounting_library.php(168): CodeIgniter\Model->update('1', [...])
 4 SYSTEMPATH\CodeIgniter.php(934): App\Controllers\Accounting_library->index()
 5 SYSTEMPATH\CodeIgniter.php(499): CodeIgniter\CodeIgniter->runController(Object(App\Controllers\Accounting_library))
 6 SYSTEMPATH\CodeIgniter.php(368): CodeIgniter\CodeIgniter->handleRequest(null, Object(Config\Cache), false)
 7 FCPATH\index.php(67): CodeIgniter\CodeIgniter->run()
CRITICAL - 2023-04-05 03:35:01 --> Trying to access array offset on value of type null
in SYSTEMPATH\BaseModel.php on line 942.
 1 SYSTEMPATH\BaseModel.php(942): CodeIgniter\Debug\Exceptions->errorHandler(2, 'Trying to access array offset on value of type null', 'SYSTEMPATH\\BaseModel.php', 942)
 2 SYSTEMPATH\Model.php(756): CodeIgniter\BaseModel->update([...], [...])
 3 APPPATH\Controllers\Products.php(1843): CodeIgniter\Model->update('8', [...])
 4 SYSTEMPATH\CodeIgniter.php(934): App\Controllers\Products->add_barcode()
 5 SYSTEMPATH\CodeIgniter.php(499): CodeIgniter\CodeIgniter->runController(Object(App\Controllers\Products))
 6 SYSTEMPATH\CodeIgniter.php(368): CodeIgniter\CodeIgniter->handleRequest(null, Object(Config\Cache), false)
 7 FCPATH\index.php(67): CodeIgniter\CodeIgniter->run()
CRITICAL - 2023-04-05 03:35:25 --> Undefined array key "product_name"
in APPPATH\Models\ProductsModel.php on line 21.
 1 APPPATH\Models\ProductsModel.php(21): CodeIgniter\Debug\Exceptions->errorHandler(2, 'Undefined array key "product_name"', 'APPPATH\\Models\\ProductsModel.php', 21)
 2 SYSTEMPATH\BaseModel.php(1562): App\Models\ProductsModel->beforeUpdate([...])
 3 SYSTEMPATH\BaseModel.php(937): CodeIgniter\BaseModel->trigger('beforeUpdate', [...])
 4 SYSTEMPATH\Model.php(756): CodeIgniter\BaseModel->update([...], [...])
 5 APPPATH\Controllers\Products.php(1843): CodeIgniter\Model->update('8', [...])
 6 SYSTEMPATH\CodeIgniter.php(934): App\Controllers\Products->add_barcode()
 7 SYSTEMPATH\CodeIgniter.php(499): CodeIgniter\CodeIgniter->runController(Object(App\Controllers\Products))
 8 SYSTEMPATH\CodeIgniter.php(368): CodeIgniter\CodeIgniter->handleRequest(null, Object(Config\Cache), false)
 9 FCPATH\index.php(67): CodeIgniter\CodeIgniter->run()
CRITICAL - 2023-04-05 03:35:47 --> Undefined array key "product_name"
in APPPATH\Models\ProductsModel.php on line 21.
 1 APPPATH\Models\ProductsModel.php(21): CodeIgniter\Debug\Exceptions->errorHandler(2, 'Undefined array key "product_name"', 'APPPATH\\Models\\ProductsModel.php', 21)
 2 SYSTEMPATH\BaseModel.php(1562): App\Models\ProductsModel->beforeUpdate([...])
 3 SYSTEMPATH\BaseModel.php(937): CodeIgniter\BaseModel->trigger('beforeUpdate', [...])
 4 SYSTEMPATH\Model.php(756): CodeIgniter\BaseModel->update([...], [...])
 5 APPPATH\Controllers\Accounting_library.php(168): CodeIgniter\Model->update('1', [...])
 6 SYSTEMPATH\CodeIgniter.php(934): App\Controllers\Accounting_library->index()
 7 SYSTEMPATH\CodeIgniter.php(499): CodeIgniter\CodeIgniter->runController(Object(App\Controllers\Accounting_library))
 8 SYSTEMPATH\CodeIgniter.php(368): CodeIgniter\CodeIgniter->handleRequest(null, Object(Config\Cache), false)
 9 FCPATH\index.php(67): CodeIgniter\CodeIgniter->run()
CRITICAL - 2023-04-05 03:35:51 --> Undefined array key "product_name"
in APPPATH\Models\ProductsModel.php on line 21.
 1 APPPATH\Models\ProductsModel.php(21): CodeIgniter\Debug\Exceptions->errorHandler(2, 'Undefined array key "product_name"', 'APPPATH\\Models\\ProductsModel.php', 21)
 2 SYSTEMPATH\BaseModel.php(1562): App\Models\ProductsModel->beforeUpdate([...])
 3 SYSTEMPATH\BaseModel.php(937): CodeIgniter\BaseModel->trigger('beforeUpdate', [...])
 4 SYSTEMPATH\Model.php(756): CodeIgniter\BaseModel->update([...], [...])
 5 APPPATH\Controllers\Accounting_library.php(168): CodeIgniter\Model->update('1', [...])
 6 SYSTEMPATH\CodeIgniter.php(934): App\Controllers\Accounting_library->index()
 7 SYSTEMPATH\CodeIgniter.php(499): CodeIgniter\CodeIgniter->runController(Object(App\Controllers\Accounting_library))
 8 SYSTEMPATH\CodeIgniter.php(368): CodeIgniter\CodeIgniter->handleRequest(null, Object(Config\Cache), false)
 9 FCPATH\index.php(67): CodeIgniter\CodeIgniter->run()
CRITICAL - 2023-04-05 03:35:56 --> Undefined array key "product_name"
in APPPATH\Models\ProductsModel.php on line 21.
 1 APPPATH\Models\ProductsModel.php(21): CodeIgniter\Debug\Exceptions->errorHandler(2, 'Undefined array key "product_name"', 'APPPATH\\Models\\ProductsModel.php', 21)
 2 SYSTEMPATH\BaseModel.php(1562): App\Models\ProductsModel->beforeUpdate([...])
 3 SYSTEMPATH\BaseModel.php(937): CodeIgniter\BaseModel->trigger('beforeUpdate', [...])
 4 SYSTEMPATH\Model.php(756): CodeIgniter\BaseModel->update([...], [...])
 5 APPPATH\Controllers\Accounting_library.php(168): CodeIgniter\Model->update('1', [...])
 6 SYSTEMPATH\CodeIgniter.php(934): App\Controllers\Accounting_library->index()
 7 SYSTEMPATH\CodeIgniter.php(499): CodeIgniter\CodeIgniter->runController(Object(App\Controllers\Accounting_library))
 8 SYSTEMPATH\CodeIgniter.php(368): CodeIgniter\CodeIgniter->handleRequest(null, Object(Config\Cache), false)
 9 FCPATH\index.php(67): CodeIgniter\CodeIgniter->run()
CRITICAL - 2023-04-05 03:36:00 --> Undefined array key "product_name"
in APPPATH\Models\ProductsModel.php on line 21.
 1 APPPATH\Models\ProductsModel.php(21): CodeIgniter\Debug\Exceptions->errorHandler(2, 'Undefined array key "product_name"', 'APPPATH\\Models\\ProductsModel.php', 21)
 2 SYSTEMPATH\BaseModel.php(1562): App\Models\ProductsModel->beforeUpdate([...])
 3 SYSTEMPATH\BaseModel.php(937): CodeIgniter\BaseModel->trigger('beforeUpdate', [...])
 4 SYSTEMPATH\Model.php(756): CodeIgniter\BaseModel->update([...], [...])
 5 APPPATH\Controllers\Products.php(1843): CodeIgniter\Model->update('8', [...])
 6 SYSTEMPATH\CodeIgniter.php(934): App\Controllers\Products->add_barcode()
 7 SYSTEMPATH\CodeIgniter.php(499): CodeIgniter\CodeIgniter->runController(Object(App\Controllers\Products))
 8 SYSTEMPATH\CodeIgniter.php(368): CodeIgniter\CodeIgniter->handleRequest(null, Object(Config\Cache), false)
 9 FCPATH\index.php(67): CodeIgniter\CodeIgniter->run()
CRITICAL - 2023-04-05 03:36:52 --> Undefined array key "product_name"
in APPPATH\Models\ProductsModel.php on line 21.
 1 APPPATH\Models\ProductsModel.php(21): CodeIgniter\Debug\Exceptions->errorHandler(2, 'Undefined array key "product_name"', 'APPPATH\\Models\\ProductsModel.php', 21)
 2 SYSTEMPATH\BaseModel.php(1562): App\Models\ProductsModel->beforeUpdate([...])
 3 SYSTEMPATH\BaseModel.php(937): CodeIgniter\BaseModel->trigger('beforeUpdate', [...])
 4 SYSTEMPATH\Model.php(756): CodeIgniter\BaseModel->update([...], [...])
 5 APPPATH\Controllers\Accounting_library.php(168): CodeIgniter\Model->update('1', [...])
 6 SYSTEMPATH\CodeIgniter.php(934): App\Controllers\Accounting_library->index()
 7 SYSTEMPATH\CodeIgniter.php(499): CodeIgniter\CodeIgniter->runController(Object(App\Controllers\Accounting_library))
 8 SYSTEMPATH\CodeIgniter.php(368): CodeIgniter\CodeIgniter->handleRequest(null, Object(Config\Cache), false)
 9 FCPATH\index.php(67): CodeIgniter\CodeIgniter->run()
CRITICAL - 2023-04-05 03:36:55 --> Undefined array key "product_name"
in APPPATH\Models\ProductsModel.php on line 21.
 1 APPPATH\Models\ProductsModel.php(21): CodeIgniter\Debug\Exceptions->errorHandler(2, 'Undefined array key "product_name"', 'APPPATH\\Models\\ProductsModel.php', 21)
 2 SYSTEMPATH\BaseModel.php(1562): App\Models\ProductsModel->beforeUpdate([...])
 3 SYSTEMPATH\BaseModel.php(937): CodeIgniter\BaseModel->trigger('beforeUpdate', [...])
 4 SYSTEMPATH\Model.php(756): CodeIgniter\BaseModel->update([...], [...])
 5 APPPATH\Controllers\Products.php(1843): CodeIgniter\Model->update('8', [...])
 6 SYSTEMPATH\CodeIgniter.php(934): App\Controllers\Products->add_barcode()
 7 SYSTEMPATH\CodeIgniter.php(499): CodeIgniter\CodeIgniter->runController(Object(App\Controllers\Products))
 8 SYSTEMPATH\CodeIgniter.php(368): CodeIgniter\CodeIgniter->handleRequest(null, Object(Config\Cache), false)
 9 FCPATH\index.php(67): CodeIgniter\CodeIgniter->run()
CRITICAL - 2023-04-05 03:41:57 --> Undefined array key "category_name"
in APPPATH\Models\ProductsModel.php on line 20.
 1 APPPATH\Models\ProductsModel.php(20): CodeIgniter\Debug\Exceptions->errorHandler(2, 'Undefined array key "category_name"', 'APPPATH\\Models\\ProductsModel.php', 20)
 2 SYSTEMPATH\BaseModel.php(1562): App\Models\ProductsModel->beforeUpdate([...])
 3 SYSTEMPATH\BaseModel.php(937): CodeIgniter\BaseModel->trigger('beforeUpdate', [...])
 4 SYSTEMPATH\Model.php(756): CodeIgniter\BaseModel->update([...], [...])
 5 APPPATH\Controllers\Easy_edit.php(87): CodeIgniter\Model->update('8', [...])
 6 SYSTEMPATH\CodeIgniter.php(934): App\Controllers\Easy_edit->update_product('8')
 7 SYSTEMPATH\CodeIgniter.php(499): CodeIgniter\CodeIgniter->runController(Object(App\Controllers\Easy_edit))
 8 SYSTEMPATH\CodeIgniter.php(368): CodeIgniter\CodeIgniter->handleRequest(null, Object(Config\Cache), false)
 9 FCPATH\index.php(67): CodeIgniter\CodeIgniter->run()
CRITICAL - 2023-04-05 03:41:57 --> Undefined array key "category_name"
in APPPATH\Models\ProductsModel.php on line 20.
 1 APPPATH\Models\ProductsModel.php(20): CodeIgniter\Debug\Exceptions->errorHandler(2, 'Undefined array key "category_name"', 'APPPATH\\Models\\ProductsModel.php', 20)
 2 SYSTEMPATH\BaseModel.php(1562): App\Models\ProductsModel->beforeUpdate([...])
 3 SYSTEMPATH\BaseModel.php(937): CodeIgniter\BaseModel->trigger('beforeUpdate', [...])
 4 SYSTEMPATH\Model.php(756): CodeIgniter\BaseModel->update([...], [...])
 5 APPPATH\Controllers\Easy_edit.php(87): CodeIgniter\Model->update('8', [...])
 6 SYSTEMPATH\CodeIgniter.php(934): App\Controllers\Easy_edit->update_product('8')
 7 SYSTEMPATH\CodeIgniter.php(499): CodeIgniter\CodeIgniter->runController(Object(App\Controllers\Easy_edit))
 8 SYSTEMPATH\CodeIgniter.php(368): CodeIgniter\CodeIgniter->handleRequest(null, Object(Config\Cache), false)
 9 FCPATH\index.php(67): CodeIgniter\CodeIgniter->run()
CRITICAL - 2023-04-05 03:41:58 --> Undefined array key "category_name"
in APPPATH\Models\ProductsModel.php on line 20.
 1 APPPATH\Models\ProductsModel.php(20): CodeIgniter\Debug\Exceptions->errorHandler(2, 'Undefined array key "category_name"', 'APPPATH\\Models\\ProductsModel.php', 20)
 2 SYSTEMPATH\BaseModel.php(1562): App\Models\ProductsModel->beforeUpdate([...])
 3 SYSTEMPATH\BaseModel.php(937): CodeIgniter\BaseModel->trigger('beforeUpdate', [...])
 4 SYSTEMPATH\Model.php(756): CodeIgniter\BaseModel->update([...], [...])
 5 APPPATH\Controllers\Easy_edit.php(87): CodeIgniter\Model->update('8', [...])
 6 SYSTEMPATH\CodeIgniter.php(934): App\Controllers\Easy_edit->update_product('8')
 7 SYSTEMPATH\CodeIgniter.php(499): CodeIgniter\CodeIgniter->runController(Object(App\Controllers\Easy_edit))
 8 SYSTEMPATH\CodeIgniter.php(368): CodeIgniter\CodeIgniter->handleRequest(null, Object(Config\Cache), false)
 9 FCPATH\index.php(67): CodeIgniter\CodeIgniter->run()
CRITICAL - 2023-04-05 03:41:58 --> Undefined array key "category_name"
in APPPATH\Models\ProductsModel.php on line 20.
 1 APPPATH\Models\ProductsModel.php(20): CodeIgniter\Debug\Exceptions->errorHandler(2, 'Undefined array key "category_name"', 'APPPATH\\Models\\ProductsModel.php', 20)
 2 SYSTEMPATH\BaseModel.php(1562): App\Models\ProductsModel->beforeUpdate([...])
 3 SYSTEMPATH\BaseModel.php(937): CodeIgniter\BaseModel->trigger('beforeUpdate', [...])
 4 SYSTEMPATH\Model.php(756): CodeIgniter\BaseModel->update([...], [...])
 5 APPPATH\Controllers\Easy_edit.php(87): CodeIgniter\Model->update('8', [...])
 6 SYSTEMPATH\CodeIgniter.php(934): App\Controllers\Easy_edit->update_product('8')
 7 SYSTEMPATH\CodeIgniter.php(499): CodeIgniter\CodeIgniter->runController(Object(App\Controllers\Easy_edit))
 8 SYSTEMPATH\CodeIgniter.php(368): CodeIgniter\CodeIgniter->handleRequest(null, Object(Config\Cache), false)
 9 FCPATH\index.php(67): CodeIgniter\CodeIgniter->run()
CRITICAL - 2023-04-05 03:41:58 --> Undefined array key "category_name"
in APPPATH\Models\ProductsModel.php on line 20.
 1 APPPATH\Models\ProductsModel.php(20): CodeIgniter\Debug\Exceptions->errorHandler(2, 'Undefined array key "category_name"', 'APPPATH\\Models\\ProductsModel.php', 20)
 2 SYSTEMPATH\BaseModel.php(1562): App\Models\ProductsModel->beforeUpdate([...])
 3 SYSTEMPATH\BaseModel.php(937): CodeIgniter\BaseModel->trigger('beforeUpdate', [...])
 4 SYSTEMPATH\Model.php(756): CodeIgniter\BaseModel->update([...], [...])
 5 APPPATH\Controllers\Easy_edit.php(87): CodeIgniter\Model->update('8', [...])
 6 SYSTEMPATH\CodeIgniter.php(934): App\Controllers\Easy_edit->update_product('8')
 7 SYSTEMPATH\CodeIgniter.php(499): CodeIgniter\CodeIgniter->runController(Object(App\Controllers\Easy_edit))
 8 SYSTEMPATH\CodeIgniter.php(368): CodeIgniter\CodeIgniter->handleRequest(null, Object(Config\Cache), false)
 9 FCPATH\index.php(67): CodeIgniter\CodeIgniter->run()
CRITICAL - 2023-04-05 03:41:59 --> Undefined array key "category_name"
in APPPATH\Models\ProductsModel.php on line 20.
 1 APPPATH\Models\ProductsModel.php(20): CodeIgniter\Debug\Exceptions->errorHandler(2, 'Undefined array key "category_name"', 'APPPATH\\Models\\ProductsModel.php', 20)
 2 SYSTEMPATH\BaseModel.php(1562): App\Models\ProductsModel->beforeUpdate([...])
 3 SYSTEMPATH\BaseModel.php(937): CodeIgniter\BaseModel->trigger('beforeUpdate', [...])
 4 SYSTEMPATH\Model.php(756): CodeIgniter\BaseModel->update([...], [...])
 5 APPPATH\Controllers\Easy_edit.php(87): CodeIgniter\Model->update('8', [...])
 6 SYSTEMPATH\CodeIgniter.php(934): App\Controllers\Easy_edit->update_product('8')
 7 SYSTEMPATH\CodeIgniter.php(499): CodeIgniter\CodeIgniter->runController(Object(App\Controllers\Easy_edit))
 8 SYSTEMPATH\CodeIgniter.php(368): CodeIgniter\CodeIgniter->handleRequest(null, Object(Config\Cache), false)
 9 FCPATH\index.php(67): CodeIgniter\CodeIgniter->run()
CRITICAL - 2023-04-05 03:41:59 --> Undefined array key "category_name"
in APPPATH\Models\ProductsModel.php on line 20.
 1 APPPATH\Models\ProductsModel.php(20): CodeIgniter\Debug\Exceptions->errorHandler(2, 'Undefined array key "category_name"', 'APPPATH\\Models\\ProductsModel.php', 20)
 2 SYSTEMPATH\BaseModel.php(1562): App\Models\ProductsModel->beforeUpdate([...])
 3 SYSTEMPATH\BaseModel.php(937): CodeIgniter\BaseModel->trigger('beforeUpdate', [...])
 4 SYSTEMPATH\Model.php(756): CodeIgniter\BaseModel->update([...], [...])
 5 APPPATH\Controllers\Easy_edit.php(87): CodeIgniter\Model->update('8', [...])
 6 SYSTEMPATH\CodeIgniter.php(934): App\Controllers\Easy_edit->update_product('8')
 7 SYSTEMPATH\CodeIgniter.php(499): CodeIgniter\CodeIgniter->runController(Object(App\Controllers\Easy_edit))
 8 SYSTEMPATH\CodeIgniter.php(368): CodeIgniter\CodeIgniter->handleRequest(null, Object(Config\Cache), false)
 9 FCPATH\index.php(67): CodeIgniter\CodeIgniter->run()
CRITICAL - 2023-04-05 03:41:59 --> Undefined array key "category_name"
in APPPATH\Models\ProductsModel.php on line 20.
 1 APPPATH\Models\ProductsModel.php(20): CodeIgniter\Debug\Exceptions->errorHandler(2, 'Undefined array key "category_name"', 'APPPATH\\Models\\ProductsModel.php', 20)
 2 SYSTEMPATH\BaseModel.php(1562): App\Models\ProductsModel->beforeUpdate([...])
 3 SYSTEMPATH\BaseModel.php(937): CodeIgniter\BaseModel->trigger('beforeUpdate', [...])
 4 SYSTEMPATH\Model.php(756): CodeIgniter\BaseModel->update([...], [...])
 5 APPPATH\Controllers\Easy_edit.php(87): CodeIgniter\Model->update('8', [...])
 6 SYSTEMPATH\CodeIgniter.php(934): App\Controllers\Easy_edit->update_product('8')
 7 SYSTEMPATH\CodeIgniter.php(499): CodeIgniter\CodeIgniter->runController(Object(App\Controllers\Easy_edit))
 8 SYSTEMPATH\CodeIgniter.php(368): CodeIgniter\CodeIgniter->handleRequest(null, Object(Config\Cache), false)
 9 FCPATH\index.php(67): CodeIgniter\CodeIgniter->run()
CRITICAL - 2023-04-05 03:42:02 --> Undefined array key "category_name"
in APPPATH\Models\ProductsModel.php on line 20.
 1 APPPATH\Models\ProductsModel.php(20): CodeIgniter\Debug\Exceptions->errorHandler(2, 'Undefined array key "category_name"', 'APPPATH\\Models\\ProductsModel.php', 20)
 2 SYSTEMPATH\BaseModel.php(1562): App\Models\ProductsModel->beforeUpdate([...])
 3 SYSTEMPATH\BaseModel.php(937): CodeIgniter\BaseModel->trigger('beforeUpdate', [...])
 4 SYSTEMPATH\Model.php(756): CodeIgniter\BaseModel->update([...], [...])
 5 APPPATH\Controllers\Easy_edit.php(87): CodeIgniter\Model->update('8', [...])
 6 SYSTEMPATH\CodeIgniter.php(934): App\Controllers\Easy_edit->update_product('8')
 7 SYSTEMPATH\CodeIgniter.php(499): CodeIgniter\CodeIgniter->runController(Object(App\Controllers\Easy_edit))
 8 SYSTEMPATH\CodeIgniter.php(368): CodeIgniter\CodeIgniter->handleRequest(null, Object(Config\Cache), false)
 9 FCPATH\index.php(67): CodeIgniter\CodeIgniter->run()
CRITICAL - 2023-04-05 03:42:02 --> Undefined array key "category_name"
in APPPATH\Models\ProductsModel.php on line 20.
 1 APPPATH\Models\ProductsModel.php(20): CodeIgniter\Debug\Exceptions->errorHandler(2, 'Undefined array key "category_name"', 'APPPATH\\Models\\ProductsModel.php', 20)
 2 SYSTEMPATH\BaseModel.php(1562): App\Models\ProductsModel->beforeUpdate([...])
 3 SYSTEMPATH\BaseModel.php(937): CodeIgniter\BaseModel->trigger('beforeUpdate', [...])
 4 SYSTEMPATH\Model.php(756): CodeIgniter\BaseModel->update([...], [...])
 5 APPPATH\Controllers\Easy_edit.php(87): CodeIgniter\Model->update('8', [...])
 6 SYSTEMPATH\CodeIgniter.php(934): App\Controllers\Easy_edit->update_product('8')
 7 SYSTEMPATH\CodeIgniter.php(499): CodeIgniter\CodeIgniter->runController(Object(App\Controllers\Easy_edit))
 8 SYSTEMPATH\CodeIgniter.php(368): CodeIgniter\CodeIgniter->handleRequest(null, Object(Config\Cache), false)
 9 FCPATH\index.php(67): CodeIgniter\CodeIgniter->run()
CRITICAL - 2023-04-05 03:42:03 --> Undefined array key "category_name"
in APPPATH\Models\ProductsModel.php on line 20.
 1 APPPATH\Models\ProductsModel.php(20): CodeIgniter\Debug\Exceptions->errorHandler(2, 'Undefined array key "category_name"', 'APPPATH\\Models\\ProductsModel.php', 20)
 2 SYSTEMPATH\BaseModel.php(1562): App\Models\ProductsModel->beforeUpdate([...])
 3 SYSTEMPATH\BaseModel.php(937): CodeIgniter\BaseModel->trigger('beforeUpdate', [...])
 4 SYSTEMPATH\Model.php(756): CodeIgniter\BaseModel->update([...], [...])
 5 APPPATH\Controllers\Easy_edit.php(87): CodeIgniter\Model->update('8', [...])
 6 SYSTEMPATH\CodeIgniter.php(934): App\Controllers\Easy_edit->update_product('8')
 7 SYSTEMPATH\CodeIgniter.php(499): CodeIgniter\CodeIgniter->runController(Object(App\Controllers\Easy_edit))
 8 SYSTEMPATH\CodeIgniter.php(368): CodeIgniter\CodeIgniter->handleRequest(null, Object(Config\Cache), false)
 9 FCPATH\index.php(67): CodeIgniter\CodeIgniter->run()
CRITICAL - 2023-04-05 04:42:01 --> Class "App\Models\InvoiceSettings" not found
in APPPATH\Helpers\apanel_helper.php on line 140.
 1 APPPATH\Views\invoices\invoice_templates\invoice_show1.php(33): get_invoicesetting('1', 'sales', 'show_invoice_header')
 2 SYSTEMPATH\View\View.php(213): include('APPPATH\\Views\\invoices\\invoice_templates\\invoice_show1.php')
 3 SYSTEMPATH\View\View.php(216): CodeIgniter\View\View->CodeIgniter\View\{closure}()
 4 SYSTEMPATH\Common.php(1184): CodeIgniter\View\View->render('invoices/invoice_templates/invoice_show1', [], true)
 5 APPPATH\Controllers\Invoices.php(409): view('invoices/invoice_templates/invoice_show1', [...])
 6 SYSTEMPATH\CodeIgniter.php(934): App\Controllers\Invoices->get_invoice_pdf('1', 'view')
 7 SYSTEMPATH\CodeIgniter.php(499): CodeIgniter\CodeIgniter->runController(Object(App\Controllers\Invoices))
 8 SYSTEMPATH\CodeIgniter.php(368): CodeIgniter\CodeIgniter->handleRequest(null, Object(Config\Cache), false)
 9 FCPATH\index.php(67): CodeIgniter\CodeIgniter->run()
CRITICAL - 2023-04-05 04:42:10 --> Class "App\Models\InvoiceSettings" not found
in APPPATH\Helpers\apanel_helper.php on line 140.
 1 APPPATH\Views\invoices\invoice_templates\invoice_show1.php(33): get_invoicesetting('1', 'sales', 'show_invoice_header')
 2 SYSTEMPATH\View\View.php(213): include('APPPATH\\Views\\invoices\\invoice_templates\\invoice_show1.php')
 3 SYSTEMPATH\View\View.php(216): CodeIgniter\View\View->CodeIgniter\View\{closure}()
 4 SYSTEMPATH\Common.php(1184): CodeIgniter\View\View->render('invoices/invoice_templates/invoice_show1', [], true)
 5 APPPATH\Controllers\Invoices.php(409): view('invoices/invoice_templates/invoice_show1', [...])
 6 SYSTEMPATH\CodeIgniter.php(934): App\Controllers\Invoices->get_invoice_pdf('1', 'view')
 7 SYSTEMPATH\CodeIgniter.php(499): CodeIgniter\CodeIgniter->runController(Object(App\Controllers\Invoices))
 8 SYSTEMPATH\CodeIgniter.php(368): CodeIgniter\CodeIgniter->handleRequest(null, Object(Config\Cache), false)
 9 FCPATH\index.php(67): CodeIgniter\CodeIgniter->run()
ERROR - 2023-04-05 04:42:31 --> mysqli_sql_exception: Table 'SpriteGenix_app_db.invoice_settings' doesn't exist in C:\xampp\htdocs\SpriteGenix_app\system\Database\MySQLi\Connection.php:295
Stack trace:
#0 C:\xampp\htdocs\SpriteGenix_app\system\Database\MySQLi\Connection.php(295): mysqli->query('SELECT *\nFROM `...', 0)
#1 C:\xampp\htdocs\SpriteGenix_app\system\Database\BaseConnection.php(691): CodeIgniter\Database\MySQLi\Connection->execute('SELECT *\nFROM `...')
#2 C:\xampp\htdocs\SpriteGenix_app\system\Database\BaseConnection.php(605): CodeIgniter\Database\BaseConnection->simpleQuery('SELECT *\nFROM `...')
#3 C:\xampp\htdocs\SpriteGenix_app\system\Database\BaseBuilder.php(1616): CodeIgniter\Database\BaseConnection->query('SELECT *\nFROM `...', Array, false)
#4 C:\xampp\htdocs\SpriteGenix_app\system\Model.php(268): CodeIgniter\Database\BaseBuilder->get()
#5 C:\xampp\htdocs\SpriteGenix_app\system\BaseModel.php(656): CodeIgniter\Model->doFirst()
#6 C:\xampp\htdocs\SpriteGenix_app\app\Helpers\apanel_helper.php(141): CodeIgniter\BaseModel->first()
#7 C:\xampp\htdocs\SpriteGenix_app\app\Views\invoices\invoice_templates\invoice_show1.php(33): get_invoicesetting('1', 'sales', 'show_invoice_he...')
#8 C:\xampp\htdocs\SpriteGenix_app\system\View\View.php(213): include('C:\\xampp\\htdocs...')
#9 C:\xampp\htdocs\SpriteGenix_app\system\View\View.php(216): CodeIgniter\View\View->CodeIgniter\View\{closure}()
#10 C:\xampp\htdocs\SpriteGenix_app\system\Common.php(1184): CodeIgniter\View\View->render('invoices/invoic...', Array, true)
#11 C:\xampp\htdocs\SpriteGenix_app\app\Controllers\Invoices.php(409): view('invoices/invoic...', Array)
#12 C:\xampp\htdocs\SpriteGenix_app\system\CodeIgniter.php(934): App\Controllers\Invoices->get_invoice_pdf('1', 'view')
#13 C:\xampp\htdocs\SpriteGenix_app\system\CodeIgniter.php(499): CodeIgniter\CodeIgniter->runController(Object(App\Controllers\Invoices))
#14 C:\xampp\htdocs\SpriteGenix_app\system\CodeIgniter.php(368): CodeIgniter\CodeIgniter->handleRequest(NULL, Object(Config\Cache), false)
#15 C:\xampp\htdocs\SpriteGenix_app\index.php(67): CodeIgniter\CodeIgniter->run()
#16 {main}
CRITICAL - 2023-04-05 04:42:31 --> Table 'SpriteGenix_app_db.invoice_settings' doesn't exist
in SYSTEMPATH\Database\BaseConnection.php on line 645.
 1 SYSTEMPATH\Database\BaseBuilder.php(1616): CodeIgniter\Database\BaseConnection->query('SELECT *
FROM `invoice_settings`
WHERE `company_id` = :company_id:
AND `invoice_type` = :invoice_type:
 LIMIT 1', [...], false)
 2 SYSTEMPATH\Model.php(268): CodeIgniter\Database\BaseBuilder->get()
 3 SYSTEMPATH\BaseModel.php(656): CodeIgniter\Model->doFirst()
 4 APPPATH\Helpers\apanel_helper.php(141): CodeIgniter\BaseModel->first()
 5 APPPATH\Views\invoices\invoice_templates\invoice_show1.php(33): get_invoicesetting('1', 'sales', 'show_invoice_header')
 6 SYSTEMPATH\View\View.php(213): include('APPPATH\\Views\\invoices\\invoice_templates\\invoice_show1.php')
 7 SYSTEMPATH\View\View.php(216): CodeIgniter\View\View->CodeIgniter\View\{closure}()
 8 SYSTEMPATH\Common.php(1184): CodeIgniter\View\View->render('invoices/invoice_templates/invoice_show1', [], true)
 9 APPPATH\Controllers\Invoices.php(409): view('invoices/invoice_templates/invoice_show1', [...])
10 SYSTEMPATH\CodeIgniter.php(934): App\Controllers\Invoices->get_invoice_pdf('1', 'view')
11 SYSTEMPATH\CodeIgniter.php(499): CodeIgniter\CodeIgniter->runController(Object(App\Controllers\Invoices))
12 SYSTEMPATH\CodeIgniter.php(368): CodeIgniter\CodeIgniter->handleRequest(null, Object(Config\Cache), false)
13 FCPATH\index.php(67): CodeIgniter\CodeIgniter->run()
