CRITICAL - 2023-07-30 04:21:32 --> Too few arguments to function get_inventories_summary(), 5 passed in C:\xampp\htdocs\SpriteGenix_app\app\Views\SpriteGenix_special_reports\day_end_summary.php on line 147 and exactly 6 expected
in APPPATH\Helpers\special_report_helper.php on line 9.
 1 APPPATH\Views\SpriteGenix_special_reports\day_end_summary.php(147): get_inventories_summary('2', 'sales', 'quantity', 'C:\\xampp\\htdocs\\SpriteGenix_app', 'C:\\xampp\\htdocs\\SpriteGenix_app')
 2 SYSTEMPATH\View\View.php(213): include('APPPATH\\Views\\SpriteGenix_special_reports\\day_end_summary.php')
 3 SYSTEMPATH\View\View.php(216): CodeIgniter\View\View->CodeIgniter\View\{closure}()
 4 SYSTEMPATH\Common.php(1184): CodeIgniter\View\View->render('SpriteGenix_special_reports/day_end_summary', [], true)
 5 APPPATH\Controllers\SpriteGenix_special_reports.php(67): view('SpriteGenix_special_reports/day_end_summary', [...])
 6 SYSTEMPATH\CodeIgniter.php(934): App\Controllers\SpriteGenix_special_reports->day_end_summary()
 7 SYSTEMPATH\CodeIgniter.php(499): CodeIgniter\CodeIgniter->runController(Object(App\Controllers\SpriteGenix_special_reports))
 8 SYSTEMPATH\CodeIgniter.php(368): CodeIgniter\CodeIgniter->handleRequest(null, Object(Config\Cache), false)
 9 FCPATH\index.php(67): CodeIgniter\CodeIgniter->run()
CRITICAL - 2023-07-30 04:22:00 --> Undefined variable $myid
in APPPATH\Helpers\special_report_helper.php on line 27.
 1 APPPATH\Helpers\special_report_helper.php(27): CodeIgniter\Debug\Exceptions->errorHandler(2, 'Undefined variable $myid', 'APPPATH\\Helpers\\special_report_helper.php', 27)
 2 APPPATH\Views\SpriteGenix_special_reports\day_end_summary.php(147): get_inventories_summary('2', 'sales', 'quantity', 'C:\\xampp\\htdocs\\SpriteGenix_app', 'C:\\xampp\\htdocs\\SpriteGenix_app', 'C:\\xampp\\htdocs\\SpriteGenix_app')
 3 SYSTEMPATH\View\View.php(213): include('APPPATH\\Views\\SpriteGenix_special_reports\\day_end_summary.php')
 4 SYSTEMPATH\View\View.php(216): CodeIgniter\View\View->CodeIgniter\View\{closure}()
 5 SYSTEMPATH\Common.php(1184): CodeIgniter\View\View->render('SpriteGenix_special_reports/day_end_summary', [], true)
 6 APPPATH\Controllers\SpriteGenix_special_reports.php(67): view('SpriteGenix_special_reports/day_end_summary', [...])
 7 SYSTEMPATH\CodeIgniter.php(934): App\Controllers\SpriteGenix_special_reports->day_end_summary()
 8 SYSTEMPATH\CodeIgniter.php(499): CodeIgniter\CodeIgniter->runController(Object(App\Controllers\SpriteGenix_special_reports))
 9 SYSTEMPATH\CodeIgniter.php(368): CodeIgniter\CodeIgniter->handleRequest(null, Object(Config\Cache), false)
10 FCPATH\index.php(67): CodeIgniter\CodeIgniter->run()
ERROR - 2023-07-30 04:27:05 --> mysqli_sql_exception: Table 'SpriteGenix_app_db.customers' doesn't exist in C:\xampp\htdocs\SpriteGenix_app\system\Database\MySQLi\Connection.php:295
Stack trace:
#0 C:\xampp\htdocs\SpriteGenix_app\system\Database\MySQLi\Connection.php(295): mysqli->query('SELECT *\nFROM `...', 0)
#1 C:\xampp\htdocs\SpriteGenix_app\system\Database\BaseConnection.php(691): CodeIgniter\Database\MySQLi\Connection->execute('SELECT *\nFROM `...')
#2 C:\xampp\htdocs\SpriteGenix_app\system\Database\BaseConnection.php(605): CodeIgniter\Database\BaseConnection->simpleQuery('SELECT *\nFROM `...')
#3 C:\xampp\htdocs\SpriteGenix_app\system\Database\BaseBuilder.php(1616): CodeIgniter\Database\BaseConnection->query('SELECT *\nFROM `...', Array, false)
#4 C:\xampp\htdocs\SpriteGenix_app\system\Model.php(268): CodeIgniter\Database\BaseBuilder->get()
#5 C:\xampp\htdocs\SpriteGenix_app\system\BaseModel.php(656): CodeIgniter\Model->doFirst()
#6 C:\xampp\htdocs\SpriteGenix_app\app\Helpers\apanel_helper.php(4634): CodeIgniter\BaseModel->first()
#7 C:\xampp\htdocs\SpriteGenix_app\app\Helpers\apanel_helper.php(4616): company('1')
#8 C:\xampp\htdocs\SpriteGenix_app\app\Controllers\Home.php(30): now_time('1')
#9 C:\xampp\htdocs\SpriteGenix_app\system\CodeIgniter.php(934): App\Controllers\Home->index()
#10 C:\xampp\htdocs\SpriteGenix_app\system\CodeIgniter.php(499): CodeIgniter\CodeIgniter->runController(Object(App\Controllers\Home))
#11 C:\xampp\htdocs\SpriteGenix_app\system\CodeIgniter.php(368): CodeIgniter\CodeIgniter->handleRequest(NULL, Object(Config\Cache), false)
#12 C:\xampp\htdocs\SpriteGenix_app\index.php(67): CodeIgniter\CodeIgniter->run()
#13 {main}
CRITICAL - 2023-07-30 04:27:05 --> Table 'SpriteGenix_app_db.customers' doesn't exist
in SYSTEMPATH\Database\BaseConnection.php on line 645.
 1 SYSTEMPATH\Database\BaseBuilder.php(1616): CodeIgniter\Database\BaseConnection->query('SELECT *
FROM `customers`
WHERE `id` = :id:
 LIMIT 1', [...], false)
 2 SYSTEMPATH\Model.php(268): CodeIgniter\Database\BaseBuilder->get()
 3 SYSTEMPATH\BaseModel.php(656): CodeIgniter\Model->doFirst()
 4 APPPATH\Helpers\apanel_helper.php(4634): CodeIgniter\BaseModel->first()
 5 APPPATH\Helpers\apanel_helper.php(4616): company('1')
 6 APPPATH\Controllers\Home.php(30): now_time('1')
 7 SYSTEMPATH\CodeIgniter.php(934): App\Controllers\Home->index()
 8 SYSTEMPATH\CodeIgniter.php(499): CodeIgniter\CodeIgniter->runController(Object(App\Controllers\Home))
 9 SYSTEMPATH\CodeIgniter.php(368): CodeIgniter\CodeIgniter->handleRequest(null, Object(Config\Cache), false)
10 FCPATH\index.php(67): CodeIgniter\CodeIgniter->run()
CRITICAL - 2023-07-30 09:39:37 --> syntax error, unexpected token "public", expecting end of file
in APPPATH\Helpers\special_report_helper.php on line 116.
 1 SYSTEMPATH\Controller.php(85): helper([...])
 2 APPPATH\Controllers\BaseController.php(46): CodeIgniter\Controller->initController(Object(CodeIgniter\HTTP\IncomingRequest), Object(CodeIgniter\HTTP\Response), Object(CodeIgniter\Log\Logger))
 3 SYSTEMPATH\CodeIgniter.php(907): App\Controllers\BaseController->initController(Object(CodeIgniter\HTTP\IncomingRequest), Object(CodeIgniter\HTTP\Response), Object(CodeIgniter\Log\Logger))
 4 SYSTEMPATH\CodeIgniter.php(490): CodeIgniter\CodeIgniter->createController()
 5 SYSTEMPATH\CodeIgniter.php(368): CodeIgniter\CodeIgniter->handleRequest(null, Object(Config\Cache), false)
 6 FCPATH\index.php(67): CodeIgniter\CodeIgniter->run()
