CRITICAL - 2024-12-30 04:39:48 --> Undefined array key "post_name"
in APPPATH\Views\website_management\posts.php on line 168.
 1 APPPATH\Views\website_management\posts.php(168): CodeIgniter\Debug\Exceptions->errorHandler(2, 'Undefined array key "post_name"', 'APPPATH\\Views\\website_management\\posts.php', 168)
 2 SYSTEMPATH\View\View.php(213): include('APPPATH\\Views\\website_management\\posts.php')
 3 SYSTEMPATH\View\View.php(216): CodeIgniter\View\View->CodeIgniter\View\{closure}()
 4 SYSTEMPATH\Common.php(1184): CodeIgniter\View\View->render('website_management/posts', [], true)
 5 APPPATH\Controllers\Website_management.php(201): view('website_management/posts', [...])
 6 SYSTEMPATH\CodeIgniter.php(934): App\Controllers\Website_management->posts()
 7 SYSTEMPATH\CodeIgniter.php(499): CodeIgniter\CodeIgniter->runController(Object(App\Controllers\Website_management))
 8 SYSTEMPATH\CodeIgniter.php(368): CodeIgniter\CodeIgniter->handleRequest(null, Object(Config\Cache), false)
 9 FCPATH\index.php(67): CodeIgniter\CodeIgniter->run()
CRITICAL - 2024-12-30 04:42:18 --> Undefined array key "post_name"
in APPPATH\Views\website_management\posts.php on line 168.
 1 APPPATH\Views\website_management\posts.php(168): CodeIgniter\Debug\Exceptions->errorHandler(2, 'Undefined array key "post_name"', 'APPPATH\\Views\\website_management\\posts.php', 168)
 2 SYSTEMPATH\View\View.php(213): include('APPPATH\\Views\\website_management\\posts.php')
 3 SYSTEMPATH\View\View.php(216): CodeIgniter\View\View->CodeIgniter\View\{closure}()
 4 SYSTEMPATH\Common.php(1184): CodeIgniter\View\View->render('website_management/posts', [], true)
 5 APPPATH\Controllers\Website_management.php(201): view('website_management/posts', [...])
 6 SYSTEMPATH\CodeIgniter.php(934): App\Controllers\Website_management->posts()
 7 SYSTEMPATH\CodeIgniter.php(499): CodeIgniter\CodeIgniter->runController(Object(App\Controllers\Website_management))
 8 SYSTEMPATH\CodeIgniter.php(368): CodeIgniter\CodeIgniter->handleRequest(null, Object(Config\Cache), false)
 9 FCPATH\index.php(67): CodeIgniter\CodeIgniter->run()
CRITICAL - 2024-12-30 04:42:22 --> Undefined array key "post_name"
in APPPATH\Views\website_management\posts.php on line 168.
 1 APPPATH\Views\website_management\posts.php(168): CodeIgniter\Debug\Exceptions->errorHandler(2, 'Undefined array key "post_name"', 'APPPATH\\Views\\website_management\\posts.php', 168)
 2 SYSTEMPATH\View\View.php(213): include('APPPATH\\Views\\website_management\\posts.php')
 3 SYSTEMPATH\View\View.php(216): CodeIgniter\View\View->CodeIgniter\View\{closure}()
 4 SYSTEMPATH\Common.php(1184): CodeIgniter\View\View->render('website_management/posts', [], true)
 5 APPPATH\Controllers\Website_management.php(201): view('website_management/posts', [...])
 6 SYSTEMPATH\CodeIgniter.php(934): App\Controllers\Website_management->posts()
 7 SYSTEMPATH\CodeIgniter.php(499): CodeIgniter\CodeIgniter->runController(Object(App\Controllers\Website_management))
 8 SYSTEMPATH\CodeIgniter.php(368): CodeIgniter\CodeIgniter->handleRequest(null, Object(Config\Cache), false)
 9 FCPATH\index.php(67): CodeIgniter\CodeIgniter->run()
CRITICAL - 2024-12-30 04:44:53 --> Undefined array key "post_name"
in APPPATH\Views\website_management\posts.php on line 168.
 1 APPPATH\Views\website_management\posts.php(168): CodeIgniter\Debug\Exceptions->errorHandler(2, 'Undefined array key "post_name"', 'APPPATH\\Views\\website_management\\posts.php', 168)
 2 SYSTEMPATH\View\View.php(213): include('APPPATH\\Views\\website_management\\posts.php')
 3 SYSTEMPATH\View\View.php(216): CodeIgniter\View\View->CodeIgniter\View\{closure}()
 4 SYSTEMPATH\Common.php(1184): CodeIgniter\View\View->render('website_management/posts', [], true)
 5 APPPATH\Controllers\Website_management.php(201): view('website_management/posts', [...])
 6 SYSTEMPATH\CodeIgniter.php(934): App\Controllers\Website_management->posts()
 7 SYSTEMPATH\CodeIgniter.php(499): CodeIgniter\CodeIgniter->runController(Object(App\Controllers\Website_management))
 8 SYSTEMPATH\CodeIgniter.php(368): CodeIgniter\CodeIgniter->handleRequest(null, Object(Config\Cache), false)
 9 FCPATH\index.php(67): CodeIgniter\CodeIgniter->run()
CRITICAL - 2024-12-30 04:44:56 --> Undefined array key "post_name"
in APPPATH\Views\website_management\posts.php on line 168.
 1 APPPATH\Views\website_management\posts.php(168): CodeIgniter\Debug\Exceptions->errorHandler(2, 'Undefined array key "post_name"', 'APPPATH\\Views\\website_management\\posts.php', 168)
 2 SYSTEMPATH\View\View.php(213): include('APPPATH\\Views\\website_management\\posts.php')
 3 SYSTEMPATH\View\View.php(216): CodeIgniter\View\View->CodeIgniter\View\{closure}()
 4 SYSTEMPATH\Common.php(1184): CodeIgniter\View\View->render('website_management/posts', [], true)
 5 APPPATH\Controllers\Website_management.php(201): view('website_management/posts', [...])
 6 SYSTEMPATH\CodeIgniter.php(934): App\Controllers\Website_management->posts()
 7 SYSTEMPATH\CodeIgniter.php(499): CodeIgniter\CodeIgniter->runController(Object(App\Controllers\Website_management))
 8 SYSTEMPATH\CodeIgniter.php(368): CodeIgniter\CodeIgniter->handleRequest(null, Object(Config\Cache), false)
 9 FCPATH\index.php(67): CodeIgniter\CodeIgniter->run()
ERROR - 2024-12-30 04:47:01 --> mysqli_sql_exception: Unknown column 'company_id' in 'where clause' in C:\xampp\htdocs\concept_admin\system\Database\MySQLi\Connection.php:295
Stack trace:
#0 C:\xampp\htdocs\concept_admin\system\Database\MySQLi\Connection.php(295): mysqli->query('SELECT *\nFROM `...', 0)
#1 C:\xampp\htdocs\concept_admin\system\Database\BaseConnection.php(691): CodeIgniter\Database\MySQLi\Connection->execute('SELECT *\nFROM `...')
#2 C:\xampp\htdocs\concept_admin\system\Database\BaseConnection.php(605): CodeIgniter\Database\BaseConnection->simpleQuery('SELECT *\nFROM `...')
#3 C:\xampp\htdocs\concept_admin\system\Database\BaseBuilder.php(1616): CodeIgniter\Database\BaseConnection->query('SELECT *\nFROM `...', Array, false)
#4 C:\xampp\htdocs\concept_admin\system\Model.php(241): CodeIgniter\Database\BaseBuilder->get()
#5 C:\xampp\htdocs\concept_admin\system\BaseModel.php(618): CodeIgniter\Model->doFindAll(0, 0)
#6 C:\xampp\htdocs\concept_admin\app\Helpers\apanel_helper.php(72): CodeIgniter\BaseModel->findAll()
#7 C:\xampp\htdocs\concept_admin\app\Views\website_management\create_post.php(198): post_categories_array()
#8 C:\xampp\htdocs\concept_admin\system\View\View.php(213): include('C:\\xampp\\htdocs...')
#9 C:\xampp\htdocs\concept_admin\system\View\View.php(216): CodeIgniter\View\View->CodeIgniter\View\{closure}()
#10 C:\xampp\htdocs\concept_admin\system\Common.php(1184): CodeIgniter\View\View->render('website_managem...', Array, true)
#11 C:\xampp\htdocs\concept_admin\app\Controllers\Website_management.php(223): view('website_managem...', Array)
#12 C:\xampp\htdocs\concept_admin\system\CodeIgniter.php(934): App\Controllers\Website_management->create_post()
#13 C:\xampp\htdocs\concept_admin\system\CodeIgniter.php(499): CodeIgniter\CodeIgniter->runController(Object(App\Controllers\Website_management))
#14 C:\xampp\htdocs\concept_admin\system\CodeIgniter.php(368): CodeIgniter\CodeIgniter->handleRequest(NULL, Object(Config\Cache), false)
#15 C:\xampp\htdocs\concept_admin\index.php(67): CodeIgniter\CodeIgniter->run()
#16 {main}
CRITICAL - 2024-12-30 04:47:01 --> Unknown column 'company_id' in 'where clause'
in SYSTEMPATH\Database\BaseConnection.php on line 645.
 1 SYSTEMPATH\Database\BaseBuilder.php(1616): CodeIgniter\Database\BaseConnection->query('SELECT *
FROM `post_categories`
WHERE `company_id` = :company_id:', [...], false)
 2 SYSTEMPATH\Model.php(241): CodeIgniter\Database\BaseBuilder->get()
 3 SYSTEMPATH\BaseModel.php(618): CodeIgniter\Model->doFindAll(0, 0)
 4 APPPATH\Helpers\apanel_helper.php(72): CodeIgniter\BaseModel->findAll()
 5 APPPATH\Views\website_management\create_post.php(198): post_categories_array()
 6 SYSTEMPATH\View\View.php(213): include('APPPATH\\Views\\website_management\\create_post.php')
 7 SYSTEMPATH\View\View.php(216): CodeIgniter\View\View->CodeIgniter\View\{closure}()
 8 SYSTEMPATH\Common.php(1184): CodeIgniter\View\View->render('website_management/create_post', [], true)
 9 APPPATH\Controllers\Website_management.php(223): view('website_management/create_post', [...])
10 SYSTEMPATH\CodeIgniter.php(934): App\Controllers\Website_management->create_post()
11 SYSTEMPATH\CodeIgniter.php(499): CodeIgniter\CodeIgniter->runController(Object(App\Controllers\Website_management))
12 SYSTEMPATH\CodeIgniter.php(368): CodeIgniter\CodeIgniter->handleRequest(null, Object(Config\Cache), false)
13 FCPATH\index.php(67): CodeIgniter\CodeIgniter->run()
ERROR - 2024-12-30 04:52:37 --> Error connecting to the database: mysqli_sql_exception: No connection could be made because the target machine actively refused it in C:\xampp\htdocs\concept_admin\system\Database\MySQLi\Connection.php:173
Stack trace:
#0 C:\xampp\htdocs\concept_admin\system\Database\MySQLi\Connection.php(173): mysqli->real_connect('localhost', 'root', Object(SensitiveParameterValue), 'ashik_db', 3306, '', 0)
#1 C:\xampp\htdocs\concept_admin\system\Database\BaseConnection.php(391): CodeIgniter\Database\MySQLi\Connection->connect(false)
#2 C:\xampp\htdocs\concept_admin\system\Database\BaseConnection.php(573): CodeIgniter\Database\BaseConnection->initialize()
#3 C:\xampp\htdocs\concept_admin\system\Database\BaseBuilder.php(1616): CodeIgniter\Database\BaseConnection->query('SELECT *\nFROM `...', Array, false)
#4 C:\xampp\htdocs\concept_admin\system\Model.php(268): CodeIgniter\Database\BaseBuilder->get()
#5 C:\xampp\htdocs\concept_admin\system\BaseModel.php(656): CodeIgniter\Model->doFirst()
#6 C:\xampp\htdocs\concept_admin\app\Controllers\Website_management.php(181): CodeIgniter\BaseModel->first()
#7 C:\xampp\htdocs\concept_admin\system\CodeIgniter.php(934): App\Controllers\Website_management->posts()
#8 C:\xampp\htdocs\concept_admin\system\CodeIgniter.php(499): CodeIgniter\CodeIgniter->runController(Object(App\Controllers\Website_management))
#9 C:\xampp\htdocs\concept_admin\system\CodeIgniter.php(368): CodeIgniter\CodeIgniter->handleRequest(NULL, Object(Config\Cache), false)
#10 C:\xampp\htdocs\concept_admin\index.php(67): CodeIgniter\CodeIgniter->run()
#11 {main}

Next CodeIgniter\Database\Exceptions\DatabaseException: No connection could be made because the target machine actively refused it in C:\xampp\htdocs\concept_admin\system\Database\MySQLi\Connection.php:218
Stack trace:
#0 C:\xampp\htdocs\concept_admin\system\Database\BaseConnection.php(391): CodeIgniter\Database\MySQLi\Connection->connect(false)
#1 C:\xampp\htdocs\concept_admin\system\Database\BaseConnection.php(573): CodeIgniter\Database\BaseConnection->initialize()
#2 C:\xampp\htdocs\concept_admin\system\Database\BaseBuilder.php(1616): CodeIgniter\Database\BaseConnection->query('SELECT *\nFROM `...', Array, false)
#3 C:\xampp\htdocs\concept_admin\system\Model.php(268): CodeIgniter\Database\BaseBuilder->get()
#4 C:\xampp\htdocs\concept_admin\system\BaseModel.php(656): CodeIgniter\Model->doFirst()
#5 C:\xampp\htdocs\concept_admin\app\Controllers\Website_management.php(181): CodeIgniter\BaseModel->first()
#6 C:\xampp\htdocs\concept_admin\system\CodeIgniter.php(934): App\Controllers\Website_management->posts()
#7 C:\xampp\htdocs\concept_admin\system\CodeIgniter.php(499): CodeIgniter\CodeIgniter->runController(Object(App\Controllers\Website_management))
#8 C:\xampp\htdocs\concept_admin\system\CodeIgniter.php(368): CodeIgniter\CodeIgniter->handleRequest(NULL, Object(Config\Cache), false)
#9 C:\xampp\htdocs\concept_admin\index.php(67): CodeIgniter\CodeIgniter->run()
#10 {main}
CRITICAL - 2024-12-30 04:52:37 --> Unable to connect to the database.
Main connection [MySQLi]: No connection could be made because the target machine actively refused it
in SYSTEMPATH\Database\BaseConnection.php on line 427.
 1 SYSTEMPATH\Database\BaseConnection.php(573): CodeIgniter\Database\BaseConnection->initialize()
 2 SYSTEMPATH\Database\BaseBuilder.php(1616): CodeIgniter\Database\BaseConnection->query('SELECT *
FROM `users`
WHERE `id` = :id:
 LIMIT 1', [...], false)
 3 SYSTEMPATH\Model.php(268): CodeIgniter\Database\BaseBuilder->get()
 4 SYSTEMPATH\BaseModel.php(656): CodeIgniter\Model->doFirst()
 5 APPPATH\Controllers\Website_management.php(181): CodeIgniter\BaseModel->first()
 6 SYSTEMPATH\CodeIgniter.php(934): App\Controllers\Website_management->posts()
 7 SYSTEMPATH\CodeIgniter.php(499): CodeIgniter\CodeIgniter->runController(Object(App\Controllers\Website_management))
 8 SYSTEMPATH\CodeIgniter.php(368): CodeIgniter\CodeIgniter->handleRequest(null, Object(Config\Cache), false)
 9 FCPATH\index.php(67): CodeIgniter\CodeIgniter->run()
ERROR - 2024-12-30 04:53:11 --> mysqli_sql_exception: MySQL server has gone away in C:\xampp\htdocs\concept_admin\system\Database\MySQLi\Connection.php:295
Stack trace:
#0 C:\xampp\htdocs\concept_admin\system\Database\MySQLi\Connection.php(295): mysqli->query('SELECT *\nFROM `...', 0)
#1 C:\xampp\htdocs\concept_admin\system\Database\BaseConnection.php(691): CodeIgniter\Database\MySQLi\Connection->execute('SELECT *\nFROM `...')
#2 C:\xampp\htdocs\concept_admin\system\Database\BaseConnection.php(605): CodeIgniter\Database\BaseConnection->simpleQuery('SELECT *\nFROM `...')
#3 C:\xampp\htdocs\concept_admin\system\Database\BaseBuilder.php(1616): CodeIgniter\Database\BaseConnection->query('SELECT *\nFROM `...', Array, false)
#4 C:\xampp\htdocs\concept_admin\system\Model.php(268): CodeIgniter\Database\BaseBuilder->get()
#5 C:\xampp\htdocs\concept_admin\system\BaseModel.php(656): CodeIgniter\Model->doFirst()
#6 C:\xampp\htdocs\concept_admin\app\Controllers\Website_management.php(181): CodeIgniter\BaseModel->first()
#7 C:\xampp\htdocs\concept_admin\system\CodeIgniter.php(934): App\Controllers\Website_management->posts()
#8 C:\xampp\htdocs\concept_admin\system\CodeIgniter.php(499): CodeIgniter\CodeIgniter->runController(Object(App\Controllers\Website_management))
#9 C:\xampp\htdocs\concept_admin\system\CodeIgniter.php(368): CodeIgniter\CodeIgniter->handleRequest(NULL, Object(Config\Cache), false)
#10 C:\xampp\htdocs\concept_admin\index.php(67): CodeIgniter\CodeIgniter->run()
#11 {main}
CRITICAL - 2024-12-30 04:53:11 --> MySQL server has gone away
in SYSTEMPATH\Database\BaseConnection.php on line 645.
 1 SYSTEMPATH\Database\BaseBuilder.php(1616): CodeIgniter\Database\BaseConnection->query('SELECT *
FROM `users`
WHERE `id` = :id:
 LIMIT 1', [...], false)
 2 SYSTEMPATH\Model.php(268): CodeIgniter\Database\BaseBuilder->get()
 3 SYSTEMPATH\BaseModel.php(656): CodeIgniter\Model->doFirst()
 4 APPPATH\Controllers\Website_management.php(181): CodeIgniter\BaseModel->first()
 5 SYSTEMPATH\CodeIgniter.php(934): App\Controllers\Website_management->posts()
 6 SYSTEMPATH\CodeIgniter.php(499): CodeIgniter\CodeIgniter->runController(Object(App\Controllers\Website_management))
 7 SYSTEMPATH\CodeIgniter.php(368): CodeIgniter\CodeIgniter->handleRequest(null, Object(Config\Cache), false)
 8 FCPATH\index.php(67): CodeIgniter\CodeIgniter->run()
ERROR - 2024-12-30 04:53:18 --> Error connecting to the database: mysqli_sql_exception: No connection could be made because the target machine actively refused it in C:\xampp\htdocs\concept_admin\system\Database\MySQLi\Connection.php:173
Stack trace:
#0 C:\xampp\htdocs\concept_admin\system\Database\MySQLi\Connection.php(173): mysqli->real_connect('localhost', 'root', Object(SensitiveParameterValue), 'ashik_db', 3306, '', 0)
#1 C:\xampp\htdocs\concept_admin\system\Database\BaseConnection.php(391): CodeIgniter\Database\MySQLi\Connection->connect(false)
#2 C:\xampp\htdocs\concept_admin\system\Database\BaseConnection.php(573): CodeIgniter\Database\BaseConnection->initialize()
#3 C:\xampp\htdocs\concept_admin\system\Database\BaseBuilder.php(1616): CodeIgniter\Database\BaseConnection->query('SELECT *\nFROM `...', Array, false)
#4 C:\xampp\htdocs\concept_admin\system\Model.php(268): CodeIgniter\Database\BaseBuilder->get()
#5 C:\xampp\htdocs\concept_admin\system\BaseModel.php(656): CodeIgniter\Model->doFirst()
#6 C:\xampp\htdocs\concept_admin\app\Controllers\Website_management.php(29): CodeIgniter\BaseModel->first()
#7 C:\xampp\htdocs\concept_admin\system\CodeIgniter.php(934): App\Controllers\Website_management->index()
#8 C:\xampp\htdocs\concept_admin\system\CodeIgniter.php(499): CodeIgniter\CodeIgniter->runController(Object(App\Controllers\Website_management))
#9 C:\xampp\htdocs\concept_admin\system\CodeIgniter.php(368): CodeIgniter\CodeIgniter->handleRequest(NULL, Object(Config\Cache), false)
#10 C:\xampp\htdocs\concept_admin\index.php(67): CodeIgniter\CodeIgniter->run()
#11 {main}

Next CodeIgniter\Database\Exceptions\DatabaseException: No connection could be made because the target machine actively refused it in C:\xampp\htdocs\concept_admin\system\Database\MySQLi\Connection.php:218
Stack trace:
#0 C:\xampp\htdocs\concept_admin\system\Database\BaseConnection.php(391): CodeIgniter\Database\MySQLi\Connection->connect(false)
#1 C:\xampp\htdocs\concept_admin\system\Database\BaseConnection.php(573): CodeIgniter\Database\BaseConnection->initialize()
#2 C:\xampp\htdocs\concept_admin\system\Database\BaseBuilder.php(1616): CodeIgniter\Database\BaseConnection->query('SELECT *\nFROM `...', Array, false)
#3 C:\xampp\htdocs\concept_admin\system\Model.php(268): CodeIgniter\Database\BaseBuilder->get()
#4 C:\xampp\htdocs\concept_admin\system\BaseModel.php(656): CodeIgniter\Model->doFirst()
#5 C:\xampp\htdocs\concept_admin\app\Controllers\Website_management.php(29): CodeIgniter\BaseModel->first()
#6 C:\xampp\htdocs\concept_admin\system\CodeIgniter.php(934): App\Controllers\Website_management->index()
#7 C:\xampp\htdocs\concept_admin\system\CodeIgniter.php(499): CodeIgniter\CodeIgniter->runController(Object(App\Controllers\Website_management))
#8 C:\xampp\htdocs\concept_admin\system\CodeIgniter.php(368): CodeIgniter\CodeIgniter->handleRequest(NULL, Object(Config\Cache), false)
#9 C:\xampp\htdocs\concept_admin\index.php(67): CodeIgniter\CodeIgniter->run()
#10 {main}
CRITICAL - 2024-12-30 04:53:18 --> Unable to connect to the database.
Main connection [MySQLi]: No connection could be made because the target machine actively refused it
in SYSTEMPATH\Database\BaseConnection.php on line 427.
 1 SYSTEMPATH\Database\BaseConnection.php(573): CodeIgniter\Database\BaseConnection->initialize()
 2 SYSTEMPATH\Database\BaseBuilder.php(1616): CodeIgniter\Database\BaseConnection->query('SELECT *
FROM `users`
WHERE `id` = :id:
 LIMIT 1', [...], false)
 3 SYSTEMPATH\Model.php(268): CodeIgniter\Database\BaseBuilder->get()
 4 SYSTEMPATH\BaseModel.php(656): CodeIgniter\Model->doFirst()
 5 APPPATH\Controllers\Website_management.php(29): CodeIgniter\BaseModel->first()
 6 SYSTEMPATH\CodeIgniter.php(934): App\Controllers\Website_management->index()
 7 SYSTEMPATH\CodeIgniter.php(499): CodeIgniter\CodeIgniter->runController(Object(App\Controllers\Website_management))
 8 SYSTEMPATH\CodeIgniter.php(368): CodeIgniter\CodeIgniter->handleRequest(null, Object(Config\Cache), false)
 9 FCPATH\index.php(67): CodeIgniter\CodeIgniter->run()
ERROR - 2024-12-30 04:54:54 --> mysqli_sql_exception: Unknown column 'parent' in 'field list' in C:\xampp\htdocs\concept_admin\system\Database\MySQLi\Connection.php:295
Stack trace:
#0 C:\xampp\htdocs\concept_admin\system\Database\MySQLi\Connection.php(295): mysqli->query('INSERT INTO `po...', 0)
#1 C:\xampp\htdocs\concept_admin\system\Database\BaseConnection.php(691): CodeIgniter\Database\MySQLi\Connection->execute('INSERT INTO `po...')
#2 C:\xampp\htdocs\concept_admin\system\Database\BaseConnection.php(605): CodeIgniter\Database\BaseConnection->simpleQuery('INSERT INTO `po...')
#3 C:\xampp\htdocs\concept_admin\system\Database\BaseBuilder.php(2309): CodeIgniter\Database\BaseConnection->query('INSERT INTO `po...', Array, false)
#4 C:\xampp\htdocs\concept_admin\system\Model.php(330): CodeIgniter\Database\BaseBuilder->insert()
#5 C:\xampp\htdocs\concept_admin\system\BaseModel.php(782): CodeIgniter\Model->doInsert(Array)
#6 C:\xampp\htdocs\concept_admin\system\Model.php(730): CodeIgniter\BaseModel->insert(Array, false)
#7 C:\xampp\htdocs\concept_admin\system\BaseModel.php(692): CodeIgniter\Model->insert(Array, false)
#8 C:\xampp\htdocs\concept_admin\app\Controllers\Website_management.php(284): CodeIgniter\BaseModel->save(Array)
#9 C:\xampp\htdocs\concept_admin\system\CodeIgniter.php(934): App\Controllers\Website_management->add_cat_from_ajax()
#10 C:\xampp\htdocs\concept_admin\system\CodeIgniter.php(499): CodeIgniter\CodeIgniter->runController(Object(App\Controllers\Website_management))
#11 C:\xampp\htdocs\concept_admin\system\CodeIgniter.php(368): CodeIgniter\CodeIgniter->handleRequest(NULL, Object(Config\Cache), false)
#12 C:\xampp\htdocs\concept_admin\index.php(67): CodeIgniter\CodeIgniter->run()
#13 {main}
CRITICAL - 2024-12-30 04:54:54 --> Unknown column 'parent' in 'field list'
in SYSTEMPATH\Database\BaseConnection.php on line 645.
 1 SYSTEMPATH\Database\BaseBuilder.php(2309): CodeIgniter\Database\BaseConnection->query('INSERT INTO `post_categories` (`company_id`, `category_name`, `parent`, `slug`) VALUES (:company_id:, :category_name:, :parent:, :slug:)', [...], false)
 2 SYSTEMPATH\Model.php(330): CodeIgniter\Database\BaseBuilder->insert()
 3 SYSTEMPATH\BaseModel.php(782): CodeIgniter\Model->doInsert([...])
 4 SYSTEMPATH\Model.php(730): CodeIgniter\BaseModel->insert([...], false)
 5 SYSTEMPATH\BaseModel.php(692): CodeIgniter\Model->insert([...], false)
 6 APPPATH\Controllers\Website_management.php(284): CodeIgniter\BaseModel->save([...])
 7 SYSTEMPATH\CodeIgniter.php(934): App\Controllers\Website_management->add_cat_from_ajax()
 8 SYSTEMPATH\CodeIgniter.php(499): CodeIgniter\CodeIgniter->runController(Object(App\Controllers\Website_management))
 9 SYSTEMPATH\CodeIgniter.php(368): CodeIgniter\CodeIgniter->handleRequest(null, Object(Config\Cache), false)
10 FCPATH\index.php(67): CodeIgniter\CodeIgniter->run()
ERROR - 2024-12-30 04:54:57 --> mysqli_sql_exception: Unknown column 'parent' in 'field list' in C:\xampp\htdocs\concept_admin\system\Database\MySQLi\Connection.php:295
Stack trace:
#0 C:\xampp\htdocs\concept_admin\system\Database\MySQLi\Connection.php(295): mysqli->query('INSERT INTO `po...', 0)
#1 C:\xampp\htdocs\concept_admin\system\Database\BaseConnection.php(691): CodeIgniter\Database\MySQLi\Connection->execute('INSERT INTO `po...')
#2 C:\xampp\htdocs\concept_admin\system\Database\BaseConnection.php(605): CodeIgniter\Database\BaseConnection->simpleQuery('INSERT INTO `po...')
#3 C:\xampp\htdocs\concept_admin\system\Database\BaseBuilder.php(2309): CodeIgniter\Database\BaseConnection->query('INSERT INTO `po...', Array, false)
#4 C:\xampp\htdocs\concept_admin\system\Model.php(330): CodeIgniter\Database\BaseBuilder->insert()
#5 C:\xampp\htdocs\concept_admin\system\BaseModel.php(782): CodeIgniter\Model->doInsert(Array)
#6 C:\xampp\htdocs\concept_admin\system\Model.php(730): CodeIgniter\BaseModel->insert(Array, false)
#7 C:\xampp\htdocs\concept_admin\system\BaseModel.php(692): CodeIgniter\Model->insert(Array, false)
#8 C:\xampp\htdocs\concept_admin\app\Controllers\Website_management.php(284): CodeIgniter\BaseModel->save(Array)
#9 C:\xampp\htdocs\concept_admin\system\CodeIgniter.php(934): App\Controllers\Website_management->add_cat_from_ajax()
#10 C:\xampp\htdocs\concept_admin\system\CodeIgniter.php(499): CodeIgniter\CodeIgniter->runController(Object(App\Controllers\Website_management))
#11 C:\xampp\htdocs\concept_admin\system\CodeIgniter.php(368): CodeIgniter\CodeIgniter->handleRequest(NULL, Object(Config\Cache), false)
#12 C:\xampp\htdocs\concept_admin\index.php(67): CodeIgniter\CodeIgniter->run()
#13 {main}
CRITICAL - 2024-12-30 04:54:57 --> Unknown column 'parent' in 'field list'
in SYSTEMPATH\Database\BaseConnection.php on line 645.
 1 SYSTEMPATH\Database\BaseBuilder.php(2309): CodeIgniter\Database\BaseConnection->query('INSERT INTO `post_categories` (`company_id`, `category_name`, `parent`, `slug`) VALUES (:company_id:, :category_name:, :parent:, :slug:)', [...], false)
 2 SYSTEMPATH\Model.php(330): CodeIgniter\Database\BaseBuilder->insert()
 3 SYSTEMPATH\BaseModel.php(782): CodeIgniter\Model->doInsert([...])
 4 SYSTEMPATH\Model.php(730): CodeIgniter\BaseModel->insert([...], false)
 5 SYSTEMPATH\BaseModel.php(692): CodeIgniter\Model->insert([...], false)
 6 APPPATH\Controllers\Website_management.php(284): CodeIgniter\BaseModel->save([...])
 7 SYSTEMPATH\CodeIgniter.php(934): App\Controllers\Website_management->add_cat_from_ajax()
 8 SYSTEMPATH\CodeIgniter.php(499): CodeIgniter\CodeIgniter->runController(Object(App\Controllers\Website_management))
 9 SYSTEMPATH\CodeIgniter.php(368): CodeIgniter\CodeIgniter->handleRequest(null, Object(Config\Cache), false)
10 FCPATH\index.php(67): CodeIgniter\CodeIgniter->run()
ERROR - 2024-12-30 06:16:15 --> mysqli_sql_exception: Unknown column 'company_id' in 'field list' in C:\xampp\htdocs\admin_panel\system\Database\MySQLi\Connection.php:295
Stack trace:
#0 C:\xampp\htdocs\admin_panel\system\Database\MySQLi\Connection.php(295): mysqli->query('INSERT INTO `po...', 0)
#1 C:\xampp\htdocs\admin_panel\system\Database\BaseConnection.php(691): CodeIgniter\Database\MySQLi\Connection->execute('INSERT INTO `po...')
#2 C:\xampp\htdocs\admin_panel\system\Database\BaseConnection.php(605): CodeIgniter\Database\BaseConnection->simpleQuery('INSERT INTO `po...')
#3 C:\xampp\htdocs\admin_panel\system\Database\BaseBuilder.php(2309): CodeIgniter\Database\BaseConnection->query('INSERT INTO `po...', Array, false)
#4 C:\xampp\htdocs\admin_panel\system\Model.php(330): CodeIgniter\Database\BaseBuilder->insert()
#5 C:\xampp\htdocs\admin_panel\system\BaseModel.php(782): CodeIgniter\Model->doInsert(Array)
#6 C:\xampp\htdocs\admin_panel\system\Model.php(730): CodeIgniter\BaseModel->insert(Array, false)
#7 C:\xampp\htdocs\admin_panel\system\BaseModel.php(692): CodeIgniter\Model->insert(Array, false)
#8 C:\xampp\htdocs\admin_panel\app\Controllers\Website_management.php(436): CodeIgniter\BaseModel->save(Array)
#9 C:\xampp\htdocs\admin_panel\system\CodeIgniter.php(934): App\Controllers\Website_management->add_post()
#10 C:\xampp\htdocs\admin_panel\system\CodeIgniter.php(499): CodeIgniter\CodeIgniter->runController(Object(App\Controllers\Website_management))
#11 C:\xampp\htdocs\admin_panel\system\CodeIgniter.php(368): CodeIgniter\CodeIgniter->handleRequest(NULL, Object(Config\Cache), false)
#12 C:\xampp\htdocs\admin_panel\index.php(67): CodeIgniter\CodeIgniter->run()
#13 {main}
CRITICAL - 2024-12-30 06:16:15 --> Unknown column 'company_id' in 'field list'
in SYSTEMPATH\Database\BaseConnection.php on line 645.
 1 SYSTEMPATH\Database\BaseBuilder.php(2309): CodeIgniter\Database\BaseConnection->query('INSERT INTO `posts` (`company_id`, `title`, `post_type`, `category`, `short_description`, `description`, `meta_keyword`, `meta_description`, `featured`, `file_type`, `alt`, `status`, `slug`, `datetime`) VALUES (:company_id:, :title:, :post_type:, :category:, :short_description:, :description:, :meta_keyword:, :meta_description:, :featured:, :file_type:, :alt:, :status:, :slug:, :datetime:)', [...], false)
 2 SYSTEMPATH\Model.php(330): CodeIgniter\Database\BaseBuilder->insert()
 3 SYSTEMPATH\BaseModel.php(782): CodeIgniter\Model->doInsert([...])
 4 SYSTEMPATH\Model.php(730): CodeIgniter\BaseModel->insert([...], false)
 5 SYSTEMPATH\BaseModel.php(692): CodeIgniter\Model->insert([...], false)
 6 APPPATH\Controllers\Website_management.php(436): CodeIgniter\BaseModel->save([...])
 7 SYSTEMPATH\CodeIgniter.php(934): App\Controllers\Website_management->add_post()
 8 SYSTEMPATH\CodeIgniter.php(499): CodeIgniter\CodeIgniter->runController(Object(App\Controllers\Website_management))
 9 SYSTEMPATH\CodeIgniter.php(368): CodeIgniter\CodeIgniter->handleRequest(null, Object(Config\Cache), false)
10 FCPATH\index.php(67): CodeIgniter\CodeIgniter->run()
CRITICAL - 2024-12-30 06:22:42 --> Undefined array key "video_link"
in APPPATH\Views\website_management\edit_post.php on line 162.
 1 APPPATH\Views\website_management\edit_post.php(162): CodeIgniter\Debug\Exceptions->errorHandler(2, 'Undefined array key "video_link"', 'APPPATH\\Views\\website_management\\edit_post.php', 162)
 2 SYSTEMPATH\View\View.php(213): include('APPPATH\\Views\\website_management\\edit_post.php')
 3 SYSTEMPATH\View\View.php(216): CodeIgniter\View\View->CodeIgniter\View\{closure}()
 4 SYSTEMPATH\Common.php(1184): CodeIgniter\View\View->render('website_management/edit_post', [], true)
 5 APPPATH\Controllers\Website_management.php(657): view('website_management/edit_post')
 6 SYSTEMPATH\CodeIgniter.php(934): App\Controllers\Website_management->edit_post('188')
 7 SYSTEMPATH\CodeIgniter.php(499): CodeIgniter\CodeIgniter->runController(Object(App\Controllers\Website_management))
 8 SYSTEMPATH\CodeIgniter.php(368): CodeIgniter\CodeIgniter->handleRequest(null, Object(Config\Cache), false)
 9 FCPATH\index.php(67): CodeIgniter\CodeIgniter->run()
CRITICAL - 2024-12-30 06:24:16 --> Undefined array key "video_link"
in APPPATH\Views\website_management\edit_post.php on line 162.
 1 APPPATH\Views\website_management\edit_post.php(162): CodeIgniter\Debug\Exceptions->errorHandler(2, 'Undefined array key "video_link"', 'APPPATH\\Views\\website_management\\edit_post.php', 162)
 2 SYSTEMPATH\View\View.php(213): include('APPPATH\\Views\\website_management\\edit_post.php')
 3 SYSTEMPATH\View\View.php(216): CodeIgniter\View\View->CodeIgniter\View\{closure}()
 4 SYSTEMPATH\Common.php(1184): CodeIgniter\View\View->render('website_management/edit_post', [], true)
 5 APPPATH\Controllers\Website_management.php(657): view('website_management/edit_post')
 6 SYSTEMPATH\CodeIgniter.php(934): App\Controllers\Website_management->edit_post('188')
 7 SYSTEMPATH\CodeIgniter.php(499): CodeIgniter\CodeIgniter->runController(Object(App\Controllers\Website_management))
 8 SYSTEMPATH\CodeIgniter.php(368): CodeIgniter\CodeIgniter->handleRequest(null, Object(Config\Cache), false)
 9 FCPATH\index.php(67): CodeIgniter\CodeIgniter->run()
CRITICAL - 2024-12-30 06:25:08 --> Undefined array key "post_name"
in APPPATH\Views\website_management\edit_post.php on line 186.
 1 APPPATH\Views\website_management\edit_post.php(186): CodeIgniter\Debug\Exceptions->errorHandler(2, 'Undefined array key "post_name"', 'APPPATH\\Views\\website_management\\edit_post.php', 186)
 2 SYSTEMPATH\View\View.php(213): include('APPPATH\\Views\\website_management\\edit_post.php')
 3 SYSTEMPATH\View\View.php(216): CodeIgniter\View\View->CodeIgniter\View\{closure}()
 4 SYSTEMPATH\Common.php(1184): CodeIgniter\View\View->render('website_management/edit_post', [], true)
 5 APPPATH\Controllers\Website_management.php(657): view('website_management/edit_post')
 6 SYSTEMPATH\CodeIgniter.php(934): App\Controllers\Website_management->edit_post('188')
 7 SYSTEMPATH\CodeIgniter.php(499): CodeIgniter\CodeIgniter->runController(Object(App\Controllers\Website_management))
 8 SYSTEMPATH\CodeIgniter.php(368): CodeIgniter\CodeIgniter->handleRequest(null, Object(Config\Cache), false)
 9 FCPATH\index.php(67): CodeIgniter\CodeIgniter->run()
CRITICAL - 2024-12-30 06:25:35 --> Undefined array key "project_date"
in APPPATH\Views\website_management\edit_post.php on line 202.
 1 APPPATH\Views\website_management\edit_post.php(202): CodeIgniter\Debug\Exceptions->errorHandler(2, 'Undefined array key "project_date"', 'APPPATH\\Views\\website_management\\edit_post.php', 202)
 2 SYSTEMPATH\View\View.php(213): include('APPPATH\\Views\\website_management\\edit_post.php')
 3 SYSTEMPATH\View\View.php(216): CodeIgniter\View\View->CodeIgniter\View\{closure}()
 4 SYSTEMPATH\Common.php(1184): CodeIgniter\View\View->render('website_management/edit_post', [], true)
 5 APPPATH\Controllers\Website_management.php(657): view('website_management/edit_post')
 6 SYSTEMPATH\CodeIgniter.php(934): App\Controllers\Website_management->edit_post('188')
 7 SYSTEMPATH\CodeIgniter.php(499): CodeIgniter\CodeIgniter->runController(Object(App\Controllers\Website_management))
 8 SYSTEMPATH\CodeIgniter.php(368): CodeIgniter\CodeIgniter->handleRequest(null, Object(Config\Cache), false)
 9 FCPATH\index.php(67): CodeIgniter\CodeIgniter->run()
CRITICAL - 2024-12-30 06:28:43 --> Undefined array key "location"
in APPPATH\Views\website_management\edit_post.php on line 209.
 1 APPPATH\Views\website_management\edit_post.php(209): CodeIgniter\Debug\Exceptions->errorHandler(2, 'Undefined array key "location"', 'APPPATH\\Views\\website_management\\edit_post.php', 209)
 2 SYSTEMPATH\View\View.php(213): include('APPPATH\\Views\\website_management\\edit_post.php')
 3 SYSTEMPATH\View\View.php(216): CodeIgniter\View\View->CodeIgniter\View\{closure}()
 4 SYSTEMPATH\Common.php(1184): CodeIgniter\View\View->render('website_management/edit_post', [], true)
 5 APPPATH\Controllers\Website_management.php(657): view('website_management/edit_post')
 6 SYSTEMPATH\CodeIgniter.php(934): App\Controllers\Website_management->edit_post('188')
 7 SYSTEMPATH\CodeIgniter.php(499): CodeIgniter\CodeIgniter->runController(Object(App\Controllers\Website_management))
 8 SYSTEMPATH\CodeIgniter.php(368): CodeIgniter\CodeIgniter->handleRequest(null, Object(Config\Cache), false)
 9 FCPATH\index.php(67): CodeIgniter\CodeIgniter->run()
