CRITICAL - 2023-03-18 03:37:36 --> move_uploaded_file(public/uploads/library/1679110656Drawing1.jpg): Failed to open stream: No such file or directory
in APPPATH\Controllers\Library_management.php on line 229.
 1 [internal function]: CodeIgniter\Debug\Exceptions->errorHandler(2, 'move_uploaded_file(public/uploads/library/1679110656Drawing1.jpg): Failed to open stream: No such file or directory', 'APPPATH\\Controllers\\Library_management.php', 229)
 2 APPPATH\Controllers\Library_management.php(229): move_uploaded_file('C:\\xampp\\tmp\\php52E9.tmp', 'public/uploads/library/1679110656Drawing1.jpg')
 3 SYSTEMPATH\CodeIgniter.php(934): App\Controllers\Library_management->add_books('1')
 4 SYSTEMPATH\CodeIgniter.php(499): CodeIgniter\CodeIgniter->runController(Object(App\Controllers\Library_management))
 5 SYSTEMPATH\CodeIgniter.php(368): CodeIgniter\CodeIgniter->handleRequest(null, Object(Config\Cache), false)
 6 FCPATH\index.php(67): CodeIgniter\CodeIgniter->run()
CRITICAL - 2023-03-18 03:37:43 --> move_uploaded_file(public/uploads/library/1679110663Drawing1.jpg): Failed to open stream: No such file or directory
in APPPATH\Controllers\Library_management.php on line 229.
 1 [internal function]: CodeIgniter\Debug\Exceptions->errorHandler(2, 'move_uploaded_file(public/uploads/library/1679110663Drawing1.jpg): Failed to open stream: No such file or directory', 'APPPATH\\Controllers\\Library_management.php', 229)
 2 APPPATH\Controllers\Library_management.php(229): move_uploaded_file('C:\\xampp\\tmp\\php6BC2.tmp', 'public/uploads/library/1679110663Drawing1.jpg')
 3 SYSTEMPATH\CodeIgniter.php(934): App\Controllers\Library_management->add_books('1')
 4 SYSTEMPATH\CodeIgniter.php(499): CodeIgniter\CodeIgniter->runController(Object(App\Controllers\Library_management))
 5 SYSTEMPATH\CodeIgniter.php(368): CodeIgniter\CodeIgniter->handleRequest(null, Object(Config\Cache), false)
 6 FCPATH\index.php(67): CodeIgniter\CodeIgniter->run()
CRITICAL - 2023-03-18 03:38:26 --> move_uploaded_file(public/uploads/library/1679110706Drawing1.jpg): Failed to open stream: No such file or directory
in APPPATH\Controllers\Library_management.php on line 229.
 1 [internal function]: CodeIgniter\Debug\Exceptions->errorHandler(2, 'move_uploaded_file(public/uploads/library/1679110706Drawing1.jpg): Failed to open stream: No such file or directory', 'APPPATH\\Controllers\\Library_management.php', 229)
 2 APPPATH\Controllers\Library_management.php(229): move_uploaded_file('C:\\xampp\\tmp\\php13F9.tmp', 'public/uploads/library/1679110706Drawing1.jpg')
 3 SYSTEMPATH\CodeIgniter.php(934): App\Controllers\Library_management->add_books('1')
 4 SYSTEMPATH\CodeIgniter.php(499): CodeIgniter\CodeIgniter->runController(Object(App\Controllers\Library_management))
 5 SYSTEMPATH\CodeIgniter.php(368): CodeIgniter\CodeIgniter->handleRequest(null, Object(Config\Cache), false)
 6 FCPATH\index.php(67): CodeIgniter\CodeIgniter->run()
CRITICAL - 2023-03-18 04:07:15 --> Invalid file: "voucher_entries/all_entries.php"
in SYSTEMPATH\Exceptions\FrameworkException.php on line 33.
 1 SYSTEMPATH\View\View.php(201): CodeIgniter\Exceptions\FrameworkException::forInvalidFile('voucher_entries/all_entries.php')
 2 SYSTEMPATH\Common.php(1184): CodeIgniter\View\View->render('voucher_entries/all_entries', [], true)
 3 APPPATH\Controllers\Voucher_entries.php(116): view('voucher_entries/all_entries', [...])
 4 SYSTEMPATH\CodeIgniter.php(934): App\Controllers\Voucher_entries->index()
 5 SYSTEMPATH\CodeIgniter.php(499): CodeIgniter\CodeIgniter->runController(Object(App\Controllers\Voucher_entries))
 6 SYSTEMPATH\CodeIgniter.php(368): CodeIgniter\CodeIgniter->handleRequest(null, Object(Config\Cache), false)
 7 FCPATH\index.php(67): CodeIgniter\CodeIgniter->run()
CRITICAL - 2023-03-18 04:19:44 --> Undefined variable $customer_data
in APPPATH\Views\voucher_entries\all_entries.php on line 129.
 1 APPPATH\Views\voucher_entries\all_entries.php(129): CodeIgniter\Debug\Exceptions->errorHandler(2, 'Undefined variable $customer_data', 'APPPATH\\Views\\voucher_entries\\all_entries.php', 129)
 2 SYSTEMPATH\View\View.php(213): include('APPPATH\\Views\\voucher_entries\\all_entries.php')
 3 SYSTEMPATH\View\View.php(216): CodeIgniter\View\View->CodeIgniter\View\{closure}()
 4 SYSTEMPATH\Common.php(1184): CodeIgniter\View\View->render('voucher_entries/all_entries', [], true)
 5 APPPATH\Controllers\Voucher_entries.php(109): view('voucher_entries/all_entries', [...])
 6 SYSTEMPATH\CodeIgniter.php(934): App\Controllers\Voucher_entries->index()
 7 SYSTEMPATH\CodeIgniter.php(499): CodeIgniter\CodeIgniter->runController(Object(App\Controllers\Voucher_entries))
 8 SYSTEMPATH\CodeIgniter.php(368): CodeIgniter\CodeIgniter->handleRequest(null, Object(Config\Cache), false)
 9 FCPATH\index.php(67): CodeIgniter\CodeIgniter->run()
CRITICAL - 2023-03-18 04:28:11 --> Undefined array key "from"
in APPPATH\Controllers\Voucher_entries.php on line 50.
 1 APPPATH\Controllers\Voucher_entries.php(50): CodeIgniter\Debug\Exceptions->errorHandler(2, 'Undefined array key "from"', 'APPPATH\\Controllers\\Voucher_entries.php', 50)
 2 SYSTEMPATH\CodeIgniter.php(934): App\Controllers\Voucher_entries->index()
 3 SYSTEMPATH\CodeIgniter.php(499): CodeIgniter\CodeIgniter->runController(Object(App\Controllers\Voucher_entries))
 4 SYSTEMPATH\CodeIgniter.php(368): CodeIgniter\CodeIgniter->handleRequest(null, Object(Config\Cache), false)
 5 FCPATH\index.php(67): CodeIgniter\CodeIgniter->run()
CRITICAL - 2023-03-18 04:34:52 --> Undefined variable $data_count
in APPPATH\Views\voucher_entries\all_entries.php on line 126.
 1 APPPATH\Views\voucher_entries\all_entries.php(126): CodeIgniter\Debug\Exceptions->errorHandler(2, 'Undefined variable $data_count', 'APPPATH\\Views\\voucher_entries\\all_entries.php', 126)
 2 SYSTEMPATH\View\View.php(213): include('APPPATH\\Views\\voucher_entries\\all_entries.php')
 3 SYSTEMPATH\View\View.php(216): CodeIgniter\View\View->CodeIgniter\View\{closure}()
 4 SYSTEMPATH\Common.php(1184): CodeIgniter\View\View->render('voucher_entries/all_entries', [], true)
 5 APPPATH\Controllers\Voucher_entries.php(109): view('voucher_entries/all_entries', [...])
 6 SYSTEMPATH\CodeIgniter.php(934): App\Controllers\Voucher_entries->index()
 7 SYSTEMPATH\CodeIgniter.php(499): CodeIgniter\CodeIgniter->runController(Object(App\Controllers\Voucher_entries))
 8 SYSTEMPATH\CodeIgniter.php(368): CodeIgniter\CodeIgniter->handleRequest(null, Object(Config\Cache), false)
 9 FCPATH\index.php(67): CodeIgniter\CodeIgniter->run()
CRITICAL - 2023-03-18 04:53:47 --> Invalid file: "voucher_entries/add.php"
in SYSTEMPATH\Exceptions\FrameworkException.php on line 33.
 1 SYSTEMPATH\View\View.php(201): CodeIgniter\Exceptions\FrameworkException::forInvalidFile('voucher_entries/add.php')
 2 SYSTEMPATH\Common.php(1184): CodeIgniter\View\View->render('voucher_entries/add', [], true)
 3 APPPATH\Controllers\Voucher_entries.php(345): view('voucher_entries/add', [...])
 4 SYSTEMPATH\CodeIgniter.php(934): App\Controllers\Voucher_entries->add()
 5 SYSTEMPATH\CodeIgniter.php(499): CodeIgniter\CodeIgniter->runController(Object(App\Controllers\Voucher_entries))
 6 SYSTEMPATH\CodeIgniter.php(368): CodeIgniter\CodeIgniter->handleRequest(null, Object(Config\Cache), false)
 7 FCPATH\index.php(67): CodeIgniter\CodeIgniter->run()
CRITICAL - 2023-03-18 05:05:31 --> Invalid file: "accounts/add_ledger_acount_form.php"
in SYSTEMPATH\Exceptions\FrameworkException.php on line 33.
 1 SYSTEMPATH\View\View.php(201): CodeIgniter\Exceptions\FrameworkException::forInvalidFile('accounts/add_ledger_acount_form.php')
 2 SYSTEMPATH\Common.php(1184): CodeIgniter\View\View->render('accounts/add_ledger_acount_form', [], true)
 3 APPPATH\Controllers\Accounts.php(106): view('accounts/add_ledger_acount_form', [...])
 4 SYSTEMPATH\CodeIgniter.php(934): App\Controllers\Accounts->get_ledger_ac_form()
 5 SYSTEMPATH\CodeIgniter.php(499): CodeIgniter\CodeIgniter->runController(Object(App\Controllers\Accounts))
 6 SYSTEMPATH\CodeIgniter.php(368): CodeIgniter\CodeIgniter->handleRequest(null, Object(Config\Cache), false)
 7 FCPATH\index.php(67): CodeIgniter\CodeIgniter->run()
CRITICAL - 2023-03-18 06:14:28 --> Undefined variable $pmt
in APPPATH\Views\voucher_entries\voucher_details.php on line 16.
 1 APPPATH\Views\voucher_entries\voucher_details.php(16): CodeIgniter\Debug\Exceptions->errorHandler(2, 'Undefined variable $pmt', 'APPPATH\\Views\\voucher_entries\\voucher_details.php', 16)
 2 SYSTEMPATH\View\View.php(213): include('APPPATH\\Views\\voucher_entries\\voucher_details.php')
 3 SYSTEMPATH\View\View.php(216): CodeIgniter\View\View->CodeIgniter\View\{closure}()
 4 SYSTEMPATH\Common.php(1184): CodeIgniter\View\View->render('voucher_entries/voucher_details', [], true)
 5 APPPATH\Controllers\Voucher_entries.php(527): view('voucher_entries/voucher_details', [...])
 6 SYSTEMPATH\CodeIgniter.php(934): App\Controllers\Voucher_entries->details('78')
 7 SYSTEMPATH\CodeIgniter.php(499): CodeIgniter\CodeIgniter->runController(Object(App\Controllers\Voucher_entries))
 8 SYSTEMPATH\CodeIgniter.php(368): CodeIgniter\CodeIgniter->handleRequest(null, Object(Config\Cache), false)
 9 FCPATH\index.php(67): CodeIgniter\CodeIgniter->run()
CRITICAL - 2023-03-18 06:15:07 --> Undefined variable $pmt
in APPPATH\Views\voucher_entries\voucher_details.php on line 16.
 1 APPPATH\Views\voucher_entries\voucher_details.php(16): CodeIgniter\Debug\Exceptions->errorHandler(2, 'Undefined variable $pmt', 'APPPATH\\Views\\voucher_entries\\voucher_details.php', 16)
 2 SYSTEMPATH\View\View.php(213): include('APPPATH\\Views\\voucher_entries\\voucher_details.php')
 3 SYSTEMPATH\View\View.php(216): CodeIgniter\View\View->CodeIgniter\View\{closure}()
 4 SYSTEMPATH\Common.php(1184): CodeIgniter\View\View->render('voucher_entries/voucher_details', [], true)
 5 APPPATH\Controllers\Voucher_entries.php(527): view('voucher_entries/voucher_details', [...])
 6 SYSTEMPATH\CodeIgniter.php(934): App\Controllers\Voucher_entries->details('78')
 7 SYSTEMPATH\CodeIgniter.php(499): CodeIgniter\CodeIgniter->runController(Object(App\Controllers\Voucher_entries))
 8 SYSTEMPATH\CodeIgniter.php(368): CodeIgniter\CodeIgniter->handleRequest(null, Object(Config\Cache), false)
 9 FCPATH\index.php(67): CodeIgniter\CodeIgniter->run()
CRITICAL - 2023-03-18 06:16:53 --> Undefined variable $pmt
in APPPATH\Views\voucher_entries\voucher_details.php on line 78.
 1 APPPATH\Views\voucher_entries\voucher_details.php(78): CodeIgniter\Debug\Exceptions->errorHandler(2, 'Undefined variable $pmt', 'APPPATH\\Views\\voucher_entries\\voucher_details.php', 78)
 2 SYSTEMPATH\View\View.php(213): include('APPPATH\\Views\\voucher_entries\\voucher_details.php')
 3 SYSTEMPATH\View\View.php(216): CodeIgniter\View\View->CodeIgniter\View\{closure}()
 4 SYSTEMPATH\Common.php(1184): CodeIgniter\View\View->render('voucher_entries/voucher_details', [], true)
 5 APPPATH\Controllers\Voucher_entries.php(527): view('voucher_entries/voucher_details', [...])
 6 SYSTEMPATH\CodeIgniter.php(934): App\Controllers\Voucher_entries->details('78')
 7 SYSTEMPATH\CodeIgniter.php(499): CodeIgniter\CodeIgniter->runController(Object(App\Controllers\Voucher_entries))
 8 SYSTEMPATH\CodeIgniter.php(368): CodeIgniter\CodeIgniter->handleRequest(null, Object(Config\Cache), false)
 9 FCPATH\index.php(67): CodeIgniter\CodeIgniter->run()
CRITICAL - 2023-03-18 06:39:01 --> Undefined variable $pager
in APPPATH\Views\voucher_entries\all_entries.php on line 228.
 1 APPPATH\Views\voucher_entries\all_entries.php(228): CodeIgniter\Debug\Exceptions->errorHandler(2, 'Undefined variable $pager', 'APPPATH\\Views\\voucher_entries\\all_entries.php', 228)
 2 SYSTEMPATH\View\View.php(213): include('APPPATH\\Views\\voucher_entries\\all_entries.php')
 3 SYSTEMPATH\View\View.php(216): CodeIgniter\View\View->CodeIgniter\View\{closure}()
 4 SYSTEMPATH\Common.php(1184): CodeIgniter\View\View->render('voucher_entries/all_entries', [], true)
 5 APPPATH\Controllers\Voucher_entries.php(109): view('voucher_entries/all_entries', [...])
 6 SYSTEMPATH\CodeIgniter.php(934): App\Controllers\Voucher_entries->index()
 7 SYSTEMPATH\CodeIgniter.php(499): CodeIgniter\CodeIgniter->runController(Object(App\Controllers\Voucher_entries))
 8 SYSTEMPATH\CodeIgniter.php(368): CodeIgniter\CodeIgniter->handleRequest(null, Object(Config\Cache), false)
 9 FCPATH\index.php(67): CodeIgniter\CodeIgniter->run()
CRITICAL - 2023-03-18 06:39:21 --> Call to a member function links() on null
in APPPATH\Views\voucher_entries\all_entries.php on line 228.
 1 SYSTEMPATH\View\View.php(213): include()
 2 SYSTEMPATH\View\View.php(216): CodeIgniter\View\View->CodeIgniter\View\{closure}()
 3 SYSTEMPATH\Common.php(1184): CodeIgniter\View\View->render('voucher_entries/all_entries', [], true)
 4 APPPATH\Controllers\Voucher_entries.php(100): view('voucher_entries/all_entries', [...])
 5 SYSTEMPATH\CodeIgniter.php(934): App\Controllers\Voucher_entries->index()
 6 SYSTEMPATH\CodeIgniter.php(499): CodeIgniter\CodeIgniter->runController(Object(App\Controllers\Voucher_entries))
 7 SYSTEMPATH\CodeIgniter.php(368): CodeIgniter\CodeIgniter->handleRequest(null, Object(Config\Cache), false)
 8 FCPATH\index.php(67): CodeIgniter\CodeIgniter->run()
CRITICAL - 2023-03-18 06:39:35 --> Call to a member function links() on null
in APPPATH\Views\voucher_entries\all_entries.php on line 228.
 1 SYSTEMPATH\View\View.php(213): include()
 2 SYSTEMPATH\View\View.php(216): CodeIgniter\View\View->CodeIgniter\View\{closure}()
 3 SYSTEMPATH\Common.php(1184): CodeIgniter\View\View->render('voucher_entries/all_entries', [], true)
 4 APPPATH\Controllers\Voucher_entries.php(100): view('voucher_entries/all_entries', [...])
 5 SYSTEMPATH\CodeIgniter.php(934): App\Controllers\Voucher_entries->index()
 6 SYSTEMPATH\CodeIgniter.php(499): CodeIgniter\CodeIgniter->runController(Object(App\Controllers\Voucher_entries))
 7 SYSTEMPATH\CodeIgniter.php(368): CodeIgniter\CodeIgniter->handleRequest(null, Object(Config\Cache), false)
 8 FCPATH\index.php(67): CodeIgniter\CodeIgniter->run()
CRITICAL - 2023-03-18 06:39:38 --> Call to a member function links() on null
in APPPATH\Views\voucher_entries\all_entries.php on line 228.
 1 SYSTEMPATH\View\View.php(213): include()
 2 SYSTEMPATH\View\View.php(216): CodeIgniter\View\View->CodeIgniter\View\{closure}()
 3 SYSTEMPATH\Common.php(1184): CodeIgniter\View\View->render('voucher_entries/all_entries', [], true)
 4 APPPATH\Controllers\Voucher_entries.php(100): view('voucher_entries/all_entries', [...])
 5 SYSTEMPATH\CodeIgniter.php(934): App\Controllers\Voucher_entries->index()
 6 SYSTEMPATH\CodeIgniter.php(499): CodeIgniter\CodeIgniter->runController(Object(App\Controllers\Voucher_entries))
 7 SYSTEMPATH\CodeIgniter.php(368): CodeIgniter\CodeIgniter->handleRequest(null, Object(Config\Cache), false)
 8 FCPATH\index.php(67): CodeIgniter\CodeIgniter->run()
CRITICAL - 2023-03-18 06:39:40 --> Call to a member function links() on null
in APPPATH\Views\voucher_entries\all_entries.php on line 228.
 1 SYSTEMPATH\View\View.php(213): include()
 2 SYSTEMPATH\View\View.php(216): CodeIgniter\View\View->CodeIgniter\View\{closure}()
 3 SYSTEMPATH\Common.php(1184): CodeIgniter\View\View->render('voucher_entries/all_entries', [], true)
 4 APPPATH\Controllers\Voucher_entries.php(100): view('voucher_entries/all_entries', [...])
 5 SYSTEMPATH\CodeIgniter.php(934): App\Controllers\Voucher_entries->index()
 6 SYSTEMPATH\CodeIgniter.php(499): CodeIgniter\CodeIgniter->runController(Object(App\Controllers\Voucher_entries))
 7 SYSTEMPATH\CodeIgniter.php(368): CodeIgniter\CodeIgniter->handleRequest(null, Object(Config\Cache), false)
 8 FCPATH\index.php(67): CodeIgniter\CodeIgniter->run()
CRITICAL - 2023-03-18 06:39:40 --> Call to a member function links() on null
in APPPATH\Views\voucher_entries\all_entries.php on line 228.
 1 SYSTEMPATH\View\View.php(213): include()
 2 SYSTEMPATH\View\View.php(216): CodeIgniter\View\View->CodeIgniter\View\{closure}()
 3 SYSTEMPATH\Common.php(1184): CodeIgniter\View\View->render('voucher_entries/all_entries', [], true)
 4 APPPATH\Controllers\Voucher_entries.php(100): view('voucher_entries/all_entries', [...])
 5 SYSTEMPATH\CodeIgniter.php(934): App\Controllers\Voucher_entries->index()
 6 SYSTEMPATH\CodeIgniter.php(499): CodeIgniter\CodeIgniter->runController(Object(App\Controllers\Voucher_entries))
 7 SYSTEMPATH\CodeIgniter.php(368): CodeIgniter\CodeIgniter->handleRequest(null, Object(Config\Cache), false)
 8 FCPATH\index.php(67): CodeIgniter\CodeIgniter->run()
CRITICAL - 2023-03-18 07:10:03 --> Invalid file: "hr_manage/hr_manage.php"
in SYSTEMPATH\Exceptions\FrameworkException.php on line 33.
 1 SYSTEMPATH\View\View.php(201): CodeIgniter\Exceptions\FrameworkException::forInvalidFile('hr_manage/hr_manage.php')
 2 SYSTEMPATH\Common.php(1184): CodeIgniter\View\View->render('hr_manage/hr_manage', [], true)
 3 APPPATH\Controllers\Hr_manage.php(46): view('hr_manage/hr_manage')
 4 SYSTEMPATH\CodeIgniter.php(934): App\Controllers\Hr_manage->index()
 5 SYSTEMPATH\CodeIgniter.php(499): CodeIgniter\CodeIgniter->runController(Object(App\Controllers\Hr_manage))
 6 SYSTEMPATH\CodeIgniter.php(368): CodeIgniter\CodeIgniter->handleRequest(null, Object(Config\Cache), false)
 7 FCPATH\index.php(67): CodeIgniter\CodeIgniter->run()
CRITICAL - 2023-03-18 08:37:53 --> A non-numeric value encountered
in APPPATH\Helpers\apanel_helper.php on line 287.
 1 APPPATH\Helpers\apanel_helper.php(287): CodeIgniter\Debug\Exceptions->errorHandler(2, 'A non-numeric value encountered', 'APPPATH\\Helpers\\apanel_helper.php', 287)
 2 APPPATH\Views\hr_manage\attendance.php(65): day_of_date('2023-03-18 12:37:53', '2023-03-18')
 3 SYSTEMPATH\View\View.php(213): include('APPPATH\\Views\\hr_manage\\attendance.php')
 4 SYSTEMPATH\View\View.php(216): CodeIgniter\View\View->CodeIgniter\View\{closure}()
 5 SYSTEMPATH\Common.php(1184): CodeIgniter\View\View->render('hr_manage/attendance', [], true)
 6 APPPATH\Controllers\Hr_manage.php(90): view('hr_manage/attendance')
 7 SYSTEMPATH\CodeIgniter.php(934): App\Controllers\Hr_manage->attendance()
 8 SYSTEMPATH\CodeIgniter.php(499): CodeIgniter\CodeIgniter->runController(Object(App\Controllers\Hr_manage))
 9 SYSTEMPATH\CodeIgniter.php(368): CodeIgniter\CodeIgniter->handleRequest(null, Object(Config\Cache), false)
10 FCPATH\index.php(67): CodeIgniter\CodeIgniter->run()
CRITICAL - 2023-03-18 08:38:43 --> A non-numeric value encountered
in APPPATH\Helpers\apanel_helper.php on line 287.
 1 APPPATH\Helpers\apanel_helper.php(287): CodeIgniter\Debug\Exceptions->errorHandler(2, 'A non-numeric value encountered', 'APPPATH\\Helpers\\apanel_helper.php', 287)
 2 APPPATH\Views\hr_manage\attendance.php(65): day_of_date('2023-03-18', '2023-03-18')
 3 SYSTEMPATH\View\View.php(213): include('APPPATH\\Views\\hr_manage\\attendance.php')
 4 SYSTEMPATH\View\View.php(216): CodeIgniter\View\View->CodeIgniter\View\{closure}()
 5 SYSTEMPATH\Common.php(1184): CodeIgniter\View\View->render('hr_manage/attendance', [], true)
 6 APPPATH\Controllers\Hr_manage.php(90): view('hr_manage/attendance')
 7 SYSTEMPATH\CodeIgniter.php(934): App\Controllers\Hr_manage->attendance()
 8 SYSTEMPATH\CodeIgniter.php(499): CodeIgniter\CodeIgniter->runController(Object(App\Controllers\Hr_manage))
 9 SYSTEMPATH\CodeIgniter.php(368): CodeIgniter\CodeIgniter->handleRequest(null, Object(Config\Cache), false)
10 FCPATH\index.php(67): CodeIgniter\CodeIgniter->run()
CRITICAL - 2023-03-18 08:38:45 --> A non-numeric value encountered
in APPPATH\Helpers\apanel_helper.php on line 287.
 1 APPPATH\Helpers\apanel_helper.php(287): CodeIgniter\Debug\Exceptions->errorHandler(2, 'A non-numeric value encountered', 'APPPATH\\Helpers\\apanel_helper.php', 287)
 2 APPPATH\Views\hr_manage\attendance.php(65): day_of_date('2023-03-18', '2023-03-18')
 3 SYSTEMPATH\View\View.php(213): include('APPPATH\\Views\\hr_manage\\attendance.php')
 4 SYSTEMPATH\View\View.php(216): CodeIgniter\View\View->CodeIgniter\View\{closure}()
 5 SYSTEMPATH\Common.php(1184): CodeIgniter\View\View->render('hr_manage/attendance', [], true)
 6 APPPATH\Controllers\Hr_manage.php(90): view('hr_manage/attendance')
 7 SYSTEMPATH\CodeIgniter.php(934): App\Controllers\Hr_manage->attendance()
 8 SYSTEMPATH\CodeIgniter.php(499): CodeIgniter\CodeIgniter->runController(Object(App\Controllers\Hr_manage))
 9 SYSTEMPATH\CodeIgniter.php(368): CodeIgniter\CodeIgniter->handleRequest(null, Object(Config\Cache), false)
10 FCPATH\index.php(67): CodeIgniter\CodeIgniter->run()
CRITICAL - 2023-03-18 08:38:46 --> A non-numeric value encountered
in APPPATH\Helpers\apanel_helper.php on line 287.
 1 APPPATH\Helpers\apanel_helper.php(287): CodeIgniter\Debug\Exceptions->errorHandler(2, 'A non-numeric value encountered', 'APPPATH\\Helpers\\apanel_helper.php', 287)
 2 APPPATH\Views\hr_manage\attendance.php(65): day_of_date('2023-03-18', '2023-03-18')
 3 SYSTEMPATH\View\View.php(213): include('APPPATH\\Views\\hr_manage\\attendance.php')
 4 SYSTEMPATH\View\View.php(216): CodeIgniter\View\View->CodeIgniter\View\{closure}()
 5 SYSTEMPATH\Common.php(1184): CodeIgniter\View\View->render('hr_manage/attendance', [], true)
 6 APPPATH\Controllers\Hr_manage.php(90): view('hr_manage/attendance')
 7 SYSTEMPATH\CodeIgniter.php(934): App\Controllers\Hr_manage->attendance()
 8 SYSTEMPATH\CodeIgniter.php(499): CodeIgniter\CodeIgniter->runController(Object(App\Controllers\Hr_manage))
 9 SYSTEMPATH\CodeIgniter.php(368): CodeIgniter\CodeIgniter->handleRequest(null, Object(Config\Cache), false)
10 FCPATH\index.php(67): CodeIgniter\CodeIgniter->run()
CRITICAL - 2023-03-18 08:39:09 --> A non-numeric value encountered
in APPPATH\Helpers\apanel_helper.php on line 287.
 1 APPPATH\Helpers\apanel_helper.php(287): CodeIgniter\Debug\Exceptions->errorHandler(2, 'A non-numeric value encountered', 'APPPATH\\Helpers\\apanel_helper.php', 287)
 2 APPPATH\Views\hr_manage\attendance.php(65): day_of_date('2023-03-18', '2023-03-18')
 3 SYSTEMPATH\View\View.php(213): include('APPPATH\\Views\\hr_manage\\attendance.php')
 4 SYSTEMPATH\View\View.php(216): CodeIgniter\View\View->CodeIgniter\View\{closure}()
 5 SYSTEMPATH\Common.php(1184): CodeIgniter\View\View->render('hr_manage/attendance', [], true)
 6 APPPATH\Controllers\Hr_manage.php(90): view('hr_manage/attendance')
 7 SYSTEMPATH\CodeIgniter.php(934): App\Controllers\Hr_manage->attendance()
 8 SYSTEMPATH\CodeIgniter.php(499): CodeIgniter\CodeIgniter->runController(Object(App\Controllers\Hr_manage))
 9 SYSTEMPATH\CodeIgniter.php(368): CodeIgniter\CodeIgniter->handleRequest(null, Object(Config\Cache), false)
10 FCPATH\index.php(67): CodeIgniter\CodeIgniter->run()
CRITICAL - 2023-03-18 08:41:15 --> Call to a member function diff() on string
in APPPATH\Helpers\apanel_helper.php on line 287.
 1 APPPATH\Views\hr_manage\attendance.php(65): day_of_date('2023-03-18', '2023-03-18')
 2 SYSTEMPATH\View\View.php(213): include('APPPATH\\Views\\hr_manage\\attendance.php')
 3 SYSTEMPATH\View\View.php(216): CodeIgniter\View\View->CodeIgniter\View\{closure}()
 4 SYSTEMPATH\Common.php(1184): CodeIgniter\View\View->render('hr_manage/attendance', [], true)
 5 APPPATH\Controllers\Hr_manage.php(90): view('hr_manage/attendance')
 6 SYSTEMPATH\CodeIgniter.php(934): App\Controllers\Hr_manage->attendance()
 7 SYSTEMPATH\CodeIgniter.php(499): CodeIgniter\CodeIgniter->runController(Object(App\Controllers\Hr_manage))
 8 SYSTEMPATH\CodeIgniter.php(368): CodeIgniter\CodeIgniter->handleRequest(null, Object(Config\Cache), false)
 9 FCPATH\index.php(67): CodeIgniter\CodeIgniter->run()
CRITICAL - 2023-03-18 09:21:03 --> Undefined variable $employee_data
in APPPATH\Views\hr_manage\attendance_settings.php on line 84.
 1 APPPATH\Views\hr_manage\attendance_settings.php(84): CodeIgniter\Debug\Exceptions->errorHandler(2, 'Undefined variable $employee_data', 'APPPATH\\Views\\hr_manage\\attendance_settings.php', 84)
 2 SYSTEMPATH\View\View.php(213): include('APPPATH\\Views\\hr_manage\\attendance_settings.php')
 3 SYSTEMPATH\View\View.php(216): CodeIgniter\View\View->CodeIgniter\View\{closure}()
 4 SYSTEMPATH\Common.php(1184): CodeIgniter\View\View->render('hr_manage/attendance_settings', [], true)
 5 APPPATH\Controllers\Hr_manage.php(294): view('hr_manage/attendance_settings')
 6 SYSTEMPATH\CodeIgniter.php(934): App\Controllers\Hr_manage->attendance_settings()
 7 SYSTEMPATH\CodeIgniter.php(499): CodeIgniter\CodeIgniter->runController(Object(App\Controllers\Hr_manage))
 8 SYSTEMPATH\CodeIgniter.php(368): CodeIgniter\CodeIgniter->handleRequest(null, Object(Config\Cache), false)
 9 FCPATH\index.php(67): CodeIgniter\CodeIgniter->run()
