CRITICAL - 2023-03-11 04:12:11 --> syntax error, unexpected token "else", expecting "function" or "const"
in APPPATH\Controllers\Customers.php on line 219.
 1 SYSTEMPATH\Autoloader\Autoloader.php(289): CodeIgniter\Autoloader\Autoloader->includeFile('APPPATH\\Controllers\\Customers.php')
 2 SYSTEMPATH\Autoloader\Autoloader.php(267): CodeIgniter\Autoloader\Autoloader->loadInNamespace('App\\Controllers\\customers')
 3 [internal function]: CodeIgniter\Autoloader\Autoloader->loadClass('App\\Controllers\\customers')
 4 SYSTEMPATH\CodeIgniter.php(892): class_exists('\\App\\Controllers\\customers', true)
 5 SYSTEMPATH\CodeIgniter.php(486): CodeIgniter\CodeIgniter->startController()
 6 SYSTEMPATH\CodeIgniter.php(368): CodeIgniter\CodeIgniter->handleRequest(null, Object(Config\Cache), false)
 7 FCPATH\index.php(67): CodeIgniter\CodeIgniter->run()
CRITICAL - 2023-03-11 04:14:10 --> Undefined variable $get_cust
in APPPATH\Controllers\Customers.php on line 129.
 1 APPPATH\Controllers\Customers.php(129): CodeIgniter\Debug\Exceptions->errorHandler(2, 'Undefined variable $get_cust', 'APPPATH\\Controllers\\Customers.php', 129)
 2 SYSTEMPATH\CodeIgniter.php(934): App\Controllers\Customers->add()
 3 SYSTEMPATH\CodeIgniter.php(499): CodeIgniter\CodeIgniter->runController(Object(App\Controllers\Customers))
 4 SYSTEMPATH\CodeIgniter.php(368): CodeIgniter\CodeIgniter->handleRequest(null, Object(Config\Cache), false)
 5 FCPATH\index.php(67): CodeIgniter\CodeIgniter->run()
CRITICAL - 2023-03-11 04:16:00 --> syntax error, unexpected single-quoted string "customers", expecting "," or ";"
in APPPATH\Views\customers\add_customer.php on line 16.
 1 SYSTEMPATH\View\View.php(216): CodeIgniter\View\View->CodeIgniter\View\{closure}()
 2 SYSTEMPATH\Common.php(1184): CodeIgniter\View\View->render('customers/add_customer', [], true)
 3 APPPATH\Controllers\Customers.php(132): view('customers/add_customer')
 4 SYSTEMPATH\CodeIgniter.php(934): App\Controllers\Customers->add()
 5 SYSTEMPATH\CodeIgniter.php(499): CodeIgniter\CodeIgniter->runController(Object(App\Controllers\Customers))
 6 SYSTEMPATH\CodeIgniter.php(368): CodeIgniter\CodeIgniter->handleRequest(null, Object(Config\Cache), false)
 7 FCPATH\index.php(67): CodeIgniter\CodeIgniter->run()
CRITICAL - 2023-03-11 04:32:19 --> Invalid file: "customers/add_custommer_form.php"
in SYSTEMPATH\Exceptions\FrameworkException.php on line 33.
 1 SYSTEMPATH\View\View.php(201): CodeIgniter\Exceptions\FrameworkException::forInvalidFile('customers/add_custommer_form.php')
 2 SYSTEMPATH\Common.php(1184): CodeIgniter\View\View->render('customers/add_custommer_form', [], true)
 3 APPPATH\Controllers\Customers.php(159): view('customers/add_custommer_form')
 4 SYSTEMPATH\CodeIgniter.php(934): App\Controllers\Customers->add_custommer_form()
 5 SYSTEMPATH\CodeIgniter.php(499): CodeIgniter\CodeIgniter->runController(Object(App\Controllers\Customers))
 6 SYSTEMPATH\CodeIgniter.php(368): CodeIgniter\CodeIgniter->handleRequest(null, Object(Config\Cache), false)
 7 FCPATH\index.php(67): CodeIgniter\CodeIgniter->run()
CRITICAL - 2023-03-11 04:32:50 --> Undefined variable $user
in APPPATH\Views\customers\add_customer_form.php on line 13.
 1 APPPATH\Views\customers\add_customer_form.php(13): CodeIgniter\Debug\Exceptions->errorHandler(2, 'Undefined variable $user', 'APPPATH\\Views\\customers\\add_customer_form.php', 13)
 2 SYSTEMPATH\View\View.php(213): include('APPPATH\\Views\\customers\\add_customer_form.php')
 3 SYSTEMPATH\View\View.php(216): CodeIgniter\View\View->CodeIgniter\View\{closure}()
 4 SYSTEMPATH\Common.php(1184): CodeIgniter\View\View->render('customers/add_customer_form', [], true)
 5 APPPATH\Controllers\Customers.php(159): view('customers/add_customer_form')
 6 SYSTEMPATH\CodeIgniter.php(934): App\Controllers\Customers->add_customer_form()
 7 SYSTEMPATH\CodeIgniter.php(499): CodeIgniter\CodeIgniter->runController(Object(App\Controllers\Customers))
 8 SYSTEMPATH\CodeIgniter.php(368): CodeIgniter\CodeIgniter->handleRequest(null, Object(Config\Cache), false)
 9 FCPATH\index.php(67): CodeIgniter\CodeIgniter->run()
CRITICAL - 2023-03-11 04:59:04 --> syntax error, unexpected token "public"
in APPPATH\Controllers\Customers.php on line 367.
 1 SYSTEMPATH\Autoloader\Autoloader.php(289): CodeIgniter\Autoloader\Autoloader->includeFile('APPPATH\\Controllers\\Customers.php')
 2 SYSTEMPATH\Autoloader\Autoloader.php(267): CodeIgniter\Autoloader\Autoloader->loadInNamespace('App\\Controllers\\customers')
 3 [internal function]: CodeIgniter\Autoloader\Autoloader->loadClass('App\\Controllers\\customers')
 4 SYSTEMPATH\CodeIgniter.php(892): class_exists('\\App\\Controllers\\customers', true)
 5 SYSTEMPATH\CodeIgniter.php(486): CodeIgniter\CodeIgniter->startController()
 6 SYSTEMPATH\CodeIgniter.php(368): CodeIgniter\CodeIgniter->handleRequest(null, Object(Config\Cache), false)
 7 FCPATH\index.php(67): CodeIgniter\CodeIgniter->run()
CRITICAL - 2023-03-11 04:59:08 --> syntax error, unexpected token "public"
in APPPATH\Controllers\Customers.php on line 367.
 1 SYSTEMPATH\Autoloader\Autoloader.php(289): CodeIgniter\Autoloader\Autoloader->includeFile('APPPATH\\Controllers\\Customers.php')
 2 SYSTEMPATH\Autoloader\Autoloader.php(267): CodeIgniter\Autoloader\Autoloader->loadInNamespace('App\\Controllers\\customers')
 3 [internal function]: CodeIgniter\Autoloader\Autoloader->loadClass('App\\Controllers\\customers')
 4 SYSTEMPATH\CodeIgniter.php(892): class_exists('\\App\\Controllers\\customers', true)
 5 SYSTEMPATH\CodeIgniter.php(486): CodeIgniter\CodeIgniter->startController()
 6 SYSTEMPATH\CodeIgniter.php(368): CodeIgniter\CodeIgniter->handleRequest(null, Object(Config\Cache), false)
 7 FCPATH\index.php(67): CodeIgniter\CodeIgniter->run()
CRITICAL - 2023-03-11 04:59:10 --> syntax error, unexpected token "public"
in APPPATH\Controllers\Customers.php on line 367.
 1 SYSTEMPATH\Autoloader\Autoloader.php(289): CodeIgniter\Autoloader\Autoloader->includeFile('APPPATH\\Controllers\\Customers.php')
 2 SYSTEMPATH\Autoloader\Autoloader.php(267): CodeIgniter\Autoloader\Autoloader->loadInNamespace('App\\Controllers\\customers')
 3 [internal function]: CodeIgniter\Autoloader\Autoloader->loadClass('App\\Controllers\\customers')
 4 SYSTEMPATH\CodeIgniter.php(892): class_exists('\\App\\Controllers\\customers', true)
 5 SYSTEMPATH\CodeIgniter.php(486): CodeIgniter\CodeIgniter->startController()
 6 SYSTEMPATH\CodeIgniter.php(368): CodeIgniter\CodeIgniter->handleRequest(null, Object(Config\Cache), false)
 7 FCPATH\index.php(67): CodeIgniter\CodeIgniter->run()
CRITICAL - 2023-03-11 08:21:28 --> Invalid file: "import_and_exports/parties.php"
in SYSTEMPATH\Exceptions\FrameworkException.php on line 33.
 1 SYSTEMPATH\View\View.php(201): CodeIgniter\Exceptions\FrameworkException::forInvalidFile('import_and_exports/parties.php')
 2 SYSTEMPATH\Common.php(1184): CodeIgniter\View\View->render('import_and_exports/parties', [], true)
 3 APPPATH\Controllers\Import_and_export.php(824): view('import_and_exports/parties', [...])
 4 SYSTEMPATH\CodeIgniter.php(934): App\Controllers\Import_and_export->parties()
 5 SYSTEMPATH\CodeIgniter.php(499): CodeIgniter\CodeIgniter->runController(Object(App\Controllers\Import_and_export))
 6 SYSTEMPATH\CodeIgniter.php(368): CodeIgniter\CodeIgniter->handleRequest(null, Object(Config\Cache), false)
 7 FCPATH\index.php(67): CodeIgniter\CodeIgniter->run()
CRITICAL - 2023-03-11 09:49:19 --> Invalid file: "invoices/invoices_all.php"
in SYSTEMPATH\Exceptions\FrameworkException.php on line 33.
 1 SYSTEMPATH\View\View.php(201): CodeIgniter\Exceptions\FrameworkException::forInvalidFile('invoices/invoices_all.php')
 2 SYSTEMPATH\Common.php(1184): CodeIgniter\View\View->render('invoices/invoices_all', [], true)
 3 APPPATH\Controllers\Purchases.php(148): view('invoices/invoices_all', [...])
 4 SYSTEMPATH\CodeIgniter.php(934): App\Controllers\Purchases->purchases()
 5 SYSTEMPATH\CodeIgniter.php(499): CodeIgniter\CodeIgniter->runController(Object(App\Controllers\Purchases))
 6 SYSTEMPATH\CodeIgniter.php(368): CodeIgniter\CodeIgniter->handleRequest(null, Object(Config\Cache), false)
 7 FCPATH\index.php(67): CodeIgniter\CodeIgniter->run()
CRITICAL - 2023-03-11 09:49:22 --> Invalid file: "invoices/invoices_all.php"
in SYSTEMPATH\Exceptions\FrameworkException.php on line 33.
 1 SYSTEMPATH\View\View.php(201): CodeIgniter\Exceptions\FrameworkException::forInvalidFile('invoices/invoices_all.php')
 2 SYSTEMPATH\Common.php(1184): CodeIgniter\View\View->render('invoices/invoices_all', [], true)
 3 APPPATH\Controllers\Invoices.php(147): view('invoices/invoices_all', [...])
 4 SYSTEMPATH\CodeIgniter.php(934): App\Controllers\Invoices->sales()
 5 SYSTEMPATH\CodeIgniter.php(499): CodeIgniter\CodeIgniter->runController(Object(App\Controllers\Invoices))
 6 SYSTEMPATH\CodeIgniter.php(368): CodeIgniter\CodeIgniter->handleRequest(null, Object(Config\Cache), false)
 7 FCPATH\index.php(67): CodeIgniter\CodeIgniter->run()
CRITICAL - 2023-03-11 10:03:21 --> Undefined variable $customer_data
in APPPATH\Views\invoices\invoices_all.php on line 129.
 1 APPPATH\Views\invoices\invoices_all.php(129): CodeIgniter\Debug\Exceptions->errorHandler(2, 'Undefined variable $customer_data', 'APPPATH\\Views\\invoices\\invoices_all.php', 129)
 2 SYSTEMPATH\View\View.php(213): include('APPPATH\\Views\\invoices\\invoices_all.php')
 3 SYSTEMPATH\View\View.php(216): CodeIgniter\View\View->CodeIgniter\View\{closure}()
 4 SYSTEMPATH\Common.php(1184): CodeIgniter\View\View->render('invoices/invoices_all', [], true)
 5 APPPATH\Controllers\Invoices.php(147): view('invoices/invoices_all', [...])
 6 SYSTEMPATH\CodeIgniter.php(934): App\Controllers\Invoices->sales()
 7 SYSTEMPATH\CodeIgniter.php(499): CodeIgniter\CodeIgniter->runController(Object(App\Controllers\Invoices))
 8 SYSTEMPATH\CodeIgniter.php(368): CodeIgniter\CodeIgniter->handleRequest(null, Object(Config\Cache), false)
 9 FCPATH\index.php(67): CodeIgniter\CodeIgniter->run()
CRITICAL - 2023-03-11 10:03:37 --> Undefined variable $pager
in APPPATH\Views\invoices\invoices_all.php on line 156.
 1 APPPATH\Views\invoices\invoices_all.php(156): CodeIgniter\Debug\Exceptions->errorHandler(2, 'Undefined variable $pager', 'APPPATH\\Views\\invoices\\invoices_all.php', 156)
 2 SYSTEMPATH\View\View.php(213): include('APPPATH\\Views\\invoices\\invoices_all.php')
 3 SYSTEMPATH\View\View.php(216): CodeIgniter\View\View->CodeIgniter\View\{closure}()
 4 SYSTEMPATH\Common.php(1184): CodeIgniter\View\View->render('invoices/invoices_all', [], true)
 5 APPPATH\Controllers\Invoices.php(147): view('invoices/invoices_all', [...])
 6 SYSTEMPATH\CodeIgniter.php(934): App\Controllers\Invoices->sales()
 7 SYSTEMPATH\CodeIgniter.php(499): CodeIgniter\CodeIgniter->runController(Object(App\Controllers\Invoices))
 8 SYSTEMPATH\CodeIgniter.php(368): CodeIgniter\CodeIgniter->handleRequest(null, Object(Config\Cache), false)
 9 FCPATH\index.php(67): CodeIgniter\CodeIgniter->run()
CRITICAL - 2023-03-11 11:11:38 --> Undefined array key "subunit_devide"
in APPPATH\Helpers\apanel_helper.php on line 3912.
 1 APPPATH\Helpers\apanel_helper.php(3912): CodeIgniter\Debug\Exceptions->errorHandler(2, 'Undefined array key "subunit_devide"', 'APPPATH\\Helpers\\apanel_helper.php', 3912)
 2 APPPATH\Views\invoices\new_create_invoice.php(177): get_setting('1', 'subunit_devide')
 3 SYSTEMPATH\View\View.php(213): include('APPPATH\\Views\\invoices\\new_create_invoice.php')
 4 SYSTEMPATH\View\View.php(216): CodeIgniter\View\View->CodeIgniter\View\{closure}()
 5 SYSTEMPATH\Common.php(1184): CodeIgniter\View\View->render('invoices/new_create_invoice', [], true)
 6 APPPATH\Controllers\Invoices.php(506): view('invoices/new_create_invoice', [...])
 7 SYSTEMPATH\CodeIgniter.php(934): App\Controllers\Invoices->create_invoice()
 8 SYSTEMPATH\CodeIgniter.php(499): CodeIgniter\CodeIgniter->runController(Object(App\Controllers\Invoices))
 9 SYSTEMPATH\CodeIgniter.php(368): CodeIgniter\CodeIgniter->handleRequest(null, Object(Config\Cache), false)
10 FCPATH\index.php(67): CodeIgniter\CodeIgniter->run()
