CRITICAL - 2023-09-05 03:39:51 --> Undefined variable $in_sl
in APPPATH\Controllers\Testing.php on line 89.
 1 APPPATH\Controllers\Testing.php(89): CodeIgniter\Debug\Exceptions->errorHandler(2, 'Undefined variable $in_sl', 'APPPATH\\Controllers\\Testing.php', 89)
 2 SYSTEMPATH\CodeIgniter.php(934): App\Controllers\Testing->invoice_item_fees_id_update()
 3 SYSTEMPATH\CodeIgniter.php(499): CodeIgniter\CodeIgniter->runController(Object(App\Controllers\Testing))
 4 SYSTEMPATH\CodeIgniter.php(368): CodeIgniter\CodeIgniter->handleRequest(null, Object(Config\Cache), false)
 5 FCPATH\index.php(67): CodeIgniter\CodeIgniter->run()
CRITICAL - 2023-09-05 05:50:59 --> Too few arguments to function calculate_day(), 1 passed in C:\xampp\htdocs\SpriteGenix_app\app\Views\hr_manage\detailed_attendance_report.php on line 151 and exactly 3 expected
in APPPATH\Helpers\apanel_helper.php on line 5498.
 1 APPPATH\Views\hr_manage\detailed_attendance_report.php(151): calculate_day('2023-August')
 2 SYSTEMPATH\View\View.php(213): include('APPPATH\\Views\\hr_manage\\detailed_attendance_report.php')
 3 SYSTEMPATH\View\View.php(216): CodeIgniter\View\View->CodeIgniter\View\{closure}()
 4 SYSTEMPATH\Common.php(1184): CodeIgniter\View\View->render('hr_manage/detailed_attendance_report', [], true)
 5 APPPATH\Controllers\Hr_manage.php(280): view('hr_manage/detailed_attendance_report')
 6 SYSTEMPATH\CodeIgniter.php(934): App\Controllers\Hr_manage->detailed_attendance_report()
 7 SYSTEMPATH\CodeIgniter.php(499): CodeIgniter\CodeIgniter->runController(Object(App\Controllers\Hr_manage))
 8 SYSTEMPATH\CodeIgniter.php(368): CodeIgniter\CodeIgniter->handleRequest(null, Object(Config\Cache), false)
 9 FCPATH\index.php(67): CodeIgniter\CodeIgniter->run()
CRITICAL - 2023-09-05 06:03:57 --> syntax error, unexpected variable "$daysInMonth"
in APPPATH\Helpers\payroll_helper.php on line 21.
 1 SYSTEMPATH\Controller.php(85): helper([...])
 2 APPPATH\Controllers\BaseController.php(46): CodeIgniter\Controller->initController(Object(CodeIgniter\HTTP\IncomingRequest), Object(CodeIgniter\HTTP\Response), Object(CodeIgniter\Log\Logger))
 3 SYSTEMPATH\CodeIgniter.php(907): App\Controllers\BaseController->initController(Object(CodeIgniter\HTTP\IncomingRequest), Object(CodeIgniter\HTTP\Response), Object(CodeIgniter\Log\Logger))
 4 SYSTEMPATH\CodeIgniter.php(490): CodeIgniter\CodeIgniter->createController()
 5 SYSTEMPATH\CodeIgniter.php(368): CodeIgniter\CodeIgniter->handleRequest(null, Object(Config\Cache), false)
 6 FCPATH\index.php(67): CodeIgniter\CodeIgniter->run()
CRITICAL - 2023-09-05 06:04:39 --> syntax error, unexpected variable "$daysinmonth"
in APPPATH\Helpers\payroll_helper.php on line 21.
 1 SYSTEMPATH\Controller.php(85): helper([...])
 2 APPPATH\Controllers\BaseController.php(46): CodeIgniter\Controller->initController(Object(CodeIgniter\HTTP\IncomingRequest), Object(CodeIgniter\HTTP\Response), Object(CodeIgniter\Log\Logger))
 3 SYSTEMPATH\CodeIgniter.php(907): App\Controllers\BaseController->initController(Object(CodeIgniter\HTTP\IncomingRequest), Object(CodeIgniter\HTTP\Response), Object(CodeIgniter\Log\Logger))
 4 SYSTEMPATH\CodeIgniter.php(490): CodeIgniter\CodeIgniter->createController()
 5 SYSTEMPATH\CodeIgniter.php(368): CodeIgniter\CodeIgniter->handleRequest(null, Object(Config\Cache), false)
 6 FCPATH\index.php(67): CodeIgniter\CodeIgniter->run()
CRITICAL - 2023-09-05 06:05:20 --> syntax error, unexpected variable "$daysInMonth"
in APPPATH\Helpers\payroll_helper.php on line 21.
 1 SYSTEMPATH\Controller.php(85): helper([...])
 2 APPPATH\Controllers\BaseController.php(46): CodeIgniter\Controller->initController(Object(CodeIgniter\HTTP\IncomingRequest), Object(CodeIgniter\HTTP\Response), Object(CodeIgniter\Log\Logger))
 3 SYSTEMPATH\CodeIgniter.php(907): App\Controllers\BaseController->initController(Object(CodeIgniter\HTTP\IncomingRequest), Object(CodeIgniter\HTTP\Response), Object(CodeIgniter\Log\Logger))
 4 SYSTEMPATH\CodeIgniter.php(490): CodeIgniter\CodeIgniter->createController()
 5 SYSTEMPATH\CodeIgniter.php(368): CodeIgniter\CodeIgniter->handleRequest(null, Object(Config\Cache), false)
 6 FCPATH\index.php(67): CodeIgniter\CodeIgniter->run()
CRITICAL - 2023-09-05 06:43:17 --> Undefined variable $over_time_amount
in APPPATH\Views\payroll\create_payroll.php on line 233.
 1 APPPATH\Views\payroll\create_payroll.php(233): CodeIgniter\Debug\Exceptions->errorHandler(2, 'Undefined variable $over_time_amount', 'APPPATH\\Views\\payroll\\create_payroll.php', 233)
 2 SYSTEMPATH\View\View.php(213): include('APPPATH\\Views\\payroll\\create_payroll.php')
 3 SYSTEMPATH\View\View.php(216): CodeIgniter\View\View->CodeIgniter\View\{closure}()
 4 SYSTEMPATH\Common.php(1184): CodeIgniter\View\View->render('payroll/create_payroll', [], true)
 5 APPPATH\Controllers\Payroll.php(215): view('payroll/create_payroll')
 6 SYSTEMPATH\CodeIgniter.php(934): App\Controllers\Payroll->create_payroll()
 7 SYSTEMPATH\CodeIgniter.php(499): CodeIgniter\CodeIgniter->runController(Object(App\Controllers\Payroll))
 8 SYSTEMPATH\CodeIgniter.php(368): CodeIgniter\CodeIgniter->handleRequest(null, Object(Config\Cache), false)
 9 FCPATH\index.php(67): CodeIgniter\CodeIgniter->run()
CRITICAL - 2023-09-05 06:44:32 --> Undefined variable $over_time_amount
in APPPATH\Views\payroll\create_payroll.php on line 235.
 1 APPPATH\Views\payroll\create_payroll.php(235): CodeIgniter\Debug\Exceptions->errorHandler(2, 'Undefined variable $over_time_amount', 'APPPATH\\Views\\payroll\\create_payroll.php', 235)
 2 SYSTEMPATH\View\View.php(213): include('APPPATH\\Views\\payroll\\create_payroll.php')
 3 SYSTEMPATH\View\View.php(216): CodeIgniter\View\View->CodeIgniter\View\{closure}()
 4 SYSTEMPATH\Common.php(1184): CodeIgniter\View\View->render('payroll/create_payroll', [], true)
 5 APPPATH\Controllers\Payroll.php(215): view('payroll/create_payroll')
 6 SYSTEMPATH\CodeIgniter.php(934): App\Controllers\Payroll->create_payroll()
 7 SYSTEMPATH\CodeIgniter.php(499): CodeIgniter\CodeIgniter->runController(Object(App\Controllers\Payroll))
 8 SYSTEMPATH\CodeIgniter.php(368): CodeIgniter\CodeIgniter->handleRequest(null, Object(Config\Cache), false)
 9 FCPATH\index.php(67): CodeIgniter\CodeIgniter->run()
CRITICAL - 2023-09-05 11:27:26 --> Trying to access array offset on value of type null
in APPPATH\Controllers\Payroll.php on line 266.
 1 APPPATH\Controllers\Payroll.php(266): CodeIgniter\Debug\Exceptions->errorHandler(2, 'Trying to access array offset on value of type null', 'APPPATH\\Controllers\\Payroll.php', 266)
 2 SYSTEMPATH\CodeIgniter.php(934): App\Controllers\Payroll->add_payroll()
 3 SYSTEMPATH\CodeIgniter.php(499): CodeIgniter\CodeIgniter->runController(Object(App\Controllers\Payroll))
 4 SYSTEMPATH\CodeIgniter.php(368): CodeIgniter\CodeIgniter->handleRequest(null, Object(Config\Cache), false)
 5 FCPATH\index.php(67): CodeIgniter\CodeIgniter->run()
CRITICAL - 2023-09-05 11:28:28 --> Trying to access array offset on value of type null
in APPPATH\Helpers\payroll_helper.php on line 89.
 1 APPPATH\Helpers\payroll_helper.php(89): CodeIgniter\Debug\Exceptions->errorHandler(2, 'Trying to access array offset on value of type null', 'APPPATH\\Helpers\\payroll_helper.php', 89)
 2 APPPATH\Views\payroll\templates\payroll_slip_design.php(89): salary_items_array_by_payrollid('43', '31')
 3 SYSTEMPATH\View\View.php(213): include('APPPATH\\Views\\payroll\\templates\\payroll_slip_design.php')
 4 SYSTEMPATH\View\View.php(216): CodeIgniter\View\View->CodeIgniter\View\{closure}()
 5 SYSTEMPATH\Common.php(1184): CodeIgniter\View\View->render('payroll/templates/payroll_slip_design', [], true)
 6 APPPATH\Controllers\Payroll.php(957): view('payroll/templates/payroll_slip_design', [...])
 7 SYSTEMPATH\CodeIgniter.php(934): App\Controllers\Payroll->get_payroll_slip('43', 'view')
 8 SYSTEMPATH\CodeIgniter.php(499): CodeIgniter\CodeIgniter->runController(Object(App\Controllers\Payroll))
 9 SYSTEMPATH\CodeIgniter.php(368): CodeIgniter\CodeIgniter->handleRequest(null, Object(Config\Cache), false)
10 FCPATH\index.php(67): CodeIgniter\CodeIgniter->run()
CRITICAL - 2023-09-05 11:28:35 --> Trying to access array offset on value of type null
in APPPATH\Helpers\payroll_helper.php on line 89.
 1 APPPATH\Helpers\payroll_helper.php(89): CodeIgniter\Debug\Exceptions->errorHandler(2, 'Trying to access array offset on value of type null', 'APPPATH\\Helpers\\payroll_helper.php', 89)
 2 APPPATH\Views\payroll\edit.php(116): salary_items_array_by_payrollid('43', '31')
 3 SYSTEMPATH\View\View.php(213): include('APPPATH\\Views\\payroll\\edit.php')
 4 SYSTEMPATH\View\View.php(216): CodeIgniter\View\View->CodeIgniter\View\{closure}()
 5 SYSTEMPATH\Common.php(1184): CodeIgniter\View\View->render('payroll/edit', [], true)
 6 APPPATH\Controllers\Payroll.php(351): view('payroll/edit')
 7 SYSTEMPATH\CodeIgniter.php(934): App\Controllers\Payroll->edit('43')
 8 SYSTEMPATH\CodeIgniter.php(499): CodeIgniter\CodeIgniter->runController(Object(App\Controllers\Payroll))
 9 SYSTEMPATH\CodeIgniter.php(368): CodeIgniter\CodeIgniter->handleRequest(null, Object(Config\Cache), false)
10 FCPATH\index.php(67): CodeIgniter\CodeIgniter->run()
CRITICAL - 2023-09-05 11:28:59 --> The action you requested is not allowed.
in SYSTEMPATH\Security\Security.php on line 306.
 1 SYSTEMPATH\Security\Security.php(306): CodeIgniter\Security\Exceptions\SecurityException::forDisallowedAction()
 2 SYSTEMPATH\Filters\CSRF.php(55): CodeIgniter\Security\Security->verify(Object(CodeIgniter\HTTP\IncomingRequest))
 3 SYSTEMPATH\Filters\Filters.php(173): CodeIgniter\Filters\CSRF->before(Object(CodeIgniter\HTTP\IncomingRequest), null)
 4 SYSTEMPATH\CodeIgniter.php(473): CodeIgniter\Filters\Filters->run('users/login', 'before')
 5 SYSTEMPATH\CodeIgniter.php(368): CodeIgniter\CodeIgniter->handleRequest(null, Object(Config\Cache), false)
 6 FCPATH\index.php(67): CodeIgniter\CodeIgniter->run()
CRITICAL - 2023-09-05 11:29:05 --> The action you requested is not allowed.
in SYSTEMPATH\Security\Security.php on line 306.
 1 SYSTEMPATH\Security\Security.php(306): CodeIgniter\Security\Exceptions\SecurityException::forDisallowedAction()
 2 SYSTEMPATH\Filters\CSRF.php(55): CodeIgniter\Security\Security->verify(Object(CodeIgniter\HTTP\IncomingRequest))
 3 SYSTEMPATH\Filters\Filters.php(173): CodeIgniter\Filters\CSRF->before(Object(CodeIgniter\HTTP\IncomingRequest), null)
 4 SYSTEMPATH\CodeIgniter.php(473): CodeIgniter\Filters\Filters->run('users/login', 'before')
 5 SYSTEMPATH\CodeIgniter.php(368): CodeIgniter\CodeIgniter->handleRequest(null, Object(Config\Cache), false)
 6 FCPATH\index.php(67): CodeIgniter\CodeIgniter->run()
CRITICAL - 2023-09-05 11:29:06 --> The action you requested is not allowed.
in SYSTEMPATH\Security\Security.php on line 306.
 1 SYSTEMPATH\Security\Security.php(306): CodeIgniter\Security\Exceptions\SecurityException::forDisallowedAction()
 2 SYSTEMPATH\Filters\CSRF.php(55): CodeIgniter\Security\Security->verify(Object(CodeIgniter\HTTP\IncomingRequest))
 3 SYSTEMPATH\Filters\Filters.php(173): CodeIgniter\Filters\CSRF->before(Object(CodeIgniter\HTTP\IncomingRequest), null)
 4 SYSTEMPATH\CodeIgniter.php(473): CodeIgniter\Filters\Filters->run('users/login', 'before')
 5 SYSTEMPATH\CodeIgniter.php(368): CodeIgniter\CodeIgniter->handleRequest(null, Object(Config\Cache), false)
 6 FCPATH\index.php(67): CodeIgniter\CodeIgniter->run()
CRITICAL - 2023-09-05 11:35:47 --> Undefined array key "net_salary"
in APPPATH\Helpers\payroll_helper.php on line 127.
 1 APPPATH\Helpers\payroll_helper.php(127): CodeIgniter\Debug\Exceptions->errorHandler(2, 'Undefined array key "net_salary"', 'APPPATH\\Helpers\\payroll_helper.php', 127)
 2 APPPATH\Controllers\Payroll.php(464): get_payroll_data('1', 'net_salary')
 3 SYSTEMPATH\CodeIgniter.php(934): App\Controllers\Payroll->edit_payroll('1')
 4 SYSTEMPATH\CodeIgniter.php(499): CodeIgniter\CodeIgniter->runController(Object(App\Controllers\Payroll))
 5 SYSTEMPATH\CodeIgniter.php(368): CodeIgniter\CodeIgniter->handleRequest(null, Object(Config\Cache), false)
 6 FCPATH\index.php(67): CodeIgniter\CodeIgniter->run()
CRITICAL - 2023-09-05 11:36:33 --> Undefined array key "net_salary"
in APPPATH\Helpers\payroll_helper.php on line 127.
 1 APPPATH\Helpers\payroll_helper.php(127): CodeIgniter\Debug\Exceptions->errorHandler(2, 'Undefined array key "net_salary"', 'APPPATH\\Helpers\\payroll_helper.php', 127)
 2 APPPATH\Controllers\Payroll.php(464): get_payroll_data('1', 'net_salary')
 3 SYSTEMPATH\CodeIgniter.php(934): App\Controllers\Payroll->edit_payroll('1')
 4 SYSTEMPATH\CodeIgniter.php(499): CodeIgniter\CodeIgniter->runController(Object(App\Controllers\Payroll))
 5 SYSTEMPATH\CodeIgniter.php(368): CodeIgniter\CodeIgniter->handleRequest(null, Object(Config\Cache), false)
 6 FCPATH\index.php(67): CodeIgniter\CodeIgniter->run()
CRITICAL - 2023-09-05 11:36:45 --> Undefined array key "net_salary"
in APPPATH\Helpers\payroll_helper.php on line 127.
 1 APPPATH\Helpers\payroll_helper.php(127): CodeIgniter\Debug\Exceptions->errorHandler(2, 'Undefined array key "net_salary"', 'APPPATH\\Helpers\\payroll_helper.php', 127)
 2 APPPATH\Controllers\Payroll.php(464): get_payroll_data('1', 'net_salary')
 3 SYSTEMPATH\CodeIgniter.php(934): App\Controllers\Payroll->edit_payroll('1')
 4 SYSTEMPATH\CodeIgniter.php(499): CodeIgniter\CodeIgniter->runController(Object(App\Controllers\Payroll))
 5 SYSTEMPATH\CodeIgniter.php(368): CodeIgniter\CodeIgniter->handleRequest(null, Object(Config\Cache), false)
 6 FCPATH\index.php(67): CodeIgniter\CodeIgniter->run()
