ERROR - 2023-04-19 04:14:35 --> mysqli_sql_exception: Unknown column 'product_type' in 'where clause' in C:\xampp\htdocs\SpriteGenix_app\system\Database\MySQLi\Connection.php:295
Stack trace:
#0 C:\xampp\htdocs\SpriteGenix_app\system\Database\MySQLi\Connection.php(295): mysqli->query('SELECT *\nFROM `...', 0)
#1 C:\xampp\htdocs\SpriteGenix_app\system\Database\BaseConnection.php(691): CodeIgniter\Database\MySQLi\Connection->execute('SELECT *\nFROM `...')
#2 C:\xampp\htdocs\SpriteGenix_app\system\Database\BaseConnection.php(605): CodeIgniter\Database\BaseConnection->simpleQuery('SELECT *\nFROM `...')
#3 C:\xampp\htdocs\SpriteGenix_app\system\Database\BaseBuilder.php(1616): CodeIgniter\Database\BaseConnection->query('SELECT *\nFROM `...', Array, false)
#4 C:\xampp\htdocs\SpriteGenix_app\system\Model.php(241): CodeIgniter\Database\BaseBuilder->get()
#5 C:\xampp\htdocs\SpriteGenix_app\system\BaseModel.php(618): CodeIgniter\Model->doFindAll(0, 0)
#6 C:\xampp\htdocs\SpriteGenix_app\app\Controllers\Reports.php(1013): CodeIgniter\BaseModel->findAll()
#7 C:\xampp\htdocs\SpriteGenix_app\system\CodeIgniter.php(934): App\Controllers\Reports->stock_reports()
#8 C:\xampp\htdocs\SpriteGenix_app\system\CodeIgniter.php(499): CodeIgniter\CodeIgniter->runController(Object(App\Controllers\Reports))
#9 C:\xampp\htdocs\SpriteGenix_app\system\CodeIgniter.php(368): CodeIgniter\CodeIgniter->handleRequest(NULL, Object(Config\Cache), false)
#10 C:\xampp\htdocs\SpriteGenix_app\index.php(67): CodeIgniter\CodeIgniter->run()
#11 {main}
CRITICAL - 2023-04-19 04:14:35 --> Unknown column 'product_type' in 'where clause'
in SYSTEMPATH\Database\BaseConnection.php on line 645.
 1 SYSTEMPATH\Database\BaseBuilder.php(1616): CodeIgniter\Database\BaseConnection->query('SELECT *
FROM `accounts`
WHERE `company_id` = :company_id:
AND `financial_year` = :financial_year:
AND `type` = :type:
AND `product_type` != :product_type:
AND `deleted` = :deleted:
ORDER BY `id` DESC', [...], false)
 2 SYSTEMPATH\Model.php(241): CodeIgniter\Database\BaseBuilder->get()
 3 SYSTEMPATH\BaseModel.php(618): CodeIgniter\Model->doFindAll(0, 0)
 4 APPPATH\Controllers\Reports.php(1013): CodeIgniter\BaseModel->findAll()
 5 SYSTEMPATH\CodeIgniter.php(934): App\Controllers\Reports->stock_reports()
 6 SYSTEMPATH\CodeIgniter.php(499): CodeIgniter\CodeIgniter->runController(Object(App\Controllers\Reports))
 7 SYSTEMPATH\CodeIgniter.php(368): CodeIgniter\CodeIgniter->handleRequest(null, Object(Config\Cache), false)
 8 FCPATH\index.php(67): CodeIgniter\CodeIgniter->run()
CRITICAL - 2023-04-19 04:33:22 --> Undefined array key "type"
in APPPATH\Models\PaymentsModel.php on line 21.
 1 APPPATH\Models\PaymentsModel.php(21): CodeIgniter\Debug\Exceptions->errorHandler(2, 'Undefined array key "type"', 'APPPATH\\Models\\PaymentsModel.php', 21)
 2 SYSTEMPATH\BaseModel.php(1562): App\Models\PaymentsModel->beforeUpdate([...])
 3 SYSTEMPATH\BaseModel.php(937): CodeIgniter\BaseModel->trigger('beforeUpdate', [...])
 4 SYSTEMPATH\Model.php(756): CodeIgniter\BaseModel->update([...], [...])
 5 APPPATH\Controllers\Voucher_entries.php(940): CodeIgniter\Model->update('5', [...])
 6 SYSTEMPATH\CodeIgniter.php(934): App\Controllers\Voucher_entries->update_voucher('1')
 7 SYSTEMPATH\CodeIgniter.php(499): CodeIgniter\CodeIgniter->runController(Object(App\Controllers\Voucher_entries))
 8 SYSTEMPATH\CodeIgniter.php(368): CodeIgniter\CodeIgniter->handleRequest(null, Object(Config\Cache), false)
 9 FCPATH\index.php(67): CodeIgniter\CodeIgniter->run()
CRITICAL - 2023-04-19 04:35:22 --> Undefined array key "type"
in APPPATH\Models\PaymentsModel.php on line 21.
 1 APPPATH\Models\PaymentsModel.php(21): CodeIgniter\Debug\Exceptions->errorHandler(2, 'Undefined array key "type"', 'APPPATH\\Models\\PaymentsModel.php', 21)
 2 SYSTEMPATH\BaseModel.php(1562): App\Models\PaymentsModel->beforeUpdate([...])
 3 SYSTEMPATH\BaseModel.php(937): CodeIgniter\BaseModel->trigger('beforeUpdate', [...])
 4 SYSTEMPATH\Model.php(756): CodeIgniter\BaseModel->update([...], [...])
 5 APPPATH\Controllers\Accounting_library.php(870): CodeIgniter\Model->update('5', [...])
 6 SYSTEMPATH\CodeIgniter.php(934): App\Controllers\Accounting_library->index()
 7 SYSTEMPATH\CodeIgniter.php(499): CodeIgniter\CodeIgniter->runController(Object(App\Controllers\Accounting_library))
 8 SYSTEMPATH\CodeIgniter.php(368): CodeIgniter\CodeIgniter->handleRequest(null, Object(Config\Cache), false)
 9 FCPATH\index.php(67): CodeIgniter\CodeIgniter->run()
CRITICAL - 2023-04-19 04:35:24 --> Undefined array key "type"
in APPPATH\Models\PaymentsModel.php on line 21.
 1 APPPATH\Models\PaymentsModel.php(21): CodeIgniter\Debug\Exceptions->errorHandler(2, 'Undefined array key "type"', 'APPPATH\\Models\\PaymentsModel.php', 21)
 2 SYSTEMPATH\BaseModel.php(1562): App\Models\PaymentsModel->beforeUpdate([...])
 3 SYSTEMPATH\BaseModel.php(937): CodeIgniter\BaseModel->trigger('beforeUpdate', [...])
 4 SYSTEMPATH\Model.php(756): CodeIgniter\BaseModel->update([...], [...])
 5 APPPATH\Controllers\Accounting_library.php(870): CodeIgniter\Model->update('5', [...])
 6 SYSTEMPATH\CodeIgniter.php(934): App\Controllers\Accounting_library->index()
 7 SYSTEMPATH\CodeIgniter.php(499): CodeIgniter\CodeIgniter->runController(Object(App\Controllers\Accounting_library))
 8 SYSTEMPATH\CodeIgniter.php(368): CodeIgniter\CodeIgniter->handleRequest(null, Object(Config\Cache), false)
 9 FCPATH\index.php(67): CodeIgniter\CodeIgniter->run()
CRITICAL - 2023-04-19 04:35:26 --> Undefined array key "type"
in APPPATH\Models\PaymentsModel.php on line 21.
 1 APPPATH\Models\PaymentsModel.php(21): CodeIgniter\Debug\Exceptions->errorHandler(2, 'Undefined array key "type"', 'APPPATH\\Models\\PaymentsModel.php', 21)
 2 SYSTEMPATH\BaseModel.php(1562): App\Models\PaymentsModel->beforeUpdate([...])
 3 SYSTEMPATH\BaseModel.php(937): CodeIgniter\BaseModel->trigger('beforeUpdate', [...])
 4 SYSTEMPATH\Model.php(756): CodeIgniter\BaseModel->update([...], [...])
 5 APPPATH\Controllers\Accounting_library.php(870): CodeIgniter\Model->update('5', [...])
 6 SYSTEMPATH\CodeIgniter.php(934): App\Controllers\Accounting_library->index()
 7 SYSTEMPATH\CodeIgniter.php(499): CodeIgniter\CodeIgniter->runController(Object(App\Controllers\Accounting_library))
 8 SYSTEMPATH\CodeIgniter.php(368): CodeIgniter\CodeIgniter->handleRequest(null, Object(Config\Cache), false)
 9 FCPATH\index.php(67): CodeIgniter\CodeIgniter->run()
CRITICAL - 2023-04-19 04:35:43 --> Undefined array key "type"
in APPPATH\Models\PaymentsModel.php on line 21.
 1 APPPATH\Models\PaymentsModel.php(21): CodeIgniter\Debug\Exceptions->errorHandler(2, 'Undefined array key "type"', 'APPPATH\\Models\\PaymentsModel.php', 21)
 2 SYSTEMPATH\BaseModel.php(1562): App\Models\PaymentsModel->beforeUpdate([...])
 3 SYSTEMPATH\BaseModel.php(937): CodeIgniter\BaseModel->trigger('beforeUpdate', [...])
 4 SYSTEMPATH\Model.php(756): CodeIgniter\BaseModel->update([...], [...])
 5 APPPATH\Controllers\Accounting_library.php(870): CodeIgniter\Model->update('5', [...])
 6 SYSTEMPATH\CodeIgniter.php(934): App\Controllers\Accounting_library->index()
 7 SYSTEMPATH\CodeIgniter.php(499): CodeIgniter\CodeIgniter->runController(Object(App\Controllers\Accounting_library))
 8 SYSTEMPATH\CodeIgniter.php(368): CodeIgniter\CodeIgniter->handleRequest(null, Object(Config\Cache), false)
 9 FCPATH\index.php(67): CodeIgniter\CodeIgniter->run()
CRITICAL - 2023-04-19 04:35:45 --> Undefined array key "type"
in APPPATH\Models\PaymentsModel.php on line 21.
 1 APPPATH\Models\PaymentsModel.php(21): CodeIgniter\Debug\Exceptions->errorHandler(2, 'Undefined array key "type"', 'APPPATH\\Models\\PaymentsModel.php', 21)
 2 SYSTEMPATH\BaseModel.php(1562): App\Models\PaymentsModel->beforeUpdate([...])
 3 SYSTEMPATH\BaseModel.php(937): CodeIgniter\BaseModel->trigger('beforeUpdate', [...])
 4 SYSTEMPATH\Model.php(756): CodeIgniter\BaseModel->update([...], [...])
 5 APPPATH\Controllers\Accounting_library.php(870): CodeIgniter\Model->update('5', [...])
 6 SYSTEMPATH\CodeIgniter.php(934): App\Controllers\Accounting_library->index()
 7 SYSTEMPATH\CodeIgniter.php(499): CodeIgniter\CodeIgniter->runController(Object(App\Controllers\Accounting_library))
 8 SYSTEMPATH\CodeIgniter.php(368): CodeIgniter\CodeIgniter->handleRequest(null, Object(Config\Cache), false)
 9 FCPATH\index.php(67): CodeIgniter\CodeIgniter->run()
CRITICAL - 2023-04-19 04:36:36 --> Undefined array key "type"
in APPPATH\Models\PaymentsModel.php on line 21.
 1 APPPATH\Models\PaymentsModel.php(21): CodeIgniter\Debug\Exceptions->errorHandler(2, 'Undefined array key "type"', 'APPPATH\\Models\\PaymentsModel.php', 21)
 2 SYSTEMPATH\BaseModel.php(1562): App\Models\PaymentsModel->beforeUpdate([...])
 3 SYSTEMPATH\BaseModel.php(937): CodeIgniter\BaseModel->trigger('beforeUpdate', [...])
 4 SYSTEMPATH\Model.php(756): CodeIgniter\BaseModel->update([...], [...])
 5 APPPATH\Controllers\Accounting_library.php(870): CodeIgniter\Model->update('5', [...])
 6 SYSTEMPATH\CodeIgniter.php(934): App\Controllers\Accounting_library->index()
 7 SYSTEMPATH\CodeIgniter.php(499): CodeIgniter\CodeIgniter->runController(Object(App\Controllers\Accounting_library))
 8 SYSTEMPATH\CodeIgniter.php(368): CodeIgniter\CodeIgniter->handleRequest(null, Object(Config\Cache), false)
 9 FCPATH\index.php(67): CodeIgniter\CodeIgniter->run()
CRITICAL - 2023-04-19 04:36:39 --> Undefined array key "type"
in APPPATH\Models\PaymentsModel.php on line 21.
 1 APPPATH\Models\PaymentsModel.php(21): CodeIgniter\Debug\Exceptions->errorHandler(2, 'Undefined array key "type"', 'APPPATH\\Models\\PaymentsModel.php', 21)
 2 SYSTEMPATH\BaseModel.php(1562): App\Models\PaymentsModel->beforeUpdate([...])
 3 SYSTEMPATH\BaseModel.php(937): CodeIgniter\BaseModel->trigger('beforeUpdate', [...])
 4 SYSTEMPATH\Model.php(756): CodeIgniter\BaseModel->update([...], [...])
 5 APPPATH\Controllers\Accounting_library.php(870): CodeIgniter\Model->update('5', [...])
 6 SYSTEMPATH\CodeIgniter.php(934): App\Controllers\Accounting_library->index()
 7 SYSTEMPATH\CodeIgniter.php(499): CodeIgniter\CodeIgniter->runController(Object(App\Controllers\Accounting_library))
 8 SYSTEMPATH\CodeIgniter.php(368): CodeIgniter\CodeIgniter->handleRequest(null, Object(Config\Cache), false)
 9 FCPATH\index.php(67): CodeIgniter\CodeIgniter->run()
CRITICAL - 2023-04-19 04:37:16 --> Undefined array key "type"
in APPPATH\Models\PaymentsModel.php on line 21.
 1 APPPATH\Models\PaymentsModel.php(21): CodeIgniter\Debug\Exceptions->errorHandler(2, 'Undefined array key "type"', 'APPPATH\\Models\\PaymentsModel.php', 21)
 2 SYSTEMPATH\BaseModel.php(1562): App\Models\PaymentsModel->beforeUpdate([...])
 3 SYSTEMPATH\BaseModel.php(937): CodeIgniter\BaseModel->trigger('beforeUpdate', [...])
 4 SYSTEMPATH\Model.php(756): CodeIgniter\BaseModel->update([...], [...])
 5 APPPATH\Controllers\Accounting_library.php(870): CodeIgniter\Model->update('5', [...])
 6 SYSTEMPATH\CodeIgniter.php(934): App\Controllers\Accounting_library->index()
 7 SYSTEMPATH\CodeIgniter.php(499): CodeIgniter\CodeIgniter->runController(Object(App\Controllers\Accounting_library))
 8 SYSTEMPATH\CodeIgniter.php(368): CodeIgniter\CodeIgniter->handleRequest(null, Object(Config\Cache), false)
 9 FCPATH\index.php(67): CodeIgniter\CodeIgniter->run()
CRITICAL - 2023-04-19 04:43:41 --> Undefined array key "type"
in APPPATH\Models\PaymentsModel.php on line 21.
 1 APPPATH\Models\PaymentsModel.php(21): CodeIgniter\Debug\Exceptions->errorHandler(2, 'Undefined array key "type"', 'APPPATH\\Models\\PaymentsModel.php', 21)
 2 SYSTEMPATH\BaseModel.php(1562): App\Models\PaymentsModel->beforeUpdate([...])
 3 SYSTEMPATH\BaseModel.php(937): CodeIgniter\BaseModel->trigger('beforeUpdate', [...])
 4 SYSTEMPATH\Model.php(756): CodeIgniter\BaseModel->update([...], [...])
 5 APPPATH\Controllers\Accounting_library.php(870): CodeIgniter\Model->update('5', [...])
 6 SYSTEMPATH\CodeIgniter.php(934): App\Controllers\Accounting_library->index()
 7 SYSTEMPATH\CodeIgniter.php(499): CodeIgniter\CodeIgniter->runController(Object(App\Controllers\Accounting_library))
 8 SYSTEMPATH\CodeIgniter.php(368): CodeIgniter\CodeIgniter->handleRequest(null, Object(Config\Cache), false)
 9 FCPATH\index.php(67): CodeIgniter\CodeIgniter->run()
CRITICAL - 2023-04-19 04:43:44 --> Undefined array key "type"
in APPPATH\Models\PaymentsModel.php on line 21.
 1 APPPATH\Models\PaymentsModel.php(21): CodeIgniter\Debug\Exceptions->errorHandler(2, 'Undefined array key "type"', 'APPPATH\\Models\\PaymentsModel.php', 21)
 2 SYSTEMPATH\BaseModel.php(1562): App\Models\PaymentsModel->beforeUpdate([...])
 3 SYSTEMPATH\BaseModel.php(937): CodeIgniter\BaseModel->trigger('beforeUpdate', [...])
 4 SYSTEMPATH\Model.php(756): CodeIgniter\BaseModel->update([...], [...])
 5 APPPATH\Controllers\Accounting_library.php(870): CodeIgniter\Model->update('5', [...])
 6 SYSTEMPATH\CodeIgniter.php(934): App\Controllers\Accounting_library->index()
 7 SYSTEMPATH\CodeIgniter.php(499): CodeIgniter\CodeIgniter->runController(Object(App\Controllers\Accounting_library))
 8 SYSTEMPATH\CodeIgniter.php(368): CodeIgniter\CodeIgniter->handleRequest(null, Object(Config\Cache), false)
 9 FCPATH\index.php(67): CodeIgniter\CodeIgniter->run()
CRITICAL - 2023-04-19 04:45:56 --> Undefined array key "type"
in APPPATH\Models\PaymentsModel.php on line 21.
 1 APPPATH\Models\PaymentsModel.php(21): CodeIgniter\Debug\Exceptions->errorHandler(2, 'Undefined array key "type"', 'APPPATH\\Models\\PaymentsModel.php', 21)
 2 SYSTEMPATH\BaseModel.php(1562): App\Models\PaymentsModel->beforeUpdate([...])
 3 SYSTEMPATH\BaseModel.php(937): CodeIgniter\BaseModel->trigger('beforeUpdate', [...])
 4 SYSTEMPATH\Model.php(756): CodeIgniter\BaseModel->update([...], [...])
 5 APPPATH\Controllers\Accounting_library.php(870): CodeIgniter\Model->update('5', [...])
 6 SYSTEMPATH\CodeIgniter.php(934): App\Controllers\Accounting_library->index()
 7 SYSTEMPATH\CodeIgniter.php(499): CodeIgniter\CodeIgniter->runController(Object(App\Controllers\Accounting_library))
 8 SYSTEMPATH\CodeIgniter.php(368): CodeIgniter\CodeIgniter->handleRequest(null, Object(Config\Cache), false)
 9 FCPATH\index.php(67): CodeIgniter\CodeIgniter->run()
CRITICAL - 2023-04-19 04:45:59 --> Undefined array key "type"
in APPPATH\Models\PaymentsModel.php on line 21.
 1 APPPATH\Models\PaymentsModel.php(21): CodeIgniter\Debug\Exceptions->errorHandler(2, 'Undefined array key "type"', 'APPPATH\\Models\\PaymentsModel.php', 21)
 2 SYSTEMPATH\BaseModel.php(1562): App\Models\PaymentsModel->beforeUpdate([...])
 3 SYSTEMPATH\BaseModel.php(937): CodeIgniter\BaseModel->trigger('beforeUpdate', [...])
 4 SYSTEMPATH\Model.php(756): CodeIgniter\BaseModel->update([...], [...])
 5 APPPATH\Controllers\Accounting_library.php(870): CodeIgniter\Model->update('5', [...])
 6 SYSTEMPATH\CodeIgniter.php(934): App\Controllers\Accounting_library->index()
 7 SYSTEMPATH\CodeIgniter.php(499): CodeIgniter\CodeIgniter->runController(Object(App\Controllers\Accounting_library))
 8 SYSTEMPATH\CodeIgniter.php(368): CodeIgniter\CodeIgniter->handleRequest(null, Object(Config\Cache), false)
 9 FCPATH\index.php(67): CodeIgniter\CodeIgniter->run()
CRITICAL - 2023-04-19 04:46:02 --> Undefined array key "type"
in APPPATH\Models\PaymentsModel.php on line 21.
 1 APPPATH\Models\PaymentsModel.php(21): CodeIgniter\Debug\Exceptions->errorHandler(2, 'Undefined array key "type"', 'APPPATH\\Models\\PaymentsModel.php', 21)
 2 SYSTEMPATH\BaseModel.php(1562): App\Models\PaymentsModel->beforeUpdate([...])
 3 SYSTEMPATH\BaseModel.php(937): CodeIgniter\BaseModel->trigger('beforeUpdate', [...])
 4 SYSTEMPATH\Model.php(756): CodeIgniter\BaseModel->update([...], [...])
 5 APPPATH\Controllers\Accounting_library.php(870): CodeIgniter\Model->update('5', [...])
 6 SYSTEMPATH\CodeIgniter.php(934): App\Controllers\Accounting_library->index()
 7 SYSTEMPATH\CodeIgniter.php(499): CodeIgniter\CodeIgniter->runController(Object(App\Controllers\Accounting_library))
 8 SYSTEMPATH\CodeIgniter.php(368): CodeIgniter\CodeIgniter->handleRequest(null, Object(Config\Cache), false)
 9 FCPATH\index.php(67): CodeIgniter\CodeIgniter->run()
CRITICAL - 2023-04-19 04:46:25 --> Undefined array key "type"
in APPPATH\Models\PaymentsModel.php on line 21.
 1 APPPATH\Models\PaymentsModel.php(21): CodeIgniter\Debug\Exceptions->errorHandler(2, 'Undefined array key "type"', 'APPPATH\\Models\\PaymentsModel.php', 21)
 2 SYSTEMPATH\BaseModel.php(1562): App\Models\PaymentsModel->beforeUpdate([...])
 3 SYSTEMPATH\BaseModel.php(937): CodeIgniter\BaseModel->trigger('beforeUpdate', [...])
 4 SYSTEMPATH\Model.php(756): CodeIgniter\BaseModel->update([...], [...])
 5 APPPATH\Controllers\Accounting_library.php(870): CodeIgniter\Model->update('5', [...])
 6 SYSTEMPATH\CodeIgniter.php(934): App\Controllers\Accounting_library->index()
 7 SYSTEMPATH\CodeIgniter.php(499): CodeIgniter\CodeIgniter->runController(Object(App\Controllers\Accounting_library))
 8 SYSTEMPATH\CodeIgniter.php(368): CodeIgniter\CodeIgniter->handleRequest(null, Object(Config\Cache), false)
 9 FCPATH\index.php(67): CodeIgniter\CodeIgniter->run()
CRITICAL - 2023-04-19 04:46:28 --> Undefined array key "type"
in APPPATH\Models\PaymentsModel.php on line 21.
 1 APPPATH\Models\PaymentsModel.php(21): CodeIgniter\Debug\Exceptions->errorHandler(2, 'Undefined array key "type"', 'APPPATH\\Models\\PaymentsModel.php', 21)
 2 SYSTEMPATH\BaseModel.php(1562): App\Models\PaymentsModel->beforeUpdate([...])
 3 SYSTEMPATH\BaseModel.php(937): CodeIgniter\BaseModel->trigger('beforeUpdate', [...])
 4 SYSTEMPATH\Model.php(756): CodeIgniter\BaseModel->update([...], [...])
 5 APPPATH\Controllers\Accounting_library.php(870): CodeIgniter\Model->update('5', [...])
 6 SYSTEMPATH\CodeIgniter.php(934): App\Controllers\Accounting_library->index()
 7 SYSTEMPATH\CodeIgniter.php(499): CodeIgniter\CodeIgniter->runController(Object(App\Controllers\Accounting_library))
 8 SYSTEMPATH\CodeIgniter.php(368): CodeIgniter\CodeIgniter->handleRequest(null, Object(Config\Cache), false)
 9 FCPATH\index.php(67): CodeIgniter\CodeIgniter->run()
CRITICAL - 2023-04-19 04:46:30 --> Undefined array key "type"
in APPPATH\Models\PaymentsModel.php on line 21.
 1 APPPATH\Models\PaymentsModel.php(21): CodeIgniter\Debug\Exceptions->errorHandler(2, 'Undefined array key "type"', 'APPPATH\\Models\\PaymentsModel.php', 21)
 2 SYSTEMPATH\BaseModel.php(1562): App\Models\PaymentsModel->beforeUpdate([...])
 3 SYSTEMPATH\BaseModel.php(937): CodeIgniter\BaseModel->trigger('beforeUpdate', [...])
 4 SYSTEMPATH\Model.php(756): CodeIgniter\BaseModel->update([...], [...])
 5 APPPATH\Controllers\Accounting_library.php(870): CodeIgniter\Model->update('5', [...])
 6 SYSTEMPATH\CodeIgniter.php(934): App\Controllers\Accounting_library->index()
 7 SYSTEMPATH\CodeIgniter.php(499): CodeIgniter\CodeIgniter->runController(Object(App\Controllers\Accounting_library))
 8 SYSTEMPATH\CodeIgniter.php(368): CodeIgniter\CodeIgniter->handleRequest(null, Object(Config\Cache), false)
 9 FCPATH\index.php(67): CodeIgniter\CodeIgniter->run()
CRITICAL - 2023-04-19 04:46:41 --> Undefined array key "type"
in APPPATH\Models\PaymentsModel.php on line 21.
 1 APPPATH\Models\PaymentsModel.php(21): CodeIgniter\Debug\Exceptions->errorHandler(2, 'Undefined array key "type"', 'APPPATH\\Models\\PaymentsModel.php', 21)
 2 SYSTEMPATH\BaseModel.php(1562): App\Models\PaymentsModel->beforeUpdate([...])
 3 SYSTEMPATH\BaseModel.php(937): CodeIgniter\BaseModel->trigger('beforeUpdate', [...])
 4 SYSTEMPATH\Model.php(756): CodeIgniter\BaseModel->update([...], [...])
 5 APPPATH\Controllers\Accounting_library.php(870): CodeIgniter\Model->update('5', [...])
 6 SYSTEMPATH\CodeIgniter.php(934): App\Controllers\Accounting_library->index()
 7 SYSTEMPATH\CodeIgniter.php(499): CodeIgniter\CodeIgniter->runController(Object(App\Controllers\Accounting_library))
 8 SYSTEMPATH\CodeIgniter.php(368): CodeIgniter\CodeIgniter->handleRequest(null, Object(Config\Cache), false)
 9 FCPATH\index.php(67): CodeIgniter\CodeIgniter->run()
CRITICAL - 2023-04-19 04:46:43 --> Undefined array key "type"
in APPPATH\Models\PaymentsModel.php on line 21.
 1 APPPATH\Models\PaymentsModel.php(21): CodeIgniter\Debug\Exceptions->errorHandler(2, 'Undefined array key "type"', 'APPPATH\\Models\\PaymentsModel.php', 21)
 2 SYSTEMPATH\BaseModel.php(1562): App\Models\PaymentsModel->beforeUpdate([...])
 3 SYSTEMPATH\BaseModel.php(937): CodeIgniter\BaseModel->trigger('beforeUpdate', [...])
 4 SYSTEMPATH\Model.php(756): CodeIgniter\BaseModel->update([...], [...])
 5 APPPATH\Controllers\Accounting_library.php(870): CodeIgniter\Model->update('5', [...])
 6 SYSTEMPATH\CodeIgniter.php(934): App\Controllers\Accounting_library->index()
 7 SYSTEMPATH\CodeIgniter.php(499): CodeIgniter\CodeIgniter->runController(Object(App\Controllers\Accounting_library))
 8 SYSTEMPATH\CodeIgniter.php(368): CodeIgniter\CodeIgniter->handleRequest(null, Object(Config\Cache), false)
 9 FCPATH\index.php(67): CodeIgniter\CodeIgniter->run()
CRITICAL - 2023-04-19 04:47:25 --> Undefined array key "type"
in APPPATH\Models\PaymentsModel.php on line 21.
 1 APPPATH\Models\PaymentsModel.php(21): CodeIgniter\Debug\Exceptions->errorHandler(2, 'Undefined array key "type"', 'APPPATH\\Models\\PaymentsModel.php', 21)
 2 SYSTEMPATH\BaseModel.php(1562): App\Models\PaymentsModel->beforeUpdate([...])
 3 SYSTEMPATH\BaseModel.php(937): CodeIgniter\BaseModel->trigger('beforeUpdate', [...])
 4 SYSTEMPATH\Model.php(756): CodeIgniter\BaseModel->update([...], [...])
 5 APPPATH\Controllers\Accounting_library.php(870): CodeIgniter\Model->update('5', [...])
 6 SYSTEMPATH\CodeIgniter.php(934): App\Controllers\Accounting_library->index()
 7 SYSTEMPATH\CodeIgniter.php(499): CodeIgniter\CodeIgniter->runController(Object(App\Controllers\Accounting_library))
 8 SYSTEMPATH\CodeIgniter.php(368): CodeIgniter\CodeIgniter->handleRequest(null, Object(Config\Cache), false)
 9 FCPATH\index.php(67): CodeIgniter\CodeIgniter->run()
CRITICAL - 2023-04-19 04:47:27 --> Undefined array key "type"
in APPPATH\Models\PaymentsModel.php on line 21.
 1 APPPATH\Models\PaymentsModel.php(21): CodeIgniter\Debug\Exceptions->errorHandler(2, 'Undefined array key "type"', 'APPPATH\\Models\\PaymentsModel.php', 21)
 2 SYSTEMPATH\BaseModel.php(1562): App\Models\PaymentsModel->beforeUpdate([...])
 3 SYSTEMPATH\BaseModel.php(937): CodeIgniter\BaseModel->trigger('beforeUpdate', [...])
 4 SYSTEMPATH\Model.php(756): CodeIgniter\BaseModel->update([...], [...])
 5 APPPATH\Controllers\Accounting_library.php(870): CodeIgniter\Model->update('5', [...])
 6 SYSTEMPATH\CodeIgniter.php(934): App\Controllers\Accounting_library->index()
 7 SYSTEMPATH\CodeIgniter.php(499): CodeIgniter\CodeIgniter->runController(Object(App\Controllers\Accounting_library))
 8 SYSTEMPATH\CodeIgniter.php(368): CodeIgniter\CodeIgniter->handleRequest(null, Object(Config\Cache), false)
 9 FCPATH\index.php(67): CodeIgniter\CodeIgniter->run()
CRITICAL - 2023-04-19 04:47:29 --> Undefined array key "type"
in APPPATH\Models\PaymentsModel.php on line 21.
 1 APPPATH\Models\PaymentsModel.php(21): CodeIgniter\Debug\Exceptions->errorHandler(2, 'Undefined array key "type"', 'APPPATH\\Models\\PaymentsModel.php', 21)
 2 SYSTEMPATH\BaseModel.php(1562): App\Models\PaymentsModel->beforeUpdate([...])
 3 SYSTEMPATH\BaseModel.php(937): CodeIgniter\BaseModel->trigger('beforeUpdate', [...])
 4 SYSTEMPATH\Model.php(756): CodeIgniter\BaseModel->update([...], [...])
 5 APPPATH\Controllers\Accounting_library.php(870): CodeIgniter\Model->update('5', [...])
 6 SYSTEMPATH\CodeIgniter.php(934): App\Controllers\Accounting_library->index()
 7 SYSTEMPATH\CodeIgniter.php(499): CodeIgniter\CodeIgniter->runController(Object(App\Controllers\Accounting_library))
 8 SYSTEMPATH\CodeIgniter.php(368): CodeIgniter\CodeIgniter->handleRequest(null, Object(Config\Cache), false)
 9 FCPATH\index.php(67): CodeIgniter\CodeIgniter->run()
CRITICAL - 2023-04-19 04:47:30 --> Undefined array key "type"
in APPPATH\Models\PaymentsModel.php on line 21.
 1 APPPATH\Models\PaymentsModel.php(21): CodeIgniter\Debug\Exceptions->errorHandler(2, 'Undefined array key "type"', 'APPPATH\\Models\\PaymentsModel.php', 21)
 2 SYSTEMPATH\BaseModel.php(1562): App\Models\PaymentsModel->beforeUpdate([...])
 3 SYSTEMPATH\BaseModel.php(937): CodeIgniter\BaseModel->trigger('beforeUpdate', [...])
 4 SYSTEMPATH\Model.php(756): CodeIgniter\BaseModel->update([...], [...])
 5 APPPATH\Controllers\Accounting_library.php(870): CodeIgniter\Model->update('5', [...])
 6 SYSTEMPATH\CodeIgniter.php(934): App\Controllers\Accounting_library->index()
 7 SYSTEMPATH\CodeIgniter.php(499): CodeIgniter\CodeIgniter->runController(Object(App\Controllers\Accounting_library))
 8 SYSTEMPATH\CodeIgniter.php(368): CodeIgniter\CodeIgniter->handleRequest(null, Object(Config\Cache), false)
 9 FCPATH\index.php(67): CodeIgniter\CodeIgniter->run()
CRITICAL - 2023-04-19 04:47:33 --> Undefined array key "type"
in APPPATH\Models\PaymentsModel.php on line 21.
 1 APPPATH\Models\PaymentsModel.php(21): CodeIgniter\Debug\Exceptions->errorHandler(2, 'Undefined array key "type"', 'APPPATH\\Models\\PaymentsModel.php', 21)
 2 SYSTEMPATH\BaseModel.php(1562): App\Models\PaymentsModel->beforeUpdate([...])
 3 SYSTEMPATH\BaseModel.php(937): CodeIgniter\BaseModel->trigger('beforeUpdate', [...])
 4 SYSTEMPATH\Model.php(756): CodeIgniter\BaseModel->update([...], [...])
 5 APPPATH\Controllers\Accounting_library.php(870): CodeIgniter\Model->update('5', [...])
 6 SYSTEMPATH\CodeIgniter.php(934): App\Controllers\Accounting_library->index()
 7 SYSTEMPATH\CodeIgniter.php(499): CodeIgniter\CodeIgniter->runController(Object(App\Controllers\Accounting_library))
 8 SYSTEMPATH\CodeIgniter.php(368): CodeIgniter\CodeIgniter->handleRequest(null, Object(Config\Cache), false)
 9 FCPATH\index.php(67): CodeIgniter\CodeIgniter->run()
CRITICAL - 2023-04-19 04:47:40 --> Undefined array key "type"
in APPPATH\Models\PaymentsModel.php on line 21.
 1 APPPATH\Models\PaymentsModel.php(21): CodeIgniter\Debug\Exceptions->errorHandler(2, 'Undefined array key "type"', 'APPPATH\\Models\\PaymentsModel.php', 21)
 2 SYSTEMPATH\BaseModel.php(1562): App\Models\PaymentsModel->beforeUpdate([...])
 3 SYSTEMPATH\BaseModel.php(937): CodeIgniter\BaseModel->trigger('beforeUpdate', [...])
 4 SYSTEMPATH\Model.php(756): CodeIgniter\BaseModel->update([...], [...])
 5 APPPATH\Controllers\Accounting_library.php(870): CodeIgniter\Model->update('5', [...])
 6 SYSTEMPATH\CodeIgniter.php(934): App\Controllers\Accounting_library->index()
 7 SYSTEMPATH\CodeIgniter.php(499): CodeIgniter\CodeIgniter->runController(Object(App\Controllers\Accounting_library))
 8 SYSTEMPATH\CodeIgniter.php(368): CodeIgniter\CodeIgniter->handleRequest(null, Object(Config\Cache), false)
 9 FCPATH\index.php(67): CodeIgniter\CodeIgniter->run()
CRITICAL - 2023-04-19 04:47:42 --> Undefined array key "type"
in APPPATH\Models\PaymentsModel.php on line 21.
 1 APPPATH\Models\PaymentsModel.php(21): CodeIgniter\Debug\Exceptions->errorHandler(2, 'Undefined array key "type"', 'APPPATH\\Models\\PaymentsModel.php', 21)
 2 SYSTEMPATH\BaseModel.php(1562): App\Models\PaymentsModel->beforeUpdate([...])
 3 SYSTEMPATH\BaseModel.php(937): CodeIgniter\BaseModel->trigger('beforeUpdate', [...])
 4 SYSTEMPATH\Model.php(756): CodeIgniter\BaseModel->update([...], [...])
 5 APPPATH\Controllers\Accounting_library.php(870): CodeIgniter\Model->update('5', [...])
 6 SYSTEMPATH\CodeIgniter.php(934): App\Controllers\Accounting_library->index()
 7 SYSTEMPATH\CodeIgniter.php(499): CodeIgniter\CodeIgniter->runController(Object(App\Controllers\Accounting_library))
 8 SYSTEMPATH\CodeIgniter.php(368): CodeIgniter\CodeIgniter->handleRequest(null, Object(Config\Cache), false)
 9 FCPATH\index.php(67): CodeIgniter\CodeIgniter->run()
CRITICAL - 2023-04-19 04:47:48 --> Undefined array key "type"
in APPPATH\Models\PaymentsModel.php on line 21.
 1 APPPATH\Models\PaymentsModel.php(21): CodeIgniter\Debug\Exceptions->errorHandler(2, 'Undefined array key "type"', 'APPPATH\\Models\\PaymentsModel.php', 21)
 2 SYSTEMPATH\BaseModel.php(1562): App\Models\PaymentsModel->beforeUpdate([...])
 3 SYSTEMPATH\BaseModel.php(937): CodeIgniter\BaseModel->trigger('beforeUpdate', [...])
 4 SYSTEMPATH\Model.php(756): CodeIgniter\BaseModel->update([...], [...])
 5 APPPATH\Controllers\Accounting_library.php(870): CodeIgniter\Model->update('5', [...])
 6 SYSTEMPATH\CodeIgniter.php(934): App\Controllers\Accounting_library->index()
 7 SYSTEMPATH\CodeIgniter.php(499): CodeIgniter\CodeIgniter->runController(Object(App\Controllers\Accounting_library))
 8 SYSTEMPATH\CodeIgniter.php(368): CodeIgniter\CodeIgniter->handleRequest(null, Object(Config\Cache), false)
 9 FCPATH\index.php(67): CodeIgniter\CodeIgniter->run()
CRITICAL - 2023-04-19 04:47:49 --> Undefined array key "type"
in APPPATH\Models\PaymentsModel.php on line 21.
 1 APPPATH\Models\PaymentsModel.php(21): CodeIgniter\Debug\Exceptions->errorHandler(2, 'Undefined array key "type"', 'APPPATH\\Models\\PaymentsModel.php', 21)
 2 SYSTEMPATH\BaseModel.php(1562): App\Models\PaymentsModel->beforeUpdate([...])
 3 SYSTEMPATH\BaseModel.php(937): CodeIgniter\BaseModel->trigger('beforeUpdate', [...])
 4 SYSTEMPATH\Model.php(756): CodeIgniter\BaseModel->update([...], [...])
 5 APPPATH\Controllers\Accounting_library.php(870): CodeIgniter\Model->update('5', [...])
 6 SYSTEMPATH\CodeIgniter.php(934): App\Controllers\Accounting_library->index()
 7 SYSTEMPATH\CodeIgniter.php(499): CodeIgniter\CodeIgniter->runController(Object(App\Controllers\Accounting_library))
 8 SYSTEMPATH\CodeIgniter.php(368): CodeIgniter\CodeIgniter->handleRequest(null, Object(Config\Cache), false)
 9 FCPATH\index.php(67): CodeIgniter\CodeIgniter->run()
CRITICAL - 2023-04-19 04:47:53 --> Undefined array key "type"
in APPPATH\Models\PaymentsModel.php on line 21.
 1 APPPATH\Models\PaymentsModel.php(21): CodeIgniter\Debug\Exceptions->errorHandler(2, 'Undefined array key "type"', 'APPPATH\\Models\\PaymentsModel.php', 21)
 2 SYSTEMPATH\BaseModel.php(1562): App\Models\PaymentsModel->beforeUpdate([...])
 3 SYSTEMPATH\BaseModel.php(937): CodeIgniter\BaseModel->trigger('beforeUpdate', [...])
 4 SYSTEMPATH\Model.php(756): CodeIgniter\BaseModel->update([...], [...])
 5 APPPATH\Controllers\Accounting_library.php(870): CodeIgniter\Model->update('5', [...])
 6 SYSTEMPATH\CodeIgniter.php(934): App\Controllers\Accounting_library->index()
 7 SYSTEMPATH\CodeIgniter.php(499): CodeIgniter\CodeIgniter->runController(Object(App\Controllers\Accounting_library))
 8 SYSTEMPATH\CodeIgniter.php(368): CodeIgniter\CodeIgniter->handleRequest(null, Object(Config\Cache), false)
 9 FCPATH\index.php(67): CodeIgniter\CodeIgniter->run()
CRITICAL - 2023-04-19 04:47:55 --> Undefined array key "type"
in APPPATH\Models\PaymentsModel.php on line 21.
 1 APPPATH\Models\PaymentsModel.php(21): CodeIgniter\Debug\Exceptions->errorHandler(2, 'Undefined array key "type"', 'APPPATH\\Models\\PaymentsModel.php', 21)
 2 SYSTEMPATH\BaseModel.php(1562): App\Models\PaymentsModel->beforeUpdate([...])
 3 SYSTEMPATH\BaseModel.php(937): CodeIgniter\BaseModel->trigger('beforeUpdate', [...])
 4 SYSTEMPATH\Model.php(756): CodeIgniter\BaseModel->update([...], [...])
 5 APPPATH\Controllers\Accounting_library.php(870): CodeIgniter\Model->update('5', [...])
 6 SYSTEMPATH\CodeIgniter.php(934): App\Controllers\Accounting_library->index()
 7 SYSTEMPATH\CodeIgniter.php(499): CodeIgniter\CodeIgniter->runController(Object(App\Controllers\Accounting_library))
 8 SYSTEMPATH\CodeIgniter.php(368): CodeIgniter\CodeIgniter->handleRequest(null, Object(Config\Cache), false)
 9 FCPATH\index.php(67): CodeIgniter\CodeIgniter->run()
CRITICAL - 2023-04-19 04:48:06 --> Undefined array key "type"
in APPPATH\Models\PaymentsModel.php on line 21.
 1 APPPATH\Models\PaymentsModel.php(21): CodeIgniter\Debug\Exceptions->errorHandler(2, 'Undefined array key "type"', 'APPPATH\\Models\\PaymentsModel.php', 21)
 2 SYSTEMPATH\BaseModel.php(1562): App\Models\PaymentsModel->beforeUpdate([...])
 3 SYSTEMPATH\BaseModel.php(937): CodeIgniter\BaseModel->trigger('beforeUpdate', [...])
 4 SYSTEMPATH\Model.php(756): CodeIgniter\BaseModel->update([...], [...])
 5 APPPATH\Controllers\Accounting_library.php(870): CodeIgniter\Model->update('5', [...])
 6 SYSTEMPATH\CodeIgniter.php(934): App\Controllers\Accounting_library->index()
 7 SYSTEMPATH\CodeIgniter.php(499): CodeIgniter\CodeIgniter->runController(Object(App\Controllers\Accounting_library))
 8 SYSTEMPATH\CodeIgniter.php(368): CodeIgniter\CodeIgniter->handleRequest(null, Object(Config\Cache), false)
 9 FCPATH\index.php(67): CodeIgniter\CodeIgniter->run()
CRITICAL - 2023-04-19 04:48:11 --> Undefined array key "type"
in APPPATH\Models\PaymentsModel.php on line 21.
 1 APPPATH\Models\PaymentsModel.php(21): CodeIgniter\Debug\Exceptions->errorHandler(2, 'Undefined array key "type"', 'APPPATH\\Models\\PaymentsModel.php', 21)
 2 SYSTEMPATH\BaseModel.php(1562): App\Models\PaymentsModel->beforeUpdate([...])
 3 SYSTEMPATH\BaseModel.php(937): CodeIgniter\BaseModel->trigger('beforeUpdate', [...])
 4 SYSTEMPATH\Model.php(756): CodeIgniter\BaseModel->update([...], [...])
 5 APPPATH\Controllers\Accounting_library.php(870): CodeIgniter\Model->update('5', [...])
 6 SYSTEMPATH\CodeIgniter.php(934): App\Controllers\Accounting_library->index()
 7 SYSTEMPATH\CodeIgniter.php(499): CodeIgniter\CodeIgniter->runController(Object(App\Controllers\Accounting_library))
 8 SYSTEMPATH\CodeIgniter.php(368): CodeIgniter\CodeIgniter->handleRequest(null, Object(Config\Cache), false)
 9 FCPATH\index.php(67): CodeIgniter\CodeIgniter->run()
CRITICAL - 2023-04-19 04:49:28 --> Undefined array key "type"
in APPPATH\Models\PaymentsModel.php on line 21.
 1 APPPATH\Models\PaymentsModel.php(21): CodeIgniter\Debug\Exceptions->errorHandler(2, 'Undefined array key "type"', 'APPPATH\\Models\\PaymentsModel.php', 21)
 2 SYSTEMPATH\BaseModel.php(1562): App\Models\PaymentsModel->beforeUpdate([...])
 3 SYSTEMPATH\BaseModel.php(937): CodeIgniter\BaseModel->trigger('beforeUpdate', [...])
 4 SYSTEMPATH\Model.php(756): CodeIgniter\BaseModel->update([...], [...])
 5 APPPATH\Controllers\Accounting_library.php(870): CodeIgniter\Model->update('5', [...])
 6 SYSTEMPATH\CodeIgniter.php(934): App\Controllers\Accounting_library->index()
 7 SYSTEMPATH\CodeIgniter.php(499): CodeIgniter\CodeIgniter->runController(Object(App\Controllers\Accounting_library))
 8 SYSTEMPATH\CodeIgniter.php(368): CodeIgniter\CodeIgniter->handleRequest(null, Object(Config\Cache), false)
 9 FCPATH\index.php(67): CodeIgniter\CodeIgniter->run()
CRITICAL - 2023-04-19 04:57:44 --> Undefined array key "type"
in APPPATH\Models\PaymentsModel.php on line 21.
 1 APPPATH\Models\PaymentsModel.php(21): CodeIgniter\Debug\Exceptions->errorHandler(2, 'Undefined array key "type"', 'APPPATH\\Models\\PaymentsModel.php', 21)
 2 SYSTEMPATH\BaseModel.php(1562): App\Models\PaymentsModel->beforeUpdate([...])
 3 SYSTEMPATH\BaseModel.php(937): CodeIgniter\BaseModel->trigger('beforeUpdate', [...])
 4 SYSTEMPATH\Model.php(756): CodeIgniter\BaseModel->update([...], [...])
 5 APPPATH\Controllers\Testing.php(74): CodeIgniter\Model->update('1', [...])
 6 SYSTEMPATH\CodeIgniter.php(934): App\Controllers\Testing->money_type_merge()
 7 SYSTEMPATH\CodeIgniter.php(499): CodeIgniter\CodeIgniter->runController(Object(App\Controllers\Testing))
 8 SYSTEMPATH\CodeIgniter.php(368): CodeIgniter\CodeIgniter->handleRequest(null, Object(Config\Cache), false)
 9 FCPATH\index.php(67): CodeIgniter\CodeIgniter->run()
CRITICAL - 2023-04-19 05:48:15 --> Undefined array key "type"
in APPPATH\Models\PaymentsModel.php on line 21.
 1 APPPATH\Models\PaymentsModel.php(21): CodeIgniter\Debug\Exceptions->errorHandler(2, 'Undefined array key "type"', 'APPPATH\\Models\\PaymentsModel.php', 21)
 2 SYSTEMPATH\BaseModel.php(1562): App\Models\PaymentsModel->beforeUpdate([...])
 3 SYSTEMPATH\BaseModel.php(937): CodeIgniter\BaseModel->trigger('beforeUpdate', [...])
 4 SYSTEMPATH\Model.php(756): CodeIgniter\BaseModel->update([...], [...])
 5 APPPATH\Controllers\Accounting_library.php(870): CodeIgniter\Model->update('5', [...])
 6 SYSTEMPATH\CodeIgniter.php(934): App\Controllers\Accounting_library->index()
 7 SYSTEMPATH\CodeIgniter.php(499): CodeIgniter\CodeIgniter->runController(Object(App\Controllers\Accounting_library))
 8 SYSTEMPATH\CodeIgniter.php(368): CodeIgniter\CodeIgniter->handleRequest(null, Object(Config\Cache), false)
 9 FCPATH\index.php(67): CodeIgniter\CodeIgniter->run()
CRITICAL - 2023-04-19 05:49:40 --> Undefined array key "type"
in APPPATH\Models\PaymentsModel.php on line 21.
 1 APPPATH\Models\PaymentsModel.php(21): CodeIgniter\Debug\Exceptions->errorHandler(2, 'Undefined array key "type"', 'APPPATH\\Models\\PaymentsModel.php', 21)
 2 SYSTEMPATH\BaseModel.php(1562): App\Models\PaymentsModel->beforeUpdate([...])
 3 SYSTEMPATH\BaseModel.php(937): CodeIgniter\BaseModel->trigger('beforeUpdate', [...])
 4 SYSTEMPATH\Model.php(756): CodeIgniter\BaseModel->update([...], [...])
 5 APPPATH\Controllers\Accounting_library.php(870): CodeIgniter\Model->update('5', [...])
 6 SYSTEMPATH\CodeIgniter.php(934): App\Controllers\Accounting_library->index()
 7 SYSTEMPATH\CodeIgniter.php(499): CodeIgniter\CodeIgniter->runController(Object(App\Controllers\Accounting_library))
 8 SYSTEMPATH\CodeIgniter.php(368): CodeIgniter\CodeIgniter->handleRequest(null, Object(Config\Cache), false)
 9 FCPATH\index.php(67): CodeIgniter\CodeIgniter->run()
CRITICAL - 2023-04-19 05:49:42 --> Undefined array key "type"
in APPPATH\Models\PaymentsModel.php on line 21.
 1 APPPATH\Models\PaymentsModel.php(21): CodeIgniter\Debug\Exceptions->errorHandler(2, 'Undefined array key "type"', 'APPPATH\\Models\\PaymentsModel.php', 21)
 2 SYSTEMPATH\BaseModel.php(1562): App\Models\PaymentsModel->beforeUpdate([...])
 3 SYSTEMPATH\BaseModel.php(937): CodeIgniter\BaseModel->trigger('beforeUpdate', [...])
 4 SYSTEMPATH\Model.php(756): CodeIgniter\BaseModel->update([...], [...])
 5 APPPATH\Controllers\Accounting_library.php(870): CodeIgniter\Model->update('5', [...])
 6 SYSTEMPATH\CodeIgniter.php(934): App\Controllers\Accounting_library->index()
 7 SYSTEMPATH\CodeIgniter.php(499): CodeIgniter\CodeIgniter->runController(Object(App\Controllers\Accounting_library))
 8 SYSTEMPATH\CodeIgniter.php(368): CodeIgniter\CodeIgniter->handleRequest(null, Object(Config\Cache), false)
 9 FCPATH\index.php(67): CodeIgniter\CodeIgniter->run()
CRITICAL - 2023-04-19 05:50:20 --> Undefined array key "type"
in APPPATH\Models\PaymentsModel.php on line 21.
 1 APPPATH\Models\PaymentsModel.php(21): CodeIgniter\Debug\Exceptions->errorHandler(2, 'Undefined array key "type"', 'APPPATH\\Models\\PaymentsModel.php', 21)
 2 SYSTEMPATH\BaseModel.php(1562): App\Models\PaymentsModel->beforeUpdate([...])
 3 SYSTEMPATH\BaseModel.php(937): CodeIgniter\BaseModel->trigger('beforeUpdate', [...])
 4 SYSTEMPATH\Model.php(756): CodeIgniter\BaseModel->update([...], [...])
 5 APPPATH\Controllers\Accounting_library.php(870): CodeIgniter\Model->update('5', [...])
 6 SYSTEMPATH\CodeIgniter.php(934): App\Controllers\Accounting_library->index()
 7 SYSTEMPATH\CodeIgniter.php(499): CodeIgniter\CodeIgniter->runController(Object(App\Controllers\Accounting_library))
 8 SYSTEMPATH\CodeIgniter.php(368): CodeIgniter\CodeIgniter->handleRequest(null, Object(Config\Cache), false)
 9 FCPATH\index.php(67): CodeIgniter\CodeIgniter->run()
