CRITICAL - 2023-04-02 05:01:23 --> Undefined array key "is_school"
in APPPATH\Views\SpriteGenix_keys\clients.php on line 132.
 1 APPPATH\Views\SpriteGenix_keys\clients.php(132): CodeIgniter\Debug\Exceptions->errorHandler(2, 'Undefined array key "is_school"', 'APPPATH\\Views\\SpriteGenix_keys\\clients.php', 132)
 2 SYSTEMPATH\View\View.php(213): include('APPPATH\\Views\\SpriteGenix_keys\\clients.php')
 3 SYSTEMPATH\View\View.php(216): CodeIgniter\View\View->CodeIgniter\View\{closure}()
 4 SYSTEMPATH\Common.php(1184): CodeIgniter\View\View->render('SpriteGenix_keys/clients', [], true)
 5 APPPATH\Controllers\SpriteGenix_keys.php(44): view('SpriteGenix_keys/clients')
 6 SYSTEMPATH\CodeIgniter.php(934): App\Controllers\SpriteGenix_keys->index()
 7 SYSTEMPATH\CodeIgniter.php(499): CodeIgniter\CodeIgniter->runController(Object(App\Controllers\SpriteGenix_keys))
 8 SYSTEMPATH\CodeIgniter.php(368): CodeIgniter\CodeIgniter->handleRequest(null, Object(Config\Cache), false)
 9 FCPATH\index.php(67): CodeIgniter\CodeIgniter->run()
CRITICAL - 2023-04-02 05:07:45 --> Undefined array key "is_school"
in APPPATH\Views\SpriteGenix_keys\details.php on line 216.
 1 APPPATH\Views\SpriteGenix_keys\details.php(216): CodeIgniter\Debug\Exceptions->errorHandler(2, 'Undefined array key "is_school"', 'APPPATH\\Views\\SpriteGenix_keys\\details.php', 216)
 2 SYSTEMPATH\View\View.php(213): include('APPPATH\\Views\\SpriteGenix_keys\\details.php')
 3 SYSTEMPATH\View\View.php(216): CodeIgniter\View\View->CodeIgniter\View\{closure}()
 4 SYSTEMPATH\Common.php(1184): CodeIgniter\View\View->render('SpriteGenix_keys/details', [], true)
 5 APPPATH\Controllers\SpriteGenix_keys.php(209): view('SpriteGenix_keys/details')
 6 SYSTEMPATH\CodeIgniter.php(934): App\Controllers\SpriteGenix_keys->details('3896')
 7 SYSTEMPATH\CodeIgniter.php(499): CodeIgniter\CodeIgniter->runController(Object(App\Controllers\SpriteGenix_keys))
 8 SYSTEMPATH\CodeIgniter.php(368): CodeIgniter\CodeIgniter->handleRequest(null, Object(Config\Cache), false)
 9 FCPATH\index.php(67): CodeIgniter\CodeIgniter->run()
CRITICAL - 2023-04-02 07:04:00 --> syntax error, unexpected variable "$data"
in APPPATH\Controllers\Payroll.php on line 80.
 1 SYSTEMPATH\Autoloader\Autoloader.php(289): CodeIgniter\Autoloader\Autoloader->includeFile('APPPATH\\Controllers\\Payroll.php')
 2 SYSTEMPATH\Autoloader\Autoloader.php(267): CodeIgniter\Autoloader\Autoloader->loadInNamespace('App\\Controllers\\Payroll')
 3 [internal function]: CodeIgniter\Autoloader\Autoloader->loadClass('App\\Controllers\\Payroll')
 4 SYSTEMPATH\CodeIgniter.php(892): class_exists('\\App\\Controllers\\Payroll', true)
 5 SYSTEMPATH\CodeIgniter.php(486): CodeIgniter\CodeIgniter->startController()
 6 SYSTEMPATH\CodeIgniter.php(368): CodeIgniter\CodeIgniter->handleRequest(null, Object(Config\Cache), false)
 7 FCPATH\index.php(67): CodeIgniter\CodeIgniter->run()
CRITICAL - 2023-04-02 07:04:09 --> Undefined array key "user_id"
in APPPATH\Views\payroll\basic_salary_table.php on line 122.
 1 APPPATH\Views\payroll\basic_salary_table.php(122): CodeIgniter\Debug\Exceptions->errorHandler(2, 'Undefined array key "user_id"', 'APPPATH\\Views\\payroll\\basic_salary_table.php', 122)
 2 SYSTEMPATH\View\View.php(213): include('APPPATH\\Views\\payroll\\basic_salary_table.php')
 3 SYSTEMPATH\View\View.php(216): CodeIgniter\View\View->CodeIgniter\View\{closure}()
 4 SYSTEMPATH\Common.php(1184): CodeIgniter\View\View->render('payroll/basic_salary_table', [], true)
 5 APPPATH\Controllers\Payroll.php(86): view('payroll/basic_salary_table')
 6 SYSTEMPATH\CodeIgniter.php(934): App\Controllers\Payroll->basic_salary()
 7 SYSTEMPATH\CodeIgniter.php(499): CodeIgniter\CodeIgniter->runController(Object(App\Controllers\Payroll))
 8 SYSTEMPATH\CodeIgniter.php(368): CodeIgniter\CodeIgniter->handleRequest(null, Object(Config\Cache), false)
 9 FCPATH\index.php(67): CodeIgniter\CodeIgniter->run()
CRITICAL - 2023-04-02 07:22:03 --> Undefined array key "editable"
in APPPATH\Views\payroll\settings.php on line 168.
 1 APPPATH\Views\payroll\settings.php(168): CodeIgniter\Debug\Exceptions->errorHandler(2, 'Undefined array key "editable"', 'APPPATH\\Views\\payroll\\settings.php', 168)
 2 SYSTEMPATH\View\View.php(213): include('APPPATH\\Views\\payroll\\settings.php')
 3 SYSTEMPATH\View\View.php(216): CodeIgniter\View\View->CodeIgniter\View\{closure}()
 4 SYSTEMPATH\Common.php(1184): CodeIgniter\View\View->render('payroll/settings', [], true)
 5 APPPATH\Controllers\Payroll.php(557): view('payroll/settings')
 6 SYSTEMPATH\CodeIgniter.php(934): App\Controllers\Payroll->settings()
 7 SYSTEMPATH\CodeIgniter.php(499): CodeIgniter\CodeIgniter->runController(Object(App\Controllers\Payroll))
 8 SYSTEMPATH\CodeIgniter.php(368): CodeIgniter\CodeIgniter->handleRequest(null, Object(Config\Cache), false)
 9 FCPATH\index.php(67): CodeIgniter\CodeIgniter->run()
