CRITICAL - 2023-07-21 06:21:08 --> Trying to access array offset on value of type null
in APPPATH\Views\fees\challan_design.php on line 88.
 1 APPPATH\Views\fees\challan_design.php(88): CodeIgniter\Debug\Exceptions->errorHandler(2, 'Trying to access array offset on value of type null', 'APPPATH\\Views\\fees\\challan_design.php', 88)
 2 SYSTEMPATH\View\View.php(213): include('APPPATH\\Views\\fees\\challan_design.php')
 3 SYSTEMPATH\View\View.php(216): CodeIgniter\View\View->CodeIgniter\View\{closure}()
 4 SYSTEMPATH\Common.php(1184): CodeIgniter\View\View->render('fees/challan_design', [], true)
 5 APPPATH\Controllers\Fees_and_payments.php(1132): view('fees/challan_design', [...])
 6 SYSTEMPATH\CodeIgniter.php(934): App\Controllers\Fees_and_payments->get_challan('19577', 'view')
 7 SYSTEMPATH\CodeIgniter.php(499): CodeIgniter\CodeIgniter->runController(Object(App\Controllers\Fees_and_payments))
 8 SYSTEMPATH\CodeIgniter.php(368): CodeIgniter\CodeIgniter->handleRequest(null, Object(Config\Cache), false)
 9 FCPATH\index.php(67): CodeIgniter\CodeIgniter->run()
CRITICAL - 2023-07-21 06:45:11 --> You should provide a barcode string.
in FCPATH\vendor\picqer\php-barcode-generator\src\Types\TypeCode128.php on line 136.
 1 FCPATH\vendor\picqer\php-barcode-generator\src\BarcodeGenerator.php(103): Picqer\Barcode\Types\TypeCode128->getBarcodeData('C:\\xampp\\htdocs\\SpriteGenix_app')
 2 FCPATH\vendor\picqer\php-barcode-generator\src\BarcodeGeneratorPNG.php(54): Picqer\Barcode\BarcodeGenerator->getBarcodeData('C:\\xampp\\htdocs\\SpriteGenix_app', 'C128')
 3 APPPATH\Controllers\Generate_barcode.php(79): Picqer\Barcode\BarcodeGeneratorPNG->getBarcode('C:\\xampp\\htdocs\\SpriteGenix_app', 'C128')
 4 SYSTEMPATH\CodeIgniter.php(934): App\Controllers\Generate_barcode->index()
 5 SYSTEMPATH\CodeIgniter.php(499): CodeIgniter\CodeIgniter->runController(Object(App\Controllers\Generate_barcode))
 6 SYSTEMPATH\CodeIgniter.php(368): CodeIgniter\CodeIgniter->handleRequest(null, Object(Config\Cache), false)
 7 FCPATH\index.php(67): CodeIgniter\CodeIgniter->run()
CRITICAL - 2023-07-21 06:47:35 --> Trying to access array offset on value of type null
in APPPATH\Helpers\apanel_helper.php on line 4569.
 1 APPPATH\Helpers\apanel_helper.php(4569): CodeIgniter\Debug\Exceptions->errorHandler(2, 'Trying to access array offset on value of type null', 'APPPATH\\Helpers\\apanel_helper.php', 4569)
 2 APPPATH\Controllers\Customers.php(340): company('5847')
 3 SYSTEMPATH\CodeIgniter.php(934): App\Controllers\Customers->details('6134')
 4 SYSTEMPATH\CodeIgniter.php(499): CodeIgniter\CodeIgniter->runController(Object(App\Controllers\Customers))
 5 SYSTEMPATH\CodeIgniter.php(368): CodeIgniter\CodeIgniter->handleRequest(null, Object(Config\Cache), false)
 6 FCPATH\index.php(67): CodeIgniter\CodeIgniter->run()
CRITICAL - 2023-07-21 06:48:53 --> You should provide a barcode string.
in FCPATH\vendor\picqer\php-barcode-generator\src\Types\TypeCode128.php on line 136.
 1 FCPATH\vendor\picqer\php-barcode-generator\src\BarcodeGenerator.php(103): Picqer\Barcode\Types\TypeCode128->getBarcodeData('C:\\xampp\\htdocs\\SpriteGenix_app')
 2 FCPATH\vendor\picqer\php-barcode-generator\src\BarcodeGeneratorPNG.php(54): Picqer\Barcode\BarcodeGenerator->getBarcodeData('C:\\xampp\\htdocs\\SpriteGenix_app', 'C128')
 3 APPPATH\Controllers\Generate_barcode.php(79): Picqer\Barcode\BarcodeGeneratorPNG->getBarcode('C:\\xampp\\htdocs\\SpriteGenix_app', 'C128')
 4 SYSTEMPATH\CodeIgniter.php(934): App\Controllers\Generate_barcode->index()
 5 SYSTEMPATH\CodeIgniter.php(499): CodeIgniter\CodeIgniter->runController(Object(App\Controllers\Generate_barcode))
 6 SYSTEMPATH\CodeIgniter.php(368): CodeIgniter\CodeIgniter->handleRequest(null, Object(Config\Cache), false)
 7 FCPATH\index.php(67): CodeIgniter\CodeIgniter->run()
CRITICAL - 2023-07-21 06:49:04 --> You should provide a barcode string.
in FCPATH\vendor\picqer\php-barcode-generator\src\Types\TypeCode128.php on line 136.
 1 FCPATH\vendor\picqer\php-barcode-generator\src\BarcodeGenerator.php(103): Picqer\Barcode\Types\TypeCode128->getBarcodeData('C:\\xampp\\htdocs\\SpriteGenix_app')
 2 FCPATH\vendor\picqer\php-barcode-generator\src\BarcodeGeneratorPNG.php(54): Picqer\Barcode\BarcodeGenerator->getBarcodeData('C:\\xampp\\htdocs\\SpriteGenix_app', 'C128')
 3 APPPATH\Controllers\Generate_barcode.php(79): Picqer\Barcode\BarcodeGeneratorPNG->getBarcode('C:\\xampp\\htdocs\\SpriteGenix_app', 'C128')
 4 SYSTEMPATH\CodeIgniter.php(934): App\Controllers\Generate_barcode->index()
 5 SYSTEMPATH\CodeIgniter.php(499): CodeIgniter\CodeIgniter->runController(Object(App\Controllers\Generate_barcode))
 6 SYSTEMPATH\CodeIgniter.php(368): CodeIgniter\CodeIgniter->handleRequest(null, Object(Config\Cache), false)
 7 FCPATH\index.php(67): CodeIgniter\CodeIgniter->run()
CRITICAL - 2023-07-21 06:49:58 --> You should provide a barcode string.
in FCPATH\vendor\picqer\php-barcode-generator\src\Types\TypeCode128.php on line 136.
 1 FCPATH\vendor\picqer\php-barcode-generator\src\BarcodeGenerator.php(103): Picqer\Barcode\Types\TypeCode128->getBarcodeData('C:\\xampp\\htdocs\\SpriteGenix_app')
 2 FCPATH\vendor\picqer\php-barcode-generator\src\BarcodeGeneratorPNG.php(54): Picqer\Barcode\BarcodeGenerator->getBarcodeData('C:\\xampp\\htdocs\\SpriteGenix_app', 'C128')
 3 APPPATH\Controllers\Generate_barcode.php(79): Picqer\Barcode\BarcodeGeneratorPNG->getBarcode('C:\\xampp\\htdocs\\SpriteGenix_app', 'C128')
 4 SYSTEMPATH\CodeIgniter.php(934): App\Controllers\Generate_barcode->index()
 5 SYSTEMPATH\CodeIgniter.php(499): CodeIgniter\CodeIgniter->runController(Object(App\Controllers\Generate_barcode))
 6 SYSTEMPATH\CodeIgniter.php(368): CodeIgniter\CodeIgniter->handleRequest(null, Object(Config\Cache), false)
 7 FCPATH\index.php(67): CodeIgniter\CodeIgniter->run()
CRITICAL - 2023-07-21 09:15:53 --> Undefined variable $di
in APPPATH\Controllers\Invoices.php on line 952.
 1 APPPATH\Controllers\Invoices.php(952): CodeIgniter\Debug\Exceptions->errorHandler(2, 'Undefined variable $di', 'APPPATH\\Controllers\\Invoices.php', 952)
 2 SYSTEMPATH\CodeIgniter.php(934): App\Controllers\Invoices->delete('8')
 3 SYSTEMPATH\CodeIgniter.php(499): CodeIgniter\CodeIgniter->runController(Object(App\Controllers\Invoices))
 4 SYSTEMPATH\CodeIgniter.php(368): CodeIgniter\CodeIgniter->handleRequest(null, Object(Config\Cache), false)
 5 FCPATH\index.php(67): CodeIgniter\CodeIgniter->run()
CRITICAL - 2023-07-21 09:43:34 --> Trying to access array offset on value of type null
in APPPATH\Views\fees\challan_design.php on line 88.
 1 APPPATH\Views\fees\challan_design.php(88): CodeIgniter\Debug\Exceptions->errorHandler(2, 'Trying to access array offset on value of type null', 'APPPATH\\Views\\fees\\challan_design.php', 88)
 2 SYSTEMPATH\View\View.php(213): include('APPPATH\\Views\\fees\\challan_design.php')
 3 SYSTEMPATH\View\View.php(216): CodeIgniter\View\View->CodeIgniter\View\{closure}()
 4 SYSTEMPATH\Common.php(1184): CodeIgniter\View\View->render('fees/challan_design', [], true)
 5 APPPATH\Controllers\Fees_and_payments.php(1132): view('fees/challan_design', [...])
 6 SYSTEMPATH\CodeIgniter.php(934): App\Controllers\Fees_and_payments->get_challan('8', 'view')
 7 SYSTEMPATH\CodeIgniter.php(499): CodeIgniter\CodeIgniter->runController(Object(App\Controllers\Fees_and_payments))
 8 SYSTEMPATH\CodeIgniter.php(368): CodeIgniter\CodeIgniter->handleRequest(null, Object(Config\Cache), false)
 9 FCPATH\index.php(67): CodeIgniter\CodeIgniter->run()
CRITICAL - 2023-07-21 09:50:48 --> Too few arguments to function inventory_prefix(), 1 passed in C:\xampp\htdocs\SpriteGenix_app\app\Views\fees\add_payment_form.php on line 426 and exactly 2 expected
in APPPATH\Helpers\apanel_helper.php on line 1930.
 1 APPPATH\Views\fees\add_payment_form.php(426): inventory_prefix('purchase')
 2 SYSTEMPATH\View\View.php(213): include('APPPATH\\Views\\fees\\add_payment_form.php')
 3 SYSTEMPATH\View\View.php(216): CodeIgniter\View\View->CodeIgniter\View\{closure}()
 4 SYSTEMPATH\Common.php(1184): CodeIgniter\View\View->render('fees/add_payment_form', [], true)
 5 APPPATH\Controllers\Fees_and_payments.php(2420): view('fees/add_payment_form', [...])
 6 SYSTEMPATH\CodeIgniter.php(934): App\Controllers\Fees_and_payments->get_payment_form('8')
 7 SYSTEMPATH\CodeIgniter.php(499): CodeIgniter\CodeIgniter->runController(Object(App\Controllers\Fees_and_payments))
 8 SYSTEMPATH\CodeIgniter.php(368): CodeIgniter\CodeIgniter->handleRequest(null, Object(Config\Cache), false)
 9 FCPATH\index.php(67): CodeIgniter\CodeIgniter->run()
CRITICAL - 2023-07-21 09:51:16 --> Undefined array key 8
in APPPATH\Helpers\apanel_helper.php on line 4289.
 1 APPPATH\Helpers\apanel_helper.php(4289): CodeIgniter\Debug\Exceptions->errorHandler(2, 'Undefined array key 8', 'APPPATH\\Helpers\\apanel_helper.php', 4289)
 2 APPPATH\Views\fees\add_payment_form.php(426): invoice_data('1', '8', 'invoice_type')
 3 SYSTEMPATH\View\View.php(213): include('APPPATH\\Views\\fees\\add_payment_form.php')
 4 SYSTEMPATH\View\View.php(216): CodeIgniter\View\View->CodeIgniter\View\{closure}()
 5 SYSTEMPATH\Common.php(1184): CodeIgniter\View\View->render('fees/add_payment_form', [], true)
 6 APPPATH\Controllers\Fees_and_payments.php(2420): view('fees/add_payment_form', [...])
 7 SYSTEMPATH\CodeIgniter.php(934): App\Controllers\Fees_and_payments->get_payment_form('8')
 8 SYSTEMPATH\CodeIgniter.php(499): CodeIgniter\CodeIgniter->runController(Object(App\Controllers\Fees_and_payments))
 9 SYSTEMPATH\CodeIgniter.php(368): CodeIgniter\CodeIgniter->handleRequest(null, Object(Config\Cache), false)
10 FCPATH\index.php(67): CodeIgniter\CodeIgniter->run()
CRITICAL - 2023-07-21 09:51:29 --> Undefined array key 8
in APPPATH\Helpers\apanel_helper.php on line 4289.
 1 APPPATH\Helpers\apanel_helper.php(4289): CodeIgniter\Debug\Exceptions->errorHandler(2, 'Undefined array key 8', 'APPPATH\\Helpers\\apanel_helper.php', 4289)
 2 APPPATH\Views\fees\add_payment_form.php(426): invoice_data('1', '8', 'invoice_type')
 3 SYSTEMPATH\View\View.php(213): include('APPPATH\\Views\\fees\\add_payment_form.php')
 4 SYSTEMPATH\View\View.php(216): CodeIgniter\View\View->CodeIgniter\View\{closure}()
 5 SYSTEMPATH\Common.php(1184): CodeIgniter\View\View->render('fees/add_payment_form', [], true)
 6 APPPATH\Controllers\Fees_and_payments.php(2420): view('fees/add_payment_form', [...])
 7 SYSTEMPATH\CodeIgniter.php(934): App\Controllers\Fees_and_payments->get_payment_form('8')
 8 SYSTEMPATH\CodeIgniter.php(499): CodeIgniter\CodeIgniter->runController(Object(App\Controllers\Fees_and_payments))
 9 SYSTEMPATH\CodeIgniter.php(368): CodeIgniter\CodeIgniter->handleRequest(null, Object(Config\Cache), false)
10 FCPATH\index.php(67): CodeIgniter\CodeIgniter->run()
CRITICAL - 2023-07-21 09:51:31 --> Undefined array key 8
in APPPATH\Helpers\apanel_helper.php on line 4289.
 1 APPPATH\Helpers\apanel_helper.php(4289): CodeIgniter\Debug\Exceptions->errorHandler(2, 'Undefined array key 8', 'APPPATH\\Helpers\\apanel_helper.php', 4289)
 2 APPPATH\Views\fees\add_payment_form.php(426): invoice_data('1', '8', 'invoice_type')
 3 SYSTEMPATH\View\View.php(213): include('APPPATH\\Views\\fees\\add_payment_form.php')
 4 SYSTEMPATH\View\View.php(216): CodeIgniter\View\View->CodeIgniter\View\{closure}()
 5 SYSTEMPATH\Common.php(1184): CodeIgniter\View\View->render('fees/add_payment_form', [], true)
 6 APPPATH\Controllers\Fees_and_payments.php(2420): view('fees/add_payment_form', [...])
 7 SYSTEMPATH\CodeIgniter.php(934): App\Controllers\Fees_and_payments->get_payment_form('8')
 8 SYSTEMPATH\CodeIgniter.php(499): CodeIgniter\CodeIgniter->runController(Object(App\Controllers\Fees_and_payments))
 9 SYSTEMPATH\CodeIgniter.php(368): CodeIgniter\CodeIgniter->handleRequest(null, Object(Config\Cache), false)
10 FCPATH\index.php(67): CodeIgniter\CodeIgniter->run()
CRITICAL - 2023-07-21 09:59:34 --> Trying to access array offset on value of type null
in APPPATH\Views\fees\challan_design.php on line 88.
 1 APPPATH\Views\fees\challan_design.php(88): CodeIgniter\Debug\Exceptions->errorHandler(2, 'Trying to access array offset on value of type null', 'APPPATH\\Views\\fees\\challan_design.php', 88)
 2 SYSTEMPATH\View\View.php(213): include('APPPATH\\Views\\fees\\challan_design.php')
 3 SYSTEMPATH\View\View.php(216): CodeIgniter\View\View->CodeIgniter\View\{closure}()
 4 SYSTEMPATH\Common.php(1184): CodeIgniter\View\View->render('fees/challan_design', [], true)
 5 APPPATH\Controllers\Fees_and_payments.php(1132): view('fees/challan_design', [...])
 6 SYSTEMPATH\CodeIgniter.php(934): App\Controllers\Fees_and_payments->get_challan('8', 'view')
 7 SYSTEMPATH\CodeIgniter.php(499): CodeIgniter\CodeIgniter->runController(Object(App\Controllers\Fees_and_payments))
 8 SYSTEMPATH\CodeIgniter.php(368): CodeIgniter\CodeIgniter->handleRequest(null, Object(Config\Cache), false)
 9 FCPATH\index.php(67): CodeIgniter\CodeIgniter->run()
