CRITICAL - 2023-05-03 07:06:54 --> Trying to access array offset on value of type null
in APPPATH\Views\fees\challan_design.php on line 88.
 1 APPPATH\Views\fees\challan_design.php(88): CodeIgniter\Debug\Exceptions->errorHandler(2, 'Trying to access array offset on value of type null', 'APPPATH\\Views\\fees\\challan_design.php', 88)
 2 SYSTEMPATH\View\View.php(213): include('APPPATH\\Views\\fees\\challan_design.php')
 3 SYSTEMPATH\View\View.php(216): CodeIgniter\View\View->CodeIgniter\View\{closure}()
 4 SYSTEMPATH\Common.php(1184): CodeIgniter\View\View->render('fees/challan_design', [], true)
 5 APPPATH\Controllers\Fees_and_payments.php(1125): view('fees/challan_design', [...])
 6 SYSTEMPATH\CodeIgniter.php(934): App\Controllers\Fees_and_payments->get_challan('16', 'view')
 7 SYSTEMPATH\CodeIgniter.php(499): CodeIgniter\CodeIgniter->runController(Object(App\Controllers\Fees_and_payments))
 8 SYSTEMPATH\CodeIgniter.php(368): CodeIgniter\CodeIgniter->handleRequest(null, Object(Config\Cache), false)
 9 FCPATH\index.php(67): CodeIgniter\CodeIgniter->run()
CRITICAL - 2023-05-03 07:13:08 --> Trying to access array offset on value of type null
in APPPATH\Views\fees\challan_design.php on line 88.
 1 APPPATH\Views\fees\challan_design.php(88): CodeIgniter\Debug\Exceptions->errorHandler(2, 'Trying to access array offset on value of type null', 'APPPATH\\Views\\fees\\challan_design.php', 88)
 2 SYSTEMPATH\View\View.php(213): include('APPPATH\\Views\\fees\\challan_design.php')
 3 SYSTEMPATH\View\View.php(216): CodeIgniter\View\View->CodeIgniter\View\{closure}()
 4 SYSTEMPATH\Common.php(1184): CodeIgniter\View\View->render('fees/challan_design', [], true)
 5 APPPATH\Controllers\Fees_and_payments.php(1125): view('fees/challan_design', [...])
 6 SYSTEMPATH\CodeIgniter.php(934): App\Controllers\Fees_and_payments->get_challan('16', 'view')
 7 SYSTEMPATH\CodeIgniter.php(499): CodeIgniter\CodeIgniter->runController(Object(App\Controllers\Fees_and_payments))
 8 SYSTEMPATH\CodeIgniter.php(368): CodeIgniter\CodeIgniter->handleRequest(null, Object(Config\Cache), false)
 9 FCPATH\index.php(67): CodeIgniter\CodeIgniter->run()
CRITICAL - 2023-05-03 09:10:10 --> Invalid file: "payments/receipt_design_for_school.php"
in SYSTEMPATH\Exceptions\FrameworkException.php on line 33.
 1 SYSTEMPATH\View\View.php(201): CodeIgniter\Exceptions\FrameworkException::forInvalidFile('payments/receipt_design_for_school.php')
 2 SYSTEMPATH\Common.php(1184): CodeIgniter\View\View->render('payments/receipt_design_for_school', [], true)
 3 APPPATH\Controllers\Payments.php(104): view('payments/receipt_design_for_school', [...])
 4 SYSTEMPATH\CodeIgniter.php(934): App\Controllers\Payments->get_receipt('37', 'view')
 5 SYSTEMPATH\CodeIgniter.php(499): CodeIgniter\CodeIgniter->runController(Object(App\Controllers\Payments))
 6 SYSTEMPATH\CodeIgniter.php(368): CodeIgniter\CodeIgniter->handleRequest(null, Object(Config\Cache), false)
 7 FCPATH\index.php(67): CodeIgniter\CodeIgniter->run()
CRITICAL - 2023-05-03 09:14:08 --> Undefined variable $InvoiceModel
in APPPATH\Controllers\Payments.php on line 89.
 1 APPPATH\Controllers\Payments.php(89): CodeIgniter\Debug\Exceptions->errorHandler(2, 'Undefined variable $InvoiceModel', 'APPPATH\\Controllers\\Payments.php', 89)
 2 SYSTEMPATH\CodeIgniter.php(934): App\Controllers\Payments->get_receipt('37', 'view')
 3 SYSTEMPATH\CodeIgniter.php(499): CodeIgniter\CodeIgniter->runController(Object(App\Controllers\Payments))
 4 SYSTEMPATH\CodeIgniter.php(368): CodeIgniter\CodeIgniter->handleRequest(null, Object(Config\Cache), false)
 5 FCPATH\index.php(67): CodeIgniter\CodeIgniter->run()
CRITICAL - 2023-05-03 09:14:22 --> Undefined variable $ft
in APPPATH\Views\payments\receipt_design_for_school.php on line 88.
 1 APPPATH\Views\payments\receipt_design_for_school.php(88): CodeIgniter\Debug\Exceptions->errorHandler(2, 'Undefined variable $ft', 'APPPATH\\Views\\payments\\receipt_design_for_school.php', 88)
 2 SYSTEMPATH\View\View.php(213): include('APPPATH\\Views\\payments\\receipt_design_for_school.php')
 3 SYSTEMPATH\View\View.php(216): CodeIgniter\View\View->CodeIgniter\View\{closure}()
 4 SYSTEMPATH\Common.php(1184): CodeIgniter\View\View->render('payments/receipt_design_for_school', [], true)
 5 APPPATH\Controllers\Payments.php(108): view('payments/receipt_design_for_school', [...])
 6 SYSTEMPATH\CodeIgniter.php(934): App\Controllers\Payments->get_receipt('37', 'view')
 7 SYSTEMPATH\CodeIgniter.php(499): CodeIgniter\CodeIgniter->runController(Object(App\Controllers\Payments))
 8 SYSTEMPATH\CodeIgniter.php(368): CodeIgniter\CodeIgniter->handleRequest(null, Object(Config\Cache), false)
 9 FCPATH\index.php(67): CodeIgniter\CodeIgniter->run()
CRITICAL - 2023-05-03 09:15:41 --> Class "App\Controllers\FeesModel" not found
in APPPATH\Controllers\Payments.php on line 66.
 1 SYSTEMPATH\CodeIgniter.php(934): App\Controllers\Payments->get_receipt('37', 'view')
 2 SYSTEMPATH\CodeIgniter.php(499): CodeIgniter\CodeIgniter->runController(Object(App\Controllers\Payments))
 3 SYSTEMPATH\CodeIgniter.php(368): CodeIgniter\CodeIgniter->handleRequest(null, Object(Config\Cache), false)
 4 FCPATH\index.php(67): CodeIgniter\CodeIgniter->run()
CRITICAL - 2023-05-03 09:15:58 --> Undefined variable $ft
in APPPATH\Views\payments\receipt_design_for_school.php on line 88.
 1 APPPATH\Views\payments\receipt_design_for_school.php(88): CodeIgniter\Debug\Exceptions->errorHandler(2, 'Undefined variable $ft', 'APPPATH\\Views\\payments\\receipt_design_for_school.php', 88)
 2 SYSTEMPATH\View\View.php(213): include('APPPATH\\Views\\payments\\receipt_design_for_school.php')
 3 SYSTEMPATH\View\View.php(216): CodeIgniter\View\View->CodeIgniter\View\{closure}()
 4 SYSTEMPATH\Common.php(1184): CodeIgniter\View\View->render('payments/receipt_design_for_school', [], true)
 5 APPPATH\Controllers\Payments.php(112): view('payments/receipt_design_for_school', [...])
 6 SYSTEMPATH\CodeIgniter.php(934): App\Controllers\Payments->get_receipt('37', 'view')
 7 SYSTEMPATH\CodeIgniter.php(499): CodeIgniter\CodeIgniter->runController(Object(App\Controllers\Payments))
 8 SYSTEMPATH\CodeIgniter.php(368): CodeIgniter\CodeIgniter->handleRequest(null, Object(Config\Cache), false)
 9 FCPATH\index.php(67): CodeIgniter\CodeIgniter->run()
CRITICAL - 2023-05-03 09:18:45 --> Undefined variable $userid
in APPPATH\Views\payments\receipt_design_for_school.php on line 78.
 1 APPPATH\Views\payments\receipt_design_for_school.php(78): CodeIgniter\Debug\Exceptions->errorHandler(2, 'Undefined variable $userid', 'APPPATH\\Views\\payments\\receipt_design_for_school.php', 78)
 2 SYSTEMPATH\View\View.php(213): include('APPPATH\\Views\\payments\\receipt_design_for_school.php')
 3 SYSTEMPATH\View\View.php(216): CodeIgniter\View\View->CodeIgniter\View\{closure}()
 4 SYSTEMPATH\Common.php(1184): CodeIgniter\View\View->render('payments/receipt_design_for_school', [], true)
 5 APPPATH\Controllers\Payments.php(113): view('payments/receipt_design_for_school', [...])
 6 SYSTEMPATH\CodeIgniter.php(934): App\Controllers\Payments->get_receipt('37', 'view')
 7 SYSTEMPATH\CodeIgniter.php(499): CodeIgniter\CodeIgniter->runController(Object(App\Controllers\Payments))
 8 SYSTEMPATH\CodeIgniter.php(368): CodeIgniter\CodeIgniter->handleRequest(null, Object(Config\Cache), false)
 9 FCPATH\index.php(67): CodeIgniter\CodeIgniter->run()
CRITICAL - 2023-05-03 09:19:08 --> Undefined variable $userid
in APPPATH\Views\payments\receipt_design_for_school.php on line 79.
 1 APPPATH\Views\payments\receipt_design_for_school.php(79): CodeIgniter\Debug\Exceptions->errorHandler(2, 'Undefined variable $userid', 'APPPATH\\Views\\payments\\receipt_design_for_school.php', 79)
 2 SYSTEMPATH\View\View.php(213): include('APPPATH\\Views\\payments\\receipt_design_for_school.php')
 3 SYSTEMPATH\View\View.php(216): CodeIgniter\View\View->CodeIgniter\View\{closure}()
 4 SYSTEMPATH\Common.php(1184): CodeIgniter\View\View->render('payments/receipt_design_for_school', [], true)
 5 APPPATH\Controllers\Payments.php(113): view('payments/receipt_design_for_school', [...])
 6 SYSTEMPATH\CodeIgniter.php(934): App\Controllers\Payments->get_receipt('37', 'view')
 7 SYSTEMPATH\CodeIgniter.php(499): CodeIgniter\CodeIgniter->runController(Object(App\Controllers\Payments))
 8 SYSTEMPATH\CodeIgniter.php(368): CodeIgniter\CodeIgniter->handleRequest(null, Object(Config\Cache), false)
 9 FCPATH\index.php(67): CodeIgniter\CodeIgniter->run()
