CRITICAL - 2024-12-29 03:08:47 --> The framework needs the following extension(s) installed and loaded: "GD".
in SYSTEMPATH\Exceptions\FrameworkException.php on line 54.
 1 SYSTEMPATH\Images\Handlers\GDHandler.php(34): CodeIgniter\Exceptions\FrameworkException::forMissingExtension('GD')
 2 SYSTEMPATH\Config\Services.php(341): CodeIgniter\Images\Handlers\GDHandler->__construct(Object(Config\Images))
 3 SYSTEMPATH\Config\BaseService.php(252): CodeIgniter\Config\Services::image('gd', Object(Config\Images), false)
 4 SYSTEMPATH\Config\BaseService.php(193): CodeIgniter\Config\BaseService::__callStatic('image', [...])
 5 SYSTEMPATH\Config\Services.php(332): CodeIgniter\Config\BaseService::getSharedInstance('image', null, null)
 6 SYSTEMPATH\Config\BaseService.php(252): CodeIgniter\Config\Services::image()
 7 APPPATH\Controllers\Website_management.php(718): CodeIgniter\Config\BaseService::__callStatic('image', [])
 8 SYSTEMPATH\CodeIgniter.php(934): App\Controllers\Website_management->add_review()
 9 SYSTEMPATH\CodeIgniter.php(499): CodeIgniter\CodeIgniter->runController(Object(App\Controllers\Website_management))
10 SYSTEMPATH\CodeIgniter.php(368): CodeIgniter\CodeIgniter->handleRequest(null, Object(Config\Cache), false)
11 FCPATH\index.php(67): CodeIgniter\CodeIgniter->run()
CRITICAL - 2024-12-29 03:09:30 --> The framework needs the following extension(s) installed and loaded: "GD".
in SYSTEMPATH\Exceptions\FrameworkException.php on line 54.
 1 SYSTEMPATH\Images\Handlers\GDHandler.php(34): CodeIgniter\Exceptions\FrameworkException::forMissingExtension('GD')
 2 SYSTEMPATH\Config\Services.php(341): CodeIgniter\Images\Handlers\GDHandler->__construct(Object(Config\Images))
 3 SYSTEMPATH\Config\BaseService.php(252): CodeIgniter\Config\Services::image('gd', Object(Config\Images), false)
 4 SYSTEMPATH\Config\BaseService.php(193): CodeIgniter\Config\BaseService::__callStatic('image', [...])
 5 SYSTEMPATH\Config\Services.php(332): CodeIgniter\Config\BaseService::getSharedInstance('image', null, null)
 6 SYSTEMPATH\Config\BaseService.php(252): CodeIgniter\Config\Services::image()
 7 APPPATH\Controllers\Website_management.php(718): CodeIgniter\Config\BaseService::__callStatic('image', [])
 8 SYSTEMPATH\CodeIgniter.php(934): App\Controllers\Website_management->add_review()
 9 SYSTEMPATH\CodeIgniter.php(499): CodeIgniter\CodeIgniter->runController(Object(App\Controllers\Website_management))
10 SYSTEMPATH\CodeIgniter.php(368): CodeIgniter\CodeIgniter->handleRequest(null, Object(Config\Cache), false)
11 FCPATH\index.php(67): CodeIgniter\CodeIgniter->run()
CRITICAL - 2024-12-29 03:09:52 --> The framework needs the following extension(s) installed and loaded: "GD".
in SYSTEMPATH\Exceptions\FrameworkException.php on line 54.
 1 SYSTEMPATH\Images\Handlers\GDHandler.php(34): CodeIgniter\Exceptions\FrameworkException::forMissingExtension('GD')
 2 SYSTEMPATH\Config\Services.php(341): CodeIgniter\Images\Handlers\GDHandler->__construct(Object(Config\Images))
 3 SYSTEMPATH\Config\BaseService.php(252): CodeIgniter\Config\Services::image('gd', Object(Config\Images), false)
 4 SYSTEMPATH\Config\BaseService.php(193): CodeIgniter\Config\BaseService::__callStatic('image', [...])
 5 SYSTEMPATH\Config\Services.php(332): CodeIgniter\Config\BaseService::getSharedInstance('image', null, null)
 6 SYSTEMPATH\Config\BaseService.php(252): CodeIgniter\Config\Services::image()
 7 APPPATH\Controllers\Website_management.php(718): CodeIgniter\Config\BaseService::__callStatic('image', [])
 8 SYSTEMPATH\CodeIgniter.php(934): App\Controllers\Website_management->add_review()
 9 SYSTEMPATH\CodeIgniter.php(499): CodeIgniter\CodeIgniter->runController(Object(App\Controllers\Website_management))
10 SYSTEMPATH\CodeIgniter.php(368): CodeIgniter\CodeIgniter->handleRequest(null, Object(Config\Cache), false)
11 FCPATH\index.php(67): CodeIgniter\CodeIgniter->run()
ERROR - 2024-12-29 05:01:56 --> mysqli_sql_exception: MySQL server has gone away in C:\xampp\htdocs\concept_admin\system\Database\MySQLi\Connection.php:295
Stack trace:
#0 C:\xampp\htdocs\concept_admin\system\Database\MySQLi\Connection.php(295): mysqli->query('SELECT *\nFROM `...', 0)
#1 C:\xampp\htdocs\concept_admin\system\Database\BaseConnection.php(691): CodeIgniter\Database\MySQLi\Connection->execute('SELECT *\nFROM `...')
#2 C:\xampp\htdocs\concept_admin\system\Database\BaseConnection.php(605): CodeIgniter\Database\BaseConnection->simpleQuery('SELECT *\nFROM `...')
#3 C:\xampp\htdocs\concept_admin\system\Database\BaseBuilder.php(1616): CodeIgniter\Database\BaseConnection->query('SELECT *\nFROM `...', Array, false)
#4 C:\xampp\htdocs\concept_admin\system\Model.php(268): CodeIgniter\Database\BaseBuilder->get()
#5 C:\xampp\htdocs\concept_admin\system\BaseModel.php(656): CodeIgniter\Model->doFirst()
#6 C:\xampp\htdocs\concept_admin\app\Controllers\Website_management.php(29): CodeIgniter\BaseModel->first()
#7 C:\xampp\htdocs\concept_admin\system\CodeIgniter.php(934): App\Controllers\Website_management->index()
#8 C:\xampp\htdocs\concept_admin\system\CodeIgniter.php(499): CodeIgniter\CodeIgniter->runController(Object(App\Controllers\Website_management))
#9 C:\xampp\htdocs\concept_admin\system\CodeIgniter.php(368): CodeIgniter\CodeIgniter->handleRequest(NULL, Object(Config\Cache), false)
#10 C:\xampp\htdocs\concept_admin\index.php(67): CodeIgniter\CodeIgniter->run()
#11 {main}
CRITICAL - 2024-12-29 05:01:56 --> MySQL server has gone away
in SYSTEMPATH\Database\BaseConnection.php on line 645.
 1 SYSTEMPATH\Database\BaseBuilder.php(1616): CodeIgniter\Database\BaseConnection->query('SELECT *
FROM `users`
WHERE `id` = :id:
 LIMIT 1', [...], false)
 2 SYSTEMPATH\Model.php(268): CodeIgniter\Database\BaseBuilder->get()
 3 SYSTEMPATH\BaseModel.php(656): CodeIgniter\Model->doFirst()
 4 APPPATH\Controllers\Website_management.php(29): CodeIgniter\BaseModel->first()
 5 SYSTEMPATH\CodeIgniter.php(934): App\Controllers\Website_management->index()
 6 SYSTEMPATH\CodeIgniter.php(499): CodeIgniter\CodeIgniter->runController(Object(App\Controllers\Website_management))
 7 SYSTEMPATH\CodeIgniter.php(368): CodeIgniter\CodeIgniter->handleRequest(null, Object(Config\Cache), false)
 8 FCPATH\index.php(67): CodeIgniter\CodeIgniter->run()
CRITICAL - 2024-12-29 05:03:52 --> The framework needs the following extension(s) installed and loaded: "GD".
in SYSTEMPATH\Exceptions\FrameworkException.php on line 54.
 1 SYSTEMPATH\Images\Handlers\GDHandler.php(34): CodeIgniter\Exceptions\FrameworkException::forMissingExtension('GD')
 2 SYSTEMPATH\Config\Services.php(341): CodeIgniter\Images\Handlers\GDHandler->__construct(Object(Config\Images))
 3 SYSTEMPATH\Config\BaseService.php(252): CodeIgniter\Config\Services::image('gd', Object(Config\Images), false)
 4 SYSTEMPATH\Config\BaseService.php(193): CodeIgniter\Config\BaseService::__callStatic('image', [...])
 5 SYSTEMPATH\Config\Services.php(332): CodeIgniter\Config\BaseService::getSharedInstance('image', null, null)
 6 SYSTEMPATH\Config\BaseService.php(252): CodeIgniter\Config\Services::image()
 7 APPPATH\Controllers\Website_management.php(718): CodeIgniter\Config\BaseService::__callStatic('image', [])
 8 SYSTEMPATH\CodeIgniter.php(934): App\Controllers\Website_management->add_review()
 9 SYSTEMPATH\CodeIgniter.php(499): CodeIgniter\CodeIgniter->runController(Object(App\Controllers\Website_management))
10 SYSTEMPATH\CodeIgniter.php(368): CodeIgniter\CodeIgniter->handleRequest(null, Object(Config\Cache), false)
11 FCPATH\index.php(67): CodeIgniter\CodeIgniter->run()
CRITICAL - 2024-12-29 05:07:20 --> The framework needs the following extension(s) installed and loaded: "GD".
in SYSTEMPATH\Exceptions\FrameworkException.php on line 54.
 1 SYSTEMPATH\Images\Handlers\GDHandler.php(34): CodeIgniter\Exceptions\FrameworkException::forMissingExtension('GD')
 2 SYSTEMPATH\Config\Services.php(341): CodeIgniter\Images\Handlers\GDHandler->__construct(Object(Config\Images))
 3 SYSTEMPATH\Config\BaseService.php(252): CodeIgniter\Config\Services::image('gd', Object(Config\Images), false)
 4 SYSTEMPATH\Config\BaseService.php(193): CodeIgniter\Config\BaseService::__callStatic('image', [...])
 5 SYSTEMPATH\Config\Services.php(332): CodeIgniter\Config\BaseService::getSharedInstance('image', null, null)
 6 SYSTEMPATH\Config\BaseService.php(252): CodeIgniter\Config\Services::image()
 7 APPPATH\Controllers\Website_management.php(718): CodeIgniter\Config\BaseService::__callStatic('image', [])
 8 SYSTEMPATH\CodeIgniter.php(934): App\Controllers\Website_management->add_review()
 9 SYSTEMPATH\CodeIgniter.php(499): CodeIgniter\CodeIgniter->runController(Object(App\Controllers\Website_management))
10 SYSTEMPATH\CodeIgniter.php(368): CodeIgniter\CodeIgniter->handleRequest(null, Object(Config\Cache), false)
11 FCPATH\index.php(67): CodeIgniter\CodeIgniter->run()
CRITICAL - 2024-12-29 05:24:43 --> The framework needs the following extension(s) installed and loaded: "GD".
in SYSTEMPATH\Exceptions\FrameworkException.php on line 54.
 1 SYSTEMPATH\Images\Handlers\GDHandler.php(34): CodeIgniter\Exceptions\FrameworkException::forMissingExtension('GD')
 2 SYSTEMPATH\Config\Services.php(341): CodeIgniter\Images\Handlers\GDHandler->__construct(Object(Config\Images))
 3 SYSTEMPATH\Config\BaseService.php(252): CodeIgniter\Config\Services::image('gd', Object(Config\Images), false)
 4 SYSTEMPATH\Config\BaseService.php(193): CodeIgniter\Config\BaseService::__callStatic('image', [...])
 5 SYSTEMPATH\Config\Services.php(332): CodeIgniter\Config\BaseService::getSharedInstance('image', null, null)
 6 SYSTEMPATH\Config\BaseService.php(252): CodeIgniter\Config\Services::image()
 7 APPPATH\Controllers\Website_management.php(718): CodeIgniter\Config\BaseService::__callStatic('image', [])
 8 SYSTEMPATH\CodeIgniter.php(934): App\Controllers\Website_management->add_review()
 9 SYSTEMPATH\CodeIgniter.php(499): CodeIgniter\CodeIgniter->runController(Object(App\Controllers\Website_management))
10 SYSTEMPATH\CodeIgniter.php(368): CodeIgniter\CodeIgniter->handleRequest(null, Object(Config\Cache), false)
11 FCPATH\index.php(67): CodeIgniter\CodeIgniter->run()
ERROR - 2024-12-29 05:26:32 --> mysqli_sql_exception: Unknown column 'company_id' in 'field list' in C:\xampp\htdocs\concept_admin\system\Database\MySQLi\Connection.php:295
Stack trace:
#0 C:\xampp\htdocs\concept_admin\system\Database\MySQLi\Connection.php(295): mysqli->query('INSERT INTO `re...', 0)
#1 C:\xampp\htdocs\concept_admin\system\Database\BaseConnection.php(691): CodeIgniter\Database\MySQLi\Connection->execute('INSERT INTO `re...')
#2 C:\xampp\htdocs\concept_admin\system\Database\BaseConnection.php(605): CodeIgniter\Database\BaseConnection->simpleQuery('INSERT INTO `re...')
#3 C:\xampp\htdocs\concept_admin\system\Database\BaseBuilder.php(2309): CodeIgniter\Database\BaseConnection->query('INSERT INTO `re...', Array, false)
#4 C:\xampp\htdocs\concept_admin\system\Model.php(330): CodeIgniter\Database\BaseBuilder->insert()
#5 C:\xampp\htdocs\concept_admin\system\BaseModel.php(782): CodeIgniter\Model->doInsert(Array)
#6 C:\xampp\htdocs\concept_admin\system\Model.php(730): CodeIgniter\BaseModel->insert(Array, false)
#7 C:\xampp\htdocs\concept_admin\system\BaseModel.php(692): CodeIgniter\Model->insert(Array, false)
#8 C:\xampp\htdocs\concept_admin\app\Controllers\Website_management.php(731): CodeIgniter\BaseModel->save(Array)
#9 C:\xampp\htdocs\concept_admin\system\CodeIgniter.php(934): App\Controllers\Website_management->add_review()
#10 C:\xampp\htdocs\concept_admin\system\CodeIgniter.php(499): CodeIgniter\CodeIgniter->runController(Object(App\Controllers\Website_management))
#11 C:\xampp\htdocs\concept_admin\system\CodeIgniter.php(368): CodeIgniter\CodeIgniter->handleRequest(NULL, Object(Config\Cache), false)
#12 C:\xampp\htdocs\concept_admin\index.php(67): CodeIgniter\CodeIgniter->run()
#13 {main}
CRITICAL - 2024-12-29 05:26:32 --> Unknown column 'company_id' in 'field list'
in SYSTEMPATH\Database\BaseConnection.php on line 645.
 1 SYSTEMPATH\Database\BaseBuilder.php(2309): CodeIgniter\Database\BaseConnection->query('INSERT INTO `reviews` (`profile_pic`, `user_name`, `designation`, `ratings`, `review`, `company_id`) VALUES (:profile_pic:, :user_name:, :designation:, :ratings:, :review:, :company_id:)', [...], false)
 2 SYSTEMPATH\Model.php(330): CodeIgniter\Database\BaseBuilder->insert()
 3 SYSTEMPATH\BaseModel.php(782): CodeIgniter\Model->doInsert([...])
 4 SYSTEMPATH\Model.php(730): CodeIgniter\BaseModel->insert([...], false)
 5 SYSTEMPATH\BaseModel.php(692): CodeIgniter\Model->insert([...], false)
 6 APPPATH\Controllers\Website_management.php(731): CodeIgniter\BaseModel->save([...])
 7 SYSTEMPATH\CodeIgniter.php(934): App\Controllers\Website_management->add_review()
 8 SYSTEMPATH\CodeIgniter.php(499): CodeIgniter\CodeIgniter->runController(Object(App\Controllers\Website_management))
 9 SYSTEMPATH\CodeIgniter.php(368): CodeIgniter\CodeIgniter->handleRequest(null, Object(Config\Cache), false)
10 FCPATH\index.php(67): CodeIgniter\CodeIgniter->run()
ERROR - 2024-12-29 05:27:37 --> mysqli_sql_exception: Unknown column 'company_id' in 'field list' in C:\xampp\htdocs\concept_admin\system\Database\MySQLi\Connection.php:295
Stack trace:
#0 C:\xampp\htdocs\concept_admin\system\Database\MySQLi\Connection.php(295): mysqli->query('INSERT INTO `re...', 0)
#1 C:\xampp\htdocs\concept_admin\system\Database\BaseConnection.php(691): CodeIgniter\Database\MySQLi\Connection->execute('INSERT INTO `re...')
#2 C:\xampp\htdocs\concept_admin\system\Database\BaseConnection.php(605): CodeIgniter\Database\BaseConnection->simpleQuery('INSERT INTO `re...')
#3 C:\xampp\htdocs\concept_admin\system\Database\BaseBuilder.php(2309): CodeIgniter\Database\BaseConnection->query('INSERT INTO `re...', Array, false)
#4 C:\xampp\htdocs\concept_admin\system\Model.php(330): CodeIgniter\Database\BaseBuilder->insert()
#5 C:\xampp\htdocs\concept_admin\system\BaseModel.php(782): CodeIgniter\Model->doInsert(Array)
#6 C:\xampp\htdocs\concept_admin\system\Model.php(730): CodeIgniter\BaseModel->insert(Array, false)
#7 C:\xampp\htdocs\concept_admin\system\BaseModel.php(692): CodeIgniter\Model->insert(Array, false)
#8 C:\xampp\htdocs\concept_admin\app\Controllers\Website_management.php(731): CodeIgniter\BaseModel->save(Array)
#9 C:\xampp\htdocs\concept_admin\system\CodeIgniter.php(934): App\Controllers\Website_management->add_review()
#10 C:\xampp\htdocs\concept_admin\system\CodeIgniter.php(499): CodeIgniter\CodeIgniter->runController(Object(App\Controllers\Website_management))
#11 C:\xampp\htdocs\concept_admin\system\CodeIgniter.php(368): CodeIgniter\CodeIgniter->handleRequest(NULL, Object(Config\Cache), false)
#12 C:\xampp\htdocs\concept_admin\index.php(67): CodeIgniter\CodeIgniter->run()
#13 {main}
CRITICAL - 2024-12-29 05:27:37 --> Unknown column 'company_id' in 'field list'
in SYSTEMPATH\Database\BaseConnection.php on line 645.
 1 SYSTEMPATH\Database\BaseBuilder.php(2309): CodeIgniter\Database\BaseConnection->query('INSERT INTO `reviews` (`profile_pic`, `user_name`, `designation`, `ratings`, `review`, `company_id`) VALUES (:profile_pic:, :user_name:, :designation:, :ratings:, :review:, :company_id:)', [...], false)
 2 SYSTEMPATH\Model.php(330): CodeIgniter\Database\BaseBuilder->insert()
 3 SYSTEMPATH\BaseModel.php(782): CodeIgniter\Model->doInsert([...])
 4 SYSTEMPATH\Model.php(730): CodeIgniter\BaseModel->insert([...], false)
 5 SYSTEMPATH\BaseModel.php(692): CodeIgniter\Model->insert([...], false)
 6 APPPATH\Controllers\Website_management.php(731): CodeIgniter\BaseModel->save([...])
 7 SYSTEMPATH\CodeIgniter.php(934): App\Controllers\Website_management->add_review()
 8 SYSTEMPATH\CodeIgniter.php(499): CodeIgniter\CodeIgniter->runController(Object(App\Controllers\Website_management))
 9 SYSTEMPATH\CodeIgniter.php(368): CodeIgniter\CodeIgniter->handleRequest(null, Object(Config\Cache), false)
10 FCPATH\index.php(67): CodeIgniter\CodeIgniter->run()
ERROR - 2024-12-29 05:30:13 --> mysqli_sql_exception: Unknown column 'company_id' in 'field list' in C:\xampp\htdocs\concept_admin\system\Database\MySQLi\Connection.php:295
Stack trace:
#0 C:\xampp\htdocs\concept_admin\system\Database\MySQLi\Connection.php(295): mysqli->query('INSERT INTO `re...', 0)
#1 C:\xampp\htdocs\concept_admin\system\Database\BaseConnection.php(691): CodeIgniter\Database\MySQLi\Connection->execute('INSERT INTO `re...')
#2 C:\xampp\htdocs\concept_admin\system\Database\BaseConnection.php(605): CodeIgniter\Database\BaseConnection->simpleQuery('INSERT INTO `re...')
#3 C:\xampp\htdocs\concept_admin\system\Database\BaseBuilder.php(2309): CodeIgniter\Database\BaseConnection->query('INSERT INTO `re...', Array, false)
#4 C:\xampp\htdocs\concept_admin\system\Model.php(330): CodeIgniter\Database\BaseBuilder->insert()
#5 C:\xampp\htdocs\concept_admin\system\BaseModel.php(782): CodeIgniter\Model->doInsert(Array)
#6 C:\xampp\htdocs\concept_admin\system\Model.php(730): CodeIgniter\BaseModel->insert(Array, false)
#7 C:\xampp\htdocs\concept_admin\system\BaseModel.php(692): CodeIgniter\Model->insert(Array, false)
#8 C:\xampp\htdocs\concept_admin\app\Controllers\Website_management.php(731): CodeIgniter\BaseModel->save(Array)
#9 C:\xampp\htdocs\concept_admin\system\CodeIgniter.php(934): App\Controllers\Website_management->add_review()
#10 C:\xampp\htdocs\concept_admin\system\CodeIgniter.php(499): CodeIgniter\CodeIgniter->runController(Object(App\Controllers\Website_management))
#11 C:\xampp\htdocs\concept_admin\system\CodeIgniter.php(368): CodeIgniter\CodeIgniter->handleRequest(NULL, Object(Config\Cache), false)
#12 C:\xampp\htdocs\concept_admin\index.php(67): CodeIgniter\CodeIgniter->run()
#13 {main}
CRITICAL - 2024-12-29 05:30:13 --> Unknown column 'company_id' in 'field list'
in SYSTEMPATH\Database\BaseConnection.php on line 645.
 1 SYSTEMPATH\Database\BaseBuilder.php(2309): CodeIgniter\Database\BaseConnection->query('INSERT INTO `reviews` (`profile_pic`, `user_name`, `designation`, `ratings`, `review`, `company_id`) VALUES (:profile_pic:, :user_name:, :designation:, :ratings:, :review:, :company_id:)', [...], false)
 2 SYSTEMPATH\Model.php(330): CodeIgniter\Database\BaseBuilder->insert()
 3 SYSTEMPATH\BaseModel.php(782): CodeIgniter\Model->doInsert([...])
 4 SYSTEMPATH\Model.php(730): CodeIgniter\BaseModel->insert([...], false)
 5 SYSTEMPATH\BaseModel.php(692): CodeIgniter\Model->insert([...], false)
 6 APPPATH\Controllers\Website_management.php(731): CodeIgniter\BaseModel->save([...])
 7 SYSTEMPATH\CodeIgniter.php(934): App\Controllers\Website_management->add_review()
 8 SYSTEMPATH\CodeIgniter.php(499): CodeIgniter\CodeIgniter->runController(Object(App\Controllers\Website_management))
 9 SYSTEMPATH\CodeIgniter.php(368): CodeIgniter\CodeIgniter->handleRequest(null, Object(Config\Cache), false)
10 FCPATH\index.php(67): CodeIgniter\CodeIgniter->run()
CRITICAL - 2024-12-29 05:45:26 --> The action you requested is not allowed.
in SYSTEMPATH\Security\Security.php on line 306.
 1 SYSTEMPATH\Security\Security.php(306): CodeIgniter\Security\Exceptions\SecurityException::forDisallowedAction()
 2 SYSTEMPATH\Filters\CSRF.php(55): CodeIgniter\Security\Security->verify(Object(CodeIgniter\HTTP\IncomingRequest))
 3 SYSTEMPATH\Filters\Filters.php(173): CodeIgniter\Filters\CSRF->before(Object(CodeIgniter\HTTP\IncomingRequest), null)
 4 SYSTEMPATH\CodeIgniter.php(473): CodeIgniter\Filters\Filters->run('website_management/add_review', 'before')
 5 SYSTEMPATH\CodeIgniter.php(368): CodeIgniter\CodeIgniter->handleRequest(null, Object(Config\Cache), false)
 6 FCPATH\index.php(67): CodeIgniter\CodeIgniter->run()
CRITICAL - 2024-12-29 05:45:51 --> The action you requested is not allowed.
in SYSTEMPATH\Security\Security.php on line 306.
 1 SYSTEMPATH\Security\Security.php(306): CodeIgniter\Security\Exceptions\SecurityException::forDisallowedAction()
 2 SYSTEMPATH\Filters\CSRF.php(55): CodeIgniter\Security\Security->verify(Object(CodeIgniter\HTTP\IncomingRequest))
 3 SYSTEMPATH\Filters\Filters.php(173): CodeIgniter\Filters\CSRF->before(Object(CodeIgniter\HTTP\IncomingRequest), null)
 4 SYSTEMPATH\CodeIgniter.php(473): CodeIgniter\Filters\Filters->run('website_management/add_review', 'before')
 5 SYSTEMPATH\CodeIgniter.php(368): CodeIgniter\CodeIgniter->handleRequest(null, Object(Config\Cache), false)
 6 FCPATH\index.php(67): CodeIgniter\CodeIgniter->run()
CRITICAL - 2024-12-29 05:51:17 --> The action you requested is not allowed.
in SYSTEMPATH\Security\Security.php on line 306.
 1 SYSTEMPATH\Security\Security.php(306): CodeIgniter\Security\Exceptions\SecurityException::forDisallowedAction()
 2 SYSTEMPATH\Filters\CSRF.php(55): CodeIgniter\Security\Security->verify(Object(CodeIgniter\HTTP\IncomingRequest))
 3 SYSTEMPATH\Filters\Filters.php(173): CodeIgniter\Filters\CSRF->before(Object(CodeIgniter\HTTP\IncomingRequest), null)
 4 SYSTEMPATH\CodeIgniter.php(473): CodeIgniter\Filters\Filters->run('website_management/add_review', 'before')
 5 SYSTEMPATH\CodeIgniter.php(368): CodeIgniter\CodeIgniter->handleRequest(null, Object(Config\Cache), false)
 6 FCPATH\index.php(67): CodeIgniter\CodeIgniter->run()
CRITICAL - 2024-12-29 05:55:00 --> Call to a member function getRandomName() on null
in APPPATH\Controllers\Website_management.php on line 716.
 1 SYSTEMPATH\CodeIgniter.php(934): App\Controllers\Website_management->add_review()
 2 SYSTEMPATH\CodeIgniter.php(499): CodeIgniter\CodeIgniter->runController(Object(App\Controllers\Website_management))
 3 SYSTEMPATH\CodeIgniter.php(368): CodeIgniter\CodeIgniter->handleRequest(null, Object(Config\Cache), false)
 4 FCPATH\index.php(67): CodeIgniter\CodeIgniter->run()
CRITICAL - 2024-12-29 05:56:47 --> Call to a member function getRandomName() on null
in APPPATH\Controllers\Website_management.php on line 716.
 1 SYSTEMPATH\CodeIgniter.php(934): App\Controllers\Website_management->add_review()
 2 SYSTEMPATH\CodeIgniter.php(499): CodeIgniter\CodeIgniter->runController(Object(App\Controllers\Website_management))
 3 SYSTEMPATH\CodeIgniter.php(368): CodeIgniter\CodeIgniter->handleRequest(null, Object(Config\Cache), false)
 4 FCPATH\index.php(67): CodeIgniter\CodeIgniter->run()
CRITICAL - 2024-12-29 06:02:05 --> Call to a member function getRandomName() on null
in APPPATH\Controllers\Website_management.php on line 717.
 1 SYSTEMPATH\CodeIgniter.php(934): App\Controllers\Website_management->add_review()
 2 SYSTEMPATH\CodeIgniter.php(499): CodeIgniter\CodeIgniter->runController(Object(App\Controllers\Website_management))
 3 SYSTEMPATH\CodeIgniter.php(368): CodeIgniter\CodeIgniter->handleRequest(null, Object(Config\Cache), false)
 4 FCPATH\index.php(67): CodeIgniter\CodeIgniter->run()
CRITICAL - 2024-12-29 06:02:16 --> Call to a member function getRandomName() on null
in APPPATH\Controllers\Website_management.php on line 716.
 1 SYSTEMPATH\CodeIgniter.php(934): App\Controllers\Website_management->add_review()
 2 SYSTEMPATH\CodeIgniter.php(499): CodeIgniter\CodeIgniter->runController(Object(App\Controllers\Website_management))
 3 SYSTEMPATH\CodeIgniter.php(368): CodeIgniter\CodeIgniter->handleRequest(null, Object(Config\Cache), false)
 4 FCPATH\index.php(67): CodeIgniter\CodeIgniter->run()
CRITICAL - 2024-12-29 06:02:33 --> Call to a member function getRandomName() on null
in APPPATH\Controllers\Website_management.php on line 716.
 1 SYSTEMPATH\CodeIgniter.php(934): App\Controllers\Website_management->add_review()
 2 SYSTEMPATH\CodeIgniter.php(499): CodeIgniter\CodeIgniter->runController(Object(App\Controllers\Website_management))
 3 SYSTEMPATH\CodeIgniter.php(368): CodeIgniter\CodeIgniter->handleRequest(null, Object(Config\Cache), false)
 4 FCPATH\index.php(67): CodeIgniter\CodeIgniter->run()
CRITICAL - 2024-12-29 06:03:31 --> Call to a member function getRandomName() on null
in APPPATH\Controllers\Website_management.php on line 716.
 1 SYSTEMPATH\CodeIgniter.php(934): App\Controllers\Website_management->add_review()
 2 SYSTEMPATH\CodeIgniter.php(499): CodeIgniter\CodeIgniter->runController(Object(App\Controllers\Website_management))
 3 SYSTEMPATH\CodeIgniter.php(368): CodeIgniter\CodeIgniter->handleRequest(null, Object(Config\Cache), false)
 4 FCPATH\index.php(67): CodeIgniter\CodeIgniter->run()
CRITICAL - 2024-12-29 06:05:04 --> Call to a member function getRandomName() on null
in APPPATH\Controllers\Website_management.php on line 716.
 1 SYSTEMPATH\CodeIgniter.php(934): App\Controllers\Website_management->add_review()
 2 SYSTEMPATH\CodeIgniter.php(499): CodeIgniter\CodeIgniter->runController(Object(App\Controllers\Website_management))
 3 SYSTEMPATH\CodeIgniter.php(368): CodeIgniter\CodeIgniter->handleRequest(null, Object(Config\Cache), false)
 4 FCPATH\index.php(67): CodeIgniter\CodeIgniter->run()
CRITICAL - 2024-12-29 07:02:08 --> Class "CodeIgniter\Cache\CacheFactory" not found
in SYSTEMPATH\Config\Services.php on line 115.
 1 SYSTEMPATH\Config\BaseService.php(252): CodeIgniter\Config\Services::cache(Object(Config\Cache), false)
 2 SYSTEMPATH\Config\BaseService.php(193): CodeIgniter\Config\BaseService::__callStatic('cache', [...])
 3 SYSTEMPATH\Config\Services.php(110): CodeIgniter\Config\BaseService::getSharedInstance('cache', null)
 4 SYSTEMPATH\Config\BaseService.php(252): CodeIgniter\Config\Services::cache()
 5 SYSTEMPATH\Common.php(73): CodeIgniter\Config\BaseService::__callStatic('cache', [])
 6 SYSTEMPATH\CodeIgniter.php(696): cache()
 7 SYSTEMPATH\CodeIgniter.php(355): CodeIgniter\CodeIgniter->displayCache(Object(Config\Cache))
 8 FCPATH\index.php(67): CodeIgniter\CodeIgniter->run()
CRITICAL - 2024-12-29 07:03:06 --> Class "CodeIgniter\Cache\CacheFactory" not found
in SYSTEMPATH\Config\Services.php on line 115.
 1 SYSTEMPATH\Config\BaseService.php(252): CodeIgniter\Config\Services::cache(Object(Config\Cache), false)
 2 SYSTEMPATH\Config\BaseService.php(193): CodeIgniter\Config\BaseService::__callStatic('cache', [...])
 3 SYSTEMPATH\Config\Services.php(110): CodeIgniter\Config\BaseService::getSharedInstance('cache', null)
 4 SYSTEMPATH\Config\BaseService.php(252): CodeIgniter\Config\Services::cache()
 5 SYSTEMPATH\Common.php(73): CodeIgniter\Config\BaseService::__callStatic('cache', [])
 6 SYSTEMPATH\CodeIgniter.php(696): cache()
 7 SYSTEMPATH\CodeIgniter.php(355): CodeIgniter\CodeIgniter->displayCache(Object(Config\Cache))
 8 FCPATH\index.php(67): CodeIgniter\CodeIgniter->run()
CRITICAL - 2024-12-29 07:04:10 --> Class "CodeIgniter\Cache\CacheFactory" not found
in SYSTEMPATH\Config\Services.php on line 115.
 1 SYSTEMPATH\Config\BaseService.php(252): CodeIgniter\Config\Services::cache(Object(Config\Cache), false)
 2 SYSTEMPATH\Config\BaseService.php(193): CodeIgniter\Config\BaseService::__callStatic('cache', [...])
 3 SYSTEMPATH\Config\Services.php(110): CodeIgniter\Config\BaseService::getSharedInstance('cache', null)
 4 SYSTEMPATH\Config\BaseService.php(252): CodeIgniter\Config\Services::cache()
 5 SYSTEMPATH\Common.php(73): CodeIgniter\Config\BaseService::__callStatic('cache', [])
 6 SYSTEMPATH\CodeIgniter.php(696): cache()
 7 SYSTEMPATH\CodeIgniter.php(355): CodeIgniter\CodeIgniter->displayCache(Object(Config\Cache))
 8 FCPATH\index.php(67): CodeIgniter\CodeIgniter->run()
CRITICAL - 2024-12-29 07:04:12 --> Class "CodeIgniter\Cache\CacheFactory" not found
in SYSTEMPATH\Config\Services.php on line 115.
 1 SYSTEMPATH\Config\BaseService.php(252): CodeIgniter\Config\Services::cache(Object(Config\Cache), false)
 2 SYSTEMPATH\Config\BaseService.php(193): CodeIgniter\Config\BaseService::__callStatic('cache', [...])
 3 SYSTEMPATH\Config\Services.php(110): CodeIgniter\Config\BaseService::getSharedInstance('cache', null)
 4 SYSTEMPATH\Config\BaseService.php(252): CodeIgniter\Config\Services::cache()
 5 SYSTEMPATH\Common.php(73): CodeIgniter\Config\BaseService::__callStatic('cache', [])
 6 SYSTEMPATH\CodeIgniter.php(696): cache()
 7 SYSTEMPATH\CodeIgniter.php(355): CodeIgniter\CodeIgniter->displayCache(Object(Config\Cache))
 8 FCPATH\index.php(67): CodeIgniter\CodeIgniter->run()
CRITICAL - 2024-12-29 07:04:13 --> Class "CodeIgniter\Cache\CacheFactory" not found
in SYSTEMPATH\Config\Services.php on line 115.
 1 SYSTEMPATH\Config\BaseService.php(252): CodeIgniter\Config\Services::cache(Object(Config\Cache), false)
 2 SYSTEMPATH\Config\BaseService.php(193): CodeIgniter\Config\BaseService::__callStatic('cache', [...])
 3 SYSTEMPATH\Config\Services.php(110): CodeIgniter\Config\BaseService::getSharedInstance('cache', null)
 4 SYSTEMPATH\Config\BaseService.php(252): CodeIgniter\Config\Services::cache()
 5 SYSTEMPATH\Common.php(73): CodeIgniter\Config\BaseService::__callStatic('cache', [])
 6 SYSTEMPATH\CodeIgniter.php(696): cache()
 7 SYSTEMPATH\CodeIgniter.php(355): CodeIgniter\CodeIgniter->displayCache(Object(Config\Cache))
 8 FCPATH\index.php(67): CodeIgniter\CodeIgniter->run()
CRITICAL - 2024-12-29 07:04:15 --> Class "CodeIgniter\Cache\CacheFactory" not found
in SYSTEMPATH\Config\Services.php on line 115.
 1 SYSTEMPATH\Config\BaseService.php(252): CodeIgniter\Config\Services::cache(Object(Config\Cache), false)
 2 SYSTEMPATH\Config\BaseService.php(193): CodeIgniter\Config\BaseService::__callStatic('cache', [...])
 3 SYSTEMPATH\Config\Services.php(110): CodeIgniter\Config\BaseService::getSharedInstance('cache', null)
 4 SYSTEMPATH\Config\BaseService.php(252): CodeIgniter\Config\Services::cache()
 5 SYSTEMPATH\Common.php(73): CodeIgniter\Config\BaseService::__callStatic('cache', [])
 6 SYSTEMPATH\CodeIgniter.php(696): cache()
 7 SYSTEMPATH\CodeIgniter.php(355): CodeIgniter\CodeIgniter->displayCache(Object(Config\Cache))
 8 FCPATH\index.php(67): CodeIgniter\CodeIgniter->run()
CRITICAL - 2024-12-29 07:04:21 --> Class "CodeIgniter\Cache\CacheFactory" not found
in SYSTEMPATH\Config\Services.php on line 115.
 1 SYSTEMPATH\Config\BaseService.php(252): CodeIgniter\Config\Services::cache(Object(Config\Cache), false)
 2 SYSTEMPATH\Config\BaseService.php(193): CodeIgniter\Config\BaseService::__callStatic('cache', [...])
 3 SYSTEMPATH\Config\Services.php(110): CodeIgniter\Config\BaseService::getSharedInstance('cache', null)
 4 SYSTEMPATH\Config\BaseService.php(252): CodeIgniter\Config\Services::cache()
 5 SYSTEMPATH\Common.php(73): CodeIgniter\Config\BaseService::__callStatic('cache', [])
 6 SYSTEMPATH\CodeIgniter.php(696): cache()
 7 SYSTEMPATH\CodeIgniter.php(355): CodeIgniter\CodeIgniter->displayCache(Object(Config\Cache))
 8 FCPATH\index.php(67): CodeIgniter\CodeIgniter->run()
CRITICAL - 2024-12-29 07:25:42 --> Cannot modify header information - headers already sent by (output started at C:\xampp\htdocs\concept_admin\app\Config\Events.php:32)
in APPPATH\Filters\CorsFilter.php on line 39.
 1 [internal function]: CodeIgniter\Debug\Exceptions->errorHandler(2, 'Cannot modify header information - headers already sent by (output started at C:\\xampp\\htdocs\\concept_admin\\app\\Config\\Events.php:32)', 'APPPATH\\Filters\\CorsFilter.php', 39)
 2 APPPATH\Filters\CorsFilter.php(39): header('Access-Control-Allow-Origin: http://127.0.0.1:5500')
 3 SYSTEMPATH\Filters\Filters.php(173): App\Filters\CorsFilter->before(Object(CodeIgniter\HTTP\IncomingRequest), null)
 4 SYSTEMPATH\CodeIgniter.php(473): CodeIgniter\Filters\Filters->run('website_management/add_review', 'before')
 5 SYSTEMPATH\CodeIgniter.php(368): CodeIgniter\CodeIgniter->handleRequest(null, Object(Config\Cache), false)
 6 FCPATH\index.php(67): CodeIgniter\CodeIgniter->run()
CRITICAL - 2024-12-29 07:52:18 --> The action you requested is not allowed.
in SYSTEMPATH\Security\Security.php on line 306.
 1 SYSTEMPATH\Security\Security.php(306): CodeIgniter\Security\Exceptions\SecurityException::forDisallowedAction()
 2 SYSTEMPATH\Filters\CSRF.php(55): CodeIgniter\Security\Security->verify(Object(CodeIgniter\HTTP\IncomingRequest))
 3 SYSTEMPATH\Filters\Filters.php(173): CodeIgniter\Filters\CSRF->before(Object(CodeIgniter\HTTP\IncomingRequest), null)
 4 SYSTEMPATH\CodeIgniter.php(473): CodeIgniter\Filters\Filters->run('website_management/submit-testimonial', 'before')
 5 SYSTEMPATH\CodeIgniter.php(368): CodeIgniter\CodeIgniter->handleRequest(null, Object(Config\Cache), false)
 6 FCPATH\index.php(67): CodeIgniter\CodeIgniter->run()
