CRITICAL - 2023-09-02 06:18:17 --> Invalid file: "student_master/student_fees_details.php"
in SYSTEMPATH\Exceptions\FrameworkException.php on line 33.
 1 SYSTEMPATH\View\View.php(201): CodeIgniter\Exceptions\FrameworkException::forInvalidFile('student_master/student_fees_details.php')
 2 SYSTEMPATH\Common.php(1184): CodeIgniter\View\View->render('student_master/student_fees_details', [], true)
 3 APPPATH\Controllers\Student_master.php(223): view('student_master/student_fees_details', [...])
 4 SYSTEMPATH\CodeIgniter.php(934): App\Controllers\Student_master->student_fees_details('197', 'view')
 5 SYSTEMPATH\CodeIgniter.php(499): CodeIgniter\CodeIgniter->runController(Object(App\Controllers\Student_master))
 6 SYSTEMPATH\CodeIgniter.php(368): CodeIgniter\CodeIgniter->handleRequest(null, Object(Config\Cache), false)
 7 FCPATH\index.php(67): CodeIgniter\CodeIgniter->run()
CRITICAL - 2023-09-02 06:48:41 --> Undefined variable $data_count
in APPPATH\Views\student_master\student_fees_details.php on line 93.
 1 APPPATH\Views\student_master\student_fees_details.php(93): CodeIgniter\Debug\Exceptions->errorHandler(2, 'Undefined variable $data_count', 'APPPATH\\Views\\student_master\\student_fees_details.php', 93)
 2 SYSTEMPATH\View\View.php(213): include('APPPATH\\Views\\student_master\\student_fees_details.php')
 3 SYSTEMPATH\View\View.php(216): CodeIgniter\View\View->CodeIgniter\View\{closure}()
 4 SYSTEMPATH\Common.php(1184): CodeIgniter\View\View->render('student_master/student_fees_details', [], true)
 5 APPPATH\Controllers\Student_master.php(223): view('student_master/student_fees_details', [...])
 6 SYSTEMPATH\CodeIgniter.php(934): App\Controllers\Student_master->student_fees_details('197', 'view')
 7 SYSTEMPATH\CodeIgniter.php(499): CodeIgniter\CodeIgniter->runController(Object(App\Controllers\Student_master))
 8 SYSTEMPATH\CodeIgniter.php(368): CodeIgniter\CodeIgniter->handleRequest(null, Object(Config\Cache), false)
 9 FCPATH\index.php(67): CodeIgniter\CodeIgniter->run()
CRITICAL - 2023-09-02 06:48:54 --> Undefined variable $invoice_data
in APPPATH\Views\student_master\student_fees_details.php on line 96.
 1 APPPATH\Views\student_master\student_fees_details.php(96): CodeIgniter\Debug\Exceptions->errorHandler(2, 'Undefined variable $invoice_data', 'APPPATH\\Views\\student_master\\student_fees_details.php', 96)
 2 SYSTEMPATH\View\View.php(213): include('APPPATH\\Views\\student_master\\student_fees_details.php')
 3 SYSTEMPATH\View\View.php(216): CodeIgniter\View\View->CodeIgniter\View\{closure}()
 4 SYSTEMPATH\Common.php(1184): CodeIgniter\View\View->render('student_master/student_fees_details', [], true)
 5 APPPATH\Controllers\Student_master.php(223): view('student_master/student_fees_details', [...])
 6 SYSTEMPATH\CodeIgniter.php(934): App\Controllers\Student_master->student_fees_details('197', 'view')
 7 SYSTEMPATH\CodeIgniter.php(499): CodeIgniter\CodeIgniter->runController(Object(App\Controllers\Student_master))
 8 SYSTEMPATH\CodeIgniter.php(368): CodeIgniter\CodeIgniter->handleRequest(null, Object(Config\Cache), false)
 9 FCPATH\index.php(67): CodeIgniter\CodeIgniter->run()
CRITICAL - 2023-09-02 07:13:23 --> Undefined variable $filename
in APPPATH\Controllers\Student_master.php on line 207.
 1 APPPATH\Controllers\Student_master.php(207): CodeIgniter\Debug\Exceptions->errorHandler(2, 'Undefined variable $filename', 'APPPATH\\Controllers\\Student_master.php', 207)
 2 SYSTEMPATH\CodeIgniter.php(934): App\Controllers\Student_master->student_fees_details('7860', 'view')
 3 SYSTEMPATH\CodeIgniter.php(499): CodeIgniter\CodeIgniter->runController(Object(App\Controllers\Student_master))
 4 SYSTEMPATH\CodeIgniter.php(368): CodeIgniter\CodeIgniter->handleRequest(null, Object(Config\Cache), false)
 5 FCPATH\index.php(67): CodeIgniter\CodeIgniter->run()
CRITICAL - 2023-09-02 07:19:14 --> Allowed memory size of 1038090240 bytes exhausted (tried to allocate 655360 bytes)
in FCPATH\vendor\dompdf\dompdf\src\Cellmap.php on line 630.
 1 [internal function]: CodeIgniter\Debug\Exceptions->shutdownHandler()
CRITICAL - 2023-09-02 07:20:37 --> Allowed memory size of 1038090240 bytes exhausted (tried to allocate 655360 bytes)
in FCPATH\vendor\dompdf\dompdf\src\Cellmap.php on line 630.
 1 [internal function]: CodeIgniter\Debug\Exceptions->shutdownHandler()
CRITICAL - 2023-09-02 07:23:28 --> Allowed memory size of 1038090240 bytes exhausted (tried to allocate 655360 bytes)
in FCPATH\vendor\dompdf\dompdf\src\Cellmap.php on line 630.
 1 [internal function]: CodeIgniter\Debug\Exceptions->shutdownHandler()
CRITICAL - 2023-09-02 07:30:47 --> Allowed memory size of 1038090240 bytes exhausted (tried to allocate 655360 bytes)
in FCPATH\vendor\dompdf\dompdf\src\Cellmap.php on line 630.
 1 [internal function]: CodeIgniter\Debug\Exceptions->shutdownHandler()
CRITICAL - 2023-09-02 08:55:12 --> Undefined array key "amount"
in APPPATH\Views\student_master\student_fees_details.php on line 130.
 1 APPPATH\Views\student_master\student_fees_details.php(130): CodeIgniter\Debug\Exceptions->errorHandler(2, 'Undefined array key "amount"', 'APPPATH\\Views\\student_master\\student_fees_details.php', 130)
 2 SYSTEMPATH\View\View.php(213): include('APPPATH\\Views\\student_master\\student_fees_details.php')
 3 SYSTEMPATH\View\View.php(216): CodeIgniter\View\View->CodeIgniter\View\{closure}()
 4 SYSTEMPATH\Common.php(1184): CodeIgniter\View\View->render('student_master/student_fees_details', [], true)
 5 APPPATH\Controllers\Student_master.php(228): view('student_master/student_fees_details', [...])
 6 SYSTEMPATH\CodeIgniter.php(934): App\Controllers\Student_master->student_fees_details('7860', 'view')
 7 SYSTEMPATH\CodeIgniter.php(499): CodeIgniter\CodeIgniter->runController(Object(App\Controllers\Student_master))
 8 SYSTEMPATH\CodeIgniter.php(368): CodeIgniter\CodeIgniter->handleRequest(null, Object(Config\Cache), false)
 9 FCPATH\index.php(67): CodeIgniter\CodeIgniter->run()
