CRITICAL - 2023-06-12 04:35:44 --> Invalid file: "crm/work_updates.php"
in SYSTEMPATH\Exceptions\FrameworkException.php on line 33.
 1 SYSTEMPATH\View\View.php(201): CodeIgniter\Exceptions\FrameworkException::forInvalidFile('crm/work_updates.php')
 2 SYSTEMPATH\Common.php(1184): CodeIgniter\View\View->render('crm/work_updates', [], true)
 3 APPPATH\Controllers\Work_updates.php(147): view('crm/work_updates')
 4 SYSTEMPATH\CodeIgniter.php(934): App\Controllers\Work_updates->index()
 5 SYSTEMPATH\CodeIgniter.php(499): CodeIgniter\CodeIgniter->runController(Object(App\Controllers\Work_updates))
 6 SYSTEMPATH\CodeIgniter.php(368): CodeIgniter\CodeIgniter->handleRequest(null, Object(Config\Cache), false)
 7 FCPATH\index.php(67): CodeIgniter\CodeIgniter->run()
CRITICAL - 2023-06-12 04:45:05 --> Invalid file: "crm/crm.php"
in SYSTEMPATH\Exceptions\FrameworkException.php on line 33.
 1 SYSTEMPATH\View\View.php(201): CodeIgniter\Exceptions\FrameworkException::forInvalidFile('crm/crm.php')
 2 SYSTEMPATH\Common.php(1184): CodeIgniter\View\View->render('crm/crm', [], true)
 3 APPPATH\Controllers\Crm.php(459): view('crm/crm', [...])
 4 SYSTEMPATH\CodeIgniter.php(934): App\Controllers\Crm->index()
 5 SYSTEMPATH\CodeIgniter.php(499): CodeIgniter\CodeIgniter->runController(Object(App\Controllers\Crm))
 6 SYSTEMPATH\CodeIgniter.php(368): CodeIgniter\CodeIgniter->handleRequest(null, Object(Config\Cache), false)
 7 FCPATH\index.php(67): CodeIgniter\CodeIgniter->run()
CRITICAL - 2023-06-12 04:50:09 --> Undefined variable $customer_data
in APPPATH\Views\crm\crm.php on line 123.
 1 APPPATH\Views\crm\crm.php(123): CodeIgniter\Debug\Exceptions->errorHandler(2, 'Undefined variable $customer_data', 'APPPATH\\Views\\crm\\crm.php', 123)
 2 SYSTEMPATH\View\View.php(213): include('APPPATH\\Views\\crm\\crm.php')
 3 SYSTEMPATH\View\View.php(216): CodeIgniter\View\View->CodeIgniter\View\{closure}()
 4 SYSTEMPATH\Common.php(1184): CodeIgniter\View\View->render('crm/crm', [], true)
 5 APPPATH\Controllers\Crm.php(60): view('crm/crm', [...])
 6 SYSTEMPATH\CodeIgniter.php(934): App\Controllers\Crm->index()
 7 SYSTEMPATH\CodeIgniter.php(499): CodeIgniter\CodeIgniter->runController(Object(App\Controllers\Crm))
 8 SYSTEMPATH\CodeIgniter.php(368): CodeIgniter\CodeIgniter->handleRequest(null, Object(Config\Cache), false)
 9 FCPATH\index.php(67): CodeIgniter\CodeIgniter->run()
CRITICAL - 2023-06-12 08:29:34 --> Undefined variable $c_set
in APPPATH\Views\website_management\website_management.php on line 50.
 1 APPPATH\Views\website_management\website_management.php(50): CodeIgniter\Debug\Exceptions->errorHandler(2, 'Undefined variable $c_set', 'APPPATH\\Views\\website_management\\website_management.php', 50)
 2 SYSTEMPATH\View\View.php(213): include('APPPATH\\Views\\website_management\\website_management.php')
 3 SYSTEMPATH\View\View.php(216): CodeIgniter\View\View->CodeIgniter\View\{closure}()
 4 SYSTEMPATH\Common.php(1184): CodeIgniter\View\View->render('website_management/website_management', [], true)
 5 APPPATH\Controllers\Website_management.php(60): view('website_management/website_management', [...])
 6 SYSTEMPATH\CodeIgniter.php(934): App\Controllers\Website_management->index()
 7 SYSTEMPATH\CodeIgniter.php(499): CodeIgniter\CodeIgniter->runController(Object(App\Controllers\Website_management))
 8 SYSTEMPATH\CodeIgniter.php(368): CodeIgniter\CodeIgniter->handleRequest(null, Object(Config\Cache), false)
 9 FCPATH\index.php(67): CodeIgniter\CodeIgniter->run()
CRITICAL - 2023-06-12 08:30:52 --> Invalid file: "settings/website_sidebar.php"
in SYSTEMPATH\Exceptions\FrameworkException.php on line 33.
 1 SYSTEMPATH\View\View.php(201): CodeIgniter\Exceptions\FrameworkException::forInvalidFile('settings/website_sidebar.php')
 2 SYSTEMPATH\Common.php(1184): CodeIgniter\View\View->render('settings/website_sidebar', [], true)
 3 APPPATH\Views\website_management\website_management.php(40): view('settings/website_sidebar')
 4 SYSTEMPATH\View\View.php(213): include('APPPATH\\Views\\website_management\\website_management.php')
 5 SYSTEMPATH\View\View.php(216): CodeIgniter\View\View->CodeIgniter\View\{closure}()
 6 SYSTEMPATH\Common.php(1184): CodeIgniter\View\View->render('website_management/website_management', [], true)
 7 APPPATH\Controllers\Website_management.php(60): view('website_management/website_management', [...])
 8 SYSTEMPATH\CodeIgniter.php(934): App\Controllers\Website_management->index()
 9 SYSTEMPATH\CodeIgniter.php(499): CodeIgniter\CodeIgniter->runController(Object(App\Controllers\Website_management))
10 SYSTEMPATH\CodeIgniter.php(368): CodeIgniter\CodeIgniter->handleRequest(null, Object(Config\Cache), false)
11 FCPATH\index.php(67): CodeIgniter\CodeIgniter->run()
CRITICAL - 2023-06-12 10:18:59 --> Undefined variable $EnquiriesModel
in APPPATH\Controllers\Website_management.php on line 64.
 1 APPPATH\Controllers\Website_management.php(64): CodeIgniter\Debug\Exceptions->errorHandler(2, 'Undefined variable $EnquiriesModel', 'APPPATH\\Controllers\\Website_management.php', 64)
 2 SYSTEMPATH\CodeIgniter.php(934): App\Controllers\Website_management->enquiries()
 3 SYSTEMPATH\CodeIgniter.php(499): CodeIgniter\CodeIgniter->runController(Object(App\Controllers\Website_management))
 4 SYSTEMPATH\CodeIgniter.php(368): CodeIgniter\CodeIgniter->handleRequest(null, Object(Config\Cache), false)
 5 FCPATH\index.php(67): CodeIgniter\CodeIgniter->run()
CRITICAL - 2023-06-12 10:29:40 --> syntax error, unexpected end of file, expecting "elseif" or "else" or "endif"
in APPPATH\Views\website_management\website_sidebar.php on line 58.
 1 SYSTEMPATH\View\View.php(216): CodeIgniter\View\View->CodeIgniter\View\{closure}()
 2 SYSTEMPATH\Common.php(1184): CodeIgniter\View\View->render('website_management/website_sidebar', [], true)
 3 APPPATH\Views\website_management\website_management.php(40): view('website_management/website_sidebar')
 4 SYSTEMPATH\View\View.php(213): include('APPPATH\\Views\\website_management\\website_management.php')
 5 SYSTEMPATH\View\View.php(216): CodeIgniter\View\View->CodeIgniter\View\{closure}()
 6 SYSTEMPATH\Common.php(1184): CodeIgniter\View\View->render('website_management/website_management', [], true)
 7 APPPATH\Controllers\Website_management.php(32): view('website_management/website_management', [...])
 8 SYSTEMPATH\CodeIgniter.php(934): App\Controllers\Website_management->index()
 9 SYSTEMPATH\CodeIgniter.php(499): CodeIgniter\CodeIgniter->runController(Object(App\Controllers\Website_management))
10 SYSTEMPATH\CodeIgniter.php(368): CodeIgniter\CodeIgniter->handleRequest(null, Object(Config\Cache), false)
11 FCPATH\index.php(67): CodeIgniter\CodeIgniter->run()
CRITICAL - 2023-06-12 10:30:13 --> syntax error, unexpected token "echo"
in APPPATH\Views\website_management\website_sidebar.php on line 12.
 1 SYSTEMPATH\View\View.php(216): CodeIgniter\View\View->CodeIgniter\View\{closure}()
 2 SYSTEMPATH\Common.php(1184): CodeIgniter\View\View->render('website_management/website_sidebar', [], true)
 3 APPPATH\Views\website_management\website_management.php(40): view('website_management/website_sidebar')
 4 SYSTEMPATH\View\View.php(213): include('APPPATH\\Views\\website_management\\website_management.php')
 5 SYSTEMPATH\View\View.php(216): CodeIgniter\View\View->CodeIgniter\View\{closure}()
 6 SYSTEMPATH\Common.php(1184): CodeIgniter\View\View->render('website_management/website_management', [], true)
 7 APPPATH\Controllers\Website_management.php(32): view('website_management/website_management', [...])
 8 SYSTEMPATH\CodeIgniter.php(934): App\Controllers\Website_management->index()
 9 SYSTEMPATH\CodeIgniter.php(499): CodeIgniter\CodeIgniter->runController(Object(App\Controllers\Website_management))
10 SYSTEMPATH\CodeIgniter.php(368): CodeIgniter\CodeIgniter->handleRequest(null, Object(Config\Cache), false)
11 FCPATH\index.php(67): CodeIgniter\CodeIgniter->run()
CRITICAL - 2023-06-12 10:30:29 --> syntax error, unexpected token ":"
in APPPATH\Views\website_management\website_sidebar.php on line 12.
 1 SYSTEMPATH\View\View.php(216): CodeIgniter\View\View->CodeIgniter\View\{closure}()
 2 SYSTEMPATH\Common.php(1184): CodeIgniter\View\View->render('website_management/website_sidebar', [], true)
 3 APPPATH\Views\website_management\website_management.php(40): view('website_management/website_sidebar')
 4 SYSTEMPATH\View\View.php(213): include('APPPATH\\Views\\website_management\\website_management.php')
 5 SYSTEMPATH\View\View.php(216): CodeIgniter\View\View->CodeIgniter\View\{closure}()
 6 SYSTEMPATH\Common.php(1184): CodeIgniter\View\View->render('website_management/website_management', [], true)
 7 APPPATH\Controllers\Website_management.php(32): view('website_management/website_management', [...])
 8 SYSTEMPATH\CodeIgniter.php(934): App\Controllers\Website_management->index()
 9 SYSTEMPATH\CodeIgniter.php(499): CodeIgniter\CodeIgniter->runController(Object(App\Controllers\Website_management))
10 SYSTEMPATH\CodeIgniter.php(368): CodeIgniter\CodeIgniter->handleRequest(null, Object(Config\Cache), false)
11 FCPATH\index.php(67): CodeIgniter\CodeIgniter->run()
CRITICAL - 2023-06-12 10:30:38 --> syntax error, unexpected token "echo"
in APPPATH\Views\website_management\website_sidebar.php on line 12.
 1 SYSTEMPATH\View\View.php(216): CodeIgniter\View\View->CodeIgniter\View\{closure}()
 2 SYSTEMPATH\Common.php(1184): CodeIgniter\View\View->render('website_management/website_sidebar', [], true)
 3 APPPATH\Views\website_management\website_management.php(40): view('website_management/website_sidebar')
 4 SYSTEMPATH\View\View.php(213): include('APPPATH\\Views\\website_management\\website_management.php')
 5 SYSTEMPATH\View\View.php(216): CodeIgniter\View\View->CodeIgniter\View\{closure}()
 6 SYSTEMPATH\Common.php(1184): CodeIgniter\View\View->render('website_management/website_management', [], true)
 7 APPPATH\Controllers\Website_management.php(32): view('website_management/website_management', [...])
 8 SYSTEMPATH\CodeIgniter.php(934): App\Controllers\Website_management->index()
 9 SYSTEMPATH\CodeIgniter.php(499): CodeIgniter\CodeIgniter->runController(Object(App\Controllers\Website_management))
10 SYSTEMPATH\CodeIgniter.php(368): CodeIgniter\CodeIgniter->handleRequest(null, Object(Config\Cache), false)
11 FCPATH\index.php(67): CodeIgniter\CodeIgniter->run()
CRITICAL - 2023-06-12 10:31:49 --> syntax error, unexpected token ";"
in APPPATH\Views\website_management\website_sidebar.php on line 12.
 1 SYSTEMPATH\View\View.php(216): CodeIgniter\View\View->CodeIgniter\View\{closure}()
 2 SYSTEMPATH\Common.php(1184): CodeIgniter\View\View->render('website_management/website_sidebar', [], true)
 3 APPPATH\Views\website_management\website_management.php(40): view('website_management/website_sidebar')
 4 SYSTEMPATH\View\View.php(213): include('APPPATH\\Views\\website_management\\website_management.php')
 5 SYSTEMPATH\View\View.php(216): CodeIgniter\View\View->CodeIgniter\View\{closure}()
 6 SYSTEMPATH\Common.php(1184): CodeIgniter\View\View->render('website_management/website_management', [], true)
 7 APPPATH\Controllers\Website_management.php(32): view('website_management/website_management', [...])
 8 SYSTEMPATH\CodeIgniter.php(934): App\Controllers\Website_management->index()
 9 SYSTEMPATH\CodeIgniter.php(499): CodeIgniter\CodeIgniter->runController(Object(App\Controllers\Website_management))
10 SYSTEMPATH\CodeIgniter.php(368): CodeIgniter\CodeIgniter->handleRequest(null, Object(Config\Cache), false)
11 FCPATH\index.php(67): CodeIgniter\CodeIgniter->run()
CRITICAL - 2023-06-12 10:32:25 --> syntax error, unexpected token ";"
in APPPATH\Views\website_management\website_sidebar.php on line 12.
 1 SYSTEMPATH\View\View.php(216): CodeIgniter\View\View->CodeIgniter\View\{closure}()
 2 SYSTEMPATH\Common.php(1184): CodeIgniter\View\View->render('website_management/website_sidebar', [], true)
 3 APPPATH\Views\website_management\website_management.php(40): view('website_management/website_sidebar')
 4 SYSTEMPATH\View\View.php(213): include('APPPATH\\Views\\website_management\\website_management.php')
 5 SYSTEMPATH\View\View.php(216): CodeIgniter\View\View->CodeIgniter\View\{closure}()
 6 SYSTEMPATH\Common.php(1184): CodeIgniter\View\View->render('website_management/website_management', [], true)
 7 APPPATH\Controllers\Website_management.php(32): view('website_management/website_management', [...])
 8 SYSTEMPATH\CodeIgniter.php(934): App\Controllers\Website_management->index()
 9 SYSTEMPATH\CodeIgniter.php(499): CodeIgniter\CodeIgniter->runController(Object(App\Controllers\Website_management))
10 SYSTEMPATH\CodeIgniter.php(368): CodeIgniter\CodeIgniter->handleRequest(null, Object(Config\Cache), false)
11 FCPATH\index.php(67): CodeIgniter\CodeIgniter->run()
CRITICAL - 2023-06-12 11:07:30 --> Undefined variable $customer_data
in APPPATH\Views\website_management\enquiries.php on line 113.
 1 APPPATH\Views\website_management\enquiries.php(113): CodeIgniter\Debug\Exceptions->errorHandler(2, 'Undefined variable $customer_data', 'APPPATH\\Views\\website_management\\enquiries.php', 113)
 2 SYSTEMPATH\View\View.php(213): include('APPPATH\\Views\\website_management\\enquiries.php')
 3 SYSTEMPATH\View\View.php(216): CodeIgniter\View\View->CodeIgniter\View\{closure}()
 4 SYSTEMPATH\Common.php(1184): CodeIgniter\View\View->render('website_management/enquiries', [], true)
 5 APPPATH\Controllers\Website_management.php(63): view('website_management/enquiries', [...])
 6 SYSTEMPATH\CodeIgniter.php(934): App\Controllers\Website_management->enquiries()
 7 SYSTEMPATH\CodeIgniter.php(499): CodeIgniter\CodeIgniter->runController(Object(App\Controllers\Website_management))
 8 SYSTEMPATH\CodeIgniter.php(368): CodeIgniter\CodeIgniter->handleRequest(null, Object(Config\Cache), false)
 9 FCPATH\index.php(67): CodeIgniter\CodeIgniter->run()
CRITICAL - 2023-06-12 11:17:28 --> Undefined array key "date"
in APPPATH\Views\website_management\enquiries.php on line 113.
 1 APPPATH\Views\website_management\enquiries.php(113): CodeIgniter\Debug\Exceptions->errorHandler(2, 'Undefined array key "date"', 'APPPATH\\Views\\website_management\\enquiries.php', 113)
 2 SYSTEMPATH\View\View.php(213): include('APPPATH\\Views\\website_management\\enquiries.php')
 3 SYSTEMPATH\View\View.php(216): CodeIgniter\View\View->CodeIgniter\View\{closure}()
 4 SYSTEMPATH\Common.php(1184): CodeIgniter\View\View->render('website_management/enquiries', [], true)
 5 APPPATH\Controllers\Website_management.php(63): view('website_management/enquiries', [...])
 6 SYSTEMPATH\CodeIgniter.php(934): App\Controllers\Website_management->enquiries()
 7 SYSTEMPATH\CodeIgniter.php(499): CodeIgniter\CodeIgniter->runController(Object(App\Controllers\Website_management))
 8 SYSTEMPATH\CodeIgniter.php(368): CodeIgniter\CodeIgniter->handleRequest(null, Object(Config\Cache), false)
 9 FCPATH\index.php(67): CodeIgniter\CodeIgniter->run()
CRITICAL - 2023-06-12 11:21:13 --> Trying to access array offset on value of type null
in APPPATH\Helpers\apanel_helper.php on line 4379.
 1 APPPATH\Helpers\apanel_helper.php(4379): CodeIgniter\Debug\Exceptions->errorHandler(2, 'Trying to access array offset on value of type null', 'APPPATH\\Helpers\\apanel_helper.php', 4379)
 2 APPPATH\Helpers\apanel_helper.php(4360): company('1')
 3 APPPATH\Views\website_management\enquiries.php(48): now_time('1')
 4 SYSTEMPATH\View\View.php(213): include('APPPATH\\Views\\website_management\\enquiries.php')
 5 SYSTEMPATH\View\View.php(216): CodeIgniter\View\View->CodeIgniter\View\{closure}()
 6 SYSTEMPATH\Common.php(1184): CodeIgniter\View\View->render('website_management/enquiries', [], true)
 7 APPPATH\Controllers\Website_management.php(63): view('website_management/enquiries', [...])
 8 SYSTEMPATH\CodeIgniter.php(934): App\Controllers\Website_management->enquiries()
 9 SYSTEMPATH\CodeIgniter.php(499): CodeIgniter\CodeIgniter->runController(Object(App\Controllers\Website_management))
10 SYSTEMPATH\CodeIgniter.php(368): CodeIgniter\CodeIgniter->handleRequest(null, Object(Config\Cache), false)
11 FCPATH\index.php(67): CodeIgniter\CodeIgniter->run()
CRITICAL - 2023-06-12 11:22:56 --> Trying to access array offset on value of type null
in APPPATH\Helpers\apanel_helper.php on line 4379.
 1 APPPATH\Helpers\apanel_helper.php(4379): CodeIgniter\Debug\Exceptions->errorHandler(2, 'Trying to access array offset on value of type null', 'APPPATH\\Helpers\\apanel_helper.php', 4379)
 2 APPPATH\Helpers\apanel_helper.php(4360): company('1')
 3 APPPATH\Views\website_management\enquiries.php(48): now_time('1')
 4 SYSTEMPATH\View\View.php(213): include('APPPATH\\Views\\website_management\\enquiries.php')
 5 SYSTEMPATH\View\View.php(216): CodeIgniter\View\View->CodeIgniter\View\{closure}()
 6 SYSTEMPATH\Common.php(1184): CodeIgniter\View\View->render('website_management/enquiries', [], true)
 7 APPPATH\Controllers\Website_management.php(63): view('website_management/enquiries', [...])
 8 SYSTEMPATH\CodeIgniter.php(934): App\Controllers\Website_management->enquiries()
 9 SYSTEMPATH\CodeIgniter.php(499): CodeIgniter\CodeIgniter->runController(Object(App\Controllers\Website_management))
10 SYSTEMPATH\CodeIgniter.php(368): CodeIgniter\CodeIgniter->handleRequest(null, Object(Config\Cache), false)
11 FCPATH\index.php(67): CodeIgniter\CodeIgniter->run()
CRITICAL - 2023-06-12 11:23:31 --> Trying to access array offset on value of type null
in APPPATH\Helpers\apanel_helper.php on line 4379.
 1 APPPATH\Helpers\apanel_helper.php(4379): CodeIgniter\Debug\Exceptions->errorHandler(2, 'Trying to access array offset on value of type null', 'APPPATH\\Helpers\\apanel_helper.php', 4379)
 2 APPPATH\Helpers\apanel_helper.php(4360): company('1')
 3 APPPATH\Views\website_management\enquiries.php(48): now_time('1')
 4 SYSTEMPATH\View\View.php(213): include('APPPATH\\Views\\website_management\\enquiries.php')
 5 SYSTEMPATH\View\View.php(216): CodeIgniter\View\View->CodeIgniter\View\{closure}()
 6 SYSTEMPATH\Common.php(1184): CodeIgniter\View\View->render('website_management/enquiries', [], true)
 7 APPPATH\Controllers\Website_management.php(63): view('website_management/enquiries', [...])
 8 SYSTEMPATH\CodeIgniter.php(934): App\Controllers\Website_management->enquiries()
 9 SYSTEMPATH\CodeIgniter.php(499): CodeIgniter\CodeIgniter->runController(Object(App\Controllers\Website_management))
10 SYSTEMPATH\CodeIgniter.php(368): CodeIgniter\CodeIgniter->handleRequest(null, Object(Config\Cache), false)
11 FCPATH\index.php(67): CodeIgniter\CodeIgniter->run()
CRITICAL - 2023-06-12 11:26:36 --> Trying to access array offset on value of type null
in APPPATH\Helpers\apanel_helper.php on line 4379.
 1 APPPATH\Helpers\apanel_helper.php(4379): CodeIgniter\Debug\Exceptions->errorHandler(2, 'Trying to access array offset on value of type null', 'APPPATH\\Helpers\\apanel_helper.php', 4379)
 2 APPPATH\Helpers\apanel_helper.php(4360): company('1')
 3 APPPATH\Views\website_management\enquiries.php(48): now_time('1')
 4 SYSTEMPATH\View\View.php(213): include('APPPATH\\Views\\website_management\\enquiries.php')
 5 SYSTEMPATH\View\View.php(216): CodeIgniter\View\View->CodeIgniter\View\{closure}()
 6 SYSTEMPATH\Common.php(1184): CodeIgniter\View\View->render('website_management/enquiries', [], true)
 7 APPPATH\Controllers\Website_management.php(63): view('website_management/enquiries', [...])
 8 SYSTEMPATH\CodeIgniter.php(934): App\Controllers\Website_management->enquiries()
 9 SYSTEMPATH\CodeIgniter.php(499): CodeIgniter\CodeIgniter->runController(Object(App\Controllers\Website_management))
10 SYSTEMPATH\CodeIgniter.php(368): CodeIgniter\CodeIgniter->handleRequest(null, Object(Config\Cache), false)
11 FCPATH\index.php(67): CodeIgniter\CodeIgniter->run()
CRITICAL - 2023-06-12 11:34:57 --> Undefined variable $us
in APPPATH\Views\website_management\enquiries.php on line 118.
 1 APPPATH\Views\website_management\enquiries.php(118): CodeIgniter\Debug\Exceptions->errorHandler(2, 'Undefined variable $us', 'APPPATH\\Views\\website_management\\enquiries.php', 118)
 2 SYSTEMPATH\View\View.php(213): include('APPPATH\\Views\\website_management\\enquiries.php')
 3 SYSTEMPATH\View\View.php(216): CodeIgniter\View\View->CodeIgniter\View\{closure}()
 4 SYSTEMPATH\Common.php(1184): CodeIgniter\View\View->render('website_management/enquiries', [], true)
 5 APPPATH\Controllers\Website_management.php(63): view('website_management/enquiries', [...])
 6 SYSTEMPATH\CodeIgniter.php(934): App\Controllers\Website_management->enquiries()
 7 SYSTEMPATH\CodeIgniter.php(499): CodeIgniter\CodeIgniter->runController(Object(App\Controllers\Website_management))
 8 SYSTEMPATH\CodeIgniter.php(368): CodeIgniter\CodeIgniter->handleRequest(null, Object(Config\Cache), false)
 9 FCPATH\index.php(67): CodeIgniter\CodeIgniter->run()
