CRITICAL - 2023-07-08 09:05:51 --> Undefined property: App\Controllers\Testing::$user
in APPPATH\Controllers\Testing.php on line 56.
 1 APPPATH\Controllers\Testing.php(56): CodeIgniter\Debug\Exceptions->errorHandler(2, 'Undefined property: App\\Controllers\\Testing::$user', 'APPPATH\\Controllers\\Testing.php', 56)
 2 SYSTEMPATH\CodeIgniter.php(934): App\Controllers\Testing->send_sms_oman()
 3 SYSTEMPATH\CodeIgniter.php(499): CodeIgniter\CodeIgniter->runController(Object(App\Controllers\Testing))
 4 SYSTEMPATH\CodeIgniter.php(368): CodeIgniter\CodeIgniter->handleRequest(null, Object(Config\Cache), false)
 5 FCPATH\index.php(67): CodeIgniter\CodeIgniter->run()
CRITICAL - 2023-07-08 09:05:53 --> Undefined property: App\Controllers\Testing::$user
in APPPATH\Controllers\Testing.php on line 56.
 1 APPPATH\Controllers\Testing.php(56): CodeIgniter\Debug\Exceptions->errorHandler(2, 'Undefined property: App\\Controllers\\Testing::$user', 'APPPATH\\Controllers\\Testing.php', 56)
 2 SYSTEMPATH\CodeIgniter.php(934): App\Controllers\Testing->send_sms_oman()
 3 SYSTEMPATH\CodeIgniter.php(499): CodeIgniter\CodeIgniter->runController(Object(App\Controllers\Testing))
 4 SYSTEMPATH\CodeIgniter.php(368): CodeIgniter\CodeIgniter->handleRequest(null, Object(Config\Cache), false)
 5 FCPATH\index.php(67): CodeIgniter\CodeIgniter->run()
CRITICAL - 2023-07-08 09:09:46 --> Class "SoapClient" not found
in APPPATH\Helpers\apanel_helper.php on line 152.
 1 APPPATH\Controllers\Testing.php(56): send_sms_oman('Concept LLC', '79903941', 'Hello Suraj, Your OTP is: 12544 Thank you for picking the Concept Technologies LLC!', 1, '2023-07-08 09:09:46', 1, 'Concept')
 2 SYSTEMPATH\CodeIgniter.php(934): App\Controllers\Testing->send_sms_oman()
 3 SYSTEMPATH\CodeIgniter.php(499): CodeIgniter\CodeIgniter->runController(Object(App\Controllers\Testing))
 4 SYSTEMPATH\CodeIgniter.php(368): CodeIgniter\CodeIgniter->handleRequest(null, Object(Config\Cache), false)
 5 FCPATH\index.php(67): CodeIgniter\CodeIgniter->run()
CRITICAL - 2023-07-08 09:15:35 --> Class "SoapClient" not found
in APPPATH\Helpers\apanel_helper.php on line 152.
 1 APPPATH\Controllers\Testing.php(56): send_sms_oman('Concept LLC', '79903941', 'Hello Suraj, Your OTP is: 12544 Thank you for picking the Concept Technologies LLC!', 1, '2023-07-08 09:15:35', 1, 'Concept')
 2 SYSTEMPATH\CodeIgniter.php(934): App\Controllers\Testing->send_sms_oman()
 3 SYSTEMPATH\CodeIgniter.php(499): CodeIgniter\CodeIgniter->runController(Object(App\Controllers\Testing))
 4 SYSTEMPATH\CodeIgniter.php(368): CodeIgniter\CodeIgniter->handleRequest(null, Object(Config\Cache), false)
 5 FCPATH\index.php(67): CodeIgniter\CodeIgniter->run()
CRITICAL - 2023-07-08 09:25:05 --> Undefined array key 0
in APPPATH\Helpers\apanel_helper.php on line 448.
 1 APPPATH\Helpers\apanel_helper.php(448): CodeIgniter\Debug\Exceptions->errorHandler(2, 'Undefined array key 0', 'APPPATH\\Helpers\\apanel_helper.php', 448)
 2 APPPATH\Views\invoices\invoice_templates\invoice_show1.php(417): numberTowords('2.400', '1')
 3 SYSTEMPATH\View\View.php(213): include('APPPATH\\Views\\invoices\\invoice_templates\\invoice_show1.php')
 4 SYSTEMPATH\View\View.php(216): CodeIgniter\View\View->CodeIgniter\View\{closure}()
 5 SYSTEMPATH\Common.php(1184): CodeIgniter\View\View->render('invoices/invoice_templates/invoice_show1', [], true)
 6 APPPATH\Controllers\Invoices.php(440): view('invoices/invoice_templates/invoice_show1', [...])
 7 SYSTEMPATH\CodeIgniter.php(934): App\Controllers\Invoices->get_invoice_pdf('169', 'view')
 8 SYSTEMPATH\CodeIgniter.php(499): CodeIgniter\CodeIgniter->runController(Object(App\Controllers\Invoices))
 9 SYSTEMPATH\CodeIgniter.php(368): CodeIgniter\CodeIgniter->handleRequest(null, Object(Config\Cache), false)
10 FCPATH\index.php(67): CodeIgniter\CodeIgniter->run()
CRITICAL - 2023-07-08 10:00:18 --> number_format(): Argument #1 ($num) must be of type float, string given
in APPPATH\Controllers\Testing.php on line 54.
 1 APPPATH\Controllers\Testing.php(54): number_format('sss', 2)
 2 SYSTEMPATH\CodeIgniter.php(934): App\Controllers\Testing->send_sms_oman()
 3 SYSTEMPATH\CodeIgniter.php(499): CodeIgniter\CodeIgniter->runController(Object(App\Controllers\Testing))
 4 SYSTEMPATH\CodeIgniter.php(368): CodeIgniter\CodeIgniter->handleRequest(null, Object(Config\Cache), false)
 5 FCPATH\index.php(67): CodeIgniter\CodeIgniter->run()
CRITICAL - 2023-07-08 10:15:43 --> Undefined variable $text_Message
in APPPATH\Controllers\Testing.php on line 57.
 1 APPPATH\Controllers\Testing.php(57): CodeIgniter\Debug\Exceptions->errorHandler(2, 'Undefined variable $text_Message', 'APPPATH\\Controllers\\Testing.php', 57)
 2 SYSTEMPATH\CodeIgniter.php(934): App\Controllers\Testing->send_sms_oman()
 3 SYSTEMPATH\CodeIgniter.php(499): CodeIgniter\CodeIgniter->runController(Object(App\Controllers\Testing))
 4 SYSTEMPATH\CodeIgniter.php(368): CodeIgniter\CodeIgniter->handleRequest(null, Object(Config\Cache), false)
 5 FCPATH\index.php(67): CodeIgniter\CodeIgniter->run()
CRITICAL - 2023-07-08 10:16:07 --> Class "SoapClient" not found
in APPPATH\Controllers\Testing.php on line 60.
 1 SYSTEMPATH\CodeIgniter.php(934): App\Controllers\Testing->send_sms_oman()
 2 SYSTEMPATH\CodeIgniter.php(499): CodeIgniter\CodeIgniter->runController(Object(App\Controllers\Testing))
 3 SYSTEMPATH\CodeIgniter.php(368): CodeIgniter\CodeIgniter->handleRequest(null, Object(Config\Cache), false)
 4 FCPATH\index.php(67): CodeIgniter\CodeIgniter->run()
CRITICAL - 2023-07-08 10:21:10 --> syntax error, unexpected single-quoted string "&source=", expecting ")"
in APPPATH\Helpers\apanel_helper.php on line 151.
 1 SYSTEMPATH\Controller.php(85): helper([...])
 2 APPPATH\Controllers\BaseController.php(46): CodeIgniter\Controller->initController(Object(CodeIgniter\HTTP\IncomingRequest), Object(CodeIgniter\HTTP\Response), Object(CodeIgniter\Log\Logger))
 3 SYSTEMPATH\CodeIgniter.php(907): App\Controllers\BaseController->initController(Object(CodeIgniter\HTTP\IncomingRequest), Object(CodeIgniter\HTTP\Response), Object(CodeIgniter\Log\Logger))
 4 SYSTEMPATH\CodeIgniter.php(490): CodeIgniter\CodeIgniter->createController()
 5 SYSTEMPATH\CodeIgniter.php(368): CodeIgniter\CodeIgniter->handleRequest(null, Object(Config\Cache), false)
 6 FCPATH\index.php(67): CodeIgniter\CodeIgniter->run()
CRITICAL - 2023-07-08 10:21:51 --> syntax error, unexpected single-quoted string "&source=", expecting ")"
in APPPATH\Helpers\apanel_helper.php on line 151.
 1 SYSTEMPATH\Controller.php(85): helper([...])
 2 APPPATH\Controllers\BaseController.php(46): CodeIgniter\Controller->initController(Object(CodeIgniter\HTTP\IncomingRequest), Object(CodeIgniter\HTTP\Response), Object(CodeIgniter\Log\Logger))
 3 SYSTEMPATH\CodeIgniter.php(907): App\Controllers\BaseController->initController(Object(CodeIgniter\HTTP\IncomingRequest), Object(CodeIgniter\HTTP\Response), Object(CodeIgniter\Log\Logger))
 4 SYSTEMPATH\CodeIgniter.php(490): CodeIgniter\CodeIgniter->createController()
 5 SYSTEMPATH\CodeIgniter.php(368): CodeIgniter\CodeIgniter->handleRequest(null, Object(Config\Cache), false)
 6 FCPATH\index.php(67): CodeIgniter\CodeIgniter->run()
CRITICAL - 2023-07-08 10:22:25 --> syntax error, unexpected double-quoted string "&source=", expecting ")"
in APPPATH\Helpers\apanel_helper.php on line 151.
 1 SYSTEMPATH\Controller.php(85): helper([...])
 2 APPPATH\Controllers\BaseController.php(46): CodeIgniter\Controller->initController(Object(CodeIgniter\HTTP\IncomingRequest), Object(CodeIgniter\HTTP\Response), Object(CodeIgniter\Log\Logger))
 3 SYSTEMPATH\CodeIgniter.php(907): App\Controllers\BaseController->initController(Object(CodeIgniter\HTTP\IncomingRequest), Object(CodeIgniter\HTTP\Response), Object(CodeIgniter\Log\Logger))
 4 SYSTEMPATH\CodeIgniter.php(490): CodeIgniter\CodeIgniter->createController()
 5 SYSTEMPATH\CodeIgniter.php(368): CodeIgniter\CodeIgniter->handleRequest(null, Object(Config\Cache), false)
 6 FCPATH\index.php(67): CodeIgniter\CodeIgniter->run()
CRITICAL - 2023-07-08 10:22:42 --> Undefined variable $text_Message
in APPPATH\Controllers\Testing.php on line 57.
 1 APPPATH\Controllers\Testing.php(57): CodeIgniter\Debug\Exceptions->errorHandler(2, 'Undefined variable $text_Message', 'APPPATH\\Controllers\\Testing.php', 57)
 2 SYSTEMPATH\CodeIgniter.php(934): App\Controllers\Testing->send_sms_oman()
 3 SYSTEMPATH\CodeIgniter.php(499): CodeIgniter\CodeIgniter->runController(Object(App\Controllers\Testing))
 4 SYSTEMPATH\CodeIgniter.php(368): CodeIgniter\CodeIgniter->handleRequest(null, Object(Config\Cache), false)
 5 FCPATH\index.php(67): CodeIgniter\CodeIgniter->run()
CRITICAL - 2023-07-08 11:18:05 --> Undefined variable $respons
in APPPATH\Helpers\apanel_helper.php on line 164.
 1 APPPATH\Helpers\apanel_helper.php(164): CodeIgniter\Debug\Exceptions->errorHandler(2, 'Undefined variable $respons', 'APPPATH\\Helpers\\apanel_helper.php', 164)
 2 APPPATH\Controllers\Testing.php(58): send_sms_oman('ConceptTech', '79903941', 'hello', 1, '2023-07-08 11:18:04', 1, 'Concept')
 3 SYSTEMPATH\CodeIgniter.php(934): App\Controllers\Testing->send_sms_oman()
 4 SYSTEMPATH\CodeIgniter.php(499): CodeIgniter\CodeIgniter->runController(Object(App\Controllers\Testing))
 5 SYSTEMPATH\CodeIgniter.php(368): CodeIgniter\CodeIgniter->handleRequest(null, Object(Config\Cache), false)
 6 FCPATH\index.php(67): CodeIgniter\CodeIgniter->run()
CRITICAL - 2023-07-08 11:24:01 --> syntax error, unexpected single-quoted string "-", expecting ";"
in APPPATH\Helpers\apanel_helper.php on line 164.
 1 SYSTEMPATH\Controller.php(85): helper([...])
 2 APPPATH\Controllers\BaseController.php(46): CodeIgniter\Controller->initController(Object(CodeIgniter\HTTP\IncomingRequest), Object(CodeIgniter\HTTP\Response), Object(CodeIgniter\Log\Logger))
 3 SYSTEMPATH\CodeIgniter.php(907): App\Controllers\BaseController->initController(Object(CodeIgniter\HTTP\IncomingRequest), Object(CodeIgniter\HTTP\Response), Object(CodeIgniter\Log\Logger))
 4 SYSTEMPATH\CodeIgniter.php(490): CodeIgniter\CodeIgniter->createController()
 5 SYSTEMPATH\CodeIgniter.php(368): CodeIgniter\CodeIgniter->handleRequest(null, Object(Config\Cache), false)
 6 FCPATH\index.php(67): CodeIgniter\CodeIgniter->run()
CRITICAL - 2023-07-08 11:24:34 --> syntax error, unexpected variable "$response", expecting ";"
in APPPATH\Helpers\apanel_helper.php on line 164.
 1 SYSTEMPATH\Controller.php(85): helper([...])
 2 APPPATH\Controllers\BaseController.php(46): CodeIgniter\Controller->initController(Object(CodeIgniter\HTTP\IncomingRequest), Object(CodeIgniter\HTTP\Response), Object(CodeIgniter\Log\Logger))
 3 SYSTEMPATH\CodeIgniter.php(907): App\Controllers\BaseController->initController(Object(CodeIgniter\HTTP\IncomingRequest), Object(CodeIgniter\HTTP\Response), Object(CodeIgniter\Log\Logger))
 4 SYSTEMPATH\CodeIgniter.php(490): CodeIgniter\CodeIgniter->createController()
 5 SYSTEMPATH\CodeIgniter.php(368): CodeIgniter\CodeIgniter->handleRequest(null, Object(Config\Cache), false)
 6 FCPATH\index.php(67): CodeIgniter\CodeIgniter->run()
