CRITICAL - 2023-09-07 06:15:25 --> Trying to access array offset on value of type null
in APPPATH\Helpers\apanel_helper.php on line 4864.
 1 APPPATH\Helpers\apanel_helper.php(4864): CodeIgniter\Debug\Exceptions->errorHandler(2, 'Trying to access array offset on value of type null', 'APPPATH\\Helpers\\apanel_helper.php', 4864)
 2 APPPATH\Controllers\Hr_manage.php(153): company('7784')
 3 SYSTEMPATH\CodeIgniter.php(934): App\Controllers\Hr_manage->attendance_report('leave_report')
 4 SYSTEMPATH\CodeIgniter.php(499): CodeIgniter\CodeIgniter->runController(Object(App\Controllers\Hr_manage))
 5 SYSTEMPATH\CodeIgniter.php(368): CodeIgniter\CodeIgniter->handleRequest(null, Object(Config\Cache), false)
 6 FCPATH\index.php(67): CodeIgniter\CodeIgniter->run()
CRITICAL - 2023-09-07 06:15:29 --> Trying to access array offset on value of type null
in APPPATH\Helpers\apanel_helper.php on line 4864.
 1 APPPATH\Helpers\apanel_helper.php(4864): CodeIgniter\Debug\Exceptions->errorHandler(2, 'Trying to access array offset on value of type null', 'APPPATH\\Helpers\\apanel_helper.php', 4864)
 2 APPPATH\Controllers\Hr_manage.php(153): company('7784')
 3 SYSTEMPATH\CodeIgniter.php(934): App\Controllers\Hr_manage->attendance_report()
 4 SYSTEMPATH\CodeIgniter.php(499): CodeIgniter\CodeIgniter->runController(Object(App\Controllers\Hr_manage))
 5 SYSTEMPATH\CodeIgniter.php(368): CodeIgniter\CodeIgniter->handleRequest(null, Object(Config\Cache), false)
 6 FCPATH\index.php(67): CodeIgniter\CodeIgniter->run()
CRITICAL - 2023-09-07 06:15:38 --> Trying to access array offset on value of type null
in APPPATH\Helpers\apanel_helper.php on line 4864.
 1 APPPATH\Helpers\apanel_helper.php(4864): CodeIgniter\Debug\Exceptions->errorHandler(2, 'Trying to access array offset on value of type null', 'APPPATH\\Helpers\\apanel_helper.php', 4864)
 2 APPPATH\Helpers\apanel_helper.php(4826): company('7784')
 3 APPPATH\Controllers\Home.php(30): now_time('7784')
 4 SYSTEMPATH\CodeIgniter.php(934): App\Controllers\Home->index()
 5 SYSTEMPATH\CodeIgniter.php(499): CodeIgniter\CodeIgniter->runController(Object(App\Controllers\Home))
 6 SYSTEMPATH\CodeIgniter.php(368): CodeIgniter\CodeIgniter->handleRequest(null, Object(Config\Cache), false)
 7 FCPATH\index.php(67): CodeIgniter\CodeIgniter->run()
