CRITICAL - 2023-08-01 03:47:24 --> Undefined variable $from
in APPPATH\Views\reports\item_wise_sales_report.php on line 138.
 1 APPPATH\Views\reports\item_wise_sales_report.php(138): CodeIgniter\Debug\Exceptions->errorHandler(2, 'Undefined variable $from', 'APPPATH\\Views\\reports\\item_wise_sales_report.php', 138)
 2 SYSTEMPATH\View\View.php(213): include('APPPATH\\Views\\reports\\item_wise_sales_report.php')
 3 SYSTEMPATH\View\View.php(216): CodeIgniter\View\View->CodeIgniter\View\{closure}()
 4 SYSTEMPATH\Common.php(1184): CodeIgniter\View\View->render('reports/item_wise_sales_report', [], true)
 5 APPPATH\Controllers\Reports.php(399): view('reports/item_wise_sales_report', [...])
 6 SYSTEMPATH\CodeIgniter.php(934): App\Controllers\Reports->item_wise_sales_report()
 7 SYSTEMPATH\CodeIgniter.php(499): CodeIgniter\CodeIgniter->runController(Object(App\Controllers\Reports))
 8 SYSTEMPATH\CodeIgniter.php(368): CodeIgniter\CodeIgniter->handleRequest(null, Object(Config\Cache), false)
 9 FCPATH\index.php(67): CodeIgniter\CodeIgniter->run()
CRITICAL - 2023-08-01 03:49:31 --> Undefined variable $InvoiceModel
in APPPATH\Helpers\apanel_helper.php on line 749.
 1 APPPATH\Helpers\apanel_helper.php(749): CodeIgniter\Debug\Exceptions->errorHandler(2, 'Undefined variable $InvoiceModel', 'APPPATH\\Helpers\\apanel_helper.php', 749)
 2 APPPATH\Views\reports\item_wise_sales_report.php(139): sum_of_quantity('1899', 'C:\\xampp\\htdocs\\SpriteGenix_app', 'C:\\xampp\\htdocs\\SpriteGenix_app')
 3 SYSTEMPATH\View\View.php(213): include('APPPATH\\Views\\reports\\item_wise_sales_report.php')
 4 SYSTEMPATH\View\View.php(216): CodeIgniter\View\View->CodeIgniter\View\{closure}()
 5 SYSTEMPATH\Common.php(1184): CodeIgniter\View\View->render('reports/item_wise_sales_report', [], true)
 6 APPPATH\Controllers\Reports.php(399): view('reports/item_wise_sales_report', [...])
 7 SYSTEMPATH\CodeIgniter.php(934): App\Controllers\Reports->item_wise_sales_report()
 8 SYSTEMPATH\CodeIgniter.php(499): CodeIgniter\CodeIgniter->runController(Object(App\Controllers\Reports))
 9 SYSTEMPATH\CodeIgniter.php(368): CodeIgniter\CodeIgniter->handleRequest(null, Object(Config\Cache), false)
10 FCPATH\index.php(67): CodeIgniter\CodeIgniter->run()
CRITICAL - 2023-08-01 04:28:03 --> Can't use function return value in write context
in APPPATH\Views\reports\item_wise_sales_report.php on line 139.
 1 [internal function]: CodeIgniter\Debug\Exceptions->shutdownHandler()
CRITICAL - 2023-08-01 04:35:05 --> You should provide a barcode string.
in FCPATH\vendor\picqer\php-barcode-generator\src\Types\TypeCode128.php on line 136.
 1 FCPATH\vendor\picqer\php-barcode-generator\src\BarcodeGenerator.php(103): Picqer\Barcode\Types\TypeCode128->getBarcodeData('C:\\xampp\\htdocs\\SpriteGenix_app')
 2 FCPATH\vendor\picqer\php-barcode-generator\src\BarcodeGeneratorPNG.php(54): Picqer\Barcode\BarcodeGenerator->getBarcodeData('C:\\xampp\\htdocs\\SpriteGenix_app', 'C128')
 3 APPPATH\Controllers\Generate_barcode.php(79): Picqer\Barcode\BarcodeGeneratorPNG->getBarcode('C:\\xampp\\htdocs\\SpriteGenix_app', 'C128')
 4 SYSTEMPATH\CodeIgniter.php(934): App\Controllers\Generate_barcode->index()
 5 SYSTEMPATH\CodeIgniter.php(499): CodeIgniter\CodeIgniter->runController(Object(App\Controllers\Generate_barcode))
 6 SYSTEMPATH\CodeIgniter.php(368): CodeIgniter\CodeIgniter->handleRequest(null, Object(Config\Cache), false)
 7 FCPATH\index.php(67): CodeIgniter\CodeIgniter->run()
CRITICAL - 2023-08-01 04:35:15 --> You should provide a barcode string.
in FCPATH\vendor\picqer\php-barcode-generator\src\Types\TypeCode128.php on line 136.
 1 FCPATH\vendor\picqer\php-barcode-generator\src\BarcodeGenerator.php(103): Picqer\Barcode\Types\TypeCode128->getBarcodeData('C:\\xampp\\htdocs\\SpriteGenix_app')
 2 FCPATH\vendor\picqer\php-barcode-generator\src\BarcodeGeneratorPNG.php(54): Picqer\Barcode\BarcodeGenerator->getBarcodeData('C:\\xampp\\htdocs\\SpriteGenix_app', 'C128')
 3 APPPATH\Controllers\Generate_barcode.php(79): Picqer\Barcode\BarcodeGeneratorPNG->getBarcode('C:\\xampp\\htdocs\\SpriteGenix_app', 'C128')
 4 SYSTEMPATH\CodeIgniter.php(934): App\Controllers\Generate_barcode->index()
 5 SYSTEMPATH\CodeIgniter.php(499): CodeIgniter\CodeIgniter->runController(Object(App\Controllers\Generate_barcode))
 6 SYSTEMPATH\CodeIgniter.php(368): CodeIgniter\CodeIgniter->handleRequest(null, Object(Config\Cache), false)
 7 FCPATH\index.php(67): CodeIgniter\CodeIgniter->run()
CRITICAL - 2023-08-01 04:46:04 --> syntax error, unexpected token "else"
in APPPATH\Controllers\Easy_edit.php on line 323.
 1 SYSTEMPATH\Autoloader\Autoloader.php(289): CodeIgniter\Autoloader\Autoloader->includeFile('APPPATH\\Controllers\\Easy_edit.php')
 2 SYSTEMPATH\Autoloader\Autoloader.php(267): CodeIgniter\Autoloader\Autoloader->loadInNamespace('App\\Controllers\\Easy_edit')
 3 [internal function]: CodeIgniter\Autoloader\Autoloader->loadClass('App\\Controllers\\Easy_edit')
 4 SYSTEMPATH\CodeIgniter.php(892): class_exists('\\App\\Controllers\\Easy_edit', true)
 5 SYSTEMPATH\CodeIgniter.php(486): CodeIgniter\CodeIgniter->startController()
 6 SYSTEMPATH\CodeIgniter.php(368): CodeIgniter\CodeIgniter->handleRequest(null, Object(Config\Cache), false)
 7 FCPATH\index.php(67): CodeIgniter\CodeIgniter->run()
CRITICAL - 2023-08-01 04:46:44 --> Undefined variable $pid
in APPPATH\Controllers\Easy_edit.php on line 296.
 1 APPPATH\Controllers\Easy_edit.php(296): CodeIgniter\Debug\Exceptions->errorHandler(2, 'Undefined variable $pid', 'APPPATH\\Controllers\\Easy_edit.php', 296)
 2 SYSTEMPATH\CodeIgniter.php(934): App\Controllers\Easy_edit->generate_pro_barcode('1063,1062,1061,1060,1059,1056,1055,1054,1053,1052,1051,1050,1049,1048,1047,1046,1045,1044,1043,1042')
 3 SYSTEMPATH\CodeIgniter.php(499): CodeIgniter\CodeIgniter->runController(Object(App\Controllers\Easy_edit))
 4 SYSTEMPATH\CodeIgniter.php(368): CodeIgniter\CodeIgniter->handleRequest(null, Object(Config\Cache), false)
 5 FCPATH\index.php(67): CodeIgniter\CodeIgniter->run()
CRITICAL - 2023-08-01 04:46:59 --> Undefined variable $pid
in APPPATH\Controllers\Easy_edit.php on line 296.
 1 APPPATH\Controllers\Easy_edit.php(296): CodeIgniter\Debug\Exceptions->errorHandler(2, 'Undefined variable $pid', 'APPPATH\\Controllers\\Easy_edit.php', 296)
 2 SYSTEMPATH\CodeIgniter.php(934): App\Controllers\Easy_edit->generate_pro_barcode('1063,1062,1061,1060,1059,1056,1055,1054,1053,1052,1051,1050,1049,1048,1047,1046,1045,1044,1043,1042')
 3 SYSTEMPATH\CodeIgniter.php(499): CodeIgniter\CodeIgniter->runController(Object(App\Controllers\Easy_edit))
 4 SYSTEMPATH\CodeIgniter.php(368): CodeIgniter\CodeIgniter->handleRequest(null, Object(Config\Cache), false)
 5 FCPATH\index.php(67): CodeIgniter\CodeIgniter->run()
CRITICAL - 2023-08-01 04:47:37 --> Undefined variable $pid
in APPPATH\Controllers\Easy_edit.php on line 296.
 1 APPPATH\Controllers\Easy_edit.php(296): CodeIgniter\Debug\Exceptions->errorHandler(2, 'Undefined variable $pid', 'APPPATH\\Controllers\\Easy_edit.php', 296)
 2 SYSTEMPATH\CodeIgniter.php(934): App\Controllers\Easy_edit->generate_pro_barcode('1063,1062,1061,1060,1059,1056,1055,1054,1053,1052,1051,1050,1049,1048,1047,1046,1045,1044,1043,1042')
 3 SYSTEMPATH\CodeIgniter.php(499): CodeIgniter\CodeIgniter->runController(Object(App\Controllers\Easy_edit))
 4 SYSTEMPATH\CodeIgniter.php(368): CodeIgniter\CodeIgniter->handleRequest(null, Object(Config\Cache), false)
 5 FCPATH\index.php(67): CodeIgniter\CodeIgniter->run()
CRITICAL - 2023-08-01 04:47:59 --> Undefined variable $pid
in APPPATH\Controllers\Easy_edit.php on line 313.
 1 APPPATH\Controllers\Easy_edit.php(313): CodeIgniter\Debug\Exceptions->errorHandler(2, 'Undefined variable $pid', 'APPPATH\\Controllers\\Easy_edit.php', 313)
 2 SYSTEMPATH\CodeIgniter.php(934): App\Controllers\Easy_edit->generate_pro_barcode('1061')
 3 SYSTEMPATH\CodeIgniter.php(499): CodeIgniter\CodeIgniter->runController(Object(App\Controllers\Easy_edit))
 4 SYSTEMPATH\CodeIgniter.php(368): CodeIgniter\CodeIgniter->handleRequest(null, Object(Config\Cache), false)
 5 FCPATH\index.php(67): CodeIgniter\CodeIgniter->run()
ERROR - 2023-08-01 04:51:14 --> mysqli_sql_exception: Illegal parameter data types bigint and row for operation '=' in C:\xampp\htdocs\SpriteGenix_app\system\Database\MySQLi\Connection.php:295
Stack trace:
#0 C:\xampp\htdocs\SpriteGenix_app\system\Database\MySQLi\Connection.php(295): mysqli->query('SELECT *\nFROM `...', 0)
#1 C:\xampp\htdocs\SpriteGenix_app\system\Database\BaseConnection.php(691): CodeIgniter\Database\MySQLi\Connection->execute('SELECT *\nFROM `...')
#2 C:\xampp\htdocs\SpriteGenix_app\system\Database\BaseConnection.php(605): CodeIgniter\Database\BaseConnection->simpleQuery('SELECT *\nFROM `...')
#3 C:\xampp\htdocs\SpriteGenix_app\system\Database\BaseBuilder.php(1616): CodeIgniter\Database\BaseConnection->query('SELECT *\nFROM `...', Array, false)
#4 C:\xampp\htdocs\SpriteGenix_app\system\Model.php(268): CodeIgniter\Database\BaseBuilder->get()
#5 C:\xampp\htdocs\SpriteGenix_app\system\BaseModel.php(656): CodeIgniter\Model->doFirst()
#6 C:\xampp\htdocs\SpriteGenix_app\app\Controllers\Easy_edit.php(307): CodeIgniter\BaseModel->first()
#7 C:\xampp\htdocs\SpriteGenix_app\system\CodeIgniter.php(934): App\Controllers\Easy_edit->generate_pro_barcode('1063,1062,1061,...')
#8 C:\xampp\htdocs\SpriteGenix_app\system\CodeIgniter.php(499): CodeIgniter\CodeIgniter->runController(Object(App\Controllers\Easy_edit))
#9 C:\xampp\htdocs\SpriteGenix_app\system\CodeIgniter.php(368): CodeIgniter\CodeIgniter->handleRequest(NULL, Object(Config\Cache), false)
#10 C:\xampp\htdocs\SpriteGenix_app\index.php(67): CodeIgniter\CodeIgniter->run()
#11 {main}
CRITICAL - 2023-08-01 04:51:14 --> Illegal parameter data types bigint and row for operation '='
in SYSTEMPATH\Database\BaseConnection.php on line 645.
 1 SYSTEMPATH\Database\BaseBuilder.php(1616): CodeIgniter\Database\BaseConnection->query('SELECT *
FROM `products`
WHERE `id` = :id:
 LIMIT 1', [...], false)
 2 SYSTEMPATH\Model.php(268): CodeIgniter\Database\BaseBuilder->get()
 3 SYSTEMPATH\BaseModel.php(656): CodeIgniter\Model->doFirst()
 4 APPPATH\Controllers\Easy_edit.php(307): CodeIgniter\BaseModel->first()
 5 SYSTEMPATH\CodeIgniter.php(934): App\Controllers\Easy_edit->generate_pro_barcode('1063,1062,1061,1060,1059,1056,1055,1054,1053,1052,1051,1050,1049,1048,1047,1046,1045,1044,1043,1042')
 6 SYSTEMPATH\CodeIgniter.php(499): CodeIgniter\CodeIgniter->runController(Object(App\Controllers\Easy_edit))
 7 SYSTEMPATH\CodeIgniter.php(368): CodeIgniter\CodeIgniter->handleRequest(null, Object(Config\Cache), false)
 8 FCPATH\index.php(67): CodeIgniter\CodeIgniter->run()
ERROR - 2023-08-01 04:53:53 --> mysqli_sql_exception: Illegal parameter data types bigint and row for operation '=' in C:\xampp\htdocs\SpriteGenix_app\system\Database\MySQLi\Connection.php:295
Stack trace:
#0 C:\xampp\htdocs\SpriteGenix_app\system\Database\MySQLi\Connection.php(295): mysqli->query('SELECT *\nFROM `...', 0)
#1 C:\xampp\htdocs\SpriteGenix_app\system\Database\BaseConnection.php(691): CodeIgniter\Database\MySQLi\Connection->execute('SELECT *\nFROM `...')
#2 C:\xampp\htdocs\SpriteGenix_app\system\Database\BaseConnection.php(605): CodeIgniter\Database\BaseConnection->simpleQuery('SELECT *\nFROM `...')
#3 C:\xampp\htdocs\SpriteGenix_app\system\Database\BaseBuilder.php(1616): CodeIgniter\Database\BaseConnection->query('SELECT *\nFROM `...', Array, false)
#4 C:\xampp\htdocs\SpriteGenix_app\system\Model.php(268): CodeIgniter\Database\BaseBuilder->get()
#5 C:\xampp\htdocs\SpriteGenix_app\system\BaseModel.php(656): CodeIgniter\Model->doFirst()
#6 C:\xampp\htdocs\SpriteGenix_app\app\Controllers\Easy_edit.php(307): CodeIgniter\BaseModel->first()
#7 C:\xampp\htdocs\SpriteGenix_app\system\CodeIgniter.php(934): App\Controllers\Easy_edit->generate_pro_barcode('1063,1062,1061,...')
#8 C:\xampp\htdocs\SpriteGenix_app\system\CodeIgniter.php(499): CodeIgniter\CodeIgniter->runController(Object(App\Controllers\Easy_edit))
#9 C:\xampp\htdocs\SpriteGenix_app\system\CodeIgniter.php(368): CodeIgniter\CodeIgniter->handleRequest(NULL, Object(Config\Cache), false)
#10 C:\xampp\htdocs\SpriteGenix_app\index.php(67): CodeIgniter\CodeIgniter->run()
#11 {main}
CRITICAL - 2023-08-01 04:53:53 --> Illegal parameter data types bigint and row for operation '='
in SYSTEMPATH\Database\BaseConnection.php on line 645.
 1 SYSTEMPATH\Database\BaseBuilder.php(1616): CodeIgniter\Database\BaseConnection->query('SELECT *
FROM `products`
WHERE `id` = :id:
 LIMIT 1', [...], false)
 2 SYSTEMPATH\Model.php(268): CodeIgniter\Database\BaseBuilder->get()
 3 SYSTEMPATH\BaseModel.php(656): CodeIgniter\Model->doFirst()
 4 APPPATH\Controllers\Easy_edit.php(307): CodeIgniter\BaseModel->first()
 5 SYSTEMPATH\CodeIgniter.php(934): App\Controllers\Easy_edit->generate_pro_barcode('1063,1062,1061,1060,1059,1056,1055,1054,1053,1052,1051,1050,1049,1048,1047,1046,1045,1044,1043,1042')
 6 SYSTEMPATH\CodeIgniter.php(499): CodeIgniter\CodeIgniter->runController(Object(App\Controllers\Easy_edit))
 7 SYSTEMPATH\CodeIgniter.php(368): CodeIgniter\CodeIgniter->handleRequest(null, Object(Config\Cache), false)
 8 FCPATH\index.php(67): CodeIgniter\CodeIgniter->run()
ERROR - 2023-08-01 04:53:55 --> mysqli_sql_exception: Illegal parameter data types bigint and row for operation '=' in C:\xampp\htdocs\SpriteGenix_app\system\Database\MySQLi\Connection.php:295
Stack trace:
#0 C:\xampp\htdocs\SpriteGenix_app\system\Database\MySQLi\Connection.php(295): mysqli->query('SELECT *\nFROM `...', 0)
#1 C:\xampp\htdocs\SpriteGenix_app\system\Database\BaseConnection.php(691): CodeIgniter\Database\MySQLi\Connection->execute('SELECT *\nFROM `...')
#2 C:\xampp\htdocs\SpriteGenix_app\system\Database\BaseConnection.php(605): CodeIgniter\Database\BaseConnection->simpleQuery('SELECT *\nFROM `...')
#3 C:\xampp\htdocs\SpriteGenix_app\system\Database\BaseBuilder.php(1616): CodeIgniter\Database\BaseConnection->query('SELECT *\nFROM `...', Array, false)
#4 C:\xampp\htdocs\SpriteGenix_app\system\Model.php(268): CodeIgniter\Database\BaseBuilder->get()
#5 C:\xampp\htdocs\SpriteGenix_app\system\BaseModel.php(656): CodeIgniter\Model->doFirst()
#6 C:\xampp\htdocs\SpriteGenix_app\app\Controllers\Easy_edit.php(307): CodeIgniter\BaseModel->first()
#7 C:\xampp\htdocs\SpriteGenix_app\system\CodeIgniter.php(934): App\Controllers\Easy_edit->generate_pro_barcode('1063,1062,1061,...')
#8 C:\xampp\htdocs\SpriteGenix_app\system\CodeIgniter.php(499): CodeIgniter\CodeIgniter->runController(Object(App\Controllers\Easy_edit))
#9 C:\xampp\htdocs\SpriteGenix_app\system\CodeIgniter.php(368): CodeIgniter\CodeIgniter->handleRequest(NULL, Object(Config\Cache), false)
#10 C:\xampp\htdocs\SpriteGenix_app\index.php(67): CodeIgniter\CodeIgniter->run()
#11 {main}
CRITICAL - 2023-08-01 04:53:55 --> Illegal parameter data types bigint and row for operation '='
in SYSTEMPATH\Database\BaseConnection.php on line 645.
 1 SYSTEMPATH\Database\BaseBuilder.php(1616): CodeIgniter\Database\BaseConnection->query('SELECT *
FROM `products`
WHERE `id` = :id:
 LIMIT 1', [...], false)
 2 SYSTEMPATH\Model.php(268): CodeIgniter\Database\BaseBuilder->get()
 3 SYSTEMPATH\BaseModel.php(656): CodeIgniter\Model->doFirst()
 4 APPPATH\Controllers\Easy_edit.php(307): CodeIgniter\BaseModel->first()
 5 SYSTEMPATH\CodeIgniter.php(934): App\Controllers\Easy_edit->generate_pro_barcode('1063,1062,1061,1060,1059,1056,1055,1054,1053,1052,1051,1050,1049,1048,1047,1046,1045,1044,1043,1042')
 6 SYSTEMPATH\CodeIgniter.php(499): CodeIgniter\CodeIgniter->runController(Object(App\Controllers\Easy_edit))
 7 SYSTEMPATH\CodeIgniter.php(368): CodeIgniter\CodeIgniter->handleRequest(null, Object(Config\Cache), false)
 8 FCPATH\index.php(67): CodeIgniter\CodeIgniter->run()
ERROR - 2023-08-01 04:54:13 --> mysqli_sql_exception: Illegal parameter data types bigint and row for operation '=' in C:\xampp\htdocs\SpriteGenix_app\system\Database\MySQLi\Connection.php:295
Stack trace:
#0 C:\xampp\htdocs\SpriteGenix_app\system\Database\MySQLi\Connection.php(295): mysqli->query('SELECT *\nFROM `...', 0)
#1 C:\xampp\htdocs\SpriteGenix_app\system\Database\BaseConnection.php(691): CodeIgniter\Database\MySQLi\Connection->execute('SELECT *\nFROM `...')
#2 C:\xampp\htdocs\SpriteGenix_app\system\Database\BaseConnection.php(605): CodeIgniter\Database\BaseConnection->simpleQuery('SELECT *\nFROM `...')
#3 C:\xampp\htdocs\SpriteGenix_app\system\Database\BaseBuilder.php(1616): CodeIgniter\Database\BaseConnection->query('SELECT *\nFROM `...', Array, false)
#4 C:\xampp\htdocs\SpriteGenix_app\system\Model.php(268): CodeIgniter\Database\BaseBuilder->get()
#5 C:\xampp\htdocs\SpriteGenix_app\system\BaseModel.php(656): CodeIgniter\Model->doFirst()
#6 C:\xampp\htdocs\SpriteGenix_app\app\Controllers\Easy_edit.php(307): CodeIgniter\BaseModel->first()
#7 C:\xampp\htdocs\SpriteGenix_app\system\CodeIgniter.php(934): App\Controllers\Easy_edit->generate_pro_barcode('1063,1062,1061,...')
#8 C:\xampp\htdocs\SpriteGenix_app\system\CodeIgniter.php(499): CodeIgniter\CodeIgniter->runController(Object(App\Controllers\Easy_edit))
#9 C:\xampp\htdocs\SpriteGenix_app\system\CodeIgniter.php(368): CodeIgniter\CodeIgniter->handleRequest(NULL, Object(Config\Cache), false)
#10 C:\xampp\htdocs\SpriteGenix_app\index.php(67): CodeIgniter\CodeIgniter->run()
#11 {main}
CRITICAL - 2023-08-01 04:54:13 --> Illegal parameter data types bigint and row for operation '='
in SYSTEMPATH\Database\BaseConnection.php on line 645.
 1 SYSTEMPATH\Database\BaseBuilder.php(1616): CodeIgniter\Database\BaseConnection->query('SELECT *
FROM `products`
WHERE `id` = :id:
 LIMIT 1', [...], false)
 2 SYSTEMPATH\Model.php(268): CodeIgniter\Database\BaseBuilder->get()
 3 SYSTEMPATH\BaseModel.php(656): CodeIgniter\Model->doFirst()
 4 APPPATH\Controllers\Easy_edit.php(307): CodeIgniter\BaseModel->first()
 5 SYSTEMPATH\CodeIgniter.php(934): App\Controllers\Easy_edit->generate_pro_barcode('1063,1062,1061,1060,1059,1056,1055,1054,1053,1052,1051,1050,1049,1048,1047,1046,1045,1044,1043,1042')
 6 SYSTEMPATH\CodeIgniter.php(499): CodeIgniter\CodeIgniter->runController(Object(App\Controllers\Easy_edit))
 7 SYSTEMPATH\CodeIgniter.php(368): CodeIgniter\CodeIgniter->handleRequest(null, Object(Config\Cache), false)
 8 FCPATH\index.php(67): CodeIgniter\CodeIgniter->run()
ERROR - 2023-08-01 04:55:27 --> mysqli_sql_exception: Illegal parameter data types bigint and row for operation '=' in C:\xampp\htdocs\SpriteGenix_app\system\Database\MySQLi\Connection.php:295
Stack trace:
#0 C:\xampp\htdocs\SpriteGenix_app\system\Database\MySQLi\Connection.php(295): mysqli->query('SELECT *\nFROM `...', 0)
#1 C:\xampp\htdocs\SpriteGenix_app\system\Database\BaseConnection.php(691): CodeIgniter\Database\MySQLi\Connection->execute('SELECT *\nFROM `...')
#2 C:\xampp\htdocs\SpriteGenix_app\system\Database\BaseConnection.php(605): CodeIgniter\Database\BaseConnection->simpleQuery('SELECT *\nFROM `...')
#3 C:\xampp\htdocs\SpriteGenix_app\system\Database\BaseBuilder.php(1616): CodeIgniter\Database\BaseConnection->query('SELECT *\nFROM `...', Array, false)
#4 C:\xampp\htdocs\SpriteGenix_app\system\Model.php(268): CodeIgniter\Database\BaseBuilder->get()
#5 C:\xampp\htdocs\SpriteGenix_app\system\BaseModel.php(656): CodeIgniter\Model->doFirst()
#6 C:\xampp\htdocs\SpriteGenix_app\app\Controllers\Easy_edit.php(236): CodeIgniter\BaseModel->first()
#7 C:\xampp\htdocs\SpriteGenix_app\system\CodeIgniter.php(934): App\Controllers\Easy_edit->generate_pro_barcode('1063,1062,1061,...')
#8 C:\xampp\htdocs\SpriteGenix_app\system\CodeIgniter.php(499): CodeIgniter\CodeIgniter->runController(Object(App\Controllers\Easy_edit))
#9 C:\xampp\htdocs\SpriteGenix_app\system\CodeIgniter.php(368): CodeIgniter\CodeIgniter->handleRequest(NULL, Object(Config\Cache), false)
#10 C:\xampp\htdocs\SpriteGenix_app\index.php(67): CodeIgniter\CodeIgniter->run()
#11 {main}
CRITICAL - 2023-08-01 04:55:27 --> Illegal parameter data types bigint and row for operation '='
in SYSTEMPATH\Database\BaseConnection.php on line 645.
 1 SYSTEMPATH\Database\BaseBuilder.php(1616): CodeIgniter\Database\BaseConnection->query('SELECT *
FROM `products`
WHERE `id` = :id:
 LIMIT 1', [...], false)
 2 SYSTEMPATH\Model.php(268): CodeIgniter\Database\BaseBuilder->get()
 3 SYSTEMPATH\BaseModel.php(656): CodeIgniter\Model->doFirst()
 4 APPPATH\Controllers\Easy_edit.php(236): CodeIgniter\BaseModel->first()
 5 SYSTEMPATH\CodeIgniter.php(934): App\Controllers\Easy_edit->generate_pro_barcode('1063,1062,1061,1060,1059,1056,1055,1054,1053,1052,1051,1050,1049,1048,1047,1046,1045,1044,1043,1042')
 6 SYSTEMPATH\CodeIgniter.php(499): CodeIgniter\CodeIgniter->runController(Object(App\Controllers\Easy_edit))
 7 SYSTEMPATH\CodeIgniter.php(368): CodeIgniter\CodeIgniter->handleRequest(null, Object(Config\Cache), false)
 8 FCPATH\index.php(67): CodeIgniter\CodeIgniter->run()
ERROR - 2023-08-01 04:55:56 --> mysqli_sql_exception: Illegal parameter data types bigint and row for operation '=' in C:\xampp\htdocs\SpriteGenix_app\system\Database\MySQLi\Connection.php:295
Stack trace:
#0 C:\xampp\htdocs\SpriteGenix_app\system\Database\MySQLi\Connection.php(295): mysqli->query('SELECT *\nFROM `...', 0)
#1 C:\xampp\htdocs\SpriteGenix_app\system\Database\BaseConnection.php(691): CodeIgniter\Database\MySQLi\Connection->execute('SELECT *\nFROM `...')
#2 C:\xampp\htdocs\SpriteGenix_app\system\Database\BaseConnection.php(605): CodeIgniter\Database\BaseConnection->simpleQuery('SELECT *\nFROM `...')
#3 C:\xampp\htdocs\SpriteGenix_app\system\Database\BaseBuilder.php(1616): CodeIgniter\Database\BaseConnection->query('SELECT *\nFROM `...', Array, false)
#4 C:\xampp\htdocs\SpriteGenix_app\system\Model.php(268): CodeIgniter\Database\BaseBuilder->get()
#5 C:\xampp\htdocs\SpriteGenix_app\system\BaseModel.php(656): CodeIgniter\Model->doFirst()
#6 C:\xampp\htdocs\SpriteGenix_app\app\Controllers\Easy_edit.php(309): CodeIgniter\BaseModel->first()
#7 C:\xampp\htdocs\SpriteGenix_app\system\CodeIgniter.php(934): App\Controllers\Easy_edit->generate_pro_barcode('1063,1062,1061,...')
#8 C:\xampp\htdocs\SpriteGenix_app\system\CodeIgniter.php(499): CodeIgniter\CodeIgniter->runController(Object(App\Controllers\Easy_edit))
#9 C:\xampp\htdocs\SpriteGenix_app\system\CodeIgniter.php(368): CodeIgniter\CodeIgniter->handleRequest(NULL, Object(Config\Cache), false)
#10 C:\xampp\htdocs\SpriteGenix_app\index.php(67): CodeIgniter\CodeIgniter->run()
#11 {main}
CRITICAL - 2023-08-01 04:55:56 --> Illegal parameter data types bigint and row for operation '='
in SYSTEMPATH\Database\BaseConnection.php on line 645.
 1 SYSTEMPATH\Database\BaseBuilder.php(1616): CodeIgniter\Database\BaseConnection->query('SELECT *
FROM `products`
WHERE `id` = :id:
 LIMIT 1', [...], false)
 2 SYSTEMPATH\Model.php(268): CodeIgniter\Database\BaseBuilder->get()
 3 SYSTEMPATH\BaseModel.php(656): CodeIgniter\Model->doFirst()
 4 APPPATH\Controllers\Easy_edit.php(309): CodeIgniter\BaseModel->first()
 5 SYSTEMPATH\CodeIgniter.php(934): App\Controllers\Easy_edit->generate_pro_barcode('1063,1062,1061,1060,1059,1056,1055,1054,1053,1052,1051,1050,1049,1048,1047,1046,1045,1044,1043,1042')
 6 SYSTEMPATH\CodeIgniter.php(499): CodeIgniter\CodeIgniter->runController(Object(App\Controllers\Easy_edit))
 7 SYSTEMPATH\CodeIgniter.php(368): CodeIgniter\CodeIgniter->handleRequest(null, Object(Config\Cache), false)
 8 FCPATH\index.php(67): CodeIgniter\CodeIgniter->run()
CRITICAL - 2023-08-01 05:09:38 --> You should provide a barcode string.
in FCPATH\vendor\picqer\php-barcode-generator\src\Types\TypeCode128.php on line 136.
 1 FCPATH\vendor\picqer\php-barcode-generator\src\BarcodeGenerator.php(103): Picqer\Barcode\Types\TypeCode128->getBarcodeData('C:\\xampp\\htdocs\\SpriteGenix_app')
 2 FCPATH\vendor\picqer\php-barcode-generator\src\BarcodeGeneratorPNG.php(54): Picqer\Barcode\BarcodeGenerator->getBarcodeData('C:\\xampp\\htdocs\\SpriteGenix_app', 'C128')
 3 APPPATH\Controllers\Generate_barcode.php(79): Picqer\Barcode\BarcodeGeneratorPNG->getBarcode('C:\\xampp\\htdocs\\SpriteGenix_app', 'C128')
 4 SYSTEMPATH\CodeIgniter.php(934): App\Controllers\Generate_barcode->index()
 5 SYSTEMPATH\CodeIgniter.php(499): CodeIgniter\CodeIgniter->runController(Object(App\Controllers\Generate_barcode))
 6 SYSTEMPATH\CodeIgniter.php(368): CodeIgniter\CodeIgniter->handleRequest(null, Object(Config\Cache), false)
 7 FCPATH\index.php(67): CodeIgniter\CodeIgniter->run()
CRITICAL - 2023-08-01 05:09:48 --> You should provide a barcode string.
in FCPATH\vendor\picqer\php-barcode-generator\src\Types\TypeCode128.php on line 136.
 1 FCPATH\vendor\picqer\php-barcode-generator\src\BarcodeGenerator.php(103): Picqer\Barcode\Types\TypeCode128->getBarcodeData('C:\\xampp\\htdocs\\SpriteGenix_app')
 2 FCPATH\vendor\picqer\php-barcode-generator\src\BarcodeGeneratorPNG.php(54): Picqer\Barcode\BarcodeGenerator->getBarcodeData('C:\\xampp\\htdocs\\SpriteGenix_app', 'C128')
 3 APPPATH\Controllers\Generate_barcode.php(79): Picqer\Barcode\BarcodeGeneratorPNG->getBarcode('C:\\xampp\\htdocs\\SpriteGenix_app', 'C128')
 4 SYSTEMPATH\CodeIgniter.php(934): App\Controllers\Generate_barcode->index()
 5 SYSTEMPATH\CodeIgniter.php(499): CodeIgniter\CodeIgniter->runController(Object(App\Controllers\Generate_barcode))
 6 SYSTEMPATH\CodeIgniter.php(368): CodeIgniter\CodeIgniter->handleRequest(null, Object(Config\Cache), false)
 7 FCPATH\index.php(67): CodeIgniter\CodeIgniter->run()
CRITICAL - 2023-08-01 05:13:11 --> You should provide a barcode string.
in FCPATH\vendor\picqer\php-barcode-generator\src\Types\TypeCode128.php on line 136.
 1 FCPATH\vendor\picqer\php-barcode-generator\src\BarcodeGenerator.php(103): Picqer\Barcode\Types\TypeCode128->getBarcodeData('C:\\xampp\\htdocs\\SpriteGenix_app')
 2 FCPATH\vendor\picqer\php-barcode-generator\src\BarcodeGeneratorPNG.php(54): Picqer\Barcode\BarcodeGenerator->getBarcodeData('C:\\xampp\\htdocs\\SpriteGenix_app', 'C128')
 3 APPPATH\Controllers\Generate_barcode.php(79): Picqer\Barcode\BarcodeGeneratorPNG->getBarcode('C:\\xampp\\htdocs\\SpriteGenix_app', 'C128')
 4 SYSTEMPATH\CodeIgniter.php(934): App\Controllers\Generate_barcode->index()
 5 SYSTEMPATH\CodeIgniter.php(499): CodeIgniter\CodeIgniter->runController(Object(App\Controllers\Generate_barcode))
 6 SYSTEMPATH\CodeIgniter.php(368): CodeIgniter\CodeIgniter->handleRequest(null, Object(Config\Cache), false)
 7 FCPATH\index.php(67): CodeIgniter\CodeIgniter->run()
CRITICAL - 2023-08-01 05:14:05 --> You should provide a barcode string.
in FCPATH\vendor\picqer\php-barcode-generator\src\Types\TypeCode128.php on line 136.
 1 FCPATH\vendor\picqer\php-barcode-generator\src\BarcodeGenerator.php(103): Picqer\Barcode\Types\TypeCode128->getBarcodeData('C:\\xampp\\htdocs\\SpriteGenix_app')
 2 FCPATH\vendor\picqer\php-barcode-generator\src\BarcodeGeneratorPNG.php(54): Picqer\Barcode\BarcodeGenerator->getBarcodeData('C:\\xampp\\htdocs\\SpriteGenix_app', 'C128')
 3 APPPATH\Controllers\Generate_barcode.php(79): Picqer\Barcode\BarcodeGeneratorPNG->getBarcode('C:\\xampp\\htdocs\\SpriteGenix_app', 'C128')
 4 SYSTEMPATH\CodeIgniter.php(934): App\Controllers\Generate_barcode->index()
 5 SYSTEMPATH\CodeIgniter.php(499): CodeIgniter\CodeIgniter->runController(Object(App\Controllers\Generate_barcode))
 6 SYSTEMPATH\CodeIgniter.php(368): CodeIgniter\CodeIgniter->handleRequest(null, Object(Config\Cache), false)
 7 FCPATH\index.php(67): CodeIgniter\CodeIgniter->run()
CRITICAL - 2023-08-01 05:40:36 --> You should provide a barcode string.
in FCPATH\vendor\picqer\php-barcode-generator\src\Types\TypeCode128.php on line 136.
 1 FCPATH\vendor\picqer\php-barcode-generator\src\BarcodeGenerator.php(103): Picqer\Barcode\Types\TypeCode128->getBarcodeData('C:\\xampp\\htdocs\\SpriteGenix_app')
 2 FCPATH\vendor\picqer\php-barcode-generator\src\BarcodeGeneratorPNG.php(54): Picqer\Barcode\BarcodeGenerator->getBarcodeData('C:\\xampp\\htdocs\\SpriteGenix_app', 'C128')
 3 APPPATH\Controllers\Generate_barcode.php(79): Picqer\Barcode\BarcodeGeneratorPNG->getBarcode('C:\\xampp\\htdocs\\SpriteGenix_app', 'C128')
 4 SYSTEMPATH\CodeIgniter.php(934): App\Controllers\Generate_barcode->index()
 5 SYSTEMPATH\CodeIgniter.php(499): CodeIgniter\CodeIgniter->runController(Object(App\Controllers\Generate_barcode))
 6 SYSTEMPATH\CodeIgniter.php(368): CodeIgniter\CodeIgniter->handleRequest(null, Object(Config\Cache), false)
 7 FCPATH\index.php(67): CodeIgniter\CodeIgniter->run()
CRITICAL - 2023-08-01 05:40:46 --> You should provide a barcode string.
in FCPATH\vendor\picqer\php-barcode-generator\src\Types\TypeCode128.php on line 136.
 1 FCPATH\vendor\picqer\php-barcode-generator\src\BarcodeGenerator.php(103): Picqer\Barcode\Types\TypeCode128->getBarcodeData('C:\\xampp\\htdocs\\SpriteGenix_app')
 2 FCPATH\vendor\picqer\php-barcode-generator\src\BarcodeGeneratorPNG.php(54): Picqer\Barcode\BarcodeGenerator->getBarcodeData('C:\\xampp\\htdocs\\SpriteGenix_app', 'C128')
 3 APPPATH\Controllers\Generate_barcode.php(79): Picqer\Barcode\BarcodeGeneratorPNG->getBarcode('C:\\xampp\\htdocs\\SpriteGenix_app', 'C128')
 4 SYSTEMPATH\CodeIgniter.php(934): App\Controllers\Generate_barcode->index()
 5 SYSTEMPATH\CodeIgniter.php(499): CodeIgniter\CodeIgniter->runController(Object(App\Controllers\Generate_barcode))
 6 SYSTEMPATH\CodeIgniter.php(368): CodeIgniter\CodeIgniter->handleRequest(null, Object(Config\Cache), false)
 7 FCPATH\index.php(67): CodeIgniter\CodeIgniter->run()
CRITICAL - 2023-08-01 05:40:49 --> Undefined array key "bar_padding1"
in APPPATH\Helpers\apanel_helper.php on line 4500.
 1 APPPATH\Helpers\apanel_helper.php(4500): CodeIgniter\Debug\Exceptions->errorHandler(2, 'Undefined array key "bar_padding1"', 'APPPATH\\Helpers\\apanel_helper.php', 4500)
 2 APPPATH\Views\products\barcode_customization.php(134): get_setting('15', 'bar_padding1')
 3 SYSTEMPATH\View\View.php(213): include('APPPATH\\Views\\products\\barcode_customization.php')
 4 SYSTEMPATH\View\View.php(216): CodeIgniter\View\View->CodeIgniter\View\{closure}()
 5 SYSTEMPATH\Common.php(1184): CodeIgniter\View\View->render('products/barcode_customization', [], true)
 6 APPPATH\Controllers\Easy_edit.php(142): view('products/barcode_customization', [...])
 7 SYSTEMPATH\CodeIgniter.php(934): App\Controllers\Easy_edit->barcode_customization()
 8 SYSTEMPATH\CodeIgniter.php(499): CodeIgniter\CodeIgniter->runController(Object(App\Controllers\Easy_edit))
 9 SYSTEMPATH\CodeIgniter.php(368): CodeIgniter\CodeIgniter->handleRequest(null, Object(Config\Cache), false)
10 FCPATH\index.php(67): CodeIgniter\CodeIgniter->run()
CRITICAL - 2023-08-01 05:41:54 --> Class "App\Controllers\ProductsModel" not found
in APPPATH\Controllers\Generate_barcode.php on line 99.
 1 SYSTEMPATH\CodeIgniter.php(934): App\Controllers\Generate_barcode->barcode_preview('0')
 2 SYSTEMPATH\CodeIgniter.php(499): CodeIgniter\CodeIgniter->runController(Object(App\Controllers\Generate_barcode))
 3 SYSTEMPATH\CodeIgniter.php(368): CodeIgniter\CodeIgniter->handleRequest(null, Object(Config\Cache), false)
 4 FCPATH\index.php(67): CodeIgniter\CodeIgniter->run()
CRITICAL - 2023-08-01 05:41:58 --> Class "App\Controllers\ProductsModel" not found
in APPPATH\Controllers\Generate_barcode.php on line 99.
 1 SYSTEMPATH\CodeIgniter.php(934): App\Controllers\Generate_barcode->barcode_preview('0')
 2 SYSTEMPATH\CodeIgniter.php(499): CodeIgniter\CodeIgniter->runController(Object(App\Controllers\Generate_barcode))
 3 SYSTEMPATH\CodeIgniter.php(368): CodeIgniter\CodeIgniter->handleRequest(null, Object(Config\Cache), false)
 4 FCPATH\index.php(67): CodeIgniter\CodeIgniter->run()
CRITICAL - 2023-08-01 05:42:04 --> Class "App\Controllers\ProductsModel" not found
in APPPATH\Controllers\Generate_barcode.php on line 99.
 1 SYSTEMPATH\CodeIgniter.php(934): App\Controllers\Generate_barcode->barcode_preview('0')
 2 SYSTEMPATH\CodeIgniter.php(499): CodeIgniter\CodeIgniter->runController(Object(App\Controllers\Generate_barcode))
 3 SYSTEMPATH\CodeIgniter.php(368): CodeIgniter\CodeIgniter->handleRequest(null, Object(Config\Cache), false)
 4 FCPATH\index.php(67): CodeIgniter\CodeIgniter->run()
CRITICAL - 2023-08-01 05:42:31 --> Class "App\Controllers\ProductsModel" not found
in APPPATH\Controllers\Generate_barcode.php on line 99.
 1 SYSTEMPATH\CodeIgniter.php(934): App\Controllers\Generate_barcode->barcode_preview('0')
 2 SYSTEMPATH\CodeIgniter.php(499): CodeIgniter\CodeIgniter->runController(Object(App\Controllers\Generate_barcode))
 3 SYSTEMPATH\CodeIgniter.php(368): CodeIgniter\CodeIgniter->handleRequest(null, Object(Config\Cache), false)
 4 FCPATH\index.php(67): CodeIgniter\CodeIgniter->run()
CRITICAL - 2023-08-01 05:43:15 --> Class "App\Controllers\ProductsModel" not found
in APPPATH\Controllers\Generate_barcode.php on line 99.
 1 SYSTEMPATH\CodeIgniter.php(934): App\Controllers\Generate_barcode->barcode_preview('0')
 2 SYSTEMPATH\CodeIgniter.php(499): CodeIgniter\CodeIgniter->runController(Object(App\Controllers\Generate_barcode))
 3 SYSTEMPATH\CodeIgniter.php(368): CodeIgniter\CodeIgniter->handleRequest(null, Object(Config\Cache), false)
 4 FCPATH\index.php(67): CodeIgniter\CodeIgniter->run()
CRITICAL - 2023-08-01 05:43:22 --> Class "App\Controllers\ProductsModel" not found
in APPPATH\Controllers\Generate_barcode.php on line 99.
 1 SYSTEMPATH\CodeIgniter.php(934): App\Controllers\Generate_barcode->barcode_preview('0')
 2 SYSTEMPATH\CodeIgniter.php(499): CodeIgniter\CodeIgniter->runController(Object(App\Controllers\Generate_barcode))
 3 SYSTEMPATH\CodeIgniter.php(368): CodeIgniter\CodeIgniter->handleRequest(null, Object(Config\Cache), false)
 4 FCPATH\index.php(67): CodeIgniter\CodeIgniter->run()
CRITICAL - 2023-08-01 05:43:29 --> Class "App\Controllers\ProductsModel" not found
in APPPATH\Controllers\Generate_barcode.php on line 99.
 1 SYSTEMPATH\CodeIgniter.php(934): App\Controllers\Generate_barcode->barcode_preview('0')
 2 SYSTEMPATH\CodeIgniter.php(499): CodeIgniter\CodeIgniter->runController(Object(App\Controllers\Generate_barcode))
 3 SYSTEMPATH\CodeIgniter.php(368): CodeIgniter\CodeIgniter->handleRequest(null, Object(Config\Cache), false)
 4 FCPATH\index.php(67): CodeIgniter\CodeIgniter->run()
CRITICAL - 2023-08-01 05:43:36 --> Class "App\Controllers\ProductsModel" not found
in APPPATH\Controllers\Generate_barcode.php on line 99.
 1 SYSTEMPATH\CodeIgniter.php(934): App\Controllers\Generate_barcode->barcode_preview('0')
 2 SYSTEMPATH\CodeIgniter.php(499): CodeIgniter\CodeIgniter->runController(Object(App\Controllers\Generate_barcode))
 3 SYSTEMPATH\CodeIgniter.php(368): CodeIgniter\CodeIgniter->handleRequest(null, Object(Config\Cache), false)
 4 FCPATH\index.php(67): CodeIgniter\CodeIgniter->run()
CRITICAL - 2023-08-01 05:43:39 --> You should provide a barcode string.
in FCPATH\vendor\picqer\php-barcode-generator\src\Types\TypeCode128.php on line 136.
 1 FCPATH\vendor\picqer\php-barcode-generator\src\BarcodeGenerator.php(103): Picqer\Barcode\Types\TypeCode128->getBarcodeData('C:\\xampp\\htdocs\\SpriteGenix_app')
 2 FCPATH\vendor\picqer\php-barcode-generator\src\BarcodeGeneratorPNG.php(54): Picqer\Barcode\BarcodeGenerator->getBarcodeData('C:\\xampp\\htdocs\\SpriteGenix_app', 'C128')
 3 APPPATH\Controllers\Generate_barcode.php(79): Picqer\Barcode\BarcodeGeneratorPNG->getBarcode('C:\\xampp\\htdocs\\SpriteGenix_app', 'C128')
 4 SYSTEMPATH\CodeIgniter.php(934): App\Controllers\Generate_barcode->index()
 5 SYSTEMPATH\CodeIgniter.php(499): CodeIgniter\CodeIgniter->runController(Object(App\Controllers\Generate_barcode))
 6 SYSTEMPATH\CodeIgniter.php(368): CodeIgniter\CodeIgniter->handleRequest(null, Object(Config\Cache), false)
 7 FCPATH\index.php(67): CodeIgniter\CodeIgniter->run()
CRITICAL - 2023-08-01 05:43:42 --> Class "App\Controllers\ProductsModel" not found
in APPPATH\Controllers\Generate_barcode.php on line 99.
 1 SYSTEMPATH\CodeIgniter.php(934): App\Controllers\Generate_barcode->barcode_preview('1899')
 2 SYSTEMPATH\CodeIgniter.php(499): CodeIgniter\CodeIgniter->runController(Object(App\Controllers\Generate_barcode))
 3 SYSTEMPATH\CodeIgniter.php(368): CodeIgniter\CodeIgniter->handleRequest(null, Object(Config\Cache), false)
 4 FCPATH\index.php(67): CodeIgniter\CodeIgniter->run()
CRITICAL - 2023-08-01 05:43:56 --> Class "App\Controllers\ProductsModel" not found
in APPPATH\Controllers\Generate_barcode.php on line 99.
 1 SYSTEMPATH\CodeIgniter.php(934): App\Controllers\Generate_barcode->barcode_preview('1899')
 2 SYSTEMPATH\CodeIgniter.php(499): CodeIgniter\CodeIgniter->runController(Object(App\Controllers\Generate_barcode))
 3 SYSTEMPATH\CodeIgniter.php(368): CodeIgniter\CodeIgniter->handleRequest(null, Object(Config\Cache), false)
 4 FCPATH\index.php(67): CodeIgniter\CodeIgniter->run()
CRITICAL - 2023-08-01 05:44:06 --> You should provide a barcode string.
in FCPATH\vendor\picqer\php-barcode-generator\src\Types\TypeCode128.php on line 136.
 1 FCPATH\vendor\picqer\php-barcode-generator\src\BarcodeGenerator.php(103): Picqer\Barcode\Types\TypeCode128->getBarcodeData('C:\\xampp\\htdocs\\SpriteGenix_app')
 2 FCPATH\vendor\picqer\php-barcode-generator\src\BarcodeGeneratorPNG.php(54): Picqer\Barcode\BarcodeGenerator->getBarcodeData('C:\\xampp\\htdocs\\SpriteGenix_app', 'C128')
 3 APPPATH\Controllers\Generate_barcode.php(79): Picqer\Barcode\BarcodeGeneratorPNG->getBarcode('C:\\xampp\\htdocs\\SpriteGenix_app', 'C128')
 4 SYSTEMPATH\CodeIgniter.php(934): App\Controllers\Generate_barcode->index()
 5 SYSTEMPATH\CodeIgniter.php(499): CodeIgniter\CodeIgniter->runController(Object(App\Controllers\Generate_barcode))
 6 SYSTEMPATH\CodeIgniter.php(368): CodeIgniter\CodeIgniter->handleRequest(null, Object(Config\Cache), false)
 7 FCPATH\index.php(67): CodeIgniter\CodeIgniter->run()
CRITICAL - 2023-08-01 05:44:21 --> You should provide a barcode string.
in FCPATH\vendor\picqer\php-barcode-generator\src\Types\TypeCode128.php on line 136.
 1 FCPATH\vendor\picqer\php-barcode-generator\src\BarcodeGenerator.php(103): Picqer\Barcode\Types\TypeCode128->getBarcodeData('C:\\xampp\\htdocs\\SpriteGenix_app')
 2 FCPATH\vendor\picqer\php-barcode-generator\src\BarcodeGeneratorPNG.php(54): Picqer\Barcode\BarcodeGenerator->getBarcodeData('C:\\xampp\\htdocs\\SpriteGenix_app', 'C128')
 3 APPPATH\Controllers\Generate_barcode.php(79): Picqer\Barcode\BarcodeGeneratorPNG->getBarcode('C:\\xampp\\htdocs\\SpriteGenix_app', 'C128')
 4 SYSTEMPATH\CodeIgniter.php(934): App\Controllers\Generate_barcode->index()
 5 SYSTEMPATH\CodeIgniter.php(499): CodeIgniter\CodeIgniter->runController(Object(App\Controllers\Generate_barcode))
 6 SYSTEMPATH\CodeIgniter.php(368): CodeIgniter\CodeIgniter->handleRequest(null, Object(Config\Cache), false)
 7 FCPATH\index.php(67): CodeIgniter\CodeIgniter->run()
CRITICAL - 2023-08-01 05:44:24 --> Class "App\Controllers\ProductsModel" not found
in APPPATH\Controllers\Generate_barcode.php on line 99.
 1 SYSTEMPATH\CodeIgniter.php(934): App\Controllers\Generate_barcode->barcode_preview('0')
 2 SYSTEMPATH\CodeIgniter.php(499): CodeIgniter\CodeIgniter->runController(Object(App\Controllers\Generate_barcode))
 3 SYSTEMPATH\CodeIgniter.php(368): CodeIgniter\CodeIgniter->handleRequest(null, Object(Config\Cache), false)
 4 FCPATH\index.php(67): CodeIgniter\CodeIgniter->run()
CRITICAL - 2023-08-01 05:46:04 --> You should provide a barcode string.
in FCPATH\vendor\picqer\php-barcode-generator\src\Types\TypeCode128.php on line 136.
 1 FCPATH\vendor\picqer\php-barcode-generator\src\BarcodeGenerator.php(103): Picqer\Barcode\Types\TypeCode128->getBarcodeData('C:\\xampp\\htdocs\\SpriteGenix_app')
 2 FCPATH\vendor\picqer\php-barcode-generator\src\BarcodeGeneratorPNG.php(54): Picqer\Barcode\BarcodeGenerator->getBarcodeData('C:\\xampp\\htdocs\\SpriteGenix_app', 'C128')
 3 APPPATH\Controllers\Generate_barcode.php(81): Picqer\Barcode\BarcodeGeneratorPNG->getBarcode('C:\\xampp\\htdocs\\SpriteGenix_app', 'C128')
 4 SYSTEMPATH\CodeIgniter.php(934): App\Controllers\Generate_barcode->index()
 5 SYSTEMPATH\CodeIgniter.php(499): CodeIgniter\CodeIgniter->runController(Object(App\Controllers\Generate_barcode))
 6 SYSTEMPATH\CodeIgniter.php(368): CodeIgniter\CodeIgniter->handleRequest(null, Object(Config\Cache), false)
 7 FCPATH\index.php(67): CodeIgniter\CodeIgniter->run()
CRITICAL - 2023-08-01 05:47:25 --> You should provide a barcode string.
in FCPATH\vendor\picqer\php-barcode-generator\src\Types\TypeCode128.php on line 136.
 1 FCPATH\vendor\picqer\php-barcode-generator\src\BarcodeGenerator.php(103): Picqer\Barcode\Types\TypeCode128->getBarcodeData('C:\\xampp\\htdocs\\SpriteGenix_app')
 2 FCPATH\vendor\picqer\php-barcode-generator\src\BarcodeGeneratorPNG.php(54): Picqer\Barcode\BarcodeGenerator->getBarcodeData('C:\\xampp\\htdocs\\SpriteGenix_app', 'C128')
 3 APPPATH\Controllers\Generate_barcode.php(81): Picqer\Barcode\BarcodeGeneratorPNG->getBarcode('C:\\xampp\\htdocs\\SpriteGenix_app', 'C128')
 4 SYSTEMPATH\CodeIgniter.php(934): App\Controllers\Generate_barcode->index()
 5 SYSTEMPATH\CodeIgniter.php(499): CodeIgniter\CodeIgniter->runController(Object(App\Controllers\Generate_barcode))
 6 SYSTEMPATH\CodeIgniter.php(368): CodeIgniter\CodeIgniter->handleRequest(null, Object(Config\Cache), false)
 7 FCPATH\index.php(67): CodeIgniter\CodeIgniter->run()
CRITICAL - 2023-08-01 05:48:32 --> You should provide a barcode string.
in FCPATH\vendor\picqer\php-barcode-generator\src\Types\TypeCode128.php on line 136.
 1 FCPATH\vendor\picqer\php-barcode-generator\src\BarcodeGenerator.php(103): Picqer\Barcode\Types\TypeCode128->getBarcodeData('C:\\xampp\\htdocs\\SpriteGenix_app')
 2 FCPATH\vendor\picqer\php-barcode-generator\src\BarcodeGeneratorPNG.php(54): Picqer\Barcode\BarcodeGenerator->getBarcodeData('C:\\xampp\\htdocs\\SpriteGenix_app', 'C128')
 3 APPPATH\Controllers\Generate_barcode.php(81): Picqer\Barcode\BarcodeGeneratorPNG->getBarcode('C:\\xampp\\htdocs\\SpriteGenix_app', 'C128')
 4 SYSTEMPATH\CodeIgniter.php(934): App\Controllers\Generate_barcode->index()
 5 SYSTEMPATH\CodeIgniter.php(499): CodeIgniter\CodeIgniter->runController(Object(App\Controllers\Generate_barcode))
 6 SYSTEMPATH\CodeIgniter.php(368): CodeIgniter\CodeIgniter->handleRequest(null, Object(Config\Cache), false)
 7 FCPATH\index.php(67): CodeIgniter\CodeIgniter->run()
CRITICAL - 2023-08-01 05:48:37 --> You should provide a barcode string.
in FCPATH\vendor\picqer\php-barcode-generator\src\Types\TypeCode128.php on line 136.
 1 FCPATH\vendor\picqer\php-barcode-generator\src\BarcodeGenerator.php(103): Picqer\Barcode\Types\TypeCode128->getBarcodeData('C:\\xampp\\htdocs\\SpriteGenix_app')
 2 FCPATH\vendor\picqer\php-barcode-generator\src\BarcodeGeneratorPNG.php(54): Picqer\Barcode\BarcodeGenerator->getBarcodeData('C:\\xampp\\htdocs\\SpriteGenix_app', 'C128')
 3 APPPATH\Controllers\Generate_barcode.php(81): Picqer\Barcode\BarcodeGeneratorPNG->getBarcode('C:\\xampp\\htdocs\\SpriteGenix_app', 'C128')
 4 SYSTEMPATH\CodeIgniter.php(934): App\Controllers\Generate_barcode->index()
 5 SYSTEMPATH\CodeIgniter.php(499): CodeIgniter\CodeIgniter->runController(Object(App\Controllers\Generate_barcode))
 6 SYSTEMPATH\CodeIgniter.php(368): CodeIgniter\CodeIgniter->handleRequest(null, Object(Config\Cache), false)
 7 FCPATH\index.php(67): CodeIgniter\CodeIgniter->run()
CRITICAL - 2023-08-01 05:48:42 --> You should provide a barcode string.
in FCPATH\vendor\picqer\php-barcode-generator\src\Types\TypeCode128.php on line 136.
 1 FCPATH\vendor\picqer\php-barcode-generator\src\BarcodeGenerator.php(103): Picqer\Barcode\Types\TypeCode128->getBarcodeData('C:\\xampp\\htdocs\\SpriteGenix_app')
 2 FCPATH\vendor\picqer\php-barcode-generator\src\BarcodeGeneratorPNG.php(54): Picqer\Barcode\BarcodeGenerator->getBarcodeData('C:\\xampp\\htdocs\\SpriteGenix_app', 'C128')
 3 APPPATH\Controllers\Generate_barcode.php(81): Picqer\Barcode\BarcodeGeneratorPNG->getBarcode('C:\\xampp\\htdocs\\SpriteGenix_app', 'C128')
 4 SYSTEMPATH\CodeIgniter.php(934): App\Controllers\Generate_barcode->index()
 5 SYSTEMPATH\CodeIgniter.php(499): CodeIgniter\CodeIgniter->runController(Object(App\Controllers\Generate_barcode))
 6 SYSTEMPATH\CodeIgniter.php(368): CodeIgniter\CodeIgniter->handleRequest(null, Object(Config\Cache), false)
 7 FCPATH\index.php(67): CodeIgniter\CodeIgniter->run()
CRITICAL - 2023-08-01 05:55:59 --> You should provide a barcode string.
in FCPATH\vendor\picqer\php-barcode-generator\src\Types\TypeCode128.php on line 136.
 1 FCPATH\vendor\picqer\php-barcode-generator\src\BarcodeGenerator.php(103): Picqer\Barcode\Types\TypeCode128->getBarcodeData('C:\\xampp\\htdocs\\SpriteGenix_app')
 2 FCPATH\vendor\picqer\php-barcode-generator\src\BarcodeGeneratorPNG.php(54): Picqer\Barcode\BarcodeGenerator->getBarcodeData('C:\\xampp\\htdocs\\SpriteGenix_app', 'C128')
 3 APPPATH\Controllers\Generate_barcode.php(81): Picqer\Barcode\BarcodeGeneratorPNG->getBarcode('C:\\xampp\\htdocs\\SpriteGenix_app', 'C128')
 4 SYSTEMPATH\CodeIgniter.php(934): App\Controllers\Generate_barcode->index()
 5 SYSTEMPATH\CodeIgniter.php(499): CodeIgniter\CodeIgniter->runController(Object(App\Controllers\Generate_barcode))
 6 SYSTEMPATH\CodeIgniter.php(368): CodeIgniter\CodeIgniter->handleRequest(null, Object(Config\Cache), false)
 7 FCPATH\index.php(67): CodeIgniter\CodeIgniter->run()
CRITICAL - 2023-08-01 06:11:02 --> You should provide a barcode string.
in FCPATH\vendor\picqer\php-barcode-generator\src\Types\TypeCode128.php on line 136.
 1 FCPATH\vendor\picqer\php-barcode-generator\src\BarcodeGenerator.php(103): Picqer\Barcode\Types\TypeCode128->getBarcodeData('C:\\xampp\\htdocs\\SpriteGenix_app')
 2 FCPATH\vendor\picqer\php-barcode-generator\src\BarcodeGeneratorPNG.php(54): Picqer\Barcode\BarcodeGenerator->getBarcodeData('C:\\xampp\\htdocs\\SpriteGenix_app', 'C128')
 3 APPPATH\Controllers\Generate_barcode.php(81): Picqer\Barcode\BarcodeGeneratorPNG->getBarcode('C:\\xampp\\htdocs\\SpriteGenix_app', 'C128')
 4 SYSTEMPATH\CodeIgniter.php(934): App\Controllers\Generate_barcode->index()
 5 SYSTEMPATH\CodeIgniter.php(499): CodeIgniter\CodeIgniter->runController(Object(App\Controllers\Generate_barcode))
 6 SYSTEMPATH\CodeIgniter.php(368): CodeIgniter\CodeIgniter->handleRequest(null, Object(Config\Cache), false)
 7 FCPATH\index.php(67): CodeIgniter\CodeIgniter->run()
CRITICAL - 2023-08-01 06:11:23 --> You should provide a barcode string.
in FCPATH\vendor\picqer\php-barcode-generator\src\Types\TypeCode128.php on line 136.
 1 FCPATH\vendor\picqer\php-barcode-generator\src\BarcodeGenerator.php(103): Picqer\Barcode\Types\TypeCode128->getBarcodeData('C:\\xampp\\htdocs\\SpriteGenix_app')
 2 FCPATH\vendor\picqer\php-barcode-generator\src\BarcodeGeneratorPNG.php(54): Picqer\Barcode\BarcodeGenerator->getBarcodeData('C:\\xampp\\htdocs\\SpriteGenix_app', 'C128')
 3 APPPATH\Controllers\Generate_barcode.php(81): Picqer\Barcode\BarcodeGeneratorPNG->getBarcode('C:\\xampp\\htdocs\\SpriteGenix_app', 'C128')
 4 SYSTEMPATH\CodeIgniter.php(934): App\Controllers\Generate_barcode->index()
 5 SYSTEMPATH\CodeIgniter.php(499): CodeIgniter\CodeIgniter->runController(Object(App\Controllers\Generate_barcode))
 6 SYSTEMPATH\CodeIgniter.php(368): CodeIgniter\CodeIgniter->handleRequest(null, Object(Config\Cache), false)
 7 FCPATH\index.php(67): CodeIgniter\CodeIgniter->run()
CRITICAL - 2023-08-01 06:11:54 --> You should provide a barcode string.
in FCPATH\vendor\picqer\php-barcode-generator\src\Types\TypeCode128.php on line 136.
 1 FCPATH\vendor\picqer\php-barcode-generator\src\BarcodeGenerator.php(103): Picqer\Barcode\Types\TypeCode128->getBarcodeData('C:\\xampp\\htdocs\\SpriteGenix_app')
 2 FCPATH\vendor\picqer\php-barcode-generator\src\BarcodeGeneratorPNG.php(54): Picqer\Barcode\BarcodeGenerator->getBarcodeData('C:\\xampp\\htdocs\\SpriteGenix_app', 'C128')
 3 APPPATH\Controllers\Generate_barcode.php(81): Picqer\Barcode\BarcodeGeneratorPNG->getBarcode('C:\\xampp\\htdocs\\SpriteGenix_app', 'C128')
 4 SYSTEMPATH\CodeIgniter.php(934): App\Controllers\Generate_barcode->index()
 5 SYSTEMPATH\CodeIgniter.php(499): CodeIgniter\CodeIgniter->runController(Object(App\Controllers\Generate_barcode))
 6 SYSTEMPATH\CodeIgniter.php(368): CodeIgniter\CodeIgniter->handleRequest(null, Object(Config\Cache), false)
 7 FCPATH\index.php(67): CodeIgniter\CodeIgniter->run()
CRITICAL - 2023-08-01 06:14:06 --> You should provide a barcode string.
in FCPATH\vendor\picqer\php-barcode-generator\src\Types\TypeCode128.php on line 136.
 1 FCPATH\vendor\picqer\php-barcode-generator\src\BarcodeGenerator.php(103): Picqer\Barcode\Types\TypeCode128->getBarcodeData('C:\\xampp\\htdocs\\SpriteGenix_app')
 2 FCPATH\vendor\picqer\php-barcode-generator\src\BarcodeGeneratorPNG.php(54): Picqer\Barcode\BarcodeGenerator->getBarcodeData('C:\\xampp\\htdocs\\SpriteGenix_app', 'C128')
 3 APPPATH\Controllers\Generate_barcode.php(81): Picqer\Barcode\BarcodeGeneratorPNG->getBarcode('C:\\xampp\\htdocs\\SpriteGenix_app', 'C128')
 4 SYSTEMPATH\CodeIgniter.php(934): App\Controllers\Generate_barcode->index()
 5 SYSTEMPATH\CodeIgniter.php(499): CodeIgniter\CodeIgniter->runController(Object(App\Controllers\Generate_barcode))
 6 SYSTEMPATH\CodeIgniter.php(368): CodeIgniter\CodeIgniter->handleRequest(null, Object(Config\Cache), false)
 7 FCPATH\index.php(67): CodeIgniter\CodeIgniter->run()
CRITICAL - 2023-08-01 06:14:09 --> Class "App\Controllers\Stockadjustmodel" not found
in APPPATH\Controllers\Products.php on line 2272.
 1 SYSTEMPATH\CodeIgniter.php(934): App\Controllers\Products->get_adjust_stock('1899')
 2 SYSTEMPATH\CodeIgniter.php(499): CodeIgniter\CodeIgniter->runController(Object(App\Controllers\Products))
 3 SYSTEMPATH\CodeIgniter.php(368): CodeIgniter\CodeIgniter->handleRequest(null, Object(Config\Cache), false)
 4 FCPATH\index.php(67): CodeIgniter\CodeIgniter->run()
CRITICAL - 2023-08-01 06:14:20 --> Class "App\Controllers\Stockadjustmodel" not found
in APPPATH\Controllers\Products.php on line 2272.
 1 SYSTEMPATH\CodeIgniter.php(934): App\Controllers\Products->get_adjust_stock('1899')
 2 SYSTEMPATH\CodeIgniter.php(499): CodeIgniter\CodeIgniter->runController(Object(App\Controllers\Products))
 3 SYSTEMPATH\CodeIgniter.php(368): CodeIgniter\CodeIgniter->handleRequest(null, Object(Config\Cache), false)
 4 FCPATH\index.php(67): CodeIgniter\CodeIgniter->run()
CRITICAL - 2023-08-01 06:15:01 --> You should provide a barcode string.
in FCPATH\vendor\picqer\php-barcode-generator\src\Types\TypeCode128.php on line 136.
 1 FCPATH\vendor\picqer\php-barcode-generator\src\BarcodeGenerator.php(103): Picqer\Barcode\Types\TypeCode128->getBarcodeData('C:\\xampp\\htdocs\\SpriteGenix_app')
 2 FCPATH\vendor\picqer\php-barcode-generator\src\BarcodeGeneratorPNG.php(54): Picqer\Barcode\BarcodeGenerator->getBarcodeData('C:\\xampp\\htdocs\\SpriteGenix_app', 'C128')
 3 APPPATH\Controllers\Generate_barcode.php(81): Picqer\Barcode\BarcodeGeneratorPNG->getBarcode('C:\\xampp\\htdocs\\SpriteGenix_app', 'C128')
 4 SYSTEMPATH\CodeIgniter.php(934): App\Controllers\Generate_barcode->index()
 5 SYSTEMPATH\CodeIgniter.php(499): CodeIgniter\CodeIgniter->runController(Object(App\Controllers\Generate_barcode))
 6 SYSTEMPATH\CodeIgniter.php(368): CodeIgniter\CodeIgniter->handleRequest(null, Object(Config\Cache), false)
 7 FCPATH\index.php(67): CodeIgniter\CodeIgniter->run()
CRITICAL - 2023-08-01 06:15:13 --> You should provide a barcode string.
in FCPATH\vendor\picqer\php-barcode-generator\src\Types\TypeCode128.php on line 136.
 1 FCPATH\vendor\picqer\php-barcode-generator\src\BarcodeGenerator.php(103): Picqer\Barcode\Types\TypeCode128->getBarcodeData('C:\\xampp\\htdocs\\SpriteGenix_app')
 2 FCPATH\vendor\picqer\php-barcode-generator\src\BarcodeGeneratorPNG.php(54): Picqer\Barcode\BarcodeGenerator->getBarcodeData('C:\\xampp\\htdocs\\SpriteGenix_app', 'C128')
 3 APPPATH\Controllers\Generate_barcode.php(81): Picqer\Barcode\BarcodeGeneratorPNG->getBarcode('C:\\xampp\\htdocs\\SpriteGenix_app', 'C128')
 4 SYSTEMPATH\CodeIgniter.php(934): App\Controllers\Generate_barcode->index()
 5 SYSTEMPATH\CodeIgniter.php(499): CodeIgniter\CodeIgniter->runController(Object(App\Controllers\Generate_barcode))
 6 SYSTEMPATH\CodeIgniter.php(368): CodeIgniter\CodeIgniter->handleRequest(null, Object(Config\Cache), false)
 7 FCPATH\index.php(67): CodeIgniter\CodeIgniter->run()
CRITICAL - 2023-08-01 06:58:49 --> You should provide a barcode string.
in FCPATH\vendor\picqer\php-barcode-generator\src\Types\TypeCode128.php on line 136.
 1 FCPATH\vendor\picqer\php-barcode-generator\src\BarcodeGenerator.php(103): Picqer\Barcode\Types\TypeCode128->getBarcodeData('C:\\xampp\\htdocs\\SpriteGenix_app')
 2 FCPATH\vendor\picqer\php-barcode-generator\src\BarcodeGeneratorPNG.php(54): Picqer\Barcode\BarcodeGenerator->getBarcodeData('C:\\xampp\\htdocs\\SpriteGenix_app', 'C128')
 3 APPPATH\Controllers\Generate_barcode.php(81): Picqer\Barcode\BarcodeGeneratorPNG->getBarcode('C:\\xampp\\htdocs\\SpriteGenix_app', 'C128')
 4 SYSTEMPATH\CodeIgniter.php(934): App\Controllers\Generate_barcode->index()
 5 SYSTEMPATH\CodeIgniter.php(499): CodeIgniter\CodeIgniter->runController(Object(App\Controllers\Generate_barcode))
 6 SYSTEMPATH\CodeIgniter.php(368): CodeIgniter\CodeIgniter->handleRequest(null, Object(Config\Cache), false)
 7 FCPATH\index.php(67): CodeIgniter\CodeIgniter->run()
CRITICAL - 2023-08-01 07:04:35 --> You should provide a barcode string.
in FCPATH\vendor\picqer\php-barcode-generator\src\Types\TypeCode128.php on line 136.
 1 FCPATH\vendor\picqer\php-barcode-generator\src\BarcodeGenerator.php(103): Picqer\Barcode\Types\TypeCode128->getBarcodeData('C:\\xampp\\htdocs\\SpriteGenix_app')
 2 FCPATH\vendor\picqer\php-barcode-generator\src\BarcodeGeneratorPNG.php(54): Picqer\Barcode\BarcodeGenerator->getBarcodeData('C:\\xampp\\htdocs\\SpriteGenix_app', 'C128')
 3 APPPATH\Controllers\Generate_barcode.php(81): Picqer\Barcode\BarcodeGeneratorPNG->getBarcode('C:\\xampp\\htdocs\\SpriteGenix_app', 'C128')
 4 SYSTEMPATH\CodeIgniter.php(934): App\Controllers\Generate_barcode->index()
 5 SYSTEMPATH\CodeIgniter.php(499): CodeIgniter\CodeIgniter->runController(Object(App\Controllers\Generate_barcode))
 6 SYSTEMPATH\CodeIgniter.php(368): CodeIgniter\CodeIgniter->handleRequest(null, Object(Config\Cache), false)
 7 FCPATH\index.php(67): CodeIgniter\CodeIgniter->run()
CRITICAL - 2023-08-01 10:33:15 --> foreach() argument must be of type array|object, string given
in APPPATH\Views\SpriteGenix_special_reports\day_end_summary.php on line 463.
 1 APPPATH\Views\SpriteGenix_special_reports\day_end_summary.php(463): CodeIgniter\Debug\Exceptions->errorHandler(2, 'foreach() argument must be of type array|object, string given', 'APPPATH\\Views\\SpriteGenix_special_reports\\day_end_summary.php', 463)
 2 SYSTEMPATH\View\View.php(213): include('APPPATH\\Views\\SpriteGenix_special_reports\\day_end_summary.php')
 3 SYSTEMPATH\View\View.php(216): CodeIgniter\View\View->CodeIgniter\View\{closure}()
 4 SYSTEMPATH\Common.php(1184): CodeIgniter\View\View->render('SpriteGenix_special_reports/day_end_summary', [], true)
 5 APPPATH\Controllers\SpriteGenix_special_reports.php(68): view('SpriteGenix_special_reports/day_end_summary', [...])
 6 SYSTEMPATH\CodeIgniter.php(934): App\Controllers\SpriteGenix_special_reports->day_end_summary()
 7 SYSTEMPATH\CodeIgniter.php(499): CodeIgniter\CodeIgniter->runController(Object(App\Controllers\SpriteGenix_special_reports))
 8 SYSTEMPATH\CodeIgniter.php(368): CodeIgniter\CodeIgniter->handleRequest(null, Object(Config\Cache), false)
 9 FCPATH\index.php(67): CodeIgniter\CodeIgniter->run()
CRITICAL - 2023-08-01 10:33:42 --> foreach() argument must be of type array|object, float given
in APPPATH\Views\SpriteGenix_special_reports\day_end_summary.php on line 463.
 1 APPPATH\Views\SpriteGenix_special_reports\day_end_summary.php(463): CodeIgniter\Debug\Exceptions->errorHandler(2, 'foreach() argument must be of type array|object, float given', 'APPPATH\\Views\\SpriteGenix_special_reports\\day_end_summary.php', 463)
 2 SYSTEMPATH\View\View.php(213): include('APPPATH\\Views\\SpriteGenix_special_reports\\day_end_summary.php')
 3 SYSTEMPATH\View\View.php(216): CodeIgniter\View\View->CodeIgniter\View\{closure}()
 4 SYSTEMPATH\Common.php(1184): CodeIgniter\View\View->render('SpriteGenix_special_reports/day_end_summary', [], true)
 5 APPPATH\Controllers\SpriteGenix_special_reports.php(68): view('SpriteGenix_special_reports/day_end_summary', [...])
 6 SYSTEMPATH\CodeIgniter.php(934): App\Controllers\SpriteGenix_special_reports->day_end_summary()
 7 SYSTEMPATH\CodeIgniter.php(499): CodeIgniter\CodeIgniter->runController(Object(App\Controllers\SpriteGenix_special_reports))
 8 SYSTEMPATH\CodeIgniter.php(368): CodeIgniter\CodeIgniter->handleRequest(null, Object(Config\Cache), false)
 9 FCPATH\index.php(67): CodeIgniter\CodeIgniter->run()
CRITICAL - 2023-08-01 10:35:02 --> Undefined variable $i
in APPPATH\Views\SpriteGenix_special_reports\day_end_summary.php on line 466.
 1 APPPATH\Views\SpriteGenix_special_reports\day_end_summary.php(466): CodeIgniter\Debug\Exceptions->errorHandler(2, 'Undefined variable $i', 'APPPATH\\Views\\SpriteGenix_special_reports\\day_end_summary.php', 466)
 2 SYSTEMPATH\View\View.php(213): include('APPPATH\\Views\\SpriteGenix_special_reports\\day_end_summary.php')
 3 SYSTEMPATH\View\View.php(216): CodeIgniter\View\View->CodeIgniter\View\{closure}()
 4 SYSTEMPATH\Common.php(1184): CodeIgniter\View\View->render('SpriteGenix_special_reports/day_end_summary', [], true)
 5 APPPATH\Controllers\SpriteGenix_special_reports.php(68): view('SpriteGenix_special_reports/day_end_summary', [...])
 6 SYSTEMPATH\CodeIgniter.php(934): App\Controllers\SpriteGenix_special_reports->day_end_summary()
 7 SYSTEMPATH\CodeIgniter.php(499): CodeIgniter\CodeIgniter->runController(Object(App\Controllers\SpriteGenix_special_reports))
 8 SYSTEMPATH\CodeIgniter.php(368): CodeIgniter\CodeIgniter->handleRequest(null, Object(Config\Cache), false)
 9 FCPATH\index.php(67): CodeIgniter\CodeIgniter->run()
CRITICAL - 2023-08-01 10:40:55 --> syntax error, unexpected end of file
in APPPATH\Views\SpriteGenix_special_reports\day_end_summary.php on line 677.
 1 SYSTEMPATH\View\View.php(216): CodeIgniter\View\View->CodeIgniter\View\{closure}()
 2 SYSTEMPATH\Common.php(1184): CodeIgniter\View\View->render('SpriteGenix_special_reports/day_end_summary', [], true)
 3 APPPATH\Controllers\SpriteGenix_special_reports.php(68): view('SpriteGenix_special_reports/day_end_summary', [...])
 4 SYSTEMPATH\CodeIgniter.php(934): App\Controllers\SpriteGenix_special_reports->day_end_summary()
 5 SYSTEMPATH\CodeIgniter.php(499): CodeIgniter\CodeIgniter->runController(Object(App\Controllers\SpriteGenix_special_reports))
 6 SYSTEMPATH\CodeIgniter.php(368): CodeIgniter\CodeIgniter->handleRequest(null, Object(Config\Cache), false)
 7 FCPATH\index.php(67): CodeIgniter\CodeIgniter->run()
CRITICAL - 2023-08-01 10:51:12 --> Undefined variable $invoice_type
in APPPATH\Helpers\special_report_helper.php on line 135.
 1 APPPATH\Helpers\special_report_helper.php(135): CodeIgniter\Debug\Exceptions->errorHandler(2, 'Undefined variable $invoice_type', 'APPPATH\\Helpers\\special_report_helper.php', 135)
 2 APPPATH\Views\SpriteGenix_special_reports\day_end_summary.php(640): other_income_expenses('5991', 'C:\\xampp\\htdocs\\SpriteGenix_app', 'C:\\xampp\\htdocs\\SpriteGenix_app', 'C:\\xampp\\htdocs\\SpriteGenix_app')
 3 SYSTEMPATH\View\View.php(213): include('APPPATH\\Views\\SpriteGenix_special_reports\\day_end_summary.php')
 4 SYSTEMPATH\View\View.php(216): CodeIgniter\View\View->CodeIgniter\View\{closure}()
 5 SYSTEMPATH\Common.php(1184): CodeIgniter\View\View->render('SpriteGenix_special_reports/day_end_summary', [], true)
 6 APPPATH\Controllers\SpriteGenix_special_reports.php(68): view('SpriteGenix_special_reports/day_end_summary', [...])
 7 SYSTEMPATH\CodeIgniter.php(934): App\Controllers\SpriteGenix_special_reports->day_end_summary()
 8 SYSTEMPATH\CodeIgniter.php(499): CodeIgniter\CodeIgniter->runController(Object(App\Controllers\SpriteGenix_special_reports))
 9 SYSTEMPATH\CodeIgniter.php(368): CodeIgniter\CodeIgniter->handleRequest(null, Object(Config\Cache), false)
10 FCPATH\index.php(67): CodeIgniter\CodeIgniter->run()
CRITICAL - 2023-08-01 10:53:29 --> Undefined variable $db
in APPPATH\Views\SpriteGenix_special_reports\day_end_summary.php on line 642.
 1 APPPATH\Views\SpriteGenix_special_reports\day_end_summary.php(642): CodeIgniter\Debug\Exceptions->errorHandler(2, 'Undefined variable $db', 'APPPATH\\Views\\SpriteGenix_special_reports\\day_end_summary.php', 642)
 2 SYSTEMPATH\View\View.php(213): include('APPPATH\\Views\\SpriteGenix_special_reports\\day_end_summary.php')
 3 SYSTEMPATH\View\View.php(216): CodeIgniter\View\View->CodeIgniter\View\{closure}()
 4 SYSTEMPATH\Common.php(1184): CodeIgniter\View\View->render('SpriteGenix_special_reports/day_end_summary', [], true)
 5 APPPATH\Controllers\SpriteGenix_special_reports.php(68): view('SpriteGenix_special_reports/day_end_summary', [...])
 6 SYSTEMPATH\CodeIgniter.php(934): App\Controllers\SpriteGenix_special_reports->day_end_summary()
 7 SYSTEMPATH\CodeIgniter.php(499): CodeIgniter\CodeIgniter->runController(Object(App\Controllers\SpriteGenix_special_reports))
 8 SYSTEMPATH\CodeIgniter.php(368): CodeIgniter\CodeIgniter->handleRequest(null, Object(Config\Cache), false)
 9 FCPATH\index.php(67): CodeIgniter\CodeIgniter->run()
CRITICAL - 2023-08-01 10:53:44 --> Undefined variable $credit_sum
in APPPATH\Views\SpriteGenix_special_reports\day_end_summary.php on line 800.
 1 APPPATH\Views\SpriteGenix_special_reports\day_end_summary.php(800): CodeIgniter\Debug\Exceptions->errorHandler(2, 'Undefined variable $credit_sum', 'APPPATH\\Views\\SpriteGenix_special_reports\\day_end_summary.php', 800)
 2 SYSTEMPATH\View\View.php(213): include('APPPATH\\Views\\SpriteGenix_special_reports\\day_end_summary.php')
 3 SYSTEMPATH\View\View.php(216): CodeIgniter\View\View->CodeIgniter\View\{closure}()
 4 SYSTEMPATH\Common.php(1184): CodeIgniter\View\View->render('SpriteGenix_special_reports/day_end_summary', [], true)
 5 APPPATH\Controllers\SpriteGenix_special_reports.php(68): view('SpriteGenix_special_reports/day_end_summary', [...])
 6 SYSTEMPATH\CodeIgniter.php(934): App\Controllers\SpriteGenix_special_reports->day_end_summary()
 7 SYSTEMPATH\CodeIgniter.php(499): CodeIgniter\CodeIgniter->runController(Object(App\Controllers\SpriteGenix_special_reports))
 8 SYSTEMPATH\CodeIgniter.php(368): CodeIgniter\CodeIgniter->handleRequest(null, Object(Config\Cache), false)
 9 FCPATH\index.php(67): CodeIgniter\CodeIgniter->run()
CRITICAL - 2023-08-01 10:54:20 --> Undefined variable $data_count
in APPPATH\Views\SpriteGenix_special_reports\day_end_summary.php on line 640.
 1 APPPATH\Views\SpriteGenix_special_reports\day_end_summary.php(640): CodeIgniter\Debug\Exceptions->errorHandler(2, 'Undefined variable $data_count', 'APPPATH\\Views\\SpriteGenix_special_reports\\day_end_summary.php', 640)
 2 SYSTEMPATH\View\View.php(213): include('APPPATH\\Views\\SpriteGenix_special_reports\\day_end_summary.php')
 3 SYSTEMPATH\View\View.php(216): CodeIgniter\View\View->CodeIgniter\View\{closure}()
 4 SYSTEMPATH\Common.php(1184): CodeIgniter\View\View->render('SpriteGenix_special_reports/day_end_summary', [], true)
 5 APPPATH\Controllers\SpriteGenix_special_reports.php(68): view('SpriteGenix_special_reports/day_end_summary', [...])
 6 SYSTEMPATH\CodeIgniter.php(934): App\Controllers\SpriteGenix_special_reports->day_end_summary()
 7 SYSTEMPATH\CodeIgniter.php(499): CodeIgniter\CodeIgniter->runController(Object(App\Controllers\SpriteGenix_special_reports))
 8 SYSTEMPATH\CodeIgniter.php(368): CodeIgniter\CodeIgniter->handleRequest(null, Object(Config\Cache), false)
 9 FCPATH\index.php(67): CodeIgniter\CodeIgniter->run()
CRITICAL - 2023-08-01 11:02:11 --> You should provide a barcode string.
in FCPATH\vendor\picqer\php-barcode-generator\src\Types\TypeCode128.php on line 136.
 1 FCPATH\vendor\picqer\php-barcode-generator\src\BarcodeGenerator.php(103): Picqer\Barcode\Types\TypeCode128->getBarcodeData('C:\\xampp\\htdocs\\SpriteGenix_app')
 2 FCPATH\vendor\picqer\php-barcode-generator\src\BarcodeGeneratorPNG.php(54): Picqer\Barcode\BarcodeGenerator->getBarcodeData('C:\\xampp\\htdocs\\SpriteGenix_app', 'C128')
 3 APPPATH\Controllers\Generate_barcode.php(81): Picqer\Barcode\BarcodeGeneratorPNG->getBarcode('C:\\xampp\\htdocs\\SpriteGenix_app', 'C128')
 4 SYSTEMPATH\CodeIgniter.php(934): App\Controllers\Generate_barcode->index()
 5 SYSTEMPATH\CodeIgniter.php(499): CodeIgniter\CodeIgniter->runController(Object(App\Controllers\Generate_barcode))
 6 SYSTEMPATH\CodeIgniter.php(368): CodeIgniter\CodeIgniter->handleRequest(null, Object(Config\Cache), false)
 7 FCPATH\index.php(67): CodeIgniter\CodeIgniter->run()
CRITICAL - 2023-08-01 11:02:28 --> You should provide a barcode string.
in FCPATH\vendor\picqer\php-barcode-generator\src\Types\TypeCode128.php on line 136.
 1 FCPATH\vendor\picqer\php-barcode-generator\src\BarcodeGenerator.php(103): Picqer\Barcode\Types\TypeCode128->getBarcodeData('C:\\xampp\\htdocs\\SpriteGenix_app')
 2 FCPATH\vendor\picqer\php-barcode-generator\src\BarcodeGeneratorPNG.php(54): Picqer\Barcode\BarcodeGenerator->getBarcodeData('C:\\xampp\\htdocs\\SpriteGenix_app', 'C128')
 3 APPPATH\Controllers\Generate_barcode.php(81): Picqer\Barcode\BarcodeGeneratorPNG->getBarcode('C:\\xampp\\htdocs\\SpriteGenix_app', 'C128')
 4 SYSTEMPATH\CodeIgniter.php(934): App\Controllers\Generate_barcode->index()
 5 SYSTEMPATH\CodeIgniter.php(499): CodeIgniter\CodeIgniter->runController(Object(App\Controllers\Generate_barcode))
 6 SYSTEMPATH\CodeIgniter.php(368): CodeIgniter\CodeIgniter->handleRequest(null, Object(Config\Cache), false)
 7 FCPATH\index.php(67): CodeIgniter\CodeIgniter->run()
CRITICAL - 2023-08-01 11:02:44 --> You should provide a barcode string.
in FCPATH\vendor\picqer\php-barcode-generator\src\Types\TypeCode128.php on line 136.
 1 FCPATH\vendor\picqer\php-barcode-generator\src\BarcodeGenerator.php(103): Picqer\Barcode\Types\TypeCode128->getBarcodeData('C:\\xampp\\htdocs\\SpriteGenix_app')
 2 FCPATH\vendor\picqer\php-barcode-generator\src\BarcodeGeneratorPNG.php(54): Picqer\Barcode\BarcodeGenerator->getBarcodeData('C:\\xampp\\htdocs\\SpriteGenix_app', 'C128')
 3 APPPATH\Controllers\Generate_barcode.php(81): Picqer\Barcode\BarcodeGeneratorPNG->getBarcode('C:\\xampp\\htdocs\\SpriteGenix_app', 'C128')
 4 SYSTEMPATH\CodeIgniter.php(934): App\Controllers\Generate_barcode->index()
 5 SYSTEMPATH\CodeIgniter.php(499): CodeIgniter\CodeIgniter->runController(Object(App\Controllers\Generate_barcode))
 6 SYSTEMPATH\CodeIgniter.php(368): CodeIgniter\CodeIgniter->handleRequest(null, Object(Config\Cache), false)
 7 FCPATH\index.php(67): CodeIgniter\CodeIgniter->run()
CRITICAL - 2023-08-01 11:02:55 --> You should provide a barcode string.
in FCPATH\vendor\picqer\php-barcode-generator\src\Types\TypeCode128.php on line 136.
 1 FCPATH\vendor\picqer\php-barcode-generator\src\BarcodeGenerator.php(103): Picqer\Barcode\Types\TypeCode128->getBarcodeData('C:\\xampp\\htdocs\\SpriteGenix_app')
 2 FCPATH\vendor\picqer\php-barcode-generator\src\BarcodeGeneratorPNG.php(54): Picqer\Barcode\BarcodeGenerator->getBarcodeData('C:\\xampp\\htdocs\\SpriteGenix_app', 'C128')
 3 APPPATH\Controllers\Generate_barcode.php(81): Picqer\Barcode\BarcodeGeneratorPNG->getBarcode('C:\\xampp\\htdocs\\SpriteGenix_app', 'C128')
 4 SYSTEMPATH\CodeIgniter.php(934): App\Controllers\Generate_barcode->index()
 5 SYSTEMPATH\CodeIgniter.php(499): CodeIgniter\CodeIgniter->runController(Object(App\Controllers\Generate_barcode))
 6 SYSTEMPATH\CodeIgniter.php(368): CodeIgniter\CodeIgniter->handleRequest(null, Object(Config\Cache), false)
 7 FCPATH\index.php(67): CodeIgniter\CodeIgniter->run()
CRITICAL - 2023-08-01 11:31:05 --> You should provide a barcode string.
in FCPATH\vendor\picqer\php-barcode-generator\src\Types\TypeCode128.php on line 136.
 1 FCPATH\vendor\picqer\php-barcode-generator\src\BarcodeGenerator.php(103): Picqer\Barcode\Types\TypeCode128->getBarcodeData('C:\\xampp\\htdocs\\SpriteGenix_app')
 2 FCPATH\vendor\picqer\php-barcode-generator\src\BarcodeGeneratorPNG.php(54): Picqer\Barcode\BarcodeGenerator->getBarcodeData('C:\\xampp\\htdocs\\SpriteGenix_app', 'C128')
 3 APPPATH\Controllers\Generate_barcode.php(81): Picqer\Barcode\BarcodeGeneratorPNG->getBarcode('C:\\xampp\\htdocs\\SpriteGenix_app', 'C128')
 4 SYSTEMPATH\CodeIgniter.php(934): App\Controllers\Generate_barcode->index()
 5 SYSTEMPATH\CodeIgniter.php(499): CodeIgniter\CodeIgniter->runController(Object(App\Controllers\Generate_barcode))
 6 SYSTEMPATH\CodeIgniter.php(368): CodeIgniter\CodeIgniter->handleRequest(null, Object(Config\Cache), false)
 7 FCPATH\index.php(67): CodeIgniter\CodeIgniter->run()
CRITICAL - 2023-08-01 11:33:45 --> You should provide a barcode string.
in FCPATH\vendor\picqer\php-barcode-generator\src\Types\TypeCode128.php on line 136.
 1 FCPATH\vendor\picqer\php-barcode-generator\src\BarcodeGenerator.php(103): Picqer\Barcode\Types\TypeCode128->getBarcodeData('C:\\xampp\\htdocs\\SpriteGenix_app')
 2 FCPATH\vendor\picqer\php-barcode-generator\src\BarcodeGeneratorPNG.php(54): Picqer\Barcode\BarcodeGenerator->getBarcodeData('C:\\xampp\\htdocs\\SpriteGenix_app', 'C128')
 3 APPPATH\Controllers\Generate_barcode.php(81): Picqer\Barcode\BarcodeGeneratorPNG->getBarcode('C:\\xampp\\htdocs\\SpriteGenix_app', 'C128')
 4 SYSTEMPATH\CodeIgniter.php(934): App\Controllers\Generate_barcode->index()
 5 SYSTEMPATH\CodeIgniter.php(499): CodeIgniter\CodeIgniter->runController(Object(App\Controllers\Generate_barcode))
 6 SYSTEMPATH\CodeIgniter.php(368): CodeIgniter\CodeIgniter->handleRequest(null, Object(Config\Cache), false)
 7 FCPATH\index.php(67): CodeIgniter\CodeIgniter->run()
CRITICAL - 2023-08-01 11:34:42 --> You should provide a barcode string.
in FCPATH\vendor\picqer\php-barcode-generator\src\Types\TypeCode128.php on line 136.
 1 FCPATH\vendor\picqer\php-barcode-generator\src\BarcodeGenerator.php(103): Picqer\Barcode\Types\TypeCode128->getBarcodeData('C:\\xampp\\htdocs\\SpriteGenix_app')
 2 FCPATH\vendor\picqer\php-barcode-generator\src\BarcodeGeneratorPNG.php(54): Picqer\Barcode\BarcodeGenerator->getBarcodeData('C:\\xampp\\htdocs\\SpriteGenix_app', 'C128')
 3 APPPATH\Controllers\Generate_barcode.php(81): Picqer\Barcode\BarcodeGeneratorPNG->getBarcode('C:\\xampp\\htdocs\\SpriteGenix_app', 'C128')
 4 SYSTEMPATH\CodeIgniter.php(934): App\Controllers\Generate_barcode->index()
 5 SYSTEMPATH\CodeIgniter.php(499): CodeIgniter\CodeIgniter->runController(Object(App\Controllers\Generate_barcode))
 6 SYSTEMPATH\CodeIgniter.php(368): CodeIgniter\CodeIgniter->handleRequest(null, Object(Config\Cache), false)
 7 FCPATH\index.php(67): CodeIgniter\CodeIgniter->run()
CRITICAL - 2023-08-01 11:34:42 --> You should provide a barcode string.
in FCPATH\vendor\picqer\php-barcode-generator\src\Types\TypeCode128.php on line 136.
 1 FCPATH\vendor\picqer\php-barcode-generator\src\BarcodeGenerator.php(103): Picqer\Barcode\Types\TypeCode128->getBarcodeData('C:\\xampp\\htdocs\\SpriteGenix_app')
 2 FCPATH\vendor\picqer\php-barcode-generator\src\BarcodeGeneratorPNG.php(54): Picqer\Barcode\BarcodeGenerator->getBarcodeData('C:\\xampp\\htdocs\\SpriteGenix_app', 'C128')
 3 APPPATH\Controllers\Generate_barcode.php(81): Picqer\Barcode\BarcodeGeneratorPNG->getBarcode('C:\\xampp\\htdocs\\SpriteGenix_app', 'C128')
 4 SYSTEMPATH\CodeIgniter.php(934): App\Controllers\Generate_barcode->index()
 5 SYSTEMPATH\CodeIgniter.php(499): CodeIgniter\CodeIgniter->runController(Object(App\Controllers\Generate_barcode))
 6 SYSTEMPATH\CodeIgniter.php(368): CodeIgniter\CodeIgniter->handleRequest(null, Object(Config\Cache), false)
 7 FCPATH\index.php(67): CodeIgniter\CodeIgniter->run()
CRITICAL - 2023-08-01 11:35:27 --> You should provide a barcode string.
in FCPATH\vendor\picqer\php-barcode-generator\src\Types\TypeCode128.php on line 136.
 1 FCPATH\vendor\picqer\php-barcode-generator\src\BarcodeGenerator.php(103): Picqer\Barcode\Types\TypeCode128->getBarcodeData('C:\\xampp\\htdocs\\SpriteGenix_app')
 2 FCPATH\vendor\picqer\php-barcode-generator\src\BarcodeGeneratorPNG.php(54): Picqer\Barcode\BarcodeGenerator->getBarcodeData('C:\\xampp\\htdocs\\SpriteGenix_app', 'C128')
 3 APPPATH\Controllers\Generate_barcode.php(81): Picqer\Barcode\BarcodeGeneratorPNG->getBarcode('C:\\xampp\\htdocs\\SpriteGenix_app', 'C128')
 4 SYSTEMPATH\CodeIgniter.php(934): App\Controllers\Generate_barcode->index()
 5 SYSTEMPATH\CodeIgniter.php(499): CodeIgniter\CodeIgniter->runController(Object(App\Controllers\Generate_barcode))
 6 SYSTEMPATH\CodeIgniter.php(368): CodeIgniter\CodeIgniter->handleRequest(null, Object(Config\Cache), false)
 7 FCPATH\index.php(67): CodeIgniter\CodeIgniter->run()
CRITICAL - 2023-08-01 11:36:23 --> You should provide a barcode string.
in FCPATH\vendor\picqer\php-barcode-generator\src\Types\TypeCode128.php on line 136.
 1 FCPATH\vendor\picqer\php-barcode-generator\src\BarcodeGenerator.php(103): Picqer\Barcode\Types\TypeCode128->getBarcodeData('C:\\xampp\\htdocs\\SpriteGenix_app')
 2 FCPATH\vendor\picqer\php-barcode-generator\src\BarcodeGeneratorPNG.php(54): Picqer\Barcode\BarcodeGenerator->getBarcodeData('C:\\xampp\\htdocs\\SpriteGenix_app', 'C128')
 3 APPPATH\Controllers\Generate_barcode.php(81): Picqer\Barcode\BarcodeGeneratorPNG->getBarcode('C:\\xampp\\htdocs\\SpriteGenix_app', 'C128')
 4 SYSTEMPATH\CodeIgniter.php(934): App\Controllers\Generate_barcode->index()
 5 SYSTEMPATH\CodeIgniter.php(499): CodeIgniter\CodeIgniter->runController(Object(App\Controllers\Generate_barcode))
 6 SYSTEMPATH\CodeIgniter.php(368): CodeIgniter\CodeIgniter->handleRequest(null, Object(Config\Cache), false)
 7 FCPATH\index.php(67): CodeIgniter\CodeIgniter->run()
CRITICAL - 2023-08-01 11:45:17 --> You should provide a barcode string.
in FCPATH\vendor\picqer\php-barcode-generator\src\Types\TypeCode128.php on line 136.
 1 FCPATH\vendor\picqer\php-barcode-generator\src\BarcodeGenerator.php(103): Picqer\Barcode\Types\TypeCode128->getBarcodeData('C:\\xampp\\htdocs\\SpriteGenix_app')
 2 FCPATH\vendor\picqer\php-barcode-generator\src\BarcodeGeneratorPNG.php(54): Picqer\Barcode\BarcodeGenerator->getBarcodeData('C:\\xampp\\htdocs\\SpriteGenix_app', 'C128')
 3 APPPATH\Controllers\Generate_barcode.php(81): Picqer\Barcode\BarcodeGeneratorPNG->getBarcode('C:\\xampp\\htdocs\\SpriteGenix_app', 'C128')
 4 SYSTEMPATH\CodeIgniter.php(934): App\Controllers\Generate_barcode->index()
 5 SYSTEMPATH\CodeIgniter.php(499): CodeIgniter\CodeIgniter->runController(Object(App\Controllers\Generate_barcode))
 6 SYSTEMPATH\CodeIgniter.php(368): CodeIgniter\CodeIgniter->handleRequest(null, Object(Config\Cache), false)
 7 FCPATH\index.php(67): CodeIgniter\CodeIgniter->run()
CRITICAL - 2023-08-01 11:48:19 --> You should provide a barcode string.
in FCPATH\vendor\picqer\php-barcode-generator\src\Types\TypeCode128.php on line 136.
 1 FCPATH\vendor\picqer\php-barcode-generator\src\BarcodeGenerator.php(103): Picqer\Barcode\Types\TypeCode128->getBarcodeData('C:\\xampp\\htdocs\\SpriteGenix_app')
 2 FCPATH\vendor\picqer\php-barcode-generator\src\BarcodeGeneratorPNG.php(54): Picqer\Barcode\BarcodeGenerator->getBarcodeData('C:\\xampp\\htdocs\\SpriteGenix_app', 'C128')
 3 APPPATH\Controllers\Generate_barcode.php(81): Picqer\Barcode\BarcodeGeneratorPNG->getBarcode('C:\\xampp\\htdocs\\SpriteGenix_app', 'C128')
 4 SYSTEMPATH\CodeIgniter.php(934): App\Controllers\Generate_barcode->index()
 5 SYSTEMPATH\CodeIgniter.php(499): CodeIgniter\CodeIgniter->runController(Object(App\Controllers\Generate_barcode))
 6 SYSTEMPATH\CodeIgniter.php(368): CodeIgniter\CodeIgniter->handleRequest(null, Object(Config\Cache), false)
 7 FCPATH\index.php(67): CodeIgniter\CodeIgniter->run()
CRITICAL - 2023-08-01 11:48:41 --> You should provide a barcode string.
in FCPATH\vendor\picqer\php-barcode-generator\src\Types\TypeCode128.php on line 136.
 1 FCPATH\vendor\picqer\php-barcode-generator\src\BarcodeGenerator.php(103): Picqer\Barcode\Types\TypeCode128->getBarcodeData('C:\\xampp\\htdocs\\SpriteGenix_app')
 2 FCPATH\vendor\picqer\php-barcode-generator\src\BarcodeGeneratorPNG.php(54): Picqer\Barcode\BarcodeGenerator->getBarcodeData('C:\\xampp\\htdocs\\SpriteGenix_app', 'C128')
 3 APPPATH\Controllers\Generate_barcode.php(81): Picqer\Barcode\BarcodeGeneratorPNG->getBarcode('C:\\xampp\\htdocs\\SpriteGenix_app', 'C128')
 4 SYSTEMPATH\CodeIgniter.php(934): App\Controllers\Generate_barcode->index()
 5 SYSTEMPATH\CodeIgniter.php(499): CodeIgniter\CodeIgniter->runController(Object(App\Controllers\Generate_barcode))
 6 SYSTEMPATH\CodeIgniter.php(368): CodeIgniter\CodeIgniter->handleRequest(null, Object(Config\Cache), false)
 7 FCPATH\index.php(67): CodeIgniter\CodeIgniter->run()
CRITICAL - 2023-08-01 11:50:43 --> You should provide a barcode string.
in FCPATH\vendor\picqer\php-barcode-generator\src\Types\TypeCode128.php on line 136.
 1 FCPATH\vendor\picqer\php-barcode-generator\src\BarcodeGenerator.php(103): Picqer\Barcode\Types\TypeCode128->getBarcodeData('C:\\xampp\\htdocs\\SpriteGenix_app')
 2 FCPATH\vendor\picqer\php-barcode-generator\src\BarcodeGeneratorPNG.php(54): Picqer\Barcode\BarcodeGenerator->getBarcodeData('C:\\xampp\\htdocs\\SpriteGenix_app', 'C128')
 3 APPPATH\Controllers\Generate_barcode.php(81): Picqer\Barcode\BarcodeGeneratorPNG->getBarcode('C:\\xampp\\htdocs\\SpriteGenix_app', 'C128')
 4 SYSTEMPATH\CodeIgniter.php(934): App\Controllers\Generate_barcode->index()
 5 SYSTEMPATH\CodeIgniter.php(499): CodeIgniter\CodeIgniter->runController(Object(App\Controllers\Generate_barcode))
 6 SYSTEMPATH\CodeIgniter.php(368): CodeIgniter\CodeIgniter->handleRequest(null, Object(Config\Cache), false)
 7 FCPATH\index.php(67): CodeIgniter\CodeIgniter->run()
CRITICAL - 2023-08-01 11:51:45 --> You should provide a barcode string.
in FCPATH\vendor\picqer\php-barcode-generator\src\Types\TypeCode128.php on line 136.
 1 FCPATH\vendor\picqer\php-barcode-generator\src\BarcodeGenerator.php(103): Picqer\Barcode\Types\TypeCode128->getBarcodeData('C:\\xampp\\htdocs\\SpriteGenix_app')
 2 FCPATH\vendor\picqer\php-barcode-generator\src\BarcodeGeneratorPNG.php(54): Picqer\Barcode\BarcodeGenerator->getBarcodeData('C:\\xampp\\htdocs\\SpriteGenix_app', 'C128')
 3 APPPATH\Controllers\Generate_barcode.php(81): Picqer\Barcode\BarcodeGeneratorPNG->getBarcode('C:\\xampp\\htdocs\\SpriteGenix_app', 'C128')
 4 SYSTEMPATH\CodeIgniter.php(934): App\Controllers\Generate_barcode->index()
 5 SYSTEMPATH\CodeIgniter.php(499): CodeIgniter\CodeIgniter->runController(Object(App\Controllers\Generate_barcode))
 6 SYSTEMPATH\CodeIgniter.php(368): CodeIgniter\CodeIgniter->handleRequest(null, Object(Config\Cache), false)
 7 FCPATH\index.php(67): CodeIgniter\CodeIgniter->run()
CRITICAL - 2023-08-01 11:59:47 --> You should provide a barcode string.
in FCPATH\vendor\picqer\php-barcode-generator\src\Types\TypeCode128.php on line 136.
 1 FCPATH\vendor\picqer\php-barcode-generator\src\BarcodeGenerator.php(103): Picqer\Barcode\Types\TypeCode128->getBarcodeData('C:\\xampp\\htdocs\\SpriteGenix_app')
 2 FCPATH\vendor\picqer\php-barcode-generator\src\BarcodeGeneratorPNG.php(54): Picqer\Barcode\BarcodeGenerator->getBarcodeData('C:\\xampp\\htdocs\\SpriteGenix_app', 'C128')
 3 APPPATH\Controllers\Generate_barcode.php(81): Picqer\Barcode\BarcodeGeneratorPNG->getBarcode('C:\\xampp\\htdocs\\SpriteGenix_app', 'C128')
 4 SYSTEMPATH\CodeIgniter.php(934): App\Controllers\Generate_barcode->index()
 5 SYSTEMPATH\CodeIgniter.php(499): CodeIgniter\CodeIgniter->runController(Object(App\Controllers\Generate_barcode))
 6 SYSTEMPATH\CodeIgniter.php(368): CodeIgniter\CodeIgniter->handleRequest(null, Object(Config\Cache), false)
 7 FCPATH\index.php(67): CodeIgniter\CodeIgniter->run()
CRITICAL - 2023-08-01 11:59:56 --> You should provide a barcode string.
in FCPATH\vendor\picqer\php-barcode-generator\src\Types\TypeCode128.php on line 136.
 1 FCPATH\vendor\picqer\php-barcode-generator\src\BarcodeGenerator.php(103): Picqer\Barcode\Types\TypeCode128->getBarcodeData('C:\\xampp\\htdocs\\SpriteGenix_app')
 2 FCPATH\vendor\picqer\php-barcode-generator\src\BarcodeGeneratorPNG.php(54): Picqer\Barcode\BarcodeGenerator->getBarcodeData('C:\\xampp\\htdocs\\SpriteGenix_app', 'C128')
 3 APPPATH\Controllers\Generate_barcode.php(81): Picqer\Barcode\BarcodeGeneratorPNG->getBarcode('C:\\xampp\\htdocs\\SpriteGenix_app', 'C128')
 4 SYSTEMPATH\CodeIgniter.php(934): App\Controllers\Generate_barcode->index()
 5 SYSTEMPATH\CodeIgniter.php(499): CodeIgniter\CodeIgniter->runController(Object(App\Controllers\Generate_barcode))
 6 SYSTEMPATH\CodeIgniter.php(368): CodeIgniter\CodeIgniter->handleRequest(null, Object(Config\Cache), false)
 7 FCPATH\index.php(67): CodeIgniter\CodeIgniter->run()
CRITICAL - 2023-08-01 12:00:28 --> You should provide a barcode string.
in FCPATH\vendor\picqer\php-barcode-generator\src\Types\TypeCode128.php on line 136.
 1 FCPATH\vendor\picqer\php-barcode-generator\src\BarcodeGenerator.php(103): Picqer\Barcode\Types\TypeCode128->getBarcodeData('C:\\xampp\\htdocs\\SpriteGenix_app')
 2 FCPATH\vendor\picqer\php-barcode-generator\src\BarcodeGeneratorPNG.php(54): Picqer\Barcode\BarcodeGenerator->getBarcodeData('C:\\xampp\\htdocs\\SpriteGenix_app', 'C128')
 3 APPPATH\Controllers\Generate_barcode.php(81): Picqer\Barcode\BarcodeGeneratorPNG->getBarcode('C:\\xampp\\htdocs\\SpriteGenix_app', 'C128')
 4 SYSTEMPATH\CodeIgniter.php(934): App\Controllers\Generate_barcode->index()
 5 SYSTEMPATH\CodeIgniter.php(499): CodeIgniter\CodeIgniter->runController(Object(App\Controllers\Generate_barcode))
 6 SYSTEMPATH\CodeIgniter.php(368): CodeIgniter\CodeIgniter->handleRequest(null, Object(Config\Cache), false)
 7 FCPATH\index.php(67): CodeIgniter\CodeIgniter->run()
