CRITICAL - 2023-05-06 03:28:09 --> Trying to access array offset on value of type null
in APPPATH\Helpers\apanel_helper.php on line 3909.
 1 APPPATH\Helpers\apanel_helper.php(3909): CodeIgniter\Debug\Exceptions->errorHandler(2, 'Trying to access array offset on value of type null', 'APPPATH\\Helpers\\apanel_helper.php', 3909)
 2 APPPATH\Controllers\Fees_and_payments.php(3085): invoice_data('undefined', 'customer')
 3 SYSTEMPATH\CodeIgniter.php(934): App\Controllers\Fees_and_payments->get_all_fees_list('all', '8', 'undefined')
 4 SYSTEMPATH\CodeIgniter.php(499): CodeIgniter\CodeIgniter->runController(Object(App\Controllers\Fees_and_payments))
 5 SYSTEMPATH\CodeIgniter.php(368): CodeIgniter\CodeIgniter->handleRequest(null, Object(Config\Cache), false)
 6 FCPATH\index.php(67): CodeIgniter\CodeIgniter->run()
CRITICAL - 2023-05-06 03:34:27 --> Trying to access array offset on value of type null
in APPPATH\Helpers\apanel_helper.php on line 3909.
 1 APPPATH\Helpers\apanel_helper.php(3909): CodeIgniter\Debug\Exceptions->errorHandler(2, 'Trying to access array offset on value of type null', 'APPPATH\\Helpers\\apanel_helper.php', 3909)
 2 APPPATH\Controllers\Fees_and_payments.php(3085): invoice_data('undefined', 'customer')
 3 SYSTEMPATH\CodeIgniter.php(934): App\Controllers\Fees_and_payments->get_all_fees_list('all', '8', 'undefined')
 4 SYSTEMPATH\CodeIgniter.php(499): CodeIgniter\CodeIgniter->runController(Object(App\Controllers\Fees_and_payments))
 5 SYSTEMPATH\CodeIgniter.php(368): CodeIgniter\CodeIgniter->handleRequest(null, Object(Config\Cache), false)
 6 FCPATH\index.php(67): CodeIgniter\CodeIgniter->run()
CRITICAL - 2023-05-06 03:34:30 --> Trying to access array offset on value of type null
in APPPATH\Helpers\apanel_helper.php on line 3909.
 1 APPPATH\Helpers\apanel_helper.php(3909): CodeIgniter\Debug\Exceptions->errorHandler(2, 'Trying to access array offset on value of type null', 'APPPATH\\Helpers\\apanel_helper.php', 3909)
 2 APPPATH\Controllers\Fees_and_payments.php(3085): invoice_data('undefined', 'customer')
 3 SYSTEMPATH\CodeIgniter.php(934): App\Controllers\Fees_and_payments->get_all_fees_list('all', '8', 'undefined')
 4 SYSTEMPATH\CodeIgniter.php(499): CodeIgniter\CodeIgniter->runController(Object(App\Controllers\Fees_and_payments))
 5 SYSTEMPATH\CodeIgniter.php(368): CodeIgniter\CodeIgniter->handleRequest(null, Object(Config\Cache), false)
 6 FCPATH\index.php(67): CodeIgniter\CodeIgniter->run()
CRITICAL - 2023-05-06 03:39:53 --> Trying to access array offset on value of type null
in APPPATH\Helpers\apanel_helper.php on line 3909.
 1 APPPATH\Helpers\apanel_helper.php(3909): CodeIgniter\Debug\Exceptions->errorHandler(2, 'Trying to access array offset on value of type null', 'APPPATH\\Helpers\\apanel_helper.php', 3909)
 2 APPPATH\Controllers\Fees_and_payments.php(3085): invoice_data('undefined', 'customer')
 3 SYSTEMPATH\CodeIgniter.php(934): App\Controllers\Fees_and_payments->get_all_fees_list('all', '8', 'undefined')
 4 SYSTEMPATH\CodeIgniter.php(499): CodeIgniter\CodeIgniter->runController(Object(App\Controllers\Fees_and_payments))
 5 SYSTEMPATH\CodeIgniter.php(368): CodeIgniter\CodeIgniter->handleRequest(null, Object(Config\Cache), false)
 6 FCPATH\index.php(67): CodeIgniter\CodeIgniter->run()
CRITICAL - 2023-05-06 03:39:55 --> Trying to access array offset on value of type null
in APPPATH\Helpers\apanel_helper.php on line 3909.
 1 APPPATH\Helpers\apanel_helper.php(3909): CodeIgniter\Debug\Exceptions->errorHandler(2, 'Trying to access array offset on value of type null', 'APPPATH\\Helpers\\apanel_helper.php', 3909)
 2 APPPATH\Controllers\Fees_and_payments.php(3085): invoice_data('undefined', 'customer')
 3 SYSTEMPATH\CodeIgniter.php(934): App\Controllers\Fees_and_payments->get_all_fees_list('all', '8', 'undefined')
 4 SYSTEMPATH\CodeIgniter.php(499): CodeIgniter\CodeIgniter->runController(Object(App\Controllers\Fees_and_payments))
 5 SYSTEMPATH\CodeIgniter.php(368): CodeIgniter\CodeIgniter->handleRequest(null, Object(Config\Cache), false)
 6 FCPATH\index.php(67): CodeIgniter\CodeIgniter->run()
CRITICAL - 2023-05-06 03:39:59 --> Trying to access array offset on value of type null
in APPPATH\Helpers\apanel_helper.php on line 3909.
 1 APPPATH\Helpers\apanel_helper.php(3909): CodeIgniter\Debug\Exceptions->errorHandler(2, 'Trying to access array offset on value of type null', 'APPPATH\\Helpers\\apanel_helper.php', 3909)
 2 APPPATH\Controllers\Fees_and_payments.php(3085): invoice_data('undefined', 'customer')
 3 SYSTEMPATH\CodeIgniter.php(934): App\Controllers\Fees_and_payments->get_all_fees_list('all', '8', 'undefined')
 4 SYSTEMPATH\CodeIgniter.php(499): CodeIgniter\CodeIgniter->runController(Object(App\Controllers\Fees_and_payments))
 5 SYSTEMPATH\CodeIgniter.php(368): CodeIgniter\CodeIgniter->handleRequest(null, Object(Config\Cache), false)
 6 FCPATH\index.php(67): CodeIgniter\CodeIgniter->run()
CRITICAL - 2023-05-06 03:40:02 --> Trying to access array offset on value of type null
in APPPATH\Helpers\apanel_helper.php on line 3909.
 1 APPPATH\Helpers\apanel_helper.php(3909): CodeIgniter\Debug\Exceptions->errorHandler(2, 'Trying to access array offset on value of type null', 'APPPATH\\Helpers\\apanel_helper.php', 3909)
 2 APPPATH\Controllers\Fees_and_payments.php(3085): invoice_data('undefined', 'customer')
 3 SYSTEMPATH\CodeIgniter.php(934): App\Controllers\Fees_and_payments->get_all_fees_list('all', '8', 'undefined')
 4 SYSTEMPATH\CodeIgniter.php(499): CodeIgniter\CodeIgniter->runController(Object(App\Controllers\Fees_and_payments))
 5 SYSTEMPATH\CodeIgniter.php(368): CodeIgniter\CodeIgniter->handleRequest(null, Object(Config\Cache), false)
 6 FCPATH\index.php(67): CodeIgniter\CodeIgniter->run()
CRITICAL - 2023-05-06 03:40:06 --> Trying to access array offset on value of type null
in APPPATH\Helpers\apanel_helper.php on line 3909.
 1 APPPATH\Helpers\apanel_helper.php(3909): CodeIgniter\Debug\Exceptions->errorHandler(2, 'Trying to access array offset on value of type null', 'APPPATH\\Helpers\\apanel_helper.php', 3909)
 2 APPPATH\Controllers\Fees_and_payments.php(3085): invoice_data('undefined', 'customer')
 3 SYSTEMPATH\CodeIgniter.php(934): App\Controllers\Fees_and_payments->get_all_fees_list('all', '8', 'undefined')
 4 SYSTEMPATH\CodeIgniter.php(499): CodeIgniter\CodeIgniter->runController(Object(App\Controllers\Fees_and_payments))
 5 SYSTEMPATH\CodeIgniter.php(368): CodeIgniter\CodeIgniter->handleRequest(null, Object(Config\Cache), false)
 6 FCPATH\index.php(67): CodeIgniter\CodeIgniter->run()
CRITICAL - 2023-05-06 04:24:47 --> Trying to access array offset on value of type null
in APPPATH\Helpers\apanel_helper.php on line 4194.
 1 APPPATH\Helpers\apanel_helper.php(4194): CodeIgniter\Debug\Exceptions->errorHandler(2, 'Trying to access array offset on value of type null', 'APPPATH\\Helpers\\apanel_helper.php', 4194)
 2 APPPATH\Helpers\apanel_helper.php(1721): company(null)
 3 APPPATH\Controllers\Manufacture.php(139): check_permission(null, 'manage_pro_ser')
 4 SYSTEMPATH\CodeIgniter.php(934): App\Controllers\Manufacture->create_raw_materials('24')
 5 SYSTEMPATH\CodeIgniter.php(499): CodeIgniter\CodeIgniter->runController(Object(App\Controllers\Manufacture))
 6 SYSTEMPATH\CodeIgniter.php(368): CodeIgniter\CodeIgniter->handleRequest(null, Object(Config\Cache), false)
 7 FCPATH\index.php(67): CodeIgniter\CodeIgniter->run()
CRITICAL - 2023-05-06 04:24:56 --> Trying to access array offset on value of type null
in APPPATH\Helpers\apanel_helper.php on line 4194.
 1 APPPATH\Helpers\apanel_helper.php(4194): CodeIgniter\Debug\Exceptions->errorHandler(2, 'Trying to access array offset on value of type null', 'APPPATH\\Helpers\\apanel_helper.php', 4194)
 2 APPPATH\Helpers\apanel_helper.php(1721): company(null)
 3 APPPATH\Controllers\Manufacture.php(139): check_permission(null, 'manage_pro_ser')
 4 SYSTEMPATH\CodeIgniter.php(934): App\Controllers\Manufacture->create_raw_materials('24')
 5 SYSTEMPATH\CodeIgniter.php(499): CodeIgniter\CodeIgniter->runController(Object(App\Controllers\Manufacture))
 6 SYSTEMPATH\CodeIgniter.php(368): CodeIgniter\CodeIgniter->handleRequest(null, Object(Config\Cache), false)
 7 FCPATH\index.php(67): CodeIgniter\CodeIgniter->run()
CRITICAL - 2023-05-06 04:25:26 --> Trying to access array offset on value of type null
in APPPATH\Helpers\apanel_helper.php on line 3909.
 1 APPPATH\Helpers\apanel_helper.php(3909): CodeIgniter\Debug\Exceptions->errorHandler(2, 'Trying to access array offset on value of type null', 'APPPATH\\Helpers\\apanel_helper.php', 3909)
 2 APPPATH\Controllers\Fees_and_payments.php(3085): invoice_data('undefined', 'customer')
 3 SYSTEMPATH\CodeIgniter.php(934): App\Controllers\Fees_and_payments->get_all_fees_list('all', '8', 'undefined')
 4 SYSTEMPATH\CodeIgniter.php(499): CodeIgniter\CodeIgniter->runController(Object(App\Controllers\Fees_and_payments))
 5 SYSTEMPATH\CodeIgniter.php(368): CodeIgniter\CodeIgniter->handleRequest(null, Object(Config\Cache), false)
 6 FCPATH\index.php(67): CodeIgniter\CodeIgniter->run()
CRITICAL - 2023-05-06 04:25:28 --> Trying to access array offset on value of type null
in APPPATH\Helpers\apanel_helper.php on line 3909.
 1 APPPATH\Helpers\apanel_helper.php(3909): CodeIgniter\Debug\Exceptions->errorHandler(2, 'Trying to access array offset on value of type null', 'APPPATH\\Helpers\\apanel_helper.php', 3909)
 2 APPPATH\Controllers\Fees_and_payments.php(3085): invoice_data('undefined', 'customer')
 3 SYSTEMPATH\CodeIgniter.php(934): App\Controllers\Fees_and_payments->get_all_fees_list('all', '8', 'undefined')
 4 SYSTEMPATH\CodeIgniter.php(499): CodeIgniter\CodeIgniter->runController(Object(App\Controllers\Fees_and_payments))
 5 SYSTEMPATH\CodeIgniter.php(368): CodeIgniter\CodeIgniter->handleRequest(null, Object(Config\Cache), false)
 6 FCPATH\index.php(67): CodeIgniter\CodeIgniter->run()
CRITICAL - 2023-05-06 04:25:30 --> Trying to access array offset on value of type null
in APPPATH\Helpers\apanel_helper.php on line 3909.
 1 APPPATH\Helpers\apanel_helper.php(3909): CodeIgniter\Debug\Exceptions->errorHandler(2, 'Trying to access array offset on value of type null', 'APPPATH\\Helpers\\apanel_helper.php', 3909)
 2 APPPATH\Controllers\Fees_and_payments.php(3085): invoice_data('undefined', 'customer')
 3 SYSTEMPATH\CodeIgniter.php(934): App\Controllers\Fees_and_payments->get_all_fees_list('all', '8', 'undefined')
 4 SYSTEMPATH\CodeIgniter.php(499): CodeIgniter\CodeIgniter->runController(Object(App\Controllers\Fees_and_payments))
 5 SYSTEMPATH\CodeIgniter.php(368): CodeIgniter\CodeIgniter->handleRequest(null, Object(Config\Cache), false)
 6 FCPATH\index.php(67): CodeIgniter\CodeIgniter->run()
CRITICAL - 2023-05-06 04:25:33 --> Trying to access array offset on value of type null
in APPPATH\Helpers\apanel_helper.php on line 3909.
 1 APPPATH\Helpers\apanel_helper.php(3909): CodeIgniter\Debug\Exceptions->errorHandler(2, 'Trying to access array offset on value of type null', 'APPPATH\\Helpers\\apanel_helper.php', 3909)
 2 APPPATH\Controllers\Fees_and_payments.php(3085): invoice_data('undefined', 'customer')
 3 SYSTEMPATH\CodeIgniter.php(934): App\Controllers\Fees_and_payments->get_all_fees_list('all', '8', 'undefined')
 4 SYSTEMPATH\CodeIgniter.php(499): CodeIgniter\CodeIgniter->runController(Object(App\Controllers\Fees_and_payments))
 5 SYSTEMPATH\CodeIgniter.php(368): CodeIgniter\CodeIgniter->handleRequest(null, Object(Config\Cache), false)
 6 FCPATH\index.php(67): CodeIgniter\CodeIgniter->run()
CRITICAL - 2023-05-06 05:02:54 --> Trying to access array offset on value of type null
in APPPATH\Helpers\apanel_helper.php on line 3909.
 1 APPPATH\Helpers\apanel_helper.php(3909): CodeIgniter\Debug\Exceptions->errorHandler(2, 'Trying to access array offset on value of type null', 'APPPATH\\Helpers\\apanel_helper.php', 3909)
 2 APPPATH\Controllers\Fees_and_payments.php(3085): invoice_data('undefined', 'customer')
 3 SYSTEMPATH\CodeIgniter.php(934): App\Controllers\Fees_and_payments->get_all_fees_list('all', '8', 'undefined')
 4 SYSTEMPATH\CodeIgniter.php(499): CodeIgniter\CodeIgniter->runController(Object(App\Controllers\Fees_and_payments))
 5 SYSTEMPATH\CodeIgniter.php(368): CodeIgniter\CodeIgniter->handleRequest(null, Object(Config\Cache), false)
 6 FCPATH\index.php(67): CodeIgniter\CodeIgniter->run()
CRITICAL - 2023-05-06 05:04:25 --> Trying to access array offset on value of type null
in APPPATH\Helpers\apanel_helper.php on line 3909.
 1 APPPATH\Helpers\apanel_helper.php(3909): CodeIgniter\Debug\Exceptions->errorHandler(2, 'Trying to access array offset on value of type null', 'APPPATH\\Helpers\\apanel_helper.php', 3909)
 2 APPPATH\Controllers\Fees_and_payments.php(3085): invoice_data('undefined', 'customer')
 3 SYSTEMPATH\CodeIgniter.php(934): App\Controllers\Fees_and_payments->get_all_fees_list('all', '8', 'undefined')
 4 SYSTEMPATH\CodeIgniter.php(499): CodeIgniter\CodeIgniter->runController(Object(App\Controllers\Fees_and_payments))
 5 SYSTEMPATH\CodeIgniter.php(368): CodeIgniter\CodeIgniter->handleRequest(null, Object(Config\Cache), false)
 6 FCPATH\index.php(67): CodeIgniter\CodeIgniter->run()
CRITICAL - 2023-05-06 05:07:34 --> Trying to access array offset on value of type null
in APPPATH\Helpers\apanel_helper.php on line 3909.
 1 APPPATH\Helpers\apanel_helper.php(3909): CodeIgniter\Debug\Exceptions->errorHandler(2, 'Trying to access array offset on value of type null', 'APPPATH\\Helpers\\apanel_helper.php', 3909)
 2 APPPATH\Controllers\Fees_and_payments.php(3085): invoice_data('undefined', 'customer')
 3 SYSTEMPATH\CodeIgniter.php(934): App\Controllers\Fees_and_payments->get_all_fees_list('all', '8', 'undefined')
 4 SYSTEMPATH\CodeIgniter.php(499): CodeIgniter\CodeIgniter->runController(Object(App\Controllers\Fees_and_payments))
 5 SYSTEMPATH\CodeIgniter.php(368): CodeIgniter\CodeIgniter->handleRequest(null, Object(Config\Cache), false)
 6 FCPATH\index.php(67): CodeIgniter\CodeIgniter->run()
CRITICAL - 2023-05-06 05:07:41 --> Trying to access array offset on value of type null
in APPPATH\Helpers\apanel_helper.php on line 3909.
 1 APPPATH\Helpers\apanel_helper.php(3909): CodeIgniter\Debug\Exceptions->errorHandler(2, 'Trying to access array offset on value of type null', 'APPPATH\\Helpers\\apanel_helper.php', 3909)
 2 APPPATH\Controllers\Fees_and_payments.php(3085): invoice_data('undefined', 'customer')
 3 SYSTEMPATH\CodeIgniter.php(934): App\Controllers\Fees_and_payments->get_all_fees_list('all', '8', 'undefined')
 4 SYSTEMPATH\CodeIgniter.php(499): CodeIgniter\CodeIgniter->runController(Object(App\Controllers\Fees_and_payments))
 5 SYSTEMPATH\CodeIgniter.php(368): CodeIgniter\CodeIgniter->handleRequest(null, Object(Config\Cache), false)
 6 FCPATH\index.php(67): CodeIgniter\CodeIgniter->run()
CRITICAL - 2023-05-06 05:10:54 --> Trying to access array offset on value of type null
in APPPATH\Helpers\apanel_helper.php on line 3909.
 1 APPPATH\Helpers\apanel_helper.php(3909): CodeIgniter\Debug\Exceptions->errorHandler(2, 'Trying to access array offset on value of type null', 'APPPATH\\Helpers\\apanel_helper.php', 3909)
 2 APPPATH\Controllers\Fees_and_payments.php(3085): invoice_data('undefined', 'customer')
 3 SYSTEMPATH\CodeIgniter.php(934): App\Controllers\Fees_and_payments->get_all_fees_list('all', '8', 'undefined')
 4 SYSTEMPATH\CodeIgniter.php(499): CodeIgniter\CodeIgniter->runController(Object(App\Controllers\Fees_and_payments))
 5 SYSTEMPATH\CodeIgniter.php(368): CodeIgniter\CodeIgniter->handleRequest(null, Object(Config\Cache), false)
 6 FCPATH\index.php(67): CodeIgniter\CodeIgniter->run()
CRITICAL - 2023-05-06 05:13:11 --> Trying to access array offset on value of type null
in APPPATH\Helpers\apanel_helper.php on line 3909.
 1 APPPATH\Helpers\apanel_helper.php(3909): CodeIgniter\Debug\Exceptions->errorHandler(2, 'Trying to access array offset on value of type null', 'APPPATH\\Helpers\\apanel_helper.php', 3909)
 2 APPPATH\Controllers\Fees_and_payments.php(3085): invoice_data('undefined', 'customer')
 3 SYSTEMPATH\CodeIgniter.php(934): App\Controllers\Fees_and_payments->get_all_fees_list('all', '8', 'undefined')
 4 SYSTEMPATH\CodeIgniter.php(499): CodeIgniter\CodeIgniter->runController(Object(App\Controllers\Fees_and_payments))
 5 SYSTEMPATH\CodeIgniter.php(368): CodeIgniter\CodeIgniter->handleRequest(null, Object(Config\Cache), false)
 6 FCPATH\index.php(67): CodeIgniter\CodeIgniter->run()
CRITICAL - 2023-05-06 05:14:28 --> Trying to access array offset on value of type null
in APPPATH\Helpers\apanel_helper.php on line 3909.
 1 APPPATH\Helpers\apanel_helper.php(3909): CodeIgniter\Debug\Exceptions->errorHandler(2, 'Trying to access array offset on value of type null', 'APPPATH\\Helpers\\apanel_helper.php', 3909)
 2 APPPATH\Controllers\Fees_and_payments.php(3085): invoice_data('undefined', 'customer')
 3 SYSTEMPATH\CodeIgniter.php(934): App\Controllers\Fees_and_payments->get_all_fees_list('all', '8', 'undefined')
 4 SYSTEMPATH\CodeIgniter.php(499): CodeIgniter\CodeIgniter->runController(Object(App\Controllers\Fees_and_payments))
 5 SYSTEMPATH\CodeIgniter.php(368): CodeIgniter\CodeIgniter->handleRequest(null, Object(Config\Cache), false)
 6 FCPATH\index.php(67): CodeIgniter\CodeIgniter->run()
CRITICAL - 2023-05-06 05:15:02 --> Trying to access array offset on value of type null
in APPPATH\Helpers\apanel_helper.php on line 3909.
 1 APPPATH\Helpers\apanel_helper.php(3909): CodeIgniter\Debug\Exceptions->errorHandler(2, 'Trying to access array offset on value of type null', 'APPPATH\\Helpers\\apanel_helper.php', 3909)
 2 APPPATH\Controllers\Fees_and_payments.php(3085): invoice_data('undefined', 'customer')
 3 SYSTEMPATH\CodeIgniter.php(934): App\Controllers\Fees_and_payments->get_all_fees_list('all', '8', 'undefined')
 4 SYSTEMPATH\CodeIgniter.php(499): CodeIgniter\CodeIgniter->runController(Object(App\Controllers\Fees_and_payments))
 5 SYSTEMPATH\CodeIgniter.php(368): CodeIgniter\CodeIgniter->handleRequest(null, Object(Config\Cache), false)
 6 FCPATH\index.php(67): CodeIgniter\CodeIgniter->run()
CRITICAL - 2023-05-06 05:15:34 --> Trying to access array offset on value of type null
in APPPATH\Helpers\apanel_helper.php on line 3909.
 1 APPPATH\Helpers\apanel_helper.php(3909): CodeIgniter\Debug\Exceptions->errorHandler(2, 'Trying to access array offset on value of type null', 'APPPATH\\Helpers\\apanel_helper.php', 3909)
 2 APPPATH\Controllers\Fees_and_payments.php(3085): invoice_data('undefined', 'customer')
 3 SYSTEMPATH\CodeIgniter.php(934): App\Controllers\Fees_and_payments->get_all_fees_list('all', '8', 'undefined')
 4 SYSTEMPATH\CodeIgniter.php(499): CodeIgniter\CodeIgniter->runController(Object(App\Controllers\Fees_and_payments))
 5 SYSTEMPATH\CodeIgniter.php(368): CodeIgniter\CodeIgniter->handleRequest(null, Object(Config\Cache), false)
 6 FCPATH\index.php(67): CodeIgniter\CodeIgniter->run()
CRITICAL - 2023-05-06 05:17:35 --> Trying to access array offset on value of type null
in APPPATH\Helpers\apanel_helper.php on line 3909.
 1 APPPATH\Helpers\apanel_helper.php(3909): CodeIgniter\Debug\Exceptions->errorHandler(2, 'Trying to access array offset on value of type null', 'APPPATH\\Helpers\\apanel_helper.php', 3909)
 2 APPPATH\Controllers\Fees_and_payments.php(3085): invoice_data('undefined', 'customer')
 3 SYSTEMPATH\CodeIgniter.php(934): App\Controllers\Fees_and_payments->get_all_fees_list('all', '8', 'undefined')
 4 SYSTEMPATH\CodeIgniter.php(499): CodeIgniter\CodeIgniter->runController(Object(App\Controllers\Fees_and_payments))
 5 SYSTEMPATH\CodeIgniter.php(368): CodeIgniter\CodeIgniter->handleRequest(null, Object(Config\Cache), false)
 6 FCPATH\index.php(67): CodeIgniter\CodeIgniter->run()
CRITICAL - 2023-05-06 05:23:49 --> Trying to access array offset on value of type null
in APPPATH\Helpers\apanel_helper.php on line 3909.
 1 APPPATH\Helpers\apanel_helper.php(3909): CodeIgniter\Debug\Exceptions->errorHandler(2, 'Trying to access array offset on value of type null', 'APPPATH\\Helpers\\apanel_helper.php', 3909)
 2 APPPATH\Controllers\Fees_and_payments.php(3085): invoice_data('undefined', 'customer')
 3 SYSTEMPATH\CodeIgniter.php(934): App\Controllers\Fees_and_payments->get_all_fees_list('all', '8', 'undefined')
 4 SYSTEMPATH\CodeIgniter.php(499): CodeIgniter\CodeIgniter->runController(Object(App\Controllers\Fees_and_payments))
 5 SYSTEMPATH\CodeIgniter.php(368): CodeIgniter\CodeIgniter->handleRequest(null, Object(Config\Cache), false)
 6 FCPATH\index.php(67): CodeIgniter\CodeIgniter->run()
CRITICAL - 2023-05-06 07:08:07 --> Trying to access array offset on value of type null
in APPPATH\Helpers\apanel_helper.php on line 3909.
 1 APPPATH\Helpers\apanel_helper.php(3909): CodeIgniter\Debug\Exceptions->errorHandler(2, 'Trying to access array offset on value of type null', 'APPPATH\\Helpers\\apanel_helper.php', 3909)
 2 APPPATH\Controllers\Fees_and_payments.php(3085): invoice_data('undefined', 'customer')
 3 SYSTEMPATH\CodeIgniter.php(934): App\Controllers\Fees_and_payments->get_all_fees_list('all', '8', 'undefined')
 4 SYSTEMPATH\CodeIgniter.php(499): CodeIgniter\CodeIgniter->runController(Object(App\Controllers\Fees_and_payments))
 5 SYSTEMPATH\CodeIgniter.php(368): CodeIgniter\CodeIgniter->handleRequest(null, Object(Config\Cache), false)
 6 FCPATH\index.php(67): CodeIgniter\CodeIgniter->run()
CRITICAL - 2023-05-06 07:24:51 --> Trying to access array offset on value of type null
in APPPATH\Helpers\apanel_helper.php on line 3909.
 1 APPPATH\Helpers\apanel_helper.php(3909): CodeIgniter\Debug\Exceptions->errorHandler(2, 'Trying to access array offset on value of type null', 'APPPATH\\Helpers\\apanel_helper.php', 3909)
 2 APPPATH\Controllers\Fees_and_payments.php(3085): invoice_data('undefined', 'customer')
 3 SYSTEMPATH\CodeIgniter.php(934): App\Controllers\Fees_and_payments->get_all_fees_list('all', '8', 'undefined')
 4 SYSTEMPATH\CodeIgniter.php(499): CodeIgniter\CodeIgniter->runController(Object(App\Controllers\Fees_and_payments))
 5 SYSTEMPATH\CodeIgniter.php(368): CodeIgniter\CodeIgniter->handleRequest(null, Object(Config\Cache), false)
 6 FCPATH\index.php(67): CodeIgniter\CodeIgniter->run()
CRITICAL - 2023-05-06 07:27:46 --> Trying to access array offset on value of type null
in APPPATH\Helpers\apanel_helper.php on line 3909.
 1 APPPATH\Helpers\apanel_helper.php(3909): CodeIgniter\Debug\Exceptions->errorHandler(2, 'Trying to access array offset on value of type null', 'APPPATH\\Helpers\\apanel_helper.php', 3909)
 2 APPPATH\Controllers\Fees_and_payments.php(3085): invoice_data('undefined', 'customer')
 3 SYSTEMPATH\CodeIgniter.php(934): App\Controllers\Fees_and_payments->get_all_fees_list('all', '8', 'undefined')
 4 SYSTEMPATH\CodeIgniter.php(499): CodeIgniter\CodeIgniter->runController(Object(App\Controllers\Fees_and_payments))
 5 SYSTEMPATH\CodeIgniter.php(368): CodeIgniter\CodeIgniter->handleRequest(null, Object(Config\Cache), false)
 6 FCPATH\index.php(67): CodeIgniter\CodeIgniter->run()
CRITICAL - 2023-05-06 07:28:16 --> Trying to access array offset on value of type null
in APPPATH\Helpers\apanel_helper.php on line 3909.
 1 APPPATH\Helpers\apanel_helper.php(3909): CodeIgniter\Debug\Exceptions->errorHandler(2, 'Trying to access array offset on value of type null', 'APPPATH\\Helpers\\apanel_helper.php', 3909)
 2 APPPATH\Controllers\Fees_and_payments.php(3085): invoice_data('undefined', 'customer')
 3 SYSTEMPATH\CodeIgniter.php(934): App\Controllers\Fees_and_payments->get_all_fees_list('all', '8', 'undefined')
 4 SYSTEMPATH\CodeIgniter.php(499): CodeIgniter\CodeIgniter->runController(Object(App\Controllers\Fees_and_payments))
 5 SYSTEMPATH\CodeIgniter.php(368): CodeIgniter\CodeIgniter->handleRequest(null, Object(Config\Cache), false)
 6 FCPATH\index.php(67): CodeIgniter\CodeIgniter->run()
CRITICAL - 2023-05-06 07:29:03 --> Trying to access array offset on value of type null
in APPPATH\Helpers\apanel_helper.php on line 3909.
 1 APPPATH\Helpers\apanel_helper.php(3909): CodeIgniter\Debug\Exceptions->errorHandler(2, 'Trying to access array offset on value of type null', 'APPPATH\\Helpers\\apanel_helper.php', 3909)
 2 APPPATH\Controllers\Fees_and_payments.php(3085): invoice_data('undefined', 'customer')
 3 SYSTEMPATH\CodeIgniter.php(934): App\Controllers\Fees_and_payments->get_all_fees_list('all', '8', 'undefined')
 4 SYSTEMPATH\CodeIgniter.php(499): CodeIgniter\CodeIgniter->runController(Object(App\Controllers\Fees_and_payments))
 5 SYSTEMPATH\CodeIgniter.php(368): CodeIgniter\CodeIgniter->handleRequest(null, Object(Config\Cache), false)
 6 FCPATH\index.php(67): CodeIgniter\CodeIgniter->run()
CRITICAL - 2023-05-06 07:29:45 --> Trying to access array offset on value of type null
in APPPATH\Helpers\apanel_helper.php on line 3909.
 1 APPPATH\Helpers\apanel_helper.php(3909): CodeIgniter\Debug\Exceptions->errorHandler(2, 'Trying to access array offset on value of type null', 'APPPATH\\Helpers\\apanel_helper.php', 3909)
 2 APPPATH\Controllers\Fees_and_payments.php(3085): invoice_data('undefined', 'customer')
 3 SYSTEMPATH\CodeIgniter.php(934): App\Controllers\Fees_and_payments->get_all_fees_list('all', '8', 'undefined')
 4 SYSTEMPATH\CodeIgniter.php(499): CodeIgniter\CodeIgniter->runController(Object(App\Controllers\Fees_and_payments))
 5 SYSTEMPATH\CodeIgniter.php(368): CodeIgniter\CodeIgniter->handleRequest(null, Object(Config\Cache), false)
 6 FCPATH\index.php(67): CodeIgniter\CodeIgniter->run()
CRITICAL - 2023-05-06 08:31:26 --> Trying to access array offset on value of type null
in APPPATH\Helpers\apanel_helper.php on line 3909.
 1 APPPATH\Helpers\apanel_helper.php(3909): CodeIgniter\Debug\Exceptions->errorHandler(2, 'Trying to access array offset on value of type null', 'APPPATH\\Helpers\\apanel_helper.php', 3909)
 2 APPPATH\Controllers\Fees_and_payments.php(3085): invoice_data('undefined', 'customer')
 3 SYSTEMPATH\CodeIgniter.php(934): App\Controllers\Fees_and_payments->get_all_fees_list('all', '8', 'undefined')
 4 SYSTEMPATH\CodeIgniter.php(499): CodeIgniter\CodeIgniter->runController(Object(App\Controllers\Fees_and_payments))
 5 SYSTEMPATH\CodeIgniter.php(368): CodeIgniter\CodeIgniter->handleRequest(null, Object(Config\Cache), false)
 6 FCPATH\index.php(67): CodeIgniter\CodeIgniter->run()
CRITICAL - 2023-05-06 08:33:08 --> Trying to access array offset on value of type null
in APPPATH\Helpers\apanel_helper.php on line 3909.
 1 APPPATH\Helpers\apanel_helper.php(3909): CodeIgniter\Debug\Exceptions->errorHandler(2, 'Trying to access array offset on value of type null', 'APPPATH\\Helpers\\apanel_helper.php', 3909)
 2 APPPATH\Controllers\Fees_and_payments.php(3085): invoice_data('undefined', 'customer')
 3 SYSTEMPATH\CodeIgniter.php(934): App\Controllers\Fees_and_payments->get_all_fees_list('all', '8', 'undefined')
 4 SYSTEMPATH\CodeIgniter.php(499): CodeIgniter\CodeIgniter->runController(Object(App\Controllers\Fees_and_payments))
 5 SYSTEMPATH\CodeIgniter.php(368): CodeIgniter\CodeIgniter->handleRequest(null, Object(Config\Cache), false)
 6 FCPATH\index.php(67): CodeIgniter\CodeIgniter->run()
CRITICAL - 2023-05-06 08:33:24 --> Trying to access array offset on value of type null
in APPPATH\Helpers\apanel_helper.php on line 3909.
 1 APPPATH\Helpers\apanel_helper.php(3909): CodeIgniter\Debug\Exceptions->errorHandler(2, 'Trying to access array offset on value of type null', 'APPPATH\\Helpers\\apanel_helper.php', 3909)
 2 APPPATH\Controllers\Fees_and_payments.php(3085): invoice_data('undefined', 'customer')
 3 SYSTEMPATH\CodeIgniter.php(934): App\Controllers\Fees_and_payments->get_all_fees_list('all', '8', 'undefined')
 4 SYSTEMPATH\CodeIgniter.php(499): CodeIgniter\CodeIgniter->runController(Object(App\Controllers\Fees_and_payments))
 5 SYSTEMPATH\CodeIgniter.php(368): CodeIgniter\CodeIgniter->handleRequest(null, Object(Config\Cache), false)
 6 FCPATH\index.php(67): CodeIgniter\CodeIgniter->run()
CRITICAL - 2023-05-06 08:34:31 --> Trying to access array offset on value of type null
in APPPATH\Helpers\apanel_helper.php on line 3909.
 1 APPPATH\Helpers\apanel_helper.php(3909): CodeIgniter\Debug\Exceptions->errorHandler(2, 'Trying to access array offset on value of type null', 'APPPATH\\Helpers\\apanel_helper.php', 3909)
 2 APPPATH\Controllers\Fees_and_payments.php(3085): invoice_data('undefined', 'customer')
 3 SYSTEMPATH\CodeIgniter.php(934): App\Controllers\Fees_and_payments->get_all_fees_list('all', '8', 'undefined')
 4 SYSTEMPATH\CodeIgniter.php(499): CodeIgniter\CodeIgniter->runController(Object(App\Controllers\Fees_and_payments))
 5 SYSTEMPATH\CodeIgniter.php(368): CodeIgniter\CodeIgniter->handleRequest(null, Object(Config\Cache), false)
 6 FCPATH\index.php(67): CodeIgniter\CodeIgniter->run()
CRITICAL - 2023-05-06 08:40:19 --> Trying to access array offset on value of type null
in APPPATH\Helpers\apanel_helper.php on line 3909.
 1 APPPATH\Helpers\apanel_helper.php(3909): CodeIgniter\Debug\Exceptions->errorHandler(2, 'Trying to access array offset on value of type null', 'APPPATH\\Helpers\\apanel_helper.php', 3909)
 2 APPPATH\Controllers\Fees_and_payments.php(3085): invoice_data('undefined', 'customer')
 3 SYSTEMPATH\CodeIgniter.php(934): App\Controllers\Fees_and_payments->get_all_fees_list('all', '8', 'undefined')
 4 SYSTEMPATH\CodeIgniter.php(499): CodeIgniter\CodeIgniter->runController(Object(App\Controllers\Fees_and_payments))
 5 SYSTEMPATH\CodeIgniter.php(368): CodeIgniter\CodeIgniter->handleRequest(null, Object(Config\Cache), false)
 6 FCPATH\index.php(67): CodeIgniter\CodeIgniter->run()
CRITICAL - 2023-05-06 08:42:45 --> Trying to access array offset on value of type null
in APPPATH\Helpers\apanel_helper.php on line 3909.
 1 APPPATH\Helpers\apanel_helper.php(3909): CodeIgniter\Debug\Exceptions->errorHandler(2, 'Trying to access array offset on value of type null', 'APPPATH\\Helpers\\apanel_helper.php', 3909)
 2 APPPATH\Controllers\Fees_and_payments.php(3085): invoice_data('undefined', 'customer')
 3 SYSTEMPATH\CodeIgniter.php(934): App\Controllers\Fees_and_payments->get_all_fees_list('all', '8', 'undefined')
 4 SYSTEMPATH\CodeIgniter.php(499): CodeIgniter\CodeIgniter->runController(Object(App\Controllers\Fees_and_payments))
 5 SYSTEMPATH\CodeIgniter.php(368): CodeIgniter\CodeIgniter->handleRequest(null, Object(Config\Cache), false)
 6 FCPATH\index.php(67): CodeIgniter\CodeIgniter->run()
CRITICAL - 2023-05-06 08:44:44 --> Trying to access array offset on value of type null
in APPPATH\Helpers\apanel_helper.php on line 3909.
 1 APPPATH\Helpers\apanel_helper.php(3909): CodeIgniter\Debug\Exceptions->errorHandler(2, 'Trying to access array offset on value of type null', 'APPPATH\\Helpers\\apanel_helper.php', 3909)
 2 APPPATH\Controllers\Fees_and_payments.php(3085): invoice_data('undefined', 'customer')
 3 SYSTEMPATH\CodeIgniter.php(934): App\Controllers\Fees_and_payments->get_all_fees_list('all', '8', 'undefined')
 4 SYSTEMPATH\CodeIgniter.php(499): CodeIgniter\CodeIgniter->runController(Object(App\Controllers\Fees_and_payments))
 5 SYSTEMPATH\CodeIgniter.php(368): CodeIgniter\CodeIgniter->handleRequest(null, Object(Config\Cache), false)
 6 FCPATH\index.php(67): CodeIgniter\CodeIgniter->run()
CRITICAL - 2023-05-06 08:52:36 --> Trying to access array offset on value of type null
in APPPATH\Helpers\apanel_helper.php on line 3909.
 1 APPPATH\Helpers\apanel_helper.php(3909): CodeIgniter\Debug\Exceptions->errorHandler(2, 'Trying to access array offset on value of type null', 'APPPATH\\Helpers\\apanel_helper.php', 3909)
 2 APPPATH\Controllers\Fees_and_payments.php(3085): invoice_data('undefined', 'customer')
 3 SYSTEMPATH\CodeIgniter.php(934): App\Controllers\Fees_and_payments->get_all_fees_list('all', '8', 'undefined')
 4 SYSTEMPATH\CodeIgniter.php(499): CodeIgniter\CodeIgniter->runController(Object(App\Controllers\Fees_and_payments))
 5 SYSTEMPATH\CodeIgniter.php(368): CodeIgniter\CodeIgniter->handleRequest(null, Object(Config\Cache), false)
 6 FCPATH\index.php(67): CodeIgniter\CodeIgniter->run()
CRITICAL - 2023-05-06 09:04:36 --> Trying to access array offset on value of type null
in APPPATH\Helpers\apanel_helper.php on line 3909.
 1 APPPATH\Helpers\apanel_helper.php(3909): CodeIgniter\Debug\Exceptions->errorHandler(2, 'Trying to access array offset on value of type null', 'APPPATH\\Helpers\\apanel_helper.php', 3909)
 2 APPPATH\Controllers\Fees_and_payments.php(3085): invoice_data('undefined', 'customer')
 3 SYSTEMPATH\CodeIgniter.php(934): App\Controllers\Fees_and_payments->get_all_fees_list('all', '8', 'undefined')
 4 SYSTEMPATH\CodeIgniter.php(499): CodeIgniter\CodeIgniter->runController(Object(App\Controllers\Fees_and_payments))
 5 SYSTEMPATH\CodeIgniter.php(368): CodeIgniter\CodeIgniter->handleRequest(null, Object(Config\Cache), false)
 6 FCPATH\index.php(67): CodeIgniter\CodeIgniter->run()
CRITICAL - 2023-05-06 09:04:50 --> Trying to access array offset on value of type null
in APPPATH\Helpers\apanel_helper.php on line 3909.
 1 APPPATH\Helpers\apanel_helper.php(3909): CodeIgniter\Debug\Exceptions->errorHandler(2, 'Trying to access array offset on value of type null', 'APPPATH\\Helpers\\apanel_helper.php', 3909)
 2 APPPATH\Controllers\Fees_and_payments.php(3085): invoice_data('undefined', 'customer')
 3 SYSTEMPATH\CodeIgniter.php(934): App\Controllers\Fees_and_payments->get_all_fees_list('all', '8', 'undefined')
 4 SYSTEMPATH\CodeIgniter.php(499): CodeIgniter\CodeIgniter->runController(Object(App\Controllers\Fees_and_payments))
 5 SYSTEMPATH\CodeIgniter.php(368): CodeIgniter\CodeIgniter->handleRequest(null, Object(Config\Cache), false)
 6 FCPATH\index.php(67): CodeIgniter\CodeIgniter->run()
CRITICAL - 2023-05-06 09:11:04 --> Trying to access array offset on value of type null
in APPPATH\Helpers\apanel_helper.php on line 3909.
 1 APPPATH\Helpers\apanel_helper.php(3909): CodeIgniter\Debug\Exceptions->errorHandler(2, 'Trying to access array offset on value of type null', 'APPPATH\\Helpers\\apanel_helper.php', 3909)
 2 APPPATH\Controllers\Fees_and_payments.php(3085): invoice_data('undefined', 'customer')
 3 SYSTEMPATH\CodeIgniter.php(934): App\Controllers\Fees_and_payments->get_all_fees_list('all', '8', 'undefined')
 4 SYSTEMPATH\CodeIgniter.php(499): CodeIgniter\CodeIgniter->runController(Object(App\Controllers\Fees_and_payments))
 5 SYSTEMPATH\CodeIgniter.php(368): CodeIgniter\CodeIgniter->handleRequest(null, Object(Config\Cache), false)
 6 FCPATH\index.php(67): CodeIgniter\CodeIgniter->run()
CRITICAL - 2023-05-06 09:11:08 --> Trying to access array offset on value of type null
in APPPATH\Helpers\apanel_helper.php on line 3909.
 1 APPPATH\Helpers\apanel_helper.php(3909): CodeIgniter\Debug\Exceptions->errorHandler(2, 'Trying to access array offset on value of type null', 'APPPATH\\Helpers\\apanel_helper.php', 3909)
 2 APPPATH\Controllers\Fees_and_payments.php(3085): invoice_data('undefined', 'customer')
 3 SYSTEMPATH\CodeIgniter.php(934): App\Controllers\Fees_and_payments->get_all_fees_list('all', '8', 'undefined')
 4 SYSTEMPATH\CodeIgniter.php(499): CodeIgniter\CodeIgniter->runController(Object(App\Controllers\Fees_and_payments))
 5 SYSTEMPATH\CodeIgniter.php(368): CodeIgniter\CodeIgniter->handleRequest(null, Object(Config\Cache), false)
 6 FCPATH\index.php(67): CodeIgniter\CodeIgniter->run()
CRITICAL - 2023-05-06 09:11:35 --> Trying to access array offset on value of type null
in APPPATH\Helpers\apanel_helper.php on line 3909.
 1 APPPATH\Helpers\apanel_helper.php(3909): CodeIgniter\Debug\Exceptions->errorHandler(2, 'Trying to access array offset on value of type null', 'APPPATH\\Helpers\\apanel_helper.php', 3909)
 2 APPPATH\Controllers\Fees_and_payments.php(3085): invoice_data('undefined', 'customer')
 3 SYSTEMPATH\CodeIgniter.php(934): App\Controllers\Fees_and_payments->get_all_fees_list('all', '8', 'undefined')
 4 SYSTEMPATH\CodeIgniter.php(499): CodeIgniter\CodeIgniter->runController(Object(App\Controllers\Fees_and_payments))
 5 SYSTEMPATH\CodeIgniter.php(368): CodeIgniter\CodeIgniter->handleRequest(null, Object(Config\Cache), false)
 6 FCPATH\index.php(67): CodeIgniter\CodeIgniter->run()
CRITICAL - 2023-05-06 09:11:40 --> Trying to access array offset on value of type null
in APPPATH\Helpers\apanel_helper.php on line 3909.
 1 APPPATH\Helpers\apanel_helper.php(3909): CodeIgniter\Debug\Exceptions->errorHandler(2, 'Trying to access array offset on value of type null', 'APPPATH\\Helpers\\apanel_helper.php', 3909)
 2 APPPATH\Controllers\Fees_and_payments.php(3085): invoice_data('undefined', 'customer')
 3 SYSTEMPATH\CodeIgniter.php(934): App\Controllers\Fees_and_payments->get_all_fees_list('all', '8', 'undefined')
 4 SYSTEMPATH\CodeIgniter.php(499): CodeIgniter\CodeIgniter->runController(Object(App\Controllers\Fees_and_payments))
 5 SYSTEMPATH\CodeIgniter.php(368): CodeIgniter\CodeIgniter->handleRequest(null, Object(Config\Cache), false)
 6 FCPATH\index.php(67): CodeIgniter\CodeIgniter->run()
CRITICAL - 2023-05-06 09:12:57 --> Trying to access array offset on value of type null
in APPPATH\Helpers\apanel_helper.php on line 3909.
 1 APPPATH\Helpers\apanel_helper.php(3909): CodeIgniter\Debug\Exceptions->errorHandler(2, 'Trying to access array offset on value of type null', 'APPPATH\\Helpers\\apanel_helper.php', 3909)
 2 APPPATH\Controllers\Fees_and_payments.php(3085): invoice_data('undefined', 'customer')
 3 SYSTEMPATH\CodeIgniter.php(934): App\Controllers\Fees_and_payments->get_all_fees_list('all', '8', 'undefined')
 4 SYSTEMPATH\CodeIgniter.php(499): CodeIgniter\CodeIgniter->runController(Object(App\Controllers\Fees_and_payments))
 5 SYSTEMPATH\CodeIgniter.php(368): CodeIgniter\CodeIgniter->handleRequest(null, Object(Config\Cache), false)
 6 FCPATH\index.php(67): CodeIgniter\CodeIgniter->run()
CRITICAL - 2023-05-06 09:21:52 --> Trying to access array offset on value of type null
in APPPATH\Helpers\apanel_helper.php on line 3909.
 1 APPPATH\Helpers\apanel_helper.php(3909): CodeIgniter\Debug\Exceptions->errorHandler(2, 'Trying to access array offset on value of type null', 'APPPATH\\Helpers\\apanel_helper.php', 3909)
 2 APPPATH\Controllers\Fees_and_payments.php(3085): invoice_data('undefined', 'customer')
 3 SYSTEMPATH\CodeIgniter.php(934): App\Controllers\Fees_and_payments->get_all_fees_list('all', '8', 'undefined')
 4 SYSTEMPATH\CodeIgniter.php(499): CodeIgniter\CodeIgniter->runController(Object(App\Controllers\Fees_and_payments))
 5 SYSTEMPATH\CodeIgniter.php(368): CodeIgniter\CodeIgniter->handleRequest(null, Object(Config\Cache), false)
 6 FCPATH\index.php(67): CodeIgniter\CodeIgniter->run()
CRITICAL - 2023-05-06 09:23:37 --> Trying to access array offset on value of type null
in APPPATH\Helpers\apanel_helper.php on line 3909.
 1 APPPATH\Helpers\apanel_helper.php(3909): CodeIgniter\Debug\Exceptions->errorHandler(2, 'Trying to access array offset on value of type null', 'APPPATH\\Helpers\\apanel_helper.php', 3909)
 2 APPPATH\Controllers\Fees_and_payments.php(3085): invoice_data('undefined', 'customer')
 3 SYSTEMPATH\CodeIgniter.php(934): App\Controllers\Fees_and_payments->get_all_fees_list('all', '8', 'undefined')
 4 SYSTEMPATH\CodeIgniter.php(499): CodeIgniter\CodeIgniter->runController(Object(App\Controllers\Fees_and_payments))
 5 SYSTEMPATH\CodeIgniter.php(368): CodeIgniter\CodeIgniter->handleRequest(null, Object(Config\Cache), false)
 6 FCPATH\index.php(67): CodeIgniter\CodeIgniter->run()
CRITICAL - 2023-05-06 09:23:39 --> Trying to access array offset on value of type null
in APPPATH\Helpers\apanel_helper.php on line 3909.
 1 APPPATH\Helpers\apanel_helper.php(3909): CodeIgniter\Debug\Exceptions->errorHandler(2, 'Trying to access array offset on value of type null', 'APPPATH\\Helpers\\apanel_helper.php', 3909)
 2 APPPATH\Controllers\Fees_and_payments.php(3085): invoice_data('undefined', 'customer')
 3 SYSTEMPATH\CodeIgniter.php(934): App\Controllers\Fees_and_payments->get_all_fees_list('all', '8', 'undefined')
 4 SYSTEMPATH\CodeIgniter.php(499): CodeIgniter\CodeIgniter->runController(Object(App\Controllers\Fees_and_payments))
 5 SYSTEMPATH\CodeIgniter.php(368): CodeIgniter\CodeIgniter->handleRequest(null, Object(Config\Cache), false)
 6 FCPATH\index.php(67): CodeIgniter\CodeIgniter->run()
CRITICAL - 2023-05-06 09:23:41 --> Trying to access array offset on value of type null
in APPPATH\Helpers\apanel_helper.php on line 3909.
 1 APPPATH\Helpers\apanel_helper.php(3909): CodeIgniter\Debug\Exceptions->errorHandler(2, 'Trying to access array offset on value of type null', 'APPPATH\\Helpers\\apanel_helper.php', 3909)
 2 APPPATH\Controllers\Fees_and_payments.php(3085): invoice_data('undefined', 'customer')
 3 SYSTEMPATH\CodeIgniter.php(934): App\Controllers\Fees_and_payments->get_all_fees_list('all', '8', 'undefined')
 4 SYSTEMPATH\CodeIgniter.php(499): CodeIgniter\CodeIgniter->runController(Object(App\Controllers\Fees_and_payments))
 5 SYSTEMPATH\CodeIgniter.php(368): CodeIgniter\CodeIgniter->handleRequest(null, Object(Config\Cache), false)
 6 FCPATH\index.php(67): CodeIgniter\CodeIgniter->run()
CRITICAL - 2023-05-06 09:26:48 --> Trying to access array offset on value of type null
in APPPATH\Helpers\apanel_helper.php on line 3909.
 1 APPPATH\Helpers\apanel_helper.php(3909): CodeIgniter\Debug\Exceptions->errorHandler(2, 'Trying to access array offset on value of type null', 'APPPATH\\Helpers\\apanel_helper.php', 3909)
 2 APPPATH\Controllers\Fees_and_payments.php(3085): invoice_data('undefined', 'customer')
 3 SYSTEMPATH\CodeIgniter.php(934): App\Controllers\Fees_and_payments->get_all_fees_list('all', '8', 'undefined')
 4 SYSTEMPATH\CodeIgniter.php(499): CodeIgniter\CodeIgniter->runController(Object(App\Controllers\Fees_and_payments))
 5 SYSTEMPATH\CodeIgniter.php(368): CodeIgniter\CodeIgniter->handleRequest(null, Object(Config\Cache), false)
 6 FCPATH\index.php(67): CodeIgniter\CodeIgniter->run()
CRITICAL - 2023-05-06 09:45:32 --> Trying to access array offset on value of type null
in APPPATH\Helpers\apanel_helper.php on line 3909.
 1 APPPATH\Helpers\apanel_helper.php(3909): CodeIgniter\Debug\Exceptions->errorHandler(2, 'Trying to access array offset on value of type null', 'APPPATH\\Helpers\\apanel_helper.php', 3909)
 2 APPPATH\Controllers\Fees_and_payments.php(3085): invoice_data('undefined', 'customer')
 3 SYSTEMPATH\CodeIgniter.php(934): App\Controllers\Fees_and_payments->get_all_fees_list('all', '8', 'undefined')
 4 SYSTEMPATH\CodeIgniter.php(499): CodeIgniter\CodeIgniter->runController(Object(App\Controllers\Fees_and_payments))
 5 SYSTEMPATH\CodeIgniter.php(368): CodeIgniter\CodeIgniter->handleRequest(null, Object(Config\Cache), false)
 6 FCPATH\index.php(67): CodeIgniter\CodeIgniter->run()
CRITICAL - 2023-05-06 09:49:04 --> Trying to access array offset on value of type null
in APPPATH\Helpers\apanel_helper.php on line 3909.
 1 APPPATH\Helpers\apanel_helper.php(3909): CodeIgniter\Debug\Exceptions->errorHandler(2, 'Trying to access array offset on value of type null', 'APPPATH\\Helpers\\apanel_helper.php', 3909)
 2 APPPATH\Controllers\Fees_and_payments.php(3085): invoice_data('undefined', 'customer')
 3 SYSTEMPATH\CodeIgniter.php(934): App\Controllers\Fees_and_payments->get_all_fees_list('all', '8', 'undefined')
 4 SYSTEMPATH\CodeIgniter.php(499): CodeIgniter\CodeIgniter->runController(Object(App\Controllers\Fees_and_payments))
 5 SYSTEMPATH\CodeIgniter.php(368): CodeIgniter\CodeIgniter->handleRequest(null, Object(Config\Cache), false)
 6 FCPATH\index.php(67): CodeIgniter\CodeIgniter->run()
CRITICAL - 2023-05-06 09:49:22 --> Trying to access array offset on value of type null
in APPPATH\Helpers\apanel_helper.php on line 3909.
 1 APPPATH\Helpers\apanel_helper.php(3909): CodeIgniter\Debug\Exceptions->errorHandler(2, 'Trying to access array offset on value of type null', 'APPPATH\\Helpers\\apanel_helper.php', 3909)
 2 APPPATH\Controllers\Fees_and_payments.php(3085): invoice_data('undefined', 'customer')
 3 SYSTEMPATH\CodeIgniter.php(934): App\Controllers\Fees_and_payments->get_all_fees_list('all', '8', 'undefined')
 4 SYSTEMPATH\CodeIgniter.php(499): CodeIgniter\CodeIgniter->runController(Object(App\Controllers\Fees_and_payments))
 5 SYSTEMPATH\CodeIgniter.php(368): CodeIgniter\CodeIgniter->handleRequest(null, Object(Config\Cache), false)
 6 FCPATH\index.php(67): CodeIgniter\CodeIgniter->run()
CRITICAL - 2023-05-06 09:50:50 --> Trying to access array offset on value of type null
in APPPATH\Helpers\apanel_helper.php on line 3909.
 1 APPPATH\Helpers\apanel_helper.php(3909): CodeIgniter\Debug\Exceptions->errorHandler(2, 'Trying to access array offset on value of type null', 'APPPATH\\Helpers\\apanel_helper.php', 3909)
 2 APPPATH\Controllers\Fees_and_payments.php(3085): invoice_data('undefined', 'customer')
 3 SYSTEMPATH\CodeIgniter.php(934): App\Controllers\Fees_and_payments->get_all_fees_list('all', '8', 'undefined')
 4 SYSTEMPATH\CodeIgniter.php(499): CodeIgniter\CodeIgniter->runController(Object(App\Controllers\Fees_and_payments))
 5 SYSTEMPATH\CodeIgniter.php(368): CodeIgniter\CodeIgniter->handleRequest(null, Object(Config\Cache), false)
 6 FCPATH\index.php(67): CodeIgniter\CodeIgniter->run()
CRITICAL - 2023-05-06 09:51:00 --> Trying to access array offset on value of type null
in APPPATH\Helpers\apanel_helper.php on line 3909.
 1 APPPATH\Helpers\apanel_helper.php(3909): CodeIgniter\Debug\Exceptions->errorHandler(2, 'Trying to access array offset on value of type null', 'APPPATH\\Helpers\\apanel_helper.php', 3909)
 2 APPPATH\Controllers\Fees_and_payments.php(3085): invoice_data('undefined', 'customer')
 3 SYSTEMPATH\CodeIgniter.php(934): App\Controllers\Fees_and_payments->get_all_fees_list('all', '8', 'undefined')
 4 SYSTEMPATH\CodeIgniter.php(499): CodeIgniter\CodeIgniter->runController(Object(App\Controllers\Fees_and_payments))
 5 SYSTEMPATH\CodeIgniter.php(368): CodeIgniter\CodeIgniter->handleRequest(null, Object(Config\Cache), false)
 6 FCPATH\index.php(67): CodeIgniter\CodeIgniter->run()
CRITICAL - 2023-05-06 09:51:40 --> Trying to access array offset on value of type null
in APPPATH\Helpers\apanel_helper.php on line 3909.
 1 APPPATH\Helpers\apanel_helper.php(3909): CodeIgniter\Debug\Exceptions->errorHandler(2, 'Trying to access array offset on value of type null', 'APPPATH\\Helpers\\apanel_helper.php', 3909)
 2 APPPATH\Controllers\Fees_and_payments.php(3085): invoice_data('undefined', 'customer')
 3 SYSTEMPATH\CodeIgniter.php(934): App\Controllers\Fees_and_payments->get_all_fees_list('all', '8', 'undefined')
 4 SYSTEMPATH\CodeIgniter.php(499): CodeIgniter\CodeIgniter->runController(Object(App\Controllers\Fees_and_payments))
 5 SYSTEMPATH\CodeIgniter.php(368): CodeIgniter\CodeIgniter->handleRequest(null, Object(Config\Cache), false)
 6 FCPATH\index.php(67): CodeIgniter\CodeIgniter->run()
CRITICAL - 2023-05-06 09:51:51 --> Trying to access array offset on value of type null
in APPPATH\Helpers\apanel_helper.php on line 3909.
 1 APPPATH\Helpers\apanel_helper.php(3909): CodeIgniter\Debug\Exceptions->errorHandler(2, 'Trying to access array offset on value of type null', 'APPPATH\\Helpers\\apanel_helper.php', 3909)
 2 APPPATH\Controllers\Fees_and_payments.php(3085): invoice_data('undefined', 'customer')
 3 SYSTEMPATH\CodeIgniter.php(934): App\Controllers\Fees_and_payments->get_all_fees_list('all', '8', 'undefined')
 4 SYSTEMPATH\CodeIgniter.php(499): CodeIgniter\CodeIgniter->runController(Object(App\Controllers\Fees_and_payments))
 5 SYSTEMPATH\CodeIgniter.php(368): CodeIgniter\CodeIgniter->handleRequest(null, Object(Config\Cache), false)
 6 FCPATH\index.php(67): CodeIgniter\CodeIgniter->run()
CRITICAL - 2023-05-06 09:52:00 --> Trying to access array offset on value of type null
in APPPATH\Helpers\apanel_helper.php on line 3909.
 1 APPPATH\Helpers\apanel_helper.php(3909): CodeIgniter\Debug\Exceptions->errorHandler(2, 'Trying to access array offset on value of type null', 'APPPATH\\Helpers\\apanel_helper.php', 3909)
 2 APPPATH\Controllers\Fees_and_payments.php(3085): invoice_data('undefined', 'customer')
 3 SYSTEMPATH\CodeIgniter.php(934): App\Controllers\Fees_and_payments->get_all_fees_list('all', '8', 'undefined')
 4 SYSTEMPATH\CodeIgniter.php(499): CodeIgniter\CodeIgniter->runController(Object(App\Controllers\Fees_and_payments))
 5 SYSTEMPATH\CodeIgniter.php(368): CodeIgniter\CodeIgniter->handleRequest(null, Object(Config\Cache), false)
 6 FCPATH\index.php(67): CodeIgniter\CodeIgniter->run()
CRITICAL - 2023-05-06 09:57:14 --> Trying to access array offset on value of type null
in APPPATH\Helpers\apanel_helper.php on line 3909.
 1 APPPATH\Helpers\apanel_helper.php(3909): CodeIgniter\Debug\Exceptions->errorHandler(2, 'Trying to access array offset on value of type null', 'APPPATH\\Helpers\\apanel_helper.php', 3909)
 2 APPPATH\Controllers\Fees_and_payments.php(3085): invoice_data('undefined', 'customer')
 3 SYSTEMPATH\CodeIgniter.php(934): App\Controllers\Fees_and_payments->get_all_fees_list('all', '8', 'undefined')
 4 SYSTEMPATH\CodeIgniter.php(499): CodeIgniter\CodeIgniter->runController(Object(App\Controllers\Fees_and_payments))
 5 SYSTEMPATH\CodeIgniter.php(368): CodeIgniter\CodeIgniter->handleRequest(null, Object(Config\Cache), false)
 6 FCPATH\index.php(67): CodeIgniter\CodeIgniter->run()
CRITICAL - 2023-05-06 09:58:03 --> Trying to access array offset on value of type null
in APPPATH\Helpers\apanel_helper.php on line 3909.
 1 APPPATH\Helpers\apanel_helper.php(3909): CodeIgniter\Debug\Exceptions->errorHandler(2, 'Trying to access array offset on value of type null', 'APPPATH\\Helpers\\apanel_helper.php', 3909)
 2 APPPATH\Controllers\Fees_and_payments.php(3085): invoice_data('undefined', 'customer')
 3 SYSTEMPATH\CodeIgniter.php(934): App\Controllers\Fees_and_payments->get_all_fees_list('all', '8', 'undefined')
 4 SYSTEMPATH\CodeIgniter.php(499): CodeIgniter\CodeIgniter->runController(Object(App\Controllers\Fees_and_payments))
 5 SYSTEMPATH\CodeIgniter.php(368): CodeIgniter\CodeIgniter->handleRequest(null, Object(Config\Cache), false)
 6 FCPATH\index.php(67): CodeIgniter\CodeIgniter->run()
CRITICAL - 2023-05-06 09:59:53 --> Trying to access array offset on value of type null
in APPPATH\Helpers\apanel_helper.php on line 3909.
 1 APPPATH\Helpers\apanel_helper.php(3909): CodeIgniter\Debug\Exceptions->errorHandler(2, 'Trying to access array offset on value of type null', 'APPPATH\\Helpers\\apanel_helper.php', 3909)
 2 APPPATH\Controllers\Fees_and_payments.php(3085): invoice_data('undefined', 'customer')
 3 SYSTEMPATH\CodeIgniter.php(934): App\Controllers\Fees_and_payments->get_all_fees_list('all', '8', 'undefined')
 4 SYSTEMPATH\CodeIgniter.php(499): CodeIgniter\CodeIgniter->runController(Object(App\Controllers\Fees_and_payments))
 5 SYSTEMPATH\CodeIgniter.php(368): CodeIgniter\CodeIgniter->handleRequest(null, Object(Config\Cache), false)
 6 FCPATH\index.php(67): CodeIgniter\CodeIgniter->run()
CRITICAL - 2023-05-06 10:00:53 --> Trying to access array offset on value of type null
in APPPATH\Helpers\apanel_helper.php on line 3909.
 1 APPPATH\Helpers\apanel_helper.php(3909): CodeIgniter\Debug\Exceptions->errorHandler(2, 'Trying to access array offset on value of type null', 'APPPATH\\Helpers\\apanel_helper.php', 3909)
 2 APPPATH\Controllers\Fees_and_payments.php(3085): invoice_data('undefined', 'customer')
 3 SYSTEMPATH\CodeIgniter.php(934): App\Controllers\Fees_and_payments->get_all_fees_list('all', '8', 'undefined')
 4 SYSTEMPATH\CodeIgniter.php(499): CodeIgniter\CodeIgniter->runController(Object(App\Controllers\Fees_and_payments))
 5 SYSTEMPATH\CodeIgniter.php(368): CodeIgniter\CodeIgniter->handleRequest(null, Object(Config\Cache), false)
 6 FCPATH\index.php(67): CodeIgniter\CodeIgniter->run()
CRITICAL - 2023-05-06 10:01:00 --> Trying to access array offset on value of type null
in APPPATH\Helpers\apanel_helper.php on line 3909.
 1 APPPATH\Helpers\apanel_helper.php(3909): CodeIgniter\Debug\Exceptions->errorHandler(2, 'Trying to access array offset on value of type null', 'APPPATH\\Helpers\\apanel_helper.php', 3909)
 2 APPPATH\Controllers\Fees_and_payments.php(3085): invoice_data('undefined', 'customer')
 3 SYSTEMPATH\CodeIgniter.php(934): App\Controllers\Fees_and_payments->get_all_fees_list('all', '8', 'undefined')
 4 SYSTEMPATH\CodeIgniter.php(499): CodeIgniter\CodeIgniter->runController(Object(App\Controllers\Fees_and_payments))
 5 SYSTEMPATH\CodeIgniter.php(368): CodeIgniter\CodeIgniter->handleRequest(null, Object(Config\Cache), false)
 6 FCPATH\index.php(67): CodeIgniter\CodeIgniter->run()
CRITICAL - 2023-05-06 10:02:35 --> Trying to access array offset on value of type null
in APPPATH\Helpers\apanel_helper.php on line 3909.
 1 APPPATH\Helpers\apanel_helper.php(3909): CodeIgniter\Debug\Exceptions->errorHandler(2, 'Trying to access array offset on value of type null', 'APPPATH\\Helpers\\apanel_helper.php', 3909)
 2 APPPATH\Controllers\Fees_and_payments.php(3085): invoice_data('undefined', 'customer')
 3 SYSTEMPATH\CodeIgniter.php(934): App\Controllers\Fees_and_payments->get_all_fees_list('all', '8', 'undefined')
 4 SYSTEMPATH\CodeIgniter.php(499): CodeIgniter\CodeIgniter->runController(Object(App\Controllers\Fees_and_payments))
 5 SYSTEMPATH\CodeIgniter.php(368): CodeIgniter\CodeIgniter->handleRequest(null, Object(Config\Cache), false)
 6 FCPATH\index.php(67): CodeIgniter\CodeIgniter->run()
CRITICAL - 2023-05-06 10:02:47 --> Trying to access array offset on value of type null
in APPPATH\Helpers\apanel_helper.php on line 3909.
 1 APPPATH\Helpers\apanel_helper.php(3909): CodeIgniter\Debug\Exceptions->errorHandler(2, 'Trying to access array offset on value of type null', 'APPPATH\\Helpers\\apanel_helper.php', 3909)
 2 APPPATH\Controllers\Fees_and_payments.php(3085): invoice_data('undefined', 'customer')
 3 SYSTEMPATH\CodeIgniter.php(934): App\Controllers\Fees_and_payments->get_all_fees_list('all', '8', 'undefined')
 4 SYSTEMPATH\CodeIgniter.php(499): CodeIgniter\CodeIgniter->runController(Object(App\Controllers\Fees_and_payments))
 5 SYSTEMPATH\CodeIgniter.php(368): CodeIgniter\CodeIgniter->handleRequest(null, Object(Config\Cache), false)
 6 FCPATH\index.php(67): CodeIgniter\CodeIgniter->run()
CRITICAL - 2023-05-06 10:03:47 --> Trying to access array offset on value of type null
in APPPATH\Helpers\apanel_helper.php on line 3909.
 1 APPPATH\Helpers\apanel_helper.php(3909): CodeIgniter\Debug\Exceptions->errorHandler(2, 'Trying to access array offset on value of type null', 'APPPATH\\Helpers\\apanel_helper.php', 3909)
 2 APPPATH\Controllers\Fees_and_payments.php(3085): invoice_data('undefined', 'customer')
 3 SYSTEMPATH\CodeIgniter.php(934): App\Controllers\Fees_and_payments->get_all_fees_list('all', '8', 'undefined')
 4 SYSTEMPATH\CodeIgniter.php(499): CodeIgniter\CodeIgniter->runController(Object(App\Controllers\Fees_and_payments))
 5 SYSTEMPATH\CodeIgniter.php(368): CodeIgniter\CodeIgniter->handleRequest(null, Object(Config\Cache), false)
 6 FCPATH\index.php(67): CodeIgniter\CodeIgniter->run()
CRITICAL - 2023-05-06 10:26:30 --> Trying to access array offset on value of type null
in APPPATH\Helpers\apanel_helper.php on line 3909.
 1 APPPATH\Helpers\apanel_helper.php(3909): CodeIgniter\Debug\Exceptions->errorHandler(2, 'Trying to access array offset on value of type null', 'APPPATH\\Helpers\\apanel_helper.php', 3909)
 2 APPPATH\Controllers\Fees_and_payments.php(3085): invoice_data('undefined', 'customer')
 3 SYSTEMPATH\CodeIgniter.php(934): App\Controllers\Fees_and_payments->get_all_fees_list('all', '8', 'undefined')
 4 SYSTEMPATH\CodeIgniter.php(499): CodeIgniter\CodeIgniter->runController(Object(App\Controllers\Fees_and_payments))
 5 SYSTEMPATH\CodeIgniter.php(368): CodeIgniter\CodeIgniter->handleRequest(null, Object(Config\Cache), false)
 6 FCPATH\index.php(67): CodeIgniter\CodeIgniter->run()
CRITICAL - 2023-05-06 10:27:38 --> Trying to access array offset on value of type null
in APPPATH\Helpers\apanel_helper.php on line 3909.
 1 APPPATH\Helpers\apanel_helper.php(3909): CodeIgniter\Debug\Exceptions->errorHandler(2, 'Trying to access array offset on value of type null', 'APPPATH\\Helpers\\apanel_helper.php', 3909)
 2 APPPATH\Controllers\Fees_and_payments.php(3085): invoice_data('undefined', 'customer')
 3 SYSTEMPATH\CodeIgniter.php(934): App\Controllers\Fees_and_payments->get_all_fees_list('all', '8', 'undefined')
 4 SYSTEMPATH\CodeIgniter.php(499): CodeIgniter\CodeIgniter->runController(Object(App\Controllers\Fees_and_payments))
 5 SYSTEMPATH\CodeIgniter.php(368): CodeIgniter\CodeIgniter->handleRequest(null, Object(Config\Cache), false)
 6 FCPATH\index.php(67): CodeIgniter\CodeIgniter->run()
CRITICAL - 2023-05-06 10:27:47 --> Trying to access array offset on value of type null
in APPPATH\Helpers\apanel_helper.php on line 3909.
 1 APPPATH\Helpers\apanel_helper.php(3909): CodeIgniter\Debug\Exceptions->errorHandler(2, 'Trying to access array offset on value of type null', 'APPPATH\\Helpers\\apanel_helper.php', 3909)
 2 APPPATH\Controllers\Fees_and_payments.php(3085): invoice_data('undefined', 'customer')
 3 SYSTEMPATH\CodeIgniter.php(934): App\Controllers\Fees_and_payments->get_all_fees_list('all', '8', 'undefined')
 4 SYSTEMPATH\CodeIgniter.php(499): CodeIgniter\CodeIgniter->runController(Object(App\Controllers\Fees_and_payments))
 5 SYSTEMPATH\CodeIgniter.php(368): CodeIgniter\CodeIgniter->handleRequest(null, Object(Config\Cache), false)
 6 FCPATH\index.php(67): CodeIgniter\CodeIgniter->run()
CRITICAL - 2023-05-06 10:30:14 --> Trying to access array offset on value of type null
in APPPATH\Helpers\apanel_helper.php on line 3909.
 1 APPPATH\Helpers\apanel_helper.php(3909): CodeIgniter\Debug\Exceptions->errorHandler(2, 'Trying to access array offset on value of type null', 'APPPATH\\Helpers\\apanel_helper.php', 3909)
 2 APPPATH\Controllers\Fees_and_payments.php(3085): invoice_data('undefined', 'customer')
 3 SYSTEMPATH\CodeIgniter.php(934): App\Controllers\Fees_and_payments->get_all_fees_list('all', '8', 'undefined')
 4 SYSTEMPATH\CodeIgniter.php(499): CodeIgniter\CodeIgniter->runController(Object(App\Controllers\Fees_and_payments))
 5 SYSTEMPATH\CodeIgniter.php(368): CodeIgniter\CodeIgniter->handleRequest(null, Object(Config\Cache), false)
 6 FCPATH\index.php(67): CodeIgniter\CodeIgniter->run()
CRITICAL - 2023-05-06 10:36:25 --> Trying to access array offset on value of type null
in APPPATH\Helpers\apanel_helper.php on line 3909.
 1 APPPATH\Helpers\apanel_helper.php(3909): CodeIgniter\Debug\Exceptions->errorHandler(2, 'Trying to access array offset on value of type null', 'APPPATH\\Helpers\\apanel_helper.php', 3909)
 2 APPPATH\Controllers\Fees_and_payments.php(3085): invoice_data('undefined', 'customer')
 3 SYSTEMPATH\CodeIgniter.php(934): App\Controllers\Fees_and_payments->get_all_fees_list('all', '8', 'undefined')
 4 SYSTEMPATH\CodeIgniter.php(499): CodeIgniter\CodeIgniter->runController(Object(App\Controllers\Fees_and_payments))
 5 SYSTEMPATH\CodeIgniter.php(368): CodeIgniter\CodeIgniter->handleRequest(null, Object(Config\Cache), false)
 6 FCPATH\index.php(67): CodeIgniter\CodeIgniter->run()
CRITICAL - 2023-05-06 10:37:07 --> Trying to access array offset on value of type null
in APPPATH\Helpers\apanel_helper.php on line 3909.
 1 APPPATH\Helpers\apanel_helper.php(3909): CodeIgniter\Debug\Exceptions->errorHandler(2, 'Trying to access array offset on value of type null', 'APPPATH\\Helpers\\apanel_helper.php', 3909)
 2 APPPATH\Controllers\Fees_and_payments.php(3085): invoice_data('undefined', 'customer')
 3 SYSTEMPATH\CodeIgniter.php(934): App\Controllers\Fees_and_payments->get_all_fees_list('all', '8', 'undefined')
 4 SYSTEMPATH\CodeIgniter.php(499): CodeIgniter\CodeIgniter->runController(Object(App\Controllers\Fees_and_payments))
 5 SYSTEMPATH\CodeIgniter.php(368): CodeIgniter\CodeIgniter->handleRequest(null, Object(Config\Cache), false)
 6 FCPATH\index.php(67): CodeIgniter\CodeIgniter->run()
CRITICAL - 2023-05-06 10:37:14 --> Trying to access array offset on value of type null
in APPPATH\Helpers\apanel_helper.php on line 3909.
 1 APPPATH\Helpers\apanel_helper.php(3909): CodeIgniter\Debug\Exceptions->errorHandler(2, 'Trying to access array offset on value of type null', 'APPPATH\\Helpers\\apanel_helper.php', 3909)
 2 APPPATH\Controllers\Fees_and_payments.php(3085): invoice_data('undefined', 'customer')
 3 SYSTEMPATH\CodeIgniter.php(934): App\Controllers\Fees_and_payments->get_all_fees_list('all', '8', 'undefined')
 4 SYSTEMPATH\CodeIgniter.php(499): CodeIgniter\CodeIgniter->runController(Object(App\Controllers\Fees_and_payments))
 5 SYSTEMPATH\CodeIgniter.php(368): CodeIgniter\CodeIgniter->handleRequest(null, Object(Config\Cache), false)
 6 FCPATH\index.php(67): CodeIgniter\CodeIgniter->run()
CRITICAL - 2023-05-06 10:37:16 --> Trying to access array offset on value of type null
in APPPATH\Helpers\apanel_helper.php on line 3909.
 1 APPPATH\Helpers\apanel_helper.php(3909): CodeIgniter\Debug\Exceptions->errorHandler(2, 'Trying to access array offset on value of type null', 'APPPATH\\Helpers\\apanel_helper.php', 3909)
 2 APPPATH\Controllers\Fees_and_payments.php(3085): invoice_data('undefined', 'customer')
 3 SYSTEMPATH\CodeIgniter.php(934): App\Controllers\Fees_and_payments->get_all_fees_list('all', '8', 'undefined')
 4 SYSTEMPATH\CodeIgniter.php(499): CodeIgniter\CodeIgniter->runController(Object(App\Controllers\Fees_and_payments))
 5 SYSTEMPATH\CodeIgniter.php(368): CodeIgniter\CodeIgniter->handleRequest(null, Object(Config\Cache), false)
 6 FCPATH\index.php(67): CodeIgniter\CodeIgniter->run()
CRITICAL - 2023-05-06 10:38:44 --> Trying to access array offset on value of type null
in APPPATH\Helpers\apanel_helper.php on line 3909.
 1 APPPATH\Helpers\apanel_helper.php(3909): CodeIgniter\Debug\Exceptions->errorHandler(2, 'Trying to access array offset on value of type null', 'APPPATH\\Helpers\\apanel_helper.php', 3909)
 2 APPPATH\Controllers\Fees_and_payments.php(3085): invoice_data('undefined', 'customer')
 3 SYSTEMPATH\CodeIgniter.php(934): App\Controllers\Fees_and_payments->get_all_fees_list('all', '8', 'undefined')
 4 SYSTEMPATH\CodeIgniter.php(499): CodeIgniter\CodeIgniter->runController(Object(App\Controllers\Fees_and_payments))
 5 SYSTEMPATH\CodeIgniter.php(368): CodeIgniter\CodeIgniter->handleRequest(null, Object(Config\Cache), false)
 6 FCPATH\index.php(67): CodeIgniter\CodeIgniter->run()
CRITICAL - 2023-05-06 10:42:46 --> Trying to access array offset on value of type null
in APPPATH\Helpers\apanel_helper.php on line 3909.
 1 APPPATH\Helpers\apanel_helper.php(3909): CodeIgniter\Debug\Exceptions->errorHandler(2, 'Trying to access array offset on value of type null', 'APPPATH\\Helpers\\apanel_helper.php', 3909)
 2 APPPATH\Controllers\Fees_and_payments.php(3085): invoice_data('undefined', 'customer')
 3 SYSTEMPATH\CodeIgniter.php(934): App\Controllers\Fees_and_payments->get_all_fees_list('all', '8', 'undefined')
 4 SYSTEMPATH\CodeIgniter.php(499): CodeIgniter\CodeIgniter->runController(Object(App\Controllers\Fees_and_payments))
 5 SYSTEMPATH\CodeIgniter.php(368): CodeIgniter\CodeIgniter->handleRequest(null, Object(Config\Cache), false)
 6 FCPATH\index.php(67): CodeIgniter\CodeIgniter->run()
CRITICAL - 2023-05-06 10:47:51 --> Trying to access array offset on value of type null
in APPPATH\Helpers\apanel_helper.php on line 3909.
 1 APPPATH\Helpers\apanel_helper.php(3909): CodeIgniter\Debug\Exceptions->errorHandler(2, 'Trying to access array offset on value of type null', 'APPPATH\\Helpers\\apanel_helper.php', 3909)
 2 APPPATH\Controllers\Fees_and_payments.php(3085): invoice_data('undefined', 'customer')
 3 SYSTEMPATH\CodeIgniter.php(934): App\Controllers\Fees_and_payments->get_all_fees_list('all', '8', 'undefined')
 4 SYSTEMPATH\CodeIgniter.php(499): CodeIgniter\CodeIgniter->runController(Object(App\Controllers\Fees_and_payments))
 5 SYSTEMPATH\CodeIgniter.php(368): CodeIgniter\CodeIgniter->handleRequest(null, Object(Config\Cache), false)
 6 FCPATH\index.php(67): CodeIgniter\CodeIgniter->run()
CRITICAL - 2023-05-06 10:48:05 --> Trying to access array offset on value of type null
in APPPATH\Helpers\apanel_helper.php on line 3909.
 1 APPPATH\Helpers\apanel_helper.php(3909): CodeIgniter\Debug\Exceptions->errorHandler(2, 'Trying to access array offset on value of type null', 'APPPATH\\Helpers\\apanel_helper.php', 3909)
 2 APPPATH\Controllers\Fees_and_payments.php(3085): invoice_data('undefined', 'customer')
 3 SYSTEMPATH\CodeIgniter.php(934): App\Controllers\Fees_and_payments->get_all_fees_list('all', '8', 'undefined')
 4 SYSTEMPATH\CodeIgniter.php(499): CodeIgniter\CodeIgniter->runController(Object(App\Controllers\Fees_and_payments))
 5 SYSTEMPATH\CodeIgniter.php(368): CodeIgniter\CodeIgniter->handleRequest(null, Object(Config\Cache), false)
 6 FCPATH\index.php(67): CodeIgniter\CodeIgniter->run()
CRITICAL - 2023-05-06 10:48:54 --> Trying to access array offset on value of type null
in APPPATH\Helpers\apanel_helper.php on line 3909.
 1 APPPATH\Helpers\apanel_helper.php(3909): CodeIgniter\Debug\Exceptions->errorHandler(2, 'Trying to access array offset on value of type null', 'APPPATH\\Helpers\\apanel_helper.php', 3909)
 2 APPPATH\Controllers\Fees_and_payments.php(3085): invoice_data('undefined', 'customer')
 3 SYSTEMPATH\CodeIgniter.php(934): App\Controllers\Fees_and_payments->get_all_fees_list('all', '8', 'undefined')
 4 SYSTEMPATH\CodeIgniter.php(499): CodeIgniter\CodeIgniter->runController(Object(App\Controllers\Fees_and_payments))
 5 SYSTEMPATH\CodeIgniter.php(368): CodeIgniter\CodeIgniter->handleRequest(null, Object(Config\Cache), false)
 6 FCPATH\index.php(67): CodeIgniter\CodeIgniter->run()
CRITICAL - 2023-05-06 10:52:25 --> Trying to access array offset on value of type null
in APPPATH\Helpers\apanel_helper.php on line 3909.
 1 APPPATH\Helpers\apanel_helper.php(3909): CodeIgniter\Debug\Exceptions->errorHandler(2, 'Trying to access array offset on value of type null', 'APPPATH\\Helpers\\apanel_helper.php', 3909)
 2 APPPATH\Controllers\Fees_and_payments.php(3085): invoice_data('undefined', 'customer')
 3 SYSTEMPATH\CodeIgniter.php(934): App\Controllers\Fees_and_payments->get_all_fees_list('all', '8', 'undefined')
 4 SYSTEMPATH\CodeIgniter.php(499): CodeIgniter\CodeIgniter->runController(Object(App\Controllers\Fees_and_payments))
 5 SYSTEMPATH\CodeIgniter.php(368): CodeIgniter\CodeIgniter->handleRequest(null, Object(Config\Cache), false)
 6 FCPATH\index.php(67): CodeIgniter\CodeIgniter->run()
CRITICAL - 2023-05-06 10:52:49 --> Trying to access array offset on value of type null
in APPPATH\Helpers\apanel_helper.php on line 3909.
 1 APPPATH\Helpers\apanel_helper.php(3909): CodeIgniter\Debug\Exceptions->errorHandler(2, 'Trying to access array offset on value of type null', 'APPPATH\\Helpers\\apanel_helper.php', 3909)
 2 APPPATH\Controllers\Fees_and_payments.php(3085): invoice_data('undefined', 'customer')
 3 SYSTEMPATH\CodeIgniter.php(934): App\Controllers\Fees_and_payments->get_all_fees_list('all', '8', 'undefined')
 4 SYSTEMPATH\CodeIgniter.php(499): CodeIgniter\CodeIgniter->runController(Object(App\Controllers\Fees_and_payments))
 5 SYSTEMPATH\CodeIgniter.php(368): CodeIgniter\CodeIgniter->handleRequest(null, Object(Config\Cache), false)
 6 FCPATH\index.php(67): CodeIgniter\CodeIgniter->run()
CRITICAL - 2023-05-06 10:53:02 --> Trying to access array offset on value of type null
in APPPATH\Helpers\apanel_helper.php on line 3909.
 1 APPPATH\Helpers\apanel_helper.php(3909): CodeIgniter\Debug\Exceptions->errorHandler(2, 'Trying to access array offset on value of type null', 'APPPATH\\Helpers\\apanel_helper.php', 3909)
 2 APPPATH\Controllers\Fees_and_payments.php(3085): invoice_data('undefined', 'customer')
 3 SYSTEMPATH\CodeIgniter.php(934): App\Controllers\Fees_and_payments->get_all_fees_list('all', '8', 'undefined')
 4 SYSTEMPATH\CodeIgniter.php(499): CodeIgniter\CodeIgniter->runController(Object(App\Controllers\Fees_and_payments))
 5 SYSTEMPATH\CodeIgniter.php(368): CodeIgniter\CodeIgniter->handleRequest(null, Object(Config\Cache), false)
 6 FCPATH\index.php(67): CodeIgniter\CodeIgniter->run()
CRITICAL - 2023-05-06 10:53:06 --> Trying to access array offset on value of type null
in APPPATH\Helpers\apanel_helper.php on line 3909.
 1 APPPATH\Helpers\apanel_helper.php(3909): CodeIgniter\Debug\Exceptions->errorHandler(2, 'Trying to access array offset on value of type null', 'APPPATH\\Helpers\\apanel_helper.php', 3909)
 2 APPPATH\Controllers\Fees_and_payments.php(3085): invoice_data('undefined', 'customer')
 3 SYSTEMPATH\CodeIgniter.php(934): App\Controllers\Fees_and_payments->get_all_fees_list('all', '8', 'undefined')
 4 SYSTEMPATH\CodeIgniter.php(499): CodeIgniter\CodeIgniter->runController(Object(App\Controllers\Fees_and_payments))
 5 SYSTEMPATH\CodeIgniter.php(368): CodeIgniter\CodeIgniter->handleRequest(null, Object(Config\Cache), false)
 6 FCPATH\index.php(67): CodeIgniter\CodeIgniter->run()
CRITICAL - 2023-05-06 10:53:08 --> Trying to access array offset on value of type null
in APPPATH\Helpers\apanel_helper.php on line 3909.
 1 APPPATH\Helpers\apanel_helper.php(3909): CodeIgniter\Debug\Exceptions->errorHandler(2, 'Trying to access array offset on value of type null', 'APPPATH\\Helpers\\apanel_helper.php', 3909)
 2 APPPATH\Controllers\Fees_and_payments.php(3085): invoice_data('undefined', 'customer')
 3 SYSTEMPATH\CodeIgniter.php(934): App\Controllers\Fees_and_payments->get_all_fees_list('all', '8', 'undefined')
 4 SYSTEMPATH\CodeIgniter.php(499): CodeIgniter\CodeIgniter->runController(Object(App\Controllers\Fees_and_payments))
 5 SYSTEMPATH\CodeIgniter.php(368): CodeIgniter\CodeIgniter->handleRequest(null, Object(Config\Cache), false)
 6 FCPATH\index.php(67): CodeIgniter\CodeIgniter->run()
CRITICAL - 2023-05-06 10:53:10 --> Trying to access array offset on value of type null
in APPPATH\Helpers\apanel_helper.php on line 3909.
 1 APPPATH\Helpers\apanel_helper.php(3909): CodeIgniter\Debug\Exceptions->errorHandler(2, 'Trying to access array offset on value of type null', 'APPPATH\\Helpers\\apanel_helper.php', 3909)
 2 APPPATH\Controllers\Fees_and_payments.php(3085): invoice_data('undefined', 'customer')
 3 SYSTEMPATH\CodeIgniter.php(934): App\Controllers\Fees_and_payments->get_all_fees_list('all', '8', 'undefined')
 4 SYSTEMPATH\CodeIgniter.php(499): CodeIgniter\CodeIgniter->runController(Object(App\Controllers\Fees_and_payments))
 5 SYSTEMPATH\CodeIgniter.php(368): CodeIgniter\CodeIgniter->handleRequest(null, Object(Config\Cache), false)
 6 FCPATH\index.php(67): CodeIgniter\CodeIgniter->run()
CRITICAL - 2023-05-06 10:53:16 --> Trying to access array offset on value of type null
in APPPATH\Helpers\apanel_helper.php on line 3909.
 1 APPPATH\Helpers\apanel_helper.php(3909): CodeIgniter\Debug\Exceptions->errorHandler(2, 'Trying to access array offset on value of type null', 'APPPATH\\Helpers\\apanel_helper.php', 3909)
 2 APPPATH\Controllers\Fees_and_payments.php(3085): invoice_data('undefined', 'customer')
 3 SYSTEMPATH\CodeIgniter.php(934): App\Controllers\Fees_and_payments->get_all_fees_list('all', '8', 'undefined')
 4 SYSTEMPATH\CodeIgniter.php(499): CodeIgniter\CodeIgniter->runController(Object(App\Controllers\Fees_and_payments))
 5 SYSTEMPATH\CodeIgniter.php(368): CodeIgniter\CodeIgniter->handleRequest(null, Object(Config\Cache), false)
 6 FCPATH\index.php(67): CodeIgniter\CodeIgniter->run()
CRITICAL - 2023-05-06 10:54:43 --> Trying to access array offset on value of type null
in APPPATH\Helpers\apanel_helper.php on line 3909.
 1 APPPATH\Helpers\apanel_helper.php(3909): CodeIgniter\Debug\Exceptions->errorHandler(2, 'Trying to access array offset on value of type null', 'APPPATH\\Helpers\\apanel_helper.php', 3909)
 2 APPPATH\Controllers\Fees_and_payments.php(3085): invoice_data('undefined', 'customer')
 3 SYSTEMPATH\CodeIgniter.php(934): App\Controllers\Fees_and_payments->get_all_fees_list('all', '8', 'undefined')
 4 SYSTEMPATH\CodeIgniter.php(499): CodeIgniter\CodeIgniter->runController(Object(App\Controllers\Fees_and_payments))
 5 SYSTEMPATH\CodeIgniter.php(368): CodeIgniter\CodeIgniter->handleRequest(null, Object(Config\Cache), false)
 6 FCPATH\index.php(67): CodeIgniter\CodeIgniter->run()
CRITICAL - 2023-05-06 11:48:58 --> Trying to access array offset on value of type null
in APPPATH\Helpers\apanel_helper.php on line 3909.
 1 APPPATH\Helpers\apanel_helper.php(3909): CodeIgniter\Debug\Exceptions->errorHandler(2, 'Trying to access array offset on value of type null', 'APPPATH\\Helpers\\apanel_helper.php', 3909)
 2 APPPATH\Controllers\Fees_and_payments.php(3085): invoice_data('undefined', 'customer')
 3 SYSTEMPATH\CodeIgniter.php(934): App\Controllers\Fees_and_payments->get_all_fees_list('all', '8', 'undefined')
 4 SYSTEMPATH\CodeIgniter.php(499): CodeIgniter\CodeIgniter->runController(Object(App\Controllers\Fees_and_payments))
 5 SYSTEMPATH\CodeIgniter.php(368): CodeIgniter\CodeIgniter->handleRequest(null, Object(Config\Cache), false)
 6 FCPATH\index.php(67): CodeIgniter\CodeIgniter->run()
CRITICAL - 2023-05-06 11:49:01 --> Trying to access array offset on value of type null
in APPPATH\Helpers\apanel_helper.php on line 3909.
 1 APPPATH\Helpers\apanel_helper.php(3909): CodeIgniter\Debug\Exceptions->errorHandler(2, 'Trying to access array offset on value of type null', 'APPPATH\\Helpers\\apanel_helper.php', 3909)
 2 APPPATH\Controllers\Fees_and_payments.php(3085): invoice_data('undefined', 'customer')
 3 SYSTEMPATH\CodeIgniter.php(934): App\Controllers\Fees_and_payments->get_all_fees_list('all', '8', 'undefined')
 4 SYSTEMPATH\CodeIgniter.php(499): CodeIgniter\CodeIgniter->runController(Object(App\Controllers\Fees_and_payments))
 5 SYSTEMPATH\CodeIgniter.php(368): CodeIgniter\CodeIgniter->handleRequest(null, Object(Config\Cache), false)
 6 FCPATH\index.php(67): CodeIgniter\CodeIgniter->run()
CRITICAL - 2023-05-06 11:49:06 --> Trying to access array offset on value of type null
in APPPATH\Helpers\apanel_helper.php on line 3909.
 1 APPPATH\Helpers\apanel_helper.php(3909): CodeIgniter\Debug\Exceptions->errorHandler(2, 'Trying to access array offset on value of type null', 'APPPATH\\Helpers\\apanel_helper.php', 3909)
 2 APPPATH\Controllers\Fees_and_payments.php(3085): invoice_data('undefined', 'customer')
 3 SYSTEMPATH\CodeIgniter.php(934): App\Controllers\Fees_and_payments->get_all_fees_list('all', '8', 'undefined')
 4 SYSTEMPATH\CodeIgniter.php(499): CodeIgniter\CodeIgniter->runController(Object(App\Controllers\Fees_and_payments))
 5 SYSTEMPATH\CodeIgniter.php(368): CodeIgniter\CodeIgniter->handleRequest(null, Object(Config\Cache), false)
 6 FCPATH\index.php(67): CodeIgniter\CodeIgniter->run()
