CRITICAL - 2023-08-12 03:31:17 --> Class "App\Controllers\DateTime" not found
in APPPATH\Controllers\Testing.php on line 64.
 1 SYSTEMPATH\CodeIgniter.php(934): App\Controllers\Testing->total_working_days()
 2 SYSTEMPATH\CodeIgniter.php(499): CodeIgniter\CodeIgniter->runController(Object(App\Controllers\Testing))
 3 SYSTEMPATH\CodeIgniter.php(368): CodeIgniter\CodeIgniter->handleRequest(null, Object(Config\Cache), false)
 4 FCPATH\index.php(67): CodeIgniter\CodeIgniter->run()
CRITICAL - 2023-08-12 03:32:08 --> Class "App\Controllers\Date" not found
in APPPATH\Controllers\Testing.php on line 64.
 1 SYSTEMPATH\CodeIgniter.php(934): App\Controllers\Testing->total_working_days()
 2 SYSTEMPATH\CodeIgniter.php(499): CodeIgniter\CodeIgniter->runController(Object(App\Controllers\Testing))
 3 SYSTEMPATH\CodeIgniter.php(368): CodeIgniter\CodeIgniter->handleRequest(null, Object(Config\Cache), false)
 4 FCPATH\index.php(67): CodeIgniter\CodeIgniter->run()
CRITICAL - 2023-08-12 03:32:32 --> Class "App\Controllers\DateInterval" not found
in APPPATH\Controllers\Testing.php on line 67.
 1 SYSTEMPATH\CodeIgniter.php(934): App\Controllers\Testing->total_working_days()
 2 SYSTEMPATH\CodeIgniter.php(499): CodeIgniter\CodeIgniter->runController(Object(App\Controllers\Testing))
 3 SYSTEMPATH\CodeIgniter.php(368): CodeIgniter\CodeIgniter->handleRequest(null, Object(Config\Cache), false)
 4 FCPATH\index.php(67): CodeIgniter\CodeIgniter->run()
CRITICAL - 2023-08-12 03:34:50 --> Class "App\Controllers\DateTime" not found
in APPPATH\Controllers\Testing.php on line 64.
 1 SYSTEMPATH\CodeIgniter.php(934): App\Controllers\Testing->total_working_days()
 2 SYSTEMPATH\CodeIgniter.php(499): CodeIgniter\CodeIgniter->runController(Object(App\Controllers\Testing))
 3 SYSTEMPATH\CodeIgniter.php(368): CodeIgniter\CodeIgniter->handleRequest(null, Object(Config\Cache), false)
 4 FCPATH\index.php(67): CodeIgniter\CodeIgniter->run()
CRITICAL - 2023-08-12 03:36:20 --> Class "App\Controllers\DateTime" not found
in APPPATH\Controllers\Testing.php on line 60.
 1 SYSTEMPATH\CodeIgniter.php(934): App\Controllers\Testing->total_working_days()
 2 SYSTEMPATH\CodeIgniter.php(499): CodeIgniter\CodeIgniter->runController(Object(App\Controllers\Testing))
 3 SYSTEMPATH\CodeIgniter.php(368): CodeIgniter\CodeIgniter->handleRequest(null, Object(Config\Cache), false)
 4 FCPATH\index.php(67): CodeIgniter\CodeIgniter->run()
CRITICAL - 2023-08-12 03:39:10 --> Invalid numeric literal
in APPPATH\Controllers\Testing.php on line 60.
 1 SYSTEMPATH\Autoloader\Autoloader.php(289): CodeIgniter\Autoloader\Autoloader->includeFile('APPPATH\\Controllers\\Testing.php')
 2 SYSTEMPATH\Autoloader\Autoloader.php(267): CodeIgniter\Autoloader\Autoloader->loadInNamespace('App\\Controllers\\Testing')
 3 [internal function]: CodeIgniter\Autoloader\Autoloader->loadClass('App\\Controllers\\Testing')
 4 SYSTEMPATH\CodeIgniter.php(892): class_exists('\\App\\Controllers\\Testing', true)
 5 SYSTEMPATH\CodeIgniter.php(486): CodeIgniter\CodeIgniter->startController()
 6 SYSTEMPATH\CodeIgniter.php(368): CodeIgniter\CodeIgniter->handleRequest(null, Object(Config\Cache), false)
 7 FCPATH\index.php(67): CodeIgniter\CodeIgniter->run()
CRITICAL - 2023-08-12 03:41:53 --> Invalid numeric literal
in APPPATH\Controllers\Testing.php on line 60.
 1 SYSTEMPATH\Autoloader\Autoloader.php(289): CodeIgniter\Autoloader\Autoloader->includeFile('APPPATH\\Controllers\\Testing.php')
 2 SYSTEMPATH\Autoloader\Autoloader.php(267): CodeIgniter\Autoloader\Autoloader->loadInNamespace('App\\Controllers\\Testing')
 3 [internal function]: CodeIgniter\Autoloader\Autoloader->loadClass('App\\Controllers\\Testing')
 4 SYSTEMPATH\CodeIgniter.php(892): class_exists('\\App\\Controllers\\Testing', true)
 5 SYSTEMPATH\CodeIgniter.php(486): CodeIgniter\CodeIgniter->startController()
 6 SYSTEMPATH\CodeIgniter.php(368): CodeIgniter\CodeIgniter->handleRequest(null, Object(Config\Cache), false)
 7 FCPATH\index.php(67): CodeIgniter\CodeIgniter->run()
CRITICAL - 2023-08-12 03:56:39 --> Trying to access array offset on value of type null
in APPPATH\Controllers\Testing.php on line 77.
 1 APPPATH\Controllers\Testing.php(77): CodeIgniter\Debug\Exceptions->errorHandler(2, 'Trying to access array offset on value of type null', 'APPPATH\\Controllers\\Testing.php', 77)
 2 SYSTEMPATH\CodeIgniter.php(934): App\Controllers\Testing->total_working_days()
 3 SYSTEMPATH\CodeIgniter.php(499): CodeIgniter\CodeIgniter->runController(Object(App\Controllers\Testing))
 4 SYSTEMPATH\CodeIgniter.php(368): CodeIgniter\CodeIgniter->handleRequest(null, Object(Config\Cache), false)
 5 FCPATH\index.php(67): CodeIgniter\CodeIgniter->run()
CRITICAL - 2023-08-12 04:50:20 --> DateTime::__construct(): Argument #1 ($datetime) must be of type string, DateTime given
in APPPATH\Helpers\attendance_helper.php on line 160.
 1 APPPATH\Helpers\attendance_helper.php(160): DateTime->__construct(Object(DateTime))
 2 APPPATH\Controllers\Testing.php(60): getAllWeekOffsOfMonth(10, '2023', '08', 'Sun', '1,2')
 3 SYSTEMPATH\CodeIgniter.php(934): App\Controllers\Testing->total_working_days()
 4 SYSTEMPATH\CodeIgniter.php(499): CodeIgniter\CodeIgniter->runController(Object(App\Controllers\Testing))
 5 SYSTEMPATH\CodeIgniter.php(368): CodeIgniter\CodeIgniter->handleRequest(null, Object(Config\Cache), false)
 6 FCPATH\index.php(67): CodeIgniter\CodeIgniter->run()
CRITICAL - 2023-08-12 04:54:14 --> syntax error, unexpected token ";", expecting ")"
in APPPATH\Helpers\attendance_helper.php on line 146.
 1 SYSTEMPATH\Controller.php(85): helper([...])
 2 APPPATH\Controllers\BaseController.php(46): CodeIgniter\Controller->initController(Object(CodeIgniter\HTTP\IncomingRequest), Object(CodeIgniter\HTTP\Response), Object(CodeIgniter\Log\Logger))
 3 SYSTEMPATH\CodeIgniter.php(907): App\Controllers\BaseController->initController(Object(CodeIgniter\HTTP\IncomingRequest), Object(CodeIgniter\HTTP\Response), Object(CodeIgniter\Log\Logger))
 4 SYSTEMPATH\CodeIgniter.php(490): CodeIgniter\CodeIgniter->createController()
 5 SYSTEMPATH\CodeIgniter.php(368): CodeIgniter\CodeIgniter->handleRequest(null, Object(Config\Cache), false)
 6 FCPATH\index.php(67): CodeIgniter\CodeIgniter->run()
CRITICAL - 2023-08-12 04:57:45 --> Object of class DateTime could not be converted to string
in APPPATH\Controllers\Testing.php on line 60.
 1 SYSTEMPATH\CodeIgniter.php(934): App\Controllers\Testing->total_working_days()
 2 SYSTEMPATH\CodeIgniter.php(499): CodeIgniter\CodeIgniter->runController(Object(App\Controllers\Testing))
 3 SYSTEMPATH\CodeIgniter.php(368): CodeIgniter\CodeIgniter->handleRequest(null, Object(Config\Cache), false)
 4 FCPATH\index.php(67): CodeIgniter\CodeIgniter->run()
CRITICAL - 2023-08-12 04:59:05 --> Failed to parse time string ($year-$month-01) at position 0 ($): Unexpected character
in APPPATH\Helpers\attendance_helper.php on line 160.
 1 APPPATH\Helpers\attendance_helper.php(160): DateTime->__construct('$year-$month-01')
 2 APPPATH\Controllers\Testing.php(60): getAllWeekOffsOfMonth(10, '2023', '08', 'Sun', '1,2')
 3 SYSTEMPATH\CodeIgniter.php(934): App\Controllers\Testing->total_working_days()
 4 SYSTEMPATH\CodeIgniter.php(499): CodeIgniter\CodeIgniter->runController(Object(App\Controllers\Testing))
 5 SYSTEMPATH\CodeIgniter.php(368): CodeIgniter\CodeIgniter->handleRequest(null, Object(Config\Cache), false)
 6 FCPATH\index.php(67): CodeIgniter\CodeIgniter->run()
CRITICAL - 2023-08-12 05:30:12 --> Object of class DateTime could not be converted to string
in APPPATH\Helpers\attendance_helper.php on line 79.
 1 APPPATH\Views\hr_manage\detailed_attendance_report.php(139): get_total_days_of_month('10', '2023-August', '5847', '10')
 2 SYSTEMPATH\View\View.php(213): include('APPPATH\\Views\\hr_manage\\detailed_attendance_report.php')
 3 SYSTEMPATH\View\View.php(216): CodeIgniter\View\View->CodeIgniter\View\{closure}()
 4 SYSTEMPATH\Common.php(1184): CodeIgniter\View\View->render('hr_manage/detailed_attendance_report', [], true)
 5 APPPATH\Controllers\Hr_manage.php(272): view('hr_manage/detailed_attendance_report')
 6 SYSTEMPATH\CodeIgniter.php(934): App\Controllers\Hr_manage->detailed_attendance_report()
 7 SYSTEMPATH\CodeIgniter.php(499): CodeIgniter\CodeIgniter->runController(Object(App\Controllers\Hr_manage))
 8 SYSTEMPATH\CodeIgniter.php(368): CodeIgniter\CodeIgniter->handleRequest(null, Object(Config\Cache), false)
 9 FCPATH\index.php(67): CodeIgniter\CodeIgniter->run()
CRITICAL - 2023-08-12 05:45:34 --> Undefined variable $company_id
in APPPATH\Views\hr_manage\attendance_report.php on line 167.
 1 APPPATH\Views\hr_manage\attendance_report.php(167): CodeIgniter\Debug\Exceptions->errorHandler(2, 'Undefined variable $company_id', 'APPPATH\\Views\\hr_manage\\attendance_report.php', 167)
 2 SYSTEMPATH\View\View.php(213): include('APPPATH\\Views\\hr_manage\\attendance_report.php')
 3 SYSTEMPATH\View\View.php(216): CodeIgniter\View\View->CodeIgniter\View\{closure}()
 4 SYSTEMPATH\Common.php(1184): CodeIgniter\View\View->render('hr_manage/attendance_report', [], true)
 5 APPPATH\Controllers\Hr_manage.php(210): view('hr_manage/attendance_report')
 6 SYSTEMPATH\CodeIgniter.php(934): App\Controllers\Hr_manage->attendance_report()
 7 SYSTEMPATH\CodeIgniter.php(499): CodeIgniter\CodeIgniter->runController(Object(App\Controllers\Hr_manage))
 8 SYSTEMPATH\CodeIgniter.php(368): CodeIgniter\CodeIgniter->handleRequest(null, Object(Config\Cache), false)
 9 FCPATH\index.php(67): CodeIgniter\CodeIgniter->run()
CRITICAL - 2023-08-12 05:54:58 --> Undefined variable $user
in APPPATH\Helpers\attendance_helper.php on line 261.
 1 APPPATH\Helpers\attendance_helper.php(261): CodeIgniter\Debug\Exceptions->errorHandler(2, 'Undefined variable $user', 'APPPATH\\Helpers\\attendance_helper.php', 261)
 2 APPPATH\Views\hr_manage\attendance_leave_report.php(181): get_user_leave_by_month_status('10', '5847', '2023-1-01', '10')
 3 SYSTEMPATH\View\View.php(213): include('APPPATH\\Views\\hr_manage\\attendance_leave_report.php')
 4 SYSTEMPATH\View\View.php(216): CodeIgniter\View\View->CodeIgniter\View\{closure}()
 5 SYSTEMPATH\Common.php(1184): CodeIgniter\View\View->render('hr_manage/attendance_leave_report', [], true)
 6 APPPATH\Controllers\Hr_manage.php(208): view('hr_manage/attendance_leave_report')
 7 SYSTEMPATH\CodeIgniter.php(934): App\Controllers\Hr_manage->attendance_report('leave_report')
 8 SYSTEMPATH\CodeIgniter.php(499): CodeIgniter\CodeIgniter->runController(Object(App\Controllers\Hr_manage))
 9 SYSTEMPATH\CodeIgniter.php(368): CodeIgniter\CodeIgniter->handleRequest(null, Object(Config\Cache), false)
10 FCPATH\index.php(67): CodeIgniter\CodeIgniter->run()
CRITICAL - 2023-08-12 06:08:36 --> Too few arguments to function get_user_leave_by_year(), 3 passed in C:\xampp\htdocs\SpriteGenix_app\app\Views\payroll\create_payroll.php on line 185 and exactly 4 expected
in APPPATH\Helpers\attendance_helper.php on line 239.
 1 APPPATH\Views\payroll\create_payroll.php(185): get_user_leave_by_year('6449', '2023-2023-08-01-01', 'Absent')
 2 SYSTEMPATH\View\View.php(213): include('APPPATH\\Views\\payroll\\create_payroll.php')
 3 SYSTEMPATH\View\View.php(216): CodeIgniter\View\View->CodeIgniter\View\{closure}()
 4 SYSTEMPATH\Common.php(1184): CodeIgniter\View\View->render('payroll/create_payroll', [], true)
 5 APPPATH\Controllers\Payroll.php(209): view('payroll/create_payroll')
 6 SYSTEMPATH\CodeIgniter.php(934): App\Controllers\Payroll->create_payroll()
 7 SYSTEMPATH\CodeIgniter.php(499): CodeIgniter\CodeIgniter->runController(Object(App\Controllers\Payroll))
 8 SYSTEMPATH\CodeIgniter.php(368): CodeIgniter\CodeIgniter->handleRequest(null, Object(Config\Cache), false)
 9 FCPATH\index.php(67): CodeIgniter\CodeIgniter->run()
CRITICAL - 2023-08-12 06:22:08 --> Too few arguments to function get_user_leave_by_year(), 3 passed in C:\xampp\htdocs\SpriteGenix_app\app\Views\payroll\create_payroll.php on line 185 and exactly 4 expected
in APPPATH\Helpers\attendance_helper.php on line 239.
 1 APPPATH\Views\payroll\create_payroll.php(185): get_user_leave_by_year('6449', '2023-2023-08-01-01', 'Absent')
 2 SYSTEMPATH\View\View.php(213): include('APPPATH\\Views\\payroll\\create_payroll.php')
 3 SYSTEMPATH\View\View.php(216): CodeIgniter\View\View->CodeIgniter\View\{closure}()
 4 SYSTEMPATH\Common.php(1184): CodeIgniter\View\View->render('payroll/create_payroll', [], true)
 5 APPPATH\Controllers\Payroll.php(209): view('payroll/create_payroll')
 6 SYSTEMPATH\CodeIgniter.php(934): App\Controllers\Payroll->create_payroll()
 7 SYSTEMPATH\CodeIgniter.php(499): CodeIgniter\CodeIgniter->runController(Object(App\Controllers\Payroll))
 8 SYSTEMPATH\CodeIgniter.php(368): CodeIgniter\CodeIgniter->handleRequest(null, Object(Config\Cache), false)
 9 FCPATH\index.php(67): CodeIgniter\CodeIgniter->run()
CRITICAL - 2023-08-12 06:24:42 --> Undefined array key "employee_category"
in APPPATH\Views\payroll\create_payroll.php on line 186.
 1 APPPATH\Views\payroll\create_payroll.php(186): CodeIgniter\Debug\Exceptions->errorHandler(2, 'Undefined array key "employee_category"', 'APPPATH\\Views\\payroll\\create_payroll.php', 186)
 2 SYSTEMPATH\View\View.php(213): include('APPPATH\\Views\\payroll\\create_payroll.php')
 3 SYSTEMPATH\View\View.php(216): CodeIgniter\View\View->CodeIgniter\View\{closure}()
 4 SYSTEMPATH\Common.php(1184): CodeIgniter\View\View->render('payroll/create_payroll', [], true)
 5 APPPATH\Controllers\Payroll.php(209): view('payroll/create_payroll')
 6 SYSTEMPATH\CodeIgniter.php(934): App\Controllers\Payroll->create_payroll()
 7 SYSTEMPATH\CodeIgniter.php(499): CodeIgniter\CodeIgniter->runController(Object(App\Controllers\Payroll))
 8 SYSTEMPATH\CodeIgniter.php(368): CodeIgniter\CodeIgniter->handleRequest(null, Object(Config\Cache), false)
 9 FCPATH\index.php(67): CodeIgniter\CodeIgniter->run()
CRITICAL - 2023-08-12 06:38:57 --> Undefined variable $leave_amount
in APPPATH\Views\payroll\create_payroll.php on line 196.
 1 APPPATH\Views\payroll\create_payroll.php(196): CodeIgniter\Debug\Exceptions->errorHandler(2, 'Undefined variable $leave_amount', 'APPPATH\\Views\\payroll\\create_payroll.php', 196)
 2 SYSTEMPATH\View\View.php(213): include('APPPATH\\Views\\payroll\\create_payroll.php')
 3 SYSTEMPATH\View\View.php(216): CodeIgniter\View\View->CodeIgniter\View\{closure}()
 4 SYSTEMPATH\Common.php(1184): CodeIgniter\View\View->render('payroll/create_payroll', [], true)
 5 APPPATH\Controllers\Payroll.php(209): view('payroll/create_payroll')
 6 SYSTEMPATH\CodeIgniter.php(934): App\Controllers\Payroll->create_payroll()
 7 SYSTEMPATH\CodeIgniter.php(499): CodeIgniter\CodeIgniter->runController(Object(App\Controllers\Payroll))
 8 SYSTEMPATH\CodeIgniter.php(368): CodeIgniter\CodeIgniter->handleRequest(null, Object(Config\Cache), false)
 9 FCPATH\index.php(67): CodeIgniter\CodeIgniter->run()
CRITICAL - 2023-08-12 06:46:08 --> You should provide a barcode string.
in FCPATH\vendor\picqer\php-barcode-generator\src\Types\TypeCode128.php on line 136.
 1 FCPATH\vendor\picqer\php-barcode-generator\src\BarcodeGenerator.php(103): Picqer\Barcode\Types\TypeCode128->getBarcodeData('C:\\xampp\\htdocs\\SpriteGenix_app')
 2 FCPATH\vendor\picqer\php-barcode-generator\src\BarcodeGeneratorPNG.php(54): Picqer\Barcode\BarcodeGenerator->getBarcodeData('C:\\xampp\\htdocs\\SpriteGenix_app', 'C128')
 3 APPPATH\Controllers\Generate_barcode.php(81): Picqer\Barcode\BarcodeGeneratorPNG->getBarcode('C:\\xampp\\htdocs\\SpriteGenix_app', 'C128')
 4 SYSTEMPATH\CodeIgniter.php(934): App\Controllers\Generate_barcode->index()
 5 SYSTEMPATH\CodeIgniter.php(499): CodeIgniter\CodeIgniter->runController(Object(App\Controllers\Generate_barcode))
 6 SYSTEMPATH\CodeIgniter.php(368): CodeIgniter\CodeIgniter->handleRequest(null, Object(Config\Cache), false)
 7 FCPATH\index.php(67): CodeIgniter\CodeIgniter->run()
CRITICAL - 2023-08-12 06:46:22 --> You should provide a barcode string.
in FCPATH\vendor\picqer\php-barcode-generator\src\Types\TypeCode128.php on line 136.
 1 FCPATH\vendor\picqer\php-barcode-generator\src\BarcodeGenerator.php(103): Picqer\Barcode\Types\TypeCode128->getBarcodeData('C:\\xampp\\htdocs\\SpriteGenix_app')
 2 FCPATH\vendor\picqer\php-barcode-generator\src\BarcodeGeneratorPNG.php(54): Picqer\Barcode\BarcodeGenerator->getBarcodeData('C:\\xampp\\htdocs\\SpriteGenix_app', 'C128')
 3 APPPATH\Controllers\Generate_barcode.php(81): Picqer\Barcode\BarcodeGeneratorPNG->getBarcode('C:\\xampp\\htdocs\\SpriteGenix_app', 'C128')
 4 SYSTEMPATH\CodeIgniter.php(934): App\Controllers\Generate_barcode->index()
 5 SYSTEMPATH\CodeIgniter.php(499): CodeIgniter\CodeIgniter->runController(Object(App\Controllers\Generate_barcode))
 6 SYSTEMPATH\CodeIgniter.php(368): CodeIgniter\CodeIgniter->handleRequest(null, Object(Config\Cache), false)
 7 FCPATH\index.php(67): CodeIgniter\CodeIgniter->run()
CRITICAL - 2023-08-12 06:59:42 --> Undefined variable $attend_date
in APPPATH\Helpers\attendance_helper.php on line 59.
 1 APPPATH\Helpers\attendance_helper.php(59): CodeIgniter\Debug\Exceptions->errorHandler(2, 'Undefined variable $attend_date', 'APPPATH\\Helpers\\attendance_helper.php', 59)
 2 APPPATH\Views\payroll\create_payroll.php(202): get_total_leaves_of_employee('10', '2023-08-12', '6449')
 3 SYSTEMPATH\View\View.php(213): include('APPPATH\\Views\\payroll\\create_payroll.php')
 4 SYSTEMPATH\View\View.php(216): CodeIgniter\View\View->CodeIgniter\View\{closure}()
 5 SYSTEMPATH\Common.php(1184): CodeIgniter\View\View->render('payroll/create_payroll', [], true)
 6 APPPATH\Controllers\Payroll.php(209): view('payroll/create_payroll')
 7 SYSTEMPATH\CodeIgniter.php(934): App\Controllers\Payroll->create_payroll()
 8 SYSTEMPATH\CodeIgniter.php(499): CodeIgniter\CodeIgniter->runController(Object(App\Controllers\Payroll))
 9 SYSTEMPATH\CodeIgniter.php(368): CodeIgniter\CodeIgniter->handleRequest(null, Object(Config\Cache), false)
10 FCPATH\index.php(67): CodeIgniter\CodeIgniter->run()
CRITICAL - 2023-08-12 07:32:45 --> Trying to access array offset on value of type null
in APPPATH\Helpers\payroll_helper.php on line 80.
 1 APPPATH\Helpers\payroll_helper.php(80): CodeIgniter\Debug\Exceptions->errorHandler(2, 'Trying to access array offset on value of type null', 'APPPATH\\Helpers\\payroll_helper.php', 80)
 2 APPPATH\Views\payroll\edit.php(116): salary_items_array_by_payrollid('28', '10')
 3 SYSTEMPATH\View\View.php(213): include('APPPATH\\Views\\payroll\\edit.php')
 4 SYSTEMPATH\View\View.php(216): CodeIgniter\View\View->CodeIgniter\View\{closure}()
 5 SYSTEMPATH\Common.php(1184): CodeIgniter\View\View->render('payroll/edit', [], true)
 6 APPPATH\Controllers\Payroll.php(342): view('payroll/edit')
 7 SYSTEMPATH\CodeIgniter.php(934): App\Controllers\Payroll->edit('28')
 8 SYSTEMPATH\CodeIgniter.php(499): CodeIgniter\CodeIgniter->runController(Object(App\Controllers\Payroll))
 9 SYSTEMPATH\CodeIgniter.php(368): CodeIgniter\CodeIgniter->handleRequest(null, Object(Config\Cache), false)
10 FCPATH\index.php(67): CodeIgniter\CodeIgniter->run()
CRITICAL - 2023-08-12 07:33:16 --> Trying to access array offset on value of type null
in APPPATH\Helpers\payroll_helper.php on line 80.
 1 APPPATH\Helpers\payroll_helper.php(80): CodeIgniter\Debug\Exceptions->errorHandler(2, 'Trying to access array offset on value of type null', 'APPPATH\\Helpers\\payroll_helper.php', 80)
 2 APPPATH\Views\payroll\templates\payroll_slip_design.php(89): salary_items_array_by_payrollid('28', '10')
 3 SYSTEMPATH\View\View.php(213): include('APPPATH\\Views\\payroll\\templates\\payroll_slip_design.php')
 4 SYSTEMPATH\View\View.php(216): CodeIgniter\View\View->CodeIgniter\View\{closure}()
 5 SYSTEMPATH\Common.php(1184): CodeIgniter\View\View->render('payroll/templates/payroll_slip_design', [], true)
 6 APPPATH\Controllers\Payroll.php(936): view('payroll/templates/payroll_slip_design', [...])
 7 SYSTEMPATH\CodeIgniter.php(934): App\Controllers\Payroll->get_payroll_slip('28', 'view')
 8 SYSTEMPATH\CodeIgniter.php(499): CodeIgniter\CodeIgniter->runController(Object(App\Controllers\Payroll))
 9 SYSTEMPATH\CodeIgniter.php(368): CodeIgniter\CodeIgniter->handleRequest(null, Object(Config\Cache), false)
10 FCPATH\index.php(67): CodeIgniter\CodeIgniter->run()
CRITICAL - 2023-08-12 08:17:46 --> Trying to access array offset on value of type null
in APPPATH\Views\payroll\edit.php on line 19.
 1 APPPATH\Views\payroll\edit.php(19): CodeIgniter\Debug\Exceptions->errorHandler(2, 'Trying to access array offset on value of type null', 'APPPATH\\Views\\payroll\\edit.php', 19)
 2 SYSTEMPATH\View\View.php(213): include('APPPATH\\Views\\payroll\\edit.php')
 3 SYSTEMPATH\View\View.php(216): CodeIgniter\View\View->CodeIgniter\View\{closure}()
 4 SYSTEMPATH\Common.php(1184): CodeIgniter\View\View->render('payroll/edit', [], true)
 5 APPPATH\Controllers\Payroll.php(342): view('payroll/edit')
 6 SYSTEMPATH\CodeIgniter.php(934): App\Controllers\Payroll->edit('43')
 7 SYSTEMPATH\CodeIgniter.php(499): CodeIgniter\CodeIgniter->runController(Object(App\Controllers\Payroll))
 8 SYSTEMPATH\CodeIgniter.php(368): CodeIgniter\CodeIgniter->handleRequest(null, Object(Config\Cache), false)
 9 FCPATH\index.php(67): CodeIgniter\CodeIgniter->run()
CRITICAL - 2023-08-12 10:35:49 --> Trying to access array offset on value of type null
in APPPATH\Helpers\apanel_helper.php on line 4818.
 1 APPPATH\Helpers\apanel_helper.php(4818): CodeIgniter\Debug\Exceptions->errorHandler(2, 'Trying to access array offset on value of type null', 'APPPATH\\Helpers\\apanel_helper.php', 4818)
 2 APPPATH\Helpers\apanel_helper.php(4780): company('5847')
 3 APPPATH\Controllers\Home.php(30): now_time('5847')
 4 SYSTEMPATH\CodeIgniter.php(934): App\Controllers\Home->index()
 5 SYSTEMPATH\CodeIgniter.php(499): CodeIgniter\CodeIgniter->runController(Object(App\Controllers\Home))
 6 SYSTEMPATH\CodeIgniter.php(368): CodeIgniter\CodeIgniter->handleRequest(null, Object(Config\Cache), false)
 7 FCPATH\index.php(67): CodeIgniter\CodeIgniter->run()
CRITICAL - 2023-08-12 10:36:27 --> Trying to access array offset on value of type null
in APPPATH\Helpers\apanel_helper.php on line 4818.
 1 APPPATH\Helpers\apanel_helper.php(4818): CodeIgniter\Debug\Exceptions->errorHandler(2, 'Trying to access array offset on value of type null', 'APPPATH\\Helpers\\apanel_helper.php', 4818)
 2 APPPATH\Helpers\apanel_helper.php(4780): company('5847')
 3 APPPATH\Controllers\Home.php(30): now_time('5847')
 4 SYSTEMPATH\CodeIgniter.php(934): App\Controllers\Home->index()
 5 SYSTEMPATH\CodeIgniter.php(499): CodeIgniter\CodeIgniter->runController(Object(App\Controllers\Home))
 6 SYSTEMPATH\CodeIgniter.php(368): CodeIgniter\CodeIgniter->handleRequest(null, Object(Config\Cache), false)
 7 FCPATH\index.php(67): CodeIgniter\CodeIgniter->run()
CRITICAL - 2023-08-12 10:47:23 --> Trying to access array offset on value of type null
in APPPATH\Helpers\apanel_helper.php on line 4876.
 1 APPPATH\Helpers\apanel_helper.php(4876): CodeIgniter\Debug\Exceptions->errorHandler(2, 'Trying to access array offset on value of type null', 'APPPATH\\Helpers\\apanel_helper.php', 4876)
 2 APPPATH\Controllers\Hr_manage.php(492): user_data(0, 'employee_category')
 3 APPPATH\Controllers\Hr_manage.php(400): App\Controllers\Hr_manage->push_log_as_attendance([...])
 4 SYSTEMPATH\CodeIgniter.php(934): App\Controllers\Hr_manage->push_attendance()
 5 SYSTEMPATH\CodeIgniter.php(499): CodeIgniter\CodeIgniter->runController(Object(App\Controllers\Hr_manage))
 6 SYSTEMPATH\CodeIgniter.php(368): CodeIgniter\CodeIgniter->handleRequest(null, Object(Config\Cache), false)
 7 FCPATH\index.php(67): CodeIgniter\CodeIgniter->run()
