CRITICAL - 2023-09-03 04:52:38 --> Undefined variable $report_f_date
in APPPATH\Views\reports\item_wise_sales_report.php on line 146.
 1 APPPATH\Views\reports\item_wise_sales_report.php(146): CodeIgniter\Debug\Exceptions->errorHandler(2, 'Undefined variable $report_f_date', 'APPPATH\\Views\\reports\\item_wise_sales_report.php', 146)
 2 SYSTEMPATH\View\View.php(213): include('APPPATH\\Views\\reports\\item_wise_sales_report.php')
 3 SYSTEMPATH\View\View.php(216): CodeIgniter\View\View->CodeIgniter\View\{closure}()
 4 SYSTEMPATH\Common.php(1184): CodeIgniter\View\View->render('reports/item_wise_sales_report', [], true)
 5 APPPATH\Controllers\Reports.php(397): view('reports/item_wise_sales_report', [...])
 6 SYSTEMPATH\CodeIgniter.php(934): App\Controllers\Reports->item_wise_sales_report()
 7 SYSTEMPATH\CodeIgniter.php(499): CodeIgniter\CodeIgniter->runController(Object(App\Controllers\Reports))
 8 SYSTEMPATH\CodeIgniter.php(368): CodeIgniter\CodeIgniter->handleRequest(null, Object(Config\Cache), false)
 9 FCPATH\index.php(67): CodeIgniter\CodeIgniter->run()
CRITICAL - 2023-09-03 04:55:29 --> Undefined variable $total_amount
in APPPATH\Views\reports\item_wise_sales_report.php on line 154.
 1 APPPATH\Views\reports\item_wise_sales_report.php(154): CodeIgniter\Debug\Exceptions->errorHandler(2, 'Undefined variable $total_amount', 'APPPATH\\Views\\reports\\item_wise_sales_report.php', 154)
 2 SYSTEMPATH\View\View.php(213): include('APPPATH\\Views\\reports\\item_wise_sales_report.php')
 3 SYSTEMPATH\View\View.php(216): CodeIgniter\View\View->CodeIgniter\View\{closure}()
 4 SYSTEMPATH\Common.php(1184): CodeIgniter\View\View->render('reports/item_wise_sales_report', [], true)
 5 APPPATH\Controllers\Reports.php(397): view('reports/item_wise_sales_report', [...])
 6 SYSTEMPATH\CodeIgniter.php(934): App\Controllers\Reports->item_wise_sales_report()
 7 SYSTEMPATH\CodeIgniter.php(499): CodeIgniter\CodeIgniter->runController(Object(App\Controllers\Reports))
 8 SYSTEMPATH\CodeIgniter.php(368): CodeIgniter\CodeIgniter->handleRequest(null, Object(Config\Cache), false)
 9 FCPATH\index.php(67): CodeIgniter\CodeIgniter->run()
CRITICAL - 2023-09-03 05:25:49 --> Undefined variable $invoice_items_array
in APPPATH\Views\reports\item_wise_sales_report.php on line 139.
 1 APPPATH\Views\reports\item_wise_sales_report.php(139): CodeIgniter\Debug\Exceptions->errorHandler(2, 'Undefined variable $invoice_items_array', 'APPPATH\\Views\\reports\\item_wise_sales_report.php', 139)
 2 SYSTEMPATH\View\View.php(213): include('APPPATH\\Views\\reports\\item_wise_sales_report.php')
 3 SYSTEMPATH\View\View.php(216): CodeIgniter\View\View->CodeIgniter\View\{closure}()
 4 SYSTEMPATH\Common.php(1184): CodeIgniter\View\View->render('reports/item_wise_sales_report', [], true)
 5 APPPATH\Controllers\Reports.php(353): view('reports/item_wise_sales_report', [...])
 6 SYSTEMPATH\CodeIgniter.php(934): App\Controllers\Reports->item_wise_sales_report()
 7 SYSTEMPATH\CodeIgniter.php(499): CodeIgniter\CodeIgniter->runController(Object(App\Controllers\Reports))
 8 SYSTEMPATH\CodeIgniter.php(368): CodeIgniter\CodeIgniter->handleRequest(null, Object(Config\Cache), false)
 9 FCPATH\index.php(67): CodeIgniter\CodeIgniter->run()
ERROR - 2023-09-03 05:32:59 --> mysqli_sql_exception: Column 'deleted' in where clause is ambiguous in C:\xampp\htdocs\SpriteGenix_app\system\Database\MySQLi\Connection.php:295
Stack trace:
#0 C:\xampp\htdocs\SpriteGenix_app\system\Database\MySQLi\Connection.php(295): mysqli->query('SELECT `invoice...', 0)
#1 C:\xampp\htdocs\SpriteGenix_app\system\Database\BaseConnection.php(691): CodeIgniter\Database\MySQLi\Connection->execute('SELECT `invoice...')
#2 C:\xampp\htdocs\SpriteGenix_app\system\Database\BaseConnection.php(605): CodeIgniter\Database\BaseConnection->simpleQuery('SELECT `invoice...')
#3 C:\xampp\htdocs\SpriteGenix_app\system\Database\BaseBuilder.php(1616): CodeIgniter\Database\BaseConnection->query('SELECT `invoice...', Array, false)
#4 C:\xampp\htdocs\SpriteGenix_app\system\Model.php(241): CodeIgniter\Database\BaseBuilder->get()
#5 C:\xampp\htdocs\SpriteGenix_app\system\BaseModel.php(618): CodeIgniter\Model->doFindAll(0, 0)
#6 C:\xampp\htdocs\SpriteGenix_app\app\Controllers\Reports.php(339): CodeIgniter\BaseModel->findAll()
#7 C:\xampp\htdocs\SpriteGenix_app\system\CodeIgniter.php(934): App\Controllers\Reports->item_wise_sales_report()
#8 C:\xampp\htdocs\SpriteGenix_app\system\CodeIgniter.php(499): CodeIgniter\CodeIgniter->runController(Object(App\Controllers\Reports))
#9 C:\xampp\htdocs\SpriteGenix_app\system\CodeIgniter.php(368): CodeIgniter\CodeIgniter->handleRequest(NULL, Object(Config\Cache), false)
#10 C:\xampp\htdocs\SpriteGenix_app\index.php(67): CodeIgniter\CodeIgniter->run()
#11 {main}
CRITICAL - 2023-09-03 05:32:59 --> Column 'deleted' in where clause is ambiguous
in SYSTEMPATH\Database\BaseConnection.php on line 645.
 1 SYSTEMPATH\Database\BaseBuilder.php(1616): CodeIgniter\Database\BaseConnection->query('SELECT `invoice_items`.*, `invoices`.`id`
FROM `invoice_items`
LEFT JOIN `invoices` ON `invoices`.`id` = `invoice_items`.`invoice_id`
WHERE `invoice_items`.`invoice_date` = :invoice_items.invoice_date:
AND `deleted` = :deleted:
AND `invoices`.`company_id` = :invoices.company_id:
GROUP BY `invoice_items`.`product_id`', [...], false)
 2 SYSTEMPATH\Model.php(241): CodeIgniter\Database\BaseBuilder->get()
 3 SYSTEMPATH\BaseModel.php(618): CodeIgniter\Model->doFindAll(0, 0)
 4 APPPATH\Controllers\Reports.php(339): CodeIgniter\BaseModel->findAll()
 5 SYSTEMPATH\CodeIgniter.php(934): App\Controllers\Reports->item_wise_sales_report()
 6 SYSTEMPATH\CodeIgniter.php(499): CodeIgniter\CodeIgniter->runController(Object(App\Controllers\Reports))
 7 SYSTEMPATH\CodeIgniter.php(368): CodeIgniter\CodeIgniter->handleRequest(null, Object(Config\Cache), false)
 8 FCPATH\index.php(67): CodeIgniter\CodeIgniter->run()
CRITICAL - 2023-09-03 05:33:50 --> Undefined array key "qty"
in APPPATH\Views\reports\item_wise_sales_report.php on line 143.
 1 APPPATH\Views\reports\item_wise_sales_report.php(143): CodeIgniter\Debug\Exceptions->errorHandler(2, 'Undefined array key "qty"', 'APPPATH\\Views\\reports\\item_wise_sales_report.php', 143)
 2 SYSTEMPATH\View\View.php(213): include('APPPATH\\Views\\reports\\item_wise_sales_report.php')
 3 SYSTEMPATH\View\View.php(216): CodeIgniter\View\View->CodeIgniter\View\{closure}()
 4 SYSTEMPATH\Common.php(1184): CodeIgniter\View\View->render('reports/item_wise_sales_report', [], true)
 5 APPPATH\Controllers\Reports.php(353): view('reports/item_wise_sales_report', [...])
 6 SYSTEMPATH\CodeIgniter.php(934): App\Controllers\Reports->item_wise_sales_report()
 7 SYSTEMPATH\CodeIgniter.php(499): CodeIgniter\CodeIgniter->runController(Object(App\Controllers\Reports))
 8 SYSTEMPATH\CodeIgniter.php(368): CodeIgniter\CodeIgniter->handleRequest(null, Object(Config\Cache), false)
 9 FCPATH\index.php(67): CodeIgniter\CodeIgniter->run()
