CRITICAL - 2023-06-26 03:56:04 --> You should provide a barcode string.
in FCPATH\vendor\picqer\php-barcode-generator\src\Types\TypeCode128.php on line 136.
 1 FCPATH\vendor\picqer\php-barcode-generator\src\BarcodeGenerator.php(103): Picqer\Barcode\Types\TypeCode128->getBarcodeData('C:\\xampp\\htdocs\\SpriteGenix_app')
 2 FCPATH\vendor\picqer\php-barcode-generator\src\BarcodeGeneratorPNG.php(54): Picqer\Barcode\BarcodeGenerator->getBarcodeData('C:\\xampp\\htdocs\\SpriteGenix_app', 'C128')
 3 APPPATH\Controllers\Generate_barcode.php(79): Picqer\Barcode\BarcodeGeneratorPNG->getBarcode('C:\\xampp\\htdocs\\SpriteGenix_app', 'C128')
 4 SYSTEMPATH\CodeIgniter.php(934): App\Controllers\Generate_barcode->index()
 5 SYSTEMPATH\CodeIgniter.php(499): CodeIgniter\CodeIgniter->runController(Object(App\Controllers\Generate_barcode))
 6 SYSTEMPATH\CodeIgniter.php(368): CodeIgniter\CodeIgniter->handleRequest(null, Object(Config\Cache), false)
 7 FCPATH\index.php(67): CodeIgniter\CodeIgniter->run()
CRITICAL - 2023-06-26 04:17:41 --> Undefined array key "full_barcode"
in APPPATH\Controllers\Sales.php on line 1418.
 1 APPPATH\Controllers\Sales.php(1418): CodeIgniter\Debug\Exceptions->errorHandler(2, 'Undefined array key "full_barcode"', 'APPPATH\\Controllers\\Sales.php', 1418)
 2 SYSTEMPATH\CodeIgniter.php(934): App\Controllers\Sales->get_barcode_product('sales')
 3 SYSTEMPATH\CodeIgniter.php(499): CodeIgniter\CodeIgniter->runController(Object(App\Controllers\Sales))
 4 SYSTEMPATH\CodeIgniter.php(368): CodeIgniter\CodeIgniter->handleRequest(null, Object(Config\Cache), false)
 5 FCPATH\index.php(67): CodeIgniter\CodeIgniter->run()
CRITICAL - 2023-06-26 04:55:21 --> Cannot use object of type App\Models\ProductsModel as array
in APPPATH\Controllers\Easy_edit.php on line 297.
 1 SYSTEMPATH\CodeIgniter.php(934): App\Controllers\Easy_edit->generate_pro_barcode('51,49,48,47,46,44,39,38,37,36,34,33,32,31,30,29,19,15,14,13')
 2 SYSTEMPATH\CodeIgniter.php(499): CodeIgniter\CodeIgniter->runController(Object(App\Controllers\Easy_edit))
 3 SYSTEMPATH\CodeIgniter.php(368): CodeIgniter\CodeIgniter->handleRequest(null, Object(Config\Cache), false)
 4 FCPATH\index.php(67): CodeIgniter\CodeIgniter->run()
CRITICAL - 2023-06-26 04:55:23 --> Cannot use object of type App\Models\ProductsModel as array
in APPPATH\Controllers\Easy_edit.php on line 297.
 1 SYSTEMPATH\CodeIgniter.php(934): App\Controllers\Easy_edit->generate_pro_barcode('51,49,48,47,46,44,39,38,37,36,34,33,32,31,30,29,19,15,14,13')
 2 SYSTEMPATH\CodeIgniter.php(499): CodeIgniter\CodeIgniter->runController(Object(App\Controllers\Easy_edit))
 3 SYSTEMPATH\CodeIgniter.php(368): CodeIgniter\CodeIgniter->handleRequest(null, Object(Config\Cache), false)
 4 FCPATH\index.php(67): CodeIgniter\CodeIgniter->run()
CRITICAL - 2023-06-26 04:55:30 --> Cannot use object of type App\Models\ProductsModel as array
in APPPATH\Controllers\Easy_edit.php on line 297.
 1 SYSTEMPATH\CodeIgniter.php(934): App\Controllers\Easy_edit->generate_pro_barcode('51,49,48,47,46,44,39,38,37,36,34,33,32,31,30,29,19,15,14,13')
 2 SYSTEMPATH\CodeIgniter.php(499): CodeIgniter\CodeIgniter->runController(Object(App\Controllers\Easy_edit))
 3 SYSTEMPATH\CodeIgniter.php(368): CodeIgniter\CodeIgniter->handleRequest(null, Object(Config\Cache), false)
 4 FCPATH\index.php(67): CodeIgniter\CodeIgniter->run()
CRITICAL - 2023-06-26 04:55:41 --> Cannot use object of type App\Models\ProductsModel as array
in APPPATH\Controllers\Easy_edit.php on line 297.
 1 SYSTEMPATH\CodeIgniter.php(934): App\Controllers\Easy_edit->generate_pro_barcode('51,49,48,47,46,44,39,38,37,36,34,33,32,31,30,29,19,15,14,13')
 2 SYSTEMPATH\CodeIgniter.php(499): CodeIgniter\CodeIgniter->runController(Object(App\Controllers\Easy_edit))
 3 SYSTEMPATH\CodeIgniter.php(368): CodeIgniter\CodeIgniter->handleRequest(null, Object(Config\Cache), false)
 4 FCPATH\index.php(67): CodeIgniter\CodeIgniter->run()
CRITICAL - 2023-06-26 05:43:34 --> Trying to access array offset on value of type null
in APPPATH\Views\invoices\invoice_templates\invoice_show1.php on line 107.
 1 APPPATH\Views\invoices\invoice_templates\invoice_show1.php(107): CodeIgniter\Debug\Exceptions->errorHandler(2, 'Trying to access array offset on value of type null', 'APPPATH\\Views\\invoices\\invoice_templates\\invoice_show1.php', 107)
 2 SYSTEMPATH\View\View.php(213): include('APPPATH\\Views\\invoices\\invoice_templates\\invoice_show1.php')
 3 SYSTEMPATH\View\View.php(216): CodeIgniter\View\View->CodeIgniter\View\{closure}()
 4 SYSTEMPATH\Common.php(1184): CodeIgniter\View\View->render('invoices/invoice_templates/invoice_show1', [], true)
 5 APPPATH\Controllers\Invoices.php(371): view('invoices/invoice_templates/invoice_show1', [...])
 6 SYSTEMPATH\CodeIgniter.php(934): App\Controllers\Invoices->get_invoice('121')
 7 SYSTEMPATH\CodeIgniter.php(499): CodeIgniter\CodeIgniter->runController(Object(App\Controllers\Invoices))
 8 SYSTEMPATH\CodeIgniter.php(368): CodeIgniter\CodeIgniter->handleRequest(null, Object(Config\Cache), false)
 9 FCPATH\index.php(67): CodeIgniter\CodeIgniter->run()
