CRITICAL - 2023-06-17 08:46:20 --> Invalid file: "website_management/edit_post.php"
in SYSTEMPATH\Exceptions\FrameworkException.php on line 33.
 1 SYSTEMPATH\View\View.php(201): CodeIgniter\Exceptions\FrameworkException::forInvalidFile('website_management/edit_post.php')
 2 SYSTEMPATH\Common.php(1184): CodeIgniter\View\View->render('website_management/edit_post', [], true)
 3 APPPATH\Controllers\Website_management.php(608): view('website_management/edit_post')
 4 SYSTEMPATH\CodeIgniter.php(934): App\Controllers\Website_management->edit_post('108')
 5 SYSTEMPATH\CodeIgniter.php(499): CodeIgniter\CodeIgniter->runController(Object(App\Controllers\Website_management))
 6 SYSTEMPATH\CodeIgniter.php(368): CodeIgniter\CodeIgniter->handleRequest(null, Object(Config\Cache), false)
 7 FCPATH\index.php(67): CodeIgniter\CodeIgniter->run()
CRITICAL - 2023-06-17 08:56:45 --> syntax error, unexpected token "echo"
in APPPATH\Views\website_management\edit_post.php on line 85.
 1 SYSTEMPATH\View\View.php(216): CodeIgniter\View\View->CodeIgniter\View\{closure}()
 2 SYSTEMPATH\Common.php(1184): CodeIgniter\View\View->render('website_management/edit_post', [], true)
 3 APPPATH\Controllers\Website_management.php(608): view('website_management/edit_post')
 4 SYSTEMPATH\CodeIgniter.php(934): App\Controllers\Website_management->edit_post('108')
 5 SYSTEMPATH\CodeIgniter.php(499): CodeIgniter\CodeIgniter->runController(Object(App\Controllers\Website_management))
 6 SYSTEMPATH\CodeIgniter.php(368): CodeIgniter\CodeIgniter->handleRequest(null, Object(Config\Cache), false)
 7 FCPATH\index.php(67): CodeIgniter\CodeIgniter->run()
CRITICAL - 2023-06-17 08:56:58 --> syntax error, unexpected token "echo"
in APPPATH\Views\website_management\edit_post.php on line 85.
 1 SYSTEMPATH\View\View.php(216): CodeIgniter\View\View->CodeIgniter\View\{closure}()
 2 SYSTEMPATH\Common.php(1184): CodeIgniter\View\View->render('website_management/edit_post', [], true)
 3 APPPATH\Controllers\Website_management.php(608): view('website_management/edit_post')
 4 SYSTEMPATH\CodeIgniter.php(934): App\Controllers\Website_management->edit_post('108')
 5 SYSTEMPATH\CodeIgniter.php(499): CodeIgniter\CodeIgniter->runController(Object(App\Controllers\Website_management))
 6 SYSTEMPATH\CodeIgniter.php(368): CodeIgniter\CodeIgniter->handleRequest(null, Object(Config\Cache), false)
 7 FCPATH\index.php(67): CodeIgniter\CodeIgniter->run()
CRITICAL - 2023-06-17 08:57:20 --> syntax error, unexpected token ":"
in APPPATH\Views\website_management\edit_post.php on line 85.
 1 SYSTEMPATH\View\View.php(216): CodeIgniter\View\View->CodeIgniter\View\{closure}()
 2 SYSTEMPATH\Common.php(1184): CodeIgniter\View\View->render('website_management/edit_post', [], true)
 3 APPPATH\Controllers\Website_management.php(608): view('website_management/edit_post')
 4 SYSTEMPATH\CodeIgniter.php(934): App\Controllers\Website_management->edit_post('108')
 5 SYSTEMPATH\CodeIgniter.php(499): CodeIgniter\CodeIgniter->runController(Object(App\Controllers\Website_management))
 6 SYSTEMPATH\CodeIgniter.php(368): CodeIgniter\CodeIgniter->handleRequest(null, Object(Config\Cache), false)
 7 FCPATH\index.php(67): CodeIgniter\CodeIgniter->run()
CRITICAL - 2023-06-17 08:58:22 --> syntax error, unexpected token ";"
in APPPATH\Views\website_management\edit_post.php on line 85.
 1 SYSTEMPATH\View\View.php(216): CodeIgniter\View\View->CodeIgniter\View\{closure}()
 2 SYSTEMPATH\Common.php(1184): CodeIgniter\View\View->render('website_management/edit_post', [], true)
 3 APPPATH\Controllers\Website_management.php(608): view('website_management/edit_post')
 4 SYSTEMPATH\CodeIgniter.php(934): App\Controllers\Website_management->edit_post('108')
 5 SYSTEMPATH\CodeIgniter.php(499): CodeIgniter\CodeIgniter->runController(Object(App\Controllers\Website_management))
 6 SYSTEMPATH\CodeIgniter.php(368): CodeIgniter\CodeIgniter->handleRequest(null, Object(Config\Cache), false)
 7 FCPATH\index.php(67): CodeIgniter\CodeIgniter->run()
CRITICAL - 2023-06-17 08:59:21 --> syntax error, unexpected token ";"
in APPPATH\Views\website_management\edit_post.php on line 85.
 1 SYSTEMPATH\View\View.php(216): CodeIgniter\View\View->CodeIgniter\View\{closure}()
 2 SYSTEMPATH\Common.php(1184): CodeIgniter\View\View->render('website_management/edit_post', [], true)
 3 APPPATH\Controllers\Website_management.php(608): view('website_management/edit_post')
 4 SYSTEMPATH\CodeIgniter.php(934): App\Controllers\Website_management->edit_post('108')
 5 SYSTEMPATH\CodeIgniter.php(499): CodeIgniter\CodeIgniter->runController(Object(App\Controllers\Website_management))
 6 SYSTEMPATH\CodeIgniter.php(368): CodeIgniter\CodeIgniter->handleRequest(null, Object(Config\Cache), false)
 7 FCPATH\index.php(67): CodeIgniter\CodeIgniter->run()
CRITICAL - 2023-06-17 08:59:53 --> syntax error, unexpected token ";"
in APPPATH\Views\website_management\edit_post.php on line 85.
 1 SYSTEMPATH\View\View.php(216): CodeIgniter\View\View->CodeIgniter\View\{closure}()
 2 SYSTEMPATH\Common.php(1184): CodeIgniter\View\View->render('website_management/edit_post', [], true)
 3 APPPATH\Controllers\Website_management.php(608): view('website_management/edit_post')
 4 SYSTEMPATH\CodeIgniter.php(934): App\Controllers\Website_management->edit_post('108')
 5 SYSTEMPATH\CodeIgniter.php(499): CodeIgniter\CodeIgniter->runController(Object(App\Controllers\Website_management))
 6 SYSTEMPATH\CodeIgniter.php(368): CodeIgniter\CodeIgniter->handleRequest(null, Object(Config\Cache), false)
 7 FCPATH\index.php(67): CodeIgniter\CodeIgniter->run()
CRITICAL - 2023-06-17 09:01:04 --> syntax error, unexpected token ";"
in APPPATH\Views\website_management\edit_post.php on line 85.
 1 SYSTEMPATH\View\View.php(216): CodeIgniter\View\View->CodeIgniter\View\{closure}()
 2 SYSTEMPATH\Common.php(1184): CodeIgniter\View\View->render('website_management/edit_post', [], true)
 3 APPPATH\Controllers\Website_management.php(608): view('website_management/edit_post')
 4 SYSTEMPATH\CodeIgniter.php(934): App\Controllers\Website_management->edit_post('108')
 5 SYSTEMPATH\CodeIgniter.php(499): CodeIgniter\CodeIgniter->runController(Object(App\Controllers\Website_management))
 6 SYSTEMPATH\CodeIgniter.php(368): CodeIgniter\CodeIgniter->handleRequest(null, Object(Config\Cache), false)
 7 FCPATH\index.php(67): CodeIgniter\CodeIgniter->run()
CRITICAL - 2023-06-17 09:29:58 --> Undefined array key "rich_description"
in APPPATH\Views\website_management\edit_post.php on line 197.
 1 APPPATH\Views\website_management\edit_post.php(197): CodeIgniter\Debug\Exceptions->errorHandler(2, 'Undefined array key "rich_description"', 'APPPATH\\Views\\website_management\\edit_post.php', 197)
 2 SYSTEMPATH\View\View.php(213): include('APPPATH\\Views\\website_management\\edit_post.php')
 3 SYSTEMPATH\View\View.php(216): CodeIgniter\View\View->CodeIgniter\View\{closure}()
 4 SYSTEMPATH\Common.php(1184): CodeIgniter\View\View->render('website_management/edit_post', [], true)
 5 APPPATH\Controllers\Website_management.php(610): view('website_management/edit_post')
 6 SYSTEMPATH\CodeIgniter.php(934): App\Controllers\Website_management->edit_post('108')
 7 SYSTEMPATH\CodeIgniter.php(499): CodeIgniter\CodeIgniter->runController(Object(App\Controllers\Website_management))
 8 SYSTEMPATH\CodeIgniter.php(368): CodeIgniter\CodeIgniter->handleRequest(null, Object(Config\Cache), false)
 9 FCPATH\index.php(67): CodeIgniter\CodeIgniter->run()
CRITICAL - 2023-06-17 09:49:09 --> Class "PostThumbnail" not found
in APPPATH\Helpers\apanel_helper.php on line 164.
 1 APPPATH\Views\website_management\edit_post.php(125): thumbnails_array('108')
 2 SYSTEMPATH\View\View.php(213): include('APPPATH\\Views\\website_management\\edit_post.php')
 3 SYSTEMPATH\View\View.php(216): CodeIgniter\View\View->CodeIgniter\View\{closure}()
 4 SYSTEMPATH\Common.php(1184): CodeIgniter\View\View->render('website_management/edit_post', [], true)
 5 APPPATH\Controllers\Website_management.php(610): view('website_management/edit_post')
 6 SYSTEMPATH\CodeIgniter.php(934): App\Controllers\Website_management->edit_post('108')
 7 SYSTEMPATH\CodeIgniter.php(499): CodeIgniter\CodeIgniter->runController(Object(App\Controllers\Website_management))
 8 SYSTEMPATH\CodeIgniter.php(368): CodeIgniter\CodeIgniter->handleRequest(null, Object(Config\Cache), false)
 9 FCPATH\index.php(67): CodeIgniter\CodeIgniter->run()
CRITICAL - 2023-06-17 11:19:24 --> Undefined variable $id
in APPPATH\Controllers\Website_management.php on line 599.
 1 APPPATH\Controllers\Website_management.php(599): CodeIgniter\Debug\Exceptions->errorHandler(2, 'Undefined variable $id', 'APPPATH\\Controllers\\Website_management.php', 599)
 2 SYSTEMPATH\CodeIgniter.php(934): App\Controllers\Website_management->remove_thumbnail('104')
 3 SYSTEMPATH\CodeIgniter.php(499): CodeIgniter\CodeIgniter->runController(Object(App\Controllers\Website_management))
 4 SYSTEMPATH\CodeIgniter.php(368): CodeIgniter\CodeIgniter->handleRequest(null, Object(Config\Cache), false)
 5 FCPATH\index.php(67): CodeIgniter\CodeIgniter->run()
CRITICAL - 2023-06-17 11:19:51 --> Undefined variable $id
in APPPATH\Controllers\Website_management.php on line 599.
 1 APPPATH\Controllers\Website_management.php(599): CodeIgniter\Debug\Exceptions->errorHandler(2, 'Undefined variable $id', 'APPPATH\\Controllers\\Website_management.php', 599)
 2 SYSTEMPATH\CodeIgniter.php(934): App\Controllers\Website_management->remove_thumbnail('104')
 3 SYSTEMPATH\CodeIgniter.php(499): CodeIgniter\CodeIgniter->runController(Object(App\Controllers\Website_management))
 4 SYSTEMPATH\CodeIgniter.php(368): CodeIgniter\CodeIgniter->handleRequest(null, Object(Config\Cache), false)
 5 FCPATH\index.php(67): CodeIgniter\CodeIgniter->run()
CRITICAL - 2023-06-17 11:19:51 --> Undefined variable $id
in APPPATH\Controllers\Website_management.php on line 599.
 1 APPPATH\Controllers\Website_management.php(599): CodeIgniter\Debug\Exceptions->errorHandler(2, 'Undefined variable $id', 'APPPATH\\Controllers\\Website_management.php', 599)
 2 SYSTEMPATH\CodeIgniter.php(934): App\Controllers\Website_management->remove_thumbnail('104')
 3 SYSTEMPATH\CodeIgniter.php(499): CodeIgniter\CodeIgniter->runController(Object(App\Controllers\Website_management))
 4 SYSTEMPATH\CodeIgniter.php(368): CodeIgniter\CodeIgniter->handleRequest(null, Object(Config\Cache), false)
 5 FCPATH\index.php(67): CodeIgniter\CodeIgniter->run()
CRITICAL - 2023-06-17 11:19:52 --> Undefined variable $id
in APPPATH\Controllers\Website_management.php on line 599.
 1 APPPATH\Controllers\Website_management.php(599): CodeIgniter\Debug\Exceptions->errorHandler(2, 'Undefined variable $id', 'APPPATH\\Controllers\\Website_management.php', 599)
 2 SYSTEMPATH\CodeIgniter.php(934): App\Controllers\Website_management->remove_thumbnail('104')
 3 SYSTEMPATH\CodeIgniter.php(499): CodeIgniter\CodeIgniter->runController(Object(App\Controllers\Website_management))
 4 SYSTEMPATH\CodeIgniter.php(368): CodeIgniter\CodeIgniter->handleRequest(null, Object(Config\Cache), false)
 5 FCPATH\index.php(67): CodeIgniter\CodeIgniter->run()
CRITICAL - 2023-06-17 11:20:13 --> Undefined variable $catmodel
in APPPATH\Controllers\Website_management.php on line 600.
 1 APPPATH\Controllers\Website_management.php(600): CodeIgniter\Debug\Exceptions->errorHandler(2, 'Undefined variable $catmodel', 'APPPATH\\Controllers\\Website_management.php', 600)
 2 SYSTEMPATH\CodeIgniter.php(934): App\Controllers\Website_management->remove_thumbnail('104')
 3 SYSTEMPATH\CodeIgniter.php(499): CodeIgniter\CodeIgniter->runController(Object(App\Controllers\Website_management))
 4 SYSTEMPATH\CodeIgniter.php(368): CodeIgniter\CodeIgniter->handleRequest(null, Object(Config\Cache), false)
 5 FCPATH\index.php(67): CodeIgniter\CodeIgniter->run()
