CRITICAL - 2023-03-10 06:56:28 --> Undefined array key "contact"
in APPPATH\Views\customers\customers.php on line 90.
 1 APPPATH\Views\customers\customers.php(90): CodeIgniter\Debug\Exceptions->errorHandler(2, 'Undefined array key "contact"', 'APPPATH\\Views\\customers\\customers.php', 90)
 2 SYSTEMPATH\View\View.php(213): include('APPPATH\\Views\\customers\\customers.php')
 3 SYSTEMPATH\View\View.php(216): CodeIgniter\View\View->CodeIgniter\View\{closure}()
 4 SYSTEMPATH\Common.php(1184): CodeIgniter\View\View->render('customers/customers', [], true)
 5 APPPATH\Controllers\Customers.php(345): view('customers/customers')
 6 SYSTEMPATH\CodeIgniter.php(934): App\Controllers\Customers->index()
 7 SYSTEMPATH\CodeIgniter.php(499): CodeIgniter\CodeIgniter->runController(Object(App\Controllers\Customers))
 8 SYSTEMPATH\CodeIgniter.php(368): CodeIgniter\CodeIgniter->handleRequest(null, Object(Config\Cache), false)
 9 FCPATH\index.php(67): CodeIgniter\CodeIgniter->run()
CRITICAL - 2023-03-10 06:56:59 --> Undefined array key "type"
in APPPATH\Views\customers\customers.php on line 94.
 1 APPPATH\Views\customers\customers.php(94): CodeIgniter\Debug\Exceptions->errorHandler(2, 'Undefined array key "type"', 'APPPATH\\Views\\customers\\customers.php', 94)
 2 SYSTEMPATH\View\View.php(213): include('APPPATH\\Views\\customers\\customers.php')
 3 SYSTEMPATH\View\View.php(216): CodeIgniter\View\View->CodeIgniter\View\{closure}()
 4 SYSTEMPATH\Common.php(1184): CodeIgniter\View\View->render('customers/customers', [], true)
 5 APPPATH\Controllers\Customers.php(345): view('customers/customers')
 6 SYSTEMPATH\CodeIgniter.php(934): App\Controllers\Customers->index()
 7 SYSTEMPATH\CodeIgniter.php(499): CodeIgniter\CodeIgniter->runController(Object(App\Controllers\Customers))
 8 SYSTEMPATH\CodeIgniter.php(368): CodeIgniter\CodeIgniter->handleRequest(null, Object(Config\Cache), false)
 9 FCPATH\index.php(67): CodeIgniter\CodeIgniter->run()
CRITICAL - 2023-03-10 08:48:53 --> Undefined variable $page
in APPPATH\Controllers\Customers.php on line 81.
 1 APPPATH\Controllers\Customers.php(81): CodeIgniter\Debug\Exceptions->errorHandler(2, 'Undefined variable $page', 'APPPATH\\Controllers\\Customers.php', 81)
 2 SYSTEMPATH\CodeIgniter.php(934): App\Controllers\Customers->index()
 3 SYSTEMPATH\CodeIgniter.php(499): CodeIgniter\CodeIgniter->runController(Object(App\Controllers\Customers))
 4 SYSTEMPATH\CodeIgniter.php(368): CodeIgniter\CodeIgniter->handleRequest(null, Object(Config\Cache), false)
 5 FCPATH\index.php(67): CodeIgniter\CodeIgniter->run()
CRITICAL - 2023-03-10 08:51:35 --> Invalid file: "settings/account_settings.php"
in SYSTEMPATH\Exceptions\FrameworkException.php on line 33.
 1 SYSTEMPATH\View\View.php(201): CodeIgniter\Exceptions\FrameworkException::forInvalidFile('settings/account_settings.php')
 2 SYSTEMPATH\Common.php(1184): CodeIgniter\View\View->render('settings/account_settings', [], true)
 3 APPPATH\Controllers\Settings.php(66): view('settings/account_settings', [...])
 4 SYSTEMPATH\CodeIgniter.php(934): App\Controllers\Settings->index()
 5 SYSTEMPATH\CodeIgniter.php(499): CodeIgniter\CodeIgniter->runController(Object(App\Controllers\Settings))
 6 SYSTEMPATH\CodeIgniter.php(368): CodeIgniter\CodeIgniter->handleRequest(null, Object(Config\Cache), false)
 7 FCPATH\index.php(67): CodeIgniter\CodeIgniter->run()
CRITICAL - 2023-03-10 08:54:20 --> Invalid file: "layout/sub_footer.php"
in SYSTEMPATH\Exceptions\FrameworkException.php on line 33.
 1 SYSTEMPATH\View\View.php(201): CodeIgniter\Exceptions\FrameworkException::forInvalidFile('layout/sub_footer.php')
 2 SYSTEMPATH\Common.php(1184): CodeIgniter\View\View->render('layout/sub_footer', [], true)
 3 APPPATH\Controllers\Settings.php(65): view('layout/sub_footer')
 4 SYSTEMPATH\CodeIgniter.php(934): App\Controllers\Settings->index()
 5 SYSTEMPATH\CodeIgniter.php(499): CodeIgniter\CodeIgniter->runController(Object(App\Controllers\Settings))
 6 SYSTEMPATH\CodeIgniter.php(368): CodeIgniter\CodeIgniter->handleRequest(null, Object(Config\Cache), false)
 7 FCPATH\index.php(67): CodeIgniter\CodeIgniter->run()
CRITICAL - 2023-03-10 08:54:22 --> Invalid file: "layout/sub_footer.php"
in SYSTEMPATH\Exceptions\FrameworkException.php on line 33.
 1 SYSTEMPATH\View\View.php(201): CodeIgniter\Exceptions\FrameworkException::forInvalidFile('layout/sub_footer.php')
 2 SYSTEMPATH\Common.php(1184): CodeIgniter\View\View->render('layout/sub_footer', [], true)
 3 APPPATH\Controllers\Settings.php(65): view('layout/sub_footer')
 4 SYSTEMPATH\CodeIgniter.php(934): App\Controllers\Settings->index()
 5 SYSTEMPATH\CodeIgniter.php(499): CodeIgniter\CodeIgniter->runController(Object(App\Controllers\Settings))
 6 SYSTEMPATH\CodeIgniter.php(368): CodeIgniter\CodeIgniter->handleRequest(null, Object(Config\Cache), false)
 7 FCPATH\index.php(67): CodeIgniter\CodeIgniter->run()
CRITICAL - 2023-03-10 08:54:24 --> Invalid file: "layout/sub_footer.php"
in SYSTEMPATH\Exceptions\FrameworkException.php on line 33.
 1 SYSTEMPATH\View\View.php(201): CodeIgniter\Exceptions\FrameworkException::forInvalidFile('layout/sub_footer.php')
 2 SYSTEMPATH\Common.php(1184): CodeIgniter\View\View->render('layout/sub_footer', [], true)
 3 APPPATH\Controllers\Settings.php(65): view('layout/sub_footer')
 4 SYSTEMPATH\CodeIgniter.php(934): App\Controllers\Settings->index()
 5 SYSTEMPATH\CodeIgniter.php(499): CodeIgniter\CodeIgniter->runController(Object(App\Controllers\Settings))
 6 SYSTEMPATH\CodeIgniter.php(368): CodeIgniter\CodeIgniter->handleRequest(null, Object(Config\Cache), false)
 7 FCPATH\index.php(67): CodeIgniter\CodeIgniter->run()
CRITICAL - 2023-03-10 09:25:03 --> Attempt to read property "pager" on array
in APPPATH\Controllers\Customers.php on line 84.
 1 APPPATH\Controllers\Customers.php(84): CodeIgniter\Debug\Exceptions->errorHandler(2, 'Attempt to read property "pager" on array', 'APPPATH\\Controllers\\Customers.php', 84)
 2 SYSTEMPATH\CodeIgniter.php(934): App\Controllers\Customers->index()
 3 SYSTEMPATH\CodeIgniter.php(499): CodeIgniter\CodeIgniter->runController(Object(App\Controllers\Customers))
 4 SYSTEMPATH\CodeIgniter.php(368): CodeIgniter\CodeIgniter->handleRequest(null, Object(Config\Cache), false)
 5 FCPATH\index.php(67): CodeIgniter\CodeIgniter->run()
CRITICAL - 2023-03-10 09:32:13 --> Invalid file: "App\Views\Pagers\foundation_full.php"
in SYSTEMPATH\Exceptions\FrameworkException.php on line 33.
 1 SYSTEMPATH\View\View.php(201): CodeIgniter\Exceptions\FrameworkException::forInvalidFile('App\\Views\\Pagers\\foundation_full.php')
 2 SYSTEMPATH\Pager\Pager.php(126): CodeIgniter\View\View->render('App\\Views\\Pagers\\foundation_full', null, false)
 3 SYSTEMPATH\Pager\Pager.php(83): CodeIgniter\Pager\Pager->displayLinks('default', 'default_full')
 4 APPPATH\Views\customers\customers.php(115): CodeIgniter\Pager\Pager->links()
 5 SYSTEMPATH\View\View.php(213): include('APPPATH\\Views\\customers\\customers.php')
 6 SYSTEMPATH\View\View.php(216): CodeIgniter\View\View->CodeIgniter\View\{closure}()
 7 SYSTEMPATH\Common.php(1184): CodeIgniter\View\View->render('customers/customers', [], true)
 8 APPPATH\Controllers\Customers.php(270): view('customers/customers')
 9 SYSTEMPATH\CodeIgniter.php(934): App\Controllers\Customers->index()
10 SYSTEMPATH\CodeIgniter.php(499): CodeIgniter\CodeIgniter->runController(Object(App\Controllers\Customers))
11 SYSTEMPATH\CodeIgniter.php(368): CodeIgniter\CodeIgniter->handleRequest(null, Object(Config\Cache), false)
12 FCPATH\index.php(67): CodeIgniter\CodeIgniter->run()
CRITICAL - 2023-03-10 09:33:36 --> Invalid file: "App\Views\Pagers\foundation_full.php"
in SYSTEMPATH\Exceptions\FrameworkException.php on line 33.
 1 SYSTEMPATH\View\View.php(201): CodeIgniter\Exceptions\FrameworkException::forInvalidFile('App\\Views\\Pagers\\foundation_full.php')
 2 SYSTEMPATH\Pager\Pager.php(126): CodeIgniter\View\View->render('App\\Views\\Pagers\\foundation_full', null, false)
 3 SYSTEMPATH\Pager\Pager.php(83): CodeIgniter\Pager\Pager->displayLinks('C:\\xampp\\htdocs\\SpriteGenix_app', 'front_full')
 4 APPPATH\Views\customers\customers.php(131): CodeIgniter\Pager\Pager->links('C:\\xampp\\htdocs\\SpriteGenix_app', 'front_full')
 5 SYSTEMPATH\View\View.php(213): include('APPPATH\\Views\\customers\\customers.php')
 6 SYSTEMPATH\View\View.php(216): CodeIgniter\View\View->CodeIgniter\View\{closure}()
 7 SYSTEMPATH\Common.php(1184): CodeIgniter\View\View->render('customers/customers', [], true)
 8 APPPATH\Controllers\Customers.php(270): view('customers/customers')
 9 SYSTEMPATH\CodeIgniter.php(934): App\Controllers\Customers->index()
10 SYSTEMPATH\CodeIgniter.php(499): CodeIgniter\CodeIgniter->runController(Object(App\Controllers\Customers))
11 SYSTEMPATH\CodeIgniter.php(368): CodeIgniter\CodeIgniter->handleRequest(null, Object(Config\Cache), false)
12 FCPATH\index.php(67): CodeIgniter\CodeIgniter->run()
CRITICAL - 2023-03-10 09:33:43 --> Invalid file: "App\Views\Pagers\foundation_full.php"
in SYSTEMPATH\Exceptions\FrameworkException.php on line 33.
 1 SYSTEMPATH\View\View.php(201): CodeIgniter\Exceptions\FrameworkException::forInvalidFile('App\\Views\\Pagers\\foundation_full.php')
 2 SYSTEMPATH\Pager\Pager.php(126): CodeIgniter\View\View->render('App\\Views\\Pagers\\foundation_full', null, false)
 3 SYSTEMPATH\Pager\Pager.php(83): CodeIgniter\Pager\Pager->displayLinks('C:\\xampp\\htdocs\\SpriteGenix_app', 'front_full')
 4 APPPATH\Views\customers\customers.php(130): CodeIgniter\Pager\Pager->links('C:\\xampp\\htdocs\\SpriteGenix_app', 'front_full')
 5 SYSTEMPATH\View\View.php(213): include('APPPATH\\Views\\customers\\customers.php')
 6 SYSTEMPATH\View\View.php(216): CodeIgniter\View\View->CodeIgniter\View\{closure}()
 7 SYSTEMPATH\Common.php(1184): CodeIgniter\View\View->render('customers/customers', [], true)
 8 APPPATH\Controllers\Customers.php(270): view('customers/customers')
 9 SYSTEMPATH\CodeIgniter.php(934): App\Controllers\Customers->index()
10 SYSTEMPATH\CodeIgniter.php(499): CodeIgniter\CodeIgniter->runController(Object(App\Controllers\Customers))
11 SYSTEMPATH\CodeIgniter.php(368): CodeIgniter\CodeIgniter->handleRequest(null, Object(Config\Cache), false)
12 FCPATH\index.php(67): CodeIgniter\CodeIgniter->run()
CRITICAL - 2023-03-10 09:33:56 --> Invalid file: "App\Views\Pagers\front_full.php"
in SYSTEMPATH\Exceptions\FrameworkException.php on line 33.
 1 SYSTEMPATH\View\View.php(201): CodeIgniter\Exceptions\FrameworkException::forInvalidFile('App\\Views\\Pagers\\front_full.php')
 2 SYSTEMPATH\Pager\Pager.php(126): CodeIgniter\View\View->render('App\\Views\\Pagers\\front_full', null, false)
 3 SYSTEMPATH\Pager\Pager.php(83): CodeIgniter\Pager\Pager->displayLinks('C:\\xampp\\htdocs\\SpriteGenix_app', 'front_full')
 4 APPPATH\Views\customers\customers.php(130): CodeIgniter\Pager\Pager->links('C:\\xampp\\htdocs\\SpriteGenix_app', 'front_full')
 5 SYSTEMPATH\View\View.php(213): include('APPPATH\\Views\\customers\\customers.php')
 6 SYSTEMPATH\View\View.php(216): CodeIgniter\View\View->CodeIgniter\View\{closure}()
 7 SYSTEMPATH\Common.php(1184): CodeIgniter\View\View->render('customers/customers', [], true)
 8 APPPATH\Controllers\Customers.php(270): view('customers/customers')
 9 SYSTEMPATH\CodeIgniter.php(934): App\Controllers\Customers->index()
10 SYSTEMPATH\CodeIgniter.php(499): CodeIgniter\CodeIgniter->runController(Object(App\Controllers\Customers))
11 SYSTEMPATH\CodeIgniter.php(368): CodeIgniter\CodeIgniter->handleRequest(null, Object(Config\Cache), false)
12 FCPATH\index.php(67): CodeIgniter\CodeIgniter->run()
CRITICAL - 2023-03-10 09:37:04 --> Undefined variable $page
in APPPATH\Views\customers\customers.php on line 130.
 1 APPPATH\Views\customers\customers.php(130): CodeIgniter\Debug\Exceptions->errorHandler(2, 'Undefined variable $page', 'APPPATH\\Views\\customers\\customers.php', 130)
 2 SYSTEMPATH\View\View.php(213): include('APPPATH\\Views\\customers\\customers.php')
 3 SYSTEMPATH\View\View.php(216): CodeIgniter\View\View->CodeIgniter\View\{closure}()
 4 SYSTEMPATH\Common.php(1184): CodeIgniter\View\View->render('customers/customers', [], true)
 5 APPPATH\Controllers\Customers.php(270): view('customers/customers')
 6 SYSTEMPATH\CodeIgniter.php(934): App\Controllers\Customers->index()
 7 SYSTEMPATH\CodeIgniter.php(499): CodeIgniter\CodeIgniter->runController(Object(App\Controllers\Customers))
 8 SYSTEMPATH\CodeIgniter.php(368): CodeIgniter\CodeIgniter->handleRequest(null, Object(Config\Cache), false)
 9 FCPATH\index.php(67): CodeIgniter\CodeIgniter->run()
CRITICAL - 2023-03-10 09:58:04 --> Unsupported operand types: string - int
in APPPATH\Views\Pagers\front_full.php on line 14.
 1 SYSTEMPATH\View\View.php(213): include()
 2 SYSTEMPATH\View\View.php(216): CodeIgniter\View\View->CodeIgniter\View\{closure}()
 3 SYSTEMPATH\Pager\Pager.php(126): CodeIgniter\View\View->render('App\\Views\\Pagers\\front_full', null, false)
 4 SYSTEMPATH\Pager\Pager.php(83): CodeIgniter\Pager\Pager->displayLinks('default', 'default_full')
 5 APPPATH\Views\customers\customers.php(130): CodeIgniter\Pager\Pager->links()
 6 SYSTEMPATH\View\View.php(213): include('APPPATH\\Views\\customers\\customers.php')
 7 SYSTEMPATH\View\View.php(216): CodeIgniter\View\View->CodeIgniter\View\{closure}()
 8 SYSTEMPATH\Common.php(1184): CodeIgniter\View\View->render('customers/customers', [], true)
 9 APPPATH\Controllers\Customers.php(270): view('customers/customers')
10 SYSTEMPATH\CodeIgniter.php(934): App\Controllers\Customers->index()
11 SYSTEMPATH\CodeIgniter.php(499): CodeIgniter\CodeIgniter->runController(Object(App\Controllers\Customers))
12 SYSTEMPATH\CodeIgniter.php(368): CodeIgniter\CodeIgniter->handleRequest(null, Object(Config\Cache), false)
13 FCPATH\index.php(67): CodeIgniter\CodeIgniter->run()
CRITICAL - 2023-03-10 10:01:51 --> Call to a member function links() on null
in APPPATH\Views\customers\customers.php on line 130.
 1 SYSTEMPATH\View\View.php(213): include()
 2 SYSTEMPATH\View\View.php(216): CodeIgniter\View\View->CodeIgniter\View\{closure}()
 3 SYSTEMPATH\Common.php(1184): CodeIgniter\View\View->render('customers/customers', [], true)
 4 APPPATH\Controllers\Customers.php(270): view('customers/customers')
 5 SYSTEMPATH\CodeIgniter.php(934): App\Controllers\Customers->index()
 6 SYSTEMPATH\CodeIgniter.php(499): CodeIgniter\CodeIgniter->runController(Object(App\Controllers\Customers))
 7 SYSTEMPATH\CodeIgniter.php(368): CodeIgniter\CodeIgniter->handleRequest(null, Object(Config\Cache), false)
 8 FCPATH\index.php(67): CodeIgniter\CodeIgniter->run()
