CRITICAL - 2023-03-27 05:50:10 --> syntax error, unexpected variable "$data"
in APPPATH\Controllers\Customers.php on line 80.
 1 SYSTEMPATH\Autoloader\Autoloader.php(289): CodeIgniter\Autoloader\Autoloader->includeFile('APPPATH\\Controllers\\Customers.php')
 2 SYSTEMPATH\Autoloader\Autoloader.php(267): CodeIgniter\Autoloader\Autoloader->loadInNamespace('App\\Controllers\\Customers')
 3 [internal function]: CodeIgniter\Autoloader\Autoloader->loadClass('App\\Controllers\\Customers')
 4 SYSTEMPATH\CodeIgniter.php(892): class_exists('\\App\\Controllers\\Customers', true)
 5 SYSTEMPATH\CodeIgniter.php(486): CodeIgniter\CodeIgniter->startController()
 6 SYSTEMPATH\CodeIgniter.php(368): CodeIgniter\CodeIgniter->handleRequest(null, Object(Config\Cache), false)
 7 FCPATH\index.php(67): CodeIgniter\CodeIgniter->run()
CRITICAL - 2023-03-27 07:03:17 --> Unable to save the image. Please make sure the image and file directory are writable.
in SYSTEMPATH\Images\Handlers\GDHandler.php on line 261.
 1 SYSTEMPATH\Images\Handlers\GDHandler.php(261): CodeIgniter\Images\Exceptions\ImageException::forSaveFailed()
 2 APPPATH\Controllers\Products.php(358): CodeIgniter\Images\Handlers\GDHandler->save('public/images/products/1679900597avatar-2.png')
 3 SYSTEMPATH\CodeIgniter.php(934): App\Controllers\Products->add_product()
 4 SYSTEMPATH\CodeIgniter.php(499): CodeIgniter\CodeIgniter->runController(Object(App\Controllers\Products))
 5 SYSTEMPATH\CodeIgniter.php(368): CodeIgniter\CodeIgniter->handleRequest(null, Object(Config\Cache), false)
 6 FCPATH\index.php(67): CodeIgniter\CodeIgniter->run()
CRITICAL - 2023-03-27 09:56:04 --> Trying to access array offset on value of type null
in APPPATH\Controllers\Voucher_entries.php on line 380.
 1 APPPATH\Controllers\Voucher_entries.php(380): CodeIgniter\Debug\Exceptions->errorHandler(2, 'Trying to access array offset on value of type null', 'APPPATH\\Controllers\\Voucher_entries.php', 380)
 2 SYSTEMPATH\CodeIgniter.php(934): App\Controllers\Voucher_entries->edit('0')
 3 SYSTEMPATH\CodeIgniter.php(499): CodeIgniter\CodeIgniter->runController(Object(App\Controllers\Voucher_entries))
 4 SYSTEMPATH\CodeIgniter.php(368): CodeIgniter\CodeIgniter->handleRequest(null, Object(Config\Cache), false)
 5 FCPATH\index.php(67): CodeIgniter\CodeIgniter->run()
CRITICAL - 2023-03-27 10:29:24 --> Cannot modify header information - headers already sent
in SYSTEMPATH\HTTP\ResponseTrait.php on line 762.
 1 [internal function]: CodeIgniter\Debug\Exceptions->errorHandler(2, 'Cannot modify header information - headers already sent', 'SYSTEMPATH\\HTTP\\ResponseTrait.php', 762)
 2 SYSTEMPATH\HTTP\ResponseTrait.php(762): setcookie('ci_session', 'qbqtumucek74rmie78b2kk99inup3dis', [...])
 3 SYSTEMPATH\HTTP\ResponseTrait.php(738): CodeIgniter\HTTP\Response->doSetCookie('ci_session', 'qbqtumucek74rmie78b2kk99inup3dis', [...])
 4 SYSTEMPATH\HTTP\ResponseTrait.php(718): CodeIgniter\HTTP\Response->dispatchCookies()
 5 SYSTEMPATH\HTTP\ResponseTrait.php(449): CodeIgniter\HTTP\Response->sendCookies()
 6 SYSTEMPATH\CodeIgniter.php(1123): CodeIgniter\HTTP\Response->send()
 7 SYSTEMPATH\CodeIgniter.php(554): CodeIgniter\CodeIgniter->sendResponse()
 8 SYSTEMPATH\CodeIgniter.php(368): CodeIgniter\CodeIgniter->handleRequest(null, Object(Config\Cache), false)
 9 FCPATH\index.php(67): CodeIgniter\CodeIgniter->run()
CRITICAL - 2023-03-27 10:29:24 --> Uncaught ErrorException: Cannot modify header information - headers already sent in C:\xampp\htdocs\SpriteGenix_app\system\HTTP\ResponseTrait.php:762
Stack trace:
#0 [internal function]: CodeIgniter\Debug\Exceptions->errorHandler(2, 'Cannot modify h...', 'C:\\xampp\\htdocs...', 762)
#1 C:\xampp\htdocs\SpriteGenix_app\system\HTTP\ResponseTrait.php(762): setcookie('ci_session', 'qbqtumucek74rmi...', Array)
#2 C:\xampp\htdocs\SpriteGenix_app\system\HTTP\ResponseTrait.php(738): CodeIgniter\HTTP\Response->doSetCookie('ci_session', 'qbqtumucek74rmi...', Array)
#3 C:\xampp\htdocs\SpriteGenix_app\system\HTTP\ResponseTrait.php(718): CodeIgniter\HTTP\Response->dispatchCookies()
#4 C:\xampp\htdocs\SpriteGenix_app\system\HTTP\ResponseTrait.php(449): CodeIgniter\HTTP\Response->sendCookies()
#5 C:\xampp\htdocs\SpriteGenix_app\system\Debug\Exceptions.php(145): CodeIgniter\HTTP\Response->send()
#6 [internal function]: CodeIgniter\Debug\Exceptions->exceptionHandler(Object(ErrorException))
#7 {main}
  thrown
ã€Previous Exceptionã€‘
ErrorException
Cannot modify header information - headers already sent
#0 [internal function]: CodeIgniter\Debug\Exceptions->errorHandler(2, 'Cannot modify h...', 'C:\\xampp\\htdocs...', 762)
#1 C:\xampp\htdocs\SpriteGenix_app\system\HTTP\ResponseTrait.php(762): setcookie('ci_session', 'qbqtumucek74rmi...', Array)
#2 C:\xampp\htdocs\SpriteGenix_app\system\HTTP\ResponseTrait.php(738): CodeIgniter\HTTP\Response->doSetCookie('ci_session', 'qbqtumucek74rmi...', Array)
#3 C:\xampp\htdocs\SpriteGenix_app\system\HTTP\ResponseTrait.php(718): CodeIgniter\HTTP\Response->dispatchCookies()
#4 C:\xampp\htdocs\SpriteGenix_app\system\HTTP\ResponseTrait.php(449): CodeIgniter\HTTP\Response->sendCookies()
#5 C:\xampp\htdocs\SpriteGenix_app\system\CodeIgniter.php(1123): CodeIgniter\HTTP\Response->send()
#6 C:\xampp\htdocs\SpriteGenix_app\system\CodeIgniter.php(554): CodeIgniter\CodeIgniter->sendResponse()
#7 C:\xampp\htdocs\SpriteGenix_app\system\CodeIgniter.php(368): CodeIgniter\CodeIgniter->handleRequest(NULL, Object(Config\Cache), false)
#8 C:\xampp\htdocs\SpriteGenix_app\index.php(67): CodeIgniter\CodeIgniter->run()
#9 {main}
in SYSTEMPATH\HTTP\ResponseTrait.php on line 762.
 1 [internal function]: CodeIgniter\Debug\Exceptions->shutdownHandler()
CRITICAL - 2023-03-27 11:39:51 --> Trying to access array offset on value of type null
in APPPATH\Helpers\apanel_helper.php on line 3817.
 1 APPPATH\Helpers\apanel_helper.php(3817): CodeIgniter\Debug\Exceptions->errorHandler(2, 'Trying to access array offset on value of type null', 'APPPATH\\Helpers\\apanel_helper.php', 3817)
 2 APPPATH\Views\reports\cash_book.php(124): invoice_data('0', 'invoice_type')
 3 SYSTEMPATH\View\View.php(213): include('APPPATH\\Views\\reports\\cash_book.php')
 4 SYSTEMPATH\View\View.php(216): CodeIgniter\View\View->CodeIgniter\View\{closure}()
 5 SYSTEMPATH\Common.php(1184): CodeIgniter\View\View->render('reports/cash_book', [], true)
 6 APPPATH\Controllers\Reports.php(640): view('reports/cash_book', [...])
 7 SYSTEMPATH\CodeIgniter.php(934): App\Controllers\Reports->cash_book()
 8 SYSTEMPATH\CodeIgniter.php(499): CodeIgniter\CodeIgniter->runController(Object(App\Controllers\Reports))
 9 SYSTEMPATH\CodeIgniter.php(368): CodeIgniter\CodeIgniter->handleRequest(null, Object(Config\Cache), false)
10 FCPATH\index.php(67): CodeIgniter\CodeIgniter->run()
CRITICAL - 2023-03-27 11:39:58 --> Trying to access array offset on value of type null
in APPPATH\Helpers\apanel_helper.php on line 3817.
 1 APPPATH\Helpers\apanel_helper.php(3817): CodeIgniter\Debug\Exceptions->errorHandler(2, 'Trying to access array offset on value of type null', 'APPPATH\\Helpers\\apanel_helper.php', 3817)
 2 APPPATH\Views\reports\day_book.php(108): invoice_data('0', 'invoice_type')
 3 SYSTEMPATH\View\View.php(213): include('APPPATH\\Views\\reports\\day_book.php')
 4 SYSTEMPATH\View\View.php(216): CodeIgniter\View\View->CodeIgniter\View\{closure}()
 5 SYSTEMPATH\Common.php(1184): CodeIgniter\View\View->render('reports/day_book', [], true)
 6 APPPATH\Controllers\Reports.php(94): view('reports/day_book', [...])
 7 SYSTEMPATH\CodeIgniter.php(934): App\Controllers\Reports->index()
 8 SYSTEMPATH\CodeIgniter.php(499): CodeIgniter\CodeIgniter->runController(Object(App\Controllers\Reports))
 9 SYSTEMPATH\CodeIgniter.php(368): CodeIgniter\CodeIgniter->handleRequest(null, Object(Config\Cache), false)
10 FCPATH\index.php(67): CodeIgniter\CodeIgniter->run()
CRITICAL - 2023-03-27 11:40:56 --> Trying to access array offset on value of type null
in APPPATH\Helpers\apanel_helper.php on line 3817.
 1 APPPATH\Helpers\apanel_helper.php(3817): CodeIgniter\Debug\Exceptions->errorHandler(2, 'Trying to access array offset on value of type null', 'APPPATH\\Helpers\\apanel_helper.php', 3817)
 2 APPPATH\Views\reports\cash_book.php(124): invoice_data('0', 'invoice_type')
 3 SYSTEMPATH\View\View.php(213): include('APPPATH\\Views\\reports\\cash_book.php')
 4 SYSTEMPATH\View\View.php(216): CodeIgniter\View\View->CodeIgniter\View\{closure}()
 5 SYSTEMPATH\Common.php(1184): CodeIgniter\View\View->render('reports/cash_book', [], true)
 6 APPPATH\Controllers\Reports.php(640): view('reports/cash_book', [...])
 7 SYSTEMPATH\CodeIgniter.php(934): App\Controllers\Reports->cash_book()
 8 SYSTEMPATH\CodeIgniter.php(499): CodeIgniter\CodeIgniter->runController(Object(App\Controllers\Reports))
 9 SYSTEMPATH\CodeIgniter.php(368): CodeIgniter\CodeIgniter->handleRequest(null, Object(Config\Cache), false)
10 FCPATH\index.php(67): CodeIgniter\CodeIgniter->run()
CRITICAL - 2023-03-27 11:42:16 --> Trying to access array offset on value of type null
in APPPATH\Helpers\apanel_helper.php on line 3817.
 1 APPPATH\Helpers\apanel_helper.php(3817): CodeIgniter\Debug\Exceptions->errorHandler(2, 'Trying to access array offset on value of type null', 'APPPATH\\Helpers\\apanel_helper.php', 3817)
 2 APPPATH\Views\reports\cash_book.php(124): invoice_data('0', 'invoice_type')
 3 SYSTEMPATH\View\View.php(213): include('APPPATH\\Views\\reports\\cash_book.php')
 4 SYSTEMPATH\View\View.php(216): CodeIgniter\View\View->CodeIgniter\View\{closure}()
 5 SYSTEMPATH\Common.php(1184): CodeIgniter\View\View->render('reports/cash_book', [], true)
 6 APPPATH\Controllers\Reports.php(640): view('reports/cash_book', [...])
 7 SYSTEMPATH\CodeIgniter.php(934): App\Controllers\Reports->cash_book()
 8 SYSTEMPATH\CodeIgniter.php(499): CodeIgniter\CodeIgniter->runController(Object(App\Controllers\Reports))
 9 SYSTEMPATH\CodeIgniter.php(368): CodeIgniter\CodeIgniter->handleRequest(null, Object(Config\Cache), false)
10 FCPATH\index.php(67): CodeIgniter\CodeIgniter->run()
CRITICAL - 2023-03-27 11:43:13 --> Trying to access array offset on value of type null
in APPPATH\Helpers\apanel_helper.php on line 3817.
 1 APPPATH\Helpers\apanel_helper.php(3817): CodeIgniter\Debug\Exceptions->errorHandler(2, 'Trying to access array offset on value of type null', 'APPPATH\\Helpers\\apanel_helper.php', 3817)
 2 APPPATH\Views\reports\cash_book.php(124): invoice_data('0', 'invoice_type')
 3 SYSTEMPATH\View\View.php(213): include('APPPATH\\Views\\reports\\cash_book.php')
 4 SYSTEMPATH\View\View.php(216): CodeIgniter\View\View->CodeIgniter\View\{closure}()
 5 SYSTEMPATH\Common.php(1184): CodeIgniter\View\View->render('reports/cash_book', [], true)
 6 APPPATH\Controllers\Reports.php(640): view('reports/cash_book', [...])
 7 SYSTEMPATH\CodeIgniter.php(934): App\Controllers\Reports->cash_book()
 8 SYSTEMPATH\CodeIgniter.php(499): CodeIgniter\CodeIgniter->runController(Object(App\Controllers\Reports))
 9 SYSTEMPATH\CodeIgniter.php(368): CodeIgniter\CodeIgniter->handleRequest(null, Object(Config\Cache), false)
10 FCPATH\index.php(67): CodeIgniter\CodeIgniter->run()
CRITICAL - 2023-03-27 11:43:26 --> Undefined array key "bill_type"
in APPPATH\Helpers\apanel_helper.php on line 3817.
 1 APPPATH\Helpers\apanel_helper.php(3817): CodeIgniter\Debug\Exceptions->errorHandler(2, 'Undefined array key "bill_type"', 'APPPATH\\Helpers\\apanel_helper.php', 3817)
 2 APPPATH\Views\reports\cash_book.php(124): invoice_data('8', 'bill_type')
 3 SYSTEMPATH\View\View.php(213): include('APPPATH\\Views\\reports\\cash_book.php')
 4 SYSTEMPATH\View\View.php(216): CodeIgniter\View\View->CodeIgniter\View\{closure}()
 5 SYSTEMPATH\Common.php(1184): CodeIgniter\View\View->render('reports/cash_book', [], true)
 6 APPPATH\Controllers\Reports.php(640): view('reports/cash_book', [...])
 7 SYSTEMPATH\CodeIgniter.php(934): App\Controllers\Reports->cash_book()
 8 SYSTEMPATH\CodeIgniter.php(499): CodeIgniter\CodeIgniter->runController(Object(App\Controllers\Reports))
 9 SYSTEMPATH\CodeIgniter.php(368): CodeIgniter\CodeIgniter->handleRequest(null, Object(Config\Cache), false)
10 FCPATH\index.php(67): CodeIgniter\CodeIgniter->run()
CRITICAL - 2023-03-27 11:44:37 --> Trying to access array offset on value of type null
in APPPATH\Helpers\apanel_helper.php on line 3817.
 1 APPPATH\Helpers\apanel_helper.php(3817): CodeIgniter\Debug\Exceptions->errorHandler(2, 'Trying to access array offset on value of type null', 'APPPATH\\Helpers\\apanel_helper.php', 3817)
 2 APPPATH\Views\reports\cash_book.php(124): invoice_data('0', 'invoice_type')
 3 SYSTEMPATH\View\View.php(213): include('APPPATH\\Views\\reports\\cash_book.php')
 4 SYSTEMPATH\View\View.php(216): CodeIgniter\View\View->CodeIgniter\View\{closure}()
 5 SYSTEMPATH\Common.php(1184): CodeIgniter\View\View->render('reports/cash_book', [], true)
 6 APPPATH\Controllers\Reports.php(640): view('reports/cash_book', [...])
 7 SYSTEMPATH\CodeIgniter.php(934): App\Controllers\Reports->cash_book()
 8 SYSTEMPATH\CodeIgniter.php(499): CodeIgniter\CodeIgniter->runController(Object(App\Controllers\Reports))
 9 SYSTEMPATH\CodeIgniter.php(368): CodeIgniter\CodeIgniter->handleRequest(null, Object(Config\Cache), false)
10 FCPATH\index.php(67): CodeIgniter\CodeIgniter->run()
CRITICAL - 2023-03-27 11:46:07 --> Trying to access array offset on value of type null
in APPPATH\Helpers\apanel_helper.php on line 3817.
 1 APPPATH\Helpers\apanel_helper.php(3817): CodeIgniter\Debug\Exceptions->errorHandler(2, 'Trying to access array offset on value of type null', 'APPPATH\\Helpers\\apanel_helper.php', 3817)
 2 APPPATH\Views\reports\day_book.php(108): invoice_data('0', 'invoice_type')
 3 SYSTEMPATH\View\View.php(213): include('APPPATH\\Views\\reports\\day_book.php')
 4 SYSTEMPATH\View\View.php(216): CodeIgniter\View\View->CodeIgniter\View\{closure}()
 5 SYSTEMPATH\Common.php(1184): CodeIgniter\View\View->render('reports/day_book', [], true)
 6 APPPATH\Controllers\Reports.php(94): view('reports/day_book', [...])
 7 SYSTEMPATH\CodeIgniter.php(934): App\Controllers\Reports->index()
 8 SYSTEMPATH\CodeIgniter.php(499): CodeIgniter\CodeIgniter->runController(Object(App\Controllers\Reports))
 9 SYSTEMPATH\CodeIgniter.php(368): CodeIgniter\CodeIgniter->handleRequest(null, Object(Config\Cache), false)
10 FCPATH\index.php(67): CodeIgniter\CodeIgniter->run()
CRITICAL - 2023-03-27 11:48:38 --> Undefined constant "condition"
in APPPATH\Views\reports\day_book.php on line 109.
 1 SYSTEMPATH\View\View.php(213): include()
 2 SYSTEMPATH\View\View.php(216): CodeIgniter\View\View->CodeIgniter\View\{closure}()
 3 SYSTEMPATH\Common.php(1184): CodeIgniter\View\View->render('reports/day_book', [], true)
 4 APPPATH\Controllers\Reports.php(94): view('reports/day_book', [...])
 5 SYSTEMPATH\CodeIgniter.php(934): App\Controllers\Reports->index()
 6 SYSTEMPATH\CodeIgniter.php(499): CodeIgniter\CodeIgniter->runController(Object(App\Controllers\Reports))
 7 SYSTEMPATH\CodeIgniter.php(368): CodeIgniter\CodeIgniter->handleRequest(null, Object(Config\Cache), false)
 8 FCPATH\index.php(67): CodeIgniter\CodeIgniter->run()
CRITICAL - 2023-03-27 11:48:46 --> Trying to access array offset on value of type null
in APPPATH\Helpers\apanel_helper.php on line 3817.
 1 APPPATH\Helpers\apanel_helper.php(3817): CodeIgniter\Debug\Exceptions->errorHandler(2, 'Trying to access array offset on value of type null', 'APPPATH\\Helpers\\apanel_helper.php', 3817)
 2 APPPATH\Views\reports\day_book.php(110): invoice_data('0', 'invoice_type')
 3 SYSTEMPATH\View\View.php(213): include('APPPATH\\Views\\reports\\day_book.php')
 4 SYSTEMPATH\View\View.php(216): CodeIgniter\View\View->CodeIgniter\View\{closure}()
 5 SYSTEMPATH\Common.php(1184): CodeIgniter\View\View->render('reports/day_book', [], true)
 6 APPPATH\Controllers\Reports.php(94): view('reports/day_book', [...])
 7 SYSTEMPATH\CodeIgniter.php(934): App\Controllers\Reports->index()
 8 SYSTEMPATH\CodeIgniter.php(499): CodeIgniter\CodeIgniter->runController(Object(App\Controllers\Reports))
 9 SYSTEMPATH\CodeIgniter.php(368): CodeIgniter\CodeIgniter->handleRequest(null, Object(Config\Cache), false)
10 FCPATH\index.php(67): CodeIgniter\CodeIgniter->run()
CRITICAL - 2023-03-27 11:50:09 --> Trying to access array offset on value of type null
in APPPATH\Helpers\apanel_helper.php on line 3817.
 1 APPPATH\Helpers\apanel_helper.php(3817): CodeIgniter\Debug\Exceptions->errorHandler(2, 'Trying to access array offset on value of type null', 'APPPATH\\Helpers\\apanel_helper.php', 3817)
 2 APPPATH\Views\reports\day_book.php(148): invoice_data('0', 'invoice_type')
 3 SYSTEMPATH\View\View.php(213): include('APPPATH\\Views\\reports\\day_book.php')
 4 SYSTEMPATH\View\View.php(216): CodeIgniter\View\View->CodeIgniter\View\{closure}()
 5 SYSTEMPATH\Common.php(1184): CodeIgniter\View\View->render('reports/day_book', [], true)
 6 APPPATH\Controllers\Reports.php(94): view('reports/day_book', [...])
 7 SYSTEMPATH\CodeIgniter.php(934): App\Controllers\Reports->index()
 8 SYSTEMPATH\CodeIgniter.php(499): CodeIgniter\CodeIgniter->runController(Object(App\Controllers\Reports))
 9 SYSTEMPATH\CodeIgniter.php(368): CodeIgniter\CodeIgniter->handleRequest(null, Object(Config\Cache), false)
10 FCPATH\index.php(67): CodeIgniter\CodeIgniter->run()
