CRITICAL - 2023-09-11 07:15:34 --> Undefined variable $conf
in APPPATH\Views\website_management\posts.php on line 177.
 1 APPPATH\Views\website_management\posts.php(177): CodeIgniter\Debug\Exceptions->errorHandler(2, 'Undefined variable $conf', 'APPPATH\\Views\\website_management\\posts.php', 177)
 2 SYSTEMPATH\View\View.php(213): include('APPPATH\\Views\\website_management\\posts.php')
 3 SYSTEMPATH\View\View.php(216): CodeIgniter\View\View->CodeIgniter\View\{closure}()
 4 SYSTEMPATH\Common.php(1184): CodeIgniter\View\View->render('website_management/posts', [], true)
 5 APPPATH\Controllers\Website_management.php(304): view('website_management/posts', [...])
 6 SYSTEMPATH\CodeIgniter.php(934): App\Controllers\Website_management->posts()
 7 SYSTEMPATH\CodeIgniter.php(499): CodeIgniter\CodeIgniter->runController(Object(App\Controllers\Website_management))
 8 SYSTEMPATH\CodeIgniter.php(368): CodeIgniter\CodeIgniter->handleRequest(null, Object(Config\Cache), false)
 9 FCPATH\index.php(67): CodeIgniter\CodeIgniter->run()
CRITICAL - 2023-09-11 07:16:23 --> Undefined array key "website_url"
in APPPATH\Helpers\apanel_helper.php on line 4633.
 1 APPPATH\Helpers\apanel_helper.php(4633): CodeIgniter\Debug\Exceptions->errorHandler(2, 'Undefined array key "website_url"', 'APPPATH\\Helpers\\apanel_helper.php', 4633)
 2 APPPATH\Views\website_management\posts.php(177): get_setting('1', 'website_url')
 3 SYSTEMPATH\View\View.php(213): include('APPPATH\\Views\\website_management\\posts.php')
 4 SYSTEMPATH\View\View.php(216): CodeIgniter\View\View->CodeIgniter\View\{closure}()
 5 SYSTEMPATH\Common.php(1184): CodeIgniter\View\View->render('website_management/posts', [], true)
 6 APPPATH\Controllers\Website_management.php(304): view('website_management/posts', [...])
 7 SYSTEMPATH\CodeIgniter.php(934): App\Controllers\Website_management->posts()
 8 SYSTEMPATH\CodeIgniter.php(499): CodeIgniter\CodeIgniter->runController(Object(App\Controllers\Website_management))
 9 SYSTEMPATH\CodeIgniter.php(368): CodeIgniter\CodeIgniter->handleRequest(null, Object(Config\Cache), false)
10 FCPATH\index.php(67): CodeIgniter\CodeIgniter->run()
CRITICAL - 2023-09-11 07:26:43 --> The action you requested is not allowed.
in SYSTEMPATH\Security\Security.php on line 306.
 1 SYSTEMPATH\Security\Security.php(306): CodeIgniter\Security\Exceptions\SecurityException::forDisallowedAction()
 2 SYSTEMPATH\Filters\CSRF.php(55): CodeIgniter\Security\Security->verify(Object(CodeIgniter\HTTP\IncomingRequest))
 3 SYSTEMPATH\Filters\Filters.php(173): CodeIgniter\Filters\CSRF->before(Object(CodeIgniter\HTTP\IncomingRequest), null)
 4 SYSTEMPATH\CodeIgniter.php(473): CodeIgniter\Filters\Filters->run('api/push_post', 'before')
 5 SYSTEMPATH\CodeIgniter.php(368): CodeIgniter\CodeIgniter->handleRequest(null, Object(Config\Cache), false)
 6 FCPATH\index.php(67): CodeIgniter\CodeIgniter->run()
CRITICAL - 2023-09-11 07:26:50 --> The action you requested is not allowed.
in SYSTEMPATH\Security\Security.php on line 306.
 1 SYSTEMPATH\Security\Security.php(306): CodeIgniter\Security\Exceptions\SecurityException::forDisallowedAction()
 2 SYSTEMPATH\Filters\CSRF.php(55): CodeIgniter\Security\Security->verify(Object(CodeIgniter\HTTP\IncomingRequest))
 3 SYSTEMPATH\Filters\Filters.php(173): CodeIgniter\Filters\CSRF->before(Object(CodeIgniter\HTTP\IncomingRequest), null)
 4 SYSTEMPATH\CodeIgniter.php(473): CodeIgniter\Filters\Filters->run('api/push_post', 'before')
 5 SYSTEMPATH\CodeIgniter.php(368): CodeIgniter\CodeIgniter->handleRequest(null, Object(Config\Cache), false)
 6 FCPATH\index.php(67): CodeIgniter\CodeIgniter->run()
CRITICAL - 2023-09-11 07:28:54 --> The action you requested is not allowed.
in SYSTEMPATH\Security\Security.php on line 306.
 1 SYSTEMPATH\Security\Security.php(306): CodeIgniter\Security\Exceptions\SecurityException::forDisallowedAction()
 2 SYSTEMPATH\Filters\CSRF.php(55): CodeIgniter\Security\Security->verify(Object(CodeIgniter\HTTP\IncomingRequest))
 3 SYSTEMPATH\Filters\Filters.php(173): CodeIgniter\Filters\CSRF->before(Object(CodeIgniter\HTTP\IncomingRequest), null)
 4 SYSTEMPATH\CodeIgniter.php(473): CodeIgniter\Filters\Filters->run('api/push_post', 'before')
 5 SYSTEMPATH\CodeIgniter.php(368): CodeIgniter\CodeIgniter->handleRequest(null, Object(Config\Cache), false)
 6 FCPATH\index.php(67): CodeIgniter\CodeIgniter->run()
CRITICAL - 2023-09-11 07:29:56 --> The action you requested is not allowed.
in SYSTEMPATH\Security\Security.php on line 306.
 1 SYSTEMPATH\Security\Security.php(306): CodeIgniter\Security\Exceptions\SecurityException::forDisallowedAction()
 2 SYSTEMPATH\Filters\CSRF.php(55): CodeIgniter\Security\Security->verify(Object(CodeIgniter\HTTP\IncomingRequest))
 3 SYSTEMPATH\Filters\Filters.php(173): CodeIgniter\Filters\CSRF->before(Object(CodeIgniter\HTTP\IncomingRequest), null)
 4 SYSTEMPATH\CodeIgniter.php(473): CodeIgniter\Filters\Filters->run('api/push_post', 'before')
 5 SYSTEMPATH\CodeIgniter.php(368): CodeIgniter\CodeIgniter->handleRequest(null, Object(Config\Cache), false)
 6 FCPATH\index.php(67): CodeIgniter\CodeIgniter->run()
CRITICAL - 2023-09-11 08:15:41 --> The action you requested is not allowed.
in SYSTEMPATH\Security\Security.php on line 306.
 1 SYSTEMPATH\Security\Security.php(306): CodeIgniter\Security\Exceptions\SecurityException::forDisallowedAction()
 2 SYSTEMPATH\Filters\CSRF.php(55): CodeIgniter\Security\Security->verify(Object(CodeIgniter\HTTP\IncomingRequest))
 3 SYSTEMPATH\Filters\Filters.php(173): CodeIgniter\Filters\CSRF->before(Object(CodeIgniter\HTTP\IncomingRequest), null)
 4 SYSTEMPATH\CodeIgniter.php(473): CodeIgniter\Filters\Filters->run('api/push_post', 'before')
 5 SYSTEMPATH\CodeIgniter.php(368): CodeIgniter\CodeIgniter->handleRequest(null, Object(Config\Cache), false)
 6 FCPATH\index.php(67): CodeIgniter\CodeIgniter->run()
CRITICAL - 2023-09-11 08:15:45 --> The action you requested is not allowed.
in SYSTEMPATH\Security\Security.php on line 306.
 1 SYSTEMPATH\Security\Security.php(306): CodeIgniter\Security\Exceptions\SecurityException::forDisallowedAction()
 2 SYSTEMPATH\Filters\CSRF.php(55): CodeIgniter\Security\Security->verify(Object(CodeIgniter\HTTP\IncomingRequest))
 3 SYSTEMPATH\Filters\Filters.php(173): CodeIgniter\Filters\CSRF->before(Object(CodeIgniter\HTTP\IncomingRequest), null)
 4 SYSTEMPATH\CodeIgniter.php(473): CodeIgniter\Filters\Filters->run('api/push_post', 'before')
 5 SYSTEMPATH\CodeIgniter.php(368): CodeIgniter\CodeIgniter->handleRequest(null, Object(Config\Cache), false)
 6 FCPATH\index.php(67): CodeIgniter\CodeIgniter->run()
CRITICAL - 2023-09-11 08:16:09 --> The action you requested is not allowed.
in SYSTEMPATH\Security\Security.php on line 306.
 1 SYSTEMPATH\Security\Security.php(306): CodeIgniter\Security\Exceptions\SecurityException::forDisallowedAction()
 2 SYSTEMPATH\Filters\CSRF.php(55): CodeIgniter\Security\Security->verify(Object(CodeIgniter\HTTP\IncomingRequest))
 3 SYSTEMPATH\Filters\Filters.php(173): CodeIgniter\Filters\CSRF->before(Object(CodeIgniter\HTTP\IncomingRequest), null)
 4 SYSTEMPATH\CodeIgniter.php(473): CodeIgniter\Filters\Filters->run('api/push_post', 'before')
 5 SYSTEMPATH\CodeIgniter.php(368): CodeIgniter\CodeIgniter->handleRequest(null, Object(Config\Cache), false)
 6 FCPATH\index.php(67): CodeIgniter\CodeIgniter->run()
CRITICAL - 2023-09-11 08:25:53 --> Trying to access array offset on value of type null
in APPPATH\Controllers\Api.php on line 148.
 1 APPPATH\Controllers\Api.php(148): CodeIgniter\Debug\Exceptions->errorHandler(2, 'Trying to access array offset on value of type null', 'APPPATH\\Controllers\\Api.php', 148)
 2 SYSTEMPATH\CodeIgniter.php(934): App\Controllers\Api->push_post()
 3 SYSTEMPATH\CodeIgniter.php(499): CodeIgniter\CodeIgniter->runController(Object(App\Controllers\Api))
 4 SYSTEMPATH\CodeIgniter.php(368): CodeIgniter\CodeIgniter->handleRequest(null, Object(Config\Cache), false)
 5 FCPATH\index.php(67): CodeIgniter\CodeIgniter->run()
CRITICAL - 2023-09-11 08:26:41 --> Undefined array key "success"
in APPPATH\Controllers\Api.php on line 148.
 1 APPPATH\Controllers\Api.php(148): CodeIgniter\Debug\Exceptions->errorHandler(2, 'Undefined array key "success"', 'APPPATH\\Controllers\\Api.php', 148)
 2 SYSTEMPATH\CodeIgniter.php(934): App\Controllers\Api->push_post()
 3 SYSTEMPATH\CodeIgniter.php(499): CodeIgniter\CodeIgniter->runController(Object(App\Controllers\Api))
 4 SYSTEMPATH\CodeIgniter.php(368): CodeIgniter\CodeIgniter->handleRequest(null, Object(Config\Cache), false)
 5 FCPATH\index.php(67): CodeIgniter\CodeIgniter->run()
CRITICAL - 2023-09-11 08:27:40 --> Trying to access array offset on value of type null
in APPPATH\Controllers\Api.php on line 148.
 1 APPPATH\Controllers\Api.php(148): CodeIgniter\Debug\Exceptions->errorHandler(2, 'Trying to access array offset on value of type null', 'APPPATH\\Controllers\\Api.php', 148)
 2 SYSTEMPATH\CodeIgniter.php(934): App\Controllers\Api->push_post()
 3 SYSTEMPATH\CodeIgniter.php(499): CodeIgniter\CodeIgniter->runController(Object(App\Controllers\Api))
 4 SYSTEMPATH\CodeIgniter.php(368): CodeIgniter\CodeIgniter->handleRequest(null, Object(Config\Cache), false)
 5 FCPATH\index.php(67): CodeIgniter\CodeIgniter->run()
CRITICAL - 2023-09-11 08:29:29 --> Trying to access array offset on value of type null
in APPPATH\Controllers\Api.php on line 148.
 1 APPPATH\Controllers\Api.php(148): CodeIgniter\Debug\Exceptions->errorHandler(2, 'Trying to access array offset on value of type null', 'APPPATH\\Controllers\\Api.php', 148)
 2 SYSTEMPATH\CodeIgniter.php(934): App\Controllers\Api->push_post()
 3 SYSTEMPATH\CodeIgniter.php(499): CodeIgniter\CodeIgniter->runController(Object(App\Controllers\Api))
 4 SYSTEMPATH\CodeIgniter.php(368): CodeIgniter\CodeIgniter->handleRequest(null, Object(Config\Cache), false)
 5 FCPATH\index.php(67): CodeIgniter\CodeIgniter->run()
CRITICAL - 2023-09-11 08:30:12 --> Trying to access array offset on value of type null
in APPPATH\Controllers\Api.php on line 148.
 1 APPPATH\Controllers\Api.php(148): CodeIgniter\Debug\Exceptions->errorHandler(2, 'Trying to access array offset on value of type null', 'APPPATH\\Controllers\\Api.php', 148)
 2 SYSTEMPATH\CodeIgniter.php(934): App\Controllers\Api->push_post()
 3 SYSTEMPATH\CodeIgniter.php(499): CodeIgniter\CodeIgniter->runController(Object(App\Controllers\Api))
 4 SYSTEMPATH\CodeIgniter.php(368): CodeIgniter\CodeIgniter->handleRequest(null, Object(Config\Cache), false)
 5 FCPATH\index.php(67): CodeIgniter\CodeIgniter->run()
CRITICAL - 2023-09-11 09:03:46 --> syntax error, unexpected variable "$query"
in APPPATH\Controllers\Api.php on line 140.
 1 SYSTEMPATH\Autoloader\Autoloader.php(289): CodeIgniter\Autoloader\Autoloader->includeFile('APPPATH\\Controllers\\Api.php')
 2 SYSTEMPATH\Autoloader\Autoloader.php(267): CodeIgniter\Autoloader\Autoloader->loadInNamespace('App\\Controllers\\Api')
 3 [internal function]: CodeIgniter\Autoloader\Autoloader->loadClass('App\\Controllers\\Api')
 4 SYSTEMPATH\CodeIgniter.php(892): class_exists('\\App\\Controllers\\Api', true)
 5 SYSTEMPATH\CodeIgniter.php(486): CodeIgniter\CodeIgniter->startController()
 6 SYSTEMPATH\CodeIgniter.php(368): CodeIgniter\CodeIgniter->handleRequest(null, Object(Config\Cache), false)
 7 FCPATH\index.php(67): CodeIgniter\CodeIgniter->run()
CRITICAL - 2023-09-11 09:06:13 --> Undefined array key "return_data"
in APPPATH\Controllers\Api.php on line 160.
 1 APPPATH\Controllers\Api.php(160): CodeIgniter\Debug\Exceptions->errorHandler(2, 'Undefined array key "return_data"', 'APPPATH\\Controllers\\Api.php', 160)
 2 SYSTEMPATH\CodeIgniter.php(934): App\Controllers\Api->push_post()
 3 SYSTEMPATH\CodeIgniter.php(499): CodeIgniter\CodeIgniter->runController(Object(App\Controllers\Api))
 4 SYSTEMPATH\CodeIgniter.php(368): CodeIgniter\CodeIgniter->handleRequest(null, Object(Config\Cache), false)
 5 FCPATH\index.php(67): CodeIgniter\CodeIgniter->run()
CRITICAL - 2023-09-11 09:12:06 --> Trying to access array offset on value of type null
in APPPATH\Controllers\Api.php on line 156.
 1 APPPATH\Controllers\Api.php(156): CodeIgniter\Debug\Exceptions->errorHandler(2, 'Trying to access array offset on value of type null', 'APPPATH\\Controllers\\Api.php', 156)
 2 SYSTEMPATH\CodeIgniter.php(934): App\Controllers\Api->push_post()
 3 SYSTEMPATH\CodeIgniter.php(499): CodeIgniter\CodeIgniter->runController(Object(App\Controllers\Api))
 4 SYSTEMPATH\CodeIgniter.php(368): CodeIgniter\CodeIgniter->handleRequest(null, Object(Config\Cache), false)
 5 FCPATH\index.php(67): CodeIgniter\CodeIgniter->run()
CRITICAL - 2023-09-11 09:13:04 --> Trying to access array offset on value of type null
in APPPATH\Controllers\Api.php on line 156.
 1 APPPATH\Controllers\Api.php(156): CodeIgniter\Debug\Exceptions->errorHandler(2, 'Trying to access array offset on value of type null', 'APPPATH\\Controllers\\Api.php', 156)
 2 SYSTEMPATH\CodeIgniter.php(934): App\Controllers\Api->push_post()
 3 SYSTEMPATH\CodeIgniter.php(499): CodeIgniter\CodeIgniter->runController(Object(App\Controllers\Api))
 4 SYSTEMPATH\CodeIgniter.php(368): CodeIgniter\CodeIgniter->handleRequest(null, Object(Config\Cache), false)
 5 FCPATH\index.php(67): CodeIgniter\CodeIgniter->run()
CRITICAL - 2023-09-11 09:15:40 --> Trying to access array offset on value of type null
in APPPATH\Controllers\Api.php on line 156.
 1 APPPATH\Controllers\Api.php(156): CodeIgniter\Debug\Exceptions->errorHandler(2, 'Trying to access array offset on value of type null', 'APPPATH\\Controllers\\Api.php', 156)
 2 SYSTEMPATH\CodeIgniter.php(934): App\Controllers\Api->push_post()
 3 SYSTEMPATH\CodeIgniter.php(499): CodeIgniter\CodeIgniter->runController(Object(App\Controllers\Api))
 4 SYSTEMPATH\CodeIgniter.php(368): CodeIgniter\CodeIgniter->handleRequest(null, Object(Config\Cache), false)
 5 FCPATH\index.php(67): CodeIgniter\CodeIgniter->run()
CRITICAL - 2023-09-11 09:17:19 --> Trying to access array offset on value of type null
in APPPATH\Controllers\Api.php on line 156.
 1 APPPATH\Controllers\Api.php(156): CodeIgniter\Debug\Exceptions->errorHandler(2, 'Trying to access array offset on value of type null', 'APPPATH\\Controllers\\Api.php', 156)
 2 SYSTEMPATH\CodeIgniter.php(934): App\Controllers\Api->push_post()
 3 SYSTEMPATH\CodeIgniter.php(499): CodeIgniter\CodeIgniter->runController(Object(App\Controllers\Api))
 4 SYSTEMPATH\CodeIgniter.php(368): CodeIgniter\CodeIgniter->handleRequest(null, Object(Config\Cache), false)
 5 FCPATH\index.php(67): CodeIgniter\CodeIgniter->run()
CRITICAL - 2023-09-11 09:17:29 --> Trying to access array offset on value of type null
in APPPATH\Controllers\Api.php on line 156.
 1 APPPATH\Controllers\Api.php(156): CodeIgniter\Debug\Exceptions->errorHandler(2, 'Trying to access array offset on value of type null', 'APPPATH\\Controllers\\Api.php', 156)
 2 SYSTEMPATH\CodeIgniter.php(934): App\Controllers\Api->push_post()
 3 SYSTEMPATH\CodeIgniter.php(499): CodeIgniter\CodeIgniter->runController(Object(App\Controllers\Api))
 4 SYSTEMPATH\CodeIgniter.php(368): CodeIgniter\CodeIgniter->handleRequest(null, Object(Config\Cache), false)
 5 FCPATH\index.php(67): CodeIgniter\CodeIgniter->run()
CRITICAL - 2023-09-11 09:17:57 --> Trying to access array offset on value of type null
in APPPATH\Controllers\Api.php on line 156.
 1 APPPATH\Controllers\Api.php(156): CodeIgniter\Debug\Exceptions->errorHandler(2, 'Trying to access array offset on value of type null', 'APPPATH\\Controllers\\Api.php', 156)
 2 SYSTEMPATH\CodeIgniter.php(934): App\Controllers\Api->push_post()
 3 SYSTEMPATH\CodeIgniter.php(499): CodeIgniter\CodeIgniter->runController(Object(App\Controllers\Api))
 4 SYSTEMPATH\CodeIgniter.php(368): CodeIgniter\CodeIgniter->handleRequest(null, Object(Config\Cache), false)
 5 FCPATH\index.php(67): CodeIgniter\CodeIgniter->run()
CRITICAL - 2023-09-11 09:18:31 --> Trying to access array offset on value of type null
in APPPATH\Controllers\Api.php on line 156.
 1 APPPATH\Controllers\Api.php(156): CodeIgniter\Debug\Exceptions->errorHandler(2, 'Trying to access array offset on value of type null', 'APPPATH\\Controllers\\Api.php', 156)
 2 SYSTEMPATH\CodeIgniter.php(934): App\Controllers\Api->push_post()
 3 SYSTEMPATH\CodeIgniter.php(499): CodeIgniter\CodeIgniter->runController(Object(App\Controllers\Api))
 4 SYSTEMPATH\CodeIgniter.php(368): CodeIgniter\CodeIgniter->handleRequest(null, Object(Config\Cache), false)
 5 FCPATH\index.php(67): CodeIgniter\CodeIgniter->run()
CRITICAL - 2023-09-11 09:18:51 --> Trying to access array offset on value of type null
in APPPATH\Controllers\Api.php on line 156.
 1 APPPATH\Controllers\Api.php(156): CodeIgniter\Debug\Exceptions->errorHandler(2, 'Trying to access array offset on value of type null', 'APPPATH\\Controllers\\Api.php', 156)
 2 SYSTEMPATH\CodeIgniter.php(934): App\Controllers\Api->push_post()
 3 SYSTEMPATH\CodeIgniter.php(499): CodeIgniter\CodeIgniter->runController(Object(App\Controllers\Api))
 4 SYSTEMPATH\CodeIgniter.php(368): CodeIgniter\CodeIgniter->handleRequest(null, Object(Config\Cache), false)
 5 FCPATH\index.php(67): CodeIgniter\CodeIgniter->run()
CRITICAL - 2023-09-11 09:22:48 --> Trying to access array offset on value of type null
in APPPATH\Controllers\Api.php on line 156.
 1 APPPATH\Controllers\Api.php(156): CodeIgniter\Debug\Exceptions->errorHandler(2, 'Trying to access array offset on value of type null', 'APPPATH\\Controllers\\Api.php', 156)
 2 SYSTEMPATH\CodeIgniter.php(934): App\Controllers\Api->push_post()
 3 SYSTEMPATH\CodeIgniter.php(499): CodeIgniter\CodeIgniter->runController(Object(App\Controllers\Api))
 4 SYSTEMPATH\CodeIgniter.php(368): CodeIgniter\CodeIgniter->handleRequest(null, Object(Config\Cache), false)
 5 FCPATH\index.php(67): CodeIgniter\CodeIgniter->run()
CRITICAL - 2023-09-11 09:41:22 --> Trying to access array offset on value of type null
in APPPATH\Controllers\Api.php on line 156.
 1 APPPATH\Controllers\Api.php(156): CodeIgniter\Debug\Exceptions->errorHandler(2, 'Trying to access array offset on value of type null', 'APPPATH\\Controllers\\Api.php', 156)
 2 SYSTEMPATH\CodeIgniter.php(934): App\Controllers\Api->push_post()
 3 SYSTEMPATH\CodeIgniter.php(499): CodeIgniter\CodeIgniter->runController(Object(App\Controllers\Api))
 4 SYSTEMPATH\CodeIgniter.php(368): CodeIgniter\CodeIgniter->handleRequest(null, Object(Config\Cache), false)
 5 FCPATH\index.php(67): CodeIgniter\CodeIgniter->run()
CRITICAL - 2023-09-11 09:41:43 --> Trying to access array offset on value of type null
in APPPATH\Controllers\Api.php on line 156.
 1 APPPATH\Controllers\Api.php(156): CodeIgniter\Debug\Exceptions->errorHandler(2, 'Trying to access array offset on value of type null', 'APPPATH\\Controllers\\Api.php', 156)
 2 SYSTEMPATH\CodeIgniter.php(934): App\Controllers\Api->push_post()
 3 SYSTEMPATH\CodeIgniter.php(499): CodeIgniter\CodeIgniter->runController(Object(App\Controllers\Api))
 4 SYSTEMPATH\CodeIgniter.php(368): CodeIgniter\CodeIgniter->handleRequest(null, Object(Config\Cache), false)
 5 FCPATH\index.php(67): CodeIgniter\CodeIgniter->run()
CRITICAL - 2023-09-11 09:42:17 --> Trying to access array offset on value of type null
in APPPATH\Controllers\Api.php on line 156.
 1 APPPATH\Controllers\Api.php(156): CodeIgniter\Debug\Exceptions->errorHandler(2, 'Trying to access array offset on value of type null', 'APPPATH\\Controllers\\Api.php', 156)
 2 SYSTEMPATH\CodeIgniter.php(934): App\Controllers\Api->push_post()
 3 SYSTEMPATH\CodeIgniter.php(499): CodeIgniter\CodeIgniter->runController(Object(App\Controllers\Api))
 4 SYSTEMPATH\CodeIgniter.php(368): CodeIgniter\CodeIgniter->handleRequest(null, Object(Config\Cache), false)
 5 FCPATH\index.php(67): CodeIgniter\CodeIgniter->run()
CRITICAL - 2023-09-11 09:42:27 --> Trying to access array offset on value of type null
in APPPATH\Controllers\Api.php on line 156.
 1 APPPATH\Controllers\Api.php(156): CodeIgniter\Debug\Exceptions->errorHandler(2, 'Trying to access array offset on value of type null', 'APPPATH\\Controllers\\Api.php', 156)
 2 SYSTEMPATH\CodeIgniter.php(934): App\Controllers\Api->push_post()
 3 SYSTEMPATH\CodeIgniter.php(499): CodeIgniter\CodeIgniter->runController(Object(App\Controllers\Api))
 4 SYSTEMPATH\CodeIgniter.php(368): CodeIgniter\CodeIgniter->handleRequest(null, Object(Config\Cache), false)
 5 FCPATH\index.php(67): CodeIgniter\CodeIgniter->run()
CRITICAL - 2023-09-11 09:42:41 --> Trying to access array offset on value of type null
in APPPATH\Controllers\Api.php on line 156.
 1 APPPATH\Controllers\Api.php(156): CodeIgniter\Debug\Exceptions->errorHandler(2, 'Trying to access array offset on value of type null', 'APPPATH\\Controllers\\Api.php', 156)
 2 SYSTEMPATH\CodeIgniter.php(934): App\Controllers\Api->push_post()
 3 SYSTEMPATH\CodeIgniter.php(499): CodeIgniter\CodeIgniter->runController(Object(App\Controllers\Api))
 4 SYSTEMPATH\CodeIgniter.php(368): CodeIgniter\CodeIgniter->handleRequest(null, Object(Config\Cache), false)
 5 FCPATH\index.php(67): CodeIgniter\CodeIgniter->run()
CRITICAL - 2023-09-11 09:43:16 --> Trying to access array offset on value of type null
in APPPATH\Controllers\Api.php on line 156.
 1 APPPATH\Controllers\Api.php(156): CodeIgniter\Debug\Exceptions->errorHandler(2, 'Trying to access array offset on value of type null', 'APPPATH\\Controllers\\Api.php', 156)
 2 SYSTEMPATH\CodeIgniter.php(934): App\Controllers\Api->push_post()
 3 SYSTEMPATH\CodeIgniter.php(499): CodeIgniter\CodeIgniter->runController(Object(App\Controllers\Api))
 4 SYSTEMPATH\CodeIgniter.php(368): CodeIgniter\CodeIgniter->handleRequest(null, Object(Config\Cache), false)
 5 FCPATH\index.php(67): CodeIgniter\CodeIgniter->run()
CRITICAL - 2023-09-11 09:43:47 --> Trying to access array offset on value of type null
in APPPATH\Controllers\Api.php on line 156.
 1 APPPATH\Controllers\Api.php(156): CodeIgniter\Debug\Exceptions->errorHandler(2, 'Trying to access array offset on value of type null', 'APPPATH\\Controllers\\Api.php', 156)
 2 SYSTEMPATH\CodeIgniter.php(934): App\Controllers\Api->push_post()
 3 SYSTEMPATH\CodeIgniter.php(499): CodeIgniter\CodeIgniter->runController(Object(App\Controllers\Api))
 4 SYSTEMPATH\CodeIgniter.php(368): CodeIgniter\CodeIgniter->handleRequest(null, Object(Config\Cache), false)
 5 FCPATH\index.php(67): CodeIgniter\CodeIgniter->run()
CRITICAL - 2023-09-11 09:44:26 --> Trying to access array offset on value of type null
in APPPATH\Controllers\Api.php on line 156.
 1 APPPATH\Controllers\Api.php(156): CodeIgniter\Debug\Exceptions->errorHandler(2, 'Trying to access array offset on value of type null', 'APPPATH\\Controllers\\Api.php', 156)
 2 SYSTEMPATH\CodeIgniter.php(934): App\Controllers\Api->push_post()
 3 SYSTEMPATH\CodeIgniter.php(499): CodeIgniter\CodeIgniter->runController(Object(App\Controllers\Api))
 4 SYSTEMPATH\CodeIgniter.php(368): CodeIgniter\CodeIgniter->handleRequest(null, Object(Config\Cache), false)
 5 FCPATH\index.php(67): CodeIgniter\CodeIgniter->run()
CRITICAL - 2023-09-11 09:44:40 --> Trying to access array offset on value of type null
in APPPATH\Controllers\Api.php on line 156.
 1 APPPATH\Controllers\Api.php(156): CodeIgniter\Debug\Exceptions->errorHandler(2, 'Trying to access array offset on value of type null', 'APPPATH\\Controllers\\Api.php', 156)
 2 SYSTEMPATH\CodeIgniter.php(934): App\Controllers\Api->push_post()
 3 SYSTEMPATH\CodeIgniter.php(499): CodeIgniter\CodeIgniter->runController(Object(App\Controllers\Api))
 4 SYSTEMPATH\CodeIgniter.php(368): CodeIgniter\CodeIgniter->handleRequest(null, Object(Config\Cache), false)
 5 FCPATH\index.php(67): CodeIgniter\CodeIgniter->run()
CRITICAL - 2023-09-11 09:44:51 --> Trying to access array offset on value of type null
in APPPATH\Controllers\Api.php on line 156.
 1 APPPATH\Controllers\Api.php(156): CodeIgniter\Debug\Exceptions->errorHandler(2, 'Trying to access array offset on value of type null', 'APPPATH\\Controllers\\Api.php', 156)
 2 SYSTEMPATH\CodeIgniter.php(934): App\Controllers\Api->push_post()
 3 SYSTEMPATH\CodeIgniter.php(499): CodeIgniter\CodeIgniter->runController(Object(App\Controllers\Api))
 4 SYSTEMPATH\CodeIgniter.php(368): CodeIgniter\CodeIgniter->handleRequest(null, Object(Config\Cache), false)
 5 FCPATH\index.php(67): CodeIgniter\CodeIgniter->run()
CRITICAL - 2023-09-11 09:45:31 --> Trying to access array offset on value of type null
in APPPATH\Controllers\Api.php on line 156.
 1 APPPATH\Controllers\Api.php(156): CodeIgniter\Debug\Exceptions->errorHandler(2, 'Trying to access array offset on value of type null', 'APPPATH\\Controllers\\Api.php', 156)
 2 SYSTEMPATH\CodeIgniter.php(934): App\Controllers\Api->push_post()
 3 SYSTEMPATH\CodeIgniter.php(499): CodeIgniter\CodeIgniter->runController(Object(App\Controllers\Api))
 4 SYSTEMPATH\CodeIgniter.php(368): CodeIgniter\CodeIgniter->handleRequest(null, Object(Config\Cache), false)
 5 FCPATH\index.php(67): CodeIgniter\CodeIgniter->run()
CRITICAL - 2023-09-11 09:46:11 --> Trying to access array offset on value of type null
in APPPATH\Controllers\Api.php on line 156.
 1 APPPATH\Controllers\Api.php(156): CodeIgniter\Debug\Exceptions->errorHandler(2, 'Trying to access array offset on value of type null', 'APPPATH\\Controllers\\Api.php', 156)
 2 SYSTEMPATH\CodeIgniter.php(934): App\Controllers\Api->push_post()
 3 SYSTEMPATH\CodeIgniter.php(499): CodeIgniter\CodeIgniter->runController(Object(App\Controllers\Api))
 4 SYSTEMPATH\CodeIgniter.php(368): CodeIgniter\CodeIgniter->handleRequest(null, Object(Config\Cache), false)
 5 FCPATH\index.php(67): CodeIgniter\CodeIgniter->run()
CRITICAL - 2023-09-11 09:46:37 --> Trying to access array offset on value of type null
in APPPATH\Controllers\Api.php on line 156.
 1 APPPATH\Controllers\Api.php(156): CodeIgniter\Debug\Exceptions->errorHandler(2, 'Trying to access array offset on value of type null', 'APPPATH\\Controllers\\Api.php', 156)
 2 SYSTEMPATH\CodeIgniter.php(934): App\Controllers\Api->push_post()
 3 SYSTEMPATH\CodeIgniter.php(499): CodeIgniter\CodeIgniter->runController(Object(App\Controllers\Api))
 4 SYSTEMPATH\CodeIgniter.php(368): CodeIgniter\CodeIgniter->handleRequest(null, Object(Config\Cache), false)
 5 FCPATH\index.php(67): CodeIgniter\CodeIgniter->run()
CRITICAL - 2023-09-11 09:47:06 --> Trying to access array offset on value of type null
in APPPATH\Controllers\Api.php on line 156.
 1 APPPATH\Controllers\Api.php(156): CodeIgniter\Debug\Exceptions->errorHandler(2, 'Trying to access array offset on value of type null', 'APPPATH\\Controllers\\Api.php', 156)
 2 SYSTEMPATH\CodeIgniter.php(934): App\Controllers\Api->push_post()
 3 SYSTEMPATH\CodeIgniter.php(499): CodeIgniter\CodeIgniter->runController(Object(App\Controllers\Api))
 4 SYSTEMPATH\CodeIgniter.php(368): CodeIgniter\CodeIgniter->handleRequest(null, Object(Config\Cache), false)
 5 FCPATH\index.php(67): CodeIgniter\CodeIgniter->run()
CRITICAL - 2023-09-11 09:47:08 --> Trying to access array offset on value of type null
in APPPATH\Controllers\Api.php on line 156.
 1 APPPATH\Controllers\Api.php(156): CodeIgniter\Debug\Exceptions->errorHandler(2, 'Trying to access array offset on value of type null', 'APPPATH\\Controllers\\Api.php', 156)
 2 SYSTEMPATH\CodeIgniter.php(934): App\Controllers\Api->push_post()
 3 SYSTEMPATH\CodeIgniter.php(499): CodeIgniter\CodeIgniter->runController(Object(App\Controllers\Api))
 4 SYSTEMPATH\CodeIgniter.php(368): CodeIgniter\CodeIgniter->handleRequest(null, Object(Config\Cache), false)
 5 FCPATH\index.php(67): CodeIgniter\CodeIgniter->run()
CRITICAL - 2023-09-11 09:47:09 --> Trying to access array offset on value of type null
in APPPATH\Controllers\Api.php on line 156.
 1 APPPATH\Controllers\Api.php(156): CodeIgniter\Debug\Exceptions->errorHandler(2, 'Trying to access array offset on value of type null', 'APPPATH\\Controllers\\Api.php', 156)
 2 SYSTEMPATH\CodeIgniter.php(934): App\Controllers\Api->push_post()
 3 SYSTEMPATH\CodeIgniter.php(499): CodeIgniter\CodeIgniter->runController(Object(App\Controllers\Api))
 4 SYSTEMPATH\CodeIgniter.php(368): CodeIgniter\CodeIgniter->handleRequest(null, Object(Config\Cache), false)
 5 FCPATH\index.php(67): CodeIgniter\CodeIgniter->run()
CRITICAL - 2023-09-11 09:52:59 --> Trying to access array offset on value of type null
in APPPATH\Controllers\Api.php on line 156.
 1 APPPATH\Controllers\Api.php(156): CodeIgniter\Debug\Exceptions->errorHandler(2, 'Trying to access array offset on value of type null', 'APPPATH\\Controllers\\Api.php', 156)
 2 SYSTEMPATH\CodeIgniter.php(934): App\Controllers\Api->push_post()
 3 SYSTEMPATH\CodeIgniter.php(499): CodeIgniter\CodeIgniter->runController(Object(App\Controllers\Api))
 4 SYSTEMPATH\CodeIgniter.php(368): CodeIgniter\CodeIgniter->handleRequest(null, Object(Config\Cache), false)
 5 FCPATH\index.php(67): CodeIgniter\CodeIgniter->run()
CRITICAL - 2023-09-11 09:53:23 --> Trying to access array offset on value of type null
in APPPATH\Controllers\Api.php on line 156.
 1 APPPATH\Controllers\Api.php(156): CodeIgniter\Debug\Exceptions->errorHandler(2, 'Trying to access array offset on value of type null', 'APPPATH\\Controllers\\Api.php', 156)
 2 SYSTEMPATH\CodeIgniter.php(934): App\Controllers\Api->push_post()
 3 SYSTEMPATH\CodeIgniter.php(499): CodeIgniter\CodeIgniter->runController(Object(App\Controllers\Api))
 4 SYSTEMPATH\CodeIgniter.php(368): CodeIgniter\CodeIgniter->handleRequest(null, Object(Config\Cache), false)
 5 FCPATH\index.php(67): CodeIgniter\CodeIgniter->run()
CRITICAL - 2023-09-11 09:53:34 --> Trying to access array offset on value of type null
in APPPATH\Controllers\Api.php on line 156.
 1 APPPATH\Controllers\Api.php(156): CodeIgniter\Debug\Exceptions->errorHandler(2, 'Trying to access array offset on value of type null', 'APPPATH\\Controllers\\Api.php', 156)
 2 SYSTEMPATH\CodeIgniter.php(934): App\Controllers\Api->push_post()
 3 SYSTEMPATH\CodeIgniter.php(499): CodeIgniter\CodeIgniter->runController(Object(App\Controllers\Api))
 4 SYSTEMPATH\CodeIgniter.php(368): CodeIgniter\CodeIgniter->handleRequest(null, Object(Config\Cache), false)
 5 FCPATH\index.php(67): CodeIgniter\CodeIgniter->run()
CRITICAL - 2023-09-11 09:53:45 --> Trying to access array offset on value of type null
in APPPATH\Controllers\Api.php on line 156.
 1 APPPATH\Controllers\Api.php(156): CodeIgniter\Debug\Exceptions->errorHandler(2, 'Trying to access array offset on value of type null', 'APPPATH\\Controllers\\Api.php', 156)
 2 SYSTEMPATH\CodeIgniter.php(934): App\Controllers\Api->push_post()
 3 SYSTEMPATH\CodeIgniter.php(499): CodeIgniter\CodeIgniter->runController(Object(App\Controllers\Api))
 4 SYSTEMPATH\CodeIgniter.php(368): CodeIgniter\CodeIgniter->handleRequest(null, Object(Config\Cache), false)
 5 FCPATH\index.php(67): CodeIgniter\CodeIgniter->run()
CRITICAL - 2023-09-11 09:54:19 --> Trying to access array offset on value of type null
in APPPATH\Controllers\Api.php on line 156.
 1 APPPATH\Controllers\Api.php(156): CodeIgniter\Debug\Exceptions->errorHandler(2, 'Trying to access array offset on value of type null', 'APPPATH\\Controllers\\Api.php', 156)
 2 SYSTEMPATH\CodeIgniter.php(934): App\Controllers\Api->push_post()
 3 SYSTEMPATH\CodeIgniter.php(499): CodeIgniter\CodeIgniter->runController(Object(App\Controllers\Api))
 4 SYSTEMPATH\CodeIgniter.php(368): CodeIgniter\CodeIgniter->handleRequest(null, Object(Config\Cache), false)
 5 FCPATH\index.php(67): CodeIgniter\CodeIgniter->run()
CRITICAL - 2023-09-11 09:55:23 --> Trying to access array offset on value of type null
in APPPATH\Controllers\Api.php on line 156.
 1 APPPATH\Controllers\Api.php(156): CodeIgniter\Debug\Exceptions->errorHandler(2, 'Trying to access array offset on value of type null', 'APPPATH\\Controllers\\Api.php', 156)
 2 SYSTEMPATH\CodeIgniter.php(934): App\Controllers\Api->push_post()
 3 SYSTEMPATH\CodeIgniter.php(499): CodeIgniter\CodeIgniter->runController(Object(App\Controllers\Api))
 4 SYSTEMPATH\CodeIgniter.php(368): CodeIgniter\CodeIgniter->handleRequest(null, Object(Config\Cache), false)
 5 FCPATH\index.php(67): CodeIgniter\CodeIgniter->run()
CRITICAL - 2023-09-11 10:09:48 --> Trying to access array offset on value of type null
in APPPATH\Controllers\Api.php on line 181.
 1 APPPATH\Controllers\Api.php(181): CodeIgniter\Debug\Exceptions->errorHandler(2, 'Trying to access array offset on value of type null', 'APPPATH\\Controllers\\Api.php', 181)
 2 SYSTEMPATH\CodeIgniter.php(934): App\Controllers\Api->push_post()
 3 SYSTEMPATH\CodeIgniter.php(499): CodeIgniter\CodeIgniter->runController(Object(App\Controllers\Api))
 4 SYSTEMPATH\CodeIgniter.php(368): CodeIgniter\CodeIgniter->handleRequest(null, Object(Config\Cache), false)
 5 FCPATH\index.php(67): CodeIgniter\CodeIgniter->run()
CRITICAL - 2023-09-11 10:10:31 --> Trying to access array offset on value of type null
in APPPATH\Controllers\Api.php on line 180.
 1 APPPATH\Controllers\Api.php(180): CodeIgniter\Debug\Exceptions->errorHandler(2, 'Trying to access array offset on value of type null', 'APPPATH\\Controllers\\Api.php', 180)
 2 SYSTEMPATH\CodeIgniter.php(934): App\Controllers\Api->push_post()
 3 SYSTEMPATH\CodeIgniter.php(499): CodeIgniter\CodeIgniter->runController(Object(App\Controllers\Api))
 4 SYSTEMPATH\CodeIgniter.php(368): CodeIgniter\CodeIgniter->handleRequest(null, Object(Config\Cache), false)
 5 FCPATH\index.php(67): CodeIgniter\CodeIgniter->run()
CRITICAL - 2023-09-11 10:10:46 --> Trying to access array offset on value of type null
in APPPATH\Controllers\Api.php on line 180.
 1 APPPATH\Controllers\Api.php(180): CodeIgniter\Debug\Exceptions->errorHandler(2, 'Trying to access array offset on value of type null', 'APPPATH\\Controllers\\Api.php', 180)
 2 SYSTEMPATH\CodeIgniter.php(934): App\Controllers\Api->push_post()
 3 SYSTEMPATH\CodeIgniter.php(499): CodeIgniter\CodeIgniter->runController(Object(App\Controllers\Api))
 4 SYSTEMPATH\CodeIgniter.php(368): CodeIgniter\CodeIgniter->handleRequest(null, Object(Config\Cache), false)
 5 FCPATH\index.php(67): CodeIgniter\CodeIgniter->run()
CRITICAL - 2023-09-11 10:11:17 --> Trying to access array offset on value of type null
in APPPATH\Controllers\Api.php on line 180.
 1 APPPATH\Controllers\Api.php(180): CodeIgniter\Debug\Exceptions->errorHandler(2, 'Trying to access array offset on value of type null', 'APPPATH\\Controllers\\Api.php', 180)
 2 SYSTEMPATH\CodeIgniter.php(934): App\Controllers\Api->push_post()
 3 SYSTEMPATH\CodeIgniter.php(499): CodeIgniter\CodeIgniter->runController(Object(App\Controllers\Api))
 4 SYSTEMPATH\CodeIgniter.php(368): CodeIgniter\CodeIgniter->handleRequest(null, Object(Config\Cache), false)
 5 FCPATH\index.php(67): CodeIgniter\CodeIgniter->run()
CRITICAL - 2023-09-11 10:11:35 --> Trying to access array offset on value of type null
in APPPATH\Controllers\Api.php on line 180.
 1 APPPATH\Controllers\Api.php(180): CodeIgniter\Debug\Exceptions->errorHandler(2, 'Trying to access array offset on value of type null', 'APPPATH\\Controllers\\Api.php', 180)
 2 SYSTEMPATH\CodeIgniter.php(934): App\Controllers\Api->push_post()
 3 SYSTEMPATH\CodeIgniter.php(499): CodeIgniter\CodeIgniter->runController(Object(App\Controllers\Api))
 4 SYSTEMPATH\CodeIgniter.php(368): CodeIgniter\CodeIgniter->handleRequest(null, Object(Config\Cache), false)
 5 FCPATH\index.php(67): CodeIgniter\CodeIgniter->run()
CRITICAL - 2023-09-11 10:20:11 --> There is no data to update.
in SYSTEMPATH\BaseModel.php on line 924.
 1 SYSTEMPATH\BaseModel.php(924): CodeIgniter\Database\Exceptions\DataException::forEmptyDataset('update')
 2 SYSTEMPATH\Model.php(756): CodeIgniter\BaseModel->update([...], [])
 3 APPPATH\Controllers\Api.php(165): CodeIgniter\Model->update('243', [...])
 4 SYSTEMPATH\CodeIgniter.php(934): App\Controllers\Api->push_post()
 5 SYSTEMPATH\CodeIgniter.php(499): CodeIgniter\CodeIgniter->runController(Object(App\Controllers\Api))
 6 SYSTEMPATH\CodeIgniter.php(368): CodeIgniter\CodeIgniter->handleRequest(null, Object(Config\Cache), false)
 7 FCPATH\index.php(67): CodeIgniter\CodeIgniter->run()
CRITICAL - 2023-09-11 10:20:28 --> There is no data to update.
in SYSTEMPATH\BaseModel.php on line 924.
 1 SYSTEMPATH\BaseModel.php(924): CodeIgniter\Database\Exceptions\DataException::forEmptyDataset('update')
 2 SYSTEMPATH\Model.php(756): CodeIgniter\BaseModel->update([...], [])
 3 APPPATH\Controllers\Api.php(165): CodeIgniter\Model->update('243', [...])
 4 SYSTEMPATH\CodeIgniter.php(934): App\Controllers\Api->push_post()
 5 SYSTEMPATH\CodeIgniter.php(499): CodeIgniter\CodeIgniter->runController(Object(App\Controllers\Api))
 6 SYSTEMPATH\CodeIgniter.php(368): CodeIgniter\CodeIgniter->handleRequest(null, Object(Config\Cache), false)
 7 FCPATH\index.php(67): CodeIgniter\CodeIgniter->run()
CRITICAL - 2023-09-11 10:20:42 --> There is no data to update.
in SYSTEMPATH\BaseModel.php on line 924.
 1 SYSTEMPATH\BaseModel.php(924): CodeIgniter\Database\Exceptions\DataException::forEmptyDataset('update')
 2 SYSTEMPATH\Model.php(756): CodeIgniter\BaseModel->update([...], [])
 3 APPPATH\Controllers\Api.php(165): CodeIgniter\Model->update('243', [...])
 4 SYSTEMPATH\CodeIgniter.php(934): App\Controllers\Api->push_post()
 5 SYSTEMPATH\CodeIgniter.php(499): CodeIgniter\CodeIgniter->runController(Object(App\Controllers\Api))
 6 SYSTEMPATH\CodeIgniter.php(368): CodeIgniter\CodeIgniter->handleRequest(null, Object(Config\Cache), false)
 7 FCPATH\index.php(67): CodeIgniter\CodeIgniter->run()
CRITICAL - 2023-09-11 10:20:54 --> Call to a member function first() on bool
in APPPATH\Controllers\Api.php on line 165.
 1 SYSTEMPATH\CodeIgniter.php(934): App\Controllers\Api->push_post()
 2 SYSTEMPATH\CodeIgniter.php(499): CodeIgniter\CodeIgniter->runController(Object(App\Controllers\Api))
 3 SYSTEMPATH\CodeIgniter.php(368): CodeIgniter\CodeIgniter->handleRequest(null, Object(Config\Cache), false)
 4 FCPATH\index.php(67): CodeIgniter\CodeIgniter->run()
CRITICAL - 2023-09-11 10:37:09 --> Trying to access array offset on value of type null
in APPPATH\Controllers\Api.php on line 231.
 1 APPPATH\Controllers\Api.php(231): CodeIgniter\Debug\Exceptions->errorHandler(2, 'Trying to access array offset on value of type null', 'APPPATH\\Controllers\\Api.php', 231)
 2 SYSTEMPATH\CodeIgniter.php(934): App\Controllers\Api->delete_post()
 3 SYSTEMPATH\CodeIgniter.php(499): CodeIgniter\CodeIgniter->runController(Object(App\Controllers\Api))
 4 SYSTEMPATH\CodeIgniter.php(368): CodeIgniter\CodeIgniter->handleRequest(null, Object(Config\Cache), false)
 5 FCPATH\index.php(67): CodeIgniter\CodeIgniter->run()
CRITICAL - 2023-09-11 10:38:06 --> Trying to access array offset on value of type null
in APPPATH\Controllers\Api.php on line 231.
 1 APPPATH\Controllers\Api.php(231): CodeIgniter\Debug\Exceptions->errorHandler(2, 'Trying to access array offset on value of type null', 'APPPATH\\Controllers\\Api.php', 231)
 2 SYSTEMPATH\CodeIgniter.php(934): App\Controllers\Api->delete_post()
 3 SYSTEMPATH\CodeIgniter.php(499): CodeIgniter\CodeIgniter->runController(Object(App\Controllers\Api))
 4 SYSTEMPATH\CodeIgniter.php(368): CodeIgniter\CodeIgniter->handleRequest(null, Object(Config\Cache), false)
 5 FCPATH\index.php(67): CodeIgniter\CodeIgniter->run()
CRITICAL - 2023-09-11 10:38:29 --> Trying to access array offset on value of type null
in APPPATH\Controllers\Api.php on line 231.
 1 APPPATH\Controllers\Api.php(231): CodeIgniter\Debug\Exceptions->errorHandler(2, 'Trying to access array offset on value of type null', 'APPPATH\\Controllers\\Api.php', 231)
 2 SYSTEMPATH\CodeIgniter.php(934): App\Controllers\Api->delete_post()
 3 SYSTEMPATH\CodeIgniter.php(499): CodeIgniter\CodeIgniter->runController(Object(App\Controllers\Api))
 4 SYSTEMPATH\CodeIgniter.php(368): CodeIgniter\CodeIgniter->handleRequest(null, Object(Config\Cache), false)
 5 FCPATH\index.php(67): CodeIgniter\CodeIgniter->run()
CRITICAL - 2023-09-11 10:39:53 --> Trying to access array offset on value of type null
in APPPATH\Controllers\Api.php on line 231.
 1 APPPATH\Controllers\Api.php(231): CodeIgniter\Debug\Exceptions->errorHandler(2, 'Trying to access array offset on value of type null', 'APPPATH\\Controllers\\Api.php', 231)
 2 SYSTEMPATH\CodeIgniter.php(934): App\Controllers\Api->delete_post()
 3 SYSTEMPATH\CodeIgniter.php(499): CodeIgniter\CodeIgniter->runController(Object(App\Controllers\Api))
 4 SYSTEMPATH\CodeIgniter.php(368): CodeIgniter\CodeIgniter->handleRequest(null, Object(Config\Cache), false)
 5 FCPATH\index.php(67): CodeIgniter\CodeIgniter->run()
CRITICAL - 2023-09-11 10:40:06 --> Trying to access array offset on value of type null
in APPPATH\Controllers\Api.php on line 231.
 1 APPPATH\Controllers\Api.php(231): CodeIgniter\Debug\Exceptions->errorHandler(2, 'Trying to access array offset on value of type null', 'APPPATH\\Controllers\\Api.php', 231)
 2 SYSTEMPATH\CodeIgniter.php(934): App\Controllers\Api->delete_post()
 3 SYSTEMPATH\CodeIgniter.php(499): CodeIgniter\CodeIgniter->runController(Object(App\Controllers\Api))
 4 SYSTEMPATH\CodeIgniter.php(368): CodeIgniter\CodeIgniter->handleRequest(null, Object(Config\Cache), false)
 5 FCPATH\index.php(67): CodeIgniter\CodeIgniter->run()
CRITICAL - 2023-09-11 10:40:30 --> Trying to access array offset on value of type null
in APPPATH\Controllers\Api.php on line 231.
 1 APPPATH\Controllers\Api.php(231): CodeIgniter\Debug\Exceptions->errorHandler(2, 'Trying to access array offset on value of type null', 'APPPATH\\Controllers\\Api.php', 231)
 2 SYSTEMPATH\CodeIgniter.php(934): App\Controllers\Api->delete_post()
 3 SYSTEMPATH\CodeIgniter.php(499): CodeIgniter\CodeIgniter->runController(Object(App\Controllers\Api))
 4 SYSTEMPATH\CodeIgniter.php(368): CodeIgniter\CodeIgniter->handleRequest(null, Object(Config\Cache), false)
 5 FCPATH\index.php(67): CodeIgniter\CodeIgniter->run()
CRITICAL - 2023-09-11 10:48:10 --> Undefined variable $postata
in APPPATH\Controllers\Api.php on line 208.
 1 APPPATH\Controllers\Api.php(208): CodeIgniter\Debug\Exceptions->errorHandler(2, 'Undefined variable $postata', 'APPPATH\\Controllers\\Api.php', 208)
 2 SYSTEMPATH\CodeIgniter.php(934): App\Controllers\Api->delete_post()
 3 SYSTEMPATH\CodeIgniter.php(499): CodeIgniter\CodeIgniter->runController(Object(App\Controllers\Api))
 4 SYSTEMPATH\CodeIgniter.php(368): CodeIgniter\CodeIgniter->handleRequest(null, Object(Config\Cache), false)
 5 FCPATH\index.php(67): CodeIgniter\CodeIgniter->run()
CRITICAL - 2023-09-11 10:49:22 --> Undefined variable $postata
in APPPATH\Controllers\Api.php on line 208.
 1 APPPATH\Controllers\Api.php(208): CodeIgniter\Debug\Exceptions->errorHandler(2, 'Undefined variable $postata', 'APPPATH\\Controllers\\Api.php', 208)
 2 SYSTEMPATH\CodeIgniter.php(934): App\Controllers\Api->delete_post()
 3 SYSTEMPATH\CodeIgniter.php(499): CodeIgniter\CodeIgniter->runController(Object(App\Controllers\Api))
 4 SYSTEMPATH\CodeIgniter.php(368): CodeIgniter\CodeIgniter->handleRequest(null, Object(Config\Cache), false)
 5 FCPATH\index.php(67): CodeIgniter\CodeIgniter->run()
CRITICAL - 2023-09-11 10:49:25 --> Undefined variable $postata
in APPPATH\Controllers\Api.php on line 208.
 1 APPPATH\Controllers\Api.php(208): CodeIgniter\Debug\Exceptions->errorHandler(2, 'Undefined variable $postata', 'APPPATH\\Controllers\\Api.php', 208)
 2 SYSTEMPATH\CodeIgniter.php(934): App\Controllers\Api->delete_post()
 3 SYSTEMPATH\CodeIgniter.php(499): CodeIgniter\CodeIgniter->runController(Object(App\Controllers\Api))
 4 SYSTEMPATH\CodeIgniter.php(368): CodeIgniter\CodeIgniter->handleRequest(null, Object(Config\Cache), false)
 5 FCPATH\index.php(67): CodeIgniter\CodeIgniter->run()
CRITICAL - 2023-09-11 10:50:02 --> Undefined variable $postata
in APPPATH\Controllers\Api.php on line 208.
 1 APPPATH\Controllers\Api.php(208): CodeIgniter\Debug\Exceptions->errorHandler(2, 'Undefined variable $postata', 'APPPATH\\Controllers\\Api.php', 208)
 2 SYSTEMPATH\CodeIgniter.php(934): App\Controllers\Api->delete_post()
 3 SYSTEMPATH\CodeIgniter.php(499): CodeIgniter\CodeIgniter->runController(Object(App\Controllers\Api))
 4 SYSTEMPATH\CodeIgniter.php(368): CodeIgniter\CodeIgniter->handleRequest(null, Object(Config\Cache), false)
 5 FCPATH\index.php(67): CodeIgniter\CodeIgniter->run()
CRITICAL - 2023-09-11 10:50:59 --> syntax error, unexpected token "echo", expecting "function" or "const"
in APPPATH\Controllers\Api.php on line 259.
 1 SYSTEMPATH\Autoloader\Autoloader.php(289): CodeIgniter\Autoloader\Autoloader->includeFile('APPPATH\\Controllers\\Api.php')
 2 SYSTEMPATH\Autoloader\Autoloader.php(267): CodeIgniter\Autoloader\Autoloader->loadInNamespace('App\\Controllers\\Api')
 3 [internal function]: CodeIgniter\Autoloader\Autoloader->loadClass('App\\Controllers\\Api')
 4 SYSTEMPATH\CodeIgniter.php(892): class_exists('\\App\\Controllers\\Api', true)
 5 SYSTEMPATH\CodeIgniter.php(486): CodeIgniter\CodeIgniter->startController()
 6 SYSTEMPATH\CodeIgniter.php(368): CodeIgniter\CodeIgniter->handleRequest(null, Object(Config\Cache), false)
 7 FCPATH\index.php(67): CodeIgniter\CodeIgniter->run()
CRITICAL - 2023-09-11 10:51:02 --> syntax error, unexpected token "echo", expecting "function" or "const"
in APPPATH\Controllers\Api.php on line 259.
 1 SYSTEMPATH\Autoloader\Autoloader.php(289): CodeIgniter\Autoloader\Autoloader->includeFile('APPPATH\\Controllers\\Api.php')
 2 SYSTEMPATH\Autoloader\Autoloader.php(267): CodeIgniter\Autoloader\Autoloader->loadInNamespace('App\\Controllers\\Api')
 3 [internal function]: CodeIgniter\Autoloader\Autoloader->loadClass('App\\Controllers\\Api')
 4 SYSTEMPATH\CodeIgniter.php(892): class_exists('\\App\\Controllers\\Api', true)
 5 SYSTEMPATH\CodeIgniter.php(486): CodeIgniter\CodeIgniter->startController()
 6 SYSTEMPATH\CodeIgniter.php(368): CodeIgniter\CodeIgniter->handleRequest(null, Object(Config\Cache), false)
 7 FCPATH\index.php(67): CodeIgniter\CodeIgniter->run()
CRITICAL - 2023-09-11 10:51:03 --> syntax error, unexpected token "echo", expecting "function" or "const"
in APPPATH\Controllers\Api.php on line 259.
 1 SYSTEMPATH\Autoloader\Autoloader.php(289): CodeIgniter\Autoloader\Autoloader->includeFile('APPPATH\\Controllers\\Api.php')
 2 SYSTEMPATH\Autoloader\Autoloader.php(267): CodeIgniter\Autoloader\Autoloader->loadInNamespace('App\\Controllers\\Api')
 3 [internal function]: CodeIgniter\Autoloader\Autoloader->loadClass('App\\Controllers\\Api')
 4 SYSTEMPATH\CodeIgniter.php(892): class_exists('\\App\\Controllers\\Api', true)
 5 SYSTEMPATH\CodeIgniter.php(486): CodeIgniter\CodeIgniter->startController()
 6 SYSTEMPATH\CodeIgniter.php(368): CodeIgniter\CodeIgniter->handleRequest(null, Object(Config\Cache), false)
 7 FCPATH\index.php(67): CodeIgniter\CodeIgniter->run()
CRITICAL - 2023-09-11 10:52:04 --> syntax error, unexpected token "echo", expecting "function" or "const"
in APPPATH\Controllers\Api.php on line 246.
 1 SYSTEMPATH\Autoloader\Autoloader.php(289): CodeIgniter\Autoloader\Autoloader->includeFile('APPPATH\\Controllers\\Api.php')
 2 SYSTEMPATH\Autoloader\Autoloader.php(267): CodeIgniter\Autoloader\Autoloader->loadInNamespace('App\\Controllers\\Api')
 3 [internal function]: CodeIgniter\Autoloader\Autoloader->loadClass('App\\Controllers\\Api')
 4 SYSTEMPATH\CodeIgniter.php(892): class_exists('\\App\\Controllers\\Api', true)
 5 SYSTEMPATH\CodeIgniter.php(486): CodeIgniter\CodeIgniter->startController()
 6 SYSTEMPATH\CodeIgniter.php(368): CodeIgniter\CodeIgniter->handleRequest(null, Object(Config\Cache), false)
 7 FCPATH\index.php(67): CodeIgniter\CodeIgniter->run()
CRITICAL - 2023-09-11 10:52:05 --> syntax error, unexpected token "echo", expecting "function" or "const"
in APPPATH\Controllers\Api.php on line 246.
 1 SYSTEMPATH\Autoloader\Autoloader.php(289): CodeIgniter\Autoloader\Autoloader->includeFile('APPPATH\\Controllers\\Api.php')
 2 SYSTEMPATH\Autoloader\Autoloader.php(267): CodeIgniter\Autoloader\Autoloader->loadInNamespace('App\\Controllers\\Api')
 3 [internal function]: CodeIgniter\Autoloader\Autoloader->loadClass('App\\Controllers\\Api')
 4 SYSTEMPATH\CodeIgniter.php(892): class_exists('\\App\\Controllers\\Api', true)
 5 SYSTEMPATH\CodeIgniter.php(486): CodeIgniter\CodeIgniter->startController()
 6 SYSTEMPATH\CodeIgniter.php(368): CodeIgniter\CodeIgniter->handleRequest(null, Object(Config\Cache), false)
 7 FCPATH\index.php(67): CodeIgniter\CodeIgniter->run()
CRITICAL - 2023-09-11 10:52:07 --> syntax error, unexpected token "echo", expecting "function" or "const"
in APPPATH\Controllers\Api.php on line 246.
 1 SYSTEMPATH\Autoloader\Autoloader.php(289): CodeIgniter\Autoloader\Autoloader->includeFile('APPPATH\\Controllers\\Api.php')
 2 SYSTEMPATH\Autoloader\Autoloader.php(267): CodeIgniter\Autoloader\Autoloader->loadInNamespace('App\\Controllers\\Api')
 3 [internal function]: CodeIgniter\Autoloader\Autoloader->loadClass('App\\Controllers\\Api')
 4 SYSTEMPATH\CodeIgniter.php(892): class_exists('\\App\\Controllers\\Api', true)
 5 SYSTEMPATH\CodeIgniter.php(486): CodeIgniter\CodeIgniter->startController()
 6 SYSTEMPATH\CodeIgniter.php(368): CodeIgniter\CodeIgniter->handleRequest(null, Object(Config\Cache), false)
 7 FCPATH\index.php(67): CodeIgniter\CodeIgniter->run()
CRITICAL - 2023-09-11 10:52:08 --> syntax error, unexpected token "echo", expecting "function" or "const"
in APPPATH\Controllers\Api.php on line 246.
 1 SYSTEMPATH\Autoloader\Autoloader.php(289): CodeIgniter\Autoloader\Autoloader->includeFile('APPPATH\\Controllers\\Api.php')
 2 SYSTEMPATH\Autoloader\Autoloader.php(267): CodeIgniter\Autoloader\Autoloader->loadInNamespace('App\\Controllers\\Api')
 3 [internal function]: CodeIgniter\Autoloader\Autoloader->loadClass('App\\Controllers\\Api')
 4 SYSTEMPATH\CodeIgniter.php(892): class_exists('\\App\\Controllers\\Api', true)
 5 SYSTEMPATH\CodeIgniter.php(486): CodeIgniter\CodeIgniter->startController()
 6 SYSTEMPATH\CodeIgniter.php(368): CodeIgniter\CodeIgniter->handleRequest(null, Object(Config\Cache), false)
 7 FCPATH\index.php(67): CodeIgniter\CodeIgniter->run()
CRITICAL - 2023-09-11 10:52:13 --> syntax error, unexpected token "echo", expecting "function" or "const"
in APPPATH\Controllers\Api.php on line 246.
 1 SYSTEMPATH\Autoloader\Autoloader.php(289): CodeIgniter\Autoloader\Autoloader->includeFile('APPPATH\\Controllers\\Api.php')
 2 SYSTEMPATH\Autoloader\Autoloader.php(267): CodeIgniter\Autoloader\Autoloader->loadInNamespace('App\\Controllers\\Api')
 3 [internal function]: CodeIgniter\Autoloader\Autoloader->loadClass('App\\Controllers\\Api')
 4 SYSTEMPATH\CodeIgniter.php(892): class_exists('\\App\\Controllers\\Api', true)
 5 SYSTEMPATH\CodeIgniter.php(486): CodeIgniter\CodeIgniter->startController()
 6 SYSTEMPATH\CodeIgniter.php(368): CodeIgniter\CodeIgniter->handleRequest(null, Object(Config\Cache), false)
 7 FCPATH\index.php(67): CodeIgniter\CodeIgniter->run()
CRITICAL - 2023-09-11 10:52:14 --> syntax error, unexpected token "echo", expecting "function" or "const"
in APPPATH\Controllers\Api.php on line 246.
 1 SYSTEMPATH\Autoloader\Autoloader.php(289): CodeIgniter\Autoloader\Autoloader->includeFile('APPPATH\\Controllers\\Api.php')
 2 SYSTEMPATH\Autoloader\Autoloader.php(267): CodeIgniter\Autoloader\Autoloader->loadInNamespace('App\\Controllers\\Api')
 3 [internal function]: CodeIgniter\Autoloader\Autoloader->loadClass('App\\Controllers\\Api')
 4 SYSTEMPATH\CodeIgniter.php(892): class_exists('\\App\\Controllers\\Api', true)
 5 SYSTEMPATH\CodeIgniter.php(486): CodeIgniter\CodeIgniter->startController()
 6 SYSTEMPATH\CodeIgniter.php(368): CodeIgniter\CodeIgniter->handleRequest(null, Object(Config\Cache), false)
 7 FCPATH\index.php(67): CodeIgniter\CodeIgniter->run()
CRITICAL - 2023-09-11 11:18:38 --> Trying to access array offset on value of type null
in APPPATH\Controllers\Api.php on line 155.
 1 APPPATH\Controllers\Api.php(155): CodeIgniter\Debug\Exceptions->errorHandler(2, 'Trying to access array offset on value of type null', 'APPPATH\\Controllers\\Api.php', 155)
 2 SYSTEMPATH\CodeIgniter.php(934): App\Controllers\Api->push_post()
 3 SYSTEMPATH\CodeIgniter.php(499): CodeIgniter\CodeIgniter->runController(Object(App\Controllers\Api))
 4 SYSTEMPATH\CodeIgniter.php(368): CodeIgniter\CodeIgniter->handleRequest(null, Object(Config\Cache), false)
 5 FCPATH\index.php(67): CodeIgniter\CodeIgniter->run()
CRITICAL - 2023-09-11 11:20:05 --> Trying to access array offset on value of type null
in APPPATH\Controllers\Api.php on line 155.
 1 APPPATH\Controllers\Api.php(155): CodeIgniter\Debug\Exceptions->errorHandler(2, 'Trying to access array offset on value of type null', 'APPPATH\\Controllers\\Api.php', 155)
 2 SYSTEMPATH\CodeIgniter.php(934): App\Controllers\Api->push_post()
 3 SYSTEMPATH\CodeIgniter.php(499): CodeIgniter\CodeIgniter->runController(Object(App\Controllers\Api))
 4 SYSTEMPATH\CodeIgniter.php(368): CodeIgniter\CodeIgniter->handleRequest(null, Object(Config\Cache), false)
 5 FCPATH\index.php(67): CodeIgniter\CodeIgniter->run()
CRITICAL - 2023-09-11 11:20:09 --> Trying to access array offset on value of type null
in APPPATH\Controllers\Api.php on line 155.
 1 APPPATH\Controllers\Api.php(155): CodeIgniter\Debug\Exceptions->errorHandler(2, 'Trying to access array offset on value of type null', 'APPPATH\\Controllers\\Api.php', 155)
 2 SYSTEMPATH\CodeIgniter.php(934): App\Controllers\Api->push_post()
 3 SYSTEMPATH\CodeIgniter.php(499): CodeIgniter\CodeIgniter->runController(Object(App\Controllers\Api))
 4 SYSTEMPATH\CodeIgniter.php(368): CodeIgniter\CodeIgniter->handleRequest(null, Object(Config\Cache), false)
 5 FCPATH\index.php(67): CodeIgniter\CodeIgniter->run()
CRITICAL - 2023-09-11 11:20:15 --> Trying to access array offset on value of type null
in APPPATH\Controllers\Api.php on line 228.
 1 APPPATH\Controllers\Api.php(228): CodeIgniter\Debug\Exceptions->errorHandler(2, 'Trying to access array offset on value of type null', 'APPPATH\\Controllers\\Api.php', 228)
 2 SYSTEMPATH\CodeIgniter.php(934): App\Controllers\Api->delete_post()
 3 SYSTEMPATH\CodeIgniter.php(499): CodeIgniter\CodeIgniter->runController(Object(App\Controllers\Api))
 4 SYSTEMPATH\CodeIgniter.php(368): CodeIgniter\CodeIgniter->handleRequest(null, Object(Config\Cache), false)
 5 FCPATH\index.php(67): CodeIgniter\CodeIgniter->run()
CRITICAL - 2023-09-11 11:20:17 --> Trying to access array offset on value of type null
in APPPATH\Controllers\Api.php on line 155.
 1 APPPATH\Controllers\Api.php(155): CodeIgniter\Debug\Exceptions->errorHandler(2, 'Trying to access array offset on value of type null', 'APPPATH\\Controllers\\Api.php', 155)
 2 SYSTEMPATH\CodeIgniter.php(934): App\Controllers\Api->push_post()
 3 SYSTEMPATH\CodeIgniter.php(499): CodeIgniter\CodeIgniter->runController(Object(App\Controllers\Api))
 4 SYSTEMPATH\CodeIgniter.php(368): CodeIgniter\CodeIgniter->handleRequest(null, Object(Config\Cache), false)
 5 FCPATH\index.php(67): CodeIgniter\CodeIgniter->run()
CRITICAL - 2023-09-11 11:20:23 --> Trying to access array offset on value of type null
in APPPATH\Controllers\Api.php on line 228.
 1 APPPATH\Controllers\Api.php(228): CodeIgniter\Debug\Exceptions->errorHandler(2, 'Trying to access array offset on value of type null', 'APPPATH\\Controllers\\Api.php', 228)
 2 SYSTEMPATH\CodeIgniter.php(934): App\Controllers\Api->delete_post()
 3 SYSTEMPATH\CodeIgniter.php(499): CodeIgniter\CodeIgniter->runController(Object(App\Controllers\Api))
 4 SYSTEMPATH\CodeIgniter.php(368): CodeIgniter\CodeIgniter->handleRequest(null, Object(Config\Cache), false)
 5 FCPATH\index.php(67): CodeIgniter\CodeIgniter->run()
CRITICAL - 2023-09-11 11:20:28 --> Trying to access array offset on value of type null
in APPPATH\Controllers\Api.php on line 155.
 1 APPPATH\Controllers\Api.php(155): CodeIgniter\Debug\Exceptions->errorHandler(2, 'Trying to access array offset on value of type null', 'APPPATH\\Controllers\\Api.php', 155)
 2 SYSTEMPATH\CodeIgniter.php(934): App\Controllers\Api->push_post()
 3 SYSTEMPATH\CodeIgniter.php(499): CodeIgniter\CodeIgniter->runController(Object(App\Controllers\Api))
 4 SYSTEMPATH\CodeIgniter.php(368): CodeIgniter\CodeIgniter->handleRequest(null, Object(Config\Cache), false)
 5 FCPATH\index.php(67): CodeIgniter\CodeIgniter->run()
CRITICAL - 2023-09-11 11:22:51 --> Trying to access array offset on value of type null
in APPPATH\Controllers\Api.php on line 155.
 1 APPPATH\Controllers\Api.php(155): CodeIgniter\Debug\Exceptions->errorHandler(2, 'Trying to access array offset on value of type null', 'APPPATH\\Controllers\\Api.php', 155)
 2 SYSTEMPATH\CodeIgniter.php(934): App\Controllers\Api->push_post()
 3 SYSTEMPATH\CodeIgniter.php(499): CodeIgniter\CodeIgniter->runController(Object(App\Controllers\Api))
 4 SYSTEMPATH\CodeIgniter.php(368): CodeIgniter\CodeIgniter->handleRequest(null, Object(Config\Cache), false)
 5 FCPATH\index.php(67): CodeIgniter\CodeIgniter->run()
CRITICAL - 2023-09-11 11:25:03 --> Trying to access array offset on value of type null
in APPPATH\Controllers\Api.php on line 155.
 1 APPPATH\Controllers\Api.php(155): CodeIgniter\Debug\Exceptions->errorHandler(2, 'Trying to access array offset on value of type null', 'APPPATH\\Controllers\\Api.php', 155)
 2 SYSTEMPATH\CodeIgniter.php(934): App\Controllers\Api->push_post()
 3 SYSTEMPATH\CodeIgniter.php(499): CodeIgniter\CodeIgniter->runController(Object(App\Controllers\Api))
 4 SYSTEMPATH\CodeIgniter.php(368): CodeIgniter\CodeIgniter->handleRequest(null, Object(Config\Cache), false)
 5 FCPATH\index.php(67): CodeIgniter\CodeIgniter->run()
CRITICAL - 2023-09-11 11:25:09 --> Trying to access array offset on value of type null
in APPPATH\Controllers\Api.php on line 155.
 1 APPPATH\Controllers\Api.php(155): CodeIgniter\Debug\Exceptions->errorHandler(2, 'Trying to access array offset on value of type null', 'APPPATH\\Controllers\\Api.php', 155)
 2 SYSTEMPATH\CodeIgniter.php(934): App\Controllers\Api->push_post()
 3 SYSTEMPATH\CodeIgniter.php(499): CodeIgniter\CodeIgniter->runController(Object(App\Controllers\Api))
 4 SYSTEMPATH\CodeIgniter.php(368): CodeIgniter\CodeIgniter->handleRequest(null, Object(Config\Cache), false)
 5 FCPATH\index.php(67): CodeIgniter\CodeIgniter->run()
CRITICAL - 2023-09-11 11:25:12 --> Trying to access array offset on value of type null
in APPPATH\Controllers\Api.php on line 228.
 1 APPPATH\Controllers\Api.php(228): CodeIgniter\Debug\Exceptions->errorHandler(2, 'Trying to access array offset on value of type null', 'APPPATH\\Controllers\\Api.php', 228)
 2 SYSTEMPATH\CodeIgniter.php(934): App\Controllers\Api->delete_post()
 3 SYSTEMPATH\CodeIgniter.php(499): CodeIgniter\CodeIgniter->runController(Object(App\Controllers\Api))
 4 SYSTEMPATH\CodeIgniter.php(368): CodeIgniter\CodeIgniter->handleRequest(null, Object(Config\Cache), false)
 5 FCPATH\index.php(67): CodeIgniter\CodeIgniter->run()
CRITICAL - 2023-09-11 11:25:36 --> Trying to access array offset on value of type null
in APPPATH\Controllers\Api.php on line 155.
 1 APPPATH\Controllers\Api.php(155): CodeIgniter\Debug\Exceptions->errorHandler(2, 'Trying to access array offset on value of type null', 'APPPATH\\Controllers\\Api.php', 155)
 2 SYSTEMPATH\CodeIgniter.php(934): App\Controllers\Api->push_post()
 3 SYSTEMPATH\CodeIgniter.php(499): CodeIgniter\CodeIgniter->runController(Object(App\Controllers\Api))
 4 SYSTEMPATH\CodeIgniter.php(368): CodeIgniter\CodeIgniter->handleRequest(null, Object(Config\Cache), false)
 5 FCPATH\index.php(67): CodeIgniter\CodeIgniter->run()
CRITICAL - 2023-09-11 11:25:41 --> Trying to access array offset on value of type null
in APPPATH\Controllers\Api.php on line 155.
 1 APPPATH\Controllers\Api.php(155): CodeIgniter\Debug\Exceptions->errorHandler(2, 'Trying to access array offset on value of type null', 'APPPATH\\Controllers\\Api.php', 155)
 2 SYSTEMPATH\CodeIgniter.php(934): App\Controllers\Api->push_post()
 3 SYSTEMPATH\CodeIgniter.php(499): CodeIgniter\CodeIgniter->runController(Object(App\Controllers\Api))
 4 SYSTEMPATH\CodeIgniter.php(368): CodeIgniter\CodeIgniter->handleRequest(null, Object(Config\Cache), false)
 5 FCPATH\index.php(67): CodeIgniter\CodeIgniter->run()
CRITICAL - 2023-09-11 11:25:41 --> Trying to access array offset on value of type null
in APPPATH\Controllers\Api.php on line 155.
 1 APPPATH\Controllers\Api.php(155): CodeIgniter\Debug\Exceptions->errorHandler(2, 'Trying to access array offset on value of type null', 'APPPATH\\Controllers\\Api.php', 155)
 2 SYSTEMPATH\CodeIgniter.php(934): App\Controllers\Api->push_post()
 3 SYSTEMPATH\CodeIgniter.php(499): CodeIgniter\CodeIgniter->runController(Object(App\Controllers\Api))
 4 SYSTEMPATH\CodeIgniter.php(368): CodeIgniter\CodeIgniter->handleRequest(null, Object(Config\Cache), false)
 5 FCPATH\index.php(67): CodeIgniter\CodeIgniter->run()
CRITICAL - 2023-09-11 11:25:51 --> Trying to access array offset on value of type null
in APPPATH\Controllers\Api.php on line 228.
 1 APPPATH\Controllers\Api.php(228): CodeIgniter\Debug\Exceptions->errorHandler(2, 'Trying to access array offset on value of type null', 'APPPATH\\Controllers\\Api.php', 228)
 2 SYSTEMPATH\CodeIgniter.php(934): App\Controllers\Api->delete_post()
 3 SYSTEMPATH\CodeIgniter.php(499): CodeIgniter\CodeIgniter->runController(Object(App\Controllers\Api))
 4 SYSTEMPATH\CodeIgniter.php(368): CodeIgniter\CodeIgniter->handleRequest(null, Object(Config\Cache), false)
 5 FCPATH\index.php(67): CodeIgniter\CodeIgniter->run()
CRITICAL - 2023-09-11 11:25:52 --> Trying to access array offset on value of type null
in APPPATH\Controllers\Api.php on line 155.
 1 APPPATH\Controllers\Api.php(155): CodeIgniter\Debug\Exceptions->errorHandler(2, 'Trying to access array offset on value of type null', 'APPPATH\\Controllers\\Api.php', 155)
 2 SYSTEMPATH\CodeIgniter.php(934): App\Controllers\Api->push_post()
 3 SYSTEMPATH\CodeIgniter.php(499): CodeIgniter\CodeIgniter->runController(Object(App\Controllers\Api))
 4 SYSTEMPATH\CodeIgniter.php(368): CodeIgniter\CodeIgniter->handleRequest(null, Object(Config\Cache), false)
 5 FCPATH\index.php(67): CodeIgniter\CodeIgniter->run()
CRITICAL - 2023-09-11 11:26:09 --> Trying to access array offset on value of type null
in APPPATH\Controllers\Api.php on line 155.
 1 APPPATH\Controllers\Api.php(155): CodeIgniter\Debug\Exceptions->errorHandler(2, 'Trying to access array offset on value of type null', 'APPPATH\\Controllers\\Api.php', 155)
 2 SYSTEMPATH\CodeIgniter.php(934): App\Controllers\Api->push_post()
 3 SYSTEMPATH\CodeIgniter.php(499): CodeIgniter\CodeIgniter->runController(Object(App\Controllers\Api))
 4 SYSTEMPATH\CodeIgniter.php(368): CodeIgniter\CodeIgniter->handleRequest(null, Object(Config\Cache), false)
 5 FCPATH\index.php(67): CodeIgniter\CodeIgniter->run()
CRITICAL - 2023-09-11 11:26:54 --> Trying to access array offset on value of type null
in APPPATH\Controllers\Api.php on line 155.
 1 APPPATH\Controllers\Api.php(155): CodeIgniter\Debug\Exceptions->errorHandler(2, 'Trying to access array offset on value of type null', 'APPPATH\\Controllers\\Api.php', 155)
 2 SYSTEMPATH\CodeIgniter.php(934): App\Controllers\Api->push_post()
 3 SYSTEMPATH\CodeIgniter.php(499): CodeIgniter\CodeIgniter->runController(Object(App\Controllers\Api))
 4 SYSTEMPATH\CodeIgniter.php(368): CodeIgniter\CodeIgniter->handleRequest(null, Object(Config\Cache), false)
 5 FCPATH\index.php(67): CodeIgniter\CodeIgniter->run()
CRITICAL - 2023-09-11 11:26:56 --> Trying to access array offset on value of type null
in APPPATH\Controllers\Api.php on line 155.
 1 APPPATH\Controllers\Api.php(155): CodeIgniter\Debug\Exceptions->errorHandler(2, 'Trying to access array offset on value of type null', 'APPPATH\\Controllers\\Api.php', 155)
 2 SYSTEMPATH\CodeIgniter.php(934): App\Controllers\Api->push_post()
 3 SYSTEMPATH\CodeIgniter.php(499): CodeIgniter\CodeIgniter->runController(Object(App\Controllers\Api))
 4 SYSTEMPATH\CodeIgniter.php(368): CodeIgniter\CodeIgniter->handleRequest(null, Object(Config\Cache), false)
 5 FCPATH\index.php(67): CodeIgniter\CodeIgniter->run()
CRITICAL - 2023-09-11 11:27:07 --> Trying to access array offset on value of type null
in APPPATH\Controllers\Api.php on line 155.
 1 APPPATH\Controllers\Api.php(155): CodeIgniter\Debug\Exceptions->errorHandler(2, 'Trying to access array offset on value of type null', 'APPPATH\\Controllers\\Api.php', 155)
 2 SYSTEMPATH\CodeIgniter.php(934): App\Controllers\Api->push_post()
 3 SYSTEMPATH\CodeIgniter.php(499): CodeIgniter\CodeIgniter->runController(Object(App\Controllers\Api))
 4 SYSTEMPATH\CodeIgniter.php(368): CodeIgniter\CodeIgniter->handleRequest(null, Object(Config\Cache), false)
 5 FCPATH\index.php(67): CodeIgniter\CodeIgniter->run()
CRITICAL - 2023-09-11 11:27:21 --> Trying to access array offset on value of type null
in APPPATH\Controllers\Api.php on line 155.
 1 APPPATH\Controllers\Api.php(155): CodeIgniter\Debug\Exceptions->errorHandler(2, 'Trying to access array offset on value of type null', 'APPPATH\\Controllers\\Api.php', 155)
 2 SYSTEMPATH\CodeIgniter.php(934): App\Controllers\Api->push_post()
 3 SYSTEMPATH\CodeIgniter.php(499): CodeIgniter\CodeIgniter->runController(Object(App\Controllers\Api))
 4 SYSTEMPATH\CodeIgniter.php(368): CodeIgniter\CodeIgniter->handleRequest(null, Object(Config\Cache), false)
 5 FCPATH\index.php(67): CodeIgniter\CodeIgniter->run()
CRITICAL - 2023-09-11 11:27:28 --> Trying to access array offset on value of type null
in APPPATH\Controllers\Api.php on line 155.
 1 APPPATH\Controllers\Api.php(155): CodeIgniter\Debug\Exceptions->errorHandler(2, 'Trying to access array offset on value of type null', 'APPPATH\\Controllers\\Api.php', 155)
 2 SYSTEMPATH\CodeIgniter.php(934): App\Controllers\Api->push_post()
 3 SYSTEMPATH\CodeIgniter.php(499): CodeIgniter\CodeIgniter->runController(Object(App\Controllers\Api))
 4 SYSTEMPATH\CodeIgniter.php(368): CodeIgniter\CodeIgniter->handleRequest(null, Object(Config\Cache), false)
 5 FCPATH\index.php(67): CodeIgniter\CodeIgniter->run()
CRITICAL - 2023-09-11 11:39:05 --> Undefined variable $table_model
in APPPATH\Controllers\Api.php on line 138.
 1 APPPATH\Controllers\Api.php(138): CodeIgniter\Debug\Exceptions->errorHandler(2, 'Undefined variable $table_model', 'APPPATH\\Controllers\\Api.php', 138)
 2 SYSTEMPATH\CodeIgniter.php(934): App\Controllers\Api->push_post()
 3 SYSTEMPATH\CodeIgniter.php(499): CodeIgniter\CodeIgniter->runController(Object(App\Controllers\Api))
 4 SYSTEMPATH\CodeIgniter.php(368): CodeIgniter\CodeIgniter->handleRequest(null, Object(Config\Cache), false)
 5 FCPATH\index.php(67): CodeIgniter\CodeIgniter->run()
