CRITICAL - 2023-03-21 03:14:17 --> Undefined variable $payroll_data
in APPPATH\Views\payroll\settings.php on line 19.
 1 APPPATH\Views\payroll\settings.php(19): CodeIgniter\Debug\Exceptions->errorHandler(2, 'Undefined variable $payroll_data', 'APPPATH\\Views\\payroll\\settings.php', 19)
 2 SYSTEMPATH\View\View.php(213): include('APPPATH\\Views\\payroll\\settings.php')
 3 SYSTEMPATH\View\View.php(216): CodeIgniter\View\View->CodeIgniter\View\{closure}()
 4 SYSTEMPATH\Common.php(1184): CodeIgniter\View\View->render('payroll/settings', [], true)
 5 APPPATH\Controllers\Payroll.php(537): view('payroll/settings')
 6 SYSTEMPATH\CodeIgniter.php(934): App\Controllers\Payroll->settings()
 7 SYSTEMPATH\CodeIgniter.php(499): CodeIgniter\CodeIgniter->runController(Object(App\Controllers\Payroll))
 8 SYSTEMPATH\CodeIgniter.php(368): CodeIgniter\CodeIgniter->handleRequest(null, Object(Config\Cache), false)
 9 FCPATH\index.php(67): CodeIgniter\CodeIgniter->run()
CRITICAL - 2023-03-21 03:14:40 --> Undefined variable $pay_rolls
in APPPATH\Views\payroll\settings.php on line 125.
 1 APPPATH\Views\payroll\settings.php(125): CodeIgniter\Debug\Exceptions->errorHandler(2, 'Undefined variable $pay_rolls', 'APPPATH\\Views\\payroll\\settings.php', 125)
 2 SYSTEMPATH\View\View.php(213): include('APPPATH\\Views\\payroll\\settings.php')
 3 SYSTEMPATH\View\View.php(216): CodeIgniter\View\View->CodeIgniter\View\{closure}()
 4 SYSTEMPATH\Common.php(1184): CodeIgniter\View\View->render('payroll/settings', [], true)
 5 APPPATH\Controllers\Payroll.php(537): view('payroll/settings')
 6 SYSTEMPATH\CodeIgniter.php(934): App\Controllers\Payroll->settings()
 7 SYSTEMPATH\CodeIgniter.php(499): CodeIgniter\CodeIgniter->runController(Object(App\Controllers\Payroll))
 8 SYSTEMPATH\CodeIgniter.php(368): CodeIgniter\CodeIgniter->handleRequest(null, Object(Config\Cache), false)
 9 FCPATH\index.php(67): CodeIgniter\CodeIgniter->run()
CRITICAL - 2023-03-21 03:15:58 --> Undefined variable $pay_rolls
in APPPATH\Views\payroll\settings.php on line 129.
 1 APPPATH\Views\payroll\settings.php(129): CodeIgniter\Debug\Exceptions->errorHandler(2, 'Undefined variable $pay_rolls', 'APPPATH\\Views\\payroll\\settings.php', 129)
 2 SYSTEMPATH\View\View.php(213): include('APPPATH\\Views\\payroll\\settings.php')
 3 SYSTEMPATH\View\View.php(216): CodeIgniter\View\View->CodeIgniter\View\{closure}()
 4 SYSTEMPATH\Common.php(1184): CodeIgniter\View\View->render('payroll/settings', [], true)
 5 APPPATH\Controllers\Payroll.php(537): view('payroll/settings')
 6 SYSTEMPATH\CodeIgniter.php(934): App\Controllers\Payroll->settings()
 7 SYSTEMPATH\CodeIgniter.php(499): CodeIgniter\CodeIgniter->runController(Object(App\Controllers\Payroll))
 8 SYSTEMPATH\CodeIgniter.php(368): CodeIgniter\CodeIgniter->handleRequest(null, Object(Config\Cache), false)
 9 FCPATH\index.php(67): CodeIgniter\CodeIgniter->run()
CRITICAL - 2023-03-21 03:19:23 --> syntax error, unexpected token "endforeach"
in APPPATH\Views\payroll\settings.php on line 244.
 1 SYSTEMPATH\View\View.php(216): CodeIgniter\View\View->CodeIgniter\View\{closure}()
 2 SYSTEMPATH\Common.php(1184): CodeIgniter\View\View->render('payroll/settings', [], true)
 3 APPPATH\Controllers\Payroll.php(537): view('payroll/settings')
 4 SYSTEMPATH\CodeIgniter.php(934): App\Controllers\Payroll->settings()
 5 SYSTEMPATH\CodeIgniter.php(499): CodeIgniter\CodeIgniter->runController(Object(App\Controllers\Payroll))
 6 SYSTEMPATH\CodeIgniter.php(368): CodeIgniter\CodeIgniter->handleRequest(null, Object(Config\Cache), false)
 7 FCPATH\index.php(67): CodeIgniter\CodeIgniter->run()
CRITICAL - 2023-03-21 03:38:41 --> Undefined variable $pmt
in APPPATH\Views\payroll\view_payroll_slip.php on line 16.
 1 APPPATH\Views\payroll\view_payroll_slip.php(16): CodeIgniter\Debug\Exceptions->errorHandler(2, 'Undefined variable $pmt', 'APPPATH\\Views\\payroll\\view_payroll_slip.php', 16)
 2 SYSTEMPATH\View\View.php(213): include('APPPATH\\Views\\payroll\\view_payroll_slip.php')
 3 SYSTEMPATH\View\View.php(216): CodeIgniter\View\View->CodeIgniter\View\{closure}()
 4 SYSTEMPATH\Common.php(1184): CodeIgniter\View\View->render('payroll/view_payroll_slip', [], true)
 5 APPPATH\Controllers\Payroll.php(359): view('payroll/view_payroll_slip')
 6 SYSTEMPATH\CodeIgniter.php(934): App\Controllers\Payroll->view_payroll_slip('5')
 7 SYSTEMPATH\CodeIgniter.php(499): CodeIgniter\CodeIgniter->runController(Object(App\Controllers\Payroll))
 8 SYSTEMPATH\CodeIgniter.php(368): CodeIgniter\CodeIgniter->handleRequest(null, Object(Config\Cache), false)
 9 FCPATH\index.php(67): CodeIgniter\CodeIgniter->run()
CRITICAL - 2023-03-21 03:46:53 --> Undefined variable $payroll_items
in APPPATH\Views\payroll\view_salary_slip.php on line 177.
 1 APPPATH\Views\payroll\view_salary_slip.php(177): CodeIgniter\Debug\Exceptions->errorHandler(2, 'Undefined variable $payroll_items', 'APPPATH\\Views\\payroll\\view_salary_slip.php', 177)
 2 SYSTEMPATH\View\View.php(213): include('APPPATH\\Views\\payroll\\view_salary_slip.php')
 3 SYSTEMPATH\View\View.php(216): CodeIgniter\View\View->CodeIgniter\View\{closure}()
 4 SYSTEMPATH\Common.php(1184): CodeIgniter\View\View->render('payroll/view_salary_slip', [], true)
 5 APPPATH\Controllers\Payroll.php(784): view('payroll/view_salary_slip', [...])
 6 SYSTEMPATH\CodeIgniter.php(934): App\Controllers\Payroll->view_salary_slip('49')
 7 SYSTEMPATH\CodeIgniter.php(499): CodeIgniter\CodeIgniter->runController(Object(App\Controllers\Payroll))
 8 SYSTEMPATH\CodeIgniter.php(368): CodeIgniter\CodeIgniter->handleRequest(null, Object(Config\Cache), false)
 9 FCPATH\index.php(67): CodeIgniter\CodeIgniter->run()
CRITICAL - 2023-03-21 04:05:31 --> Call to undefined function App\Controllers\is_organisation()
in APPPATH\Controllers\Messaging.php on line 24.
 1 SYSTEMPATH\CodeIgniter.php(934): App\Controllers\Messaging->index()
 2 SYSTEMPATH\CodeIgniter.php(499): CodeIgniter\CodeIgniter->runController(Object(App\Controllers\Messaging))
 3 SYSTEMPATH\CodeIgniter.php(368): CodeIgniter\CodeIgniter->handleRequest(null, Object(Config\Cache), false)
 4 FCPATH\index.php(67): CodeIgniter\CodeIgniter->run()
CRITICAL - 2023-03-21 04:06:15 --> Invalid file: "message/message.php"
in SYSTEMPATH\Exceptions\FrameworkException.php on line 33.
 1 SYSTEMPATH\View\View.php(201): CodeIgniter\Exceptions\FrameworkException::forInvalidFile('message/message.php')
 2 SYSTEMPATH\Common.php(1184): CodeIgniter\View\View->render('message/message', [], true)
 3 APPPATH\Controllers\Messaging.php(73): view('message/message')
 4 SYSTEMPATH\CodeIgniter.php(934): App\Controllers\Messaging->index()
 5 SYSTEMPATH\CodeIgniter.php(499): CodeIgniter\CodeIgniter->runController(Object(App\Controllers\Messaging))
 6 SYSTEMPATH\CodeIgniter.php(368): CodeIgniter\CodeIgniter->handleRequest(null, Object(Config\Cache), false)
 7 FCPATH\index.php(67): CodeIgniter\CodeIgniter->run()
CRITICAL - 2023-03-21 04:06:45 --> Call to undefined function total_days_of_attendance()
in APPPATH\Views\message\message.php on line 148.
 1 SYSTEMPATH\View\View.php(213): include()
 2 SYSTEMPATH\View\View.php(216): CodeIgniter\View\View->CodeIgniter\View\{closure}()
 3 SYSTEMPATH\Common.php(1184): CodeIgniter\View\View->render('message/message', [], true)
 4 APPPATH\Controllers\Messaging.php(73): view('message/message')
 5 SYSTEMPATH\CodeIgniter.php(934): App\Controllers\Messaging->index()
 6 SYSTEMPATH\CodeIgniter.php(499): CodeIgniter\CodeIgniter->runController(Object(App\Controllers\Messaging))
 7 SYSTEMPATH\CodeIgniter.php(368): CodeIgniter\CodeIgniter->handleRequest(null, Object(Config\Cache), false)
 8 FCPATH\index.php(67): CodeIgniter\CodeIgniter->run()
CRITICAL - 2023-03-21 04:07:52 --> Cannot redeclare classes_array() (previously declared in C:\xampp\htdocs\SpriteGenix_app\app\Helpers\school_helper.php:386)
in APPPATH\Helpers\school_helper.php on line 452.
 1 [internal function]: CodeIgniter\Debug\Exceptions->shutdownHandler()
CRITICAL - 2023-03-21 04:09:43 --> Cannot redeclare classes_array() (previously declared in C:\xampp\htdocs\SpriteGenix_app\app\Helpers\school_helper.php:385)
in APPPATH\Helpers\school_helper.php on line 451.
 1 [internal function]: CodeIgniter\Debug\Exceptions->shutdownHandler()
CRITICAL - 2023-03-21 04:10:05 --> Cannot redeclare get_student_data() (previously declared in C:\xampp\htdocs\SpriteGenix_app\app\Helpers\school_helper.php:369)
in APPPATH\Helpers\school_helper.php on line 452.
 1 [internal function]: CodeIgniter\Debug\Exceptions->shutdownHandler()
CRITICAL - 2023-03-21 04:10:17 --> Cannot redeclare school_code() (previously declared in C:\xampp\htdocs\SpriteGenix_app\app\Helpers\school_helper.php:356)
in APPPATH\Helpers\school_helper.php on line 453.
 1 [internal function]: CodeIgniter\Debug\Exceptions->shutdownHandler()
CRITICAL - 2023-03-21 04:10:27 --> Cannot redeclare location_code() (previously declared in C:\xampp\htdocs\SpriteGenix_app\app\Helpers\school_helper.php:362)
in APPPATH\Helpers\school_helper.php on line 454.
 1 [internal function]: CodeIgniter\Debug\Exceptions->shutdownHandler()
ERROR - 2023-03-21 04:10:33 --> mysqli_sql_exception: Unknown column 'class_id' in 'where clause' in C:\xampp\htdocs\SpriteGenix_app\system\Database\MySQLi\Connection.php:295
Stack trace:
#0 C:\xampp\htdocs\SpriteGenix_app\system\Database\MySQLi\Connection.php(295): mysqli->query('SELECT DISTINCT...', 0)
#1 C:\xampp\htdocs\SpriteGenix_app\system\Database\BaseConnection.php(691): CodeIgniter\Database\MySQLi\Connection->execute('SELECT DISTINCT...')
#2 C:\xampp\htdocs\SpriteGenix_app\system\Database\BaseConnection.php(605): CodeIgniter\Database\BaseConnection->simpleQuery('SELECT DISTINCT...')
#3 C:\xampp\htdocs\SpriteGenix_app\system\Database\BaseBuilder.php(1616): CodeIgniter\Database\BaseConnection->query('SELECT DISTINCT...', Array, false)
#4 C:\xampp\htdocs\SpriteGenix_app\system\Model.php(241): CodeIgniter\Database\BaseBuilder->get()
#5 C:\xampp\htdocs\SpriteGenix_app\system\BaseModel.php(618): CodeIgniter\Model->doFindAll(0, 0)
#6 C:\xampp\htdocs\SpriteGenix_app\app\Helpers\school_helper.php(457): CodeIgniter\BaseModel->findAll()
#7 C:\xampp\htdocs\SpriteGenix_app\app\Views\message\message.php(148): total_days_of_attendance('6', '2645', '1')
#8 C:\xampp\htdocs\SpriteGenix_app\system\View\View.php(213): include('C:\\xampp\\htdocs...')
#9 C:\xampp\htdocs\SpriteGenix_app\system\View\View.php(216): CodeIgniter\View\View->CodeIgniter\View\{closure}()
#10 C:\xampp\htdocs\SpriteGenix_app\system\Common.php(1184): CodeIgniter\View\View->render('message/message', Array, true)
#11 C:\xampp\htdocs\SpriteGenix_app\app\Controllers\Messaging.php(73): view('message/message')
#12 C:\xampp\htdocs\SpriteGenix_app\system\CodeIgniter.php(934): App\Controllers\Messaging->index()
#13 C:\xampp\htdocs\SpriteGenix_app\system\CodeIgniter.php(499): CodeIgniter\CodeIgniter->runController(Object(App\Controllers\Messaging))
#14 C:\xampp\htdocs\SpriteGenix_app\system\CodeIgniter.php(368): CodeIgniter\CodeIgniter->handleRequest(NULL, Object(Config\Cache), false)
#15 C:\xampp\htdocs\SpriteGenix_app\index.php(67): CodeIgniter\CodeIgniter->run()
#16 {main}
CRITICAL - 2023-03-21 04:10:33 --> Unknown column 'class_id' in 'where clause'
in SYSTEMPATH\Database\BaseConnection.php on line 645.
 1 SYSTEMPATH\Database\BaseBuilder.php(1616): CodeIgniter\Database\BaseConnection->query('SELECT DISTINCT `date`
FROM `attendances`
WHERE `class_id` = :class_id:
AND `student_id` = :student_id:
AND `company_id` = :company_id:', [...], false)
 2 SYSTEMPATH\Model.php(241): CodeIgniter\Database\BaseBuilder->get()
 3 SYSTEMPATH\BaseModel.php(618): CodeIgniter\Model->doFindAll(0, 0)
 4 APPPATH\Helpers\school_helper.php(457): CodeIgniter\BaseModel->findAll()
 5 APPPATH\Views\message\message.php(148): total_days_of_attendance('6', '2645', '1')
 6 SYSTEMPATH\View\View.php(213): include('APPPATH\\Views\\message\\message.php')
 7 SYSTEMPATH\View\View.php(216): CodeIgniter\View\View->CodeIgniter\View\{closure}()
 8 SYSTEMPATH\Common.php(1184): CodeIgniter\View\View->render('message/message', [], true)
 9 APPPATH\Controllers\Messaging.php(73): view('message/message')
10 SYSTEMPATH\CodeIgniter.php(934): App\Controllers\Messaging->index()
11 SYSTEMPATH\CodeIgniter.php(499): CodeIgniter\CodeIgniter->runController(Object(App\Controllers\Messaging))
12 SYSTEMPATH\CodeIgniter.php(368): CodeIgniter\CodeIgniter->handleRequest(null, Object(Config\Cache), false)
13 FCPATH\index.php(67): CodeIgniter\CodeIgniter->run()
CRITICAL - 2023-03-21 05:06:51 --> Call to undefined function App\Controllers\is_organisation()
in APPPATH\Controllers\Fees_and_payments.php on line 28.
 1 SYSTEMPATH\CodeIgniter.php(934): App\Controllers\Fees_and_payments->index()
 2 SYSTEMPATH\CodeIgniter.php(499): CodeIgniter\CodeIgniter->runController(Object(App\Controllers\Fees_and_payments))
 3 SYSTEMPATH\CodeIgniter.php(368): CodeIgniter\CodeIgniter->handleRequest(null, Object(Config\Cache), false)
 4 FCPATH\index.php(67): CodeIgniter\CodeIgniter->run()
CRITICAL - 2023-03-21 05:22:56 --> Invalid file: "menus.php"
in SYSTEMPATH\Exceptions\FrameworkException.php on line 33.
 1 SYSTEMPATH\View\View.php(201): CodeIgniter\Exceptions\FrameworkException::forInvalidFile('menus.php')
 2 SYSTEMPATH\Common.php(1184): CodeIgniter\View\View->render('menus', [], true)
 3 APPPATH\Controllers\Fees_and_payments.php(86): view('menus')
 4 SYSTEMPATH\CodeIgniter.php(934): App\Controllers\Fees_and_payments->index()
 5 SYSTEMPATH\CodeIgniter.php(499): CodeIgniter\CodeIgniter->runController(Object(App\Controllers\Fees_and_payments))
 6 SYSTEMPATH\CodeIgniter.php(368): CodeIgniter\CodeIgniter->handleRequest(null, Object(Config\Cache), false)
 7 FCPATH\index.php(67): CodeIgniter\CodeIgniter->run()
CRITICAL - 2023-03-21 05:23:42 --> Invalid file: "fees/fees_and_payments.php"
in SYSTEMPATH\Exceptions\FrameworkException.php on line 33.
 1 SYSTEMPATH\View\View.php(201): CodeIgniter\Exceptions\FrameworkException::forInvalidFile('fees/fees_and_payments.php')
 2 SYSTEMPATH\Common.php(1184): CodeIgniter\View\View->render('fees/fees_and_payments', [], true)
 3 APPPATH\Controllers\Fees_and_payments.php(76): view('fees/fees_and_payments')
 4 SYSTEMPATH\CodeIgniter.php(934): App\Controllers\Fees_and_payments->index()
 5 SYSTEMPATH\CodeIgniter.php(499): CodeIgniter\CodeIgniter->runController(Object(App\Controllers\Fees_and_payments))
 6 SYSTEMPATH\CodeIgniter.php(368): CodeIgniter\CodeIgniter->handleRequest(null, Object(Config\Cache), false)
 7 FCPATH\index.php(67): CodeIgniter\CodeIgniter->run()
CRITICAL - 2023-03-21 05:24:21 --> Call to undefined function products_default_array()
in APPPATH\Views\fees\fees_and_payments.php on line 93.
 1 SYSTEMPATH\View\View.php(213): include()
 2 SYSTEMPATH\View\View.php(216): CodeIgniter\View\View->CodeIgniter\View\{closure}()
 3 SYSTEMPATH\Common.php(1184): CodeIgniter\View\View->render('fees/fees_and_payments', [], true)
 4 APPPATH\Controllers\Fees_and_payments.php(76): view('fees/fees_and_payments')
 5 SYSTEMPATH\CodeIgniter.php(934): App\Controllers\Fees_and_payments->index()
 6 SYSTEMPATH\CodeIgniter.php(499): CodeIgniter\CodeIgniter->runController(Object(App\Controllers\Fees_and_payments))
 7 SYSTEMPATH\CodeIgniter.php(368): CodeIgniter\CodeIgniter->handleRequest(null, Object(Config\Cache), false)
 8 FCPATH\index.php(67): CodeIgniter\CodeIgniter->run()
CRITICAL - 2023-03-21 05:25:13 --> Class "ProductModel" not found
in APPPATH\Helpers\school_helper.php on line 48.
 1 APPPATH\Views\fees\fees_and_payments.php(93): products_default_array('1')
 2 SYSTEMPATH\View\View.php(213): include('APPPATH\\Views\\fees\\fees_and_payments.php')
 3 SYSTEMPATH\View\View.php(216): CodeIgniter\View\View->CodeIgniter\View\{closure}()
 4 SYSTEMPATH\Common.php(1184): CodeIgniter\View\View->render('fees/fees_and_payments', [], true)
 5 APPPATH\Controllers\Fees_and_payments.php(76): view('fees/fees_and_payments')
 6 SYSTEMPATH\CodeIgniter.php(934): App\Controllers\Fees_and_payments->index()
 7 SYSTEMPATH\CodeIgniter.php(499): CodeIgniter\CodeIgniter->runController(Object(App\Controllers\Fees_and_payments))
 8 SYSTEMPATH\CodeIgniter.php(368): CodeIgniter\CodeIgniter->handleRequest(null, Object(Config\Cache), false)
 9 FCPATH\index.php(67): CodeIgniter\CodeIgniter->run()
CRITICAL - 2023-03-21 05:25:23 --> Class "ProductsModel" not found
in APPPATH\Helpers\school_helper.php on line 48.
 1 APPPATH\Views\fees\fees_and_payments.php(93): products_default_array('1')
 2 SYSTEMPATH\View\View.php(213): include('APPPATH\\Views\\fees\\fees_and_payments.php')
 3 SYSTEMPATH\View\View.php(216): CodeIgniter\View\View->CodeIgniter\View\{closure}()
 4 SYSTEMPATH\Common.php(1184): CodeIgniter\View\View->render('fees/fees_and_payments', [], true)
 5 APPPATH\Controllers\Fees_and_payments.php(76): view('fees/fees_and_payments')
 6 SYSTEMPATH\CodeIgniter.php(934): App\Controllers\Fees_and_payments->index()
 7 SYSTEMPATH\CodeIgniter.php(499): CodeIgniter\CodeIgniter->runController(Object(App\Controllers\Fees_and_payments))
 8 SYSTEMPATH\CodeIgniter.php(368): CodeIgniter\CodeIgniter->handleRequest(null, Object(Config\Cache), false)
 9 FCPATH\index.php(67): CodeIgniter\CodeIgniter->run()
CRITICAL - 2023-03-21 06:42:52 --> Class "App\Models\ProductModel" not found
in APPPATH\Controllers\Fees_and_payments.php on line 1312.
 1 SYSTEMPATH\CodeIgniter.php(934): App\Controllers\Fees_and_payments->price_table()
 2 SYSTEMPATH\CodeIgniter.php(499): CodeIgniter\CodeIgniter->runController(Object(App\Controllers\Fees_and_payments))
 3 SYSTEMPATH\CodeIgniter.php(368): CodeIgniter\CodeIgniter->handleRequest(null, Object(Config\Cache), false)
 4 FCPATH\index.php(67): CodeIgniter\CodeIgniter->run()
CRITICAL - 2023-03-21 06:43:15 --> Call to undefined function App\Controllers\is_organisation()
in APPPATH\Controllers\Fees_and_payments.php on line 1316.
 1 SYSTEMPATH\CodeIgniter.php(934): App\Controllers\Fees_and_payments->price_table()
 2 SYSTEMPATH\CodeIgniter.php(499): CodeIgniter\CodeIgniter->runController(Object(App\Controllers\Fees_and_payments))
 3 SYSTEMPATH\CodeIgniter.php(368): CodeIgniter\CodeIgniter->handleRequest(null, Object(Config\Cache), false)
 4 FCPATH\index.php(67): CodeIgniter\CodeIgniter->run()
CRITICAL - 2023-03-21 06:43:58 --> Invalid file: "menus.php"
in SYSTEMPATH\Exceptions\FrameworkException.php on line 33.
 1 SYSTEMPATH\View\View.php(201): CodeIgniter\Exceptions\FrameworkException::forInvalidFile('menus.php')
 2 SYSTEMPATH\Common.php(1184): CodeIgniter\View\View->render('menus', [], true)
 3 APPPATH\Controllers\Fees_and_payments.php(1346): view('menus')
 4 SYSTEMPATH\CodeIgniter.php(934): App\Controllers\Fees_and_payments->price_table()
 5 SYSTEMPATH\CodeIgniter.php(499): CodeIgniter\CodeIgniter->runController(Object(App\Controllers\Fees_and_payments))
 6 SYSTEMPATH\CodeIgniter.php(368): CodeIgniter\CodeIgniter->handleRequest(null, Object(Config\Cache), false)
 7 FCPATH\index.php(67): CodeIgniter\CodeIgniter->run()
CRITICAL - 2023-03-21 06:47:38 --> Undefined variable $pager
in APPPATH\Views\fees\price_table.php on line 237.
 1 APPPATH\Views\fees\price_table.php(237): CodeIgniter\Debug\Exceptions->errorHandler(2, 'Undefined variable $pager', 'APPPATH\\Views\\fees\\price_table.php', 237)
 2 SYSTEMPATH\View\View.php(213): include('APPPATH\\Views\\fees\\price_table.php')
 3 SYSTEMPATH\View\View.php(216): CodeIgniter\View\View->CodeIgniter\View\{closure}()
 4 SYSTEMPATH\Common.php(1184): CodeIgniter\View\View->render('fees/price_table', [], true)
 5 APPPATH\Controllers\Fees_and_payments.php(1346): view('fees/price_table')
 6 SYSTEMPATH\CodeIgniter.php(934): App\Controllers\Fees_and_payments->price_table()
 7 SYSTEMPATH\CodeIgniter.php(499): CodeIgniter\CodeIgniter->runController(Object(App\Controllers\Fees_and_payments))
 8 SYSTEMPATH\CodeIgniter.php(368): CodeIgniter\CodeIgniter->handleRequest(null, Object(Config\Cache), false)
 9 FCPATH\index.php(67): CodeIgniter\CodeIgniter->run()
CRITICAL - 2023-03-21 06:57:55 --> Too few arguments to function now_time(), 0 passed in C:\xampp\htdocs\SpriteGenix_app\app\Controllers\Fees_and_payments.php on line 1429 and exactly 1 expected
in APPPATH\Helpers\apanel_helper.php on line 4183.
 1 APPPATH\Controllers\Fees_and_payments.php(1429): now_time()
 2 SYSTEMPATH\CodeIgniter.php(934): App\Controllers\Fees_and_payments->add_items()
 3 SYSTEMPATH\CodeIgniter.php(499): CodeIgniter\CodeIgniter->runController(Object(App\Controllers\Fees_and_payments))
 4 SYSTEMPATH\CodeIgniter.php(368): CodeIgniter\CodeIgniter->handleRequest(null, Object(Config\Cache), false)
 5 FCPATH\index.php(67): CodeIgniter\CodeIgniter->run()
CRITICAL - 2023-03-21 06:58:19 --> Call to undefined function get_analytics_item_price_data()
in APPPATH\Views\fees\price_table.php on line 167.
 1 SYSTEMPATH\View\View.php(213): include()
 2 SYSTEMPATH\View\View.php(216): CodeIgniter\View\View->CodeIgniter\View\{closure}()
 3 SYSTEMPATH\Common.php(1184): CodeIgniter\View\View->render('fees/price_table', [], true)
 4 APPPATH\Controllers\Fees_and_payments.php(1346): view('fees/price_table')
 5 SYSTEMPATH\CodeIgniter.php(934): App\Controllers\Fees_and_payments->price_table()
 6 SYSTEMPATH\CodeIgniter.php(499): CodeIgniter\CodeIgniter->runController(Object(App\Controllers\Fees_and_payments))
 7 SYSTEMPATH\CodeIgniter.php(368): CodeIgniter\CodeIgniter->handleRequest(null, Object(Config\Cache), false)
 8 FCPATH\index.php(67): CodeIgniter\CodeIgniter->run()
CRITICAL - 2023-03-21 06:58:57 --> Class "PricetableModel" not found
in APPPATH\Helpers\school_helper.php on line 56.
 1 APPPATH\Views\fees\price_table.php(167): get_analytics_item_price_data('1', '6', '41', '4', 'price')
 2 SYSTEMPATH\View\View.php(213): include('APPPATH\\Views\\fees\\price_table.php')
 3 SYSTEMPATH\View\View.php(216): CodeIgniter\View\View->CodeIgniter\View\{closure}()
 4 SYSTEMPATH\Common.php(1184): CodeIgniter\View\View->render('fees/price_table', [], true)
 5 APPPATH\Controllers\Fees_and_payments.php(1346): view('fees/price_table')
 6 SYSTEMPATH\CodeIgniter.php(934): App\Controllers\Fees_and_payments->price_table()
 7 SYSTEMPATH\CodeIgniter.php(499): CodeIgniter\CodeIgniter->runController(Object(App\Controllers\Fees_and_payments))
 8 SYSTEMPATH\CodeIgniter.php(368): CodeIgniter\CodeIgniter->handleRequest(null, Object(Config\Cache), false)
 9 FCPATH\index.php(67): CodeIgniter\CodeIgniter->run()
CRITICAL - 2023-03-21 07:28:55 --> Call to undefined function App\Controllers\is_organisation()
in APPPATH\Controllers\Fees_and_payments.php on line 1369.
 1 SYSTEMPATH\CodeIgniter.php(934): App\Controllers\Fees_and_payments->price_table_transport()
 2 SYSTEMPATH\CodeIgniter.php(499): CodeIgniter\CodeIgniter->runController(Object(App\Controllers\Fees_and_payments))
 3 SYSTEMPATH\CodeIgniter.php(368): CodeIgniter\CodeIgniter->handleRequest(null, Object(Config\Cache), false)
 4 FCPATH\index.php(67): CodeIgniter\CodeIgniter->run()
CRITICAL - 2023-03-21 07:29:46 --> Invalid file: "menus.php"
in SYSTEMPATH\Exceptions\FrameworkException.php on line 33.
 1 SYSTEMPATH\View\View.php(201): CodeIgniter\Exceptions\FrameworkException::forInvalidFile('menus.php')
 2 SYSTEMPATH\Common.php(1184): CodeIgniter\View\View->render('menus', [], true)
 3 APPPATH\Controllers\Fees_and_payments.php(1399): view('menus')
 4 SYSTEMPATH\CodeIgniter.php(934): App\Controllers\Fees_and_payments->price_table_transport()
 5 SYSTEMPATH\CodeIgniter.php(499): CodeIgniter\CodeIgniter->runController(Object(App\Controllers\Fees_and_payments))
 6 SYSTEMPATH\CodeIgniter.php(368): CodeIgniter\CodeIgniter->handleRequest(null, Object(Config\Cache), false)
 7 FCPATH\index.php(67): CodeIgniter\CodeIgniter->run()
CRITICAL - 2023-03-21 07:29:57 --> Call to undefined function vehicles_array()
in APPPATH\Views\fees\price_table_transport.php on line 101.
 1 SYSTEMPATH\View\View.php(213): include()
 2 SYSTEMPATH\View\View.php(216): CodeIgniter\View\View->CodeIgniter\View\{closure}()
 3 SYSTEMPATH\Common.php(1184): CodeIgniter\View\View->render('fees/price_table_transport', [], true)
 4 APPPATH\Controllers\Fees_and_payments.php(1400): view('fees/price_table_transport')
 5 SYSTEMPATH\CodeIgniter.php(934): App\Controllers\Fees_and_payments->price_table_transport()
 6 SYSTEMPATH\CodeIgniter.php(499): CodeIgniter\CodeIgniter->runController(Object(App\Controllers\Fees_and_payments))
 7 SYSTEMPATH\CodeIgniter.php(368): CodeIgniter\CodeIgniter->handleRequest(null, Object(Config\Cache), false)
 8 FCPATH\index.php(67): CodeIgniter\CodeIgniter->run()
CRITICAL - 2023-03-21 08:17:19 --> Class "VehicleModel" not found
in APPPATH\Helpers\school_helper.php on line 51.
 1 APPPATH\Views\fees\price_table_transport.php(101): vehicles_array('1')
 2 SYSTEMPATH\View\View.php(213): include('APPPATH\\Views\\fees\\price_table_transport.php')
 3 SYSTEMPATH\View\View.php(216): CodeIgniter\View\View->CodeIgniter\View\{closure}()
 4 SYSTEMPATH\Common.php(1184): CodeIgniter\View\View->render('fees/price_table_transport', [], true)
 5 APPPATH\Controllers\Fees_and_payments.php(1400): view('fees/price_table_transport')
 6 SYSTEMPATH\CodeIgniter.php(934): App\Controllers\Fees_and_payments->price_table_transport()
 7 SYSTEMPATH\CodeIgniter.php(499): CodeIgniter\CodeIgniter->runController(Object(App\Controllers\Fees_and_payments))
 8 SYSTEMPATH\CodeIgniter.php(368): CodeIgniter\CodeIgniter->handleRequest(null, Object(Config\Cache), false)
 9 FCPATH\index.php(67): CodeIgniter\CodeIgniter->run()
CRITICAL - 2023-03-21 08:27:33 --> Too few arguments to function now_time(), 0 passed in C:\xampp\htdocs\SpriteGenix_app\app\Controllers\Fees_and_payments.php on line 1458 and exactly 1 expected
in APPPATH\Helpers\apanel_helper.php on line 4183.
 1 APPPATH\Controllers\Fees_and_payments.php(1458): now_time()
 2 SYSTEMPATH\CodeIgniter.php(934): App\Controllers\Fees_and_payments->add_transport_items()
 3 SYSTEMPATH\CodeIgniter.php(499): CodeIgniter\CodeIgniter->runController(Object(App\Controllers\Fees_and_payments))
 4 SYSTEMPATH\CodeIgniter.php(368): CodeIgniter\CodeIgniter->handleRequest(null, Object(Config\Cache), false)
 5 FCPATH\index.php(67): CodeIgniter\CodeIgniter->run()
CRITICAL - 2023-03-21 08:27:52 --> Call to undefined function get_vehicle_data()
in APPPATH\Views\fees\price_table_transport.php on line 109.
 1 SYSTEMPATH\View\View.php(213): include()
 2 SYSTEMPATH\View\View.php(216): CodeIgniter\View\View->CodeIgniter\View\{closure}()
 3 SYSTEMPATH\Common.php(1184): CodeIgniter\View\View->render('fees/price_table_transport', [], true)
 4 APPPATH\Controllers\Fees_and_payments.php(1400): view('fees/price_table_transport')
 5 SYSTEMPATH\CodeIgniter.php(934): App\Controllers\Fees_and_payments->price_table_transport()
 6 SYSTEMPATH\CodeIgniter.php(499): CodeIgniter\CodeIgniter->runController(Object(App\Controllers\Fees_and_payments))
 7 SYSTEMPATH\CodeIgniter.php(368): CodeIgniter\CodeIgniter->handleRequest(null, Object(Config\Cache), false)
 8 FCPATH\index.php(67): CodeIgniter\CodeIgniter->run()
CRITICAL - 2023-03-21 09:31:26 --> Too few arguments to function now_time(), 0 passed in C:\xampp\htdocs\SpriteGenix_app\app\Controllers\Fees_and_payments.php on line 1138 and exactly 1 expected
in APPPATH\Helpers\apanel_helper.php on line 4183.
 1 APPPATH\Controllers\Fees_and_payments.php(1138): now_time()
 2 SYSTEMPATH\CodeIgniter.php(934): App\Controllers\Fees_and_payments->add_fees_type()
 3 SYSTEMPATH\CodeIgniter.php(499): CodeIgniter\CodeIgniter->runController(Object(App\Controllers\Fees_and_payments))
 4 SYSTEMPATH\CodeIgniter.php(368): CodeIgniter\CodeIgniter->handleRequest(null, Object(Config\Cache), false)
 5 FCPATH\index.php(67): CodeIgniter\CodeIgniter->run()
CRITICAL - 2023-03-21 09:35:42 --> Call to undefined function no_of_challans()
in APPPATH\Views\fees\fees_and_payments.php on line 223.
 1 SYSTEMPATH\View\View.php(213): include()
 2 SYSTEMPATH\View\View.php(216): CodeIgniter\View\View->CodeIgniter\View\{closure}()
 3 SYSTEMPATH\Common.php(1184): CodeIgniter\View\View->render('fees/fees_and_payments', [], true)
 4 APPPATH\Controllers\Fees_and_payments.php(76): view('fees/fees_and_payments')
 5 SYSTEMPATH\CodeIgniter.php(934): App\Controllers\Fees_and_payments->index()
 6 SYSTEMPATH\CodeIgniter.php(499): CodeIgniter\CodeIgniter->runController(Object(App\Controllers\Fees_and_payments))
 7 SYSTEMPATH\CodeIgniter.php(368): CodeIgniter\CodeIgniter->handleRequest(null, Object(Config\Cache), false)
 8 FCPATH\index.php(67): CodeIgniter\CodeIgniter->run()
CRITICAL - 2023-03-21 09:36:20 --> Class "InvoiceModel" not found
in APPPATH\Helpers\school_helper.php on line 483.
 1 APPPATH\Views\fees\fees_and_payments.php(223): no_of_challans('288', '2')
 2 SYSTEMPATH\View\View.php(213): include('APPPATH\\Views\\fees\\fees_and_payments.php')
 3 SYSTEMPATH\View\View.php(216): CodeIgniter\View\View->CodeIgniter\View\{closure}()
 4 SYSTEMPATH\Common.php(1184): CodeIgniter\View\View->render('fees/fees_and_payments', [], true)
 5 APPPATH\Controllers\Fees_and_payments.php(76): view('fees/fees_and_payments')
 6 SYSTEMPATH\CodeIgniter.php(934): App\Controllers\Fees_and_payments->index()
 7 SYSTEMPATH\CodeIgniter.php(499): CodeIgniter\CodeIgniter->runController(Object(App\Controllers\Fees_and_payments))
 8 SYSTEMPATH\CodeIgniter.php(368): CodeIgniter\CodeIgniter->handleRequest(null, Object(Config\Cache), false)
 9 FCPATH\index.php(67): CodeIgniter\CodeIgniter->run()
CRITICAL - 2023-03-21 09:38:30 --> Call to undefined function total_paid_amount_students()
in APPPATH\Views\fees\fees_and_payments.php on line 225.
 1 SYSTEMPATH\View\View.php(213): include()
 2 SYSTEMPATH\View\View.php(216): CodeIgniter\View\View->CodeIgniter\View\{closure}()
 3 SYSTEMPATH\Common.php(1184): CodeIgniter\View\View->render('fees/fees_and_payments', [], true)
 4 APPPATH\Controllers\Fees_and_payments.php(76): view('fees/fees_and_payments')
 5 SYSTEMPATH\CodeIgniter.php(934): App\Controllers\Fees_and_payments->index()
 6 SYSTEMPATH\CodeIgniter.php(499): CodeIgniter\CodeIgniter->runController(Object(App\Controllers\Fees_and_payments))
 7 SYSTEMPATH\CodeIgniter.php(368): CodeIgniter\CodeIgniter->handleRequest(null, Object(Config\Cache), false)
 8 FCPATH\index.php(67): CodeIgniter\CodeIgniter->run()
CRITICAL - 2023-03-21 09:41:03 --> Call to undefined function is_have_item()
in APPPATH\Views\fees\fees_and_payments.php on line 330.
 1 SYSTEMPATH\View\View.php(213): include()
 2 SYSTEMPATH\View\View.php(216): CodeIgniter\View\View->CodeIgniter\View\{closure}()
 3 SYSTEMPATH\Common.php(1184): CodeIgniter\View\View->render('fees/fees_and_payments', [], true)
 4 APPPATH\Controllers\Fees_and_payments.php(76): view('fees/fees_and_payments')
 5 SYSTEMPATH\CodeIgniter.php(934): App\Controllers\Fees_and_payments->index()
 6 SYSTEMPATH\CodeIgniter.php(499): CodeIgniter\CodeIgniter->runController(Object(App\Controllers\Fees_and_payments))
 7 SYSTEMPATH\CodeIgniter.php(368): CodeIgniter\CodeIgniter->handleRequest(null, Object(Config\Cache), false)
 8 FCPATH\index.php(67): CodeIgniter\CodeIgniter->run()
CRITICAL - 2023-03-21 09:41:22 --> Class "FeesitemsModal" not found
in APPPATH\Helpers\school_helper.php on line 522.
 1 APPPATH\Views\fees\fees_and_payments.php(330): is_have_item('288', '42')
 2 SYSTEMPATH\View\View.php(213): include('APPPATH\\Views\\fees\\fees_and_payments.php')
 3 SYSTEMPATH\View\View.php(216): CodeIgniter\View\View->CodeIgniter\View\{closure}()
 4 SYSTEMPATH\Common.php(1184): CodeIgniter\View\View->render('fees/fees_and_payments', [], true)
 5 APPPATH\Controllers\Fees_and_payments.php(76): view('fees/fees_and_payments')
 6 SYSTEMPATH\CodeIgniter.php(934): App\Controllers\Fees_and_payments->index()
 7 SYSTEMPATH\CodeIgniter.php(499): CodeIgniter\CodeIgniter->runController(Object(App\Controllers\Fees_and_payments))
 8 SYSTEMPATH\CodeIgniter.php(368): CodeIgniter\CodeIgniter->handleRequest(null, Object(Config\Cache), false)
 9 FCPATH\index.php(67): CodeIgniter\CodeIgniter->run()
CRITICAL - 2023-03-21 09:48:23 --> Call to undefined function App\Controllers\is_organisation()
in APPPATH\Controllers\Fees_and_payments.php on line 99.
 1 SYSTEMPATH\CodeIgniter.php(934): App\Controllers\Fees_and_payments->details('288')
 2 SYSTEMPATH\CodeIgniter.php(499): CodeIgniter\CodeIgniter->runController(Object(App\Controllers\Fees_and_payments))
 3 SYSTEMPATH\CodeIgniter.php(368): CodeIgniter\CodeIgniter->handleRequest(null, Object(Config\Cache), false)
 4 FCPATH\index.php(67): CodeIgniter\CodeIgniter->run()
CRITICAL - 2023-03-21 09:49:03 --> Call to undefined function transport_items()
in APPPATH\Views\fees\details.php on line 219.
 1 SYSTEMPATH\View\View.php(213): include()
 2 SYSTEMPATH\View\View.php(216): CodeIgniter\View\View->CodeIgniter\View\{closure}()
 3 SYSTEMPATH\Common.php(1184): CodeIgniter\View\View->render('fees/details', [], true)
 4 APPPATH\Controllers\Fees_and_payments.php(149): view('fees/details')
 5 SYSTEMPATH\CodeIgniter.php(934): App\Controllers\Fees_and_payments->details('288')
 6 SYSTEMPATH\CodeIgniter.php(499): CodeIgniter\CodeIgniter->runController(Object(App\Controllers\Fees_and_payments))
 7 SYSTEMPATH\CodeIgniter.php(368): CodeIgniter\CodeIgniter->handleRequest(null, Object(Config\Cache), false)
 8 FCPATH\index.php(67): CodeIgniter\CodeIgniter->run()
CRITICAL - 2023-03-21 09:49:24 --> Class "ProductModel" not found
in APPPATH\Helpers\school_helper.php on line 22.
 1 APPPATH\Views\fees\details.php(219): transport_items('1')
 2 SYSTEMPATH\View\View.php(213): include('APPPATH\\Views\\fees\\details.php')
 3 SYSTEMPATH\View\View.php(216): CodeIgniter\View\View->CodeIgniter\View\{closure}()
 4 SYSTEMPATH\Common.php(1184): CodeIgniter\View\View->render('fees/details', [], true)
 5 APPPATH\Controllers\Fees_and_payments.php(149): view('fees/details')
 6 SYSTEMPATH\CodeIgniter.php(934): App\Controllers\Fees_and_payments->details('288')
 7 SYSTEMPATH\CodeIgniter.php(499): CodeIgniter\CodeIgniter->runController(Object(App\Controllers\Fees_and_payments))
 8 SYSTEMPATH\CodeIgniter.php(368): CodeIgniter\CodeIgniter->handleRequest(null, Object(Config\Cache), false)
 9 FCPATH\index.php(67): CodeIgniter\CodeIgniter->run()
CRITICAL - 2023-03-21 09:49:45 --> Class "App\Models\ProductModel" not found
in APPPATH\Helpers\school_helper.php on line 23.
 1 APPPATH\Views\fees\details.php(219): transport_items('1')
 2 SYSTEMPATH\View\View.php(213): include('APPPATH\\Views\\fees\\details.php')
 3 SYSTEMPATH\View\View.php(216): CodeIgniter\View\View->CodeIgniter\View\{closure}()
 4 SYSTEMPATH\Common.php(1184): CodeIgniter\View\View->render('fees/details', [], true)
 5 APPPATH\Controllers\Fees_and_payments.php(149): view('fees/details')
 6 SYSTEMPATH\CodeIgniter.php(934): App\Controllers\Fees_and_payments->details('288')
 7 SYSTEMPATH\CodeIgniter.php(499): CodeIgniter\CodeIgniter->runController(Object(App\Controllers\Fees_and_payments))
 8 SYSTEMPATH\CodeIgniter.php(368): CodeIgniter\CodeIgniter->handleRequest(null, Object(Config\Cache), false)
 9 FCPATH\index.php(67): CodeIgniter\CodeIgniter->run()
CRITICAL - 2023-03-21 09:49:56 --> Cannot use App\Models\ProductsModel as ProductsModel because the name is already in use
in APPPATH\Helpers\school_helper.php on line 19.
 1 [internal function]: CodeIgniter\Debug\Exceptions->shutdownHandler()
CRITICAL - 2023-03-21 10:26:20 --> Undefined variable $fees_type
in APPPATH\Views\fees\details.php on line 219.
 1 APPPATH\Views\fees\details.php(219): CodeIgniter\Debug\Exceptions->errorHandler(2, 'Undefined variable $fees_type', 'APPPATH\\Views\\fees\\details.php', 219)
 2 SYSTEMPATH\View\View.php(213): include('APPPATH\\Views\\fees\\details.php')
 3 SYSTEMPATH\View\View.php(216): CodeIgniter\View\View->CodeIgniter\View\{closure}()
 4 SYSTEMPATH\Common.php(1184): CodeIgniter\View\View->render('fees/details', [], true)
 5 APPPATH\Controllers\Fees_and_payments.php(149): view('fees/details')
 6 SYSTEMPATH\CodeIgniter.php(934): App\Controllers\Fees_and_payments->details('290')
 7 SYSTEMPATH\CodeIgniter.php(499): CodeIgniter\CodeIgniter->runController(Object(App\Controllers\Fees_and_payments))
 8 SYSTEMPATH\CodeIgniter.php(368): CodeIgniter\CodeIgniter->handleRequest(null, Object(Config\Cache), false)
 9 FCPATH\index.php(67): CodeIgniter\CodeIgniter->run()
CRITICAL - 2023-03-21 10:26:28 --> Undefined variable $pager
in APPPATH\Views\fees\details.php on line 240.
 1 APPPATH\Views\fees\details.php(240): CodeIgniter\Debug\Exceptions->errorHandler(2, 'Undefined variable $pager', 'APPPATH\\Views\\fees\\details.php', 240)
 2 SYSTEMPATH\View\View.php(213): include('APPPATH\\Views\\fees\\details.php')
 3 SYSTEMPATH\View\View.php(216): CodeIgniter\View\View->CodeIgniter\View\{closure}()
 4 SYSTEMPATH\Common.php(1184): CodeIgniter\View\View->render('fees/details', [], true)
 5 APPPATH\Controllers\Fees_and_payments.php(149): view('fees/details')
 6 SYSTEMPATH\CodeIgniter.php(934): App\Controllers\Fees_and_payments->details('290')
 7 SYSTEMPATH\CodeIgniter.php(499): CodeIgniter\CodeIgniter->runController(Object(App\Controllers\Fees_and_payments))
 8 SYSTEMPATH\CodeIgniter.php(368): CodeIgniter\CodeIgniter->handleRequest(null, Object(Config\Cache), false)
 9 FCPATH\index.php(67): CodeIgniter\CodeIgniter->run()
CRITICAL - 2023-03-21 11:26:32 --> Call to undefined function App\Controllers\fees_items_array()
in APPPATH\Controllers\Fees_and_payments.php on line 399.
 1 SYSTEMPATH\CodeIgniter.php(934): App\Controllers\Fees_and_payments->generate_invoices('290', '2645')
 2 SYSTEMPATH\CodeIgniter.php(499): CodeIgniter\CodeIgniter->runController(Object(App\Controllers\Fees_and_payments))
 3 SYSTEMPATH\CodeIgniter.php(368): CodeIgniter\CodeIgniter->handleRequest(null, Object(Config\Cache), false)
 4 FCPATH\index.php(67): CodeIgniter\CodeIgniter->run()
CRITICAL - 2023-03-21 11:26:47 --> Call to undefined function App\Controllers\fees_items_array()
in APPPATH\Controllers\Fees_and_payments.php on line 399.
 1 SYSTEMPATH\CodeIgniter.php(934): App\Controllers\Fees_and_payments->generate_invoices('290', '2645')
 2 SYSTEMPATH\CodeIgniter.php(499): CodeIgniter\CodeIgniter->runController(Object(App\Controllers\Fees_and_payments))
 3 SYSTEMPATH\CodeIgniter.php(368): CodeIgniter\CodeIgniter->handleRequest(null, Object(Config\Cache), false)
 4 FCPATH\index.php(67): CodeIgniter\CodeIgniter->run()
CRITICAL - 2023-03-21 11:33:36 --> Cannot redeclare activated_year() (previously declared in C:\xampp\htdocs\SpriteGenix_app\app\Helpers\apanel_helper.php:4064)
in APPPATH\Helpers\school_helper.php on line 35.
 1 [internal function]: CodeIgniter\Debug\Exceptions->shutdownHandler()
