CRITICAL - 2023-03-13 03:45:02 --> Undefined array key 5
in APPPATH\Helpers\apanel_helper.php on line 3282.
 1 APPPATH\Helpers\apanel_helper.php(3282): CodeIgniter\Debug\Exceptions->errorHandler(2, 'Undefined array key 5', 'APPPATH\\Helpers\\apanel_helper.php', 3282)
 2 APPPATH\Views\invoices\invoice_templates\invoice_show4.php(526): amount_in_words(54.0)
 3 SYSTEMPATH\View\View.php(213): include('APPPATH\\Views\\invoices\\invoice_templates\\invoice_show4.php')
 4 SYSTEMPATH\View\View.php(216): CodeIgniter\View\View->CodeIgniter\View\{closure}()
 5 SYSTEMPATH\Common.php(1184): CodeIgniter\View\View->render('invoices/invoice_templates/invoice_show4', [], true)
 6 APPPATH\Controllers\Invoices.php(342): view('invoices/invoice_templates/invoice_show4', [...])
 7 SYSTEMPATH\CodeIgniter.php(934): App\Controllers\Invoices->get_invoice('2252')
 8 SYSTEMPATH\CodeIgniter.php(499): CodeIgniter\CodeIgniter->runController(Object(App\Controllers\Invoices))
 9 SYSTEMPATH\CodeIgniter.php(368): CodeIgniter\CodeIgniter->handleRequest(null, Object(Config\Cache), false)
10 FCPATH\index.php(67): CodeIgniter\CodeIgniter->run()
CRITICAL - 2023-03-13 03:46:02 --> Class "Dompdf\Dompdf" not found
in APPPATH\Controllers\Invoices.php on line 389.
 1 SYSTEMPATH\CodeIgniter.php(934): App\Controllers\Invoices->get_invoice_pdf('2253', '-741.031')
 2 SYSTEMPATH\CodeIgniter.php(499): CodeIgniter\CodeIgniter->runController(Object(App\Controllers\Invoices))
 3 SYSTEMPATH\CodeIgniter.php(368): CodeIgniter\CodeIgniter->handleRequest(null, Object(Config\Cache), false)
 4 FCPATH\index.php(67): CodeIgniter\CodeIgniter->run()
CRITICAL - 2023-03-13 03:46:06 --> Class "Dompdf\Dompdf" not found
in APPPATH\Controllers\Invoices.php on line 389.
 1 SYSTEMPATH\CodeIgniter.php(934): App\Controllers\Invoices->get_invoice_pdf('2253', '-741.031')
 2 SYSTEMPATH\CodeIgniter.php(499): CodeIgniter\CodeIgniter->runController(Object(App\Controllers\Invoices))
 3 SYSTEMPATH\CodeIgniter.php(368): CodeIgniter\CodeIgniter->handleRequest(null, Object(Config\Cache), false)
 4 FCPATH\index.php(67): CodeIgniter\CodeIgniter->run()
CRITICAL - 2023-03-13 03:46:15 --> Undefined array key 5
in APPPATH\Helpers\apanel_helper.php on line 3282.
 1 APPPATH\Helpers\apanel_helper.php(3282): CodeIgniter\Debug\Exceptions->errorHandler(2, 'Undefined array key 5', 'APPPATH\\Helpers\\apanel_helper.php', 3282)
 2 APPPATH\Views\invoices\invoice_templates\invoice_show4.php(526): amount_in_words(54.0)
 3 SYSTEMPATH\View\View.php(213): include('APPPATH\\Views\\invoices\\invoice_templates\\invoice_show4.php')
 4 SYSTEMPATH\View\View.php(216): CodeIgniter\View\View->CodeIgniter\View\{closure}()
 5 SYSTEMPATH\Common.php(1184): CodeIgniter\View\View->render('invoices/invoice_templates/invoice_show4', [], true)
 6 APPPATH\Controllers\Invoices.php(342): view('invoices/invoice_templates/invoice_show4', [...])
 7 SYSTEMPATH\CodeIgniter.php(934): App\Controllers\Invoices->get_invoice('2254')
 8 SYSTEMPATH\CodeIgniter.php(499): CodeIgniter\CodeIgniter->runController(Object(App\Controllers\Invoices))
 9 SYSTEMPATH\CodeIgniter.php(368): CodeIgniter\CodeIgniter->handleRequest(null, Object(Config\Cache), false)
10 FCPATH\index.php(67): CodeIgniter\CodeIgniter->run()
CRITICAL - 2023-03-13 03:57:19 --> Call to undefined function inventory_type()
in APPPATH\Views\invoices\invoice_details.php on line 16.
 1 SYSTEMPATH\View\View.php(213): include()
 2 SYSTEMPATH\View\View.php(216): CodeIgniter\View\View->CodeIgniter\View\{closure}()
 3 SYSTEMPATH\Common.php(1184): CodeIgniter\View\View->render('invoices/invoice_details', [], true)
 4 APPPATH\Controllers\Invoices.php(198): view('invoices/invoice_details', [...])
 5 SYSTEMPATH\CodeIgniter.php(934): App\Controllers\Invoices->details('2255')
 6 SYSTEMPATH\CodeIgniter.php(499): CodeIgniter\CodeIgniter->runController(Object(App\Controllers\Invoices))
 7 SYSTEMPATH\CodeIgniter.php(368): CodeIgniter\CodeIgniter->handleRequest(null, Object(Config\Cache), false)
 8 FCPATH\index.php(67): CodeIgniter\CodeIgniter->run()
CRITICAL - 2023-03-13 04:01:14 --> Undefined array key 5
in APPPATH\Helpers\apanel_helper.php on line 3301.
 1 APPPATH\Helpers\apanel_helper.php(3301): CodeIgniter\Debug\Exceptions->errorHandler(2, 'Undefined array key 5', 'APPPATH\\Helpers\\apanel_helper.php', 3301)
 2 APPPATH\Views\invoices\invoice_templates\invoice_show4.php(526): amount_in_words(64.0)
 3 SYSTEMPATH\View\View.php(213): include('APPPATH\\Views\\invoices\\invoice_templates\\invoice_show4.php')
 4 SYSTEMPATH\View\View.php(216): CodeIgniter\View\View->CodeIgniter\View\{closure}()
 5 SYSTEMPATH\Common.php(1184): CodeIgniter\View\View->render('invoices/invoice_templates/invoice_show4', [], true)
 6 APPPATH\Controllers\Invoices.php(342): view('invoices/invoice_templates/invoice_show4', [...])
 7 SYSTEMPATH\CodeIgniter.php(934): App\Controllers\Invoices->get_invoice('2256')
 8 SYSTEMPATH\CodeIgniter.php(499): CodeIgniter\CodeIgniter->runController(Object(App\Controllers\Invoices))
 9 SYSTEMPATH\CodeIgniter.php(368): CodeIgniter\CodeIgniter->handleRequest(null, Object(Config\Cache), false)
10 FCPATH\index.php(67): CodeIgniter\CodeIgniter->run()
CRITICAL - 2023-03-13 04:01:24 --> Undefined array key 5
in APPPATH\Helpers\apanel_helper.php on line 3301.
 1 APPPATH\Helpers\apanel_helper.php(3301): CodeIgniter\Debug\Exceptions->errorHandler(2, 'Undefined array key 5', 'APPPATH\\Helpers\\apanel_helper.php', 3301)
 2 APPPATH\Views\invoices\invoice_templates\invoice_show4.php(526): amount_in_words(64.0)
 3 SYSTEMPATH\View\View.php(213): include('APPPATH\\Views\\invoices\\invoice_templates\\invoice_show4.php')
 4 SYSTEMPATH\View\View.php(216): CodeIgniter\View\View->CodeIgniter\View\{closure}()
 5 SYSTEMPATH\Common.php(1184): CodeIgniter\View\View->render('invoices/invoice_templates/invoice_show4', [], true)
 6 APPPATH\Controllers\Invoices.php(342): view('invoices/invoice_templates/invoice_show4', [...])
 7 SYSTEMPATH\CodeIgniter.php(934): App\Controllers\Invoices->get_invoice('2256')
 8 SYSTEMPATH\CodeIgniter.php(499): CodeIgniter\CodeIgniter->runController(Object(App\Controllers\Invoices))
 9 SYSTEMPATH\CodeIgniter.php(368): CodeIgniter\CodeIgniter->handleRequest(null, Object(Config\Cache), false)
10 FCPATH\index.php(67): CodeIgniter\CodeIgniter->run()
CRITICAL - 2023-03-13 04:35:38 --> Class "Dompdf\Dompdf" not found
in APPPATH\Controllers\Invoices.php on line 389.
 1 SYSTEMPATH\CodeIgniter.php(934): App\Controllers\Invoices->get_invoice_pdf('2255', 'undefined')
 2 SYSTEMPATH\CodeIgniter.php(499): CodeIgniter\CodeIgniter->runController(Object(App\Controllers\Invoices))
 3 SYSTEMPATH\CodeIgniter.php(368): CodeIgniter\CodeIgniter->handleRequest(null, Object(Config\Cache), false)
 4 FCPATH\index.php(67): CodeIgniter\CodeIgniter->run()
CRITICAL - 2023-03-13 04:36:28 --> Class "Dompdf\Dompdf" not found
in APPPATH\Controllers\Invoices.php on line 389.
 1 SYSTEMPATH\CodeIgniter.php(934): App\Controllers\Invoices->get_invoice_pdf('2255', 'undefined')
 2 SYSTEMPATH\CodeIgniter.php(499): CodeIgniter\CodeIgniter->runController(Object(App\Controllers\Invoices))
 3 SYSTEMPATH\CodeIgniter.php(368): CodeIgniter\CodeIgniter->handleRequest(null, Object(Config\Cache), false)
 4 FCPATH\index.php(67): CodeIgniter\CodeIgniter->run()
CRITICAL - 2023-03-13 04:36:47 --> Class "Dompdf\Dompdf" not found
in APPPATH\Controllers\Invoices.php on line 389.
 1 SYSTEMPATH\CodeIgniter.php(934): App\Controllers\Invoices->get_invoice_pdf('2255', 'undefined')
 2 SYSTEMPATH\CodeIgniter.php(499): CodeIgniter\CodeIgniter->runController(Object(App\Controllers\Invoices))
 3 SYSTEMPATH\CodeIgniter.php(368): CodeIgniter\CodeIgniter->handleRequest(null, Object(Config\Cache), false)
 4 FCPATH\index.php(67): CodeIgniter\CodeIgniter->run()
CRITICAL - 2023-03-13 04:38:04 --> Class "Dompdf\Dompdf" not found
in APPPATH\Controllers\Invoices.php on line 389.
 1 SYSTEMPATH\CodeIgniter.php(934): App\Controllers\Invoices->get_invoice_pdf('2255', 'undefined')
 2 SYSTEMPATH\CodeIgniter.php(499): CodeIgniter\CodeIgniter->runController(Object(App\Controllers\Invoices))
 3 SYSTEMPATH\CodeIgniter.php(368): CodeIgniter\CodeIgniter->handleRequest(null, Object(Config\Cache), false)
 4 FCPATH\index.php(67): CodeIgniter\CodeIgniter->run()
CRITICAL - 2023-03-13 05:07:29 --> Class "Dompdf\Dompdf" not found
in APPPATH\Controllers\Invoices.php on line 389.
 1 SYSTEMPATH\CodeIgniter.php(934): App\Controllers\Invoices->get_invoice_pdf('2255', '692.7660000000001')
 2 SYSTEMPATH\CodeIgniter.php(499): CodeIgniter\CodeIgniter->runController(Object(App\Controllers\Invoices))
 3 SYSTEMPATH\CodeIgniter.php(368): CodeIgniter\CodeIgniter->handleRequest(null, Object(Config\Cache), false)
 4 FCPATH\index.php(67): CodeIgniter\CodeIgniter->run()
CRITICAL - 2023-03-13 05:07:39 --> Class "Dompdf\Dompdf" not found
in APPPATH\Controllers\Invoices.php on line 389.
 1 SYSTEMPATH\CodeIgniter.php(934): App\Controllers\Invoices->get_invoice_pdf('2255', '691.344')
 2 SYSTEMPATH\CodeIgniter.php(499): CodeIgniter\CodeIgniter->runController(Object(App\Controllers\Invoices))
 3 SYSTEMPATH\CodeIgniter.php(368): CodeIgniter\CodeIgniter->handleRequest(null, Object(Config\Cache), false)
 4 FCPATH\index.php(67): CodeIgniter\CodeIgniter->run()
CRITICAL - 2023-03-13 05:07:46 --> Class "Dompdf\Dompdf" not found
in APPPATH\Controllers\Invoices.php on line 389.
 1 SYSTEMPATH\CodeIgniter.php(934): App\Controllers\Invoices->get_invoice_pdf('2255', '691.344')
 2 SYSTEMPATH\CodeIgniter.php(499): CodeIgniter\CodeIgniter->runController(Object(App\Controllers\Invoices))
 3 SYSTEMPATH\CodeIgniter.php(368): CodeIgniter\CodeIgniter->handleRequest(null, Object(Config\Cache), false)
 4 FCPATH\index.php(67): CodeIgniter\CodeIgniter->run()
CRITICAL - 2023-03-13 05:08:14 --> Class "Dompdf\Dompdf" not found
in APPPATH\Controllers\Invoices.php on line 389.
 1 SYSTEMPATH\CodeIgniter.php(934): App\Controllers\Invoices->get_invoice_pdf('2255', '709.0619999999999')
 2 SYSTEMPATH\CodeIgniter.php(499): CodeIgniter\CodeIgniter->runController(Object(App\Controllers\Invoices))
 3 SYSTEMPATH\CodeIgniter.php(368): CodeIgniter\CodeIgniter->handleRequest(null, Object(Config\Cache), false)
 4 FCPATH\index.php(67): CodeIgniter\CodeIgniter->run()
CRITICAL - 2023-03-13 05:16:34 --> Class "Dompdf\Dompdf" not found
in APPPATH\Controllers\Invoices.php on line 389.
 1 SYSTEMPATH\CodeIgniter.php(934): App\Controllers\Invoices->get_invoice_pdf('2255', '709.0619999999999')
 2 SYSTEMPATH\CodeIgniter.php(499): CodeIgniter\CodeIgniter->runController(Object(App\Controllers\Invoices))
 3 SYSTEMPATH\CodeIgniter.php(368): CodeIgniter\CodeIgniter->handleRequest(null, Object(Config\Cache), false)
 4 FCPATH\index.php(67): CodeIgniter\CodeIgniter->run()
CRITICAL - 2023-03-13 05:16:40 --> Class "Dompdf\Dompdf" not found
in APPPATH\Controllers\Invoices.php on line 389.
 1 SYSTEMPATH\CodeIgniter.php(934): App\Controllers\Invoices->get_invoice_pdf('2255', '691.344')
 2 SYSTEMPATH\CodeIgniter.php(499): CodeIgniter\CodeIgniter->runController(Object(App\Controllers\Invoices))
 3 SYSTEMPATH\CodeIgniter.php(368): CodeIgniter\CodeIgniter->handleRequest(null, Object(Config\Cache), false)
 4 FCPATH\index.php(67): CodeIgniter\CodeIgniter->run()
CRITICAL - 2023-03-13 05:16:43 --> Class "Dompdf\Dompdf" not found
in APPPATH\Controllers\Invoices.php on line 389.
 1 SYSTEMPATH\CodeIgniter.php(934): App\Controllers\Invoices->get_invoice_pdf('2255', '691.344')
 2 SYSTEMPATH\CodeIgniter.php(499): CodeIgniter\CodeIgniter->runController(Object(App\Controllers\Invoices))
 3 SYSTEMPATH\CodeIgniter.php(368): CodeIgniter\CodeIgniter->handleRequest(null, Object(Config\Cache), false)
 4 FCPATH\index.php(67): CodeIgniter\CodeIgniter->run()
CRITICAL - 2023-03-13 05:16:49 --> Class "Dompdf\Dompdf" not found
in APPPATH\Controllers\Invoices.php on line 389.
 1 SYSTEMPATH\CodeIgniter.php(934): App\Controllers\Invoices->get_invoice_pdf('2255', '691.344')
 2 SYSTEMPATH\CodeIgniter.php(499): CodeIgniter\CodeIgniter->runController(Object(App\Controllers\Invoices))
 3 SYSTEMPATH\CodeIgniter.php(368): CodeIgniter\CodeIgniter->handleRequest(null, Object(Config\Cache), false)
 4 FCPATH\index.php(67): CodeIgniter\CodeIgniter->run()
CRITICAL - 2023-03-13 05:18:05 --> Class "Dompdf\Dompdf" not found
in APPPATH\Controllers\Invoices.php on line 389.
 1 SYSTEMPATH\CodeIgniter.php(934): App\Controllers\Invoices->get_invoice_pdf('2255', '691.344')
 2 SYSTEMPATH\CodeIgniter.php(499): CodeIgniter\CodeIgniter->runController(Object(App\Controllers\Invoices))
 3 SYSTEMPATH\CodeIgniter.php(368): CodeIgniter\CodeIgniter->handleRequest(null, Object(Config\Cache), false)
 4 FCPATH\index.php(67): CodeIgniter\CodeIgniter->run()
CRITICAL - 2023-03-13 05:31:23 --> Invalid file: "payments/pay.php"
in SYSTEMPATH\Exceptions\FrameworkException.php on line 33.
 1 SYSTEMPATH\View\View.php(201): CodeIgniter\Exceptions\FrameworkException::forInvalidFile('payments/pay.php')
 2 SYSTEMPATH\Common.php(1184): CodeIgniter\View\View->render('payments/pay', [], true)
 3 APPPATH\Controllers\Invoices.php(1076): view('payments/pay', [...])
 4 SYSTEMPATH\CodeIgniter.php(934): App\Controllers\Invoices->pay('2255')
 5 SYSTEMPATH\CodeIgniter.php(499): CodeIgniter\CodeIgniter->runController(Object(App\Controllers\Invoices))
 6 SYSTEMPATH\CodeIgniter.php(368): CodeIgniter\CodeIgniter->handleRequest(null, Object(Config\Cache), false)
 7 FCPATH\index.php(67): CodeIgniter\CodeIgniter->run()
CRITICAL - 2023-03-13 05:32:20 --> Invalid file: "payments/pay.php"
in SYSTEMPATH\Exceptions\FrameworkException.php on line 33.
 1 SYSTEMPATH\View\View.php(201): CodeIgniter\Exceptions\FrameworkException::forInvalidFile('payments/pay.php')
 2 SYSTEMPATH\Common.php(1184): CodeIgniter\View\View->render('payments/pay', [], true)
 3 APPPATH\Controllers\Invoices.php(1076): view('payments/pay', [...])
 4 SYSTEMPATH\CodeIgniter.php(934): App\Controllers\Invoices->pay('2255')
 5 SYSTEMPATH\CodeIgniter.php(499): CodeIgniter\CodeIgniter->runController(Object(App\Controllers\Invoices))
 6 SYSTEMPATH\CodeIgniter.php(368): CodeIgniter\CodeIgniter->handleRequest(null, Object(Config\Cache), false)
 7 FCPATH\index.php(67): CodeIgniter\CodeIgniter->run()
CRITICAL - 2023-03-13 05:33:56 --> Invalid file: "payments/pay.php"
in SYSTEMPATH\Exceptions\FrameworkException.php on line 33.
 1 SYSTEMPATH\View\View.php(201): CodeIgniter\Exceptions\FrameworkException::forInvalidFile('payments/pay.php')
 2 SYSTEMPATH\Common.php(1184): CodeIgniter\View\View->render('payments/pay', [], true)
 3 APPPATH\Controllers\Invoices.php(1076): view('payments/pay', [...])
 4 SYSTEMPATH\CodeIgniter.php(934): App\Controllers\Invoices->pay('2255')
 5 SYSTEMPATH\CodeIgniter.php(499): CodeIgniter\CodeIgniter->runController(Object(App\Controllers\Invoices))
 6 SYSTEMPATH\CodeIgniter.php(368): CodeIgniter\CodeIgniter->handleRequest(null, Object(Config\Cache), false)
 7 FCPATH\index.php(67): CodeIgniter\CodeIgniter->run()
CRITICAL - 2023-03-13 05:34:43 --> Invalid file: "payments/pay.php"
in SYSTEMPATH\Exceptions\FrameworkException.php on line 33.
 1 SYSTEMPATH\View\View.php(201): CodeIgniter\Exceptions\FrameworkException::forInvalidFile('payments/pay.php')
 2 SYSTEMPATH\Common.php(1184): CodeIgniter\View\View->render('payments/pay', [], true)
 3 APPPATH\Controllers\Invoices.php(1076): view('payments/pay', [...])
 4 SYSTEMPATH\CodeIgniter.php(934): App\Controllers\Invoices->pay('2255')
 5 SYSTEMPATH\CodeIgniter.php(499): CodeIgniter\CodeIgniter->runController(Object(App\Controllers\Invoices))
 6 SYSTEMPATH\CodeIgniter.php(368): CodeIgniter\CodeIgniter->handleRequest(null, Object(Config\Cache), false)
 7 FCPATH\index.php(67): CodeIgniter\CodeIgniter->run()
CRITICAL - 2023-03-13 06:04:24 --> Undefined array key 5
in APPPATH\Helpers\apanel_helper.php on line 3301.
 1 APPPATH\Helpers\apanel_helper.php(3301): CodeIgniter\Debug\Exceptions->errorHandler(2, 'Undefined array key 5', 'APPPATH\\Helpers\\apanel_helper.php', 3301)
 2 APPPATH\Views\invoices\invoice_templates\invoice_show4.php(526): amount_in_words(63.0)
 3 SYSTEMPATH\View\View.php(213): include('APPPATH\\Views\\invoices\\invoice_templates\\invoice_show4.php')
 4 SYSTEMPATH\View\View.php(216): CodeIgniter\View\View->CodeIgniter\View\{closure}()
 5 SYSTEMPATH\Common.php(1184): CodeIgniter\View\View->render('invoices/invoice_templates/invoice_show4', [], true)
 6 APPPATH\Controllers\Invoices.php(342): view('invoices/invoice_templates/invoice_show4', [...])
 7 SYSTEMPATH\CodeIgniter.php(934): App\Controllers\Invoices->get_invoice('2255')
 8 SYSTEMPATH\CodeIgniter.php(499): CodeIgniter\CodeIgniter->runController(Object(App\Controllers\Invoices))
 9 SYSTEMPATH\CodeIgniter.php(368): CodeIgniter\CodeIgniter->handleRequest(null, Object(Config\Cache), false)
10 FCPATH\index.php(67): CodeIgniter\CodeIgniter->run()
CRITICAL - 2023-03-13 06:04:46 --> Undefined array key 5
in APPPATH\Helpers\apanel_helper.php on line 3301.
 1 APPPATH\Helpers\apanel_helper.php(3301): CodeIgniter\Debug\Exceptions->errorHandler(2, 'Undefined array key 5', 'APPPATH\\Helpers\\apanel_helper.php', 3301)
 2 APPPATH\Views\invoices\invoice_templates\invoice_show4.php(526): amount_in_words(63.0)
 3 SYSTEMPATH\View\View.php(213): include('APPPATH\\Views\\invoices\\invoice_templates\\invoice_show4.php')
 4 SYSTEMPATH\View\View.php(216): CodeIgniter\View\View->CodeIgniter\View\{closure}()
 5 SYSTEMPATH\Common.php(1184): CodeIgniter\View\View->render('invoices/invoice_templates/invoice_show4', [], true)
 6 APPPATH\Controllers\Invoices.php(342): view('invoices/invoice_templates/invoice_show4', [...])
 7 SYSTEMPATH\CodeIgniter.php(934): App\Controllers\Invoices->get_invoice('2255')
 8 SYSTEMPATH\CodeIgniter.php(499): CodeIgniter\CodeIgniter->runController(Object(App\Controllers\Invoices))
 9 SYSTEMPATH\CodeIgniter.php(368): CodeIgniter\CodeIgniter->handleRequest(null, Object(Config\Cache), false)
10 FCPATH\index.php(67): CodeIgniter\CodeIgniter->run()
CRITICAL - 2023-03-13 06:04:52 --> Undefined array key 5
in APPPATH\Helpers\apanel_helper.php on line 3301.
 1 APPPATH\Helpers\apanel_helper.php(3301): CodeIgniter\Debug\Exceptions->errorHandler(2, 'Undefined array key 5', 'APPPATH\\Helpers\\apanel_helper.php', 3301)
 2 APPPATH\Views\invoices\invoice_templates\invoice_show4.php(526): amount_in_words(63.0)
 3 SYSTEMPATH\View\View.php(213): include('APPPATH\\Views\\invoices\\invoice_templates\\invoice_show4.php')
 4 SYSTEMPATH\View\View.php(216): CodeIgniter\View\View->CodeIgniter\View\{closure}()
 5 SYSTEMPATH\Common.php(1184): CodeIgniter\View\View->render('invoices/invoice_templates/invoice_show4', [], true)
 6 APPPATH\Controllers\Invoices.php(342): view('invoices/invoice_templates/invoice_show4', [...])
 7 SYSTEMPATH\CodeIgniter.php(934): App\Controllers\Invoices->get_invoice('2255')
 8 SYSTEMPATH\CodeIgniter.php(499): CodeIgniter\CodeIgniter->runController(Object(App\Controllers\Invoices))
 9 SYSTEMPATH\CodeIgniter.php(368): CodeIgniter\CodeIgniter->handleRequest(null, Object(Config\Cache), false)
10 FCPATH\index.php(67): CodeIgniter\CodeIgniter->run()
CRITICAL - 2023-03-13 06:22:53 --> Trying to access array offset on value of type null
in APPPATH\Views\payments\pay.php on line 16.
 1 APPPATH\Views\payments\pay.php(16): CodeIgniter\Debug\Exceptions->errorHandler(2, 'Trying to access array offset on value of type null', 'APPPATH\\Views\\payments\\pay.php', 16)
 2 SYSTEMPATH\View\View.php(213): include('APPPATH\\Views\\payments\\pay.php')
 3 SYSTEMPATH\View\View.php(216): CodeIgniter\View\View->CodeIgniter\View\{closure}()
 4 SYSTEMPATH\Common.php(1184): CodeIgniter\View\View->render('payments/pay', [], true)
 5 APPPATH\Controllers\Invoices.php(1076): view('payments/pay', [...])
 6 SYSTEMPATH\CodeIgniter.php(934): App\Controllers\Invoices->pay('undefined')
 7 SYSTEMPATH\CodeIgniter.php(499): CodeIgniter\CodeIgniter->runController(Object(App\Controllers\Invoices))
 8 SYSTEMPATH\CodeIgniter.php(368): CodeIgniter\CodeIgniter->handleRequest(null, Object(Config\Cache), false)
 9 FCPATH\index.php(67): CodeIgniter\CodeIgniter->run()
CRITICAL - 2023-03-13 06:23:24 --> Trying to access array offset on value of type null
in APPPATH\Views\payments\pay.php on line 16.
 1 APPPATH\Views\payments\pay.php(16): CodeIgniter\Debug\Exceptions->errorHandler(2, 'Trying to access array offset on value of type null', 'APPPATH\\Views\\payments\\pay.php', 16)
 2 SYSTEMPATH\View\View.php(213): include('APPPATH\\Views\\payments\\pay.php')
 3 SYSTEMPATH\View\View.php(216): CodeIgniter\View\View->CodeIgniter\View\{closure}()
 4 SYSTEMPATH\Common.php(1184): CodeIgniter\View\View->render('payments/pay', [], true)
 5 APPPATH\Controllers\Invoices.php(1076): view('payments/pay', [...])
 6 SYSTEMPATH\CodeIgniter.php(934): App\Controllers\Invoices->pay('undefined')
 7 SYSTEMPATH\CodeIgniter.php(499): CodeIgniter\CodeIgniter->runController(Object(App\Controllers\Invoices))
 8 SYSTEMPATH\CodeIgniter.php(368): CodeIgniter\CodeIgniter->handleRequest(null, Object(Config\Cache), false)
 9 FCPATH\index.php(67): CodeIgniter\CodeIgniter->run()
CRITICAL - 2023-03-13 06:32:04 --> Unsupported operand types: string + string
in APPPATH\Controllers\Invoices.php on line 1145.
 1 SYSTEMPATH\CodeIgniter.php(934): App\Controllers\Invoices->update_pay()
 2 SYSTEMPATH\CodeIgniter.php(499): CodeIgniter\CodeIgniter->runController(Object(App\Controllers\Invoices))
 3 SYSTEMPATH\CodeIgniter.php(368): CodeIgniter\CodeIgniter->handleRequest(null, Object(Config\Cache), false)
 4 FCPATH\index.php(67): CodeIgniter\CodeIgniter->run()
CRITICAL - 2023-03-13 06:32:19 --> Unsupported operand types: string + string
in APPPATH\Controllers\Invoices.php on line 1145.
 1 SYSTEMPATH\CodeIgniter.php(934): App\Controllers\Invoices->update_pay()
 2 SYSTEMPATH\CodeIgniter.php(499): CodeIgniter\CodeIgniter->runController(Object(App\Controllers\Invoices))
 3 SYSTEMPATH\CodeIgniter.php(368): CodeIgniter\CodeIgniter->handleRequest(null, Object(Config\Cache), false)
 4 FCPATH\index.php(67): CodeIgniter\CodeIgniter->run()
CRITICAL - 2023-03-13 06:32:23 --> Unsupported operand types: string + string
in APPPATH\Controllers\Invoices.php on line 1145.
 1 SYSTEMPATH\CodeIgniter.php(934): App\Controllers\Invoices->update_pay()
 2 SYSTEMPATH\CodeIgniter.php(499): CodeIgniter\CodeIgniter->runController(Object(App\Controllers\Invoices))
 3 SYSTEMPATH\CodeIgniter.php(368): CodeIgniter\CodeIgniter->handleRequest(null, Object(Config\Cache), false)
 4 FCPATH\index.php(67): CodeIgniter\CodeIgniter->run()
CRITICAL - 2023-03-13 07:01:56 --> Undefined variable $invoice_data
in APPPATH\Views\payments\payment_details.php on line 16.
 1 APPPATH\Views\payments\payment_details.php(16): CodeIgniter\Debug\Exceptions->errorHandler(2, 'Undefined variable $invoice_data', 'APPPATH\\Views\\payments\\payment_details.php', 16)
 2 SYSTEMPATH\View\View.php(213): include('APPPATH\\Views\\payments\\payment_details.php')
 3 SYSTEMPATH\View\View.php(216): CodeIgniter\View\View->CodeIgniter\View\{closure}()
 4 SYSTEMPATH\Common.php(1184): CodeIgniter\View\View->render('payments/payment_details', [], true)
 5 APPPATH\Controllers\Payments.php(48): view('payments/payment_details', [...])
 6 SYSTEMPATH\CodeIgniter.php(934): App\Controllers\Payments->details('2220')
 7 SYSTEMPATH\CodeIgniter.php(499): CodeIgniter\CodeIgniter->runController(Object(App\Controllers\Payments))
 8 SYSTEMPATH\CodeIgniter.php(368): CodeIgniter\CodeIgniter->handleRequest(null, Object(Config\Cache), false)
 9 FCPATH\index.php(67): CodeIgniter\CodeIgniter->run()
CRITICAL - 2023-03-13 07:02:56 --> Undefined variable $invoice_data
in APPPATH\Views\payments\payment_details.php on line 16.
 1 APPPATH\Views\payments\payment_details.php(16): CodeIgniter\Debug\Exceptions->errorHandler(2, 'Undefined variable $invoice_data', 'APPPATH\\Views\\payments\\payment_details.php', 16)
 2 SYSTEMPATH\View\View.php(213): include('APPPATH\\Views\\payments\\payment_details.php')
 3 SYSTEMPATH\View\View.php(216): CodeIgniter\View\View->CodeIgniter\View\{closure}()
 4 SYSTEMPATH\Common.php(1184): CodeIgniter\View\View->render('payments/payment_details', [], true)
 5 APPPATH\Controllers\Payments.php(48): view('payments/payment_details', [...])
 6 SYSTEMPATH\CodeIgniter.php(934): App\Controllers\Payments->details('2220')
 7 SYSTEMPATH\CodeIgniter.php(499): CodeIgniter\CodeIgniter->runController(Object(App\Controllers\Payments))
 8 SYSTEMPATH\CodeIgniter.php(368): CodeIgniter\CodeIgniter->handleRequest(null, Object(Config\Cache), false)
 9 FCPATH\index.php(67): CodeIgniter\CodeIgniter->run()
CRITICAL - 2023-03-13 08:27:14 --> Undefined array key 5
in APPPATH\Helpers\apanel_helper.php on line 3301.
 1 APPPATH\Helpers\apanel_helper.php(3301): CodeIgniter\Debug\Exceptions->errorHandler(2, 'Undefined array key 5', 'APPPATH\\Helpers\\apanel_helper.php', 3301)
 2 APPPATH\Views\invoices\invoice_templates\invoice_show4.php(526): amount_in_words(63.0)
 3 SYSTEMPATH\View\View.php(213): include('APPPATH\\Views\\invoices\\invoice_templates\\invoice_show4.php')
 4 SYSTEMPATH\View\View.php(216): CodeIgniter\View\View->CodeIgniter\View\{closure}()
 5 SYSTEMPATH\Common.php(1184): CodeIgniter\View\View->render('invoices/invoice_templates/invoice_show4', [], true)
 6 APPPATH\Controllers\Invoices.php(342): view('invoices/invoice_templates/invoice_show4', [...])
 7 SYSTEMPATH\CodeIgniter.php(934): App\Controllers\Invoices->get_invoice('2255')
 8 SYSTEMPATH\CodeIgniter.php(499): CodeIgniter\CodeIgniter->runController(Object(App\Controllers\Invoices))
 9 SYSTEMPATH\CodeIgniter.php(368): CodeIgniter\CodeIgniter->handleRequest(null, Object(Config\Cache), false)
10 FCPATH\index.php(67): CodeIgniter\CodeIgniter->run()
CRITICAL - 2023-03-13 08:27:24 --> Undefined array key 5
in APPPATH\Helpers\apanel_helper.php on line 3301.
 1 APPPATH\Helpers\apanel_helper.php(3301): CodeIgniter\Debug\Exceptions->errorHandler(2, 'Undefined array key 5', 'APPPATH\\Helpers\\apanel_helper.php', 3301)
 2 APPPATH\Views\invoices\invoice_templates\invoice_show4.php(526): amount_in_words(63.0)
 3 SYSTEMPATH\View\View.php(213): include('APPPATH\\Views\\invoices\\invoice_templates\\invoice_show4.php')
 4 SYSTEMPATH\View\View.php(216): CodeIgniter\View\View->CodeIgniter\View\{closure}()
 5 SYSTEMPATH\Common.php(1184): CodeIgniter\View\View->render('invoices/invoice_templates/invoice_show4', [], true)
 6 APPPATH\Controllers\Invoices.php(342): view('invoices/invoice_templates/invoice_show4', [...])
 7 SYSTEMPATH\CodeIgniter.php(934): App\Controllers\Invoices->get_invoice('2255')
 8 SYSTEMPATH\CodeIgniter.php(499): CodeIgniter\CodeIgniter->runController(Object(App\Controllers\Invoices))
 9 SYSTEMPATH\CodeIgniter.php(368): CodeIgniter\CodeIgniter->handleRequest(null, Object(Config\Cache), false)
10 FCPATH\index.php(67): CodeIgniter\CodeIgniter->run()
CRITICAL - 2023-03-13 08:28:35 --> Undefined array key 5
in APPPATH\Helpers\apanel_helper.php on line 3302.
 1 APPPATH\Helpers\apanel_helper.php(3302): CodeIgniter\Debug\Exceptions->errorHandler(2, 'Undefined array key 5', 'APPPATH\\Helpers\\apanel_helper.php', 3302)
 2 APPPATH\Views\invoices\invoice_templates\invoice_show4.php(526): amount_in_words(63.0)
 3 SYSTEMPATH\View\View.php(213): include('APPPATH\\Views\\invoices\\invoice_templates\\invoice_show4.php')
 4 SYSTEMPATH\View\View.php(216): CodeIgniter\View\View->CodeIgniter\View\{closure}()
 5 SYSTEMPATH\Common.php(1184): CodeIgniter\View\View->render('invoices/invoice_templates/invoice_show4', [], true)
 6 APPPATH\Controllers\Invoices.php(342): view('invoices/invoice_templates/invoice_show4', [...])
 7 SYSTEMPATH\CodeIgniter.php(934): App\Controllers\Invoices->get_invoice('2255')
 8 SYSTEMPATH\CodeIgniter.php(499): CodeIgniter\CodeIgniter->runController(Object(App\Controllers\Invoices))
 9 SYSTEMPATH\CodeIgniter.php(368): CodeIgniter\CodeIgniter->handleRequest(null, Object(Config\Cache), false)
10 FCPATH\index.php(67): CodeIgniter\CodeIgniter->run()
CRITICAL - 2023-03-13 08:29:43 --> Undefined array key 5
in APPPATH\Helpers\apanel_helper.php on line 3302.
 1 APPPATH\Helpers\apanel_helper.php(3302): CodeIgniter\Debug\Exceptions->errorHandler(2, 'Undefined array key 5', 'APPPATH\\Helpers\\apanel_helper.php', 3302)
 2 APPPATH\Views\invoices\invoice_templates\invoice_show4.php(526): amount_in_words(63.0)
 3 SYSTEMPATH\View\View.php(213): include('APPPATH\\Views\\invoices\\invoice_templates\\invoice_show4.php')
 4 SYSTEMPATH\View\View.php(216): CodeIgniter\View\View->CodeIgniter\View\{closure}()
 5 SYSTEMPATH\Common.php(1184): CodeIgniter\View\View->render('invoices/invoice_templates/invoice_show4', [], true)
 6 APPPATH\Controllers\Invoices.php(342): view('invoices/invoice_templates/invoice_show4', [...])
 7 SYSTEMPATH\CodeIgniter.php(934): App\Controllers\Invoices->get_invoice('2255')
 8 SYSTEMPATH\CodeIgniter.php(499): CodeIgniter\CodeIgniter->runController(Object(App\Controllers\Invoices))
 9 SYSTEMPATH\CodeIgniter.php(368): CodeIgniter\CodeIgniter->handleRequest(null, Object(Config\Cache), false)
10 FCPATH\index.php(67): CodeIgniter\CodeIgniter->run()
CRITICAL - 2023-03-13 08:44:11 --> Undefined array key 5
in APPPATH\Helpers\apanel_helper.php on line 3302.
 1 APPPATH\Helpers\apanel_helper.php(3302): CodeIgniter\Debug\Exceptions->errorHandler(2, 'Undefined array key 5', 'APPPATH\\Helpers\\apanel_helper.php', 3302)
 2 APPPATH\Views\invoices\invoice_templates\invoice_show4.php(526): amount_in_words(63.0)
 3 SYSTEMPATH\View\View.php(213): include('APPPATH\\Views\\invoices\\invoice_templates\\invoice_show4.php')
 4 SYSTEMPATH\View\View.php(216): CodeIgniter\View\View->CodeIgniter\View\{closure}()
 5 SYSTEMPATH\Common.php(1184): CodeIgniter\View\View->render('invoices/invoice_templates/invoice_show4', [], true)
 6 APPPATH\Controllers\Invoices.php(342): view('invoices/invoice_templates/invoice_show4', [...])
 7 SYSTEMPATH\CodeIgniter.php(934): App\Controllers\Invoices->get_invoice('2255')
 8 SYSTEMPATH\CodeIgniter.php(499): CodeIgniter\CodeIgniter->runController(Object(App\Controllers\Invoices))
 9 SYSTEMPATH\CodeIgniter.php(368): CodeIgniter\CodeIgniter->handleRequest(null, Object(Config\Cache), false)
10 FCPATH\index.php(67): CodeIgniter\CodeIgniter->run()
CRITICAL - 2023-03-13 08:44:18 --> Undefined array key 5
in APPPATH\Helpers\apanel_helper.php on line 3302.
 1 APPPATH\Helpers\apanel_helper.php(3302): CodeIgniter\Debug\Exceptions->errorHandler(2, 'Undefined array key 5', 'APPPATH\\Helpers\\apanel_helper.php', 3302)
 2 APPPATH\Views\invoices\invoice_templates\invoice_show4.php(526): amount_in_words(63.0)
 3 SYSTEMPATH\View\View.php(213): include('APPPATH\\Views\\invoices\\invoice_templates\\invoice_show4.php')
 4 SYSTEMPATH\View\View.php(216): CodeIgniter\View\View->CodeIgniter\View\{closure}()
 5 SYSTEMPATH\Common.php(1184): CodeIgniter\View\View->render('invoices/invoice_templates/invoice_show4', [], true)
 6 APPPATH\Controllers\Invoices.php(342): view('invoices/invoice_templates/invoice_show4', [...])
 7 SYSTEMPATH\CodeIgniter.php(934): App\Controllers\Invoices->get_invoice('2255')
 8 SYSTEMPATH\CodeIgniter.php(499): CodeIgniter\CodeIgniter->runController(Object(App\Controllers\Invoices))
 9 SYSTEMPATH\CodeIgniter.php(368): CodeIgniter\CodeIgniter->handleRequest(null, Object(Config\Cache), false)
10 FCPATH\index.php(67): CodeIgniter\CodeIgniter->run()
CRITICAL - 2023-03-13 08:44:53 --> Undefined array key 5
in APPPATH\Helpers\apanel_helper.php on line 3302.
 1 APPPATH\Helpers\apanel_helper.php(3302): CodeIgniter\Debug\Exceptions->errorHandler(2, 'Undefined array key 5', 'APPPATH\\Helpers\\apanel_helper.php', 3302)
 2 APPPATH\Views\invoices\invoice_templates\invoice_show4.php(526): amount_in_words(63.0)
 3 SYSTEMPATH\View\View.php(213): include('APPPATH\\Views\\invoices\\invoice_templates\\invoice_show4.php')
 4 SYSTEMPATH\View\View.php(216): CodeIgniter\View\View->CodeIgniter\View\{closure}()
 5 SYSTEMPATH\Common.php(1184): CodeIgniter\View\View->render('invoices/invoice_templates/invoice_show4', [], true)
 6 APPPATH\Controllers\Invoices.php(342): view('invoices/invoice_templates/invoice_show4', [...])
 7 SYSTEMPATH\CodeIgniter.php(934): App\Controllers\Invoices->get_invoice('2255')
 8 SYSTEMPATH\CodeIgniter.php(499): CodeIgniter\CodeIgniter->runController(Object(App\Controllers\Invoices))
 9 SYSTEMPATH\CodeIgniter.php(368): CodeIgniter\CodeIgniter->handleRequest(null, Object(Config\Cache), false)
10 FCPATH\index.php(67): CodeIgniter\CodeIgniter->run()
CRITICAL - 2023-03-13 08:45:26 --> Undefined array key 5
in APPPATH\Helpers\apanel_helper.php on line 3304.
 1 APPPATH\Helpers\apanel_helper.php(3304): CodeIgniter\Debug\Exceptions->errorHandler(2, 'Undefined array key 5', 'APPPATH\\Helpers\\apanel_helper.php', 3304)
 2 APPPATH\Views\invoices\invoice_templates\invoice_show4.php(526): amount_in_words(63.0)
 3 SYSTEMPATH\View\View.php(213): include('APPPATH\\Views\\invoices\\invoice_templates\\invoice_show4.php')
 4 SYSTEMPATH\View\View.php(216): CodeIgniter\View\View->CodeIgniter\View\{closure}()
 5 SYSTEMPATH\Common.php(1184): CodeIgniter\View\View->render('invoices/invoice_templates/invoice_show4', [], true)
 6 APPPATH\Controllers\Invoices.php(342): view('invoices/invoice_templates/invoice_show4', [...])
 7 SYSTEMPATH\CodeIgniter.php(934): App\Controllers\Invoices->get_invoice('2255')
 8 SYSTEMPATH\CodeIgniter.php(499): CodeIgniter\CodeIgniter->runController(Object(App\Controllers\Invoices))
 9 SYSTEMPATH\CodeIgniter.php(368): CodeIgniter\CodeIgniter->handleRequest(null, Object(Config\Cache), false)
10 FCPATH\index.php(67): CodeIgniter\CodeIgniter->run()
CRITICAL - 2023-03-13 08:45:53 --> Undefined array key 5
in APPPATH\Helpers\apanel_helper.php on line 3304.
 1 APPPATH\Helpers\apanel_helper.php(3304): CodeIgniter\Debug\Exceptions->errorHandler(2, 'Undefined array key 5', 'APPPATH\\Helpers\\apanel_helper.php', 3304)
 2 APPPATH\Views\invoices\invoice_templates\invoice_show4.php(526): amount_in_words(63.0)
 3 SYSTEMPATH\View\View.php(213): include('APPPATH\\Views\\invoices\\invoice_templates\\invoice_show4.php')
 4 SYSTEMPATH\View\View.php(216): CodeIgniter\View\View->CodeIgniter\View\{closure}()
 5 SYSTEMPATH\Common.php(1184): CodeIgniter\View\View->render('invoices/invoice_templates/invoice_show4', [], true)
 6 APPPATH\Controllers\Invoices.php(342): view('invoices/invoice_templates/invoice_show4', [...])
 7 SYSTEMPATH\CodeIgniter.php(934): App\Controllers\Invoices->get_invoice('2255')
 8 SYSTEMPATH\CodeIgniter.php(499): CodeIgniter\CodeIgniter->runController(Object(App\Controllers\Invoices))
 9 SYSTEMPATH\CodeIgniter.php(368): CodeIgniter\CodeIgniter->handleRequest(null, Object(Config\Cache), false)
10 FCPATH\index.php(67): CodeIgniter\CodeIgniter->run()
CRITICAL - 2023-03-13 09:19:02 --> Trying to access array offset on value of type float
in APPPATH\Helpers\apanel_helper.php on line 3322.
 1 APPPATH\Helpers\apanel_helper.php(3322): CodeIgniter\Debug\Exceptions->errorHandler(2, 'Trying to access array offset on value of type float', 'APPPATH\\Helpers\\apanel_helper.php', 3322)
 2 APPPATH\Views\invoices\invoice_templates\invoice_show4.php(526): amount_in_words(1663.0)
 3 SYSTEMPATH\View\View.php(213): include('APPPATH\\Views\\invoices\\invoice_templates\\invoice_show4.php')
 4 SYSTEMPATH\View\View.php(216): CodeIgniter\View\View->CodeIgniter\View\{closure}()
 5 SYSTEMPATH\Common.php(1184): CodeIgniter\View\View->render('invoices/invoice_templates/invoice_show4', [], true)
 6 APPPATH\Controllers\Invoices.php(342): view('invoices/invoice_templates/invoice_show4', [...])
 7 SYSTEMPATH\CodeIgniter.php(934): App\Controllers\Invoices->get_invoice('2255')
 8 SYSTEMPATH\CodeIgniter.php(499): CodeIgniter\CodeIgniter->runController(Object(App\Controllers\Invoices))
 9 SYSTEMPATH\CodeIgniter.php(368): CodeIgniter\CodeIgniter->handleRequest(null, Object(Config\Cache), false)
10 FCPATH\index.php(67): CodeIgniter\CodeIgniter->run()
CRITICAL - 2023-03-13 09:21:18 --> Trying to access array offset on value of type float
in APPPATH\Helpers\apanel_helper.php on line 3323.
 1 APPPATH\Helpers\apanel_helper.php(3323): CodeIgniter\Debug\Exceptions->errorHandler(2, 'Trying to access array offset on value of type float', 'APPPATH\\Helpers\\apanel_helper.php', 3323)
 2 APPPATH\Views\invoices\invoice_templates\invoice_show4.php(526): amount_in_words(1234567890.0)
 3 SYSTEMPATH\View\View.php(213): include('APPPATH\\Views\\invoices\\invoice_templates\\invoice_show4.php')
 4 SYSTEMPATH\View\View.php(216): CodeIgniter\View\View->CodeIgniter\View\{closure}()
 5 SYSTEMPATH\Common.php(1184): CodeIgniter\View\View->render('invoices/invoice_templates/invoice_show4', [], true)
 6 APPPATH\Controllers\Invoices.php(342): view('invoices/invoice_templates/invoice_show4', [...])
 7 SYSTEMPATH\CodeIgniter.php(934): App\Controllers\Invoices->get_invoice('2255')
 8 SYSTEMPATH\CodeIgniter.php(499): CodeIgniter\CodeIgniter->runController(Object(App\Controllers\Invoices))
 9 SYSTEMPATH\CodeIgniter.php(368): CodeIgniter\CodeIgniter->handleRequest(null, Object(Config\Cache), false)
10 FCPATH\index.php(67): CodeIgniter\CodeIgniter->run()
