CRITICAL - 2023-05-22 03:57:41 --> Trying to access array offset on value of type null
in APPPATH\Helpers\apanel_helper.php on line 3942.
 1 APPPATH\Helpers\apanel_helper.php(3942): CodeIgniter\Debug\Exceptions->errorHandler(2, 'Trying to access array offset on value of type null', 'APPPATH\\Helpers\\apanel_helper.php', 3942)
 2 APPPATH\Controllers\Fees_and_payments.php(3085): invoice_data('undefined', 'customer')
 3 SYSTEMPATH\CodeIgniter.php(934): App\Controllers\Fees_and_payments->get_all_fees_list('all', '8', 'undefined')
 4 SYSTEMPATH\CodeIgniter.php(499): CodeIgniter\CodeIgniter->runController(Object(App\Controllers\Fees_and_payments))
 5 SYSTEMPATH\CodeIgniter.php(368): CodeIgniter\CodeIgniter->handleRequest(null, Object(Config\Cache), false)
 6 FCPATH\index.php(67): CodeIgniter\CodeIgniter->run()
CRITICAL - 2023-05-22 04:07:11 --> Trying to access array offset on value of type null
in APPPATH\Helpers\apanel_helper.php on line 3942.
 1 APPPATH\Helpers\apanel_helper.php(3942): CodeIgniter\Debug\Exceptions->errorHandler(2, 'Trying to access array offset on value of type null', 'APPPATH\\Helpers\\apanel_helper.php', 3942)
 2 APPPATH\Controllers\Fees_and_payments.php(3085): invoice_data('undefined', 'customer')
 3 SYSTEMPATH\CodeIgniter.php(934): App\Controllers\Fees_and_payments->get_all_fees_list('all', '8', 'undefined')
 4 SYSTEMPATH\CodeIgniter.php(499): CodeIgniter\CodeIgniter->runController(Object(App\Controllers\Fees_and_payments))
 5 SYSTEMPATH\CodeIgniter.php(368): CodeIgniter\CodeIgniter->handleRequest(null, Object(Config\Cache), false)
 6 FCPATH\index.php(67): CodeIgniter\CodeIgniter->run()
CRITICAL - 2023-05-22 04:30:54 --> Trying to access array offset on value of type null
in APPPATH\Helpers\apanel_helper.php on line 3942.
 1 APPPATH\Helpers\apanel_helper.php(3942): CodeIgniter\Debug\Exceptions->errorHandler(2, 'Trying to access array offset on value of type null', 'APPPATH\\Helpers\\apanel_helper.php', 3942)
 2 APPPATH\Controllers\Fees_and_payments.php(3085): invoice_data('undefined', 'customer')
 3 SYSTEMPATH\CodeIgniter.php(934): App\Controllers\Fees_and_payments->get_all_fees_list('all', '8', 'undefined')
 4 SYSTEMPATH\CodeIgniter.php(499): CodeIgniter\CodeIgniter->runController(Object(App\Controllers\Fees_and_payments))
 5 SYSTEMPATH\CodeIgniter.php(368): CodeIgniter\CodeIgniter->handleRequest(null, Object(Config\Cache), false)
 6 FCPATH\index.php(67): CodeIgniter\CodeIgniter->run()
CRITICAL - 2023-05-22 04:31:46 --> Trying to access array offset on value of type null
in APPPATH\Helpers\apanel_helper.php on line 3942.
 1 APPPATH\Helpers\apanel_helper.php(3942): CodeIgniter\Debug\Exceptions->errorHandler(2, 'Trying to access array offset on value of type null', 'APPPATH\\Helpers\\apanel_helper.php', 3942)
 2 APPPATH\Controllers\Fees_and_payments.php(3085): invoice_data('undefined', 'customer')
 3 SYSTEMPATH\CodeIgniter.php(934): App\Controllers\Fees_and_payments->get_all_fees_list('all', '8', 'undefined')
 4 SYSTEMPATH\CodeIgniter.php(499): CodeIgniter\CodeIgniter->runController(Object(App\Controllers\Fees_and_payments))
 5 SYSTEMPATH\CodeIgniter.php(368): CodeIgniter\CodeIgniter->handleRequest(null, Object(Config\Cache), false)
 6 FCPATH\index.php(67): CodeIgniter\CodeIgniter->run()
CRITICAL - 2023-05-22 07:23:55 --> Trying to access array offset on value of type null
in APPPATH\Helpers\apanel_helper.php on line 3942.
 1 APPPATH\Helpers\apanel_helper.php(3942): CodeIgniter\Debug\Exceptions->errorHandler(2, 'Trying to access array offset on value of type null', 'APPPATH\\Helpers\\apanel_helper.php', 3942)
 2 APPPATH\Controllers\Fees_and_payments.php(3085): invoice_data('undefined', 'customer')
 3 SYSTEMPATH\CodeIgniter.php(934): App\Controllers\Fees_and_payments->get_all_fees_list('all', '8', 'undefined')
 4 SYSTEMPATH\CodeIgniter.php(499): CodeIgniter\CodeIgniter->runController(Object(App\Controllers\Fees_and_payments))
 5 SYSTEMPATH\CodeIgniter.php(368): CodeIgniter\CodeIgniter->handleRequest(null, Object(Config\Cache), false)
 6 FCPATH\index.php(67): CodeIgniter\CodeIgniter->run()
CRITICAL - 2023-05-22 07:24:51 --> Trying to access array offset on value of type null
in APPPATH\Helpers\apanel_helper.php on line 3942.
 1 APPPATH\Helpers\apanel_helper.php(3942): CodeIgniter\Debug\Exceptions->errorHandler(2, 'Trying to access array offset on value of type null', 'APPPATH\\Helpers\\apanel_helper.php', 3942)
 2 APPPATH\Controllers\Fees_and_payments.php(3085): invoice_data('undefined', 'customer')
 3 SYSTEMPATH\CodeIgniter.php(934): App\Controllers\Fees_and_payments->get_all_fees_list('all', '8', 'undefined')
 4 SYSTEMPATH\CodeIgniter.php(499): CodeIgniter\CodeIgniter->runController(Object(App\Controllers\Fees_and_payments))
 5 SYSTEMPATH\CodeIgniter.php(368): CodeIgniter\CodeIgniter->handleRequest(null, Object(Config\Cache), false)
 6 FCPATH\index.php(67): CodeIgniter\CodeIgniter->run()
