CRITICAL - 2023-03-16 03:27:46 --> Invalid file: "layout/sub_footer.php"
in SYSTEMPATH\Exceptions\FrameworkException.php on line 33.
 1 SYSTEMPATH\View\View.php(201): CodeIgniter\Exceptions\FrameworkException::forInvalidFile('layout/sub_footer.php')
 2 SYSTEMPATH\Common.php(1184): CodeIgniter\View\View->render('layout/sub_footer', [], true)
 3 APPPATH\Controllers\Notifications.php(74): view('layout/sub_footer')
 4 SYSTEMPATH\CodeIgniter.php(934): App\Controllers\Notifications->index()
 5 SYSTEMPATH\CodeIgniter.php(499): CodeIgniter\CodeIgniter->runController(Object(App\Controllers\Notifications))
 6 SYSTEMPATH\CodeIgniter.php(368): CodeIgniter\CodeIgniter->handleRequest(null, Object(Config\Cache), false)
 7 FCPATH\index.php(67): CodeIgniter\CodeIgniter->run()
CRITICAL - 2023-03-16 03:28:00 --> Invalid file: "layout/sub_footer.php"
in SYSTEMPATH\Exceptions\FrameworkException.php on line 33.
 1 SYSTEMPATH\View\View.php(201): CodeIgniter\Exceptions\FrameworkException::forInvalidFile('layout/sub_footer.php')
 2 SYSTEMPATH\Common.php(1184): CodeIgniter\View\View->render('layout/sub_footer', [], true)
 3 APPPATH\Controllers\Notifications.php(74): view('layout/sub_footer')
 4 SYSTEMPATH\CodeIgniter.php(934): App\Controllers\Notifications->index()
 5 SYSTEMPATH\CodeIgniter.php(499): CodeIgniter\CodeIgniter->runController(Object(App\Controllers\Notifications))
 6 SYSTEMPATH\CodeIgniter.php(368): CodeIgniter\CodeIgniter->handleRequest(null, Object(Config\Cache), false)
 7 FCPATH\index.php(67): CodeIgniter\CodeIgniter->run()
CRITICAL - 2023-03-16 03:43:50 --> syntax error, unexpected token "public"
in APPPATH\Controllers\Voucher_entries.php on line 131.
 1 SYSTEMPATH\Autoloader\Autoloader.php(289): CodeIgniter\Autoloader\Autoloader->includeFile('APPPATH\\Controllers\\Voucher_entries.php')
 2 SYSTEMPATH\Autoloader\Autoloader.php(267): CodeIgniter\Autoloader\Autoloader->loadInNamespace('App\\Controllers\\Voucher_entries')
 3 [internal function]: CodeIgniter\Autoloader\Autoloader->loadClass('App\\Controllers\\Voucher_entries')
 4 SYSTEMPATH\CodeIgniter.php(892): class_exists('\\App\\Controllers\\Voucher_entries', true)
 5 SYSTEMPATH\CodeIgniter.php(486): CodeIgniter\CodeIgniter->startController()
 6 SYSTEMPATH\CodeIgniter.php(368): CodeIgniter\CodeIgniter->handleRequest(null, Object(Config\Cache), false)
 7 FCPATH\index.php(67): CodeIgniter\CodeIgniter->run()
CRITICAL - 2023-03-16 03:44:06 --> Class "App\Controllers\InvoiceModel" not found
in APPPATH\Controllers\Voucher_entries.php on line 141.
 1 SYSTEMPATH\CodeIgniter.php(934): App\Controllers\Voucher_entries->select()
 2 SYSTEMPATH\CodeIgniter.php(499): CodeIgniter\CodeIgniter->runController(Object(App\Controllers\Voucher_entries))
 3 SYSTEMPATH\CodeIgniter.php(368): CodeIgniter\CodeIgniter->handleRequest(null, Object(Config\Cache), false)
 4 FCPATH\index.php(67): CodeIgniter\CodeIgniter->run()
CRITICAL - 2023-03-16 03:44:35 --> Class "App\Controllers\InvoiceModel" not found
in APPPATH\Controllers\Voucher_entries.php on line 141.
 1 SYSTEMPATH\CodeIgniter.php(934): App\Controllers\Voucher_entries->select()
 2 SYSTEMPATH\CodeIgniter.php(499): CodeIgniter\CodeIgniter->runController(Object(App\Controllers\Voucher_entries))
 3 SYSTEMPATH\CodeIgniter.php(368): CodeIgniter\CodeIgniter->handleRequest(null, Object(Config\Cache), false)
 4 FCPATH\index.php(67): CodeIgniter\CodeIgniter->run()
CRITICAL - 2023-03-16 03:44:52 --> Undefined variable $year_data
in APPPATH\Controllers\Voucher_entries.php on line 152.
 1 APPPATH\Controllers\Voucher_entries.php(152): CodeIgniter\Debug\Exceptions->errorHandler(2, 'Undefined variable $year_data', 'APPPATH\\Controllers\\Voucher_entries.php', 152)
 2 SYSTEMPATH\CodeIgniter.php(934): App\Controllers\Voucher_entries->select()
 3 SYSTEMPATH\CodeIgniter.php(499): CodeIgniter\CodeIgniter->runController(Object(App\Controllers\Voucher_entries))
 4 SYSTEMPATH\CodeIgniter.php(368): CodeIgniter\CodeIgniter->handleRequest(null, Object(Config\Cache), false)
 5 FCPATH\index.php(67): CodeIgniter\CodeIgniter->run()
CRITICAL - 2023-03-16 05:53:06 --> Undefined variable $customer_data
in APPPATH\Views\voucher_entries\select.php on line 129.
 1 APPPATH\Views\voucher_entries\select.php(129): CodeIgniter\Debug\Exceptions->errorHandler(2, 'Undefined variable $customer_data', 'APPPATH\\Views\\voucher_entries\\select.php', 129)
 2 SYSTEMPATH\View\View.php(213): include('APPPATH\\Views\\voucher_entries\\select.php')
 3 SYSTEMPATH\View\View.php(216): CodeIgniter\View\View->CodeIgniter\View\{closure}()
 4 SYSTEMPATH\Common.php(1184): CodeIgniter\View\View->render('voucher_entries/select', [], true)
 5 APPPATH\Controllers\Voucher_entries.php(178): view('voucher_entries/select')
 6 SYSTEMPATH\CodeIgniter.php(934): App\Controllers\Voucher_entries->select()
 7 SYSTEMPATH\CodeIgniter.php(499): CodeIgniter\CodeIgniter->runController(Object(App\Controllers\Voucher_entries))
 8 SYSTEMPATH\CodeIgniter.php(368): CodeIgniter\CodeIgniter->handleRequest(null, Object(Config\Cache), false)
 9 FCPATH\index.php(67): CodeIgniter\CodeIgniter->run()
CRITICAL - 2023-03-16 05:53:47 --> Undefined variable $pager
in APPPATH\Views\voucher_entries\select.php on line 98.
 1 APPPATH\Views\voucher_entries\select.php(98): CodeIgniter\Debug\Exceptions->errorHandler(2, 'Undefined variable $pager', 'APPPATH\\Views\\voucher_entries\\select.php', 98)
 2 SYSTEMPATH\View\View.php(213): include('APPPATH\\Views\\voucher_entries\\select.php')
 3 SYSTEMPATH\View\View.php(216): CodeIgniter\View\View->CodeIgniter\View\{closure}()
 4 SYSTEMPATH\Common.php(1184): CodeIgniter\View\View->render('voucher_entries/select', [], true)
 5 APPPATH\Controllers\Voucher_entries.php(178): view('voucher_entries/select')
 6 SYSTEMPATH\CodeIgniter.php(934): App\Controllers\Voucher_entries->select()
 7 SYSTEMPATH\CodeIgniter.php(499): CodeIgniter\CodeIgniter->runController(Object(App\Controllers\Voucher_entries))
 8 SYSTEMPATH\CodeIgniter.php(368): CodeIgniter\CodeIgniter->handleRequest(null, Object(Config\Cache), false)
 9 FCPATH\index.php(67): CodeIgniter\CodeIgniter->run()
