CRITICAL - 2023-04-01 03:35:34 --> Too few arguments to function academic_year_value(), 1 passed in C:\xampp\htdocs\SpriteGenix_app\app\Views\main_menu.php on line 28 and exactly 2 expected
in APPPATH\Helpers\school_helper.php on line 345.
 1 APPPATH\Views\main_menu.php(28): academic_year_value('1')
 2 SYSTEMPATH\View\View.php(213): include('APPPATH\\Views\\main_menu.php')
 3 SYSTEMPATH\View\View.php(216): CodeIgniter\View\View->CodeIgniter\View\{closure}()
 4 SYSTEMPATH\Common.php(1184): CodeIgniter\View\View->render('main_menu', [], true)
 5 APPPATH\Controllers\Home.php(128): view('main_menu')
 6 SYSTEMPATH\CodeIgniter.php(934): App\Controllers\Home->index()
 7 SYSTEMPATH\CodeIgniter.php(499): CodeIgniter\CodeIgniter->runController(Object(App\Controllers\Home))
 8 SYSTEMPATH\CodeIgniter.php(368): CodeIgniter\CodeIgniter->handleRequest(null, Object(Config\Cache), false)
 9 FCPATH\index.php(67): CodeIgniter\CodeIgniter->run()
CRITICAL - 2023-04-01 07:21:31 --> Undefined array key "subunit"
in APPPATH\Views\products\products.php on line 434.
 1 APPPATH\Views\products\products.php(434): CodeIgniter\Debug\Exceptions->errorHandler(2, 'Undefined array key "subunit"', 'APPPATH\\Views\\products\\products.php', 434)
 2 SYSTEMPATH\View\View.php(213): include('APPPATH\\Views\\products\\products.php')
 3 SYSTEMPATH\View\View.php(216): CodeIgniter\View\View->CodeIgniter\View\{closure}()
 4 SYSTEMPATH\Common.php(1184): CodeIgniter\View\View->render('products/products', [], true)
 5 APPPATH\Controllers\Products.php(179): view('products/products', [...])
 6 SYSTEMPATH\CodeIgniter.php(934): App\Controllers\Products->index()
 7 SYSTEMPATH\CodeIgniter.php(499): CodeIgniter\CodeIgniter->runController(Object(App\Controllers\Products))
 8 SYSTEMPATH\CodeIgniter.php(368): CodeIgniter\CodeIgniter->handleRequest(null, Object(Config\Cache), false)
 9 FCPATH\index.php(67): CodeIgniter\CodeIgniter->run()
CRITICAL - 2023-04-01 09:32:25 --> Undefined array key "unit"
in APPPATH\Controllers\Sales.php on line 1335.
 1 APPPATH\Controllers\Sales.php(1335): CodeIgniter\Debug\Exceptions->errorHandler(2, 'Undefined array key "unit"', 'APPPATH\\Controllers\\Sales.php', 1335)
 2 SYSTEMPATH\CodeIgniter.php(934): App\Controllers\Sales->display_products()
 3 SYSTEMPATH\CodeIgniter.php(499): CodeIgniter\CodeIgniter->runController(Object(App\Controllers\Sales))
 4 SYSTEMPATH\CodeIgniter.php(368): CodeIgniter\CodeIgniter->handleRequest(null, Object(Config\Cache), false)
 5 FCPATH\index.php(67): CodeIgniter\CodeIgniter->run()
CRITICAL - 2023-04-01 09:32:37 --> Undefined array key "unit"
in APPPATH\Controllers\Sales.php on line 1335.
 1 APPPATH\Controllers\Sales.php(1335): CodeIgniter\Debug\Exceptions->errorHandler(2, 'Undefined array key "unit"', 'APPPATH\\Controllers\\Sales.php', 1335)
 2 SYSTEMPATH\CodeIgniter.php(934): App\Controllers\Sales->display_products()
 3 SYSTEMPATH\CodeIgniter.php(499): CodeIgniter\CodeIgniter->runController(Object(App\Controllers\Sales))
 4 SYSTEMPATH\CodeIgniter.php(368): CodeIgniter\CodeIgniter->handleRequest(null, Object(Config\Cache), false)
 5 FCPATH\index.php(67): CodeIgniter\CodeIgniter->run()
CRITICAL - 2023-04-01 09:33:27 --> Undefined array key "unit"
in APPPATH\Controllers\Sales.php on line 1335.
 1 APPPATH\Controllers\Sales.php(1335): CodeIgniter\Debug\Exceptions->errorHandler(2, 'Undefined array key "unit"', 'APPPATH\\Controllers\\Sales.php', 1335)
 2 SYSTEMPATH\CodeIgniter.php(934): App\Controllers\Sales->display_products()
 3 SYSTEMPATH\CodeIgniter.php(499): CodeIgniter\CodeIgniter->runController(Object(App\Controllers\Sales))
 4 SYSTEMPATH\CodeIgniter.php(368): CodeIgniter\CodeIgniter->handleRequest(null, Object(Config\Cache), false)
 5 FCPATH\index.php(67): CodeIgniter\CodeIgniter->run()
CRITICAL - 2023-04-01 09:33:43 --> Undefined array key "unit"
in APPPATH\Controllers\Sales.php on line 1335.
 1 APPPATH\Controllers\Sales.php(1335): CodeIgniter\Debug\Exceptions->errorHandler(2, 'Undefined array key "unit"', 'APPPATH\\Controllers\\Sales.php', 1335)
 2 SYSTEMPATH\CodeIgniter.php(934): App\Controllers\Sales->display_products()
 3 SYSTEMPATH\CodeIgniter.php(499): CodeIgniter\CodeIgniter->runController(Object(App\Controllers\Sales))
 4 SYSTEMPATH\CodeIgniter.php(368): CodeIgniter\CodeIgniter->handleRequest(null, Object(Config\Cache), false)
 5 FCPATH\index.php(67): CodeIgniter\CodeIgniter->run()
CRITICAL - 2023-04-01 09:34:48 --> Undefined array key "unit"
in APPPATH\Controllers\Sales.php on line 1336.
 1 APPPATH\Controllers\Sales.php(1336): CodeIgniter\Debug\Exceptions->errorHandler(2, 'Undefined array key "unit"', 'APPPATH\\Controllers\\Sales.php', 1336)
 2 SYSTEMPATH\CodeIgniter.php(934): App\Controllers\Sales->display_products()
 3 SYSTEMPATH\CodeIgniter.php(499): CodeIgniter\CodeIgniter->runController(Object(App\Controllers\Sales))
 4 SYSTEMPATH\CodeIgniter.php(368): CodeIgniter\CodeIgniter->handleRequest(null, Object(Config\Cache), false)
 5 FCPATH\index.php(67): CodeIgniter\CodeIgniter->run()
