CRITICAL - 2023-03-22 04:33:19 --> Call to undefined function App\Controllers\is_organisation()
in APPPATH\Controllers\Fees_and_payments.php on line 522.
 1 SYSTEMPATH\CodeIgniter.php(934): App\Controllers\Fees_and_payments->generate_invoices_for_class('290', '5')
 2 SYSTEMPATH\CodeIgniter.php(499): CodeIgniter\CodeIgniter->runController(Object(App\Controllers\Fees_and_payments))
 3 SYSTEMPATH\CodeIgniter.php(368): CodeIgniter\CodeIgniter->handleRequest(null, Object(Config\Cache), false)
 4 FCPATH\index.php(67): CodeIgniter\CodeIgniter->run()
CRITICAL - 2023-03-22 04:37:43 --> Call to undefined function App\Controllers\is_organisation()
in APPPATH\Controllers\Fees_and_payments.php on line 667.
 1 SYSTEMPATH\CodeIgniter.php(934): App\Controllers\Fees_and_payments->generate_challan_for_all('290')
 2 SYSTEMPATH\CodeIgniter.php(499): CodeIgniter\CodeIgniter->runController(Object(App\Controllers\Fees_and_payments))
 3 SYSTEMPATH\CodeIgniter.php(368): CodeIgniter\CodeIgniter->handleRequest(null, Object(Config\Cache), false)
 4 FCPATH\index.php(67): CodeIgniter\CodeIgniter->run()
CRITICAL - 2023-03-22 04:38:11 --> Too few arguments to function now_time(), 0 passed in C:\xampp\htdocs\SpriteGenix_app\app\Controllers\Fees_and_payments.php on line 705 and exactly 1 expected
in APPPATH\Helpers\apanel_helper.php on line 4183.
 1 APPPATH\Controllers\Fees_and_payments.php(705): now_time()
 2 SYSTEMPATH\CodeIgniter.php(934): App\Controllers\Fees_and_payments->generate_challan_for_all('290')
 3 SYSTEMPATH\CodeIgniter.php(499): CodeIgniter\CodeIgniter->runController(Object(App\Controllers\Fees_and_payments))
 4 SYSTEMPATH\CodeIgniter.php(368): CodeIgniter\CodeIgniter->handleRequest(null, Object(Config\Cache), false)
 5 FCPATH\index.php(67): CodeIgniter\CodeIgniter->run()
CRITICAL - 2023-03-22 04:39:15 --> Too few arguments to function now_time(), 0 passed in C:\xampp\htdocs\SpriteGenix_app\app\Controllers\Fees_and_payments.php on line 705 and exactly 1 expected
in APPPATH\Helpers\apanel_helper.php on line 4183.
 1 APPPATH\Controllers\Fees_and_payments.php(705): now_time()
 2 SYSTEMPATH\CodeIgniter.php(934): App\Controllers\Fees_and_payments->generate_challan_for_all('290')
 3 SYSTEMPATH\CodeIgniter.php(499): CodeIgniter\CodeIgniter->runController(Object(App\Controllers\Fees_and_payments))
 4 SYSTEMPATH\CodeIgniter.php(368): CodeIgniter\CodeIgniter->handleRequest(null, Object(Config\Cache), false)
 5 FCPATH\index.php(67): CodeIgniter\CodeIgniter->run()
CRITICAL - 2023-03-22 05:10:50 --> Trying to access array offset on value of type null
in APPPATH\Controllers\Accounting_library.php on line 227.
 1 APPPATH\Controllers\Accounting_library.php(227): CodeIgniter\Debug\Exceptions->errorHandler(2, 'Trying to access array offset on value of type null', 'APPPATH\\Controllers\\Accounting_library.php', 227)
 2 SYSTEMPATH\CodeIgniter.php(934): App\Controllers\Accounting_library->index()
 3 SYSTEMPATH\CodeIgniter.php(499): CodeIgniter\CodeIgniter->runController(Object(App\Controllers\Accounting_library))
 4 SYSTEMPATH\CodeIgniter.php(368): CodeIgniter\CodeIgniter->handleRequest(null, Object(Config\Cache), false)
 5 FCPATH\index.php(67): CodeIgniter\CodeIgniter->run()
CRITICAL - 2023-03-22 05:11:34 --> Trying to access array offset on value of type null
in APPPATH\Controllers\Accounting_library.php on line 227.
 1 APPPATH\Controllers\Accounting_library.php(227): CodeIgniter\Debug\Exceptions->errorHandler(2, 'Trying to access array offset on value of type null', 'APPPATH\\Controllers\\Accounting_library.php', 227)
 2 SYSTEMPATH\CodeIgniter.php(934): App\Controllers\Accounting_library->index()
 3 SYSTEMPATH\CodeIgniter.php(499): CodeIgniter\CodeIgniter->runController(Object(App\Controllers\Accounting_library))
 4 SYSTEMPATH\CodeIgniter.php(368): CodeIgniter\CodeIgniter->handleRequest(null, Object(Config\Cache), false)
 5 FCPATH\index.php(67): CodeIgniter\CodeIgniter->run()
CRITICAL - 2023-03-22 05:11:38 --> Trying to access array offset on value of type null
in APPPATH\Controllers\Accounting_library.php on line 227.
 1 APPPATH\Controllers\Accounting_library.php(227): CodeIgniter\Debug\Exceptions->errorHandler(2, 'Trying to access array offset on value of type null', 'APPPATH\\Controllers\\Accounting_library.php', 227)
 2 SYSTEMPATH\CodeIgniter.php(934): App\Controllers\Accounting_library->index()
 3 SYSTEMPATH\CodeIgniter.php(499): CodeIgniter\CodeIgniter->runController(Object(App\Controllers\Accounting_library))
 4 SYSTEMPATH\CodeIgniter.php(368): CodeIgniter\CodeIgniter->handleRequest(null, Object(Config\Cache), false)
 5 FCPATH\index.php(67): CodeIgniter\CodeIgniter->run()
CRITICAL - 2023-03-22 05:12:06 --> Trying to access array offset on value of type null
in APPPATH\Controllers\Accounting_library.php on line 227.
 1 APPPATH\Controllers\Accounting_library.php(227): CodeIgniter\Debug\Exceptions->errorHandler(2, 'Trying to access array offset on value of type null', 'APPPATH\\Controllers\\Accounting_library.php', 227)
 2 SYSTEMPATH\CodeIgniter.php(934): App\Controllers\Accounting_library->index()
 3 SYSTEMPATH\CodeIgniter.php(499): CodeIgniter\CodeIgniter->runController(Object(App\Controllers\Accounting_library))
 4 SYSTEMPATH\CodeIgniter.php(368): CodeIgniter\CodeIgniter->handleRequest(null, Object(Config\Cache), false)
 5 FCPATH\index.php(67): CodeIgniter\CodeIgniter->run()
CRITICAL - 2023-03-22 05:12:14 --> Trying to access array offset on value of type null
in APPPATH\Controllers\Accounting_library.php on line 227.
 1 APPPATH\Controllers\Accounting_library.php(227): CodeIgniter\Debug\Exceptions->errorHandler(2, 'Trying to access array offset on value of type null', 'APPPATH\\Controllers\\Accounting_library.php', 227)
 2 SYSTEMPATH\CodeIgniter.php(934): App\Controllers\Accounting_library->index()
 3 SYSTEMPATH\CodeIgniter.php(499): CodeIgniter\CodeIgniter->runController(Object(App\Controllers\Accounting_library))
 4 SYSTEMPATH\CodeIgniter.php(368): CodeIgniter\CodeIgniter->handleRequest(null, Object(Config\Cache), false)
 5 FCPATH\index.php(67): CodeIgniter\CodeIgniter->run()
CRITICAL - 2023-03-22 05:12:18 --> Trying to access array offset on value of type null
in APPPATH\Controllers\Accounting_library.php on line 227.
 1 APPPATH\Controllers\Accounting_library.php(227): CodeIgniter\Debug\Exceptions->errorHandler(2, 'Trying to access array offset on value of type null', 'APPPATH\\Controllers\\Accounting_library.php', 227)
 2 SYSTEMPATH\CodeIgniter.php(934): App\Controllers\Accounting_library->index()
 3 SYSTEMPATH\CodeIgniter.php(499): CodeIgniter\CodeIgniter->runController(Object(App\Controllers\Accounting_library))
 4 SYSTEMPATH\CodeIgniter.php(368): CodeIgniter\CodeIgniter->handleRequest(null, Object(Config\Cache), false)
 5 FCPATH\index.php(67): CodeIgniter\CodeIgniter->run()
CRITICAL - 2023-03-22 05:12:28 --> Trying to access array offset on value of type null
in APPPATH\Controllers\Accounting_library.php on line 227.
 1 APPPATH\Controllers\Accounting_library.php(227): CodeIgniter\Debug\Exceptions->errorHandler(2, 'Trying to access array offset on value of type null', 'APPPATH\\Controllers\\Accounting_library.php', 227)
 2 SYSTEMPATH\CodeIgniter.php(934): App\Controllers\Accounting_library->index()
 3 SYSTEMPATH\CodeIgniter.php(499): CodeIgniter\CodeIgniter->runController(Object(App\Controllers\Accounting_library))
 4 SYSTEMPATH\CodeIgniter.php(368): CodeIgniter\CodeIgniter->handleRequest(null, Object(Config\Cache), false)
 5 FCPATH\index.php(67): CodeIgniter\CodeIgniter->run()
CRITICAL - 2023-03-22 05:50:29 --> Call to undefined function App\Controllers\is_organisation()
in APPPATH\Controllers\Fees_and_payments.php on line 1012.
 1 SYSTEMPATH\CodeIgniter.php(934): App\Controllers\Fees_and_payments->view_challan('31')
 2 SYSTEMPATH\CodeIgniter.php(499): CodeIgniter\CodeIgniter->runController(Object(App\Controllers\Fees_and_payments))
 3 SYSTEMPATH\CodeIgniter.php(368): CodeIgniter\CodeIgniter->handleRequest(null, Object(Config\Cache), false)
 4 FCPATH\index.php(67): CodeIgniter\CodeIgniter->run()
CRITICAL - 2023-03-22 05:51:15 --> Call to undefined function products_optional_array()
in APPPATH\Views\fees\view_challan.php on line 149.
 1 SYSTEMPATH\View\View.php(213): include()
 2 SYSTEMPATH\View\View.php(216): CodeIgniter\View\View->CodeIgniter\View\{closure}()
 3 SYSTEMPATH\Common.php(1184): CodeIgniter\View\View->render('fees/view_challan', [], true)
 4 APPPATH\Controllers\Fees_and_payments.php(1043): view('fees/view_challan')
 5 SYSTEMPATH\CodeIgniter.php(934): App\Controllers\Fees_and_payments->view_challan('31')
 6 SYSTEMPATH\CodeIgniter.php(499): CodeIgniter\CodeIgniter->runController(Object(App\Controllers\Fees_and_payments))
 7 SYSTEMPATH\CodeIgniter.php(368): CodeIgniter\CodeIgniter->handleRequest(null, Object(Config\Cache), false)
 8 FCPATH\index.php(67): CodeIgniter\CodeIgniter->run()
CRITICAL - 2023-03-22 05:52:03 --> Class "ProductModel" not found
in APPPATH\Helpers\school_helper.php on line 48.
 1 APPPATH\Views\fees\view_challan.php(149): products_optional_array('1')
 2 SYSTEMPATH\View\View.php(213): include('APPPATH\\Views\\fees\\view_challan.php')
 3 SYSTEMPATH\View\View.php(216): CodeIgniter\View\View->CodeIgniter\View\{closure}()
 4 SYSTEMPATH\Common.php(1184): CodeIgniter\View\View->render('fees/view_challan', [], true)
 5 APPPATH\Controllers\Fees_and_payments.php(1043): view('fees/view_challan')
 6 SYSTEMPATH\CodeIgniter.php(934): App\Controllers\Fees_and_payments->view_challan('31')
 7 SYSTEMPATH\CodeIgniter.php(499): CodeIgniter\CodeIgniter->runController(Object(App\Controllers\Fees_and_payments))
 8 SYSTEMPATH\CodeIgniter.php(368): CodeIgniter\CodeIgniter->handleRequest(null, Object(Config\Cache), false)
 9 FCPATH\index.php(67): CodeIgniter\CodeIgniter->run()
CRITICAL - 2023-03-22 05:52:15 --> Call to undefined function is_exist_in_invoice_items()
in APPPATH\Views\fees\view_challan.php on line 157.
 1 SYSTEMPATH\View\View.php(213): include()
 2 SYSTEMPATH\View\View.php(216): CodeIgniter\View\View->CodeIgniter\View\{closure}()
 3 SYSTEMPATH\Common.php(1184): CodeIgniter\View\View->render('fees/view_challan', [], true)
 4 APPPATH\Controllers\Fees_and_payments.php(1043): view('fees/view_challan')
 5 SYSTEMPATH\CodeIgniter.php(934): App\Controllers\Fees_and_payments->view_challan('31')
 6 SYSTEMPATH\CodeIgniter.php(499): CodeIgniter\CodeIgniter->runController(Object(App\Controllers\Fees_and_payments))
 7 SYSTEMPATH\CodeIgniter.php(368): CodeIgniter\CodeIgniter->handleRequest(null, Object(Config\Cache), false)
 8 FCPATH\index.php(67): CodeIgniter\CodeIgniter->run()
CRITICAL - 2023-03-22 05:52:39 --> Class "InvoiceItemsModel" not found
in APPPATH\Helpers\school_helper.php on line 54.
 1 APPPATH\Views\fees\view_challan.php(157): is_exist_in_invoice_items('31', '42')
 2 SYSTEMPATH\View\View.php(213): include('APPPATH\\Views\\fees\\view_challan.php')
 3 SYSTEMPATH\View\View.php(216): CodeIgniter\View\View->CodeIgniter\View\{closure}()
 4 SYSTEMPATH\Common.php(1184): CodeIgniter\View\View->render('fees/view_challan', [], true)
 5 APPPATH\Controllers\Fees_and_payments.php(1043): view('fees/view_challan')
 6 SYSTEMPATH\CodeIgniter.php(934): App\Controllers\Fees_and_payments->view_challan('31')
 7 SYSTEMPATH\CodeIgniter.php(499): CodeIgniter\CodeIgniter->runController(Object(App\Controllers\Fees_and_payments))
 8 SYSTEMPATH\CodeIgniter.php(368): CodeIgniter\CodeIgniter->handleRequest(null, Object(Config\Cache), false)
 9 FCPATH\index.php(67): CodeIgniter\CodeIgniter->run()
CRITICAL - 2023-03-22 05:52:55 --> Call to undefined function currency_symbol_for_sms()
in APPPATH\Views\fees\view_challan.php on line 246.
 1 SYSTEMPATH\View\View.php(213): include()
 2 SYSTEMPATH\View\View.php(216): CodeIgniter\View\View->CodeIgniter\View\{closure}()
 3 SYSTEMPATH\Common.php(1184): CodeIgniter\View\View->render('fees/view_challan', [], true)
 4 APPPATH\Controllers\Fees_and_payments.php(1043): view('fees/view_challan')
 5 SYSTEMPATH\CodeIgniter.php(934): App\Controllers\Fees_and_payments->view_challan('31')
 6 SYSTEMPATH\CodeIgniter.php(499): CodeIgniter\CodeIgniter->runController(Object(App\Controllers\Fees_and_payments))
 7 SYSTEMPATH\CodeIgniter.php(368): CodeIgniter\CodeIgniter->handleRequest(null, Object(Config\Cache), false)
 8 FCPATH\index.php(67): CodeIgniter\CodeIgniter->run()
CRITICAL - 2023-03-22 05:53:24 --> Call to undefined function organisation_name()
in APPPATH\Views\fees\view_challan.php on line 249.
 1 SYSTEMPATH\View\View.php(213): include()
 2 SYSTEMPATH\View\View.php(216): CodeIgniter\View\View->CodeIgniter\View\{closure}()
 3 SYSTEMPATH\Common.php(1184): CodeIgniter\View\View->render('fees/view_challan', [], true)
 4 APPPATH\Controllers\Fees_and_payments.php(1043): view('fees/view_challan')
 5 SYSTEMPATH\CodeIgniter.php(934): App\Controllers\Fees_and_payments->view_challan('31')
 6 SYSTEMPATH\CodeIgniter.php(499): CodeIgniter\CodeIgniter->runController(Object(App\Controllers\Fees_and_payments))
 7 SYSTEMPATH\CodeIgniter.php(368): CodeIgniter\CodeIgniter->handleRequest(null, Object(Config\Cache), false)
 8 FCPATH\index.php(67): CodeIgniter\CodeIgniter->run()
CRITICAL - 2023-03-22 05:53:49 --> Class "OrganisationModel" not found
in APPPATH\Helpers\school_helper.php on line 29.
 1 APPPATH\Views\fees\view_challan.php(249): organisation_name('1')
 2 SYSTEMPATH\View\View.php(213): include('APPPATH\\Views\\fees\\view_challan.php')
 3 SYSTEMPATH\View\View.php(216): CodeIgniter\View\View->CodeIgniter\View\{closure}()
 4 SYSTEMPATH\Common.php(1184): CodeIgniter\View\View->render('fees/view_challan', [], true)
 5 APPPATH\Controllers\Fees_and_payments.php(1043): view('fees/view_challan')
 6 SYSTEMPATH\CodeIgniter.php(934): App\Controllers\Fees_and_payments->view_challan('31')
 7 SYSTEMPATH\CodeIgniter.php(499): CodeIgniter\CodeIgniter->runController(Object(App\Controllers\Fees_and_payments))
 8 SYSTEMPATH\CodeIgniter.php(368): CodeIgniter\CodeIgniter->handleRequest(null, Object(Config\Cache), false)
 9 FCPATH\index.php(67): CodeIgniter\CodeIgniter->run()
CRITICAL - 2023-03-22 05:56:04 --> Call to undefined function App\Controllers\is_organisation()
in APPPATH\Controllers\Fees_and_payments.php on line 1069.
 1 SYSTEMPATH\CodeIgniter.php(934): App\Controllers\Fees_and_payments->get_challan('31')
 2 SYSTEMPATH\CodeIgniter.php(499): CodeIgniter\CodeIgniter->runController(Object(App\Controllers\Fees_and_payments))
 3 SYSTEMPATH\CodeIgniter.php(368): CodeIgniter\CodeIgniter->handleRequest(null, Object(Config\Cache), false)
 4 FCPATH\index.php(67): CodeIgniter\CodeIgniter->run()
CRITICAL - 2023-03-22 05:57:08 --> Call to undefined function organisation_logo()
in APPPATH\Views\fees\challan_design.php on line 17.
 1 SYSTEMPATH\View\View.php(213): include()
 2 SYSTEMPATH\View\View.php(216): CodeIgniter\View\View->CodeIgniter\View\{closure}()
 3 SYSTEMPATH\Common.php(1184): CodeIgniter\View\View->render('fees/challan_design', [], true)
 4 APPPATH\Controllers\Fees_and_payments.php(1086): view('fees/challan_design', [...])
 5 SYSTEMPATH\CodeIgniter.php(934): App\Controllers\Fees_and_payments->get_challan('31')
 6 SYSTEMPATH\CodeIgniter.php(499): CodeIgniter\CodeIgniter->runController(Object(App\Controllers\Fees_and_payments))
 7 SYSTEMPATH\CodeIgniter.php(368): CodeIgniter\CodeIgniter->handleRequest(null, Object(Config\Cache), false)
 8 FCPATH\index.php(67): CodeIgniter\CodeIgniter->run()
CRITICAL - 2023-03-22 05:57:43 --> Call to undefined function get_organisation_settings()
in APPPATH\Views\fees\challan_design.php on line 109.
 1 SYSTEMPATH\View\View.php(213): include()
 2 SYSTEMPATH\View\View.php(216): CodeIgniter\View\View->CodeIgniter\View\{closure}()
 3 SYSTEMPATH\Common.php(1184): CodeIgniter\View\View->render('fees/challan_design', [], true)
 4 APPPATH\Controllers\Fees_and_payments.php(1086): view('fees/challan_design', [...])
 5 SYSTEMPATH\CodeIgniter.php(934): App\Controllers\Fees_and_payments->get_challan('31')
 6 SYSTEMPATH\CodeIgniter.php(499): CodeIgniter\CodeIgniter->runController(Object(App\Controllers\Fees_and_payments))
 7 SYSTEMPATH\CodeIgniter.php(368): CodeIgniter\CodeIgniter->handleRequest(null, Object(Config\Cache), false)
 8 FCPATH\index.php(67): CodeIgniter\CodeIgniter->run()
CRITICAL - 2023-03-22 05:58:12 --> Class "CompanysettingModel" not found
in APPPATH\Helpers\school_helper.php on line 68.
 1 APPPATH\Views\fees\challan_design.php(109): get_organisation_settings('1', 'footer_title')
 2 SYSTEMPATH\View\View.php(213): include('APPPATH\\Views\\fees\\challan_design.php')
 3 SYSTEMPATH\View\View.php(216): CodeIgniter\View\View->CodeIgniter\View\{closure}()
 4 SYSTEMPATH\Common.php(1184): CodeIgniter\View\View->render('fees/challan_design', [], true)
 5 APPPATH\Controllers\Fees_and_payments.php(1086): view('fees/challan_design', [...])
 6 SYSTEMPATH\CodeIgniter.php(934): App\Controllers\Fees_and_payments->get_challan('31')
 7 SYSTEMPATH\CodeIgniter.php(499): CodeIgniter\CodeIgniter->runController(Object(App\Controllers\Fees_and_payments))
 8 SYSTEMPATH\CodeIgniter.php(368): CodeIgniter\CodeIgniter->handleRequest(null, Object(Config\Cache), false)
 9 FCPATH\index.php(67): CodeIgniter\CodeIgniter->run()
CRITICAL - 2023-03-22 05:58:22 --> Class "CompanySettings" not found
in APPPATH\Helpers\school_helper.php on line 68.
 1 APPPATH\Views\fees\challan_design.php(109): get_organisation_settings('1', 'footer_title')
 2 SYSTEMPATH\View\View.php(213): include('APPPATH\\Views\\fees\\challan_design.php')
 3 SYSTEMPATH\View\View.php(216): CodeIgniter\View\View->CodeIgniter\View\{closure}()
 4 SYSTEMPATH\Common.php(1184): CodeIgniter\View\View->render('fees/challan_design', [], true)
 5 APPPATH\Controllers\Fees_and_payments.php(1086): view('fees/challan_design', [...])
 6 SYSTEMPATH\CodeIgniter.php(934): App\Controllers\Fees_and_payments->get_challan('31')
 7 SYSTEMPATH\CodeIgniter.php(499): CodeIgniter\CodeIgniter->runController(Object(App\Controllers\Fees_and_payments))
 8 SYSTEMPATH\CodeIgniter.php(368): CodeIgniter\CodeIgniter->handleRequest(null, Object(Config\Cache), false)
 9 FCPATH\index.php(67): CodeIgniter\CodeIgniter->run()
CRITICAL - 2023-03-22 05:58:39 --> Undefined array key "sign_logo"
in APPPATH\Helpers\school_helper.php on line 72.
 1 APPPATH\Helpers\school_helper.php(72): CodeIgniter\Debug\Exceptions->errorHandler(2, 'Undefined array key "sign_logo"', 'APPPATH\\Helpers\\school_helper.php', 72)
 2 APPPATH\Views\fees\challan_design.php(115): get_organisation_settings('1', 'sign_logo')
 3 SYSTEMPATH\View\View.php(213): include('APPPATH\\Views\\fees\\challan_design.php')
 4 SYSTEMPATH\View\View.php(216): CodeIgniter\View\View->CodeIgniter\View\{closure}()
 5 SYSTEMPATH\Common.php(1184): CodeIgniter\View\View->render('fees/challan_design', [], true)
 6 APPPATH\Controllers\Fees_and_payments.php(1086): view('fees/challan_design', [...])
 7 SYSTEMPATH\CodeIgniter.php(934): App\Controllers\Fees_and_payments->get_challan('31')
 8 SYSTEMPATH\CodeIgniter.php(499): CodeIgniter\CodeIgniter->runController(Object(App\Controllers\Fees_and_payments))
 9 SYSTEMPATH\CodeIgniter.php(368): CodeIgniter\CodeIgniter->handleRequest(null, Object(Config\Cache), false)
10 FCPATH\index.php(67): CodeIgniter\CodeIgniter->run()
CRITICAL - 2023-03-22 06:01:33 --> Undefined array key "bank"
in APPPATH\Helpers\school_helper.php on line 72.
 1 APPPATH\Helpers\school_helper.php(72): CodeIgniter\Debug\Exceptions->errorHandler(2, 'Undefined array key "bank"', 'APPPATH\\Helpers\\school_helper.php', 72)
 2 APPPATH\Views\fees\challan_design.php(125): get_organisation_settings('1', 'bank')
 3 SYSTEMPATH\View\View.php(213): include('APPPATH\\Views\\fees\\challan_design.php')
 4 SYSTEMPATH\View\View.php(216): CodeIgniter\View\View->CodeIgniter\View\{closure}()
 5 SYSTEMPATH\Common.php(1184): CodeIgniter\View\View->render('fees/challan_design', [], true)
 6 APPPATH\Controllers\Fees_and_payments.php(1086): view('fees/challan_design', [...])
 7 SYSTEMPATH\CodeIgniter.php(934): App\Controllers\Fees_and_payments->get_challan('31')
 8 SYSTEMPATH\CodeIgniter.php(499): CodeIgniter\CodeIgniter->runController(Object(App\Controllers\Fees_and_payments))
 9 SYSTEMPATH\CodeIgniter.php(368): CodeIgniter\CodeIgniter->handleRequest(null, Object(Config\Cache), false)
10 FCPATH\index.php(67): CodeIgniter\CodeIgniter->run()
CRITICAL - 2023-03-22 06:01:35 --> Undefined array key "bank"
in APPPATH\Helpers\school_helper.php on line 72.
 1 APPPATH\Helpers\school_helper.php(72): CodeIgniter\Debug\Exceptions->errorHandler(2, 'Undefined array key "bank"', 'APPPATH\\Helpers\\school_helper.php', 72)
 2 APPPATH\Views\fees\challan_design.php(125): get_organisation_settings('1', 'bank')
 3 SYSTEMPATH\View\View.php(213): include('APPPATH\\Views\\fees\\challan_design.php')
 4 SYSTEMPATH\View\View.php(216): CodeIgniter\View\View->CodeIgniter\View\{closure}()
 5 SYSTEMPATH\Common.php(1184): CodeIgniter\View\View->render('fees/challan_design', [], true)
 6 APPPATH\Controllers\Fees_and_payments.php(1086): view('fees/challan_design', [...])
 7 SYSTEMPATH\CodeIgniter.php(934): App\Controllers\Fees_and_payments->get_challan('31')
 8 SYSTEMPATH\CodeIgniter.php(499): CodeIgniter\CodeIgniter->runController(Object(App\Controllers\Fees_and_payments))
 9 SYSTEMPATH\CodeIgniter.php(368): CodeIgniter\CodeIgniter->handleRequest(null, Object(Config\Cache), false)
10 FCPATH\index.php(67): CodeIgniter\CodeIgniter->run()
CRITICAL - 2023-03-22 06:01:41 --> Undefined array key "bank"
in APPPATH\Helpers\school_helper.php on line 72.
 1 APPPATH\Helpers\school_helper.php(72): CodeIgniter\Debug\Exceptions->errorHandler(2, 'Undefined array key "bank"', 'APPPATH\\Helpers\\school_helper.php', 72)
 2 APPPATH\Views\fees\challan_design.php(125): get_organisation_settings('1', 'bank')
 3 SYSTEMPATH\View\View.php(213): include('APPPATH\\Views\\fees\\challan_design.php')
 4 SYSTEMPATH\View\View.php(216): CodeIgniter\View\View->CodeIgniter\View\{closure}()
 5 SYSTEMPATH\Common.php(1184): CodeIgniter\View\View->render('fees/challan_design', [], true)
 6 APPPATH\Controllers\Fees_and_payments.php(1086): view('fees/challan_design', [...])
 7 SYSTEMPATH\CodeIgniter.php(934): App\Controllers\Fees_and_payments->get_challan('31')
 8 SYSTEMPATH\CodeIgniter.php(499): CodeIgniter\CodeIgniter->runController(Object(App\Controllers\Fees_and_payments))
 9 SYSTEMPATH\CodeIgniter.php(368): CodeIgniter\CodeIgniter->handleRequest(null, Object(Config\Cache), false)
10 FCPATH\index.php(67): CodeIgniter\CodeIgniter->run()
CRITICAL - 2023-03-22 06:11:12 --> Undefined variable $invoice_data
in APPPATH\Views\fees\view_challan.php on line 16.
 1 APPPATH\Views\fees\view_challan.php(16): CodeIgniter\Debug\Exceptions->errorHandler(2, 'Undefined variable $invoice_data', 'APPPATH\\Views\\fees\\view_challan.php', 16)
 2 SYSTEMPATH\View\View.php(213): include('APPPATH\\Views\\fees\\view_challan.php')
 3 SYSTEMPATH\View\View.php(216): CodeIgniter\View\View->CodeIgniter\View\{closure}()
 4 SYSTEMPATH\Common.php(1184): CodeIgniter\View\View->render('fees/view_challan', [], true)
 5 APPPATH\Controllers\Fees_and_payments.php(1043): view('fees/view_challan')
 6 SYSTEMPATH\CodeIgniter.php(934): App\Controllers\Fees_and_payments->view_challan('31')
 7 SYSTEMPATH\CodeIgniter.php(499): CodeIgniter\CodeIgniter->runController(Object(App\Controllers\Fees_and_payments))
 8 SYSTEMPATH\CodeIgniter.php(368): CodeIgniter\CodeIgniter->handleRequest(null, Object(Config\Cache), false)
 9 FCPATH\index.php(67): CodeIgniter\CodeIgniter->run()
CRITICAL - 2023-03-22 06:12:33 --> Undefined variable $invoice_data
in APPPATH\Views\fees\view_challan.php on line 16.
 1 APPPATH\Views\fees\view_challan.php(16): CodeIgniter\Debug\Exceptions->errorHandler(2, 'Undefined variable $invoice_data', 'APPPATH\\Views\\fees\\view_challan.php', 16)
 2 SYSTEMPATH\View\View.php(213): include('APPPATH\\Views\\fees\\view_challan.php')
 3 SYSTEMPATH\View\View.php(216): CodeIgniter\View\View->CodeIgniter\View\{closure}()
 4 SYSTEMPATH\Common.php(1184): CodeIgniter\View\View->render('fees/view_challan', [], true)
 5 APPPATH\Controllers\Fees_and_payments.php(1043): view('fees/view_challan')
 6 SYSTEMPATH\CodeIgniter.php(934): App\Controllers\Fees_and_payments->view_challan('31')
 7 SYSTEMPATH\CodeIgniter.php(499): CodeIgniter\CodeIgniter->runController(Object(App\Controllers\Fees_and_payments))
 8 SYSTEMPATH\CodeIgniter.php(368): CodeIgniter\CodeIgniter->handleRequest(null, Object(Config\Cache), false)
 9 FCPATH\index.php(67): CodeIgniter\CodeIgniter->run()
CRITICAL - 2023-03-22 06:13:58 --> Call to undefined function fees_name()
in APPPATH\Views\fees\view_challan.php on line 16.
 1 SYSTEMPATH\View\View.php(213): include()
 2 SYSTEMPATH\View\View.php(216): CodeIgniter\View\View->CodeIgniter\View\{closure}()
 3 SYSTEMPATH\Common.php(1184): CodeIgniter\View\View->render('fees/view_challan', [], true)
 4 APPPATH\Controllers\Fees_and_payments.php(1043): view('fees/view_challan')
 5 SYSTEMPATH\CodeIgniter.php(934): App\Controllers\Fees_and_payments->view_challan('31')
 6 SYSTEMPATH\CodeIgniter.php(499): CodeIgniter\CodeIgniter->runController(Object(App\Controllers\Fees_and_payments))
 7 SYSTEMPATH\CodeIgniter.php(368): CodeIgniter\CodeIgniter->handleRequest(null, Object(Config\Cache), false)
 8 FCPATH\index.php(67): CodeIgniter\CodeIgniter->run()
CRITICAL - 2023-03-22 06:15:08 --> Call to undefined function get_fees_data()
in APPPATH\Views\fees\view_challan.php on line 16.
 1 SYSTEMPATH\View\View.php(213): include()
 2 SYSTEMPATH\View\View.php(216): CodeIgniter\View\View->CodeIgniter\View\{closure}()
 3 SYSTEMPATH\Common.php(1184): CodeIgniter\View\View->render('fees/view_challan', [], true)
 4 APPPATH\Controllers\Fees_and_payments.php(1043): view('fees/view_challan')
 5 SYSTEMPATH\CodeIgniter.php(934): App\Controllers\Fees_and_payments->view_challan('31')
 6 SYSTEMPATH\CodeIgniter.php(499): CodeIgniter\CodeIgniter->runController(Object(App\Controllers\Fees_and_payments))
 7 SYSTEMPATH\CodeIgniter.php(368): CodeIgniter\CodeIgniter->handleRequest(null, Object(Config\Cache), false)
 8 FCPATH\index.php(67): CodeIgniter\CodeIgniter->run()
CRITICAL - 2023-03-22 06:15:34 --> Class "FeesModel" not found
in APPPATH\Helpers\school_helper.php on line 26.
 1 APPPATH\Views\fees\view_challan.php(16): get_fees_data('1', '290', 'fees_name')
 2 SYSTEMPATH\View\View.php(213): include('APPPATH\\Views\\fees\\view_challan.php')
 3 SYSTEMPATH\View\View.php(216): CodeIgniter\View\View->CodeIgniter\View\{closure}()
 4 SYSTEMPATH\Common.php(1184): CodeIgniter\View\View->render('fees/view_challan', [], true)
 5 APPPATH\Controllers\Fees_and_payments.php(1043): view('fees/view_challan')
 6 SYSTEMPATH\CodeIgniter.php(934): App\Controllers\Fees_and_payments->view_challan('31')
 7 SYSTEMPATH\CodeIgniter.php(499): CodeIgniter\CodeIgniter->runController(Object(App\Controllers\Fees_and_payments))
 8 SYSTEMPATH\CodeIgniter.php(368): CodeIgniter\CodeIgniter->handleRequest(null, Object(Config\Cache), false)
 9 FCPATH\index.php(67): CodeIgniter\CodeIgniter->run()
CRITICAL - 2023-03-22 06:15:58 --> Undefined variable $invoice_id
in APPPATH\Views\fees\view_challan.php on line 52.
 1 APPPATH\Views\fees\view_challan.php(52): CodeIgniter\Debug\Exceptions->errorHandler(2, 'Undefined variable $invoice_id', 'APPPATH\\Views\\fees\\view_challan.php', 52)
 2 SYSTEMPATH\View\View.php(213): include('APPPATH\\Views\\fees\\view_challan.php')
 3 SYSTEMPATH\View\View.php(216): CodeIgniter\View\View->CodeIgniter\View\{closure}()
 4 SYSTEMPATH\Common.php(1184): CodeIgniter\View\View->render('fees/view_challan', [], true)
 5 APPPATH\Controllers\Fees_and_payments.php(1043): view('fees/view_challan')
 6 SYSTEMPATH\CodeIgniter.php(934): App\Controllers\Fees_and_payments->view_challan('31')
 7 SYSTEMPATH\CodeIgniter.php(499): CodeIgniter\CodeIgniter->runController(Object(App\Controllers\Fees_and_payments))
 8 SYSTEMPATH\CodeIgniter.php(368): CodeIgniter\CodeIgniter->handleRequest(null, Object(Config\Cache), false)
 9 FCPATH\index.php(67): CodeIgniter\CodeIgniter->run()
CRITICAL - 2023-03-22 06:16:45 --> Undefined variable $invoice_data
in APPPATH\Views\fees\view_challan.php on line 56.
 1 APPPATH\Views\fees\view_challan.php(56): CodeIgniter\Debug\Exceptions->errorHandler(2, 'Undefined variable $invoice_data', 'APPPATH\\Views\\fees\\view_challan.php', 56)
 2 SYSTEMPATH\View\View.php(213): include('APPPATH\\Views\\fees\\view_challan.php')
 3 SYSTEMPATH\View\View.php(216): CodeIgniter\View\View->CodeIgniter\View\{closure}()
 4 SYSTEMPATH\Common.php(1184): CodeIgniter\View\View->render('fees/view_challan', [], true)
 5 APPPATH\Controllers\Fees_and_payments.php(1043): view('fees/view_challan')
 6 SYSTEMPATH\CodeIgniter.php(934): App\Controllers\Fees_and_payments->view_challan('31')
 7 SYSTEMPATH\CodeIgniter.php(499): CodeIgniter\CodeIgniter->runController(Object(App\Controllers\Fees_and_payments))
 8 SYSTEMPATH\CodeIgniter.php(368): CodeIgniter\CodeIgniter->handleRequest(null, Object(Config\Cache), false)
 9 FCPATH\index.php(67): CodeIgniter\CodeIgniter->run()
CRITICAL - 2023-03-22 06:16:59 --> Undefined variable $invoice_id
in APPPATH\Views\fees\view_challan.php on line 66.
 1 APPPATH\Views\fees\view_challan.php(66): CodeIgniter\Debug\Exceptions->errorHandler(2, 'Undefined variable $invoice_id', 'APPPATH\\Views\\fees\\view_challan.php', 66)
 2 SYSTEMPATH\View\View.php(213): include('APPPATH\\Views\\fees\\view_challan.php')
 3 SYSTEMPATH\View\View.php(216): CodeIgniter\View\View->CodeIgniter\View\{closure}()
 4 SYSTEMPATH\Common.php(1184): CodeIgniter\View\View->render('fees/view_challan', [], true)
 5 APPPATH\Controllers\Fees_and_payments.php(1043): view('fees/view_challan')
 6 SYSTEMPATH\CodeIgniter.php(934): App\Controllers\Fees_and_payments->view_challan('31')
 7 SYSTEMPATH\CodeIgniter.php(499): CodeIgniter\CodeIgniter->runController(Object(App\Controllers\Fees_and_payments))
 8 SYSTEMPATH\CodeIgniter.php(368): CodeIgniter\CodeIgniter->handleRequest(null, Object(Config\Cache), false)
 9 FCPATH\index.php(67): CodeIgniter\CodeIgniter->run()
CRITICAL - 2023-03-22 06:34:01 --> Undefined variable $view_type
in APPPATH\Views\fees\view_challan.php on line 71.
 1 APPPATH\Views\fees\view_challan.php(71): CodeIgniter\Debug\Exceptions->errorHandler(2, 'Undefined variable $view_type', 'APPPATH\\Views\\fees\\view_challan.php', 71)
 2 SYSTEMPATH\View\View.php(213): include('APPPATH\\Views\\fees\\view_challan.php')
 3 SYSTEMPATH\View\View.php(216): CodeIgniter\View\View->CodeIgniter\View\{closure}()
 4 SYSTEMPATH\Common.php(1184): CodeIgniter\View\View->render('fees/view_challan', [], true)
 5 APPPATH\Controllers\Fees_and_payments.php(1043): view('fees/view_challan')
 6 SYSTEMPATH\CodeIgniter.php(934): App\Controllers\Fees_and_payments->view_challan('31')
 7 SYSTEMPATH\CodeIgniter.php(499): CodeIgniter\CodeIgniter->runController(Object(App\Controllers\Fees_and_payments))
 8 SYSTEMPATH\CodeIgniter.php(368): CodeIgniter\CodeIgniter->handleRequest(null, Object(Config\Cache), false)
 9 FCPATH\index.php(67): CodeIgniter\CodeIgniter->run()
CRITICAL - 2023-03-22 06:52:27 --> Undefined array key "subunit_devide"
in APPPATH\Helpers\apanel_helper.php on line 3993.
 1 APPPATH\Helpers\apanel_helper.php(3993): CodeIgniter\Debug\Exceptions->errorHandler(2, 'Undefined array key "subunit_devide"', 'APPPATH\\Helpers\\apanel_helper.php', 3993)
 2 APPPATH\Views\invoices\new_create_invoice.php(173): get_setting('1', 'subunit_devide')
 3 SYSTEMPATH\View\View.php(213): include('APPPATH\\Views\\invoices\\new_create_invoice.php')
 4 SYSTEMPATH\View\View.php(216): CodeIgniter\View\View->CodeIgniter\View\{closure}()
 5 SYSTEMPATH\Common.php(1184): CodeIgniter\View\View->render('invoices/new_create_invoice', [], true)
 6 APPPATH\Controllers\Invoices.php(506): view('invoices/new_create_invoice', [...])
 7 SYSTEMPATH\CodeIgniter.php(934): App\Controllers\Invoices->create_invoice()
 8 SYSTEMPATH\CodeIgniter.php(499): CodeIgniter\CodeIgniter->runController(Object(App\Controllers\Invoices))
 9 SYSTEMPATH\CodeIgniter.php(368): CodeIgniter\CodeIgniter->handleRequest(null, Object(Config\Cache), false)
10 FCPATH\index.php(67): CodeIgniter\CodeIgniter->run()
CRITICAL - 2023-03-22 07:16:51 --> Cannot redeclare send_bundle_sms() (previously declared in C:\xampp\htdocs\SpriteGenix_app\app\Helpers\school_helper.php:43)
in APPPATH\Helpers\school_helper.php on line 345.
 1 [internal function]: CodeIgniter\Debug\Exceptions->shutdownHandler()
CRITICAL - 2023-03-22 08:12:44 --> Undefined array key "bank"
in APPPATH\Helpers\school_helper.php on line 85.
 1 APPPATH\Helpers\school_helper.php(85): CodeIgniter\Debug\Exceptions->errorHandler(2, 'Undefined array key "bank"', 'APPPATH\\Helpers\\school_helper.php', 85)
 2 APPPATH\Views\fees\fees_challan_pdf.php(163): get_organisation_settings('1', 'bank')
 3 SYSTEMPATH\View\View.php(213): include('APPPATH\\Views\\fees\\fees_challan_pdf.php')
 4 SYSTEMPATH\View\View.php(216): CodeIgniter\View\View->CodeIgniter\View\{closure}()
 5 SYSTEMPATH\Common.php(1184): CodeIgniter\View\View->render('fees/fees_challan_pdf', [], true)
 6 APPPATH\Controllers\Fees_and_payments.php(1662): view('fees/fees_challan_pdf', [...])
 7 SYSTEMPATH\CodeIgniter.php(934): App\Controllers\Fees_and_payments->pdf_fees_challan('25')
 8 SYSTEMPATH\CodeIgniter.php(499): CodeIgniter\CodeIgniter->runController(Object(App\Controllers\Fees_and_payments))
 9 SYSTEMPATH\CodeIgniter.php(368): CodeIgniter\CodeIgniter->handleRequest(null, Object(Config\Cache), false)
10 FCPATH\index.php(67): CodeIgniter\CodeIgniter->run()
CRITICAL - 2023-03-22 08:37:42 --> Call to undefined function App\Controllers\is_organisation()
in APPPATH\Controllers\Fees_and_payments.php on line 1874.
 1 SYSTEMPATH\CodeIgniter.php(934): App\Controllers\Fees_and_payments->payments('25')
 2 SYSTEMPATH\CodeIgniter.php(499): CodeIgniter\CodeIgniter->runController(Object(App\Controllers\Fees_and_payments))
 3 SYSTEMPATH\CodeIgniter.php(368): CodeIgniter\CodeIgniter->handleRequest(null, Object(Config\Cache), false)
 4 FCPATH\index.php(67): CodeIgniter\CodeIgniter->run()
ERROR - 2023-03-22 08:38:33 --> mysqli_sql_exception: Illegal parameter data types bigint and row for operation '=' in C:\xampp\htdocs\SpriteGenix_app\system\Database\MySQLi\Connection.php:295
Stack trace:
#0 C:\xampp\htdocs\SpriteGenix_app\system\Database\MySQLi\Connection.php(295): mysqli->query('SELECT *\nFROM `...', 0)
#1 C:\xampp\htdocs\SpriteGenix_app\system\Database\BaseConnection.php(691): CodeIgniter\Database\MySQLi\Connection->execute('SELECT *\nFROM `...')
#2 C:\xampp\htdocs\SpriteGenix_app\system\Database\BaseConnection.php(605): CodeIgniter\Database\BaseConnection->simpleQuery('SELECT *\nFROM `...')
#3 C:\xampp\htdocs\SpriteGenix_app\system\Database\BaseBuilder.php(1616): CodeIgniter\Database\BaseConnection->query('SELECT *\nFROM `...', Array, false)
#4 C:\xampp\htdocs\SpriteGenix_app\system\Model.php(241): CodeIgniter\Database\BaseBuilder->get()
#5 C:\xampp\htdocs\SpriteGenix_app\system\BaseModel.php(618): CodeIgniter\Model->doFindAll(0, 0)
#6 C:\xampp\htdocs\SpriteGenix_app\app\Helpers\apanel_helper.php(3452): CodeIgniter\BaseModel->findAll()
#7 C:\xampp\htdocs\SpriteGenix_app\app\Views\fees\payments.php(27): prefixof('1', Array)
#8 C:\xampp\htdocs\SpriteGenix_app\system\View\View.php(213): include('C:\\xampp\\htdocs...')
#9 C:\xampp\htdocs\SpriteGenix_app\system\View\View.php(216): CodeIgniter\View\View->CodeIgniter\View\{closure}()
#10 C:\xampp\htdocs\SpriteGenix_app\system\Common.php(1184): CodeIgniter\View\View->render('fees/payments', Array, true)
#11 C:\xampp\htdocs\SpriteGenix_app\app\Controllers\Fees_and_payments.php(1906): view('fees/payments')
#12 C:\xampp\htdocs\SpriteGenix_app\system\CodeIgniter.php(934): App\Controllers\Fees_and_payments->payments('25')
#13 C:\xampp\htdocs\SpriteGenix_app\system\CodeIgniter.php(499): CodeIgniter\CodeIgniter->runController(Object(App\Controllers\Fees_and_payments))
#14 C:\xampp\htdocs\SpriteGenix_app\system\CodeIgniter.php(368): CodeIgniter\CodeIgniter->handleRequest(NULL, Object(Config\Cache), false)
#15 C:\xampp\htdocs\SpriteGenix_app\index.php(67): CodeIgniter\CodeIgniter->run()
#16 {main}
CRITICAL - 2023-03-22 08:38:33 --> Illegal parameter data types bigint and row for operation '='
in SYSTEMPATH\Database\BaseConnection.php on line 645.
 1 SYSTEMPATH\Database\BaseBuilder.php(1616): CodeIgniter\Database\BaseConnection->query('SELECT *
FROM `invoices`
WHERE `company_id` = :company_id:
AND `id` = :id:', [...], false)
 2 SYSTEMPATH\Model.php(241): CodeIgniter\Database\BaseBuilder->get()
 3 SYSTEMPATH\BaseModel.php(618): CodeIgniter\Model->doFindAll(0, 0)
 4 APPPATH\Helpers\apanel_helper.php(3452): CodeIgniter\BaseModel->findAll()
 5 APPPATH\Views\fees\payments.php(27): prefixof('1', [...])
 6 SYSTEMPATH\View\View.php(213): include('APPPATH\\Views\\fees\\payments.php')
 7 SYSTEMPATH\View\View.php(216): CodeIgniter\View\View->CodeIgniter\View\{closure}()
 8 SYSTEMPATH\Common.php(1184): CodeIgniter\View\View->render('fees/payments', [], true)
 9 APPPATH\Controllers\Fees_and_payments.php(1906): view('fees/payments')
10 SYSTEMPATH\CodeIgniter.php(934): App\Controllers\Fees_and_payments->payments('25')
11 SYSTEMPATH\CodeIgniter.php(499): CodeIgniter\CodeIgniter->runController(Object(App\Controllers\Fees_and_payments))
12 SYSTEMPATH\CodeIgniter.php(368): CodeIgniter\CodeIgniter->handleRequest(null, Object(Config\Cache), false)
13 FCPATH\index.php(67): CodeIgniter\CodeIgniter->run()
ERROR - 2023-03-22 08:40:13 --> mysqli_sql_exception: Illegal parameter data types bigint and row for operation '=' in C:\xampp\htdocs\SpriteGenix_app\system\Database\MySQLi\Connection.php:295
Stack trace:
#0 C:\xampp\htdocs\SpriteGenix_app\system\Database\MySQLi\Connection.php(295): mysqli->query('SELECT *\nFROM `...', 0)
#1 C:\xampp\htdocs\SpriteGenix_app\system\Database\BaseConnection.php(691): CodeIgniter\Database\MySQLi\Connection->execute('SELECT *\nFROM `...')
#2 C:\xampp\htdocs\SpriteGenix_app\system\Database\BaseConnection.php(605): CodeIgniter\Database\BaseConnection->simpleQuery('SELECT *\nFROM `...')
#3 C:\xampp\htdocs\SpriteGenix_app\system\Database\BaseBuilder.php(1616): CodeIgniter\Database\BaseConnection->query('SELECT *\nFROM `...', Array, false)
#4 C:\xampp\htdocs\SpriteGenix_app\system\Model.php(241): CodeIgniter\Database\BaseBuilder->get()
#5 C:\xampp\htdocs\SpriteGenix_app\system\BaseModel.php(618): CodeIgniter\Model->doFindAll(0, 0)
#6 C:\xampp\htdocs\SpriteGenix_app\app\Helpers\apanel_helper.php(3452): CodeIgniter\BaseModel->findAll()
#7 C:\xampp\htdocs\SpriteGenix_app\app\Views\fees\payments.php(27): prefixof('1', Array)
#8 C:\xampp\htdocs\SpriteGenix_app\system\View\View.php(213): include('C:\\xampp\\htdocs...')
#9 C:\xampp\htdocs\SpriteGenix_app\system\View\View.php(216): CodeIgniter\View\View->CodeIgniter\View\{closure}()
#10 C:\xampp\htdocs\SpriteGenix_app\system\Common.php(1184): CodeIgniter\View\View->render('fees/payments', Array, true)
#11 C:\xampp\htdocs\SpriteGenix_app\app\Controllers\Fees_and_payments.php(1895): view('fees/payments')
#12 C:\xampp\htdocs\SpriteGenix_app\system\CodeIgniter.php(934): App\Controllers\Fees_and_payments->payments('25')
#13 C:\xampp\htdocs\SpriteGenix_app\system\CodeIgniter.php(499): CodeIgniter\CodeIgniter->runController(Object(App\Controllers\Fees_and_payments))
#14 C:\xampp\htdocs\SpriteGenix_app\system\CodeIgniter.php(368): CodeIgniter\CodeIgniter->handleRequest(NULL, Object(Config\Cache), false)
#15 C:\xampp\htdocs\SpriteGenix_app\index.php(67): CodeIgniter\CodeIgniter->run()
#16 {main}
CRITICAL - 2023-03-22 08:40:13 --> Illegal parameter data types bigint and row for operation '='
in SYSTEMPATH\Database\BaseConnection.php on line 645.
 1 SYSTEMPATH\Database\BaseBuilder.php(1616): CodeIgniter\Database\BaseConnection->query('SELECT *
FROM `invoices`
WHERE `company_id` = :company_id:
AND `id` = :id:', [...], false)
 2 SYSTEMPATH\Model.php(241): CodeIgniter\Database\BaseBuilder->get()
 3 SYSTEMPATH\BaseModel.php(618): CodeIgniter\Model->doFindAll(0, 0)
 4 APPPATH\Helpers\apanel_helper.php(3452): CodeIgniter\BaseModel->findAll()
 5 APPPATH\Views\fees\payments.php(27): prefixof('1', [...])
 6 SYSTEMPATH\View\View.php(213): include('APPPATH\\Views\\fees\\payments.php')
 7 SYSTEMPATH\View\View.php(216): CodeIgniter\View\View->CodeIgniter\View\{closure}()
 8 SYSTEMPATH\Common.php(1184): CodeIgniter\View\View->render('fees/payments', [], true)
 9 APPPATH\Controllers\Fees_and_payments.php(1895): view('fees/payments')
10 SYSTEMPATH\CodeIgniter.php(934): App\Controllers\Fees_and_payments->payments('25')
11 SYSTEMPATH\CodeIgniter.php(499): CodeIgniter\CodeIgniter->runController(Object(App\Controllers\Fees_and_payments))
12 SYSTEMPATH\CodeIgniter.php(368): CodeIgniter\CodeIgniter->handleRequest(null, Object(Config\Cache), false)
13 FCPATH\index.php(67): CodeIgniter\CodeIgniter->run()
ERROR - 2023-03-22 08:43:39 --> mysqli_sql_exception: Illegal parameter data types bigint and row for operation '=' in C:\xampp\htdocs\SpriteGenix_app\system\Database\MySQLi\Connection.php:295
Stack trace:
#0 C:\xampp\htdocs\SpriteGenix_app\system\Database\MySQLi\Connection.php(295): mysqli->query('SELECT *\nFROM `...', 0)
#1 C:\xampp\htdocs\SpriteGenix_app\system\Database\BaseConnection.php(691): CodeIgniter\Database\MySQLi\Connection->execute('SELECT *\nFROM `...')
#2 C:\xampp\htdocs\SpriteGenix_app\system\Database\BaseConnection.php(605): CodeIgniter\Database\BaseConnection->simpleQuery('SELECT *\nFROM `...')
#3 C:\xampp\htdocs\SpriteGenix_app\system\Database\BaseBuilder.php(1616): CodeIgniter\Database\BaseConnection->query('SELECT *\nFROM `...', Array, false)
#4 C:\xampp\htdocs\SpriteGenix_app\system\Model.php(241): CodeIgniter\Database\BaseBuilder->get()
#5 C:\xampp\htdocs\SpriteGenix_app\system\BaseModel.php(618): CodeIgniter\Model->doFindAll(0, 0)
#6 C:\xampp\htdocs\SpriteGenix_app\app\Helpers\apanel_helper.php(3452): CodeIgniter\BaseModel->findAll()
#7 C:\xampp\htdocs\SpriteGenix_app\app\Views\fees\payments.php(27): prefixof('1', Array)
#8 C:\xampp\htdocs\SpriteGenix_app\system\View\View.php(213): include('C:\\xampp\\htdocs...')
#9 C:\xampp\htdocs\SpriteGenix_app\system\View\View.php(216): CodeIgniter\View\View->CodeIgniter\View\{closure}()
#10 C:\xampp\htdocs\SpriteGenix_app\system\Common.php(1184): CodeIgniter\View\View->render('fees/payments', Array, true)
#11 C:\xampp\htdocs\SpriteGenix_app\app\Controllers\Fees_and_payments.php(1894): view('fees/payments')
#12 C:\xampp\htdocs\SpriteGenix_app\system\CodeIgniter.php(934): App\Controllers\Fees_and_payments->payments('25')
#13 C:\xampp\htdocs\SpriteGenix_app\system\CodeIgniter.php(499): CodeIgniter\CodeIgniter->runController(Object(App\Controllers\Fees_and_payments))
#14 C:\xampp\htdocs\SpriteGenix_app\system\CodeIgniter.php(368): CodeIgniter\CodeIgniter->handleRequest(NULL, Object(Config\Cache), false)
#15 C:\xampp\htdocs\SpriteGenix_app\index.php(67): CodeIgniter\CodeIgniter->run()
#16 {main}
CRITICAL - 2023-03-22 08:43:39 --> Illegal parameter data types bigint and row for operation '='
in SYSTEMPATH\Database\BaseConnection.php on line 645.
 1 SYSTEMPATH\Database\BaseBuilder.php(1616): CodeIgniter\Database\BaseConnection->query('SELECT *
FROM `invoices`
WHERE `company_id` = :company_id:
AND `id` = :id:', [...], false)
 2 SYSTEMPATH\Model.php(241): CodeIgniter\Database\BaseBuilder->get()
 3 SYSTEMPATH\BaseModel.php(618): CodeIgniter\Model->doFindAll(0, 0)
 4 APPPATH\Helpers\apanel_helper.php(3452): CodeIgniter\BaseModel->findAll()
 5 APPPATH\Views\fees\payments.php(27): prefixof('1', [...])
 6 SYSTEMPATH\View\View.php(213): include('APPPATH\\Views\\fees\\payments.php')
 7 SYSTEMPATH\View\View.php(216): CodeIgniter\View\View->CodeIgniter\View\{closure}()
 8 SYSTEMPATH\Common.php(1184): CodeIgniter\View\View->render('fees/payments', [], true)
 9 APPPATH\Controllers\Fees_and_payments.php(1894): view('fees/payments')
10 SYSTEMPATH\CodeIgniter.php(934): App\Controllers\Fees_and_payments->payments('25')
11 SYSTEMPATH\CodeIgniter.php(499): CodeIgniter\CodeIgniter->runController(Object(App\Controllers\Fees_and_payments))
12 SYSTEMPATH\CodeIgniter.php(368): CodeIgniter\CodeIgniter->handleRequest(null, Object(Config\Cache), false)
13 FCPATH\index.php(67): CodeIgniter\CodeIgniter->run()
ERROR - 2023-03-22 08:45:44 --> mysqli_sql_exception: Illegal parameter data types bigint and row for operation '=' in C:\xampp\htdocs\SpriteGenix_app\system\Database\MySQLi\Connection.php:295
Stack trace:
#0 C:\xampp\htdocs\SpriteGenix_app\system\Database\MySQLi\Connection.php(295): mysqli->query('SELECT *\nFROM `...', 0)
#1 C:\xampp\htdocs\SpriteGenix_app\system\Database\BaseConnection.php(691): CodeIgniter\Database\MySQLi\Connection->execute('SELECT *\nFROM `...')
#2 C:\xampp\htdocs\SpriteGenix_app\system\Database\BaseConnection.php(605): CodeIgniter\Database\BaseConnection->simpleQuery('SELECT *\nFROM `...')
#3 C:\xampp\htdocs\SpriteGenix_app\system\Database\BaseBuilder.php(1616): CodeIgniter\Database\BaseConnection->query('SELECT *\nFROM `...', Array, false)
#4 C:\xampp\htdocs\SpriteGenix_app\system\Model.php(241): CodeIgniter\Database\BaseBuilder->get()
#5 C:\xampp\htdocs\SpriteGenix_app\system\BaseModel.php(618): CodeIgniter\Model->doFindAll(0, 0)
#6 C:\xampp\htdocs\SpriteGenix_app\app\Helpers\apanel_helper.php(3452): CodeIgniter\BaseModel->findAll()
#7 C:\xampp\htdocs\SpriteGenix_app\app\Views\fees\payments.php(27): prefixof('1', Array)
#8 C:\xampp\htdocs\SpriteGenix_app\system\View\View.php(213): include('C:\\xampp\\htdocs...')
#9 C:\xampp\htdocs\SpriteGenix_app\system\View\View.php(216): CodeIgniter\View\View->CodeIgniter\View\{closure}()
#10 C:\xampp\htdocs\SpriteGenix_app\system\Common.php(1184): CodeIgniter\View\View->render('fees/payments', Array, true)
#11 C:\xampp\htdocs\SpriteGenix_app\app\Controllers\Fees_and_payments.php(1894): view('fees/payments')
#12 C:\xampp\htdocs\SpriteGenix_app\system\CodeIgniter.php(934): App\Controllers\Fees_and_payments->payments('25')
#13 C:\xampp\htdocs\SpriteGenix_app\system\CodeIgniter.php(499): CodeIgniter\CodeIgniter->runController(Object(App\Controllers\Fees_and_payments))
#14 C:\xampp\htdocs\SpriteGenix_app\system\CodeIgniter.php(368): CodeIgniter\CodeIgniter->handleRequest(NULL, Object(Config\Cache), false)
#15 C:\xampp\htdocs\SpriteGenix_app\index.php(67): CodeIgniter\CodeIgniter->run()
#16 {main}
CRITICAL - 2023-03-22 08:45:44 --> Illegal parameter data types bigint and row for operation '='
in SYSTEMPATH\Database\BaseConnection.php on line 645.
 1 SYSTEMPATH\Database\BaseBuilder.php(1616): CodeIgniter\Database\BaseConnection->query('SELECT *
FROM `invoices`
WHERE `company_id` = :company_id:
AND `id` = :id:', [...], false)
 2 SYSTEMPATH\Model.php(241): CodeIgniter\Database\BaseBuilder->get()
 3 SYSTEMPATH\BaseModel.php(618): CodeIgniter\Model->doFindAll(0, 0)
 4 APPPATH\Helpers\apanel_helper.php(3452): CodeIgniter\BaseModel->findAll()
 5 APPPATH\Views\fees\payments.php(27): prefixof('1', [...])
 6 SYSTEMPATH\View\View.php(213): include('APPPATH\\Views\\fees\\payments.php')
 7 SYSTEMPATH\View\View.php(216): CodeIgniter\View\View->CodeIgniter\View\{closure}()
 8 SYSTEMPATH\Common.php(1184): CodeIgniter\View\View->render('fees/payments', [], true)
 9 APPPATH\Controllers\Fees_and_payments.php(1894): view('fees/payments')
10 SYSTEMPATH\CodeIgniter.php(934): App\Controllers\Fees_and_payments->payments('25')
11 SYSTEMPATH\CodeIgniter.php(499): CodeIgniter\CodeIgniter->runController(Object(App\Controllers\Fees_and_payments))
12 SYSTEMPATH\CodeIgniter.php(368): CodeIgniter\CodeIgniter->handleRequest(null, Object(Config\Cache), false)
13 FCPATH\index.php(67): CodeIgniter\CodeIgniter->run()
ERROR - 2023-03-22 08:45:46 --> mysqli_sql_exception: Illegal parameter data types bigint and row for operation '=' in C:\xampp\htdocs\SpriteGenix_app\system\Database\MySQLi\Connection.php:295
Stack trace:
#0 C:\xampp\htdocs\SpriteGenix_app\system\Database\MySQLi\Connection.php(295): mysqli->query('SELECT *\nFROM `...', 0)
#1 C:\xampp\htdocs\SpriteGenix_app\system\Database\BaseConnection.php(691): CodeIgniter\Database\MySQLi\Connection->execute('SELECT *\nFROM `...')
#2 C:\xampp\htdocs\SpriteGenix_app\system\Database\BaseConnection.php(605): CodeIgniter\Database\BaseConnection->simpleQuery('SELECT *\nFROM `...')
#3 C:\xampp\htdocs\SpriteGenix_app\system\Database\BaseBuilder.php(1616): CodeIgniter\Database\BaseConnection->query('SELECT *\nFROM `...', Array, false)
#4 C:\xampp\htdocs\SpriteGenix_app\system\Model.php(241): CodeIgniter\Database\BaseBuilder->get()
#5 C:\xampp\htdocs\SpriteGenix_app\system\BaseModel.php(618): CodeIgniter\Model->doFindAll(0, 0)
#6 C:\xampp\htdocs\SpriteGenix_app\app\Helpers\apanel_helper.php(3452): CodeIgniter\BaseModel->findAll()
#7 C:\xampp\htdocs\SpriteGenix_app\app\Views\fees\payments.php(27): prefixof('1', Array)
#8 C:\xampp\htdocs\SpriteGenix_app\system\View\View.php(213): include('C:\\xampp\\htdocs...')
#9 C:\xampp\htdocs\SpriteGenix_app\system\View\View.php(216): CodeIgniter\View\View->CodeIgniter\View\{closure}()
#10 C:\xampp\htdocs\SpriteGenix_app\system\Common.php(1184): CodeIgniter\View\View->render('fees/payments', Array, true)
#11 C:\xampp\htdocs\SpriteGenix_app\app\Controllers\Fees_and_payments.php(1894): view('fees/payments')
#12 C:\xampp\htdocs\SpriteGenix_app\system\CodeIgniter.php(934): App\Controllers\Fees_and_payments->payments('25')
#13 C:\xampp\htdocs\SpriteGenix_app\system\CodeIgniter.php(499): CodeIgniter\CodeIgniter->runController(Object(App\Controllers\Fees_and_payments))
#14 C:\xampp\htdocs\SpriteGenix_app\system\CodeIgniter.php(368): CodeIgniter\CodeIgniter->handleRequest(NULL, Object(Config\Cache), false)
#15 C:\xampp\htdocs\SpriteGenix_app\index.php(67): CodeIgniter\CodeIgniter->run()
#16 {main}
CRITICAL - 2023-03-22 08:45:46 --> Illegal parameter data types bigint and row for operation '='
in SYSTEMPATH\Database\BaseConnection.php on line 645.
 1 SYSTEMPATH\Database\BaseBuilder.php(1616): CodeIgniter\Database\BaseConnection->query('SELECT *
FROM `invoices`
WHERE `company_id` = :company_id:
AND `id` = :id:', [...], false)
 2 SYSTEMPATH\Model.php(241): CodeIgniter\Database\BaseBuilder->get()
 3 SYSTEMPATH\BaseModel.php(618): CodeIgniter\Model->doFindAll(0, 0)
 4 APPPATH\Helpers\apanel_helper.php(3452): CodeIgniter\BaseModel->findAll()
 5 APPPATH\Views\fees\payments.php(27): prefixof('1', [...])
 6 SYSTEMPATH\View\View.php(213): include('APPPATH\\Views\\fees\\payments.php')
 7 SYSTEMPATH\View\View.php(216): CodeIgniter\View\View->CodeIgniter\View\{closure}()
 8 SYSTEMPATH\Common.php(1184): CodeIgniter\View\View->render('fees/payments', [], true)
 9 APPPATH\Controllers\Fees_and_payments.php(1894): view('fees/payments')
10 SYSTEMPATH\CodeIgniter.php(934): App\Controllers\Fees_and_payments->payments('25')
11 SYSTEMPATH\CodeIgniter.php(499): CodeIgniter\CodeIgniter->runController(Object(App\Controllers\Fees_and_payments))
12 SYSTEMPATH\CodeIgniter.php(368): CodeIgniter\CodeIgniter->handleRequest(null, Object(Config\Cache), false)
13 FCPATH\index.php(67): CodeIgniter\CodeIgniter->run()
ERROR - 2023-03-22 08:45:56 --> mysqli_sql_exception: Illegal parameter data types bigint and row for operation '=' in C:\xampp\htdocs\SpriteGenix_app\system\Database\MySQLi\Connection.php:295
Stack trace:
#0 C:\xampp\htdocs\SpriteGenix_app\system\Database\MySQLi\Connection.php(295): mysqli->query('SELECT *\nFROM `...', 0)
#1 C:\xampp\htdocs\SpriteGenix_app\system\Database\BaseConnection.php(691): CodeIgniter\Database\MySQLi\Connection->execute('SELECT *\nFROM `...')
#2 C:\xampp\htdocs\SpriteGenix_app\system\Database\BaseConnection.php(605): CodeIgniter\Database\BaseConnection->simpleQuery('SELECT *\nFROM `...')
#3 C:\xampp\htdocs\SpriteGenix_app\system\Database\BaseBuilder.php(1616): CodeIgniter\Database\BaseConnection->query('SELECT *\nFROM `...', Array, false)
#4 C:\xampp\htdocs\SpriteGenix_app\system\Model.php(241): CodeIgniter\Database\BaseBuilder->get()
#5 C:\xampp\htdocs\SpriteGenix_app\system\BaseModel.php(618): CodeIgniter\Model->doFindAll(0, 0)
#6 C:\xampp\htdocs\SpriteGenix_app\app\Helpers\apanel_helper.php(3452): CodeIgniter\BaseModel->findAll()
#7 C:\xampp\htdocs\SpriteGenix_app\app\Views\fees\payments.php(27): prefixof('1', Array)
#8 C:\xampp\htdocs\SpriteGenix_app\system\View\View.php(213): include('C:\\xampp\\htdocs...')
#9 C:\xampp\htdocs\SpriteGenix_app\system\View\View.php(216): CodeIgniter\View\View->CodeIgniter\View\{closure}()
#10 C:\xampp\htdocs\SpriteGenix_app\system\Common.php(1184): CodeIgniter\View\View->render('fees/payments', Array, true)
#11 C:\xampp\htdocs\SpriteGenix_app\app\Controllers\Fees_and_payments.php(1894): view('fees/payments')
#12 C:\xampp\htdocs\SpriteGenix_app\system\CodeIgniter.php(934): App\Controllers\Fees_and_payments->payments('25')
#13 C:\xampp\htdocs\SpriteGenix_app\system\CodeIgniter.php(499): CodeIgniter\CodeIgniter->runController(Object(App\Controllers\Fees_and_payments))
#14 C:\xampp\htdocs\SpriteGenix_app\system\CodeIgniter.php(368): CodeIgniter\CodeIgniter->handleRequest(NULL, Object(Config\Cache), false)
#15 C:\xampp\htdocs\SpriteGenix_app\index.php(67): CodeIgniter\CodeIgniter->run()
#16 {main}
CRITICAL - 2023-03-22 08:45:56 --> Illegal parameter data types bigint and row for operation '='
in SYSTEMPATH\Database\BaseConnection.php on line 645.
 1 SYSTEMPATH\Database\BaseBuilder.php(1616): CodeIgniter\Database\BaseConnection->query('SELECT *
FROM `invoices`
WHERE `company_id` = :company_id:
AND `id` = :id:', [...], false)
 2 SYSTEMPATH\Model.php(241): CodeIgniter\Database\BaseBuilder->get()
 3 SYSTEMPATH\BaseModel.php(618): CodeIgniter\Model->doFindAll(0, 0)
 4 APPPATH\Helpers\apanel_helper.php(3452): CodeIgniter\BaseModel->findAll()
 5 APPPATH\Views\fees\payments.php(27): prefixof('1', [...])
 6 SYSTEMPATH\View\View.php(213): include('APPPATH\\Views\\fees\\payments.php')
 7 SYSTEMPATH\View\View.php(216): CodeIgniter\View\View->CodeIgniter\View\{closure}()
 8 SYSTEMPATH\Common.php(1184): CodeIgniter\View\View->render('fees/payments', [], true)
 9 APPPATH\Controllers\Fees_and_payments.php(1894): view('fees/payments')
10 SYSTEMPATH\CodeIgniter.php(934): App\Controllers\Fees_and_payments->payments('25')
11 SYSTEMPATH\CodeIgniter.php(499): CodeIgniter\CodeIgniter->runController(Object(App\Controllers\Fees_and_payments))
12 SYSTEMPATH\CodeIgniter.php(368): CodeIgniter\CodeIgniter->handleRequest(null, Object(Config\Cache), false)
13 FCPATH\index.php(67): CodeIgniter\CodeIgniter->run()
ERROR - 2023-03-22 08:46:07 --> mysqli_sql_exception: Illegal parameter data types bigint and row for operation '=' in C:\xampp\htdocs\SpriteGenix_app\system\Database\MySQLi\Connection.php:295
Stack trace:
#0 C:\xampp\htdocs\SpriteGenix_app\system\Database\MySQLi\Connection.php(295): mysqli->query('SELECT *\nFROM `...', 0)
#1 C:\xampp\htdocs\SpriteGenix_app\system\Database\BaseConnection.php(691): CodeIgniter\Database\MySQLi\Connection->execute('SELECT *\nFROM `...')
#2 C:\xampp\htdocs\SpriteGenix_app\system\Database\BaseConnection.php(605): CodeIgniter\Database\BaseConnection->simpleQuery('SELECT *\nFROM `...')
#3 C:\xampp\htdocs\SpriteGenix_app\system\Database\BaseBuilder.php(1616): CodeIgniter\Database\BaseConnection->query('SELECT *\nFROM `...', Array, false)
#4 C:\xampp\htdocs\SpriteGenix_app\system\Model.php(241): CodeIgniter\Database\BaseBuilder->get()
#5 C:\xampp\htdocs\SpriteGenix_app\system\BaseModel.php(618): CodeIgniter\Model->doFindAll(0, 0)
#6 C:\xampp\htdocs\SpriteGenix_app\app\Helpers\apanel_helper.php(3452): CodeIgniter\BaseModel->findAll()
#7 C:\xampp\htdocs\SpriteGenix_app\app\Views\fees\payments.php(27): prefixof('1', Array)
#8 C:\xampp\htdocs\SpriteGenix_app\system\View\View.php(213): include('C:\\xampp\\htdocs...')
#9 C:\xampp\htdocs\SpriteGenix_app\system\View\View.php(216): CodeIgniter\View\View->CodeIgniter\View\{closure}()
#10 C:\xampp\htdocs\SpriteGenix_app\system\Common.php(1184): CodeIgniter\View\View->render('fees/payments', Array, true)
#11 C:\xampp\htdocs\SpriteGenix_app\app\Controllers\Fees_and_payments.php(1894): view('fees/payments')
#12 C:\xampp\htdocs\SpriteGenix_app\system\CodeIgniter.php(934): App\Controllers\Fees_and_payments->payments('25')
#13 C:\xampp\htdocs\SpriteGenix_app\system\CodeIgniter.php(499): CodeIgniter\CodeIgniter->runController(Object(App\Controllers\Fees_and_payments))
#14 C:\xampp\htdocs\SpriteGenix_app\system\CodeIgniter.php(368): CodeIgniter\CodeIgniter->handleRequest(NULL, Object(Config\Cache), false)
#15 C:\xampp\htdocs\SpriteGenix_app\index.php(67): CodeIgniter\CodeIgniter->run()
#16 {main}
CRITICAL - 2023-03-22 08:46:07 --> Illegal parameter data types bigint and row for operation '='
in SYSTEMPATH\Database\BaseConnection.php on line 645.
 1 SYSTEMPATH\Database\BaseBuilder.php(1616): CodeIgniter\Database\BaseConnection->query('SELECT *
FROM `invoices`
WHERE `company_id` = :company_id:
AND `id` = :id:', [...], false)
 2 SYSTEMPATH\Model.php(241): CodeIgniter\Database\BaseBuilder->get()
 3 SYSTEMPATH\BaseModel.php(618): CodeIgniter\Model->doFindAll(0, 0)
 4 APPPATH\Helpers\apanel_helper.php(3452): CodeIgniter\BaseModel->findAll()
 5 APPPATH\Views\fees\payments.php(27): prefixof('1', [...])
 6 SYSTEMPATH\View\View.php(213): include('APPPATH\\Views\\fees\\payments.php')
 7 SYSTEMPATH\View\View.php(216): CodeIgniter\View\View->CodeIgniter\View\{closure}()
 8 SYSTEMPATH\Common.php(1184): CodeIgniter\View\View->render('fees/payments', [], true)
 9 APPPATH\Controllers\Fees_and_payments.php(1894): view('fees/payments')
10 SYSTEMPATH\CodeIgniter.php(934): App\Controllers\Fees_and_payments->payments('25')
11 SYSTEMPATH\CodeIgniter.php(499): CodeIgniter\CodeIgniter->runController(Object(App\Controllers\Fees_and_payments))
12 SYSTEMPATH\CodeIgniter.php(368): CodeIgniter\CodeIgniter->handleRequest(null, Object(Config\Cache), false)
13 FCPATH\index.php(67): CodeIgniter\CodeIgniter->run()
ERROR - 2023-03-22 08:47:24 --> mysqli_sql_exception: Illegal parameter data types bigint and row for operation '=' in C:\xampp\htdocs\SpriteGenix_app\system\Database\MySQLi\Connection.php:295
Stack trace:
#0 C:\xampp\htdocs\SpriteGenix_app\system\Database\MySQLi\Connection.php(295): mysqli->query('SELECT *\nFROM `...', 0)
#1 C:\xampp\htdocs\SpriteGenix_app\system\Database\BaseConnection.php(691): CodeIgniter\Database\MySQLi\Connection->execute('SELECT *\nFROM `...')
#2 C:\xampp\htdocs\SpriteGenix_app\system\Database\BaseConnection.php(605): CodeIgniter\Database\BaseConnection->simpleQuery('SELECT *\nFROM `...')
#3 C:\xampp\htdocs\SpriteGenix_app\system\Database\BaseBuilder.php(1616): CodeIgniter\Database\BaseConnection->query('SELECT *\nFROM `...', Array, false)
#4 C:\xampp\htdocs\SpriteGenix_app\system\Model.php(268): CodeIgniter\Database\BaseBuilder->get()
#5 C:\xampp\htdocs\SpriteGenix_app\system\BaseModel.php(656): CodeIgniter\Model->doFirst()
#6 C:\xampp\htdocs\SpriteGenix_app\app\Helpers\apanel_helper.php(3451): CodeIgniter\BaseModel->first()
#7 C:\xampp\htdocs\SpriteGenix_app\app\Views\fees\payments.php(27): prefixof('1', Array)
#8 C:\xampp\htdocs\SpriteGenix_app\system\View\View.php(213): include('C:\\xampp\\htdocs...')
#9 C:\xampp\htdocs\SpriteGenix_app\system\View\View.php(216): CodeIgniter\View\View->CodeIgniter\View\{closure}()
#10 C:\xampp\htdocs\SpriteGenix_app\system\Common.php(1184): CodeIgniter\View\View->render('fees/payments', Array, true)
#11 C:\xampp\htdocs\SpriteGenix_app\app\Controllers\Fees_and_payments.php(1894): view('fees/payments')
#12 C:\xampp\htdocs\SpriteGenix_app\system\CodeIgniter.php(934): App\Controllers\Fees_and_payments->payments('25')
#13 C:\xampp\htdocs\SpriteGenix_app\system\CodeIgniter.php(499): CodeIgniter\CodeIgniter->runController(Object(App\Controllers\Fees_and_payments))
#14 C:\xampp\htdocs\SpriteGenix_app\system\CodeIgniter.php(368): CodeIgniter\CodeIgniter->handleRequest(NULL, Object(Config\Cache), false)
#15 C:\xampp\htdocs\SpriteGenix_app\index.php(67): CodeIgniter\CodeIgniter->run()
#16 {main}
CRITICAL - 2023-03-22 08:47:24 --> Illegal parameter data types bigint and row for operation '='
in SYSTEMPATH\Database\BaseConnection.php on line 645.
 1 SYSTEMPATH\Database\BaseBuilder.php(1616): CodeIgniter\Database\BaseConnection->query('SELECT *
FROM `invoices`
WHERE `company_id` = :company_id:
AND `id` = :id:
 LIMIT 1', [...], false)
 2 SYSTEMPATH\Model.php(268): CodeIgniter\Database\BaseBuilder->get()
 3 SYSTEMPATH\BaseModel.php(656): CodeIgniter\Model->doFirst()
 4 APPPATH\Helpers\apanel_helper.php(3451): CodeIgniter\BaseModel->first()
 5 APPPATH\Views\fees\payments.php(27): prefixof('1', [...])
 6 SYSTEMPATH\View\View.php(213): include('APPPATH\\Views\\fees\\payments.php')
 7 SYSTEMPATH\View\View.php(216): CodeIgniter\View\View->CodeIgniter\View\{closure}()
 8 SYSTEMPATH\Common.php(1184): CodeIgniter\View\View->render('fees/payments', [], true)
 9 APPPATH\Controllers\Fees_and_payments.php(1894): view('fees/payments')
10 SYSTEMPATH\CodeIgniter.php(934): App\Controllers\Fees_and_payments->payments('25')
11 SYSTEMPATH\CodeIgniter.php(499): CodeIgniter\CodeIgniter->runController(Object(App\Controllers\Fees_and_payments))
12 SYSTEMPATH\CodeIgniter.php(368): CodeIgniter\CodeIgniter->handleRequest(null, Object(Config\Cache), false)
13 FCPATH\index.php(67): CodeIgniter\CodeIgniter->run()
CRITICAL - 2023-03-22 08:48:29 --> Undefined variable $pref
in APPPATH\Helpers\apanel_helper.php on line 3476.
 1 APPPATH\Helpers\apanel_helper.php(3476): CodeIgniter\Debug\Exceptions->errorHandler(2, 'Undefined variable $pref', 'APPPATH\\Helpers\\apanel_helper.php', 3476)
 2 APPPATH\Views\fees\payments.php(27): prefixof('1', [...])
 3 SYSTEMPATH\View\View.php(213): include('APPPATH\\Views\\fees\\payments.php')
 4 SYSTEMPATH\View\View.php(216): CodeIgniter\View\View->CodeIgniter\View\{closure}()
 5 SYSTEMPATH\Common.php(1184): CodeIgniter\View\View->render('fees/payments', [], true)
 6 APPPATH\Controllers\Fees_and_payments.php(1894): view('fees/payments')
 7 SYSTEMPATH\CodeIgniter.php(934): App\Controllers\Fees_and_payments->payments('25')
 8 SYSTEMPATH\CodeIgniter.php(499): CodeIgniter\CodeIgniter->runController(Object(App\Controllers\Fees_and_payments))
 9 SYSTEMPATH\CodeIgniter.php(368): CodeIgniter\CodeIgniter->handleRequest(null, Object(Config\Cache), false)
10 FCPATH\index.php(67): CodeIgniter\CodeIgniter->run()
CRITICAL - 2023-03-22 08:50:14 --> Array to string conversion
in APPPATH\Helpers\apanel_helper.php on line 3479.
 1 APPPATH\Helpers\apanel_helper.php(3479): CodeIgniter\Debug\Exceptions->errorHandler(2, 'Array to string conversion', 'APPPATH\\Helpers\\apanel_helper.php', 3479)
 2 APPPATH\Views\fees\payments.php(27): prefixof('1', [...])
 3 SYSTEMPATH\View\View.php(213): include('APPPATH\\Views\\fees\\payments.php')
 4 SYSTEMPATH\View\View.php(216): CodeIgniter\View\View->CodeIgniter\View\{closure}()
 5 SYSTEMPATH\Common.php(1184): CodeIgniter\View\View->render('fees/payments', [], true)
 6 APPPATH\Controllers\Fees_and_payments.php(1894): view('fees/payments')
 7 SYSTEMPATH\CodeIgniter.php(934): App\Controllers\Fees_and_payments->payments('25')
 8 SYSTEMPATH\CodeIgniter.php(499): CodeIgniter\CodeIgniter->runController(Object(App\Controllers\Fees_and_payments))
 9 SYSTEMPATH\CodeIgniter.php(368): CodeIgniter\CodeIgniter->handleRequest(null, Object(Config\Cache), false)
10 FCPATH\index.php(67): CodeIgniter\CodeIgniter->run()
ERROR - 2023-03-22 08:51:18 --> mysqli_sql_exception: Illegal parameter data types bigint and row for operation '=' in C:\xampp\htdocs\SpriteGenix_app\system\Database\MySQLi\Connection.php:295
Stack trace:
#0 C:\xampp\htdocs\SpriteGenix_app\system\Database\MySQLi\Connection.php(295): mysqli->query('SELECT *\nFROM `...', 0)
#1 C:\xampp\htdocs\SpriteGenix_app\system\Database\BaseConnection.php(691): CodeIgniter\Database\MySQLi\Connection->execute('SELECT *\nFROM `...')
#2 C:\xampp\htdocs\SpriteGenix_app\system\Database\BaseConnection.php(605): CodeIgniter\Database\BaseConnection->simpleQuery('SELECT *\nFROM `...')
#3 C:\xampp\htdocs\SpriteGenix_app\system\Database\BaseBuilder.php(1616): CodeIgniter\Database\BaseConnection->query('SELECT *\nFROM `...', Array, false)
#4 C:\xampp\htdocs\SpriteGenix_app\system\Model.php(268): CodeIgniter\Database\BaseBuilder->get()
#5 C:\xampp\htdocs\SpriteGenix_app\system\BaseModel.php(656): CodeIgniter\Model->doFirst()
#6 C:\xampp\htdocs\SpriteGenix_app\app\Helpers\apanel_helper.php(3451): CodeIgniter\BaseModel->first()
#7 C:\xampp\htdocs\SpriteGenix_app\app\Views\fees\payments.php(27): prefixof('1', Array)
#8 C:\xampp\htdocs\SpriteGenix_app\system\View\View.php(213): include('C:\\xampp\\htdocs...')
#9 C:\xampp\htdocs\SpriteGenix_app\system\View\View.php(216): CodeIgniter\View\View->CodeIgniter\View\{closure}()
#10 C:\xampp\htdocs\SpriteGenix_app\system\Common.php(1184): CodeIgniter\View\View->render('fees/payments', Array, true)
#11 C:\xampp\htdocs\SpriteGenix_app\app\Controllers\Fees_and_payments.php(1894): view('fees/payments')
#12 C:\xampp\htdocs\SpriteGenix_app\system\CodeIgniter.php(934): App\Controllers\Fees_and_payments->payments('25')
#13 C:\xampp\htdocs\SpriteGenix_app\system\CodeIgniter.php(499): CodeIgniter\CodeIgniter->runController(Object(App\Controllers\Fees_and_payments))
#14 C:\xampp\htdocs\SpriteGenix_app\system\CodeIgniter.php(368): CodeIgniter\CodeIgniter->handleRequest(NULL, Object(Config\Cache), false)
#15 C:\xampp\htdocs\SpriteGenix_app\index.php(67): CodeIgniter\CodeIgniter->run()
#16 {main}
CRITICAL - 2023-03-22 08:51:18 --> Illegal parameter data types bigint and row for operation '='
in SYSTEMPATH\Database\BaseConnection.php on line 645.
 1 SYSTEMPATH\Database\BaseBuilder.php(1616): CodeIgniter\Database\BaseConnection->query('SELECT *
FROM `invoices`
WHERE `company_id` = :company_id:
AND `id` = :id:
 LIMIT 1', [...], false)
 2 SYSTEMPATH\Model.php(268): CodeIgniter\Database\BaseBuilder->get()
 3 SYSTEMPATH\BaseModel.php(656): CodeIgniter\Model->doFirst()
 4 APPPATH\Helpers\apanel_helper.php(3451): CodeIgniter\BaseModel->first()
 5 APPPATH\Views\fees\payments.php(27): prefixof('1', [...])
 6 SYSTEMPATH\View\View.php(213): include('APPPATH\\Views\\fees\\payments.php')
 7 SYSTEMPATH\View\View.php(216): CodeIgniter\View\View->CodeIgniter\View\{closure}()
 8 SYSTEMPATH\Common.php(1184): CodeIgniter\View\View->render('fees/payments', [], true)
 9 APPPATH\Controllers\Fees_and_payments.php(1894): view('fees/payments')
10 SYSTEMPATH\CodeIgniter.php(934): App\Controllers\Fees_and_payments->payments('25')
11 SYSTEMPATH\CodeIgniter.php(499): CodeIgniter\CodeIgniter->runController(Object(App\Controllers\Fees_and_payments))
12 SYSTEMPATH\CodeIgniter.php(368): CodeIgniter\CodeIgniter->handleRequest(null, Object(Config\Cache), false)
13 FCPATH\index.php(67): CodeIgniter\CodeIgniter->run()
CRITICAL - 2023-03-22 08:51:54 --> Array to string conversion
in APPPATH\Views\fees\payments.php on line 27.
 1 APPPATH\Views\fees\payments.php(27): CodeIgniter\Debug\Exceptions->errorHandler(2, 'Array to string conversion', 'APPPATH\\Views\\fees\\payments.php', 27)
 2 SYSTEMPATH\View\View.php(213): include('APPPATH\\Views\\fees\\payments.php')
 3 SYSTEMPATH\View\View.php(216): CodeIgniter\View\View->CodeIgniter\View\{closure}()
 4 SYSTEMPATH\Common.php(1184): CodeIgniter\View\View->render('fees/payments', [], true)
 5 APPPATH\Controllers\Fees_and_payments.php(1894): view('fees/payments')
 6 SYSTEMPATH\CodeIgniter.php(934): App\Controllers\Fees_and_payments->payments('25')
 7 SYSTEMPATH\CodeIgniter.php(499): CodeIgniter\CodeIgniter->runController(Object(App\Controllers\Fees_and_payments))
 8 SYSTEMPATH\CodeIgniter.php(368): CodeIgniter\CodeIgniter->handleRequest(null, Object(Config\Cache), false)
 9 FCPATH\index.php(67): CodeIgniter\CodeIgniter->run()
ERROR - 2023-03-22 08:52:21 --> mysqli_sql_exception: Illegal parameter data types bigint and row for operation '=' in C:\xampp\htdocs\SpriteGenix_app\system\Database\MySQLi\Connection.php:295
Stack trace:
#0 C:\xampp\htdocs\SpriteGenix_app\system\Database\MySQLi\Connection.php(295): mysqli->query('SELECT *\nFROM `...', 0)
#1 C:\xampp\htdocs\SpriteGenix_app\system\Database\BaseConnection.php(691): CodeIgniter\Database\MySQLi\Connection->execute('SELECT *\nFROM `...')
#2 C:\xampp\htdocs\SpriteGenix_app\system\Database\BaseConnection.php(605): CodeIgniter\Database\BaseConnection->simpleQuery('SELECT *\nFROM `...')
#3 C:\xampp\htdocs\SpriteGenix_app\system\Database\BaseBuilder.php(1616): CodeIgniter\Database\BaseConnection->query('SELECT *\nFROM `...', Array, false)
#4 C:\xampp\htdocs\SpriteGenix_app\system\Model.php(268): CodeIgniter\Database\BaseBuilder->get()
#5 C:\xampp\htdocs\SpriteGenix_app\system\BaseModel.php(656): CodeIgniter\Model->doFirst()
#6 C:\xampp\htdocs\SpriteGenix_app\app\Helpers\apanel_helper.php(3451): CodeIgniter\BaseModel->first()
#7 C:\xampp\htdocs\SpriteGenix_app\app\Views\fees\payments.php(27): prefixof('1', Array)
#8 C:\xampp\htdocs\SpriteGenix_app\system\View\View.php(213): include('C:\\xampp\\htdocs...')
#9 C:\xampp\htdocs\SpriteGenix_app\system\View\View.php(216): CodeIgniter\View\View->CodeIgniter\View\{closure}()
#10 C:\xampp\htdocs\SpriteGenix_app\system\Common.php(1184): CodeIgniter\View\View->render('fees/payments', Array, true)
#11 C:\xampp\htdocs\SpriteGenix_app\app\Controllers\Fees_and_payments.php(1894): view('fees/payments')
#12 C:\xampp\htdocs\SpriteGenix_app\system\CodeIgniter.php(934): App\Controllers\Fees_and_payments->payments('25')
#13 C:\xampp\htdocs\SpriteGenix_app\system\CodeIgniter.php(499): CodeIgniter\CodeIgniter->runController(Object(App\Controllers\Fees_and_payments))
#14 C:\xampp\htdocs\SpriteGenix_app\system\CodeIgniter.php(368): CodeIgniter\CodeIgniter->handleRequest(NULL, Object(Config\Cache), false)
#15 C:\xampp\htdocs\SpriteGenix_app\index.php(67): CodeIgniter\CodeIgniter->run()
#16 {main}
CRITICAL - 2023-03-22 08:52:21 --> Illegal parameter data types bigint and row for operation '='
in SYSTEMPATH\Database\BaseConnection.php on line 645.
 1 SYSTEMPATH\Database\BaseBuilder.php(1616): CodeIgniter\Database\BaseConnection->query('SELECT *
FROM `invoices`
WHERE `company_id` = :company_id:
AND `id` = :id:
 LIMIT 1', [...], false)
 2 SYSTEMPATH\Model.php(268): CodeIgniter\Database\BaseBuilder->get()
 3 SYSTEMPATH\BaseModel.php(656): CodeIgniter\Model->doFirst()
 4 APPPATH\Helpers\apanel_helper.php(3451): CodeIgniter\BaseModel->first()
 5 APPPATH\Views\fees\payments.php(27): prefixof('1', [...])
 6 SYSTEMPATH\View\View.php(213): include('APPPATH\\Views\\fees\\payments.php')
 7 SYSTEMPATH\View\View.php(216): CodeIgniter\View\View->CodeIgniter\View\{closure}()
 8 SYSTEMPATH\Common.php(1184): CodeIgniter\View\View->render('fees/payments', [], true)
 9 APPPATH\Controllers\Fees_and_payments.php(1894): view('fees/payments')
10 SYSTEMPATH\CodeIgniter.php(934): App\Controllers\Fees_and_payments->payments('25')
11 SYSTEMPATH\CodeIgniter.php(499): CodeIgniter\CodeIgniter->runController(Object(App\Controllers\Fees_and_payments))
12 SYSTEMPATH\CodeIgniter.php(368): CodeIgniter\CodeIgniter->handleRequest(null, Object(Config\Cache), false)
13 FCPATH\index.php(67): CodeIgniter\CodeIgniter->run()
CRITICAL - 2023-03-22 08:53:17 --> Undefined variable $invoice_data
in APPPATH\Controllers\Fees_and_payments.php on line 1882.
 1 APPPATH\Controllers\Fees_and_payments.php(1882): CodeIgniter\Debug\Exceptions->errorHandler(2, 'Undefined variable $invoice_data', 'APPPATH\\Controllers\\Fees_and_payments.php', 1882)
 2 SYSTEMPATH\CodeIgniter.php(934): App\Controllers\Fees_and_payments->payments('25')
 3 SYSTEMPATH\CodeIgniter.php(499): CodeIgniter\CodeIgniter->runController(Object(App\Controllers\Fees_and_payments))
 4 SYSTEMPATH\CodeIgniter.php(368): CodeIgniter\CodeIgniter->handleRequest(null, Object(Config\Cache), false)
 5 FCPATH\index.php(67): CodeIgniter\CodeIgniter->run()
CRITICAL - 2023-03-22 08:53:33 --> Cannot access offset of type string on string
in APPPATH\Views\fees\payments.php on line 27.
 1 SYSTEMPATH\View\View.php(213): include()
 2 SYSTEMPATH\View\View.php(216): CodeIgniter\View\View->CodeIgniter\View\{closure}()
 3 SYSTEMPATH\Common.php(1184): CodeIgniter\View\View->render('fees/payments', [], true)
 4 APPPATH\Controllers\Fees_and_payments.php(1894): view('fees/payments')
 5 SYSTEMPATH\CodeIgniter.php(934): App\Controllers\Fees_and_payments->payments('25')
 6 SYSTEMPATH\CodeIgniter.php(499): CodeIgniter\CodeIgniter->runController(Object(App\Controllers\Fees_and_payments))
 7 SYSTEMPATH\CodeIgniter.php(368): CodeIgniter\CodeIgniter->handleRequest(null, Object(Config\Cache), false)
 8 FCPATH\index.php(67): CodeIgniter\CodeIgniter->run()
CRITICAL - 2023-03-22 08:54:44 --> Cannot access offset of type string on string
in APPPATH\Views\fees\payments.php on line 27.
 1 SYSTEMPATH\View\View.php(213): include()
 2 SYSTEMPATH\View\View.php(216): CodeIgniter\View\View->CodeIgniter\View\{closure}()
 3 SYSTEMPATH\Common.php(1184): CodeIgniter\View\View->render('fees/payments', [], true)
 4 APPPATH\Controllers\Fees_and_payments.php(1893): view('fees/payments')
 5 SYSTEMPATH\CodeIgniter.php(934): App\Controllers\Fees_and_payments->payments('25')
 6 SYSTEMPATH\CodeIgniter.php(499): CodeIgniter\CodeIgniter->runController(Object(App\Controllers\Fees_and_payments))
 7 SYSTEMPATH\CodeIgniter.php(368): CodeIgniter\CodeIgniter->handleRequest(null, Object(Config\Cache), false)
 8 FCPATH\index.php(67): CodeIgniter\CodeIgniter->run()
CRITICAL - 2023-03-22 08:55:15 --> Cannot access offset of type string on string
in APPPATH\Views\fees\payments.php on line 95.
 1 SYSTEMPATH\View\View.php(213): include()
 2 SYSTEMPATH\View\View.php(216): CodeIgniter\View\View->CodeIgniter\View\{closure}()
 3 SYSTEMPATH\Common.php(1184): CodeIgniter\View\View->render('fees/payments', [], true)
 4 APPPATH\Controllers\Fees_and_payments.php(1893): view('fees/payments')
 5 SYSTEMPATH\CodeIgniter.php(934): App\Controllers\Fees_and_payments->payments('25')
 6 SYSTEMPATH\CodeIgniter.php(499): CodeIgniter\CodeIgniter->runController(Object(App\Controllers\Fees_and_payments))
 7 SYSTEMPATH\CodeIgniter.php(368): CodeIgniter\CodeIgniter->handleRequest(null, Object(Config\Cache), false)
 8 FCPATH\index.php(67): CodeIgniter\CodeIgniter->run()
CRITICAL - 2023-03-22 08:56:07 --> Cannot access offset of type string on string
in APPPATH\Views\fees\payments.php on line 29.
 1 SYSTEMPATH\View\View.php(213): include()
 2 SYSTEMPATH\View\View.php(216): CodeIgniter\View\View->CodeIgniter\View\{closure}()
 3 SYSTEMPATH\Common.php(1184): CodeIgniter\View\View->render('fees/payments', [], true)
 4 APPPATH\Controllers\Fees_and_payments.php(1893): view('fees/payments')
 5 SYSTEMPATH\CodeIgniter.php(934): App\Controllers\Fees_and_payments->payments('25')
 6 SYSTEMPATH\CodeIgniter.php(499): CodeIgniter\CodeIgniter->runController(Object(App\Controllers\Fees_and_payments))
 7 SYSTEMPATH\CodeIgniter.php(368): CodeIgniter\CodeIgniter->handleRequest(null, Object(Config\Cache), false)
 8 FCPATH\index.php(67): CodeIgniter\CodeIgniter->run()
CRITICAL - 2023-03-22 08:56:54 --> Cannot access offset of type string on string
in APPPATH\Views\fees\payments.php on line 29.
 1 SYSTEMPATH\View\View.php(213): include()
 2 SYSTEMPATH\View\View.php(216): CodeIgniter\View\View->CodeIgniter\View\{closure}()
 3 SYSTEMPATH\Common.php(1184): CodeIgniter\View\View->render('fees/payments', [], true)
 4 APPPATH\Controllers\Fees_and_payments.php(1893): view('fees/payments')
 5 SYSTEMPATH\CodeIgniter.php(934): App\Controllers\Fees_and_payments->payments('25')
 6 SYSTEMPATH\CodeIgniter.php(499): CodeIgniter\CodeIgniter->runController(Object(App\Controllers\Fees_and_payments))
 7 SYSTEMPATH\CodeIgniter.php(368): CodeIgniter\CodeIgniter->handleRequest(null, Object(Config\Cache), false)
 8 FCPATH\index.php(67): CodeIgniter\CodeIgniter->run()
CRITICAL - 2023-03-22 08:57:26 --> Cannot access offset of type string on string
in APPPATH\Views\fees\payments.php on line 29.
 1 SYSTEMPATH\View\View.php(213): include()
 2 SYSTEMPATH\View\View.php(216): CodeIgniter\View\View->CodeIgniter\View\{closure}()
 3 SYSTEMPATH\Common.php(1184): CodeIgniter\View\View->render('fees/payments', [], true)
 4 APPPATH\Controllers\Fees_and_payments.php(1893): view('fees/payments')
 5 SYSTEMPATH\CodeIgniter.php(934): App\Controllers\Fees_and_payments->payments('25')
 6 SYSTEMPATH\CodeIgniter.php(499): CodeIgniter\CodeIgniter->runController(Object(App\Controllers\Fees_and_payments))
 7 SYSTEMPATH\CodeIgniter.php(368): CodeIgniter\CodeIgniter->handleRequest(null, Object(Config\Cache), false)
 8 FCPATH\index.php(67): CodeIgniter\CodeIgniter->run()
CRITICAL - 2023-03-22 08:57:32 --> Cannot access offset of type string on string
in APPPATH\Views\fees\payments.php on line 29.
 1 SYSTEMPATH\View\View.php(213): include()
 2 SYSTEMPATH\View\View.php(216): CodeIgniter\View\View->CodeIgniter\View\{closure}()
 3 SYSTEMPATH\Common.php(1184): CodeIgniter\View\View->render('fees/payments', [], true)
 4 APPPATH\Controllers\Fees_and_payments.php(1893): view('fees/payments')
 5 SYSTEMPATH\CodeIgniter.php(934): App\Controllers\Fees_and_payments->payments('25')
 6 SYSTEMPATH\CodeIgniter.php(499): CodeIgniter\CodeIgniter->runController(Object(App\Controllers\Fees_and_payments))
 7 SYSTEMPATH\CodeIgniter.php(368): CodeIgniter\CodeIgniter->handleRequest(null, Object(Config\Cache), false)
 8 FCPATH\index.php(67): CodeIgniter\CodeIgniter->run()
CRITICAL - 2023-03-22 08:58:27 --> Cannot access offset of type string on string
in APPPATH\Views\fees\payments.php on line 29.
 1 SYSTEMPATH\View\View.php(213): include()
 2 SYSTEMPATH\View\View.php(216): CodeIgniter\View\View->CodeIgniter\View\{closure}()
 3 SYSTEMPATH\Common.php(1184): CodeIgniter\View\View->render('fees/payments', [], true)
 4 APPPATH\Controllers\Fees_and_payments.php(1893): view('fees/payments')
 5 SYSTEMPATH\CodeIgniter.php(934): App\Controllers\Fees_and_payments->payments('25')
 6 SYSTEMPATH\CodeIgniter.php(499): CodeIgniter\CodeIgniter->runController(Object(App\Controllers\Fees_and_payments))
 7 SYSTEMPATH\CodeIgniter.php(368): CodeIgniter\CodeIgniter->handleRequest(null, Object(Config\Cache), false)
 8 FCPATH\index.php(67): CodeIgniter\CodeIgniter->run()
CRITICAL - 2023-03-22 08:58:28 --> Cannot access offset of type string on string
in APPPATH\Views\fees\payments.php on line 29.
 1 SYSTEMPATH\View\View.php(213): include()
 2 SYSTEMPATH\View\View.php(216): CodeIgniter\View\View->CodeIgniter\View\{closure}()
 3 SYSTEMPATH\Common.php(1184): CodeIgniter\View\View->render('fees/payments', [], true)
 4 APPPATH\Controllers\Fees_and_payments.php(1893): view('fees/payments')
 5 SYSTEMPATH\CodeIgniter.php(934): App\Controllers\Fees_and_payments->payments('25')
 6 SYSTEMPATH\CodeIgniter.php(499): CodeIgniter\CodeIgniter->runController(Object(App\Controllers\Fees_and_payments))
 7 SYSTEMPATH\CodeIgniter.php(368): CodeIgniter\CodeIgniter->handleRequest(null, Object(Config\Cache), false)
 8 FCPATH\index.php(67): CodeIgniter\CodeIgniter->run()
CRITICAL - 2023-03-22 08:58:56 --> Array to string conversion
in APPPATH\Views\fees\payments.php on line 27.
 1 APPPATH\Views\fees\payments.php(27): CodeIgniter\Debug\Exceptions->errorHandler(2, 'Array to string conversion', 'APPPATH\\Views\\fees\\payments.php', 27)
 2 SYSTEMPATH\View\View.php(213): include('APPPATH\\Views\\fees\\payments.php')
 3 SYSTEMPATH\View\View.php(216): CodeIgniter\View\View->CodeIgniter\View\{closure}()
 4 SYSTEMPATH\Common.php(1184): CodeIgniter\View\View->render('fees/payments', [], true)
 5 APPPATH\Controllers\Fees_and_payments.php(1894): view('fees/payments')
 6 SYSTEMPATH\CodeIgniter.php(934): App\Controllers\Fees_and_payments->payments('25')
 7 SYSTEMPATH\CodeIgniter.php(499): CodeIgniter\CodeIgniter->runController(Object(App\Controllers\Fees_and_payments))
 8 SYSTEMPATH\CodeIgniter.php(368): CodeIgniter\CodeIgniter->handleRequest(null, Object(Config\Cache), false)
 9 FCPATH\index.php(67): CodeIgniter\CodeIgniter->run()
CRITICAL - 2023-03-22 09:04:41 --> Call to undefined function App\Controllers\is_organisation()
in APPPATH\Controllers\Fees_and_payments.php on line 2405.
 1 SYSTEMPATH\CodeIgniter.php(934): App\Controllers\Fees_and_payments->get_payment_form('25')
 2 SYSTEMPATH\CodeIgniter.php(499): CodeIgniter\CodeIgniter->runController(Object(App\Controllers\Fees_and_payments))
 3 SYSTEMPATH\CodeIgniter.php(368): CodeIgniter\CodeIgniter->handleRequest(null, Object(Config\Cache), false)
 4 FCPATH\index.php(67): CodeIgniter\CodeIgniter->run()
CRITICAL - 2023-03-22 09:07:28 --> Call to undefined function get_next_unpaid_installment_data()
in APPPATH\Views\fees\add_payment_form.php on line 257.
 1 SYSTEMPATH\View\View.php(213): include()
 2 SYSTEMPATH\View\View.php(216): CodeIgniter\View\View->CodeIgniter\View\{closure}()
 3 SYSTEMPATH\Common.php(1184): CodeIgniter\View\View->render('fees/add_payment_form', [], true)
 4 APPPATH\Controllers\Fees_and_payments.php(2424): view('fees/add_payment_form', [...])
 5 SYSTEMPATH\CodeIgniter.php(934): App\Controllers\Fees_and_payments->get_payment_form('25')
 6 SYSTEMPATH\CodeIgniter.php(499): CodeIgniter\CodeIgniter->runController(Object(App\Controllers\Fees_and_payments))
 7 SYSTEMPATH\CodeIgniter.php(368): CodeIgniter\CodeIgniter->handleRequest(null, Object(Config\Cache), false)
 8 FCPATH\index.php(67): CodeIgniter\CodeIgniter->run()
CRITICAL - 2023-03-22 09:07:36 --> Call to undefined function get_next_unpaid_installment_data()
in APPPATH\Views\fees\add_payment_form.php on line 257.
 1 SYSTEMPATH\View\View.php(213): include()
 2 SYSTEMPATH\View\View.php(216): CodeIgniter\View\View->CodeIgniter\View\{closure}()
 3 SYSTEMPATH\Common.php(1184): CodeIgniter\View\View->render('fees/add_payment_form', [], true)
 4 APPPATH\Controllers\Fees_and_payments.php(2424): view('fees/add_payment_form', [...])
 5 SYSTEMPATH\CodeIgniter.php(934): App\Controllers\Fees_and_payments->get_payment_form('25')
 6 SYSTEMPATH\CodeIgniter.php(499): CodeIgniter\CodeIgniter->runController(Object(App\Controllers\Fees_and_payments))
 7 SYSTEMPATH\CodeIgniter.php(368): CodeIgniter\CodeIgniter->handleRequest(null, Object(Config\Cache), false)
 8 FCPATH\index.php(67): CodeIgniter\CodeIgniter->run()
CRITICAL - 2023-03-22 09:30:06 --> Undefined variable $invoice_data
in APPPATH\Views\fees\payments.php on line 16.
 1 APPPATH\Views\fees\payments.php(16): CodeIgniter\Debug\Exceptions->errorHandler(2, 'Undefined variable $invoice_data', 'APPPATH\\Views\\fees\\payments.php', 16)
 2 SYSTEMPATH\View\View.php(213): include('APPPATH\\Views\\fees\\payments.php')
 3 SYSTEMPATH\View\View.php(216): CodeIgniter\View\View->CodeIgniter\View\{closure}()
 4 SYSTEMPATH\Common.php(1184): CodeIgniter\View\View->render('fees/payments', [], true)
 5 APPPATH\Controllers\Fees_and_payments.php(1894): view('fees/payments')
 6 SYSTEMPATH\CodeIgniter.php(934): App\Controllers\Fees_and_payments->payments('25')
 7 SYSTEMPATH\CodeIgniter.php(499): CodeIgniter\CodeIgniter->runController(Object(App\Controllers\Fees_and_payments))
 8 SYSTEMPATH\CodeIgniter.php(368): CodeIgniter\CodeIgniter->handleRequest(null, Object(Config\Cache), false)
 9 FCPATH\index.php(67): CodeIgniter\CodeIgniter->run()
CRITICAL - 2023-03-22 09:31:01 --> Undefined variable $invoice_data
in APPPATH\Views\fees\payments.php on line 84.
 1 APPPATH\Views\fees\payments.php(84): CodeIgniter\Debug\Exceptions->errorHandler(2, 'Undefined variable $invoice_data', 'APPPATH\\Views\\fees\\payments.php', 84)
 2 SYSTEMPATH\View\View.php(213): include('APPPATH\\Views\\fees\\payments.php')
 3 SYSTEMPATH\View\View.php(216): CodeIgniter\View\View->CodeIgniter\View\{closure}()
 4 SYSTEMPATH\Common.php(1184): CodeIgniter\View\View->render('fees/payments', [], true)
 5 APPPATH\Controllers\Fees_and_payments.php(1894): view('fees/payments')
 6 SYSTEMPATH\CodeIgniter.php(934): App\Controllers\Fees_and_payments->payments('25')
 7 SYSTEMPATH\CodeIgniter.php(499): CodeIgniter\CodeIgniter->runController(Object(App\Controllers\Fees_and_payments))
 8 SYSTEMPATH\CodeIgniter.php(368): CodeIgniter\CodeIgniter->handleRequest(null, Object(Config\Cache), false)
 9 FCPATH\index.php(67): CodeIgniter\CodeIgniter->run()
